
Gurobi 12.0.2 (linux64, C++) logging started Thu Jun 19 08:00:21 2025

Set parameter LogFile to value "log/instances/scenario1/correlated_sc1/700/kpfs_10.txt.log"

Gurobi 12.0.2 (linux64, C++) logging started Thu Jun 19 08:01:43 2025

Set parameter LogFile to value "log/instances/scenario1/correlated_sc1/700/kpfs_10.txt.log"

Gurobi 12.0.2 (linux64, C++) logging started Thu Jun 19 08:02:54 2025

Set parameter LogFile to value "log/instances/scenario1/correlated_sc1/700/kpfs_10.txt.log"

Gurobi 12.0.2 (linux64, C++) logging started Thu Jun 19 08:03:58 2025

Set parameter LogFile to value "log/instances/scenario1/correlated_sc1/700/kpfs_10.txt.log"

Gurobi 12.0.2 (linux64, C++) logging started Thu Jun 19 23:07:25 2025

Set parameter WLSAccessID
Set parameter WLSSecret
Set parameter LicenseID to value 2679381
Set parameter LogFile to value "log/instances/scenario1/correlated_sc1/700/kpfs_10.txt.log"
Academic license 2679381 - for non-commercial use only - registered to be___@poli.ufrj.br
Set parameter TimeLimit to value 1800
Set parameter Threads to value 1
Gurobi Optimizer version 12.0.2 build v12.0.2rc0 (linux64 - "Ubuntu 24.04.1 LTS")

CPU model: 13th Gen Intel(R) Core(TM) i7-1355U, instruction set [SSE2|AVX|AVX2]
Thread count: 6 physical cores, 12 logical processors, using up to 1 threads

Non-default parameters:
TimeLimit  1800
Threads  1

Academic license 2679381 - for non-commercial use only - registered to be___@poli.ufrj.br
Optimize a model with 3502 rows, 4200 columns and 35747 nonzeros
Model fingerprint: 0xf4ba35a8
Variable types: 0 continuous, 4200 integer (700 binary)
Coefficient statistics:
  Matrix range     [1e+00, 3e+01]
  Objective range  [1e+00, 4e+01]
  Bounds range     [1e+00, 1e+01]
  RHS range        [1e+00, 1e+03]
Found heuristic solution: objective 333.0000000
Presolve removed 0 rows and 48 columns
Presolve time: 0.29s
Presolved: 3502 rows, 4152 columns, 35651 nonzeros
Variable types: 0 continuous, 4152 integer (911 binary)

Root simplex log...

Iteration    Objective       Primal Inf.    Dual Inf.      Time
    3494    1.7186752e+03   2.024729e+03   0.000000e+00      5s
    5764    1.6493608e+03   8.661870e+02   0.000000e+00     10s
    8184    1.6107625e+03   5.277251e+00   0.000000e+00     15s
    8297    1.6106572e+03   0.000000e+00   0.000000e+00     15s

Root relaxation: objective 1.610657e+03, 8297 iterations, 15.09 seconds (5.68 work units)

    Nodes    |    Current Node    |     Objective Bounds      |     Work
 Expl Unexpl |  Obj  Depth IntInf | Incumbent    BestBd   Gap | It/Node Time

     0     0 1610.65721    0  563  333.00000 1610.65721   384%     -   15s
H    0     0                     334.0000000 1610.65721   382%     -   15s
H    0     0                     354.0000000 1610.65721   355%     -   16s
H    0     0                     360.0000000 1610.65721   347%     -   16s
H    0     0                     400.0000000 1610.65721   303%     -   16s
H    0     0                     503.0000000 1610.65721   220%     -   16s
H    0     0                     505.0000000 1610.65721   219%     -   18s
H    0     0                     528.0000000 1610.65721   205%     -   23s
H    0     0                     591.0000000 1610.65721   173%     -   27s
H    0     0                     603.0000000 1610.65721   167%     -   27s
H    0     0                     630.0000000 1610.65721   156%     -   27s
     0     0 1610.09836    0  553  630.00000 1610.09836   156%     -   34s
H    0     0                     641.0000000 1610.09784   151%     -   38s
H    0     0                     648.0000000 1610.09784   148%     -   52s
H    0     0                     691.0000000 1610.09784   133%     -   68s
     0     0 1610.04236    0  553  691.00000 1610.04236   133%     -   68s
     0     0 1609.59990    0  551  691.00000 1609.59990   133%     -   69s
     0     0 1609.54007    0  548  691.00000 1609.54007   133%     -   69s
     0     0 1609.53421    0  549  691.00000 1609.53421   133%     -   69s
     0     0 1609.51779    0  551  691.00000 1609.51779   133%     -   79s
     0     2 1609.50227    0  551  691.00000 1609.50227   133%     -  108s
     1     3 1604.90263    1  559  691.00000 1609.48617   133%   763  110s
     3     5 1600.49122    2  561  691.00000 1604.86654   132%  1201  115s
     6     8 1492.37814    3  528  691.00000 1597.71639   131%  1548  122s
     8    10 1502.50793    4  534  691.00000 1593.28755   131%  1568  128s
    10    12 1444.71336    5  485  691.00000 1590.94259   130%  1834  135s
    12    14 1492.30691    6  520  691.00000 1586.97548   130%  1958  141s
    17    19 1447.84107   10  501  691.00000 1586.87812   130%  1609  146s
    19    21 1484.64704   11  526  691.00000 1586.87812   130%  1684  151s
    21    23 1476.95412   12  523  691.00000 1586.87812   130%  1666  156s
    24    26 1445.91753   14  511  691.00000 1586.87812   130%  1600  161s
    26    28 1477.10043   15  510  691.00000 1586.87812   130%  1661  168s
    30    32 1564.06703   19  548  691.00000 1586.87812   130%  1485  170s
    39    41 1433.80369   27  486  691.00000 1586.87812   130%  1267  177s
    41    43 1423.94045   28  516  691.00000 1586.87812   130%  1281  182s
    46    48 1537.05016   33  518  691.00000 1586.87812   130%  1186  185s
    51    53 1529.29441   37  515  691.00000 1586.87812   130%  1141  190s
    62    64 1377.22558   47  469  691.00000 1586.87812   130%  1053  199s
    64    66 1509.29164   49  508  691.00000 1586.87812   130%  1030  200s
    70    72 1410.67596   53  468  691.00000 1586.87812   130%  1015  206s
    82    84 1488.11747   64  500  691.00000 1586.87812   130%   931  210s
    92    94 1397.93634   72  469  691.00000 1586.87812   130%   920  215s
    97    99 1387.25961   75  464  691.00000 1586.87812   130%   945  221s
   105   107 1453.49071   83  489  691.00000 1586.87812   130%   896  225s
   109   111 1446.34920   86  488  691.00000 1586.87812   130%   891  230s
   113   115 1359.68426   88  462  691.00000 1586.87812   130%   913  236s
   116   118 1436.23830   90  483  691.00000 1586.87812   130%   912  240s
   119   121 1429.75679   92  474  691.00000 1586.87812   130%   922  245s
   126   128 1419.73427   98  471  691.00000 1586.87812   130%   910  250s
   130   132 1300.09652  100  438  691.00000 1586.87812   130%   923  257s
   137   139 1397.92824  107  457  691.00000 1586.87812   130%   892  260s
   140   142 1311.49970  108  449  691.00000 1586.87812   130%   915  267s
   146   148 1275.83939  113  437  691.00000 1586.87812   130%   904  271s
   151   153 1267.44682  117  435  691.00000 1586.87812   130%   895  275s
   158   160 1302.71755  122  438  691.00000 1586.87812   130%   896  281s
   166   168 1271.76434  129  416  691.00000 1586.87812   130%   874  287s
   172   174 1234.19137  134  400  691.00000 1586.87812   130%   862  291s
   177   179 1167.81199  138  402  691.00000 1586.87812   130%   856  296s
   180   182 1214.85289  140  405  691.00000 1586.87812   130%   856  300s
   182   184 1241.09075  141  402  691.00000 1586.87812   130%   858  305s
   189   191 1241.78162  146  407  691.00000 1586.87812   130%   867  311s
   196   198 1231.63277  151  412  691.00000 1586.87812   130%   872  316s
   207   209 1237.80041  160  410  691.00000 1586.87812   130%   849  321s
   210   212 1164.58726  162  369  691.00000 1586.87812   130%   849  325s
   217   219 1277.37456  168  414  691.00000 1586.87812   130%   837  330s
   225   227 1266.58720  175  407  691.00000 1586.87812   130%   821  335s
   235   237 1130.48196  183  375  691.00000 1586.87812   130%   810  342s
   239   241 1240.53097  186  413  691.00000 1586.87812   130%   806  345s
   245   247 1146.55343  190  391  691.00000 1586.87812   130%   805  351s
   258   260 1214.84942  203  398  691.00000 1586.87812   130%   775  355s
   263   265 1206.39743  207  404  691.00000 1586.87812   130%   769  360s
   272   274 1193.10571  215  398  691.00000 1586.87812   130%   755  365s
   280   282 1114.18525  221  362  691.00000 1586.87812   130%   749  370s
   285   287 1074.86506  224  366  691.00000 1586.87812   130%   750  375s
   296   298 1063.11932  233  359  691.00000 1586.87812   130%   739  381s
   302   304 1088.56477  237  367  691.00000 1586.87812   130%   736  386s
   311   313 1131.90812  245  374  691.00000 1586.87812   130%   723  390s
   316   318 1047.03360  247  345  691.00000 1586.87812   130%   727  396s
   328   330  995.82179  258  321  691.00000 1586.87812   130%   711  401s
   335   337  996.70476  263  338  691.00000 1586.87812   130%   708  405s
   337   339 1098.37771  265  351  691.00000 1586.87812   130%   705  411s
   338   340  990.85590  265  314  691.00000 1586.87812   130%   707  415s
   345   347 1085.66193  270  342  691.00000 1586.87812   130%   704  420s
   365   367  954.98213  288  304  691.00000 1586.87812   130%   682  425s
   390   392  929.62794  309  300  691.00000 1586.87812   130%   659  431s
   409   411  954.07261  326  288  691.00000 1586.87812   130%   638  435s
   417   419  973.74529  332  298  691.00000 1586.87812   130%   634  440s
   434   436  887.85033  346  256  691.00000 1586.87812   130%   621  445s
   453   455  900.90983  361  289  691.00000 1586.87812   130%   611  450s
   494   496  857.01748  398  263  691.00000 1586.87812   130%   577  456s
   514   516  766.59461  413  240  691.00000 1586.87812   130%   568  460s
   532   534  730.11414  426  230  691.00000 1586.87812   130%   560  465s
   553   553 infeasible  440       691.00000 1586.87812   130%   551  470s
   572   570  742.70429  455  221  691.00000 1586.87812   130%   541  476s
   598   592  702.65240  478  205  691.00000 1586.87812   130%   522  480s
   611   596 1340.38122  137  551  691.00000 1586.50480   130%   516  531s
   613   597 1325.12432  108  563  691.00000 1586.50480   130%   514  570s
   614   598 1217.22768  202  556  691.00000 1586.50480   130%   513  611s
   619   603 1586.50480   15  559  691.00000 1586.50480   130%   524  619s
   620   604 1498.39950   15  513  691.00000 1586.50480   130%   528  624s
   621   605 1586.50480   16  557  691.00000 1586.50480   130%   528  627s
   622   605 1510.86192   16  503  691.00000 1586.50480   130%   532  633s
   623   606 1586.50480   17  561  691.00000 1586.50480   130%   532  636s
   624   607 1510.37757   17  533  691.00000 1586.50480   130%   536  642s
   626   608 1533.46254   18  518  691.00000 1586.50480   130%   538  649s
   627   609 1586.50480   19  547  691.00000 1586.50480   130%   538  650s
   629   610 1586.50480   20  548  691.00000 1586.50480   130%   546  656s
   630   611 1533.42351   20  508  691.00000 1586.50480   130%   551  660s
   632   612 1475.02333   21  516  691.00000 1584.16983   129%   558  665s
   634   613 1480.05829   22  536  691.00000 1582.34090   129%   561  672s
   636   615 1450.08694   23  519  691.00000 1578.17344   128%   565  679s
   637   615 1576.26683   24  550  691.00000 1578.16871   128%   565  681s
   638   616 1466.78875   24  514  691.00000 1576.26170   128%   571  686s
   640   617 1444.07366   25  505  691.00000 1574.05687   128%   574  693s
   642   619 1483.25296   26  528  691.00000 1571.66225   127%   576  700s
   644   620 1470.70963   27  509  691.00000 1566.05730   127%   580  706s
   646   621 1470.70219   28  516  691.00000 1563.50741   126%   586  712s
   647   622 1558.22934   29  549  691.00000 1563.48120   126%   586  715s
   648   623 1457.17727   29  520  691.00000 1558.21596   126%   589  720s
   650   624 1436.21224   30  488  691.00000 1553.13581   125%   592  726s
   652   625 1468.31323   31  507  691.00000 1549.14334   124%   598  733s
   653   626 1546.95081   32  545  691.00000 1549.10367   124%   597  735s
   655   627 1544.95517   33  544  691.00000 1546.92367   124%   600  741s
   656   628 1451.38586   33  516  691.00000 1544.95286   124%   603  745s
   658   629 1397.78585   34  496  691.00000 1543.32786   123%   609  750s
   660   631 1446.20352   35  486  691.00000 1540.87468   123%   611  755s
   662   632 1416.66773   36  489  691.00000 1538.25533   123%   613  761s
   664   633 1450.23270   37  500  691.00000 1533.86971   122%   615  768s
   665   634 1528.85822   38  543  691.00000 1533.79834   122%   616  770s
   666   635 1430.68924   38  481  691.00000 1533.46128   122%   621  775s
   668   636 1422.80868   39  524  691.00000 1533.46128   122%   624  781s
   670   637 1455.29932   40  511  691.00000 1533.46128   122%   626  786s
   672   639 1400.30145   41  495  691.00000 1533.46128   122%   631  793s
   674   640 1433.81056   42  495  691.00000 1533.46128   122%   633  796s
   676   641 1443.80990   43  524  691.00000 1533.46128   122%   635  802s
   678   643 1418.86723   44  492  691.00000 1533.46128   122%   638  809s
   679   643 1510.58159   45  532  691.00000 1533.46128   122%   637  811s
   680   644 1376.68996   45  483  691.00000 1533.46128   122%   643  816s
   682   645 1425.03909   46  512  691.00000 1533.46128   122%   645  821s
   684   647 1433.50997   47  510  691.00000 1533.46128   122%   647  828s
   685   647 1502.86629   48  540  691.00000 1533.46128   122%   647  830s
   686   648 1380.75510   48  493  691.00000 1533.46128   122%   653  836s
   688   649 1374.43832   49  494  691.00000 1533.46128   122%   655  842s
   690   651 1393.83763   50  485  691.00000 1533.46128   122%   658  849s
   691   651 1494.91917   51  522  691.00000 1533.46128   122%   657  850s
   693   653 1493.55119   52  529  691.00000 1533.46128   122%   659  855s
   696   655 1397.99215   53  502  691.00000 1533.46128   122%   666  863s
   698   656 1407.48384   54  495  691.00000 1533.46128   122%   668  868s
   700   657 1382.30126   55  488  691.00000 1533.46128   122%   669  873s
   702   659 1387.63572   56  496  691.00000 1533.46128   122%   674  878s
   704   660 1405.14953   57  486  691.00000 1533.46128   122%   676  883s
   706   661 1392.13487   58  511  691.00000 1533.46128   122%   678  888s
   708   663 1385.64868   59  502  691.00000 1533.46128   122%   680  893s
   710   664 1358.32721   60  487  691.00000 1533.46128   122%   684  899s
   711   665 1471.13352   61  528  691.00000 1533.46128   122%   684  900s
   713   666 1469.51736   62  526  691.00000 1533.46128   122%   686  905s
   716   668 1378.36544   63  492  691.00000 1533.46128   122%   692  913s
   718   669 1361.91841   64  487  691.00000 1533.46128   122%   694  918s
   720   671 1361.50719   65  485  691.00000 1533.46128   122%   696  922s
   722   672 1352.04729   66  478  691.00000 1533.46128   122%   698  926s
   724   673 1381.17835   67  505  691.00000 1533.46128   122%   703  933s
   726   675 1304.88094   68  473  691.00000 1533.46128   122%   705  937s
   728   676 1321.78024   69  489  691.00000 1533.46128   122%   708  941s
   732   679 1339.96856   71  483  691.00000 1533.46128   122%   714  946s
   736   681 1380.48336   73  489  691.00000 1533.46128   122%   716  953s
   738   683 1345.50353   74  485  691.00000 1533.46128   122%   718  957s
   740   684 1298.85248   75  455  691.00000 1533.46128   122%   723  963s
   741   685 1442.28912   76  519  691.00000 1533.46128   122%   723  965s
   743   686 1439.84944   77  512  691.00000 1533.46128   122%   724  970s
   745   687 1437.67382   78  513  691.00000 1533.46128   122%   727  975s
   747   689 1433.77451   79  515  691.00000 1533.46128   122%   729  980s
   750   691 1272.59975   80  467  691.00000 1533.46128   122%   734  989s
   751   691 1430.02109   81  512  691.00000 1533.46128   122%   734  990s
   752   692 1295.31408   81  465  691.00000 1533.46128   122%   738  998s
   753   693 1429.27210   82  514  691.00000 1533.46128   122%   738 1000s
   755   694 1426.92194   83  497  691.00000 1533.46128   122%   739 1012s
   756   695 1304.32861   83  476  691.00000 1533.46128   122%   742 1016s
   758   696 1326.44687   84  456  691.00000 1533.46128   122%   743 1021s
   760   697 1295.69535   85  463  691.00000 1533.46128   122%   745 1026s
   762   699 1316.20910   86  473  691.00000 1533.46128   122%   749 1031s
   764   700 1326.25675   87  487  691.00000 1533.46128   122%   750 1038s
   765   701 1417.71563   88  505  691.00000 1533.46128   122%   750 1040s
   768   703 1275.56036   89  451  691.00000 1533.46128   122%   753 1046s
   770   704 1310.78274   90  476  691.00000 1533.46128   122%   757 1050s
   772   705 1287.84415   91  478  691.00000 1533.46128   122%   758 1055s
   774   707 1359.28313   92  479  691.00000 1533.46128   122%   759 1060s
   776   708 1272.47920   93  449  691.00000 1533.46128   122%   760 1065s
   778   709 1300.66431   94  448  691.00000 1533.46128   122%   762 1072s
   780   711 1312.01025   95  469  691.00000 1533.46128   122%   765 1078s
   781   711 1392.34572   96  507  691.00000 1533.46128   122%   765 1080s
   784   713 1286.64477   97  456  691.00000 1533.46128   122%   767 1088s
   785   714 1390.15242   98  500  691.00000 1533.46128   122%   767 1090s
   786   715 1258.98384   98  483  691.00000 1533.46128   122%   769 1095s
   788   716 1251.73601   99  451  691.00000 1533.46128   122%   773 1102s
   790   717 1299.75250  100  474  691.00000 1533.46128   122%   774 1106s
   793   719 1383.19684  102  497  691.00000 1533.46128   122%   775 1110s
   795   721 1381.49468  103  497  691.00000 1533.46128   122%   776 1115s
   797   722 1379.17724  104  492  691.00000 1533.46128   122%   777 1121s
   798   723 1228.28466  104  453  691.00000 1533.46128   122%   782 1126s
   799   723 1376.16557  105  492  691.00000 1533.46128   122%   781 1140s
   801   725 1372.46673  106  499  691.00000 1533.46128   122%   783 1146s
   803   726 1370.57305  107  501  691.00000 1533.46128   122%   784 1150s
   806   728 1291.36759  108  464  691.00000 1533.46128   122%   787 1158s
   808   729 1309.43161  109  460  691.00000 1533.46128   122%   789 1162s
   810   731 1251.45838  110  479  691.00000 1533.46128   122%   790 1168s
   812   732 1285.54292  111  471  691.00000 1533.46128   122%   791 1172s
   814   733 1188.00317  112  441  691.00000 1533.46128   122%   793 1176s
   816   735 1243.54538  113  441  691.00000 1533.46128   122%   796 1180s
   819   737 1357.14133  115  483  691.00000 1533.46128   122%   797 1185s
   822   739 1257.76214  116  445  691.00000 1533.46128   122%   801 1192s
   824   740 1260.33333  117  462  691.00000 1533.46128   122%   802 1196s
   827   742 1345.04885  119  489  691.00000 1533.46128   122%   802 1201s
   830   744 1241.50960  120  460  691.00000 1533.46128   122%   807 1207s
   832   745 1278.83464  121  446  691.00000 1533.46128   122%   807 1210s
   835   747 1337.73114  123  479  691.00000 1533.46128   122%   808 1215s
   838   749 1211.83535  124  437  691.00000 1533.46128   122%   811 1221s
   842   752 1273.68835  126  437  691.00000 1533.46128   122%   814 1226s
   844   753 1221.27448  127  446  691.00000 1533.46128   122%   815 1230s
   846   755 1231.36437  128  440  691.00000 1533.46128   122%   816 1235s
   849   757 1321.63388  130  469  691.00000 1533.46128   122%   817 1240s
   852   759 1215.07660  131  413  691.00000 1533.46128   122%   821 1249s
   853   759 1317.35935  132  468  691.00000 1533.46128   122%   821 1250s
   856   761 1221.77204  133  422  691.00000 1533.46128   122%   823 1257s
   858   763 1163.18643  134  420  691.00000 1533.46128   122%   825 1262s
   860   764 1240.87936  135  448  691.00000 1533.46128   122%   825 1268s
   862   765 1202.87217  136  433  691.00000 1533.46128   122%   828 1273s
   864   767 1169.54613  137  420  691.00000 1533.46128   122%   829 1277s
   866   768 1201.00165  138  435  691.00000 1533.46128   122%   830 1281s
   869   770 1301.13035  140  457  691.00000 1533.46128   122%   830 1285s
   872   772 1171.94565  141  433  691.00000 1533.46128   122%   833 1293s
   874   773 1187.12823  142  423  691.00000 1533.46128   122%   836 1297s
   877   775 1293.90384  144  466  691.00000 1533.46128   122%   837 1301s
   879   777 1292.63831  145  468  691.00000 1533.46128   122%   837 1305s
   881   778 1289.65433  146  454  691.00000 1533.46128   122%   838 1310s
   884   780 1198.06878  147  412  691.00000 1533.46128   122%   841 1317s
   886   781 1175.61020  148  406  691.00000 1533.46128   122%   842 1321s
   888   783 1212.38186  149  415  691.00000 1533.46128   122%   842 1325s
   892   785 1194.39527  151  423  691.00000 1533.46128   122%   844 1332s
   894   787 1191.32851  152  414  691.00000 1533.46128   122%   844 1337s
   896   788 1168.43197  153  402  691.00000 1533.46128   122%   847 1341s
   898   789 1204.28510  154  415  691.00000 1533.46128   122%   847 1350s
   902   792 1161.99733  156  415  691.00000 1533.46128   122%   849 1357s
   904   793 1172.06029  157  422  691.00000 1533.46128   122%   849 1360s
   908   796 1119.31487  159  420  691.00000 1533.46128   122%   851 1368s
   910   797 1181.58385  160  431  691.00000 1533.46128   122%   852 1370s
   914   800 1166.83423  162  401  691.00000 1533.46128   122%   852 1375s
   920   804 1138.42464  165  410  691.00000 1533.46128   122%   854 1380s
   924   807 1155.26840  167  413  691.00000 1533.46128   122%   857 1386s
   926   808 1153.77106  168  404  691.00000 1533.46128   122%   858 1390s
   929   810 1232.62031  170  428  691.00000 1533.46128   122%   858 1395s
   931   811 1230.99763  171  430  691.00000 1533.46128   122%   858 1401s
   934   813 1107.08626  172  392  691.00000 1533.46128   122%   860 1405s
   938   816 1097.54365  174  384  691.00000 1533.46128   122%   861 1411s
   940   817 1105.86334  175  396  691.00000 1533.46128   122%   864 1416s
   943   819 1221.67498  177  435  691.00000 1533.46128   122%   864 1420s
   946   821 1146.42117  178  404  691.00000 1533.46128   122%   865 1425s
   950   824 1103.34275  180  398  691.00000 1533.46128   122%   867 1431s
   952   825 1088.83989  181  398  691.00000 1533.46128   122%   867 1435s
   956   828 1104.56973  183  378  691.00000 1533.46128   122%   868 1440s
   961   831 1205.53472  186  426  691.00000 1533.46128   122%   868 1445s
   964   833 1126.09577  187  404  691.00000 1533.46128   122%   869 1452s
   966   835 1103.22034  188  399  691.00000 1533.46128   122%   870 1455s
   970   837 1136.11490  190  406  691.00000 1533.46128   122%   870 1460s
   975   841 1191.84008  193  410  691.00000 1533.46128   122%   870 1465s
   978   843 1099.63552  194  389  691.00000 1533.46128   122%   872 1470s
   982   845 1130.92330  196  407  691.00000 1533.46128   122%   872 1476s
   987   849 1182.46264  199  407  691.00000 1533.46128   122%   872 1480s
   992   852 1009.65919  201  357  691.00000 1533.46128   122%   874 1486s
   993   853 1174.66228  202  395  691.00000 1533.46128   122%   873 1542s
   995   854 1171.68214  203  400  691.00000 1533.46128   122%   873 1545s
   997   855 1170.26761  204  398  691.00000 1533.46128   122%   874 1550s
  1002   859 1055.88027  206  369  691.00000 1533.46128   122%   875 1556s
  1006   861 1095.63616  208  365  691.00000 1533.46128   122%   875 1561s
  1008   863 1075.22084  209  371  691.00000 1533.46128   122%   875 1568s
  1010   864 1072.72900  210  384  691.00000 1533.46128   122%   875 1570s
  1014   867 1084.95229  212  376  691.00000 1533.46128   122%   876 1575s
  1019   870 1149.42202  215  386  691.00000 1533.46128   122%   877 1580s
  1024   873 1045.73314  217  341  691.00000 1533.46128   122%   878 1586s
  1028   876 1064.52698  219  351  691.00000 1533.46128   122%   878 1590s
  1032   879 1053.75612  221  346  691.00000 1533.46128   122%   878 1595s
  1037   882 1131.81036  224  393  691.00000 1533.46128   122%   877 1600s
  1040   884 1033.08907  225  341  691.00000 1533.46128   122%   878 1605s
  1046   888 1033.37209  228  361  691.00000 1533.46128   122%   879 1611s
  1050   891  999.58452  230  341  691.00000 1533.46128   122%   879 1616s
  1054   893 1040.63215  232  358  691.00000 1533.46128   122%   880 1620s
  1058   896 1009.77992  234  332  691.00000 1533.46128   122%   880 1625s
  1062   899  993.07291  236  338  691.00000 1533.46128   122%   880 1632s
  1064   900  990.81486  237  339  691.00000 1533.46128   122%   880 1636s
  1068   903 1022.27331  239  362  691.00000 1533.46128   122%   881 1640s
  1074   907 1005.88217  242  329  691.00000 1533.46128   122%   881 1648s
  1076   908 1034.29344  243  348  691.00000 1533.46128   122%   884 1654s
  1077   909 1090.25398  244  372  691.00000 1533.46128   122%   883 1655s
  1082   912 1027.69464  246  362  691.00000 1533.46128   122%   883 1661s
  1085   914 1086.25680  248  376  691.00000 1533.46128   122%   883 1665s
  1086   915  968.74168  248  339  691.00000 1533.46128   122%   884 1672s
  1089   917 1082.92895  250  363  691.00000 1533.46128   122%   883 1675s
  1092   919  948.08939  251  357  691.00000 1533.46128   122%   883 1680s
  1096   921 1021.81524  253  340  691.00000 1533.46128   122%   883 1685s
  1100   924  968.66969  255  327  691.00000 1533.46128   122%   883 1690s
  1104   927 1023.18867  257  345  691.00000 1533.46128   122%   883 1696s
  1108   929  961.78586  259  326  691.00000 1533.46128   122%   883 1702s
  1110   931  977.81107  260  353  691.00000 1533.46128   122%   883 1705s
  1115   934 1059.27557  263  359  691.00000 1533.46128   122%   882 1710s
  1118   936  982.23908  264  316  691.00000 1533.46128   122%   883 1715s
  1123   939 1050.03787  267  355  691.00000 1533.46128   122%   882 1720s
  1126   941  965.73292  268  332  691.00000 1533.46128   122%   882 1725s
  1130   944  910.26411  270  310  691.00000 1533.46128   122%   882 1730s
  1134   947  947.75581  272  315  691.00000 1533.46128   122%   882 1737s
  1137   949 1031.13668  274  346  691.00000 1533.46128   122%   881 1740s
  1142   952  947.56405  276  320  691.00000 1533.46128   122%   881 1745s
  1148   956  954.32810  279  332  691.00000 1533.46128   122%   881 1750s
  1152   959  907.45306  281  330  691.00000 1533.46128   122%   881 1755s
  1156   961  967.48684  283  338  691.00000 1533.46128   122%   881 1760s
  1160   964  936.60972  285  316  691.00000 1533.46128   122%   881 1765s
  1164   967  900.61866  287  324  691.00000 1533.46128   122%   880 1791s
  1168   969  931.81690  289  331  691.00000 1533.46128   122%   880 1795s

Cutting planes:
  Gomory: 3
  MIR: 1

Explored 1172 nodes (1038770 simplex iterations) in 1800.01 seconds (746.20 work units)
Thread count was 1 (of 12 available processors)

Solution count 10: 691 648 641 ... 400

Time limit reached
Best objective 6.910000000000e+02, best bound 1.533000000000e+03, gap 121.8524%
