
Gurobi 12.0.2 (linux64, C++) logging started Thu Jun 19 08:00:21 2025

Set parameter LogFile to value "log/instances/scenario1/correlated_sc1/700/kpfs_9.txt.log"

Gurobi 12.0.2 (linux64, C++) logging started Thu Jun 19 08:01:44 2025

Set parameter LogFile to value "log/instances/scenario1/correlated_sc1/700/kpfs_9.txt.log"

Gurobi 12.0.2 (linux64, C++) logging started Thu Jun 19 08:02:55 2025

Set parameter LogFile to value "log/instances/scenario1/correlated_sc1/700/kpfs_9.txt.log"

Gurobi 12.0.2 (linux64, C++) logging started Fri Jun 20 03:07:26 2025

Set parameter WLSAccessID
Set parameter WLSSecret
Set parameter LicenseID to value 2679381
Set parameter LogFile to value "log/instances/scenario1/correlated_sc1/700/kpfs_9.txt.log"
Academic license 2679381 - for non-commercial use only - registered to be___@poli.ufrj.br
Set parameter TimeLimit to value 1800
Set parameter Threads to value 1
Gurobi Optimizer version 12.0.2 build v12.0.2rc0 (linux64 - "Ubuntu 24.04.1 LTS")

CPU model: 13th Gen Intel(R) Core(TM) i7-1355U, instruction set [SSE2|AVX|AVX2]
Thread count: 6 physical cores, 12 logical processors, using up to 1 threads

Non-default parameters:
TimeLimit  1800
Threads  1

Academic license 2679381 - for non-commercial use only - registered to be___@poli.ufrj.br
Optimize a model with 3502 rows, 4200 columns and 35598 nonzeros
Model fingerprint: 0x2a252f52
Variable types: 0 continuous, 4200 integer (700 binary)
Coefficient statistics:
  Matrix range     [1e+00, 3e+01]
  Objective range  [1e+00, 4e+01]
  Bounds range     [1e+00, 1e+01]
  RHS range        [1e+00, 1e+03]
Found heuristic solution: objective 336.0000000
Presolve removed 0 rows and 40 columns
Presolve time: 0.19s
Presolved: 3502 rows, 4160 columns, 35518 nonzeros
Variable types: 0 continuous, 4160 integer (942 binary)

Root simplex log...

Iteration    Objective       Primal Inf.    Dual Inf.      Time
    3355    1.7251700e+03   4.808018e+03   0.000000e+00      5s
    5815    1.6392135e+03   2.934438e+03   0.000000e+00     10s
    8196    1.6043069e+03   0.000000e+00   0.000000e+00     14s

Root relaxation: objective 1.604307e+03, 8196 iterations, 14.24 seconds (5.40 work units)

    Nodes    |    Current Node    |     Objective Bounds      |     Work
 Expl Unexpl |  Obj  Depth IntInf | Incumbent    BestBd   Gap | It/Node Time

     0     0 1604.30691    0  556  336.00000 1604.30691   377%     -   14s
H    0     0                     349.0000000 1604.30691   360%     -   14s
H    0     0                     372.0000000 1604.30691   331%     -   15s
H    0     0                     374.0000000 1604.30691   329%     -   15s
H    0     0                     417.0000000 1604.30691   285%     -   15s
H    0     0                     534.0000000 1604.30691   200%     -   15s
H    0     0                     542.0000000 1604.30691   196%     -   17s
H    0     0                     555.0000000 1604.30691   189%     -   17s
H    0     0                     577.0000000 1604.30691   178%     -   19s
H    0     0                     582.0000000 1604.30691   176%     -   19s
H    0     0                     630.0000000 1604.30691   155%     -   23s
H    0     0                     640.0000000 1604.30691   151%     -   23s
H    0     0                     657.0000000 1604.30691   144%     -   23s
     0     0 1603.58201    0  550  657.00000 1603.58201   144%     -   28s
     0     0 1603.54769    0  550  657.00000 1603.54769   144%     -   55s
     0     0 1603.14407    0  542  657.00000 1603.14407   144%     -   66s
     0     0 1603.14158    0  542  657.00000 1603.14158   144%     -   86s
     0     2 1603.13353    0  542  657.00000 1603.13353   144%     -   90s
     2     4 1483.23420    1  507  657.00000 1599.90134   144%  1739   96s
     3     5 1493.84228    2  499  657.00000 1599.89783   144%  2051  100s
     6     8 1482.48663    3  510  657.00000 1594.40872   143%  1666  107s
     8    10 1523.63949    4  512  657.00000 1590.32283   142%  1584  111s
    10    12 1483.53889    5  512  657.00000 1586.63597   141%  1773  117s
    12    14 1484.41535    6  518  657.00000 1583.60089   141%  1900  123s
    14    16 1476.01184    7  537  657.00000 1581.27201   141%  1867  128s
    17    19 1487.18878    9  547  657.00000 1581.22416   141%  1835  134s
    18    20 1576.43302   10  548  657.00000 1581.22416   141%  1748  135s
    23    25 1566.75362   14  551  657.00000 1581.22416   141%  1543  140s
    28    30 1462.49714   17  520  657.00000 1581.22416   141%  1539  147s
    33    35 1419.50149   21  488  657.00000 1581.22416   141%  1430  153s
    35    37 1404.35318   22  485  657.00000 1581.22416   141%  1442  158s
    37    39 1542.69561   24  537  657.00000 1581.22416   141%  1399  160s
    44    46 1401.90821   30  496  657.00000 1581.22416   141%  1291  168s
    46    48 1525.33989   32  539  657.00000 1581.22416   141%  1253  170s
    50    52 1406.19039   35  499  657.00000 1581.22416   141%  1267  176s
    58    60 1503.93431   43  522  657.00000 1581.22416   141%  1134  180s
    66    68 1407.45692   50  474  657.00000 1581.22416   141%  1059  186s
    77    79 1379.37503   60  474  657.00000 1581.22416   141%   977  191s
    88    90 1349.15239   70  472  657.00000 1581.22416   141%   915  196s
    97    99 1368.07298   78  470  657.00000 1581.22416   141%   888  201s
   103   105 1331.58428   83  477  657.00000 1581.22416   141%   875  206s
H  104   104                     663.0000000 1581.22416   138%   866  207s
   107   109 1442.36535   86  476  663.00000 1581.22416   138%   885  210s
   119   121 1425.62110   97  484  663.00000 1581.22416   138%   836  215s
   125   127 1324.54144  101  464  663.00000 1581.22416   138%   837  220s
H  130   130                     675.0000000 1581.22416   134%   829  224s
H  130   130                     682.0000000 1581.22416   132%   829  224s
   131   133 1404.28782  106  464  682.00000 1581.22416   132%   828  225s
   139   141 1392.59732  113  460  682.00000 1581.22416   132%   823  230s
   149   151 1257.70090  121  436  682.00000 1581.22416   132%   813  236s
   153   155 1276.29713  123  442  682.00000 1581.22416   132%   835  240s
H  156   156                     702.0000000 1581.22416   125%   834  244s
H  156   156                     709.0000000 1581.22416   123%   834  244s
   157   159 1268.48751  125  428  709.00000 1581.22416   123%   845  246s
   161   163 1229.86506  127  425  709.00000 1581.22416   123%   865  252s
   166   168 1282.40320  131  405  709.00000 1581.22416   123%   855  255s
   172   174 1254.48603  135  420  709.00000 1581.22416   123%   857  261s
   178   180 1178.34631  140  410  709.00000 1581.22416   123%   849  265s
   193   195 1302.10958  155  432  709.00000 1581.22416   123%   816  270s
   208   210 1188.37862  169  410  709.00000 1581.22416   123%   795  275s
   218   220 1210.74344  177  397  709.00000 1581.22416   123%   799  281s
   231   233 1249.12183  189  419  709.00000 1581.22416   123%   784  285s
   239   241 1066.73327  195  372  709.00000 1581.22416   123%   794  290s
   250   252 1132.23177  204  379  709.00000 1581.22416   123%   794  296s
   255   257 1111.75721  208  380  709.00000 1581.22416   123%   798  300s
   261   263 1110.76921  213  380  709.00000 1581.22416   123%   796  305s
   272   274 1181.22528  222  390  709.00000 1581.22416   123%   796  310s
   285   287 1075.77316  232  366  709.00000 1581.22416   123%   800  316s
   293   295 1065.48684  238  363  709.00000 1581.22416   123%   804  321s
   300   302 1060.39711  244  363  709.00000 1581.22416   123%   801  325s
   308   310 1123.06988  250  372  709.00000 1581.22416   123%   803  330s
   319   321 1104.06067  261  359  709.00000 1581.22416   123%   788  335s
   337   339 1011.20461  277  332  709.00000 1581.22416   123%   772  340s
H  338   338                     715.0000000 1581.22416   121%   770  342s
   342   344 1035.10965  280  345  715.00000 1581.22416   121%   776  345s
   356   358 1023.95454  292  332  715.00000 1581.22416   121%   765  350s
   364   366 1044.02228  299  322  715.00000 1581.22416   121%   761  355s
   376   378  939.81041  308  310  715.00000 1581.22416   121%   760  361s
   383   385 1019.86328  314  336  715.00000 1581.22416   121%   755  365s
   393   395  907.95696  321  283  715.00000 1581.22416   121%   757  371s
   407   409  977.53712  333  323  715.00000 1581.22416   121%   749  375s
   426   428  949.49106  348  296  715.00000 1581.22416   121%   743  380s
   452   454  906.09802  373  286  715.00000 1581.22416   121%   716  385s
   468   470  841.81042  386  255  715.00000 1581.22416   121%   706  400s
   479   481  794.83312  393  262  715.00000 1581.22416   121%   706  405s
   494   496  829.75331  403  271  715.00000 1581.22416   121%   704  414s
   495   497  766.79769  403  232  715.00000 1581.22416   121%   705  415s
   529   529     cutoff  431       715.00000 1581.22416   121%   684  420s
   572   558  733.78667  467  203  715.00000 1581.22416   121%   647  425s
   593   568  814.93695  412  542  715.00000 1577.96172   121%   635  461s
   595   569  762.34615  445  556  715.00000 1577.96172   121%   633  497s
   596   570  768.99416  405  550  715.00000 1577.96172   121%   632  521s
   602   576 1483.23420   15  507  715.00000 1577.96172   121%   646  527s
   603   577 1577.96172   16  549  715.00000 1577.96172   121%   646  530s
   606   579 1482.64895   17  524  715.00000 1577.96172   121%   652  538s
   608   580 1463.49913   18  510  715.00000 1577.96172   121%   655  543s
   610   581 1520.54034   19  522  715.00000 1577.96172   121%   660  547s
   612   583 1469.80171   20  505  715.00000 1577.96172   121%   666  552s
   614   584 1454.16316   21  491  715.00000 1577.96172   121%   673  557s
   616   585 1452.87029   22  489  715.00000 1577.96172   121%   676  563s
   618   587 1467.69985   23  514  715.00000 1575.10545   120%   679  568s
   620   588 1468.10278   24  504  715.00000 1571.16126   120%   685  572s
   622   589 1466.18683   25  515  715.00000 1567.52174   119%   688  577s
   624   591 1451.58271   26  521  715.00000 1565.67226   119%   691  582s
   626   592 1452.43551   27  513  715.00000 1562.52678   119%   694  586s
   628   593 1428.66517   28  507  715.00000 1559.34405   118%   701  591s
   630   595 1460.05043   29  522  715.00000 1555.27251   118%   703  595s
   633   597 1549.73568   31  538  715.00000 1552.26411   117%   706  600s
   635   598 1545.67974   32  537  715.00000 1549.60667   117%   712  605s
   638   600 1471.13567   33  509  715.00000 1541.12446   116%   717  611s
   640   601 1450.47647   34  511  715.00000 1535.93579   115%   719  615s
   642   603 1436.48686   35  502  715.00000 1530.94804   114%   724  620s
   645   605 1523.40658   37  517  715.00000 1528.41909   114%   726  625s
   647   606 1521.56399   38  518  715.00000 1523.39049   113%   729  630s
   650   608 1432.03758   39  510  715.00000 1520.53325   113%   736  637s
   652   609 1407.06902   40  489  715.00000 1520.53325   113%   739  641s
   654   611 1403.85247   41  503  715.00000 1520.53325   113%   744  645s
   658   613 1393.31637   43  493  715.00000 1520.53325   113%   748  651s
   661   615 1497.75105   45  522  715.00000 1520.53325   113%   751  655s
   664   617 1407.23244   46  501  715.00000 1520.53325   113%   757  660s
   668   620 1418.75345   48  494  715.00000 1520.53325   113%   763  667s
   670   621 1389.74928   49  505  715.00000 1520.53325   113%   764  671s
   672   623 1416.94764   50  499  715.00000 1520.53325   113%   766  675s
   676   625 1360.62168   52  498  715.00000 1520.53325   113%   773  682s
   678   627 1366.44400   53  487  715.00000 1520.53325   113%   775  686s
   681   629 1464.63229   55  515  715.00000 1520.53325   113%   776  691s
   683   630 1461.47994   56  516  715.00000 1520.53325   113%   779  695s
   686   632 1367.39601   57  471  715.00000 1520.53325   113%   785  702s
   688   633 1365.24566   58  475  715.00000 1520.53325   113%   787  705s
   691   635 1445.99418   60  514  715.00000 1520.53325   113%   792  710s
   694   637 1333.11707   61  487  715.00000 1520.53325   113%   796  715s
   697   639 1439.53114   63  503  715.00000 1520.53325   113%   797  720s
   700   641 1335.16253   64  465  715.00000 1520.53325   113%   803  726s
   702   643 1360.37330   65  472  715.00000 1520.53325   113%   804  730s
   706   645 1328.68557   67  462  715.00000 1520.53325   113%   811  737s
   708   647 1353.44762   68  479  715.00000 1520.53325   113%   812  740s
   712   649 1306.73673   70  470  715.00000 1520.53325   113%   814  746s
   714   651 1345.47008   71  466  715.00000 1520.53325   113%   818  750s
   718   653 1310.76876   73  467  715.00000 1520.53325   113%   821  757s
   720   655 1260.46649   74  446  715.00000 1520.53325   113%   825  760s
   724   657 1309.16235   76  454  715.00000 1520.53325   113%   827  765s
   728   660 1301.97705   78  452  715.00000 1520.53325   113%   832  770s
   733   663 1394.94599   81  496  715.00000 1520.53325   113%   833  775s
   737   666 1392.02247   83  494  715.00000 1520.53325   113%   838  780s
   740   668 1303.02615   84  452  715.00000 1520.53325   113%   841  786s
   743   670 1387.84174   86  481  715.00000 1520.53325   113%   844  790s
   746   672 1261.51071   87  452  715.00000 1520.53325   113%   848  797s
   748   673 1269.75208   88  445  715.00000 1520.53325   113%   849  800s
   752   676 1284.76690   90  470  715.00000 1520.53325   113%   854  808s
   754   677 1302.54574   91  463  715.00000 1520.53325   113%   855  811s
   755   678 1375.40587   92  486  715.00000 1520.53325   113%   854  816s
   758   680 1231.91386   93  448  715.00000 1520.53325   113%   860  822s
   760   681 1243.89755   94  451  715.00000 1520.53325   113%   862  825s
   763   683 1368.98654   96  480  715.00000 1520.53325   113%   862  830s
   766   685 1238.27063   97  453  715.00000 1520.53325   113%   865  835s
   772   689 1249.51730  100  431  715.00000 1520.53325   113%   870  841s
   775   691 1358.01662  102  469  715.00000 1520.53325   113%   870  845s
   778   693 1273.46828  103  453  715.00000 1520.53325   113%   874  851s
   782   696 1231.60461  105  454  715.00000 1520.53325   113%   877  857s
   784   697 1203.76485  106  424  715.00000 1520.53325   113%   881  861s
   788   700 1220.48177  108  438  715.00000 1520.53325   113%   883  867s
   790   701 1242.21227  109  447  715.00000 1520.53325   113%   884  870s
   794   704 1234.92319  111  439  715.00000 1520.53325   113%   888  876s
   798   707 1207.14297  113  429  715.00000 1520.53325   113%   890  881s
   802   709 1263.12229  115  444  715.00000 1520.53325   113%   893  886s
   806   712 1216.16690  117  446  715.00000 1520.53325   113%   895  891s
   808   713 1259.14201  118  450  715.00000 1520.53325   113%   895  899s
   809   714 1319.86182  119  460  715.00000 1520.53325   113%   895  900s
   812   716 1227.91183  120  432  715.00000 1520.53325   113%   899  905s
   816   719 1242.47854  122  434  715.00000 1520.53325   113%   900  911s
   820   721 1217.92004  124  432  715.00000 1520.53325   113%   901  916s
   822   723 1147.13905  125  416  715.00000 1520.53325   113%   905  920s
   826   725 1211.30661  127  435  715.00000 1520.53325   113%   907  927s
   829   727 1295.52481  129  456  715.00000 1520.53325   113%   907  930s
   832   729 1151.67234  130  418  715.00000 1520.53325   113%   910  935s
   838   733 1150.76270  133  415  715.00000 1520.53325   113%   914  941s
   842   736 1160.29177  135  404  715.00000 1520.53325   113%   915  945s
   847   739 1278.93270  138  448  715.00000 1520.53325   113%   917  950s
   850   741 1150.94028  139  412  715.00000 1520.53325   113%   920  955s
   854   744 1156.02464  141  409  715.00000 1520.53325   113%   923  961s
   857   746 1268.15868  143  457  715.00000 1520.53325   113%   923  965s
   860   748 1169.38336  144  417  715.00000 1520.53325   113%   927  970s
   864   751 1133.86173  146  410  715.00000 1520.53325   113%   928  976s
   868   753 1112.02171  148  399  715.00000 1520.53325   113%   932  981s
   871   755 1257.98180  150  446  715.00000 1520.53325   113%   931  985s
   874   757 1172.76826  151  420  715.00000 1520.53325   113%   933  990s
   878   760 1148.36121  153  410  715.00000 1520.53325   113%   936  996s
   882   763 1124.16626  155  414  715.00000 1520.53325   113%   937 1012s
   884   764 1170.01350  156  442  715.00000 1520.53325   113%   940 1015s
   888   767 1131.65618  158  404  715.00000 1520.53325   113%   940 1020s
   892   769 1085.61940  160  403  715.00000 1520.53325   113%   942 1026s
   897   773 1229.75880  163  452  715.00000 1520.53325   113%   944 1030s
   900   775 1116.22077  164  381  715.00000 1520.53325   113%   947 1035s
   905   778 1220.75881  167  431  715.00000 1520.53325   113%   946 1040s
   912   783 1115.23580  170  423  715.00000 1520.53325   113%   948 1046s
   916   785 1102.97399  172  403  715.00000 1520.53325   113%   949 1051s
   920   788 1051.51052  174  376  715.00000 1520.53325   113%   950 1056s
   923   790 1204.29629  176  435  715.00000 1520.53325   113%   949 1060s
   927   793 1202.81720  178  430  715.00000 1520.53325   113%   950 1065s
   931   795 1200.08765  180  437  715.00000 1520.53325   113%   950 1070s
   934   797 1085.36302  181  398  715.00000 1520.53325   113%   951 1075s
   938   800 1117.93433  183  404  715.00000 1520.53325   113%   951 1080s
   942   803 1099.27860  185  375  715.00000 1520.53325   113%   952 1086s
   946   805 1083.81208  187  404  715.00000 1520.53325   113%   953 1090s
   950   808 1107.96391  189  409  715.00000 1520.53325   113%   953 1095s
   954   811 1079.17829  191  398  715.00000 1520.53325   113%   954 1100s
   958   813 1094.24314  193  390  715.00000 1520.53325   113%   954 1106s
   962   816 1079.87619  195  382  715.00000 1520.53325   113%   955 1111s
   964   817 1072.97016  196  368  715.00000 1520.53325   113%   956 1118s
   966   819 1092.96200  197  398  715.00000 1520.53325   113%   957 1120s
   970   821 1057.58645  199  369  715.00000 1520.53325   113%   959 1127s
   973   823 1168.53618  201  419  715.00000 1520.53325   113%   958 1130s
   978   827 1027.96673  203  388  715.00000 1520.53325   113%   960 1135s
   981   829 1160.91339  205  413  715.00000 1520.53325   113%   959 1140s
   985   831 1157.46126  207  412  715.00000 1520.53325   113%   959 1145s
   989   834 1155.67161  209  408  715.00000 1520.53325   113%   960 1150s
   993   837 1153.89322  211  395  715.00000 1520.53325   113%   960 1201s
   996   839 1068.89313  212  377  715.00000 1520.53325   113%   961 1206s
   998   840 1048.29799  213  387  715.00000 1520.53325   113%   962 1210s
  1003   843 1142.93786  216  412  715.00000 1520.53325   113%   961 1215s
  1008   847 1000.59491  218  386  715.00000 1520.53325   113%   962 1221s
  1010   848 1092.99764  219  383  715.00000 1520.53325   113%   962 1225s
  1014   851 1051.57918  221  392  715.00000 1520.53325   113%   962 1230s
  1019   854 1128.04601  224  409  715.00000 1520.53325   113%   961 1235s
  1024   857 1019.23562  226  343  715.00000 1520.53325   113%   962 1241s
  1028   860 1009.49048  228  367  715.00000 1520.53325   113%   962 1246s
  1032   863 1013.72438  230  372  715.00000 1520.53325   113%   962 1252s
  1035   865 1112.73893  232  388  715.00000 1520.53325   113%   961 1255s
  1038   867 1012.28279  233  366  715.00000 1520.53325   113%   962 1260s
H 1042   838                     721.0000000 1520.53325   111%   961 1273s
H 1042   810                     727.0000000 1520.53325   109%   961 1277s
  1045   814 1103.37083  237  397  727.00000 1520.53325   109%   962 1280s
  1049   817 1099.95467  239  390  727.00000 1520.53325   109%   962 1285s
  1054   820 1013.00771  241  352  727.00000 1520.53325   109%   962 1290s
  1058   823  992.78363  243  348  727.00000 1520.53325   109%   962 1295s
  1063   826 1087.80760  246  378  727.00000 1520.53325   109%   961 1300s
  1068   830  981.73065  248  336  727.00000 1520.53325   109%   962 1311s
  1072   832 1013.63488  250  359  727.00000 1520.53325   109%   962 1315s
  1077   836 1071.80080  253  381  727.00000 1520.53325   109%   961 1320s
  1081   838 1067.22932  255  378  727.00000 1520.53325   109%   961 1325s
  1086   842  993.58278  257  348  727.00000 1520.53325   109%   962 1331s
  1091   845 1060.84155  260  374  727.00000 1520.53325   109%   960 1335s
  1096   848  973.04604  262  337  727.00000 1520.53325   109%   961 1340s
  1102   852  971.73473  265  327  727.00000 1520.53325   109%   960 1345s
  1107   856 1044.89818  268  359  727.00000 1520.53325   109%   959 1350s
  1112   859  995.92912  270  335  727.00000 1520.53325   109%   959 1355s
  1117   862 1033.96969  273  347  727.00000 1520.53325   109%   958 1360s
  1122   866  931.38992  275  308  727.00000 1520.53325   109%   958 1365s
  1128   870  947.44548  278  331  727.00000 1520.53325   109%   958 1370s
  1134   874  939.65781  281  306  727.00000 1520.53325   109%   957 1375s
  1140   878  938.29089  284  327  727.00000 1520.53325   109%   956 1380s
  1146   882  939.09948  287  328  727.00000 1520.53325   109%   956 1393s
  1148   883  928.63402  288  329  727.00000 1520.53325   109%   956 1395s
  1154   887  905.87621  291  318  727.00000 1520.53325   109%   955 1401s
  1160   891  915.83314  294  294  727.00000 1520.53325   109%   954 1405s
  1166   895  924.14267  297  324  727.00000 1520.53325   109%   953 1410s
  1172   899  921.50225  300  297  727.00000 1520.53325   109%   952 1415s
  1179   904  973.78714  304  324  727.00000 1520.53325   109%   950 1420s
  1185   908  966.69471  307  321  727.00000 1520.53325   109%   949 1425s
  1192   912  859.41730  310  285  727.00000 1520.53325   109%   948 1430s
  1200   918  857.97367  314  314  727.00000 1520.53325   109%   946 1435s
  1208   923  882.55353  318  309  727.00000 1520.53325   109%   945 1440s
  1216   928  873.44638  322  298  727.00000 1520.53325   109%   943 1445s
  1223   933  930.09812  326  314  727.00000 1520.53325   109%   941 1450s
  1230   938  817.59209  329  282  727.00000 1520.53325   109%   940 1455s
  1237   942  914.39287  333  305  727.00000 1520.53325   109%   939 1460s
  1244   947  812.38255  336  287  727.00000 1520.53325   109%   939 1465s
  1254   954  811.82659  341  263  727.00000 1520.53325   109%   937 1470s
  1263   960  884.86567  346  292  727.00000 1520.53325   109%   935 1475s
  1274   967  765.09474  351  288  727.00000 1520.53325   109%   934 1481s
  1281   972  856.18268  355  299  727.00000 1520.53325   109%   933 1485s
  1288   976  789.84215  358  263  727.00000 1520.53325   109%   931 1490s
  1299   984  839.55682  364  292  727.00000 1520.53325   109%   928 1495s
  1308   990  777.25096  368  267  727.00000 1520.53325   109%   927 1500s
  1317   996  816.66309  373  289  727.00000 1520.53325   109%   924 1505s
  1329   998  808.16560  379  285  727.00000 1520.53325   109%   921 1510s
  1339  1000  792.12004  384  281  727.00000 1520.53325   109%   918 1515s
  1351  1001  777.86659  390  279  727.00000 1520.53325   109%   914 1520s
  1365   997  761.53833  397  283  727.00000 1520.53325   109%   908 1525s
  1391   987  731.12953  410  261  727.00000 1520.53325   109%   894 1530s
  1397   987 1510.26506   22  523  727.00000 1520.49833   109%   893 1535s
  1400   989 1398.24936   23  474  727.00000 1520.49833   109%   894 1540s
  1404   992 1392.17960   25  482  727.00000 1520.49833   109%   895 1547s
  1406   993 1381.63816   26  464  727.00000 1520.49833   109%   896 1550s
  1409   995 1482.37164   28  508  727.00000 1520.49833   109%   896 1555s
  1412   997 1390.54313   29  475  727.00000 1520.49833   109%   897 1561s
  1414   998 1375.87020   30  474  727.00000 1520.49833   109%   898 1565s
  1418  1001 1361.21639   32  442  727.00000 1520.49833   109%   898 1571s
  1420  1002 1356.54048   33  491  727.00000 1520.49833   109%   899 1575s
  1424  1005 1350.21636   35  464  727.00000 1520.49833   109%   900 1581s
  1426  1006 1340.99288   36  467  727.00000 1520.49833   109%   901 1586s
  1428  1008 1372.77437   37  485  727.00000 1520.49833   109%   901 1590s
  1431  1010 1440.90458   39  509  727.00000 1520.49833   109%   901 1595s
  1434  1012 1326.07706   40  460  727.00000 1520.49833   109%   902 1601s
  1436  1013 1358.57424   41  482  727.00000 1520.49833   109%   903 1605s
  1439  1015 1427.08290   43  499  727.00000 1520.49833   109%   903 1610s
  1442  1017 1343.46841   44  484  727.00000 1520.49833   109%   904 1616s
  1445  1019 1412.91347   46  509  727.00000 1520.49833   109%   904 1620s
  1447  1020 1410.54284   47  505  727.00000 1520.49833   109%   905 1625s
  1450  1022 1336.68421   48  469  727.00000 1520.49833   109%   906 1631s
  1452  1024 1299.21147   49  440  727.00000 1520.49833   109%   906 1635s
  1455  1026 1394.78850   51  504  727.00000 1520.49833   109%   907 1640s
  1458  1028 1308.86700   52  471  727.00000 1520.49833   109%   908 1646s
  1461  1030 1384.17356   54  491  727.00000 1520.49833   109%   908 1650s
  1463  1031 1381.57534   55  493  727.00000 1520.49833   109%   908 1655s
  1466  1033 1244.58446   56  448  727.00000 1520.49833   109%   910 1661s
  1469  1035 1369.67115   58  475  727.00000 1520.49833   109%   910 1665s
  1472  1037 1239.27153   59  443  727.00000 1520.49833   109%   911 1670s
  1475  1039 1362.13770   61  489  727.00000 1520.49833   109%   911 1675s
  1479  1042 1354.13690   63  478  727.00000 1520.49833   109%   911 1680s
  1482  1044 1278.47749   64  462  727.00000 1520.49833   109%   913 1686s
  1484  1045 1252.16453   65  425  727.00000 1520.49833   109%   913 1690s
  1488  1048 1258.51192   67  446  727.00000 1520.49833   109%   913 1697s
  1491  1050 1339.06028   69  489  727.00000 1520.49833   109%   914 1700s
  1494  1052 1250.10542   70  461  727.00000 1520.49833   109%   915 1706s
  1497  1054 1332.21560   72  482  727.00000 1520.49833   109%   915 1710s
  1500  1056 1209.99959   73  424  727.00000 1520.49833   109%   916 1716s
  1503  1058 1319.40561   75  475  727.00000 1520.49833   109%   916 1720s
  1506  1060 1204.04641   76  419  727.00000 1520.49833   109%   917 1725s
  1509  1062 1314.44853   78  477  727.00000 1520.49833   109%   917 1730s
  1513  1064 1307.79107   80  470  727.00000 1520.49833   109%   918 1735s
  1517  1067 1301.39575   82  461  727.00000 1520.49833   109%   918 1740s
  1520  1069 1215.32128   83  434  727.00000 1520.49833   109%   919 1745s
  1524  1072 1142.19030   85  419  727.00000 1520.49833   109%   920 1751s
  1527  1074 1290.64156   87  471  727.00000 1520.49833   109%   920 1755s
  1528  1074 1227.13954   87  445  727.00000 1520.49833   109%   920 1778s
  1530  1076 1172.00159   88  417  727.00000 1520.49833   109%   921 1781s
  1533  1078 1284.33278   90  464  727.00000 1520.49833   109%   921 1785s
  1536  1080 1174.58991   91  427  727.00000 1520.49833   109%   921 1790s
  1540  1082 1204.23383   93  427  727.00000 1520.49833   109%   922 1795s

Cutting planes:
  Gomory: 3

Explored 1544 nodes (1431267 simplex iterations) in 1800.01 seconds (933.74 work units)
Thread count was 1 (of 12 available processors)

Solution count 10: 727 721 715 ... 640

Time limit reached
Best objective 7.270000000000e+02, best bound 1.520000000000e+03, gap 109.0784%
