
Gurobi 12.0.2 (linux64, C++) logging started Thu Jun 19 08:00:21 2025

Set parameter LogFile to value "log/instances/scenario1/correlated_sc1/700/kpfs_3.txt.log"

Gurobi 12.0.2 (linux64, C++) logging started Thu Jun 19 08:01:44 2025

Set parameter LogFile to value "log/instances/scenario1/correlated_sc1/700/kpfs_3.txt.log"

Gurobi 12.0.2 (linux64, C++) logging started Thu Jun 19 08:02:54 2025

Set parameter LogFile to value "log/instances/scenario1/correlated_sc1/700/kpfs_3.txt.log"

Gurobi 12.0.2 (linux64, C++) logging started Fri Jun 20 00:07:25 2025

Set parameter WLSAccessID
Set parameter WLSSecret
Set parameter LicenseID to value 2679381
Set parameter LogFile to value "log/instances/scenario1/correlated_sc1/700/kpfs_3.txt.log"
Academic license 2679381 - for non-commercial use only - registered to be___@poli.ufrj.br
Set parameter TimeLimit to value 1800
Set parameter Threads to value 1
Gurobi Optimizer version 12.0.2 build v12.0.2rc0 (linux64 - "Ubuntu 24.04.1 LTS")

CPU model: 13th Gen Intel(R) Core(TM) i7-1355U, instruction set [SSE2|AVX|AVX2]
Thread count: 6 physical cores, 12 logical processors, using up to 1 threads

Non-default parameters:
TimeLimit  1800
Threads  1

Academic license 2679381 - for non-commercial use only - registered to be___@poli.ufrj.br
Optimize a model with 3502 rows, 4200 columns and 36092 nonzeros
Model fingerprint: 0x735d244b
Variable types: 0 continuous, 4200 integer (700 binary)
Coefficient statistics:
  Matrix range     [1e+00, 3e+01]
  Objective range  [1e+00, 4e+01]
  Bounds range     [1e+00, 1e+01]
  RHS range        [1e+00, 1e+03]
Found heuristic solution: objective 275.0000000
Presolve removed 0 rows and 49 columns
Presolve time: 0.12s
Presolved: 3502 rows, 4151 columns, 35994 nonzeros
Variable types: 0 continuous, 4151 integer (913 binary)

Root simplex log...

Iteration    Objective       Primal Inf.    Dual Inf.      Time
    4309    1.6931559e+03   3.138410e+03   0.000000e+00      5s
    6209    1.6365922e+03   7.140257e+02   0.000000e+00     10s
    9000    1.5860370e+03   0.000000e+00   0.000000e+00     15s

Root relaxation: objective 1.586037e+03, 9000 iterations, 14.83 seconds (6.46 work units)
Total elapsed time = 15.12s (DegenMoves)

    Nodes    |    Current Node    |     Objective Bounds      |     Work
 Expl Unexpl |  Obj  Depth IntInf | Incumbent    BestBd   Gap | It/Node Time

     0     0 1586.03697    0  550  275.00000 1586.03697   477%     -   15s
H    0     0                     285.0000000 1586.03697   457%     -   15s
H    0     0                     287.0000000 1586.03697   453%     -   15s
H    0     0                     432.0000000 1586.03697   267%     -   15s
H    0     0                     446.0000000 1586.03697   256%     -   15s
H    0     0                     522.0000000 1586.03697   204%     -   15s
H    0     0                     528.0000000 1586.03697   200%     -   18s
H    0     0                     533.0000000 1586.03697   198%     -   18s
H    0     0                     539.0000000 1586.03697   194%     -   19s
H    0     0                     570.0000000 1586.03697   178%     -   19s
H    0     0                     652.0000000 1586.03697   143%     -   31s
H    0     0                     653.0000000 1586.03697   143%     -   31s
H    0     0                     665.0000000 1586.03697   139%     -   31s
     0     0 1585.23583    0  548  665.00000 1585.23583   138%     -   37s
H    0     0                     676.0000000 1585.22397   135%     -   41s
     0     0 1584.85588    0  544  676.00000 1584.85588   134%     -   71s
     0     0 1584.79780    0  538  676.00000 1584.79780   134%     -   71s
     0     0 1584.78710    0  536  676.00000 1584.78710   134%     -   72s
     0     0 1584.78165    0  537  676.00000 1584.78165   134%     -   72s
     0     0 1584.16797    0  544  676.00000 1584.16797   134%     -   84s
     0     0 1584.14869    0  546  676.00000 1584.14869   134%     -   84s
     0     0 1584.11589    0  546  676.00000 1584.11589   134%     -  110s
     0     0 1584.05591    0  547  676.00000 1584.05591   134%     -  139s
     0     0 1584.05195    0  546  676.00000 1584.05195   134%     -  139s
     0     2 1584.04145    0  546  676.00000 1584.04145   134%     -  146s
     2     4 1460.99070    1  498  676.00000 1579.81972   134%  1636  152s
     4     6 1486.28280    2  511  676.00000 1573.51312   133%  1527  157s
     6     8 1484.79537    3  529  676.00000 1568.71384   132%  1493  161s
     8    10 1458.60198    4  516  676.00000 1564.53515   131%  1525  167s
    12    14 1555.73485    8  547  676.00000 1564.52525   131%  1137  170s
    16    18 1415.95039   11  526  676.00000 1564.52525   131%  1210  178s
    18    20 1449.07997   12  514  676.00000 1564.52525   131%  1329  183s
    20    22 1543.55209   14  545  676.00000 1564.52525   131%  1231  185s
    24    26 1407.20820   17  493  676.00000 1564.52525   131%  1183  191s
    26    28 1442.79420   18  515  676.00000 1564.52525   131%  1291  197s
    32    34 1393.09299   23  480  676.00000 1564.52525   131%  1177  202s
    37    39 1518.26741   28  536  676.00000 1564.52525   131%  1063  205s
    45    47 1508.41490   36  530  676.00000 1564.52525   131%   919  210s
    48    50 1390.65671   37  471  676.00000 1564.52525   131%  1004  218s
    51    53 1501.58356   40  523  676.00000 1564.52525   131%   962  220s
    61    63 1486.95610   50  504  676.00000 1564.52525   131%   849  225s
    66    68 1378.28622   54  497  676.00000 1564.52525   131%   836  231s
    70    72 1476.79845   57  508  676.00000 1564.52525   131%   834  235s
H   78    78                     688.0000000 1564.52525   127%   770  238s
H   78    78                     689.0000000 1564.52525   127%   770  238s
    80    82 1291.55962   66  461  689.00000 1564.52525   127%   816  243s
    84    86 1455.63461   70  494  689.00000 1564.52525   127%   792  245s
    96    98 1342.50264   81  466  689.00000 1564.52525   127%   752  252s
   103   105 1424.85932   88  482  689.00000 1564.52525   127%   722  255s
   114   116 1412.14487   98  468  689.00000 1564.52525   127%   690  260s
   120   122 1400.44414  103  472  689.00000 1564.52525   127%   687  265s
   126   128 1290.30444  107  458  689.00000 1564.52525   127%   714  270s
   131   133 1385.41551  111  462  689.00000 1564.52525   127%   713  275s
   136   138 1268.01475  114  454  689.00000 1564.52525   127%   723  280s
   151   153 1358.49245  129  449  689.00000 1564.52525   127%   679  285s
   158   160 1246.83342  134  429  689.00000 1564.52525   127%   700  291s
   165   167 1228.76212  140  450  689.00000 1564.52525   127%   694  295s
   172   174 1227.84992  145  427  689.00000 1564.52525   127%   695  302s
   174   176 1234.15596  146  434  689.00000 1564.52525   127%   708  305s
   180   182 1214.76859  151  416  689.00000 1564.52525   127%   704  310s
   182   184 1195.70221  152  422  689.00000 1564.52525   127%   710  315s
   188   190 1302.20422  157  441  689.00000 1564.52525   127%   716  320s
   198   200 1284.52561  166  439  689.00000 1564.52525   127%   701  325s
   205   207 1274.97667  171  433  689.00000 1564.52525   127%   700  330s
   221   223 1191.75215  185  386  689.00000 1564.52525   127%   678  336s
   228   230 1157.98118  191  403  689.00000 1564.52525   127%   670  340s
   234   236 1141.89938  195  407  689.00000 1564.52525   127%   672  346s
   240   242 1130.83441  200  408  689.00000 1564.52525   127%   675  350s
   253   255 1197.92935  212  404  689.00000 1564.52525   127%   656  355s
   260   262 1127.33013  218  369  689.00000 1564.52525   127%   649  360s
   285   287 1151.37210  243  385  689.00000 1564.52525   127%   610  365s
   296   298 1136.08638  252  382  689.00000 1564.52525   127%   603  370s
   309   311 1028.68796  263  339  689.00000 1564.52525   127%   593  376s
   317   319  991.09121  269  347  689.00000 1564.52525   127%   592  380s
   327   329 1004.63016  276  336  689.00000 1564.52525   127%   591  386s
   337   339  990.01518  284  314  689.00000 1564.52525   127%   588  390s
   350   352  974.70473  294  311  689.00000 1564.52525   127%   581  396s
   357   359  970.51679  298  304  689.00000 1564.52525   127%   583  400s
   365   367  992.67594  305  328  689.00000 1564.52525   127%   577  405s
   375   377 1006.95538  314  331  689.00000 1564.52525   127%   570  410s
   393   395  896.22283  330  297  689.00000 1564.52525   127%   556  415s
   403   405  962.27305  338  308  689.00000 1564.52525   127%   553  420s
   414   416  864.36788  345  276  689.00000 1564.52525   127%   551  425s
   431   433  921.99935  360  295  689.00000 1564.52525   127%   539  430s
   442   444  905.79851  368  291  689.00000 1564.52525   127%   535  436s
   465   467  873.89880  390  267  689.00000 1564.52525   127%   517  440s
   468   470  869.08309  393  261  689.00000 1564.52525   127%   515  515s
   490   492  805.17998  412  260  689.00000 1564.52525   127%   500  520s
   507   509  731.07171  427  230  689.00000 1564.52525   127%   490  525s
   541   543  774.97420  457  223  689.00000 1564.52525   127%   471  530s
   594   590  719.29078  503  193  689.00000 1564.52525   127%   441  535s
   618   600 1426.99325    5  505  689.00000 1561.65869   127%   431  541s
   620   601 1246.82720  135  546  689.00000 1561.65869   127%   429  589s
   622   602 1118.60093  261  550  689.00000 1561.65869   127%   428  627s
   623   603  759.32718  421  548  689.00000 1561.65869   127%   427  664s
   624   604  694.89769  518  547  689.00000 1561.65869   127%   427  665s
   631   610 1561.65869   12  546  689.00000 1561.65869   127%   439  671s
   632   611 1460.99070   12  498  689.00000 1561.65869   127%   442  677s
   634   612 1486.28280   13  511  689.00000 1561.65869   127%   445  682s
   636   614 1460.12533   14  515  689.00000 1561.65869   127%   449  686s
   638   615 1484.72646   15  528  689.00000 1561.65869   127%   452  691s
   640   616 1426.99325   16  505  689.00000 1561.65869   127%   459  697s
   642   618 1449.15479   17  512  689.00000 1557.00812   126%   465  703s
   644   619 1426.03809   18  492  689.00000 1554.53286   126%   472  710s
   646   620 1459.25566   19  503  689.00000 1552.13901   125%   475  715s
   648   622 1435.17504   20  509  689.00000 1548.31641   125%   478  721s
   650   623 1451.01757   21  510  689.00000 1546.20767   124%   481  727s
   652   624 1397.22141   22  488  689.00000 1544.85601   124%   487  733s
   654   626 1462.15897   23  535  689.00000 1541.28311   124%   491  738s
   656   627 1433.84021   24  515  689.00000 1538.82274   123%   494  744s
   657   628 1537.52292   25  553  689.00000 1538.82274   123%   494  745s
   658   628 1400.15482   25  511  689.00000 1537.51813   123%   500  751s
   660   630 1405.75172   26  502  689.00000 1535.05826   123%   503  757s
   662   631 1403.97008   27  498  689.00000 1533.35524   123%   506  761s
   664   632 1416.96665   28  515  689.00000 1530.51753   122%   509  766s
   666   634 1376.66339   29  496  689.00000 1527.49378   122%   516  776s
   668   635 1404.39628   30  515  689.00000 1525.26744   121%   519  781s
   670   636 1395.63642   31  497  689.00000 1523.66358   121%   522  787s
   672   638 1368.48483   32  493  689.00000 1521.08555   121%   526  794s
   673   638 1518.56124   33  547  689.00000 1521.08100   121%   526  796s
   674   639 1404.32042   33  493  689.00000 1518.54058   120%   532  801s
   676   640 1408.73544   34  498  689.00000 1515.78311   120%   534  806s
   678   642 1441.09942   35  493  689.00000 1510.97329   119%   537  811s
   680   643 1383.53839   36  489  689.00000 1509.04365   119%   543  815s
   682   644 1432.31580   37  544  689.00000 1505.72793   119%   545  821s
   684   646 1367.93324   38  498  689.00000 1503.20008   118%   548  829s
   685   646 1499.55696   39  541  689.00000 1503.05294   118%   549  831s
   686   647 1451.07575   39  535  689.00000 1499.53499   118%   553  836s
   688   648 1370.47727   40  481  689.00000 1496.94338   117%   555  843s
   690   650 1391.57437   41  498  689.00000 1494.80776   117%   558  848s
   691   650 1490.85878   42  538  689.00000 1494.75286   117%   559  850s
   692   651 1396.78537   42  504  689.00000 1490.85540   116%   561  855s
   694   652 1376.01639   43  524  689.00000 1489.44519   116%   567  862s
   696   654 1349.44123   44  490  689.00000 1486.27449   116%   571  868s
   698   655 1365.60356   45  487  689.00000 1486.27449   116%   573  876s
   700   656 1394.07450   46  508  689.00000 1486.27449   116%   579  882s
   702   658 1402.90291   47  516  689.00000 1486.27449   116%   581  887s
   704   659 1348.76089   48  492  689.00000 1486.27449   116%   584  893s
   705   660 1472.72979   49  531  689.00000 1486.27449   116%   584  895s
   707   661 1471.06149   50  528  689.00000 1486.27449   116%   588  900s
   709   662 1468.85844   51  535  689.00000 1486.27449   116%   590  905s
   712   664 1292.69871   52  491  689.00000 1486.27449   116%   596  911s
   714   666 1325.81415   53  487  689.00000 1486.27449   116%   602  915s
   716   667 1366.74757   54  498  689.00000 1486.27449   116%   604  920s
   718   668 1335.73443   55  474  689.00000 1486.27449   116%   607  925s
   720   670 1378.79635   56  504  689.00000 1486.27449   116%   612  931s
   722   671 1344.06974   57  494  689.00000 1486.27449   116%   614  937s
   724   672 1367.12676   58  492  689.00000 1486.27449   116%   617  943s
   726   674 1335.15663   59  467  689.00000 1486.27449   116%   619  948s
   727   674 1452.04217   60  522  689.00000 1486.27449   116%   619  950s
   730   676 1353.88553   61  476  689.00000 1486.27449   116%   626  957s
   732   678 1346.09957   62  470  689.00000 1486.27449   116%   628  962s
   734   679 1372.86895   63  501  689.00000 1486.27449   116%   631  967s
   736   680 1329.59064   64  480  689.00000 1486.27449   116%   633  971s
   738   682 1325.76289   65  465  689.00000 1486.27449   116%   636  976s
   740   683 1346.92043   66  472  689.00000 1486.27449   116%   640  981s
   742   684 1309.44564   67  479  689.00000 1486.27449   116%   642  985s
   744   686 1318.03025   68  468  689.00000 1486.27449   116%   644  990s
   746   687 1284.54584   69  486  689.00000 1486.27449   116%   649  995s
   749   689 1424.96422   71  515  689.00000 1486.27449   116%   651 1001s
   751   690 1423.63489   72  512  689.00000 1486.27449   116%   653 1005s
   752   691 1306.23019   72  465  689.00000 1486.27449   116%   655 1010s
   755   693 1420.58650   74  506  689.00000 1486.27449   116%   657 1015s
   758   695 1318.75124   75  488  689.00000 1486.27449   116%   663 1021s
   761   697 1413.43036   77  516  689.00000 1486.27449   116%   665 1025s
   764   699 1310.72181   78  469  689.00000 1486.27449   116%   671 1033s
   766   700 1309.45708   79  478  689.00000 1486.27449   116%   673 1038s
   768   702 1266.62260   80  451  689.00000 1486.27449   116%   675 1044s
   769   702 1405.10118   81  493  689.00000 1486.27449   116%   675 1045s
   772   704 1283.03585   82  473  689.00000 1486.27449   116%   681 1053s
   774   706 1266.11886   83  460  689.00000 1486.27449   116%   683 1058s
   776   707 1301.55328   84  482  689.00000 1486.27449   116%   685 1062s
   778   708 1263.50149   85  475  689.00000 1486.27449   116%   689 1068s
   779   709 1395.06286   86  492  689.00000 1486.27449   116%   689 1070s
   781   710 1393.97963   87  485  689.00000 1486.27449   116%   691 1076s
   782   711 1264.04019   87  476  689.00000 1486.27449   116%   693 1080s
H  786   681                     702.0000000 1486.27449   112%   693 1087s
H  786   652                     707.0000000 1486.27449   110%   693 1087s
H  786   624                     719.0000000 1486.27449   107%   693 1087s
   788   627 1335.71827   90  468  719.00000 1486.27449   107%   699 1091s
   790   628 1279.87188   91  470  719.00000 1486.27449   107%   700 1097s
   792   630 1248.74572   92  451  719.00000 1486.27449   107%   702 1101s
   794   631 1268.41392   93  458  719.00000 1486.27449   107%   703 1107s
   796   632 1290.41916   94  450  719.00000 1486.27449   107%   707 1112s
   798   634 1224.62494   95  446  719.00000 1486.27449   107%   708 1117s
   800   635 1233.77609   96  441  719.00000 1486.27449   107%   710 1121s
   802   636 1276.53535   97  468  719.00000 1486.27449   107%   714 1126s
   804   638 1283.49540   98  454  719.00000 1486.27449   107%   715 1131s
   806   639 1267.98154   99  462  719.00000 1486.27449   107%   716 1135s
   808   640 1259.16967  100  437  719.00000 1486.27449   107%   718 1141s
   810   642 1278.97251  101  458  719.00000 1486.27449   107%   721 1145s
H  812   615                     720.0000000 1486.27449   106%   719 1150s
H  812   590                     729.0000000 1486.27449   104%   719 1150s
   814   593 1255.72256  103  460  729.00000 1486.27449   104%   724 1155s
   817   595 1359.35239  105  487  729.00000 1486.27449   104%   727 1160s
   820   597 1230.75786  106  461  729.00000 1486.27449   104%   731 1167s
   822   599 1242.98483  107  449  729.00000 1486.27449   104%   732 1171s
   824   600 1231.29535  108  442  729.00000 1486.27449   104%   736 1175s
   826   601 1222.30777  109  429  729.00000 1486.27449   104%   737 1180s
   828   603 1233.22469  110  470  729.00000 1486.27449   104%   739 1186s
   830   604 1261.94477  111  453  729.00000 1486.27449   104%   740 1191s
   832   605 1260.29061  112  452  729.00000 1486.27449   104%   743 1195s
   835   607 1339.85624  114  479  729.00000 1486.27449   104%   744 1200s
   837   609 1337.02494  115  473  729.00000 1486.27449   104%   745 1205s
   839   610 1333.86942  116  476  729.00000 1486.27449   104%   749 1210s
   841   611 1331.31941  117  481  729.00000 1486.27449   104%   750 1276s
   843   613 1330.55705  118  480  729.00000 1486.27449   104%   752 1280s
   846   615 1239.89500  119  456  729.00000 1486.27449   104%   757 1289s
   847   615 1325.35066  120  485  729.00000 1486.27449   104%   757 1290s
   850   617 1258.54641  121  456  729.00000 1486.27449   104%   759 1295s
   854   620 1192.17352  123  432  729.00000 1486.27449   104%   761 1303s
   856   621 1206.39302  124  431  729.00000 1486.27449   104%   762 1308s
   858   623 1240.15185  125  426  729.00000 1486.27449   104%   765 1313s
   860   624 1141.89890  126  426  729.00000 1486.27449   104%   766 1317s
   862   625 1231.06111  127  436  729.00000 1486.27449   104%   767 1320s
   866   628 1217.47530  129  426  729.00000 1486.27449   104%   769 1325s
   868   629 1190.28320  130  433  729.00000 1486.27449   104%   772 1330s
   871   631 1300.01830  132  474  729.00000 1486.27449   104%   773 1335s
   873   633 1296.03121  133  454  729.00000 1486.27449   104%   774 1340s
   876   635 1202.02187  134  431  729.00000 1486.27449   104%   777 1346s
   878   636 1201.99636  135  425  729.00000 1486.27449   104%   779 1350s
   881   638 1284.90409  137  456  729.00000 1486.27449   104%   780 1355s
   882   639 1198.33622  137  448  729.00000 1486.27449   104%   782 1365s
   885   641 1278.99691  139  454  729.00000 1486.27449   104%   783 1370s
   886   641 1179.56332  139  433  729.00000 1486.27449   104%   786 1375s
   889   643 1276.01770  141  460  729.00000 1486.27449   104%   786 1380s
   891   645 1274.52766  142  463  729.00000 1486.27449   104%   788 1385s
   894   647 1182.12746  143  421  729.00000 1486.27449   104%   790 1390s
   897   649 1263.12229  145  455  729.00000 1486.27449   104%   791 1395s
   901   651 1261.24292  147  457  729.00000 1486.27449   104%   794 1400s
   904   653 1154.33412  148  407  729.00000 1486.27449   104%   796 1407s
   906   655 1186.18529  149  435  729.00000 1486.27449   104%   797 1410s
   910   657 1177.59338  151  428  729.00000 1486.27449   104%   798 1417s
   912   659 1094.50511  152  383  729.00000 1486.27449   104%   801 1422s
   914   660 1154.27558  153  422  729.00000 1486.27449   104%   802 1425s
H  916   636                     730.0000000 1486.27449   104%   800 1432s
H  916   613                     745.0000000 1486.27449  99.5%   800 1432s
   918   617 1134.45393  155  407  745.00000 1486.27449  99.5%   803 1437s
   920   618 1135.07154  156  424  745.00000 1486.27449  99.5%   804 1442s
   922   619 1180.18742  157  415  745.00000 1486.27449  99.5%   805 1446s
   924   621 1123.42049  158  417  745.00000 1486.27449  99.5%   806 1450s
   927   623 1235.28214  160  437  745.00000 1486.27449  99.5%   806 1455s
   929   624 1234.11871  161  443  745.00000 1486.27449  99.5%   806 1460s
   933   627 1231.24704  163  438  745.00000 1486.27449  99.5%   807 1465s
   936   629 1124.23748  164  403  745.00000 1486.27449  99.5%   810 1470s
   938   630 1146.55037  165  415  745.00000 1486.27449  99.5%   810 1476s
   940   631 1089.65119  166  412  745.00000 1486.27449  99.5%   811 1480s
H  942   610                     749.0000000 1486.27449  98.4%   810 1483s
H  942   590                     750.0000000 1486.27449  98.2%   810 1485s
H  942   570                     759.0000000 1486.27449  95.8%   810 1485s
   944   573 1106.38001  168  407  759.00000 1486.27449  95.8%   812 1490s
   948   576 1109.55846  170  396  759.00000 1486.27449  95.8%   814 1497s
   950   577 1101.01898  171  410  759.00000 1486.27449  95.8%   815 1501s
   952   578 1143.90588  172  419  759.00000 1486.27449  95.8%   815 1506s
   954   580 1121.87517  173  399  759.00000 1486.27449  95.8%   815 1510s
   957   582 1211.85310  175  442  759.00000 1486.27449  95.8%   816 1515s
   960   584 1088.78856  176  401  759.00000 1486.27449  95.8%   817 1522s
   962   585 1099.08126  177  422  759.00000 1486.27449  95.8%   818 1526s
   964   586 1085.65205  178  397  759.00000 1486.27449  95.8%   819 1530s
   967   588 1204.64217  180  432  759.00000 1486.27449  95.8%   819 1535s
   968   589 1110.23455  180  402  759.00000 1486.27449  95.8%   820 1542s
   970   590 1076.41085  181  384  759.00000 1486.27449  95.8%   821 1546s
   974   593 1116.79813  183  391  759.00000 1486.27449  95.8%   821 1551s
   978   596 1101.57824  185  391  759.00000 1486.27449  95.8%   822 1557s
   980   597 1115.02351  186  376  759.00000 1486.27449  95.8%   822 1560s
   983   599 1193.92820  188  441  759.00000 1486.27449  95.8%   822 1565s
   986   601 1090.19224  189  395  759.00000 1486.27449  95.8%   824 1571s
   988   602 1092.52591  190  380  759.00000 1486.27449  95.8%   825 1575s
   992   605 1078.38006  192  404  759.00000 1486.27449  95.8%   826 1582s
   994   606 1112.76426  193  399  759.00000 1486.27449  95.8%   826 1586s
   997   608 1182.28071  195  416  759.00000 1486.27449  95.8%   826 1590s
  1000   610 1038.90380  196  385  759.00000 1486.27449  95.8%   828 1595s
  1006   614 1058.62660  199  382  759.00000 1486.27449  95.8%   829 1601s
  1009   616 1171.54839  201  416  759.00000 1486.27449  95.8%   829 1606s
  1011   618 1167.98442  202  403  759.00000 1486.27449  95.8%   829 1610s
  1014   620 1040.09762  203  358  759.00000 1486.27449  95.8%   830 1615s
  1018   622 1060.82568  205  356  759.00000 1486.27449  95.8%   831 1622s
  1020   624 1019.71534  206  372  759.00000 1486.27449  95.8%   831 1625s
  1023   626 1160.82568  208  405  759.00000 1486.27449  95.8%   831 1630s
  1026   628 1035.26574  209  375  759.00000 1486.27449  95.8%   833 1636s
  1028   629 1100.91928  210  385  759.00000 1486.27449  95.8%   833 1640s
  1033   632 1153.85546  213  391  759.00000 1486.27449  95.8%   832 1645s
  1036   634 1073.32791  214  383  759.00000 1486.27449  95.8%   834 1650s
  1040   637 1006.08671  216  353  759.00000 1486.27449  95.8%   835 1657s
  1042   638 1040.04755  217  387  759.00000 1486.27449  95.8%   835 1661s
  1045   640 1140.58268  219  396  759.00000 1486.27449  95.8%   835 1665s
  1048   642 1037.73231  220  378  759.00000 1486.27449  95.8%   836 1673s
  1050   644 1050.56614  221  360  759.00000 1486.27449  95.8%   836 1676s
  1052   645 1036.15749  222  376  759.00000 1486.27449  95.8%   837 1680s
  1056   648 1005.18546  224  342  759.00000 1486.27449  95.8%   837 1686s
  1058   649 1011.10600  225  364  759.00000 1486.27449  95.8%   838 1690s
  1062   652 1016.05714  227  356  759.00000 1486.27449  95.8%   838 1696s
  1064   653 1021.51124  228  384  759.00000 1486.27449  95.8%   839 1700s
  1068   656 1033.49981  230  370  759.00000 1486.27449  95.8%   839 1707s
  1070   657 1034.48939  231  355  759.00000 1486.27449  95.8%   840 1711s
  1072   658 1021.96623  232  362  759.00000 1486.27449  95.8%   840 1718s
  1074   660 1035.74684  233  353  759.00000 1486.27449  95.8%   840 1721s
  1076   661  997.74639  234  350  759.00000 1486.27449  95.8%   840 1725s
  1080   664  998.90568  236  368  759.00000 1486.27449  95.8%   841 1731s
  1082   665 1012.30481  237  359  759.00000 1486.27449  95.8%   841 1735s
  1086   668 1044.97968  239  377  759.00000 1486.27449  95.8%   841 1741s
  1089   670 1111.55844  241  390  759.00000 1486.27449  95.8%   841 1745s
  1093   672 1107.10055  243  387  759.00000 1486.27449  95.8%   841 1750s
  1098   676 1032.40984  245  366  759.00000 1486.27449  95.8%   841 1759s
  1100   677  981.55051  246  340  759.00000 1486.27449  95.8%   842 1762s
  1103   679 1100.03553  248  383  759.00000 1486.27449  95.8%   841 1765s
  1106   681 1015.12580  249  340  759.00000 1486.27449  95.8%   843 1770s
  1109   683 1094.00025  251  390  759.00000 1486.27449  95.8%   842 1775s
  1113   686 1090.46711  253  384  759.00000 1486.27449  95.8%   842 1780s
  1117   688 1088.71152  255  375  759.00000 1486.27449  95.8%   842 1785s
  1120   690 1003.20901  256  370  759.00000 1486.27449  95.8%   843 1790s
  1126   694  970.19948  259  347  759.00000 1486.27449  95.8%   844 1795s

Cutting planes:
  Gomory: 5
  Zero half: 7

Explored 1131 nodes (963683 simplex iterations) in 1800.01 seconds (768.13 work units)
Thread count was 1 (of 12 available processors)

Solution count 10: 759 750 749 ... 702

Time limit reached
Best objective 7.590000000000e+02, best bound 1.486000000000e+03, gap 95.7839%
