
Gurobi 12.0.2 (linux64, C++) logging started Thu Jun 19 08:00:21 2025

Set parameter LogFile to value "log/instances/scenario2/fully_correlated_sc2/700/kpfs_1.txt.log"

Gurobi 12.0.2 (linux64, C++) logging started Thu Jun 19 08:01:43 2025

Set parameter LogFile to value "log/instances/scenario2/fully_correlated_sc2/700/kpfs_1.txt.log"

Gurobi 12.0.2 (linux64, C++) logging started Thu Jun 19 08:02:54 2025

Set parameter LogFile to value "log/instances/scenario2/fully_correlated_sc2/700/kpfs_1.txt.log"

Gurobi 12.0.2 (linux64, C++) logging started Thu Jun 19 08:03:58 2025

Set parameter LogFile to value "log/instances/scenario2/fully_correlated_sc2/700/kpfs_1.txt.log"

Gurobi 12.0.2 (linux64, C++) logging started Thu Jun 19 22:37:25 2025

Set parameter WLSAccessID
Set parameter WLSSecret
Set parameter LicenseID to value 2679381
Set parameter LogFile to value "log/instances/scenario2/fully_correlated_sc2/700/kpfs_1.txt.log"
Academic license 2679381 - for non-commercial use only - registered to be___@poli.ufrj.br
Set parameter TimeLimit to value 1800
Set parameter Threads to value 1
Gurobi Optimizer version 12.0.2 build v12.0.2rc0 (linux64 - "Ubuntu 24.04.1 LTS")

CPU model: 13th Gen Intel(R) Core(TM) i7-1355U, instruction set [SSE2|AVX|AVX2]
Thread count: 6 physical cores, 12 logical processors, using up to 1 threads

Non-default parameters:
TimeLimit  1800
Threads  1

Academic license 2679381 - for non-commercial use only - registered to be___@poli.ufrj.br
Optimize a model with 2102 rows, 2800 columns and 43263 nonzeros
Model fingerprint: 0x31534760
Variable types: 0 continuous, 2800 integer (700 binary)
Coefficient statistics:
  Matrix range     [1e+00, 3e+01]
  Objective range  [2e+00, 4e+01]
  Bounds range     [1e+00, 3e+01]
  RHS range        [1e+00, 1e+03]
Found heuristic solution: objective 127.0000000
Presolve removed 0 rows and 73 columns
Presolve time: 0.37s
Presolved: 2102 rows, 2727 columns, 43117 nonzeros
Variable types: 0 continuous, 2727 integer (700 binary)

Root simplex log...

Iteration    Objective       Primal Inf.    Dual Inf.      Time
    5171    7.9603434e+02   3.351338e+01   0.000000e+00      5s
    5782    7.9147570e+02   0.000000e+00   0.000000e+00      6s

Root relaxation: objective 7.914757e+02, 5782 iterations, 5.46 seconds (2.33 work units)

    Nodes    |    Current Node    |     Objective Bounds      |     Work
 Expl Unexpl |  Obj  Depth IntInf | Incumbent    BestBd   Gap | It/Node Time

     0     0  791.47570    0  447  127.00000  791.47570   523%     -    5s
H    0     0                     144.0000000  791.47570   450%     -    5s
H    0     0                     146.0000000  791.47570   442%     -    6s
H    0     0                     172.0000000  791.47570   360%     -    6s
H    0     0                     175.0000000  791.47570   352%     -    6s
H    0     0                     182.0000000  791.47570   335%     -    6s
H    0     0                     183.0000000  791.47570   333%     -    6s
H    0     0                     185.0000000  791.47570   328%     -    6s
H    0     0                     219.0000000  791.47570   261%     -    6s
H    0     0                     221.0000000  791.47570   258%     -    6s
H    0     0                     254.0000000  791.47570   212%     -    6s
     0     0  791.13388    0  442  254.00000  791.13388   211%     -   10s
     0     0  791.09266    0  443  254.00000  791.09266   211%     -   16s
     0     0  790.73146    0  440  254.00000  790.73146   211%     -   17s
     0     0  790.72499    0  440  254.00000  790.72499   211%     -   17s
     0     0  790.72141    0  440  254.00000  790.72141   211%     -   22s
H    0     0                     297.0000000  790.72030   166%     -   27s
H    0     0                     327.0000000  790.72030   142%     -   27s
     0     2  790.71808    0  440  327.00000  790.71808   142%     -   27s
     4     6  722.15485    2  378  327.00000  784.05947   140%  1000   31s
     8    10  700.18110    4  351  327.00000  781.32803   139%  1010   35s
    12    14  714.27728    6  379  327.00000  777.58646   138%  1227   40s
    23    25  713.22648   15  372  327.00000  775.34846   137%   943   46s
H   26    26                     329.0000000  775.34846   136%   855   47s
H   26    26                     331.0000000  775.34846   134%   855   47s
    38    40  758.85296   30  436  331.00000  775.34846   134%   649   50s
    62    64  668.08904   53  364  331.00000  775.34846   134%   495   56s
    69    71  738.52163   59  421  331.00000  775.34846   134%   506   60s
    78    80  733.50496   65  431  331.00000  775.34846   134%   521   65s
   102   104  654.37073   87  343  331.00000  775.34846   134%   487   70s
H  104   104                     342.0000000  775.34846   127%   479   71s
H  104   104                     349.0000000  775.34846   122%   479   71s
   118   120  675.14193  101  362  349.00000  775.34846   122%   464   76s
   130   132  701.78083  112  418  349.00000  775.34846   122%   451   80s
   146   148  608.81350  126  300  349.00000  775.34846   122%   448   85s
   177   179  675.56491  157  373  349.00000  775.34846   122%   395   90s
   202   204  663.69289  181  354  349.00000  775.34846   122%   369   95s
H  234   234                     352.0000000  775.34846   120%   351  108s
   234   236  645.33336  210  340  352.00000  775.34846   120%   351  110s
   250   252  587.84186  223  304  352.00000  775.34846   120%   348  115s
   268   270  623.79095  238  330  352.00000  775.34846   120%   344  120s
   303   305  608.42414  269  319  352.00000  775.34846   120%   329  125s
   327   329  547.38994  289  251  352.00000  775.34846   120%   323  130s
   363   365  533.20413  321  252  352.00000  775.34846   120%   314  135s
   410   412  503.17393  360  221  352.00000  775.34846   120%   298  140s
   485   487  496.81731  429  231  352.00000  775.34846   120%   271  145s
   550   552  426.55223  488  180  352.00000  775.34846   120%   250  150s
   685   679  688.12558    8  334  352.00000  774.17210   120%   217  155s
   687   680  571.49014  325  440  352.00000  774.17210   120%   216  171s
   689   681  680.89887  145  447  352.00000  774.17210   120%   215  178s
   690   682  681.65586  142  442  352.00000  774.17210   120%   215  182s
   694   685  773.31269   11  440  352.00000  774.17210   120%   214  185s
   696   688  774.17210   14  447  352.00000  774.17210   120%   223  190s
   698   689  774.17210   15  454  352.00000  774.17210   120%   226  195s
   701   691  715.60324   16  349  352.00000  774.17210   120%   229  200s
   705   694  699.04042   18  349  352.00000  774.17210   120%   236  207s
   707   695  715.27116   19  377  352.00000  774.17210   120%   240  211s
   710   697  772.98092   21  454  352.00000  774.17210   120%   243  215s
   713   699  722.75150   22  375  352.00000  770.63868   119%   249  220s
   717   702  712.21492   24  379  352.00000  766.46763   118%   253  228s
   719   703  699.79039   25  361  352.00000  764.98521   117%   257  232s
   721   705  662.49390   26  336  352.00000  763.63656   117%   260  236s
   724   707  759.05450   28  459  352.00000  760.58224   116%   262  240s
   728   709  754.50632   30  452  352.00000  760.51725   116%   268  245s
   731   711  691.72665   31  369  352.00000  760.51725   116%   272  251s
   735   714  688.46247   33  357  352.00000  760.51725   116%   277  255s
   739   717  663.34854   35  341  352.00000  760.51725   116%   281  260s
   743   719  672.68113   37  363  352.00000  760.51725   116%   287  265s
   746   721  742.48918   39  440  352.00000  760.51725   116%   289  270s
   749   723  684.55282   40  375  352.00000  760.51725   116%   294  275s
   752   725  739.36867   42  441  352.00000  760.51725   116%   296  281s
   755   727  676.20350   43  376  352.00000  760.51725   116%   300  287s
   757   729  687.24481   44  373  352.00000  760.51725   116%   304  290s
   759   730  698.43615   45  395  352.00000  760.51725   116%   305  295s
   763   733  677.77338   47  366  352.00000  760.51725   116%   310  300s
   767   735  654.34016   49  344  352.00000  760.51725   116%   314  306s
   770   737  727.00052   51  439  352.00000  760.51725   116%   316  310s
H  773   702                     355.0000000  760.51725   114%   319  314s
   773   704  660.50597   52  359  355.00000  760.51725   114%   321  315s
   777   707  670.60352   54  369  355.00000  760.51725   114%   324  320s
   781   710  664.55549   56  371  355.00000  760.51725   114%   328  327s
   783   711  648.28979   57  347  355.00000  760.51725   114%   330  330s
   786   713  717.36033   59  433  355.00000  760.51725   114%   333  335s
   790   716  716.12246   61  426  355.00000  760.51725   114%   336  340s
   793   718  653.82803   62  348  355.00000  760.51725   114%   341  345s
   796   720  713.09339   64  440  355.00000  760.51725   114%   342  357s
   797   720  650.03084   64  345  355.00000  760.51725   114%   344  360s
H  799   687                     362.0000000  760.51725   110%   344  362s
H  799   656                     368.0000000  760.51725   107%   344  362s
H  799   627                     370.0000000  760.51725   106%   344  362s
   803   631  635.83904   67  335  370.00000  760.51725   106%   350  367s
   806   633  707.52695   69  438  370.00000  760.51725   106%   352  370s
   808   635  706.26661   70  427  370.00000  760.51725   106%   355  378s
   809   635  650.99156   70  353  370.00000  760.51725   106%   356  380s
   813   638  639.16885   72  359  370.00000  760.51725   106%   359  385s
   817   641  633.25472   74  345  370.00000  760.51725   106%   363  391s
   819   642  605.95057   75  323  370.00000  760.51725   106%   365  395s
   823   645  650.48339   77  364  370.00000  760.51725   106%   369  400s
   827   647  611.93976   79  330  370.00000  760.51725   106%   375  407s
   829   649  609.19256   80  331  370.00000  760.51725   106%   376  410s
   835   653  638.03057   83  356  370.00000  760.51725   106%   382  416s
   838   655  689.46140   85  433  370.00000  760.51725   106%   384  420s
   842   657  688.59687   87  427  370.00000  760.51725   106%   386  425s
   845   659  610.51198   88  330  370.00000  760.51725   106%   391  431s
   846   660  686.34343   89  422  370.00000  760.51725   106%   391  435s
   849   662  635.19600   90  358  370.00000  760.51725   106%   393  440s
   853   665  616.73633   92  350  370.00000  760.51725   106%   398  445s
   857   667  626.76474   94  356  370.00000  760.51725   106%   400  450s
   861   670  624.53149   96  347  370.00000  760.51725   106%   404  456s
   864   672  672.22239   98  430  370.00000  760.51725   106%   405  460s
   868   675  669.87694  100  424  370.00000  760.51725   106%   408  465s
   874   679  666.81061  103  420  370.00000  760.51725   106%   413  470s
   878   681  664.73620  105  428  370.00000  760.51725   106%   417  475s
   882   684  664.15580  107  419  370.00000  760.51725   106%   419  480s
   885   686  610.82670  108  350  370.00000  760.51725   106%   423  485s
   889   689  592.40865  110  324  370.00000  760.51725   106%   426  490s
   893   691  612.39005  112  346  370.00000  760.51725   106%   429  496s
   897   694  567.52630  114  326  370.00000  760.51725   106%   432  501s
   901   697  580.77279  116  324  370.00000  760.51725   106%   435  506s
   903   698  589.26833  117  362  370.00000  760.51725   106%   436  510s
   909   702  599.19282  120  339  370.00000  760.51725   106%   440  519s
   911   703  582.09434  121  343  370.00000  760.51725   106%   442  521s
   915   706  580.32363  123  319  370.00000  760.51725   106%   445  527s
   917   707  588.57932  124  349  370.00000  760.51725   106%   446  530s
   921   710  575.45797  126  332  370.00000  760.51725   106%   448  535s
   925   713  582.26925  128  338  370.00000  760.51725   106%   451  540s
   929   715  579.03641  130  339  370.00000  760.51725   106%   455  546s
   932   717  642.58996  132  401  370.00000  760.51725   106%   455  553s
   933   718  572.20648  132  331  370.00000  760.51725   106%   457  555s
   936   720  639.67631  134  396  370.00000  760.51725   106%   458  560s
   940   723  638.20527  136  402  370.00000  760.51725   106%   460  566s
   943   725  589.43234  137  348  370.00000  760.51725   106%   462  570s
   949   729  577.31719  140  328  370.00000  760.51725   106%   466  575s
   953   731  570.86890  142  328  370.00000  760.51725   106%   468  580s
   957   734  594.43421  144  348  370.00000  760.51725   106%   471  585s
   961   737  557.42453  146  323  370.00000  760.51725   106%   472  590s
   965   739  563.35497  148  334  370.00000  760.51725   106%   475  596s
   969   742  554.58371  150  317  370.00000  760.51725   106%   477  600s
   975   746  561.46698  153  329  370.00000  760.51725   106%   480  605s
   979   749  578.79655  155  339  370.00000  760.51725   106%   481  619s
   980   749  623.07840  156  403  370.00000  760.51725   106%   481  620s
   981   750  562.18841  156  312  370.00000  760.51725   106%   482  628s
   983   751  532.67988  157  295  370.00000  760.51725   106%   484  631s
   987   754  532.94420  159  294  370.00000  760.51725   106%   485  635s
   991   757  551.79936  161  339  370.00000  760.51725   106%   487  640s
   993   758  560.64770  162  318  370.00000  760.51725   106%   487  662s
   997   761  552.10187  164  305  370.00000  760.51725   106%   489  666s
  1001   763  573.25770  166  345  370.00000  760.51725   106%   490  670s
  1006   767  612.58748  169  384  370.00000  760.51725   106%   491  675s
  1007   767  542.95183  169  308  370.00000  760.51725   106%   491  681s
  1013   771  562.70295  172  312  370.00000  760.51725   106%   495  686s
  1016   773  609.38687  174  389  370.00000  760.51725   106%   495  690s
  1019   775  541.69151  175  307  370.00000  760.51725   106%   497  696s
  1023   778  540.01905  177  296  370.00000  760.51725   106%   498  701s
  1026   780  607.04157  179  386  370.00000  760.51725   106%   498  705s
  1029   782  572.23821  180  343  370.00000  760.51725   106%   501  711s
  1033   785  541.06430  182  316  370.00000  760.51725   106%   502  717s
  1035   786  545.35667  183  320  370.00000  760.51725   106%   503  720s
  1038   788  598.38936  185  382  370.00000  760.51725   106%   503  726s
  1041   790  548.92723  186  309  370.00000  760.51725   106%   505  730s
  1045   793  556.22943  188  336  370.00000  760.51725   106%   506  736s
  1049   795  542.80401  190  308  370.00000  760.51725   106%   507  741s
  1053   798  503.40062  192  286  370.00000  760.51725   106%   509  746s
  1056   800  592.91292  194  386  370.00000  760.51725   106%   510  750s
  1059   802  540.95361  195  323  370.00000  760.51725   106%   512  755s
  1062   804  590.91052  197  389  370.00000  760.51725   106%   512  760s
  1067   807  511.93254  199  276  370.00000  760.51725   106%   514  765s
  1073   811  516.63750  202  305  370.00000  760.51725   106%   516  770s
  1077   814  523.40859  204  311  370.00000  760.51725   106%   517  776s
  1081   817  496.58884  206  297  370.00000  760.51725   106%   518  781s
  1085   819  535.61915  208  305  370.00000  760.51725   106%   519  786s
  1089   822  503.46425  210  304  370.00000  760.51725   106%   520  792s
  1091   823  525.26588  211  304  370.00000  760.51725   106%   521  795s
  1095   826  527.50252  213  322  370.00000  760.51725   106%   522  800s
  1099   829  501.31324  215  287  370.00000  760.51725   106%   523  805s
  1104   832  577.25473  218  374  370.00000  760.51725   106%   524  810s
  1107   834  522.33186  219  318  370.00000  760.51725   106%   525  815s
  1111   837  505.10522  221  309  370.00000  760.51725   106%   526  820s
  1115   839  533.24382  223  311  370.00000  760.51725   106%   527  826s
  1119   842  530.00469  225  316  370.00000  760.51725   106%   528  831s
  1123   845  516.65597  227  314  370.00000  760.51725   106%   528  835s
  1129   849  504.82706  230  304  370.00000  760.51725   106%   530  840s
  1137   854  500.55578  234  304  370.00000  760.51725   106%   531  845s
  1142   857  564.83756  237  355  370.00000  760.51725   106%   532  850s
  1147   861  524.35129  239  339  370.00000  760.51725   106%   533  855s
H 1151   833                     376.0000000  760.51725   102%   532  865s
  1155   838  503.29878  243  298  376.00000  760.51725   102%   534  870s
  1161   842  506.55563  246  294  376.00000  760.51725   102%   535  875s
  1167   846  499.30774  249  284  376.00000  760.51725   102%   536  880s
  1173   850  502.57542  252  296  376.00000  760.51725   102%   537  886s
  1178   853  552.41016  255  361  376.00000  760.51725   102%   537  890s
  1183   857  496.93211  257  312  376.00000  760.51725   102%   538  895s
  1189   861  518.18610  260  306  376.00000  760.51725   102%   539  900s
  1199   867  479.46769  265  281  376.00000  760.51725   102%   541  905s
  1206   872  541.00224  269  334  376.00000  760.51725   102%   541  910s
  1211   875  486.73551  271  285  376.00000  760.51725   102%   542  915s
  1217   879  476.91303  274  297  376.00000  760.51725   102%   543  920s
  1223   883  459.82512  277  286  376.00000  760.51725   102%   544  927s
  1227   886  464.09816  279  276  376.00000  760.51725   102%   544  930s
  1233   890  455.06001  282  269  376.00000  760.51725   102%   545  936s
  1238   893  522.65416  285  340  376.00000  760.51725   102%   545  940s
  1249   901  461.99920  290  274  376.00000  760.51725   102%   547  945s
  1256   905  511.62237  294  333  376.00000  760.51725   102%   547  950s
  1262   909  509.46745  297  324  376.00000  760.51725   102%   548  955s
  1267   913  454.29592  299  287  376.00000  760.51725   102%   549  960s
  1273   917  463.68841  302  287  376.00000  760.51725   102%   549  965s
  1279   921  437.72571  305  271  376.00000  760.51725   102%   550  970s
  1285   925  433.41205  308  263  376.00000  760.51725   102%   551  975s
  1291   929  442.46976  311  264  376.00000  760.51725   102%   551  980s
  1299   934  453.41547  315  276  376.00000  760.51725   102%   552  985s
  1305   938  434.97446  318  270  376.00000  760.51725   102%   553  990s
  1315   945  412.36851  323  253  376.00000  760.51725   102%   554  995s
  1321   949  425.02425  326  283  376.00000  760.51725   102%   554 1000s
  1327   953  430.92699  329  269  376.00000  760.51725   102%   555 1005s
  1333   957  433.22248  332  278  376.00000  760.51725   102%   555 1010s
  1339   961  404.24201  335  267  376.00000  760.51725   102%   555 1015s
  1345   965  428.32709  338  273  376.00000  760.51725   102%   556 1020s
  1351   969  428.76474  341  275  376.00000  760.51725   102%   556 1025s
  1356   972  466.42435  344  316  376.00000  760.51725   102%   556 1030s
  1363   977  424.07621  347  281  376.00000  760.51725   102%   557 1035s
  1369   981  412.03232  350  250  376.00000  760.51725   102%   557 1040s
  1376   985  456.37384  354  310  376.00000  760.51725   102%   557 1045s
  1383   990  382.33154  357  242  376.00000  760.51725   102%   558 1050s
  1389   994  396.33540  360  243  376.00000  760.51725   102%   558 1055s
  1395   998  405.66855  363  257  376.00000  760.51725   102%   558 1060s
  1401  1002  401.55264  366  272  376.00000  760.51725   102%   558 1065s
  1412  1007  439.03978  372  290  376.00000  760.51725   102%   558 1070s
  1424  1011  435.33964  378  298  376.00000  760.51725   102%   558 1075s
  1432  1017  428.52040  382  297  376.00000  760.51725   102%   558 1080s
  1440  1018  424.67997  386  294  376.00000  760.51725   102%   558 1085s
  1447  1017  380.21946  389  259  376.00000  760.51725   102%   558 1090s
  1452  1016  421.20305  392  290  376.00000  760.51725   102%   558 1096s
  1460  1017  415.08664  396  283  376.00000  760.51725   102%   557 1100s
  1471  1015     cutoff  401       376.00000  760.51725   102%   556 1105s
  1484  1011  408.81215  408  280  376.00000  760.51725   102%   554 1110s
  1499  1005     cutoff  415       376.00000  760.51725   102%   551 1115s
  1515  1000     cutoff  423       376.00000  760.51725   102%   548 1120s
  1536   994  383.95169  434  255  376.00000  760.51725   102%   543 1125s
  1558   985  758.32065   16  401  376.00000  760.39049   102%   537 1130s
  1561   987  752.12578   18  401  376.00000  760.39049   102%   537 1135s
  1565   989  747.40093   20  391  376.00000  760.39049   102%   538 1140s
  1568   991  668.04265   21  298  376.00000  760.39049   102%   539 1145s
  1572   994  678.28820   23  298  376.00000  760.39049   102%   539 1150s
  1576   997  663.56341   25  314  376.00000  760.39049   102%   540 1155s
  1580   999  690.77880   27  348  376.00000  760.39049   102%   541 1161s
  1583  1001  729.56938   29  390  376.00000  760.39049   102%   541 1165s
  1587  1004  726.12369   31  388  376.00000  760.39049   102%   542 1170s
  1594  1009  653.63425   34  327  376.00000  760.39049   102%   544 1175s
  1600  1013  664.95759   37  318  376.00000  760.39049   102%   545 1180s
  1605  1016  709.87674   40  377  376.00000  760.39049   102%   545 1185s
  1609  1019  706.24685   42  362  376.00000  760.39049   102%   546 1190s
  1612  1021  643.29936   43  317  376.00000  760.39049   102%   547 1196s
  1616  1023  634.69404   45  314  376.00000  760.39049   102%   547 1201s
  1620  1026  635.40925   47  316  376.00000  760.39049   102%   548 1205s
  1624  1029  588.19022   49  276  376.00000  760.39049   102%   549 1221s
  1628  1031  600.55439   51  300  376.00000  760.39049   102%   550 1226s
  1632  1034  622.20923   53  310  376.00000  760.39049   102%   550 1231s
  1636  1037  618.88404   55  285  376.00000  760.39049   102%   551 1235s
  1641  1040  684.81524   58  374  376.00000  760.39049   102%   551 1240s
  1648  1045  623.35995   61  307  376.00000  760.39049   102%   552 1245s
  1655  1049  676.65413   65  374  376.00000  760.39049   102%   553 1250s
  1660  1053  614.38789   67  294  376.00000  760.39049   102%   554 1255s
  1664  1055  595.07385   69  292  376.00000  760.39049   102%   555 1261s
  1668  1058  607.46305   71  319  376.00000  760.39049   102%   556 1266s
  1672  1061  571.70174   73  285  376.00000  760.39049   102%   556 1270s
  1677  1064  664.83389   76  379  376.00000  760.39049   102%   557 1290s
  1681  1067  662.77112   78  374  376.00000  760.39049   102%   557 1295s
  1686  1070  610.27427   80  311  376.00000  760.39049   102%   558 1300s
  1692  1074  604.62817   83  307  376.00000  760.39049   102%   559 1306s
  1697  1077  648.38093   86  374  376.00000  760.39049   102%   559 1310s
  1703  1081  641.45294   89  373  376.00000  760.39049   102%   560 1315s
  1709  1085  639.09131   92  370  376.00000  760.39049   102%   561 1320s
  1716  1090  557.98213   95  273  376.00000  760.39049   102%   562 1325s
  1720  1093  565.26920   97  289  376.00000  760.39049   102%   562 1330s
  1726  1097  560.31445  100  278  376.00000  760.39049   102%   563 1335s
  1730  1099  540.85432  102  291  376.00000  760.39049   102%   564 1340s
  1736  1103  548.47419  105  264  376.00000  760.39049   102%   565 1346s
  1740  1106  561.49142  107  293  376.00000  760.39049   102%   565 1350s
  1746  1110  551.83525  110  265  376.00000  760.39049   102%   566 1356s
  1754  1115  567.36710  114  293  376.00000  760.39049   102%   567 1361s
  1758  1118  541.04903  116  269  376.00000  760.39049   102%   567 1365s
  1766  1123  537.97183  120  275  376.00000  760.39049   102%   568 1370s
  1772  1127  547.37370  123  274  376.00000  760.39049   102%   569 1376s
  1776  1130  543.43397  125  300  376.00000  760.39049   102%   569 1380s
  1782  1134  510.96538  128  270  376.00000  760.39049   102%   570 1386s
  1786  1137  530.79581  130  264  376.00000  760.39049   102%   570 1390s
  1791  1140  608.86401  133  362  376.00000  760.39049   102%   571 1395s
  1796  1143  565.44196  135  301  376.00000  760.39049   102%   571 1400s
  1802  1147  550.86595  138  287  376.00000  760.39049   102%   572 1405s
  1812  1154  546.52911  143  278  376.00000  760.39049   102%   572 1410s
  1820  1159  519.00228  147  250  376.00000  760.39049   102%   573 1415s
  1828  1165  523.94126  151  277  376.00000  760.39049   102%   574 1420s
  1836  1170  522.96728  155  289  376.00000  760.39049   102%   574 1425s
  1843  1175  580.83067  159  353  376.00000  760.39049   102%   575 1430s
  1850  1179  519.02551  162  289  376.00000  760.39049   102%   576 1435s
  1858  1185  515.71204  166  287  376.00000  760.39049   102%   577 1440s
  1866  1190  491.95281  170  257  376.00000  760.39049   102%   578 1445s
  1874  1195  494.67470  174  264  376.00000  760.39049   102%   579 1450s
  1882  1201  485.47573  178  256  376.00000  760.39049   102%   579 1455s
  1892  1207  501.85008  183  273  376.00000  760.39049   102%   580 1460s
  1898  1211  501.14247  186  267  376.00000  760.39049   102%   580 1465s
  1906  1217  457.64463  190  255  376.00000  760.39049   102%   581 1470s
  1914  1222  453.73684  194  237  376.00000  760.39049   102%   582 1477s
  1919  1225  539.61628  197  345  376.00000  760.39049   102%   582 1480s
  1932  1234  447.75624  203  260  376.00000  760.39049   102%   583 1485s
  1942  1241  481.13761  208  258  376.00000  760.39049   102%   583 1490s
  1949  1245  527.27436  212  339  376.00000  760.39049   102%   584 1495s
  1954  1249  461.16962  214  271  376.00000  760.39049   102%   584 1500s
  1962  1254  430.59572  218  227  376.00000  760.39049   102%   585 1506s
  1968  1258  483.59962  221  278  376.00000  760.39049   102%   585 1510s
  1975  1263  516.49822  225  317  376.00000  760.39049   102%   585 1598s
  1976  1263  440.19967  225  263  376.00000  760.39049   102%   585 1603s
  1978  1265  437.88893  226  243  376.00000  760.39049   102%   585 1605s
  1984  1269  435.65870  229  249  376.00000  760.39049   102%   586 1611s
  1991  1273  507.93685  233  342  376.00000  760.39049   102%   586 1615s
  2004  1282  451.42935  239  256  376.00000  760.39049   102%   587 1620s
  2014  1289  428.14959  244  247  376.00000  760.39049   102%   587 1625s
  2020  1293  429.31005  247  233  376.00000  760.39049   102%   587 1630s
  2030  1299  427.21676  252  241  376.00000  760.39049   102%   587 1635s
  2042  1307  426.67581  258  254  376.00000  760.39049   102%   588 1641s
  2050  1313  431.56521  262  237  376.00000  760.39049   102%   588 1645s
  2058  1318  412.04733  266  241  376.00000  760.39049   102%   588 1650s
  2066  1323  416.77278  270  235  376.00000  760.39049   102%   588 1655s
  2076  1330  411.56778  275  241  376.00000  760.39049   102%   588 1660s
  2082  1334  421.45366  278  254  376.00000  760.39049   102%   588 1665s
  2090  1339  417.74360  282  261  376.00000  760.39049   102%   588 1670s
  2100  1346  403.00901  287  246  376.00000  760.39049   102%   588 1675s
  2110  1353  392.29479  292  233  376.00000  760.39049   102%   589 1680s
  2118  1357  379.36479  296  218  376.00000  760.39049   102%   588 1685s
  2128  1364  392.04023  301  228  376.00000  760.39049   102%   588 1690s
  2138  1370  380.92100  306  226  376.00000  760.39049   102%   588 1696s
  2146  1373  378.70205  310  232  376.00000  760.39049   102%   588 1703s
  2148  1374  400.36263  311  249  376.00000  760.39049   102%   588 1705s
  2160  1377  380.47631  317  229  376.00000  760.39049   102%   588 1710s
  2170  1379  386.75660  322  237  376.00000  760.39049   102%   587 1715s
  2189  1378  425.35015  332  294  376.00000  760.39049   102%   586 1720s
  2220  1367     cutoff  347       376.00000  760.39049   102%   583 1725s
  2240  1362     cutoff  357       376.00000  760.39049   102%   581 1730s
  2268  1353     cutoff  371       376.00000  760.39049   102%   577 1735s
  2304  1348     cutoff  389       376.00000  760.39049   102%   570 1740s
H 2338  1329                     380.0000000  727.55534  91.5%   564 1798s
  2338  1331  672.42936   17  311  380.00000  727.55534  91.5%   564 1800s

Cutting planes:
  Gomory: 4

Explored 2339 nodes (1324838 simplex iterations) in 1800.02 seconds (769.09 work units)
Thread count was 1 (of 12 available processors)

Solution count 10: 380 376 370 ... 331

Time limit reached
Best objective 3.800000000000e+02, best bound 7.270000000000e+02, gap 91.3158%
