
Gurobi 12.0.2 (linux64, C++) logging started Thu Jun 19 08:00:21 2025

Set parameter LogFile to value "log/instances/scenario2/fully_correlated_sc2/700/kpfs_8.txt.log"

Gurobi 12.0.2 (linux64, C++) logging started Thu Jun 19 08:01:44 2025

Set parameter LogFile to value "log/instances/scenario2/fully_correlated_sc2/700/kpfs_8.txt.log"

Gurobi 12.0.2 (linux64, C++) logging started Thu Jun 19 08:02:55 2025

Set parameter LogFile to value "log/instances/scenario2/fully_correlated_sc2/700/kpfs_8.txt.log"

Gurobi 12.0.2 (linux64, C++) logging started Fri Jun 20 02:37:26 2025

Set parameter WLSAccessID
Set parameter WLSSecret
Set parameter LicenseID to value 2679381
Set parameter LogFile to value "log/instances/scenario2/fully_correlated_sc2/700/kpfs_8.txt.log"
Academic license 2679381 - for non-commercial use only - registered to be___@poli.ufrj.br
Set parameter TimeLimit to value 1800
Set parameter Threads to value 1
Gurobi Optimizer version 12.0.2 build v12.0.2rc0 (linux64 - "Ubuntu 24.04.1 LTS")

CPU model: 13th Gen Intel(R) Core(TM) i7-1355U, instruction set [SSE2|AVX|AVX2]
Thread count: 6 physical cores, 12 logical processors, using up to 1 threads

Non-default parameters:
TimeLimit  1800
Threads  1

Academic license 2679381 - for non-commercial use only - registered to be___@poli.ufrj.br
Optimize a model with 2102 rows, 2800 columns and 43941 nonzeros
Model fingerprint: 0x9d57da25
Variable types: 0 continuous, 2800 integer (700 binary)
Coefficient statistics:
  Matrix range     [1e+00, 3e+01]
  Objective range  [2e+00, 4e+01]
  Bounds range     [1e+00, 3e+01]
  RHS range        [1e+00, 1e+03]
Found heuristic solution: objective 118.0000000
Presolve removed 0 rows and 66 columns
Presolve time: 0.26s
Presolved: 2102 rows, 2734 columns, 43809 nonzeros
Variable types: 0 continuous, 2734 integer (700 binary)

Root relaxation: objective 7.653778e+02, 5872 iterations, 4.23 seconds (2.30 work units)

    Nodes    |    Current Node    |     Objective Bounds      |     Work
 Expl Unexpl |  Obj  Depth IntInf | Incumbent    BestBd   Gap | It/Node Time

     0     0  765.37778    0  443  118.00000  765.37778   549%     -    4s
H    0     0                     120.0000000  765.37778   538%     -    4s
H    0     0                     143.0000000  765.37778   435%     -    4s
H    0     0                     166.0000000  765.37778   361%     -    4s
H    0     0                     175.0000000  765.37778   337%     -    4s
H    0     0                     199.0000000  765.37778   285%     -    4s
H    0     0                     207.0000000  765.37778   270%     -    4s
H    0     0                     210.0000000  765.37778   264%     -    5s
H    0     0                     215.0000000  765.37778   256%     -    5s
H    0     0                     229.0000000  765.37778   234%     -    5s
     0     0  764.53286    0  442  229.00000  764.53286   234%     -    8s
     0     0  764.52381    0  436  229.00000  764.52381   234%     -   15s
     0     0  764.21557    0  440  229.00000  764.21557   234%     -   18s
     0     0  764.21387    0  440  229.00000  764.21387   234%     -   19s
H    0     0                     288.0000000  764.21075   165%     -   20s
     0     2  764.21075    0  440  288.00000  764.21075   165%     -   20s
     6     8  683.50139    3  376  288.00000  755.76765   162%  1162   25s
    14    16  647.91522    8  335  288.00000  751.67755   161%  1301   31s
H   26    26                     314.0000000  751.67755   139%   844   34s
    27    29  737.96326   20  433  314.00000  751.67755   139%   835   35s
    47    49  663.96019   38  360  314.00000  751.67755   139%   669   40s
    70    72  659.72452   60  360  314.00000  751.67755   139%   528   45s
    80    82  658.99801   68  356  314.00000  751.67755   139%   541   50s
    97    99  699.25521   83  421  314.00000  751.67755   139%   516   55s
   114   116  689.26512   98  420  314.00000  751.67755   139%   504   60s
H  130   130                     317.0000000  751.67755   137%   460   62s
   148   150  674.50959  129  406  317.00000  751.67755   137%   448   65s
H  156   156                     318.0000000  751.67755   136%   433   65s
   186   188  575.76452  164  285  318.00000  751.67755   136%   408   70s
   227   229  633.17430  201  351  318.00000  751.67755   136%   379   75s
   258   260  542.87107  227  265  318.00000  751.67755   136%   372   80s
H  260   260                     331.0000000  751.67755   127%   370   82s
H  260   260                     341.0000000  751.67755   120%   370   84s
   263   265  540.27990  230  268  341.00000  751.67755   120%   377   85s
   294   296  539.28682  259  258  341.00000  751.67755   120%   356   90s
   334   336  533.08767  296  252  341.00000  751.67755   120%   335   95s
   395   397  507.91036  351  247  341.00000  751.67755   120%   310  100s
   504   506  464.40366  451  208  341.00000  751.67755   120%   270  105s
   706   701  342.01980  631  123  341.00000  751.67755   120%   217  110s
   709   700  676.22628    5  352  341.00000  750.21959   120%   219  123s
   711   701  743.28133   13  440  341.00000  750.21959   120%   218  136s
   713   702  474.15868  475  443  341.00000  750.21959   120%   217  141s
   714   703  361.60768  592  442  341.00000  750.21959   120%   217  146s
   717   705  602.76053  254  440  341.00000  750.21959   120%   216  151s
   719   708  701.50259   12  390  341.00000  750.21959   120%   228  155s
   723   711  697.36003   14  386  341.00000  750.21959   120%   233  161s
   725   712  682.62719   15  375  341.00000  750.21959   120%   235  165s
   729   715  672.80101   17  362  341.00000  749.02914   120%   245  172s
   731   716  679.11491   18  375  341.00000  747.44412   119%   249  175s
   735   719  680.86295   20  379  341.00000  743.57696   118%   254  180s
   739   722  660.07769   22  353  341.00000  739.07397   117%   260  186s
   743   724  662.29807   24  343  341.00000  733.72902   115%   265  190s
   748   728  728.50751   27  440  341.00000  729.78618   114%   271  195s
   751   730  659.59108   28  355  341.00000  727.38916   113%   277  200s
   755   732  659.57387   30  349  341.00000  723.63289   112%   281  205s
   759   735  660.56342   32  355  341.00000  721.31334   112%   286  211s
   763   738  673.42719   34  374  341.00000  716.55666   110%   290  216s
   766   740  713.83126   36  441  341.00000  715.36782   110%   294  220s
   769   742  658.64194   37  369  341.00000  713.04314   109%   297  225s
   773   744  639.09120   39  368  341.00000  709.82464   108%   303  231s
   777   747  640.78597   41  361  341.00000  707.23080   107%   307  235s
   783   751  633.23141   44  361  341.00000  707.23080   107%   315  245s
   787   754  624.32246   46  356  341.00000  707.23080   107%   319  250s
   791   756  633.27089   48  352  341.00000  707.23080   107%   324  256s
   793   758  618.57623   49  347  341.00000  707.23080   107%   326  260s
   797   760  633.60384   51  368  341.00000  707.23080   107%   331  266s
   800   762  692.99631   53  441  341.00000  707.23080   107%   333  270s
   803   764  619.44268   54  340  341.00000  707.23080   107%   339  276s
   805   766  622.13648   55  346  341.00000  707.23080   107%   341  280s
   809   768  647.36723   57  394  341.00000  707.23080   107%   343  287s
   811   770  644.99754   58  360  341.00000  707.23080   107%   346  290s
   815   772  614.44379   60  346  341.00000  707.23080   107%   350  296s
   818   774  681.59697   62  430  341.00000  707.23080   107%   353  300s
   821   776  606.38355   63  354  341.00000  707.23080   107%   356  305s
   825   779  613.01897   65  327  341.00000  707.23080   107%   361  311s
   827   780  616.51844   66  358  341.00000  707.23080   107%   362  315s
   831   783  612.01027   68  334  341.00000  707.23080   107%   365  321s
   834   785  674.49663   70  437  341.00000  707.23080   107%   369  325s
   837   787  602.96020   71  349  341.00000  707.23080   107%   372  330s
   841   790  584.57730   73  342  341.00000  707.23080   107%   377  337s
   843   791  627.82553   74  364  341.00000  707.23080   107%   378  340s
   846   793  667.25952   76  427  341.00000  707.23080   107%   380  348s
H  847   756                     345.0000003  707.23080   105%   379  349s
   848   758  665.97765   77  435  345.00000  707.23080   105%   381  350s
   854   762  663.04204   80  428  345.00000  707.23080   105%   387  355s
   859   766  588.00315   82  342  345.00000  707.23080   105%   394  362s
   861   767  608.16078   83  352  345.00000  707.23080   105%   395  365s
   865   770  593.59135   85  338  345.00000  707.23080   105%   397  371s
   867   771  595.71397   86  353  345.00000  707.23080   105%   398  383s
   869   772  583.83988   87  337  345.00000  707.23080   105%   402  387s
   871   774  595.64918   88  335  345.00000  707.23080   105%   403  390s
   875   776  573.24120   90  337  345.00000  707.23080   105%   406  395s
   879   779  581.28251   92  344  345.00000  707.23080   105%   409  400s
   883   782  578.85805   94  342  345.00000  707.23080   105%   414  407s
   885   783  587.09971   95  359  345.00000  707.23080   105%   415  410s
   889   786  597.02480   97  358  345.00000  707.23080   105%   419  415s
   894   789  641.53300  100  435  345.00000  707.23080   105%   422  420s
   899   792  564.47505  102  335  345.00000  707.23080   105%   428  425s
   905   796  578.53378  105  340  345.00000  707.23080   105%   434  431s
   909   799  582.98979  107  355  345.00000  707.23080   105%   436  438s
   911   800  570.31466  108  340  345.00000  707.23080   105%   437  440s
   915   803  573.24705  110  352  345.00000  707.23080   105%   441  446s
   919   806  563.05153  112  337  345.00000  707.23080   105%   443  451s
   923   808  551.71797  114  318  345.00000  707.23080   105%   446  455s
   927   811  556.87622  116  343  345.00000  707.23080   105%   450  460s
   931   814  567.80571  118  335  345.00000  707.23080   105%   452  466s
   935   816  575.34242  120  363  345.00000  707.23080   105%   454  471s
   937   818  555.52071  121  347  345.00000  707.23080   105%   457  475s
   941   820  551.42294  123  323  345.00000  707.23080   105%   459  480s
   945   823  565.89007  125  342  345.00000  707.23080   105%   461  485s
   949   826  542.96894  127  332  345.00000  707.23080   105%   465  490s
   954   829  616.97588  130  432  345.00000  707.23080   105%   467  495s
   958   832  614.22704  132  423  345.00000  707.23080   105%   469  500s
   961   834  557.60958  133  345  345.00000  707.23080   105%   472  505s
   965   836  551.46488  135  319  345.00000  707.23080   105%   474  510s
   969   839  547.92701  137  323  345.00000  707.23080   105%   476  515s
   973   842  536.98990  139  312  345.00000  707.23080   105%   480  536s
   976   844  601.27747  141  424  345.00000  707.23080   105%   481  540s
   979   846  532.64632  142  317  345.00000  707.23080   105%   483  551s
   982   848  599.14527  144  420  345.00000  707.23080   105%   484  555s
   985   850  555.98949  145  338  345.00000  707.23080   105%   487  560s
   989   852  546.57026  147  352  345.00000  707.23080   105%   489  566s
   993   855  544.49512  149  341  345.00000  707.23080   105%   492  572s
   996   857  593.04547  151  415  345.00000  707.23080   105%   493  576s
   999   859  547.01072  152  341  345.00000  707.23080   105%   495  580s
  1004   862  591.55948  155  408  345.00000  707.23080   105%   498  585s
  1007   864  531.21599  156  324  345.00000  707.23080   105%   499  590s
  1011   867  529.31793  158  331  345.00000  707.23080   105%   501  596s
  1016   870  586.75532  161  398  345.00000  707.23080   105%   503  600s
  1021   874  524.97798  163  324  345.00000  707.23080   105%   506  605s
  1025   876  539.68546  165  335  345.00000  707.23080   105%   508  611s
  1029   879  515.28043  167  306  345.00000  707.23080   105%   510  622s
  1033   882  524.28529  169  339  345.00000  707.23080   105%   511  626s
  1037   884  513.96594  171  324  345.00000  707.23080   105%   514  630s
  1042   888  577.01164  174  402  345.00000  707.23080   105%   515  635s
  1047   891  512.62390  176  324  345.00000  707.23080   105%   517  640s
  1051   894  525.61451  178  332  345.00000  707.23080   105%   520  645s
  1055   896  518.12841  180  317  345.00000  707.23080   105%   522  650s
  1060   900  569.07640  183  398  345.00000  707.23080   105%   523  655s
  1065   903  503.86624  185  326  345.00000  707.23080   105%   526  660s
  1069   906  483.35780  187  295  345.00000  707.23080   105%   528  665s
  1075   910  492.36127  190  300  345.00000  707.23080   105%   530  670s
  1081   914  502.13909  193  325  345.00000  707.23080   105%   534  677s
  1084   916  555.10457  195  386  345.00000  707.23080   105%   534  680s
  1089   919  495.38802  197  301  345.00000  707.23080   105%   536  685s
  1093   922  489.64458  199  307  345.00000  707.23080   105%   537  690s
  1097   924  489.80402  201  328  345.00000  707.23080   105%   538  695s
  1102   928  548.75100  204  383  345.00000  707.23080   105%   539  700s
  1107   931  503.57265  206  308  345.00000  707.23080   105%   541  714s
  1108   932  546.87888  207  386  345.00000  707.23080   105%   540  715s
  1112   934  546.10980  209  379  345.00000  707.23080   105%   542  720s
  1115   936  454.91989  210  277  345.00000  707.23080   105%   543  725s
  1120   940  545.27252  213  379  345.00000  707.23080   105%   544  730s
  1124   942  544.76019  215  376  345.00000  707.23080   105%   545  735s
  1129   946  475.05312  217  315  345.00000  707.23080   105%   547  742s
  1132   948  541.07499  219  375  345.00000  707.23080   105%   547  745s
  1137   951  500.02432  221  332  345.00000  707.23080   105%   549  751s
  1142   954  536.64873  224  370  345.00000  707.23080   105%   550  755s
  1148   958  535.59159  227  370  345.00000  707.23080   105%   551  760s
  1153   962  466.26204  229  311  345.00000  707.23080   105%   553  766s
  1157   964  470.31635  231  298  345.00000  707.23080   105%   554  771s
  1160   966  533.13404  233  375  345.00000  707.23080   105%   554  775s
  1165   970  485.83835  235  320  345.00000  707.23080   105%   555  780s
  1170   973  528.90030  238  370  345.00000  707.23080   105%   556  785s
  1175   976  473.78100  240  301  345.00000  707.23080   105%   557  791s
  1179   979  448.52909  242  287  345.00000  707.23080   105%   558  799s
  1180   980  525.27239  243  371  345.00000  707.23080   105%   558  800s
  1185   983  472.63152  245  319  345.00000  707.23080   105%   560  827s
  1189   986  475.48097  247  299  345.00000  707.23080   105%   560  830s
  1194   989  519.34870  250  362  345.00000  707.23080   105%   561  835s
  1199   992  462.78557  252  294  345.00000  707.23080   105%   562  841s
  1203   995  475.72060  254  306  345.00000  707.23080   105%   563  845s
  1209   999  449.55469  257  297  345.00000  707.23080   105%   564  851s
  1213  1002  481.01471  259  307  345.00000  707.23080   105%   565  855s
  1218  1005  510.05420  262  366  345.00000  707.23080   105%   565  860s
  1225  1010  442.71182  265  287  345.00000  707.23080   105%   566  865s
  1233  1015  443.96031  269  280  345.00000  707.23080   105%   568  870s
  1237  1018  456.71605  271  306  345.00000  707.23080   105%   568  875s
  1243  1022  446.26102  274  281  345.00000  707.23080   105%   569  880s
  1249  1026  444.06043  277  281  345.00000  707.23080   105%   570  886s
  1254  1029  499.46711  280  343  345.00000  707.23080   105%   570  890s
  1259  1032  450.39658  282  291  345.00000  707.23080   105%   572  895s
  1264  1036  496.59064  285  345  345.00000  707.23080   105%   572  900s
  1269  1039  426.12936  287  280  345.00000  707.23080   105%   574  905s
  1274  1042  493.25463  290  345  345.00000  707.23080   105%   574  910s
  1281  1047  446.76249  293  307  345.00000  707.23080   105%   575  915s
  1290  1053  487.28122  298  340  345.00000  707.23080   105%   576  920s
  1300  1060  480.55851  303  344  345.00000  707.23080   105%   577  925s
  1305  1063  443.43968  305  309  345.00000  707.23080   105%   578  930s
  1307  1064  409.81555  306  282  345.00000  707.23080   105%   578  935s
  1313  1068  429.76816  309  281  345.00000  707.23080   105%   579  941s
  1317  1071  429.54443  311  301  345.00000  707.23080   105%   579  945s
  1324  1076  465.22157  315  333  345.00000  707.23080   105%   580  950s
  1331  1080  422.14281  318  282  345.00000  707.23080   105%   581  955s
  1337  1084  417.68159  321  298  345.00000  707.23080   105%   581  960s
  1345  1090  413.27625  325  288  345.00000  707.23080   105%   582  965s
  1353  1095  410.03369  329  274  345.00000  707.23080   105%   582  970s
  1360  1100  447.73697  333  312  345.00000  707.23080   105%   582  975s
  1368  1105  443.37515  337  316  345.00000  707.23080   105%   583  980s
  1375  1110  407.56844  340  285  345.00000  707.23080   105%   584  989s
  1377  1111  383.02371  341  267  345.00000  707.23080   105%   584  990s
  1385  1116  367.53383  345  258  345.00000  707.23080   105%   585  995s
  1397  1124  401.44864  351  281  345.00000  707.23080   105%   585 1000s
  1405  1130  389.17075  355  281  345.00000  707.23080   105%   586 1005s
  1412  1134  422.33894  359  310  345.00000  707.23080   105%   586 1010s
  1419  1139  372.91101  362  282  345.00000  707.23080   105%   587 1015s
  1427  1144  356.97635  366  262  345.00000  707.23080   105%   588 1020s
  1436  1150  411.31639  371  298  345.00000  707.23080   105%   587 1025s
  1447  1158  360.06421  376  260  345.00000  707.23080   105%   588 1030s
  1459  1166  363.10884  382  270  345.00000  707.23080   105%   588 1035s
  1467  1167     cutoff  386       345.00000  707.23080   105%   588 1040s
  1475  1171  348.15458  390  259  345.00000  707.23080   105%   588 1045s
  1485  1172  347.15125  395  250  345.00000  707.23080   105%   588 1050s
  1493  1177  350.54012  399  244  345.00000  707.23080   105%   588 1056s
  1499  1181  357.15271  402  262  345.00000  707.23080   105%   588 1060s
  1511  1182     cutoff  408       345.00000  707.23080   105%   588 1065s
  1523  1181     cutoff  414       345.00000  707.23080   105%   587 1070s
  1537  1177     cutoff  421       345.00000  707.23080   105%   585 1075s
  1553  1175     cutoff  429       345.00000  707.23080   105%   583 1080s
  1575  1168     cutoff  440       345.00000  707.23080   105%   579 1085s
  1602  1160  368.73428  454  250  345.00000  707.23080   105%   574 1090s
  1641  1146     cutoff  473       345.00000  707.23080   105%   565 1095s
  1670  1139  608.80485   16  288  345.00000  707.11990   105%   559 1100s
  1676  1143  607.67955   19  298  345.00000  707.11990   105%   560 1149s
  1677  1144  692.72467   20  379  345.00000  707.11990   105%   560 1150s
  1682  1147  605.18269   22  288  345.00000  707.11990   105%   561 1155s
  1687  1151  684.13143   25  373  345.00000  707.11990   105%   562 1160s
  1692  1154  583.00110   27  279  345.00000  707.11990   105%   563 1166s
  1697  1157  678.08008   30  379  345.00000  707.11990   105%   564 1170s
  1701  1160  671.79733   32  374  345.00000  707.11990   105%   565 1175s
  1709  1165  664.40544   36  374  345.00000  707.11990   105%   566 1180s
  1714  1169  607.39959   38  321  345.00000  707.11990   105%   567 1186s
  1718  1171  575.31192   40  266  345.00000  707.11990   105%   568 1191s
  1722  1174  569.01828   42  276  345.00000  707.11990   105%   569 1195s
  1727  1177  652.90236   45  384  345.00000  707.11990   105%   569 1200s
  1731  1180  649.79351   47  380  345.00000  707.11990   105%   570 1205s
  1736  1183  558.82152   49  296  345.00000  707.11990   105%   571 1210s
  1741  1187  643.93904   52  383  345.00000  707.11990   105%   571 1215s
  1746  1190  561.29054   54  279  345.00000  707.11990   105%   572 1220s
  1751  1193  637.90207   57  386  345.00000  707.11990   105%   573 1225s
  1756  1197  544.36042   59  288  345.00000  707.11990   105%   574 1230s
  1761  1200  630.50777   62  384  345.00000  707.11990   105%   575 1235s
  1768  1205  542.65882   65  272  345.00000  707.11990   105%   576 1240s
  1776  1210  557.34526   69  283  345.00000  707.11990   105%   577 1245s
  1782  1214  547.39428   72  289  345.00000  707.11990   105%   578 1251s
  1786  1217  537.71533   74  289  345.00000  707.11990   105%   579 1255s
  1792  1221  520.47467   77  275  345.00000  707.11990   105%   580 1261s
  1798  1225  542.44480   80  303  345.00000  707.11990   105%   580 1265s
  1804  1229  532.70435   83  279  345.00000  707.11990   105%   581 1272s
  1808  1231  504.85659   85  273  345.00000  707.11990   105%   582 1275s
  1814  1235  484.47975   88  247  345.00000  707.11990   105%   583 1281s
  1818  1238  490.89456   90  249  345.00000  707.11990   105%   584 1285s
  1824  1242  503.76597   93  260  345.00000  707.11990   105%   584 1290s
  1830  1246  509.00463   96  270  345.00000  707.11990   105%   585 1295s
  1836  1250  509.46779   99  264  345.00000  707.11990   105%   586 1300s
  1840  1253  503.64284  101  276  345.00000  707.11990   105%   587 1305s
  1846  1257  507.01914  104  286  345.00000  707.11990   105%   587 1310s
  1855  1263  574.53579  109  383  345.00000  707.11990   105%   588 1315s
  1862  1267  497.44503  112  285  345.00000  707.11990   105%   589 1320s
  1868  1271  506.00895  115  277  345.00000  707.11990   105%   590 1325s
  1874  1275  533.27333  118  312  345.00000  707.11990   105%   591 1330s
  1880  1279  503.15826  121  280  345.00000  707.11990   105%   591 1335s
  1890  1286  478.07578  126  272  345.00000  707.11990   105%   592 1340s
  1896  1290  461.31473  129  258  345.00000  707.11990   105%   593 1345s
  1902  1294  478.10584  132  280  345.00000  707.11990   105%   594 1350s
  1909  1299  547.86482  136  356  345.00000  707.11990   105%   594 1355s
  1910  1299  505.94001  136  289  345.00000  707.11990   105%   595 1376s
  1918  1305  464.05450  140  267  345.00000  707.11990   105%   595 1380s
  1926  1310  477.11522  144  274  345.00000  707.11990   105%   596 1386s
  1931  1313  538.81230  147  362  345.00000  707.11990   105%   597 1390s
  1937  1317  536.47520  150  367  345.00000  707.11990   105%   597 1395s
  1942  1321  454.68553  152  258  345.00000  707.11990   105%   598 1400s
  1948  1325  467.46721  155  277  345.00000  707.11990   105%   599 1405s
  1954  1329  467.15985  158  281  345.00000  707.11990   105%   599 1410s
  1962  1334  465.50091  162  277  345.00000  707.11990   105%   600 1415s
  1968  1338  410.65400  165  223  345.00000  707.11990   105%   601 1420s
  1975  1343  513.44345  169  354  345.00000  707.11990   105%   601 1497s
  1982  1347  434.04127  172  247  345.00000  707.11990   105%   602 1500s
  1990  1353  456.89647  176  292  345.00000  707.11990   105%   603 1505s
  1998  1358  418.44323  180  224  345.00000  707.11990   105%   604 1510s
  2008  1365  433.60158  185  260  345.00000  707.11990   105%   604 1515s
  2018  1371  409.83993  190  260  345.00000  707.11990   105%   605 1520s
  2026  1377  431.94839  194  272  345.00000  707.11990   105%   605 1525s
  2036  1383  428.73035  199  273  345.00000  707.11990   105%   606 1530s
  2052  1394  401.24184  207  257  345.00000  707.11990   105%   607 1535s
  2061  1400  475.91766  212  338  345.00000  707.11990   105%   607 1540s
  2072  1407  415.39467  217  271  345.00000  707.11990   105%   607 1545s
  2083  1415  466.63742  223  328  345.00000  707.11990   105%   608 1550s
  2094  1422  411.04522  228  251  345.00000  707.11990   105%   608 1555s
  2106  1430  400.26979  234  230  345.00000  707.11990   105%   609 1560s
  2118  1438  404.44655  240  249  345.00000  707.11990   105%   609 1565s
  2128  1445  400.70563  245  280  345.00000  707.11990   105%   609 1570s
  2142  1454  378.80597  252  249  345.00000  707.11990   105%   610 1575s
  2155  1463  434.75637  259  311  345.00000  707.11990   105%   610 1580s
  2166  1470  353.71127  264  215  345.00000  707.11990   105%   610 1585s
  2178  1477  346.26300  270  227  345.00000  707.11990   105%   610 1590s
  2190  1485  368.83444  276  247  345.00000  707.11990   105%   610 1595s
  2204  1491  348.55417  283  227  345.00000  707.11990   105%   610 1600s
  2216  1498  357.11998  289  243  345.00000  707.11990   105%   610 1605s
  2238  1510     cutoff  300       345.00000  707.11990   105%   610 1610s
  2259  1512  398.33845  311  305  345.00000  707.11990   105%   609 1615s
  2276  1509     cutoff  319       345.00000  707.11990   105%   608 1620s
  2300  1503     cutoff  331       345.00000  707.11990   105%   606 1625s
  2326  1496     cutoff  344       345.00000  707.11990   105%   603 1630s
  2356  1486     cutoff  359       345.00000  707.11990   105%   599 1635s
  2401  1472  355.57847  382  273  345.00000  707.11990   105%   591 1640s
  2476  1448  605.19093   16  287  345.00000  701.46941   103%   576 1645s
  2488  1456  590.89411   22  294  345.00000  701.46941   103%   576 1650s
  2503  1466  482.76668   29  197  345.00000  701.46941   103%   576 1655s
  2521  1478  486.80838   38  203  345.00000  701.46941   103%   576 1660s
  2541  1491  482.18606   48  218  345.00000  701.46941   103%   575 1665s
  2561  1504  450.43647   58  211  345.00000  701.46941   103%   574 1670s
  2595  1527  449.84597   75  221  345.00000  701.46941   103%   573 1675s
  2627  1548  416.82538   91  198  345.00000  701.46941   103%   573 1680s
  2653  1566  387.68906  104  185  345.00000  701.46941   103%   572 1685s
  2676  1581  474.44134  116  282  345.00000  701.46941   103%   571 1690s
  2699  1596  394.85723  127  203  345.00000  701.46941   103%   570 1695s
  2721  1611  387.98734  138  196  345.00000  701.46941   103%   569 1700s
  2737  1626  359.28718  146  172  345.00000  701.46941   103%   569 1705s
  2763  1650  380.33215  159  197  345.00000  701.46941   103%   568 1710s
  2791  1671     cutoff  173       345.00000  701.46941   103%   566 1715s
  2819  1694  346.89836  187  195  345.00000  701.46941   103%   564 1720s
  2858  1699  396.59241  207  253  345.00000  701.46941   103%   561 1725s
  2908  1700  377.39214  232  242  345.00000  701.46941   103%   556 1730s
  2965  1699     cutoff  260       345.00000  701.46941   103%   548 1735s
  3024  1702  602.37385   15  291  345.00000  701.46209   103%   540 1740s
  3030  1708  591.94157   18  290  345.00000  701.46209   103%   541 1745s
  3041  1719  675.06195   24  385  345.00000  701.46209   103%   542 1750s
  3051  1729  666.77545   29  386  345.00000  701.46209   103%   543 1755s
  3059  1737  660.40940   33  387  345.00000  701.46209   103%   544 1760s
  3068  1746  563.41448   37  285  345.00000  701.46209   103%   545 1766s
  3077  1755  647.47384   42  391  345.00000  701.46209   103%   546 1770s
  3084  1762  540.84851   45  272  345.00000  701.46209   103%   547 1780s
  3093  1771  635.40136   50  374  345.00000  701.46209   103%   548 1785s
  3100  1778  573.90773   53  302  345.00000  701.46209   103%   549 1790s
  3108  1786  534.05417   57  276  345.00000  701.46209   103%   549 1795s

Cutting planes:
  Gomory: 3

Explored 3115 nodes (1718753 simplex iterations) in 1800.01 seconds (909.39 work units)
Thread count was 1 (of 12 available processors)

Solution count 10: 345 341 331 ... 210

Time limit reached
Best objective 3.450000014793e+02, best bound 7.010000000000e+02, gap 103.1884%
