
Gurobi 12.0.2 (linux64, C++) logging started Thu Jun 19 08:00:21 2025

Set parameter LogFile to value "log/instances/scenario2/fully_correlated_sc2/700/kpfs_7.txt.log"

Gurobi 12.0.2 (linux64, C++) logging started Thu Jun 19 08:01:44 2025

Set parameter LogFile to value "log/instances/scenario2/fully_correlated_sc2/700/kpfs_7.txt.log"

Gurobi 12.0.2 (linux64, C++) logging started Thu Jun 19 08:02:55 2025

Set parameter LogFile to value "log/instances/scenario2/fully_correlated_sc2/700/kpfs_7.txt.log"

Gurobi 12.0.2 (linux64, C++) logging started Fri Jun 20 02:07:26 2025

Set parameter WLSAccessID
Set parameter WLSSecret
Set parameter LicenseID to value 2679381
Set parameter LogFile to value "log/instances/scenario2/fully_correlated_sc2/700/kpfs_7.txt.log"
Academic license 2679381 - for non-commercial use only - registered to be___@poli.ufrj.br
Set parameter TimeLimit to value 1800
Set parameter Threads to value 1
Gurobi Optimizer version 12.0.2 build v12.0.2rc0 (linux64 - "Ubuntu 24.04.1 LTS")

CPU model: 13th Gen Intel(R) Core(TM) i7-1355U, instruction set [SSE2|AVX|AVX2]
Thread count: 6 physical cores, 12 logical processors, using up to 1 threads

Non-default parameters:
TimeLimit  1800
Threads  1

Academic license 2679381 - for non-commercial use only - registered to be___@poli.ufrj.br
Optimize a model with 2102 rows, 2800 columns and 43191 nonzeros
Model fingerprint: 0xa7fb1fb6
Variable types: 0 continuous, 2800 integer (700 binary)
Coefficient statistics:
  Matrix range     [1e+00, 3e+01]
  Objective range  [2e+00, 4e+01]
  Bounds range     [1e+00, 3e+01]
  RHS range        [1e+00, 1e+03]
Found heuristic solution: objective 120.0000000
Presolve removed 0 rows and 60 columns
Presolve time: 0.34s
Presolved: 2102 rows, 2740 columns, 43071 nonzeros
Variable types: 0 continuous, 2740 integer (700 binary)

Root simplex log...

Iteration    Objective       Primal Inf.    Dual Inf.      Time
    4478    8.0678965e+02   2.560329e+02   0.000000e+00      5s
    5726    7.8519523e+02   0.000000e+00   0.000000e+00      7s

Root relaxation: objective 7.851952e+02, 5726 iterations, 6.15 seconds (2.26 work units)

    Nodes    |    Current Node    |     Objective Bounds      |     Work
 Expl Unexpl |  Obj  Depth IntInf | Incumbent    BestBd   Gap | It/Node Time

     0     0  785.19523    0  439  120.00000  785.19523   554%     -    6s
H    0     0                     124.0000000  785.19523   533%     -    6s
H    0     0                     144.0000000  785.19523   445%     -    6s
H    0     0                     191.0000000  785.19523   311%     -    6s
H    0     0                     239.0000000  785.19523   229%     -    6s
H    0     0                     310.0000000  785.19523   153%     -    7s
H    0     0                     312.0000000  785.19523   152%     -    7s
H    0     0                     314.0000000  785.19523   150%     -    7s
     0     0  784.21449    0  430  314.00000  784.21449   150%     -    9s
     0     0  784.20829    0  423  314.00000  784.20829   150%     -   17s
     0     0  783.86003    0  423  314.00000  783.86003   150%     -   20s
     0     0  783.82338    0  429  314.00000  783.82338   150%     -   22s
     0     0  783.78657    0  432  314.00000  783.78657   150%     -   22s
     0     0  783.77811    0  429  314.00000  783.77811   150%     -   22s
     0     0  783.76487    0  429  314.00000  783.76487   150%     -   23s
H    0     0                     324.0000000  783.76434   142%     -   27s
H    0     0                     326.0000000  783.76434   140%     -   27s
H    0     0                     330.0000000  783.76434   138%     -   27s
H    0     0                     345.0000000  783.76434   127%     -   27s
     0     2  783.76434    0  429  345.00000  783.76434   127%     -   27s
     4     6  750.82622    2  392  345.00000  778.17597   126%  1063   30s
    11    13  771.83257    7  434  345.00000  776.07833   125%   913   35s
    21    23  764.29849   15  452  345.00000  776.07833   125%   885   40s
    40    42  752.45501   33  429  345.00000  776.07833   125%   632   45s
    58    60  681.04054   48  349  345.00000  776.07833   125%   574   50s
    72    74  654.48795   61  338  345.00000  776.07833   125%   547   55s
    89    91  723.01873   76  418  345.00000  776.07833   125%   512   60s
H  104   104                     348.0000000  776.07833   123%   482   65s
H  104   104                     349.0000000  776.07833   122%   482   65s
H  130   130                     353.0000000  776.07833   120%   447   69s
   133   135  700.42307  117  393  353.00000  776.07833   120%   443   70s
   147   149  617.78049  127  304  353.00000  776.07833   120%   465   75s
   182   184  615.44075  159  323  353.00000  776.07833   120%   430   80s
   212   214  586.43675  184  288  353.00000  776.07833   120%   433   85s
   228   230  635.57431  198  368  353.00000  776.07833   120%   425   90s
   259   261  569.39070  225  298  353.00000  776.07833   120%   409   95s
   260   262  610.53086  226  353  353.00000  776.07833   120%   408  102s
   280   282  542.21035  243  270  353.00000  776.07833   120%   400  105s
   322   324  580.11537  283  325  353.00000  776.07833   120%   369  110s
   381   383  508.66992  339  260  353.00000  776.07833   120%   337  115s
   459   461  505.28553  411  257  353.00000  776.07833   120%   303  120s
   543   545  459.12799  487  220  353.00000  776.07833   120%   276  125s
   672   670  368.60572  601  146  353.00000  776.07833   120%   241  130s
   694   681  678.87004  146  429  353.00000  775.57166   120%   238  144s
   696   682  528.27770  383  439  353.00000  775.57166   120%   237  148s
   697   683  610.19754  228  425  353.00000  775.57166   120%   237  156s
   704   690  775.57166   11  439  353.00000  775.57166   120%   244  161s
   709   693  695.59765   13  360  353.00000  774.33983   119%   251  165s
   715   697  703.58581   16  370  353.00000  770.18451   118%   262  170s
   721   701  710.94511   19  373  353.00000  766.23727   117%   271  176s
   725   704  700.29250   21  362  353.00000  764.51417   117%   278  181s
   729   706  701.05306   23  368  353.00000  760.92467   116%   282  186s
   733   709  696.55554   25  366  353.00000  758.29152   115%   289  191s
   736   711  753.83022   27  440  353.00000  756.35268   114%   291  195s
   741   714  691.00849   29  370  353.00000  751.88305   113%   298  201s
   745   717  689.86432   31  364  353.00000  751.88305   113%   303  206s
   749   720  681.72437   33  364  353.00000  751.88305   113%   307  211s
   752   722  740.50532   35  434  353.00000  751.88305   113%   309  217s
   754   723  738.24972   36  434  353.00000  751.88305   113%   313  221s
   757   725  680.97782   37  366  353.00000  751.88305   113%   317  225s
   763   729  681.53366   40  377  353.00000  751.88305   113%   324  231s
   767   732  671.37141   42  383  353.00000  751.88305   113%   330  236s
   770   734  729.87669   44  432  353.00000  751.88305   113%   332  240s
   774   736  727.78121   46  438  353.00000  751.88305   113%   337  245s
   778   739  724.97482   48  440  353.00000  751.88305   113%   341  250s
H  781   704                     357.0000000  751.88305   111%   343  255s
   785   709  663.08080   51  374  357.00000  751.88305   111%   350  260s
   789   711  650.52630   53  349  357.00000  751.88305   111%   355  266s
   792   713  716.27248   55  440  357.00000  751.88305   111%   357  270s
   795   715  621.44659   56  352  357.00000  751.88305   111%   363  276s
   798   717  711.02740   58  437  357.00000  751.88305   111%   365  280s
   801   719  630.69493   59  330  357.00000  751.88305   111%   368  286s
   803   721  631.39373   60  347  357.00000  751.88305   111%   372  290s
   807   723  636.60162   62  351  357.00000  751.88305   111%   376  295s
   808   724  705.38462   63  433  357.00000  751.88305   111%   376  305s
   812   727  703.65296   65  424  357.00000  751.88305   111%   381  310s
   817   730  645.07203   67  361  357.00000  751.88305   111%   385  315s
   822   733  698.91709   70  434  357.00000  751.88305   111%   390  320s
   827   737  643.72258   72  345  357.00000  751.88305   111%   396  326s
   831   739  599.66753   74  321  357.00000  751.88305   111%   399  330s
   835   742  615.71920   76  332  357.00000  751.88305   111%   405  335s
   840   745  687.77644   79  433  357.00000  751.88305   111%   408  340s
   845   749  617.80876   81  352  357.00000  751.88305   111%   413  345s
   847   750  624.77861   82  341  357.00000  751.88305   111%   416  350s
   851   753  620.46104   84  345  357.00000  751.88305   111%   419  355s
   857   757  601.21399   87  337  357.00000  751.88305   111%   424  361s
   861   759  612.44778   89  341  357.00000  751.88305   111%   427  365s
   867   763  603.85684   92  348  357.00000  751.88305   111%   432  370s
   874   768  669.92599   96  416  357.00000  751.88305   111%   436  375s
   879   771  615.90363   98  355  357.00000  751.88305   111%   442  381s
   883   774  597.01200  100  335  357.00000  751.88305   111%   444  386s
H  885   740                     360.0000000  751.88305   109%   444  391s
   889   745  599.47632  103  339  360.00000  751.88305   109%   450  396s
   893   748  585.59635  105  333  360.00000  751.88305   109%   452  400s
   899   752  588.91835  108  351  360.00000  751.88305   109%   457  406s
   905   756  573.63825  111  328  360.00000  751.88305   109%   462  410s
   909   758  604.20498  113  351  360.00000  751.88305   109%   466  416s
   911   760  584.57149  114  326  360.00000  751.88305   109%   467  421s
   915   762  581.00661  116  340  360.00000  751.88305   109%   469  426s
   919   765  570.13569  118  340  360.00000  751.88305   109%   473  430s
   923   768  595.47555  120  347  360.00000  751.88305   109%   475  435s
   927   770  599.07736  122  358  360.00000  751.88305   109%   479  440s
   932   774  636.60789  125  419  360.00000  751.88305   109%   481  445s
   937   777  555.75158  127  334  360.00000  751.88305   109%   486  451s
   940   779  631.85728  129  415  360.00000  751.88305   109%   487  456s
   943   781  558.94871  130  347  360.00000  751.88305   109%   491  460s
   951   786  563.21360  134  316  360.00000  751.88305   109%   495  465s
   956   790  623.67385  137  412  360.00000  751.88305   109%   498  470s
   961   793  556.91488  139  317  360.00000  751.88305   109%   502  475s
   965   796  566.91942  141  334  360.00000  751.88305   109%   505  480s
   970   799  618.98363  144  405  360.00000  751.88305   109%   506  485s
   972   800  617.96142  145  402  360.00000  751.88305   109%   508  492s
   975   802  542.54564  146  319  360.00000  751.88305   109%   511  496s
   979   805  589.15092  148  357  360.00000  751.88305   109%   513  507s
   982   807  612.99036  150  415  360.00000  751.88305   109%   513  510s
   987   810  539.09319  152  324  360.00000  751.88305   109%   517  516s
   989   812  546.72073  153  325  360.00000  751.88305   109%   518  524s
   990   812  609.75570  154  405  360.00000  751.88305   109%   518  525s
   996   816  607.83269  157  410  360.00000  751.88305   109%   521  530s
  1001   820  547.46027  159  326  360.00000  751.88305   109%   524  553s
  1003   821  551.52284  160  332  360.00000  751.88305   109%   524  555s
  1008   824  602.26061  163  407  360.00000  751.88305   109%   527  560s
  1013   828  529.32274  165  315  360.00000  751.88305   109%   530  566s
  1015   829  536.02331  166  316  360.00000  751.88305   109%   532  574s
  1016   830  600.12144  167  399  360.00000  751.88305   109%   532  575s
  1023   834  548.63073  170  328  360.00000  751.88305   109%   535  580s
  1033   841  537.55599  175  318  360.00000  751.88305   109%   539  586s
  1039   845  521.34905  178  297  360.00000  751.88305   109%   541  590s
  1043   848  530.32440  180  327  360.00000  751.88305   109%   544  595s
  1049   852  521.82710  183  312  360.00000  751.88305   109%   546  600s
  1054   855  587.53210  186  395  360.00000  751.88305   109%   547  605s
  1059   858  532.08896  188  329  360.00000  751.88305   109%   549  610s
  1063   861  509.34173  190  304  360.00000  751.88305   109%   550  615s
  1067   864  492.90355  192  288  360.00000  751.88305   109%   551  620s
  1072   867  577.03872  195  385  360.00000  751.88305   109%   553  625s
  1077   870  512.64806  197  316  360.00000  751.88305   109%   555  630s
  1081   873  487.12451  199  307  360.00000  751.88305   109%   556  635s
  1087   877  504.42306  202  312  360.00000  751.88305   109%   560  640s
  1091   880  495.12445  204  297  360.00000  751.88305   109%   561  645s
  1096   883  569.30511  207  380  360.00000  751.88305   109%   562  650s
  1101   886  511.23717  209  302  360.00000  751.88305   109%   563  655s
  1109   892  508.03294  213  306  360.00000  751.88305   109%   566  661s
  1113   894  498.14720  215  308  360.00000  751.88305   109%   568  665s
  1119   898  515.00901  218  294  360.00000  751.88305   109%   569  670s
  1124   902  558.72667  221  386  360.00000  751.88305   109%   570  675s
  1130   906  556.83262  224  387  360.00000  751.88305   109%   571  680s
  1135   909  484.18353  226  303  360.00000  751.88305   109%   573  685s
  1140   912  552.92665  229  374  360.00000  751.88305   109%   573  690s
  1146   916  551.60156  232  375  360.00000  751.88305   109%   574  695s
  1152   920  550.45345  235  368  360.00000  751.88305   109%   575  700s
  1157   924  488.95591  237  310  360.00000  751.88305   109%   577  705s
  1163   928  476.60404  240  277  360.00000  751.88305   109%   578  710s
  1171   933  458.61661  244  289  360.00000  751.88305   109%   580  715s
  1177   937  499.47022  247  320  360.00000  751.88305   109%   581  721s
  1181   940  481.95623  249  300  360.00000  751.88305   109%   582  725s
  1186   943  539.59090  252  356  360.00000  751.88305   109%   582  730s
  1193   948  475.79818  255  290  360.00000  751.88305   109%   584  735s
  1201   953  487.45649  259  295  360.00000  751.88305   109%   585  740s
  1210   959  530.84652  264  346  360.00000  751.88305   109%   586  745s
  1219   965  486.02413  268  297  360.00000  751.88305   109%   588  750s
  1223   968  468.65782  270  280  360.00000  751.88305   109%   588  755s
  1229   972  471.82525  273  275  360.00000  751.88305   109%   589  760s
  1234   975  521.64526  276  333  360.00000  751.88305   109%   589  765s
  1239   978  465.28093  278  299  360.00000  751.88305   109%   590  771s
  1244   982  519.36230  281  332  360.00000  751.88305   109%   590  775s
  1250   986  518.04853  284  338  360.00000  751.88305   109%   591  780s
  1253   988  451.36906  285  269  360.00000  751.88305   109%   592  793s
  1255   989  451.26674  286  268  360.00000  751.88305   109%   592  796s
  1261   993  464.44405  289  278  360.00000  751.88305   109%   593  801s
  1267   997  459.46981  292  279  360.00000  751.88305   109%   593  805s
  1275  1002  470.05565  296  278  360.00000  751.88305   109%   594  810s
  1287  1010  458.01128  302  281  360.00000  751.88305   109%   595  815s
  1295  1016  442.36470  306  273  360.00000  751.88305   109%   596  820s
  1306  1023  494.86639  312  329  360.00000  751.88305   109%   596  825s
  1311  1026  472.46484  314  289  360.00000  751.88305   109%   596  830s
  1316  1030  485.56147  317  334  360.00000  751.88305   109%   596  835s
  1320  1032  483.13739  319  330  360.00000  751.88305   109%   596  840s
  1325  1036  444.98223  321  274  360.00000  751.88305   109%   597  845s
  1329  1038  406.33634  323  262  360.00000  751.88305   109%   598  850s
  1334  1042  473.41876  326  323  360.00000  751.88305   109%   597  855s
  1339  1045  423.52778  328  262  360.00000  751.88305   109%   598  860s
  1344  1048  470.54967  331  319  360.00000  751.88305   109%   598  865s
  1349  1052  416.32618  333  260  360.00000  751.88305   109%   599  870s
  1355  1056  398.10422  336  265  360.00000  751.88305   109%   599  875s
  1361  1060  400.47244  339  263  360.00000  751.88305   109%   600  881s
  1365  1062  417.50637  341  269  360.00000  751.88305   109%   600  886s
  1368  1064  457.65777  343  310  360.00000  751.88305   109%   600  890s
  1373  1068  409.93498  345  261  360.00000  751.88305   109%   601  895s
  1379  1072  389.98714  348  276  360.00000  751.88305   109%   601  900s
  1385  1076  415.62672  351  274  360.00000  751.88305   109%   601  905s
  1391  1080  397.33385  354  253  360.00000  751.88305   109%   602  910s
  1396  1083  440.33316  357  300  360.00000  751.88305   109%   602  915s
  1401  1086  383.86572  359  252  360.00000  751.88305   109%   602  920s
  1413  1094  387.25348  365  263  360.00000  751.88305   109%   602  925s
  1419  1098  386.75351  368  248  360.00000  751.88305   109%   602  930s
  1426  1103  433.86671  372  294  360.00000  751.88305   109%   602  935s
  1435  1109  398.36044  376  256  360.00000  751.88305   109%   602  940s
  1445  1116  379.75901  381  265  360.00000  751.88305   109%   602  945s
  1454  1122  415.40661  386  304  360.00000  751.88305   109%   602  950s
  1462  1127  412.50300  390  308  360.00000  751.88305   109%   602  955s
  1475  1128     cutoff  396       360.00000  751.88305   109%   601  960s
  1499  1123  362.15333  408  259  360.00000  751.88305   109%   599  965s
  1516  1120  394.92283  417  278  360.00000  751.88305   109%   596  970s
  1537  1112     cutoff  427       360.00000  751.88305   109%   592  975s
  1559  1105     cutoff  438       360.00000  751.88305   109%   588  980s
  1582  1098  368.76299  450  261  360.00000  751.88305   109%   582  985s
  1624  1084  679.73599   13  334  360.00000  751.85345   109%   569  990s
  1629  1087  740.12576   16  401  360.00000  751.85345   109%   570  995s
  1634  1091  662.37635   18  308  360.00000  751.85345   109%   572 1001s
  1638  1093  653.04315   20  313  360.00000  751.85345   109%   573 1005s
  1642  1096  651.52210   22  302  360.00000  751.85345   109%   574 1010s
  1648  1100  660.27160   25  315  360.00000  751.85345   109%   575 1016s
  1652  1103  615.41685   27  292  360.00000  751.85345   109%   576 1020s
  1658  1107  636.10675   30  311  360.00000  751.85345   109%   577 1025s
  1666  1112  657.47575   34  330  360.00000  751.85345   109%   578 1030s
  1674  1117  626.24747   38  308  360.00000  751.85345   109%   580 1035s
  1682  1123  622.73736   42  310  360.00000  751.85345   109%   581 1040s
  1688  1127  579.36678   45  279  360.00000  751.85345   109%   582 1046s
  1692  1129  618.73996   47  297  360.00000  751.85345   109%   583 1050s
  1696  1132  615.33078   49  299  360.00000  751.85345   109%   584 1055s
  1702  1136  609.95516   52  299  360.00000  751.85345   109%   585 1060s
  1708  1140  594.90512   55  284  360.00000  751.85345   109%   586 1065s
  1714  1144  586.57650   58  278  360.00000  751.85345   109%   587 1070s
  1716  1145  625.16523   59  315  360.00000  751.85345   109%   587 1087s
  1720  1148  614.03468   61  312  360.00000  751.85345   109%   588 1090s
  1725  1151  665.81774   64  374  360.00000  751.85345   109%   588 1095s
  1731  1155  661.75997   67  372  360.00000  751.85345   109%   589 1100s
  1736  1159  576.22268   69  269  360.00000  751.85345   109%   590 1106s
  1742  1163  593.30376   72  299  360.00000  751.85345   109%   591 1111s
  1747  1166  652.34922   75  377  360.00000  751.85345   109%   591 1115s
  1752  1169  578.72889   77  286  360.00000  751.85345   109%   592 1120s
  1758  1173  565.77912   80  279  360.00000  751.85345   109%   593 1125s
  1764  1177  570.64533   83  304  360.00000  751.85345   109%   594 1130s
  1770  1181  585.51162   86  298  360.00000  751.85345   109%   595 1135s
  1779  1187  630.94892   91  379  360.00000  751.85345   109%   596 1140s
  1784  1191  560.38547   93  310  360.00000  751.85345   109%   597 1145s
  1790  1195  553.99040   96  277  360.00000  751.85345   109%   598 1150s
  1796  1199  550.32733   99  281  360.00000  751.85345   109%   599 1155s
  1802  1203  548.04500  102  275  360.00000  751.85345   109%   600 1160s
  1808  1207  558.36714  105  303  360.00000  751.85345   109%   600 1165s
  1810  1208  529.83611  106  268  360.00000  751.85345   109%   601 1179s
  1812  1209  538.15081  107  291  360.00000  751.85345   109%   601 1181s
  1817  1213  612.03601  110  369  360.00000  751.85345   109%   601 1185s
  1823  1217  609.63061  113  381  360.00000  751.85345   109%   602 1190s
  1830  1221  510.92100  116  252  360.00000  751.85345   109%   603 1195s
  1836  1225  520.90010  119  275  360.00000  751.85345   109%   604 1200s
  1844  1231  540.53826  123  288  360.00000  751.85345   109%   605 1205s
  1850  1235  542.23736  126  284  360.00000  751.85345   109%   605 1210s
  1862  1243  525.01950  132  289  360.00000  751.85345   109%   607 1217s
  1866  1245  511.28092  134  280  360.00000  751.85345   109%   607 1220s
  1874  1251  525.93411  138  276  360.00000  751.85345   109%   608 1225s
  1880  1255  513.97329  141  273  360.00000  751.85345   109%   609 1230s
  1886  1259  493.67484  144  266  360.00000  751.85345   109%   609 1235s
  1893  1263  579.83367  148  370  360.00000  751.85345   109%   610 1240s
  1899  1267  574.87847  151  364  360.00000  751.85345   109%   610 1245s
  1905  1271  569.37625  154  360  360.00000  751.85345   109%   611 1250s
  1912  1276  502.61231  157  277  360.00000  751.85345   109%   612 1255s
  1918  1280  486.98278  160  257  360.00000  751.85345   109%   613 1260s
  1930  1288  498.29365  166  274  360.00000  751.85345   109%   614 1265s
  1936  1292  492.72544  169  273  360.00000  751.85345   109%   614 1270s
  1944  1297  498.66588  173  280  360.00000  751.85345   109%   615 1276s
  1950  1301  463.41552  176  271  360.00000  751.85345   109%   616 1281s
  1956  1305  457.17513  179  246  360.00000  751.85345   109%   616 1285s
  1962  1309  468.30418  182  269  360.00000  751.85345   109%   617 1290s
  1970  1315  473.84584  186  277  360.00000  751.85345   109%   617 1295s
  1975  1318  533.12392  189  352  360.00000  751.85345   109%   618 1377s
  1978  1320  437.25309  190  247  360.00000  751.85345   109%   618 1380s
  1986  1325  462.78927  194  275  360.00000  751.85345   109%   619 1385s
  1994  1331  463.68586  198  273  360.00000  751.85345   109%   619 1390s
  2002  1336  486.40582  202  292  360.00000  751.85345   109%   620 1395s
  2010  1341  458.64205  206  258  360.00000  751.85345   109%   620 1400s
  2017  1346  514.72066  210  354  360.00000  751.85345   109%   620 1405s
  2025  1351  510.58178  214  356  360.00000  751.85345   109%   621 1410s
  2032  1356  405.05978  217  226  360.00000  751.85345   109%   622 1415s
  2040  1361  444.85708  221  264  360.00000  751.85345   109%   622 1420s
  2048  1367  440.64803  225  266  360.00000  751.85345   109%   623 1425s
  2056  1372  435.52102  229  253  360.00000  751.85345   109%   623 1430s
  2064  1377  430.64627  233  251  360.00000  751.85345   109%   624 1435s
  2072  1383  422.08662  237  260  360.00000  751.85345   109%   624 1440s
  2080  1388  423.95901  241  272  360.00000  751.85345   109%   625 1445s
  2088  1393  415.31305  245  251  360.00000  751.85345   109%   625 1450s
  2096  1399  420.72560  249  267  360.00000  751.85345   109%   625 1455s
  2104  1404  423.13906  253  257  360.00000  751.85345   109%   626 1460s
  2116  1412  400.73986  259  249  360.00000  751.85345   109%   626 1465s
  2132  1423  417.42529  267  250  360.00000  751.85345   109%   626 1470s
  2144  1431  404.79671  273  255  360.00000  751.85345   109%   626 1475s
  2155  1438  455.13681  279  306  360.00000  751.85345   109%   626 1480s
  2164  1444  399.77648  283  247  360.00000  751.85345   109%   626 1485s
  2176  1452  380.93108  289  247  360.00000  751.85345   109%   627 1490s
  2188  1460  387.08072  295  224  360.00000  751.85345   109%   627 1495s
  2198  1467  376.83117  300  253  360.00000  751.85345   109%   627 1500s
  2212  1476  381.09161  307  235  360.00000  751.85345   109%   627 1505s
  2224  1484  386.23178  313  259  360.00000  751.85345   109%   627 1510s
  2234  1491  375.62290  318  249  360.00000  751.85345   109%   626 1515s
  2248  1497  371.48787  325  237  360.00000  751.85345   109%   626 1520s
  2261  1505  417.35224  332  302  360.00000  751.85345   109%   626 1525s
  2276  1507  370.13647  339  242  360.00000  751.85345   109%   625 1530s
  2305  1500  398.35302  354  303  360.00000  751.85345   109%   623 1535s
  2339  1489  384.35610  371  283  360.00000  751.85345   109%   618 1540s
  2384  1473     cutoff  393       360.00000  751.85345   109%   610 1545s
  2450  1450  658.04546   12  285  360.00000  725.24042   101%   597 1550s
  2451  1450  651.59247   13  293  360.00000  725.24042   101%   597 1565s
  2462  1458  573.27735   18  227  360.00000  725.24042   101%   597 1570s
  2477  1468  614.19265   26  281  360.00000  725.24042   101%   597 1575s
  2485  1473  604.56159   30  280  360.00000  725.24042   101%   597 1580s
  2498  1482  507.99338   36  222  360.00000  725.24042   101%   597 1585s
  2503  1485  587.86069   39  281  360.00000  725.24042   101%   597 1597s
  2505  1486  587.03274   40  280  360.00000  725.24042   101%   597 1615s
  2521  1497  575.76799   48  273  360.00000  725.24042   101%   596 1620s
  2538  1508  495.88477   56  206  360.00000  725.24042   101%   596 1625s
  2554  1519  476.09158   64  213  360.00000  725.24042   101%   596 1630s
  2580  1543  471.75794   77  200  360.00000  725.24042   101%   595 1635s
  2598  1561  453.92836   86  202  360.00000  725.24042   101%   595 1640s
  2616  1579  397.97914   95  179  360.00000  725.24042   101%   594 1645s
  2630  1593  404.56333  102  184  360.00000  725.24042   101%   594 1650s
  2646  1609  456.18819  110  215  360.00000  725.24042   101%   594 1655s
  2665  1628  492.97259  120  280  360.00000  725.24042   101%   593 1660s
  2683  1646  487.55281  129  286  360.00000  725.24042   101%   592 1665s
  2702  1665  367.58782  138  178  360.00000  725.24042   101%   592 1670s
  2730  1693  404.17657  152  198  360.00000  725.24042   101%   591 1675s
  2748  1709  389.88265  161  195  360.00000  725.24042   101%   590 1680s
  2766  1724  364.07584  170  172  360.00000  725.24042   101%   589 1685s
  2788  1740     cutoff  181       360.00000  725.24042   101%   588 1690s
  2810  1752  362.07683  192  168  360.00000  725.24042   101%   587 1695s
  2828  1760     cutoff  201       360.00000  725.24042   101%   586 1700s
  2860  1766     cutoff  217       360.00000  725.24042   101%   583 1705s
  2898  1766     cutoff  236       360.00000  725.24042   101%   579 1710s
  2938  1766     cutoff  256       360.00000  725.24042   101%   574 1715s
  3019  1767  651.01537   14  300  360.00000  725.19947   101%   563 1720s
  3027  1775  636.31341   18  300  360.00000  725.19947   101%   564 1725s
  3035  1783  611.52668   22  287  360.00000  725.19947   101%   564 1731s
  3042  1790  693.63040   26  391  360.00000  725.19947   101%   565 1735s
  3050  1798  687.74881   30  378  360.00000  725.19947   101%   566 1740s
  3057  1805  596.23472   33  291  360.00000  725.19947   101%   567 1745s
  3063  1811  614.58082   36  296  360.00000  725.19947   101%   567 1750s
  3067  1815  589.75833   38  287  360.00000  725.19947   101%   567 1764s
  3071  1819  576.64123   40  276  360.00000  725.19947   101%   568 1765s
  3080  1828  662.54132   45  376  360.00000  725.19947   101%   568 1770s
  3089  1837  593.38512   49  297  360.00000  725.19947   101%   569 1775s
H 3099  1799                     368.0000000  725.19947  97.1%   570 1793s
  3099  1801  565.21418   54  275  368.00000  725.19947  97.1%   570 1795s

Cutting planes:
  Gomory: 6

Explored 3107 nodes (1778545 simplex iterations) in 1800.01 seconds (956.04 work units)
Thread count was 1 (of 12 available processors)

Solution count 10: 368 360 357 ... 324

Time limit reached
Best objective 3.680000000000e+02, best bound 7.250000000000e+02, gap 97.0109%
