
Gurobi 12.0.2 (linux64, C++) logging started Thu Jun 19 08:00:21 2025

Set parameter LogFile to value "log/instances/scenario2/fully_correlated_sc2/700/kpfs_10.txt.log"

Gurobi 12.0.2 (linux64, C++) logging started Thu Jun 19 08:01:43 2025

Set parameter LogFile to value "log/instances/scenario2/fully_correlated_sc2/700/kpfs_10.txt.log"

Gurobi 12.0.2 (linux64, C++) logging started Thu Jun 19 08:02:54 2025

Set parameter LogFile to value "log/instances/scenario2/fully_correlated_sc2/700/kpfs_10.txt.log"

Gurobi 12.0.2 (linux64, C++) logging started Thu Jun 19 08:03:58 2025

Set parameter LogFile to value "log/instances/scenario2/fully_correlated_sc2/700/kpfs_10.txt.log"

Gurobi 12.0.2 (linux64, C++) logging started Thu Jun 19 23:07:25 2025

Set parameter WLSAccessID
Set parameter WLSSecret
Set parameter LicenseID to value 2679381
Set parameter LogFile to value "log/instances/scenario2/fully_correlated_sc2/700/kpfs_10.txt.log"
Academic license 2679381 - for non-commercial use only - registered to be___@poli.ufrj.br
Set parameter TimeLimit to value 1800
Set parameter Threads to value 1
Gurobi Optimizer version 12.0.2 build v12.0.2rc0 (linux64 - "Ubuntu 24.04.1 LTS")

CPU model: 13th Gen Intel(R) Core(TM) i7-1355U, instruction set [SSE2|AVX|AVX2]
Thread count: 6 physical cores, 12 logical processors, using up to 1 threads

Non-default parameters:
TimeLimit  1800
Threads  1

Academic license 2679381 - for non-commercial use only - registered to be___@poli.ufrj.br
Optimize a model with 2102 rows, 2800 columns and 43481 nonzeros
Model fingerprint: 0x98fdfb4b
Variable types: 0 continuous, 2800 integer (700 binary)
Coefficient statistics:
  Matrix range     [1e+00, 3e+01]
  Objective range  [2e+00, 4e+01]
  Bounds range     [1e+00, 3e+01]
  RHS range        [1e+00, 1e+03]
Found heuristic solution: objective 83.0000000
Presolve removed 0 rows and 44 columns
Presolve time: 0.38s
Presolved: 2102 rows, 2756 columns, 43393 nonzeros
Variable types: 0 continuous, 2756 integer (700 binary)

Root simplex log...

Iteration    Objective       Primal Inf.    Dual Inf.      Time
    4940    7.7813626e+02   1.111227e+02   0.000000e+00      5s
    5940    7.6593120e+02   0.000000e+00   0.000000e+00      6s

Root relaxation: objective 7.659312e+02, 5940 iterations, 5.87 seconds (2.34 work units)

    Nodes    |    Current Node    |     Objective Bounds      |     Work
 Expl Unexpl |  Obj  Depth IntInf | Incumbent    BestBd   Gap | It/Node Time

     0     0  765.93120    0  443   83.00000  765.93120   823%     -    6s
H    0     0                      95.0000000  765.93120   706%     -    6s
H    0     0                      97.0000000  765.93120   690%     -    6s
H    0     0                      99.0000000  765.93120   674%     -    6s
H    0     0                     101.0000000  765.93120   658%     -    6s
H    0     0                     125.0000000  765.93120   513%     -    6s
H    0     0                     147.0000000  765.93120   421%     -    6s
H    0     0                     151.0000000  765.93120   407%     -    6s
H    0     0                     155.0000000  765.93120   394%     -    6s
H    0     0                     162.0000000  765.93120   373%     -    6s
H    0     0                     164.0000000  765.93120   367%     -    6s
H    0     0                     171.0000000  765.93120   348%     -    6s
H    0     0                     201.0000000  765.93120   281%     -    6s
H    0     0                     203.0000000  765.93120   277%     -    6s
H    0     0                     229.0000000  765.93120   234%     -    7s
H    0     0                     262.0000000  765.93120   192%     -    7s
H    0     0                     264.0000000  765.93120   190%     -    7s
H    0     0                     267.0000000  765.93120   187%     -    7s
     0     0  765.03084    0  442  267.00000  765.03084   187%     -   10s
     0     0  764.95879    0  443  267.00000  764.95879   187%     -   19s
     0     0  764.68748    0  446  267.00000  764.68748   186%     -   22s
     0     0  764.68425    0  446  267.00000  764.68425   186%     -   23s
     0     2  764.68425    0  446  267.00000  764.68425   186%     -   24s
     1     3  707.22115    1  371  267.00000  764.68269   186%  1572   25s
     7     9  704.07395    4  359  267.00000  757.87033   184%  1117   30s
    18    20  749.08055   12  440  267.00000  754.93475   183%   815   35s
    38    40  735.43195   31  433  267.00000  754.93475   183%   563   40s
    60    62  723.56740   51  420  267.00000  754.93475   183%   480   45s
    83    85  708.86141   72  406  267.00000  754.93475   183%   433   50s
H  104   104                     270.0000000  754.93475   180%   408   53s
H  104   104                     291.0000000  754.93475   159%   408   53s
H  104   104                     294.0000000  754.93475   157%   408   53s
H  104   104                     306.0000000  754.93475   147%   408   53s
   117   119  616.72990  103  323  306.00000  754.93475   147%   400   55s
H  130   130                     312.0000000  754.93475   142%   406   57s
H  130   130                     313.0000000  754.93475   141%   406   57s
H  130   130                     326.0000000  754.93475   132%   406   57s
H  130   130                     345.0000000  754.93475   119%   406   57s
   136   138  683.08212  118  394  345.00000  754.93475   119%   418   60s
   149   151  623.35975  128  312  345.00000  754.93475   119%   436   65s
   182   184  614.66549  159  318  345.00000  754.93475   119%   396   70s
   204   206  642.61010  178  367  345.00000  754.93475   119%   388   75s
   234   236  624.42862  204  362  345.00000  754.93475   119%   381   82s
   259   261  615.50679  227  350  345.00000  754.93475   119%   364   85s
H  312   312                     349.0000000  754.93475   116%   332   95s
   313   315  590.93580  276  326  349.00000  754.93475   116%   334  100s
   365   367  567.41629  324  302  349.00000  754.93475   116%   310  105s
   434   436  530.82585  388  264  349.00000  754.93475   116%   282  110s
   537   539  446.94323  481  207  349.00000  754.93475   116%   252  115s
   674   664  668.80827  143  446  349.00000  754.21026   116%   220  130s
   676   665  726.29382   46  443  349.00000  754.21026   116%   220  135s
   677   666  666.86120  147  442  349.00000  754.21026   116%   219  140s
   681   671  754.21026   14  449  349.00000  754.21026   116%   228  145s
   686   674  679.26916   16  355  349.00000  754.21026   116%   235  151s
   690   677  679.06165   18  353  349.00000  752.85758   116%   241  155s
   694   679  680.77057   20  350  349.00000  749.60391   115%   247  160s
   698   682  698.06374   22  362  349.00000  746.88679   114%   253  165s
   702   685  693.33313   24  386  349.00000  743.80641   113%   257  170s
   706   687  669.65613   26  363  349.00000  740.76181   112%   264  175s
   711   691  735.91890   29  428  349.00000  737.54470   111%   269  180s
   714   693  656.59595   30  355  349.00000  732.16902   110%   276  185s
   719   696  727.92607   33  430  349.00000  728.86734   109%   282  190s
   724   699  669.66343   35  378  349.00000  726.10199   108%   289  197s
   728   702  649.72703   37  348  349.00000  723.30118   107%   293  201s
   732   705  680.98967   39  377  349.00000  719.25169   106%   298  205s
   740   710  638.11733   43  348  349.00000  715.76922   105%   307  210s
   747   715  710.27794   47  430  349.00000  712.47187   104%   314  215s
   748   715  642.88313   47  347  349.00000  710.27555   104%   316  223s
   750   717  644.45730   48  349  349.00000  708.76546   103%   318  225s
   754   719  645.81442   50  358  349.00000  708.00605   103%   323  231s
   758   722  634.57329   52  345  349.00000  708.00605   103%   326  235s
   764   726  643.08760   55  347  349.00000  708.00605   103%   332  240s
   770   730  632.42029   58  340  349.00000  708.00605   103%   339  246s
   774   733  600.67420   60  323  349.00000  708.00605   103%   344  250s
   780   737  647.49519   63  356  349.00000  708.00605   103%   350  256s
   784   739  622.09189   65  333  349.00000  708.00605   103%   353  260s
   788   742  632.49460   67  357  349.00000  708.00605   103%   357  265s
   793   745  685.07481   70  417  349.00000  708.00605   103%   360  270s
   798   749  605.58762   72  312  349.00000  708.00605   103%   366  275s
   804   753  626.66183   75  352  349.00000  708.00605   103%   371  280s
   808   755  615.58898   77  347  349.00000  708.00605   103%   374  286s
   812   758  617.06281   79  345  349.00000  708.00605   103%   378  291s
   816   761  603.77033   81  345  349.00000  708.00605   103%   382  295s
   820   763  625.40410   83  360  349.00000  708.00605   103%   386  300s
   826   767  626.86429   86  356  349.00000  708.00605   103%   389  305s
   832   771  604.91207   89  347  349.00000  708.00605   103%   394  310s
   842   778  604.10014   94  341  349.00000  708.00605   103%   402  315s
   848   782  608.29070   97  349  349.00000  708.00605   103%   407  320s
   854   786  610.64881  100  364  349.00000  708.00605   103%   412  325s
   859   789  652.56483  103  402  349.00000  708.00605   103%   414  330s
   863   792  649.68651  105  398  349.00000  708.00605   103%   419  335s
   870   797  571.12984  108  323  349.00000  708.00605   103%   425  341s
   875   800  643.59106  111  391  349.00000  708.00605   103%   427  345s
   881   804  642.18975  114  389  349.00000  708.00605   103%   430  350s
   886   807  586.50818  116  346  349.00000  708.00605   103%   434  355s
   890   810  573.88813  118  328  349.00000  708.00605   103%   438  360s
   895   813  635.23595  121  398  349.00000  708.00605   103%   440  365s
   896   814  569.29712  121  314  349.00000  708.00605   103%   441  370s
   902   818  588.10474  124  344  349.00000  708.00605   103%   444  375s
   909   823  629.61829  128  393  349.00000  708.00605   103%   447  382s
   912   825  568.99602  129  327  349.00000  708.00605   103%   450  386s
   918   829  589.65830  132  340  349.00000  708.00605   103%   452  390s
   922   831  568.74352  134  341  349.00000  708.00605   103%   455  396s
   924   833  555.74900  135  320  349.00000  708.00605   103%   456  400s
   928   835  540.41119  137  317  349.00000  708.00605   103%   458  405s
   932   838  572.09590  139  330  349.00000  708.00605   103%   461  411s
   936   841  569.98293  141  319  349.00000  708.00605   103%   462  416s
   939   843  616.60063  143  392  349.00000  708.00605   103%   463  420s
   944   846  562.89250  145  317  349.00000  708.00605   103%   467  425s
   949   849  611.94855  148  387  349.00000  708.00605   103%   468  431s
   953   852  609.57779  150  395  349.00000  708.00605   103%   470  435s
   957   855  608.42145  152  397  349.00000  708.00605   103%   472  440s
   961   857  606.77182  154  386  349.00000  708.00605   103%   474  445s
   966   861  528.58638  156  296  349.00000  708.00605   103%   477  458s
   968   862  562.83379  157  329  349.00000  708.00605   103%   478  460s
   972   865  548.78385  159  327  349.00000  708.00605   103%   481  465s
   976   867  535.57691  161  311  349.00000  708.00605   103%   483  477s
   980   870  530.24453  163  308  349.00000  708.00605   103%   486  481s
   983   872  592.01820  165  396  349.00000  708.00605   103%   487  485s
   987   875  590.41434  167  387  349.00000  708.00605   103%   487  490s
   992   878  520.78091  169  336  349.00000  708.00605   103%   490  496s
   994   879  521.09769  170  303  349.00000  708.00605   103%   492  501s
   998   882  506.86603  172  296  349.00000  708.00605   103%   493  505s
  1002   885  526.68939  174  328  349.00000  708.00605   103%   495  510s
  1006   887  531.60005  176  329  349.00000  708.00605   103%   496  515s
  1010   890  511.14234  178  305  349.00000  708.00605   103%   498  521s
  1014   893  509.47253  180  306  349.00000  708.00605   103%   500  527s
  1018   895  479.19430  182  288  349.00000  708.00605   103%   502  531s
  1022   898  498.79701  184  309  349.00000  708.00605   103%   504  535s
  1026   901  501.64545  186  309  349.00000  708.00605   103%   505  540s
  1030   903  505.76071  188  311  349.00000  708.00605   103%   507  545s
  1034   906  500.78048  190  290  349.00000  708.00605   103%   510  550s
  1036   907  503.62365  191  310  349.00000  708.00605   103%   510  568s
  1038   909  499.69104  192  292  349.00000  708.00605   103%   511  570s
  1044   913  499.88065  195  292  349.00000  708.00605   103%   514  594s
  1045   913  571.15060  196  382  349.00000  708.00605   103%   514  595s
  1048   915  504.14440  197  298  349.00000  708.00605   103%   516  601s
  1052   918  513.58028  199  316  349.00000  708.00605   103%   517  606s
  1056   921  503.04579  201  294  349.00000  708.00605   103%   520  611s
  1059   923  565.82437  203  375  349.00000  708.00605   103%   520  615s
  1063   925  563.25667  205  380  349.00000  708.00605   103%   521  621s
  1067   928  561.25423  207  380  349.00000  708.00605   103%   522  625s
  1070   930  520.18140  208  312  349.00000  708.00605   103%   523  630s
  1074   933  475.03533  210  286  349.00000  708.00605   103%   526  637s
  1076   934  484.94894  211  304  349.00000  708.00605   103%   526  640s
  1080   937  489.46413  213  317  349.00000  708.00605   103%   527  645s
  1084   939  512.21778  215  318  349.00000  708.00605   103%   528  650s
  1091   944  550.64761  219  370  349.00000  708.00605   103%   530  655s
  1096   947  490.29915  221  308  349.00000  708.00605   103%   531  660s
  1102   951  507.17985  224  319  349.00000  708.00605   103%   533  665s
  1107   955  543.75661  227  366  349.00000  708.00605   103%   534  670s
  1110   957  465.80017  228  301  349.00000  708.00605   103%   536  675s
  1115   960  541.41514  231  366  349.00000  708.00605   103%   536  680s
  1119   963  540.11104  233  371  349.00000  708.00605   103%   537  685s
  1124   966  472.49672  235  302  349.00000  708.00605   103%   539  691s
  1128   969  491.78120  237  299  349.00000  708.00605   103%   541  696s
  1130   970  491.70213  238  311  349.00000  708.00605   103%   541  700s
  1136   974  496.13529  241  319  349.00000  708.00605   103%   542  706s
  1140   977  469.88168  243  293  349.00000  708.00605   103%   543  710s
  1146   981  470.29342  246  287  349.00000  708.00605   103%   544  715s
  1150   983  467.20876  248  299  349.00000  708.00605   103%   545  720s
  1155   987  528.15370  251  362  349.00000  708.00605   103%   545  725s
  1160   990  481.01399  253  317  349.00000  708.00605   103%   546  730s
  1164   993  489.13108  255  322  349.00000  708.00605   103%   547  736s
  1168   995  465.13892  257  307  349.00000  708.00605   103%   548  741s
  1172   998  473.15534  259  299  349.00000  708.00605   103%   549  745s
  1180  1003  438.04587  263  293  349.00000  708.00605   103%   551  751s
  1184  1006  457.74539  265  287  349.00000  708.00605   103%   551  755s
  1188  1009  461.08208  267  302  349.00000  708.00605   103%   552  760s
  1192  1011  448.50188  269  295  349.00000  708.00605   103%   553  766s
  1196  1014  470.31990  271  310  349.00000  708.00605   103%   554  771s
  1200  1017  450.19939  273  311  349.00000  708.00605   103%   554  775s
  1206  1021  468.14345  276  306  349.00000  708.00605   103%   555  781s
  1210  1023  444.72460  278  291  349.00000  708.00605   103%   556  785s
  1215  1027  501.32391  281  361  349.00000  708.00605   103%   556  790s
  1220  1030  439.27877  283  293  349.00000  708.00605   103%   558  795s
  1226  1034  446.79795  286  284  349.00000  708.00605   103%   559  800s
  1232  1038  434.33924  289  282  349.00000  708.00605   103%   559  805s
  1237  1041  491.43745  292  350  349.00000  708.00605   103%   560  810s
  1242  1045  464.62338  294  322  349.00000  708.00605   103%   561  816s
  1247  1048  486.43338  297  349  349.00000  708.00605   103%   561  820s
  1251  1051  485.06762  299  354  349.00000  708.00605   103%   562  825s
  1256  1054  443.07074  301  313  349.00000  708.00605   103%   563  832s
  1259  1056  479.69851  303  344  349.00000  708.00605   103%   563  835s
  1264  1059  432.41090  305  298  349.00000  708.00605   103%   564  840s
  1268  1062  415.73536  307  276  349.00000  708.00605   103%   565  845s
  1274  1066  412.87709  310  277  349.00000  708.00605   103%   566  851s
  1280  1070  430.60292  313  299  349.00000  708.00605   103%   566  855s
  1288  1075  388.32545  317  255  349.00000  708.00605   103%   568  860s
  1290  1077  396.91308  318  276  349.00000  708.00605   103%   568  866s
  1295  1080  467.58296  321  328  349.00000  708.00605   103%   568  870s
  1302  1085  393.83412  324  275  349.00000  708.00605   103%   569  875s
  1308  1089  411.83869  327  314  349.00000  708.00605   103%   570  880s
  1314  1093  404.49074  330  290  349.00000  708.00605   103%   571  885s
  1320  1097  396.84702  333  268  349.00000  708.00605   103%   572  890s
  1326  1101  407.24267  336  275  349.00000  708.00605   103%   573  895s
  1332  1105  389.79130  339  264  349.00000  708.00605   103%   573  901s
  1338  1109  404.40269  342  275  349.00000  708.00605   103%   574  905s
  1344  1113  377.48375  345  252  349.00000  708.00605   103%   575  910s
  1346  1114  398.65146  346  285  349.00000  708.00605   103%   575  916s
  1348  1115  399.36672  347  273  349.00000  708.00605   103%   575  939s
  1349  1116  446.13262  348  323  349.00000  708.00605   103%   575  940s
  1362  1125  381.89867  354  259  349.00000  708.00605   103%   576  945s
  1374  1133  391.02329  360  269  349.00000  708.00605   103%   576  950s
  1380  1137  389.48956  363  252  349.00000  708.00605   103%   577  955s
  1386  1141  385.83499  366  281  349.00000  708.00605   103%   577  960s
  1394  1146  382.67651  370  249  349.00000  708.00605   103%   578  966s
  1400  1150  380.25101  373  267  349.00000  708.00605   103%   578  970s
  1408  1155  380.93003  377  284  349.00000  708.00605   103%   578  975s
  1415  1160  424.91634  381  299  349.00000  708.00605   103%   578  980s
  1422  1165  375.19201  384  262  349.00000  708.00605   103%   579  985s
  1431  1169  420.16308  389  297  349.00000  708.00605   103%   579  990s
  1438  1173  364.38602  392  258  349.00000  708.00605   103%   580  995s
  1444  1177  375.38058  395  250  349.00000  708.00605   103%   580 1000s
  1452  1183  367.57931  399  276  349.00000  708.00605   103%   580 1005s
  1460  1186     cutoff  403       349.00000  708.00605   103%   580 1010s
  1461  1187  408.88770  404  288  349.00000  708.00605   103%   579 1017s
  1465  1189  408.30158  406  284  349.00000  708.00605   103%   579 1020s
  1475  1192  406.42165  411  287  349.00000  708.00605   103%   579 1025s
  1483  1197  403.42676  415  284  349.00000  708.00605   103%   579 1030s
  1490  1198     cutoff  418       349.00000  708.00605   103%   579 1035s
  1500  1198  352.91530  423  251  349.00000  708.00605   103%   579 1040s
  1512  1198  355.53910  429  242  349.00000  708.00605   103%   578 1045s
  1532  1197  357.82526  439  250  349.00000  708.00605   103%   576 1050s
  1549  1192  374.04491  448  255  349.00000  708.00605   103%   573 1055s
  1568  1185     cutoff  457       349.00000  708.00605   103%   569 1060s
  1596  1176  350.77544  472  257  349.00000  708.00605   103%   561 1065s
  1601  1175  595.45293   19  276  349.00000  707.98173   103%   561 1070s
  1605  1178  614.69834   21  302  349.00000  707.98173   103%   562 1075s
  1609  1180  619.93245   23  298  349.00000  707.98173   103%   562 1081s
  1613  1183  597.58313   25  284  349.00000  707.98173   103%   563 1086s
  1617  1186  610.99030   27  298  349.00000  707.98173   103%   563 1091s
  1621  1188  604.67846   29  292  349.00000  707.98173   103%   564 1096s
  1623  1190  614.53154   30  299  349.00000  707.98173   103%   564 1100s
  1627  1192  583.02998   32  285  349.00000  707.98173   103%   565 1105s
  1633  1196  591.20522   35  282  349.00000  707.98173   103%   567 1110s
  1637  1199  603.65258   37  292  349.00000  707.98173   103%   568 1115s
  1641  1202  575.71130   39  273  349.00000  707.98173   103%   568 1120s
  1646  1205  665.89656   42  367  349.00000  707.98173   103%   569 1125s
  1655  1211  603.98108   46  287  349.00000  707.98173   103%   570 1130s
  1659  1214  567.99779   48  277  349.00000  707.98173   103%   570 1135s
  1665  1218  555.36718   51  264  349.00000  707.98173   103%   571 1142s
  1669  1220  590.09278   53  304  349.00000  707.98173   103%   572 1146s
  1670  1221  653.72119   54  360  349.00000  707.98173   103%   571 1203s
  1673  1223  558.21354   55  255  349.00000  707.98173   103%   572 1206s
  1679  1227  587.35592   58  296  349.00000  707.98173   103%   573 1210s
  1685  1231  579.97091   61  302  349.00000  707.98173   103%   574 1215s
  1693  1236  556.62126   65  289  349.00000  707.98173   103%   574 1220s
  1705  1244  551.17748   71  272  349.00000  707.98173   103%   576 1225s
  1711  1248  544.22127   74  277  349.00000  707.98173   103%   576 1230s
  1717  1252  543.03487   77  264  349.00000  707.98173   103%   577 1235s
  1725  1258  564.79383   81  280  349.00000  707.98173   103%   577 1240s
  1733  1263  529.82704   85  274  349.00000  707.98173   103%   578 1246s
  1737  1266  529.87810   87  279  349.00000  707.98173   103%   579 1250s
  1745  1271  519.20509   91  263  349.00000  707.98173   103%   579 1256s
  1751  1275  514.76367   94  267  349.00000  707.98173   103%   580 1260s
  1757  1279  542.32079   97  262  349.00000  707.98173   103%   580 1265s
  1763  1283  519.10191  100  282  349.00000  707.98173   103%   581 1271s
  1767  1286  503.84483  102  255  349.00000  707.98173   103%   581 1275s
  1775  1291  515.71785  106  273  349.00000  707.98173   103%   582 1281s
  1779  1294  520.13338  108  279  349.00000  707.98173   103%   583 1285s
  1787  1299  522.97864  112  287  349.00000  707.98173   103%   583 1291s
  1793  1303  488.04287  115  240  349.00000  707.98173   103%   584 1295s
  1802  1309  578.08627  120  344  349.00000  707.98173   103%   584 1300s
  1809  1314  475.11343  123  245  349.00000  707.98173   103%   585 1306s
  1813  1316  499.87867  125  254  349.00000  707.98173   103%   585 1310s
  1819  1320  512.46141  128  253  349.00000  707.98173   103%   585 1315s
  1825  1324  489.50862  131  269  349.00000  707.98173   103%   586 1320s
  1832  1329  563.23553  135  340  349.00000  707.98173   103%   586 1325s
  1838  1333  559.23048  138  342  349.00000  707.98173   103%   587 1330s
  1843  1336  478.86134  140  251  349.00000  707.98173   103%   587 1335s
  1849  1340  474.51763  143  254  349.00000  707.98173   103%   588 1340s
  1855  1344  507.22925  146  290  349.00000  707.98173   103%   588 1346s
  1861  1348  467.18166  149  250  349.00000  707.98173   103%   588 1350s
  1867  1352  465.65534  152  266  349.00000  707.98173   103%   589 1355s
  1872  1356  545.98278  155  330  349.00000  707.98173   103%   589 1360s
  1879  1360  455.22140  158  256  349.00000  707.98173   103%   589 1365s
  1888  1366  541.15878  163  330  349.00000  707.98173   103%   589 1370s
  1897  1372  461.45431  167  226  349.00000  707.98173   103%   590 1375s
  1909  1380  472.66511  173  269  349.00000  707.98173   103%   591 1380s
  1919  1387  447.28562  178  251  349.00000  707.98173   103%   591 1385s
  1927  1392  474.68217  182  268  349.00000  707.98173   103%   591 1391s
  1933  1396  438.34095  185  230  349.00000  707.98173   103%   591 1395s
  1941  1402  445.83113  189  255  349.00000  707.98173   103%   591 1401s
  1947  1406  447.78341  192  261  349.00000  707.98173   103%   592 1405s
  1955  1411  408.60054  196  238  349.00000  707.98173   103%   592 1410s
  1964  1417  504.55521  201  322  349.00000  707.98173   103%   592 1415s
  1973  1423  435.15131  205  241  349.00000  707.98173   103%   592 1420s
  1975  1424  448.86349  206  272  349.00000  707.98173   103%   592 1514s
  1976  1425  496.88178  207  329  349.00000  707.98173   103%   592 1515s
  1983  1430  429.74471  210  238  349.00000  707.98173   103%   593 1520s
  1991  1435  424.40245  214  255  349.00000  707.98173   103%   593 1525s
  1997  1439  425.90613  217  260  349.00000  707.98173   103%   593 1530s
  2003  1443  424.50567  220  261  349.00000  707.98173   103%   593 1535s
  2010  1448  481.90488  224  326  349.00000  707.98173   103%   593 1540s
  2018  1453  478.55434  228  314  349.00000  707.98173   103%   593 1545s
  2029  1460  408.29785  233  251  349.00000  707.98173   103%   594 1550s
  2039  1467  390.47022  238  232  349.00000  707.98173   103%   594 1555s
  2049  1474  383.79400  243  230  349.00000  707.98173   103%   594 1560s
  2060  1481  462.83053  249  324  349.00000  707.98173   103%   594 1565s
  2067  1486  401.07192  252  250  349.00000  707.98173   103%   595 1570s
  2077  1492  369.88661  257  231  349.00000  707.98173   103%   595 1575s
  2087  1499  385.69997  262  230  349.00000  707.98173   103%   596 1580s
  2097  1506  397.16303  267  256  349.00000  707.98173   103%   596 1585s
  2107  1512  394.87553  272  242  349.00000  707.98173   103%   596 1590s
  2115  1518  371.20329  276  232  349.00000  707.98173   103%   596 1595s
  2125  1524  375.67996  281  245  349.00000  707.98173   103%   597 1601s
  2133  1530  360.60538  285  212  349.00000  707.98173   103%   597 1605s
  2145  1538  372.92445  291  238  349.00000  707.98173   103%   597 1610s
  2147  1538  351.21470  292  210  349.00000  707.98173   103%   597 1630s
  2153  1542  369.26650  295  236  349.00000  707.98173   103%   597 1635s
  2166  1551  423.26982  302  309  349.00000  707.98173   103%   596 1640s
  2177  1558  375.69862  307  242  349.00000  707.98173   103%   597 1645s
  2187  1563  368.53607  312  250  349.00000  707.98173   103%   597 1650s
  2197  1567  367.36179  317  244  349.00000  707.98173   103%   597 1655s
  2209  1568  370.42418  323  246  349.00000  707.98173   103%   596 1660s
  2221  1570  354.25700  329  248  349.00000  707.98173   103%   596 1665s
  2237  1565     cutoff  337       349.00000  707.98173   103%   594 1670s
  2259  1558     cutoff  348       349.00000  707.98173   103%   592 1675s
  2281  1550     cutoff  359       349.00000  707.98173   103%   590 1680s
  2304  1544  374.65930  371  287  349.00000  707.98173   103%   586 1685s
  2333  1533     cutoff  385       349.00000  707.98173   103%   582 1690s
  2374  1520  354.40469  406  262  349.00000  707.98173   103%   574 1695s
  2408  1511  493.10746   20  198  349.00000  707.19172   103%   568 1700s
  2416  1516  506.91144   24  210  349.00000  707.19172   103%   568 1705s
  2426  1523  478.72491   29  203  349.00000  707.19172   103%   568 1710s
  2440  1532  472.07744   36  213  349.00000  707.19172   103%   567 1715s
  2454  1542  451.10103   43  186  349.00000  707.19172   103%   566 1720s
  2468  1551  467.85067   50  217  349.00000  707.19172   103%   566 1725s
  2484  1562  468.30743   58  217  349.00000  707.19172   103%   565 1730s
  2497  1570  519.47899   65  251  349.00000  707.19172   103%   564 1735s
  2512  1580  429.70743   72  198  349.00000  707.19172   103%   563 1740s
  2532  1594  419.87054   82  190  349.00000  707.19172   103%   562 1745s
  2556  1610  407.73970   94  189  349.00000  707.19172   103%   560 1750s
  2574  1622  426.03087  103  213  349.00000  707.19172   103%   559 1755s
  2592  1634  387.02538  112  187  349.00000  707.19172   103%   558 1760s
  2611  1646  458.03383  122  241  349.00000  707.19172   103%   557 1765s
  2626  1655  378.36946  129  177  349.00000  707.19172   103%   556 1770s
  2646  1669  366.77890  139  163  349.00000  707.19172   103%   555 1775s
  2666  1680  364.36625  149  178  349.00000  707.19172   103%   553 1780s
  2688  1694  380.95218  160  195  349.00000  707.19172   103%   552 1785s
  2713  1706  416.26387  173  254  349.00000  707.19172   103%   550 1790s
  2742  1710     cutoff  187       349.00000  707.19172   103%   547 1795s

Cutting planes:
  Gomory: 3

Explored 2772 nodes (1513098 simplex iterations) in 1800.01 seconds (819.24 work units)
Thread count was 1 (of 12 available processors)

Solution count 10: 349 345 326 ... 267

Time limit reached
Best objective 3.490000000000e+02, best bound 7.070000000000e+02, gap 102.5788%
