
Gurobi 12.0.2 (linux64, C++) logging started Thu Jun 19 08:00:21 2025

Set parameter LogFile to value "log/instances/scenario2/fully_correlated_sc2/700/kpfs_6.txt.log"

Gurobi 12.0.2 (linux64, C++) logging started Thu Jun 19 08:01:44 2025

Set parameter LogFile to value "log/instances/scenario2/fully_correlated_sc2/700/kpfs_6.txt.log"

Gurobi 12.0.2 (linux64, C++) logging started Thu Jun 19 08:02:55 2025

Set parameter LogFile to value "log/instances/scenario2/fully_correlated_sc2/700/kpfs_6.txt.log"

Gurobi 12.0.2 (linux64, C++) logging started Fri Jun 20 01:37:26 2025

Set parameter WLSAccessID
Set parameter WLSSecret
Set parameter LicenseID to value 2679381
Set parameter LogFile to value "log/instances/scenario2/fully_correlated_sc2/700/kpfs_6.txt.log"
Academic license 2679381 - for non-commercial use only - registered to be___@poli.ufrj.br
Set parameter TimeLimit to value 1800
Set parameter Threads to value 1
Gurobi Optimizer version 12.0.2 build v12.0.2rc0 (linux64 - "Ubuntu 24.04.1 LTS")

CPU model: 13th Gen Intel(R) Core(TM) i7-1355U, instruction set [SSE2|AVX|AVX2]
Thread count: 6 physical cores, 12 logical processors, using up to 1 threads

Non-default parameters:
TimeLimit  1800
Threads  1

Academic license 2679381 - for non-commercial use only - registered to be___@poli.ufrj.br
Optimize a model with 2102 rows, 2800 columns and 43751 nonzeros
Model fingerprint: 0xc1698770
Variable types: 0 continuous, 2800 integer (700 binary)
Coefficient statistics:
  Matrix range     [1e+00, 3e+01]
  Objective range  [2e+00, 4e+01]
  Bounds range     [1e+00, 3e+01]
  RHS range        [1e+00, 1e+03]
Found heuristic solution: objective 59.0000000
Presolve removed 0 rows and 64 columns
Presolve time: 0.33s
Presolved: 2102 rows, 2736 columns, 43623 nonzeros
Variable types: 0 continuous, 2736 integer (700 binary)

Root simplex log...

Iteration    Objective       Primal Inf.    Dual Inf.      Time
    4889    7.5960636e+02   1.568924e+02   0.000000e+00      5s
    5650    7.5276541e+02   0.000000e+00   0.000000e+00      6s

Root relaxation: objective 7.527654e+02, 5650 iterations, 5.57 seconds (2.23 work units)

    Nodes    |    Current Node    |     Objective Bounds      |     Work
 Expl Unexpl |  Obj  Depth IntInf | Incumbent    BestBd   Gap | It/Node Time

     0     0  752.76541    0  444   59.00000  752.76541  1176%     -    6s
H    0     0                      69.0000000  752.76541   991%     -    6s
H    0     0                      85.0000000  752.76541   786%     -    6s
H    0     0                     120.0000000  752.76541   527%     -    6s
H    0     0                     139.0000000  752.76541   442%     -    6s
H    0     0                     165.0000000  752.76541   356%     -    6s
H    0     0                     176.0000000  752.76541   328%     -    6s
H    0     0                     181.0000000  752.76541   316%     -    6s
H    0     0                     187.0000000  752.76541   303%     -    6s
H    0     0                     198.0000000  752.76541   280%     -    6s
H    0     0                     215.0000000  752.76541   250%     -    6s
H    0     0                     217.0000000  752.76541   247%     -    6s
H    0     0                     233.0000000  752.76541   223%     -    7s
H    0     0                     238.0000000  752.76541   216%     -    7s
H    0     0                     248.0000000  752.76541   204%     -    7s
     0     0  751.88977    0  433  248.00000  751.88977   203%     -   11s
H    0     0                     252.0000000  751.87783   198%     -   11s
H    0     0                     258.0000000  751.87783   191%     -   17s
H    0     0                     282.0000000  751.87783   167%     -   20s
     0     0  751.80623    0  429  282.00000  751.80623   167%     -   20s
     0     0  751.77298    0  428  282.00000  751.77298   167%     -   20s
     0     0  751.75212    0  433  282.00000  751.75212   167%     -   20s
     0     0  751.73334    0  430  282.00000  751.73334   167%     -   20s
     0     0  751.50423    0  433  282.00000  751.50423   166%     -   23s
     0     0  751.36877    0  430  282.00000  751.36877   166%     -   24s
     0     0  751.35782    0  434  282.00000  751.35782   166%     -   24s
     0     0  751.34098    0  436  282.00000  751.34098   166%     -   28s
     0     0  751.33625    0  437  282.00000  751.33625   166%     -   29s
     0     0  751.27433    0  435  282.00000  751.27433   166%     -   35s
     0     0  751.24326    0  439  282.00000  751.24326   166%     -   41s
     0     2  751.24008    0  439  282.00000  751.24008   166%     -   44s
     1     3  750.60599    1  442  282.00000  751.23510   166%   464   45s
     6     8  710.99748    3  396  282.00000  744.18542   164%   982   50s
    12    14  680.85033    7  389  282.00000  742.90868   163%   993   55s
    22    24  731.65688   14  435  282.00000  742.90868   163%   981   60s
H   26    26                     312.0000000  742.90868   138%   909   61s
H   26    26                     313.0000000  742.90868   137%   909   61s
    30    32  656.54112   20  350  313.00000  742.90868   137%   880   65s
    45    47  714.57351   34  429  313.00000  742.90868   137%   693   70s
H   52    52                     322.0000000  742.90868   131%   617   71s
H   52    52                     325.0000000  742.90868   129%   617   71s
    66    68  650.15432   53  355  325.00000  742.90868   129%   587   75s
H   78    78                     329.0000000  742.90868   126%   540   79s
H   78    78                     331.0000000  742.90868   124%   540   79s
    81    83  694.60988   67  410  331.00000  742.90868   124%   531   80s
   101   103  685.29262   86  402  331.00000  742.90868   124%   487   87s
H  104   104                     337.0000000  742.90868   120%   477   89s
H  104   104                     339.0000000  742.90868   119%   477   89s
H  104   104                     346.0000000  742.90868   115%   477   89s
   108   110  611.55398   91  316  346.00000  742.90868   115%   492   90s
   127   129  618.76930  108  344  346.00000  742.90868   115%   472   95s
   144   146  661.65081  123  389  346.00000  742.90868   115%   458  100s
   154   156  601.31789  129  329  346.00000  742.90868   115%   482  106s
   173   175  648.58422  147  377  346.00000  742.90868   115%   450  110s
   202   204  632.52327  176  377  346.00000  742.90868   115%   406  121s
H  208   208                     350.0000000  742.90868   112%   410  124s
   215   217  627.40267  187  359  350.00000  742.90868   112%   401  125s
H  234   234                     355.0000000  742.90868   109%   392  131s
   255   257  553.26579  221  294  355.00000  742.90868   109%   384  135s
   277   279  597.88266  240  337  355.00000  742.90868   109%   375  140s
   338   340  571.72160  297  308  355.00000  742.90868   109%   337  156s
   361   363  556.14565  317  286  355.00000  742.90868   109%   330  160s
   387   389  545.19244  340  269  355.00000  742.90868   109%   320  165s
   450   452  484.97956  398  211  355.00000  742.90868   109%   295  170s
   525   527  466.84644  466  230  355.00000  742.90868   109%   270  175s
   657   649  680.92842    5  360  355.00000  741.65761   109%   236  181s
   659   650  487.54514  427  439  355.00000  741.65761   109%   235  199s
   661   651  462.10269  481  444  355.00000  741.65761   109%   234  205s
   662   652  489.18426  422  435  355.00000  741.65761   109%   234  213s
   667   655  670.03658  114  440  355.00000  741.65761   109%   232  215s
   670   657  701.23009   59  435  355.00000  741.65761   109%   231  221s
   673   661  741.65761   13  435  355.00000  741.65761   109%   244  225s
   678   665  668.67328   15  356  355.00000  741.65761   109%   251  231s
   681   667  739.91270   17  439  355.00000  740.82187   109%   256  235s
   684   669  690.46318   18  360  355.00000  737.23704   108%   263  241s
   688   671  673.00448   20  357  355.00000  735.02121   107%   268  245s
   692   674  676.97800   22  365  355.00000  732.03551   106%   275  251s
   696   677  667.58761   24  365  355.00000  728.27256   105%   280  256s
   699   679  724.49550   26  436  355.00000  726.49418   105%   284  260s
   702   681  667.38292   27  376  355.00000  723.49621   104%   288  265s
   706   683  663.96142   29  369  355.00000  719.05553   103%   293  270s
   707   684  717.63649   30  431  355.00000  719.05553   103%   293  276s
   710   686  650.49994   31  352  355.00000  716.47383   102%   299  280s
   714   689  649.87812   33  381  355.00000  712.82948   101%   303  285s
   719   692  709.70979   36  442  355.00000  712.32954   101%   308  290s
   723   695  707.26398   38  437  355.00000  712.32954   101%   312  295s
   726   697  652.54319   39  360  355.00000  712.32954   101%   317  300s
   731   700  702.95173   42  420  355.00000  712.32954   101%   322  305s
   736   703  639.75880   44  360  355.00000  712.32954   101%   327  311s
   741   707  696.72439   47  437  355.00000  712.32954   101%   332  315s
   746   710  639.72922   49  379  355.00000  712.32954   101%   339  320s
   751   713  691.71675   52  440  355.00000  712.32954   101%   342  325s
   754   715  604.17040   53  341  355.00000  712.32954   101%   348  330s
   759   719  687.61116   56  430  355.00000  712.32954   101%   353  335s
   763   721  684.37067   58  428  355.00000  712.32954   101%   357  346s
   766   723  622.32113   59  351  355.00000  712.32954   101%   362  350s
   771   727  680.06865   62  430  355.00000  712.32954   101%   366  355s
   777   731  677.08497   65  424  355.00000  712.32954   101%   372  360s
   780   733  607.05409   66  342  355.00000  712.32954   101%   377  365s
   785   736  673.39277   69  430  355.00000  712.32954   101%   380  370s
   790   739  604.17520   71  334  355.00000  712.32954   101%   387  376s
   794   742  615.56011   73  358  355.00000  712.32954   101%   391  381s
   799   745  664.17916   76  426  355.00000  712.32954   101%   393  385s
   804   749  609.20151   78  353  355.00000  712.32954   101%   399  391s
   808   751  584.70744   80  343  355.00000  712.32954   101%   402  398s
   810   753  599.71243   81  340  355.00000  712.32954   101%   406  401s
   814   755  605.78370   83  366  355.00000  712.32954   101%   408  405s
   820   759  577.46874   86  334  355.00000  712.32954   101%   414  411s
   824   762  607.84005   88  358  355.00000  712.32954   101%   416  415s
   830   766  587.05251   91  344  355.00000  712.32954   101%   422  421s
   836   770  571.66600   94  336  355.00000  712.32954   101%   426  426s
   840   773  572.14103   96  333  355.00000  712.32954   101%   430  431s
   844   775  579.62882   98  333  355.00000  712.32954   101%   433  435s
   848   778  601.69193  100  355  355.00000  712.32954   101%   436  440s
   852   781  588.62145  102  360  355.00000  712.32954   101%   440  445s
   857   784  641.88655  105  433  355.00000  712.32954   101%   442  450s
   862   787  599.81661  107  362  355.00000  712.32954   101%   447  456s
   866   790  596.00568  109  358  355.00000  712.32954   101%   449  460s
   870   793  575.27458  111  337  355.00000  712.32954   101%   454  465s
   874   795  576.54107  113  358  355.00000  712.32954   101%   456  470s
   880   799  583.06754  116  362  355.00000  712.32954   101%   461  476s
   884   802  550.68812  118  317  355.00000  712.32954   101%   463  481s
   888   805  571.70501  120  343  355.00000  712.32954   101%   466  486s
   893   808  625.79023  123  416  355.00000  712.32954   101%   468  490s
   898   811  550.43626  125  320  355.00000  712.32954   101%   473  496s
   902   814  555.86173  127  326  355.00000  712.32954   101%   477  500s
   904   815  560.03958  128  333  355.00000  712.32954   101%   478  505s
   908   818  564.59705  130  340  355.00000  712.32954   101%   480  510s
   910   819  533.71157  131  315  355.00000  712.32954   101%   482  517s
   914   822  554.79620  133  348  355.00000  712.32954   101%   484  521s
   918   825  532.88044  135  325  355.00000  712.32954   101%   486  526s
   921   827  615.61184  137  426  355.00000  712.32954   101%   489  530s
   926   830  555.09357  139  323  355.00000  712.32954   101%   491  539s
   927   831  613.10309  140  429  355.00000  712.32954   101%   491  540s
   932   834  551.31795  142  345  355.00000  712.32954   101%   496  546s
   936   837  553.05440  144  336  355.00000  712.32954   101%   498  550s
   940   839  566.04057  146  345  355.00000  712.32954   101%   500  556s
   944   842  548.04486  148  344  355.00000  712.32954   101%   502  561s
   947   844  605.07547  150  418  355.00000  712.32954   101%   504  565s
   951   847  603.50383  152  413  355.00000  712.32954   101%   506  570s
   956   850  545.38242  154  323  355.00000  712.32954   101%   511  576s
   960   853  544.61675  156  328  355.00000  712.32954   101%   512  581s
   965   856  597.36764  159  409  355.00000  712.32954   101%   513  585s
   970   859  543.40393  161  343  355.00000  712.32954   101%   518  590s
   976   863  547.80496  164  337  355.00000  712.32954   101%   522  595s
   982   867  540.38256  167  348  355.00000  712.32954   101%   523  616s
   986   870  527.51374  169  329  355.00000  712.32954   101%   525  623s
   988   871  516.15940  170  319  355.00000  712.32954   101%   527  626s
   992   874  506.63566  172  295  355.00000  712.32954   101%   528  631s
   996   877  534.87307  174  324  355.00000  712.32954   101%   529  636s
   999   879  586.50532  176  409  355.00000  712.32954   101%   529  640s
  1002   881  527.24814  177  338  355.00000  712.32954   101%   533  647s
  1004   882  526.32853  178  320  355.00000  712.32954   101%   533  671s
  1008   885  529.63214  180  328  355.00000  712.32954   101%   535  675s
  1014   889  516.32174  183  313  355.00000  712.32954   101%   538  680s
  1018   891  509.48421  185  297  355.00000  712.32954   101%   539  685s
  1023   895  579.41562  188  399  355.00000  712.32954   101%   541  690s
  1027   897  578.57083  190  396  355.00000  712.32954   101%   542  695s
  1033   901  575.17216  193  397  355.00000  712.32954   101%   545  700s
  1037   904  573.49399  195  392  355.00000  712.32954   101%   546  705s
  1042   907  515.95261  197  312  355.00000  712.32954   101%   549  710s
  1047   911  570.67796  200  396  355.00000  712.32954   101%   550  715s
  1051   913  568.46050  202  391  355.00000  712.32954   101%   552  720s
  1055   916  567.31166  204  381  355.00000  712.32954   101%   553  725s
  1059   919  566.16568  206  378  355.00000  712.32954   101%   555  730s
  1064   922  506.38625  208  308  355.00000  712.32954   101%   558  736s
  1069   925  564.46728  211  378  355.00000  712.32954   101%   558  740s
  1074   929  499.52535  213  307  355.00000  712.32954   101%   560  746s
  1078   931  506.29018  215  305  355.00000  712.32954   101%   561  750s
  1082   934  517.41676  217  309  355.00000  712.32954   101%   562  755s
  1087   937  556.52806  220  385  355.00000  712.32954   101%   563  760s
  1095   943  552.55162  224  384  355.00000  712.32954   101%   564  765s
  1100   946  474.32521  226  269  355.00000  712.32954   101%   566  770s
  1106   950  503.41832  229  298  355.00000  712.32954   101%   567  775s
  1111   953  546.76964  232  371  355.00000  712.32954   101%   567  780s
  1116   957  469.34070  234  298  355.00000  712.32954   101%   569  785s
  1121   960  542.43133  237  380  355.00000  712.32954   101%   570  790s
  1125   963  540.02489  239  374  355.00000  712.32954   101%   571  795s
  1130   966  474.63997  241  297  355.00000  712.32954   101%   573  800s
  1135   969  536.39206  244  361  355.00000  712.32954   101%   573  805s
  1141   973  533.77925  247  370  355.00000  712.32954   101%   574  810s
  1146   977  471.23558  249  303  355.00000  712.32954   101%   576  815s
  1152   981  483.63020  252  315  355.00000  712.32954   101%   577  821s
  1156   983  475.38273  254  300  355.00000  712.32954   101%   578  825s
  1161   987  523.65889  257  360  355.00000  712.32954   101%   578  830s
  1166   990  480.11594  259  311  355.00000  712.32954   101%   579  835s
  1172   994  468.44852  262  279  355.00000  712.32954   101%   580  840s
  1180   999  478.20506  266  316  355.00000  712.32954   101%   582  845s
  1188  1005  455.46820  270  300  355.00000  712.32954   101%   583  850s
  1194  1009  443.77662  273  283  355.00000  712.32954   101%   584  856s
  1198  1011  430.43023  275  283  355.00000  712.32954   101%   585  860s
  1204  1015  433.51698  278  272  355.00000  712.32954   101%   586  865s
  1210  1019  473.63687  281  305  355.00000  712.32954   101%   586  870s
  1216  1023  428.83308  284  276  355.00000  712.32954   101%   587  875s
  1222  1027  444.69599  287  270  355.00000  712.32954   101%   588  880s
  1228  1031  456.81486  290  301  355.00000  712.32954   101%   589  885s
  1235  1036  497.84883  294  335  355.00000  712.32954   101%   589  890s
  1240  1039  443.90287  296  282  355.00000  712.32954   101%   590  895s
  1248  1045  433.74567  300  256  355.00000  712.32954   101%   590  900s
  1256  1050  442.87478  304  261  355.00000  712.32954   101%   591  905s
  1264  1055  437.93967  308  274  355.00000  712.32954   101%   591  910s
  1276  1063  449.39365  314  276  355.00000  712.32954   101%   592  915s
  1284  1069  435.41335  318  274  355.00000  712.32954   101%   593  920s
  1292  1074  420.69712  322  274  355.00000  712.32954   101%   593  926s
  1298  1078  417.61841  325  275  355.00000  712.32954   101%   594  930s
  1304  1082  417.38377  328  279  355.00000  712.32954   101%   594  935s
  1312  1087  405.71580  332  278  355.00000  712.32954   101%   595  940s
  1320  1093  382.13376  336  253  355.00000  712.32954   101%   595  945s
  1327  1097  455.48905  340  321  355.00000  712.32954   101%   595  950s
  1336  1103  396.52932  344  263  355.00000  712.32954   101%   596  955s
  1342  1107  397.14183  347  277  355.00000  712.32954   101%   596  960s
  1349  1112  449.08661  351  314  355.00000  712.32954   101%   596  965s
  1358  1118  401.63441  355  287  355.00000  712.32954   101%   597  970s
  1370  1126  402.52219  361  284  355.00000  712.32954   101%   597  975s
  1383  1135  433.83054  368  313  355.00000  712.32954   101%   598  980s
  1392  1141  382.41931  372  271  355.00000  712.32954   101%   598  985s
  1398  1145  387.21239  375  271  355.00000  712.32954   101%   599  990s
  1405  1147  421.70914  379  311  355.00000  712.32954   101%   599  995s
  1413  1150  420.75982  383  300  355.00000  712.32954   101%   599 1000s
  1420  1153  356.94846  386  257  355.00000  712.32954   101%   600 1005s
  1429  1157  417.06218  391  296  355.00000  712.32954   101%   599 1010s
  1438  1160  365.10287  395  266  355.00000  712.32954   101%   600 1015s
  1448  1165  361.98527  400  249  355.00000  712.32954   101%   600 1020s
  1455  1169  407.27336  404  293  355.00000  712.32954   101%   599 1025s
  1464  1171  362.57561  408  259  355.00000  712.32954   101%   599 1030s
  1473  1177  395.27353  413  280  355.00000  712.32954   101%   599 1035s
  1485  1174  390.32940  419  273  355.00000  712.32954   101%   598 1040s
  1498  1170     cutoff  425       355.00000  712.32954   101%   596 1045s
  1515  1167  378.41342  434  265  355.00000  712.32954   101%   593 1050s
  1541  1158  370.22275  447  265  355.00000  712.32954   101%   586 1055s
  1585  1143  360.15299  469  247  355.00000  712.32954   101%   573 1060s
  1607  1138  603.10156   15  271  355.00000  712.27902   101%   569 1066s
  1611  1141  630.31162   17  293  355.00000  712.27902   101%   570 1070s
  1615  1143  619.55537   19  277  355.00000  712.27902   101%   570 1075s
  1621  1147  629.66035   22  300  355.00000  712.27902   101%   571 1080s
  1626  1151  690.07378   25  401  355.00000  712.27902   101%   572 1085s
  1631  1154  623.20444   27  314  355.00000  712.27902   101%   573 1090s
  1639  1159  574.81068   31  283  355.00000  712.27902   101%   575 1096s
  1643  1162  588.52513   33  294  355.00000  712.27902   101%   575 1100s
  1647  1165  595.32671   35  288  355.00000  712.27902   101%   576 1105s
  1653  1169  589.51920   38  290  355.00000  712.27902   101%   577 1110s
  1657  1171  584.50191   40  293  355.00000  712.27902   101%   578 1115s
  1662  1175  662.29327   43  382  355.00000  712.27902   101%   578 1120s
  1667  1178  572.06372   45  282  355.00000  712.27902   101%   580 1126s
  1674  1183  653.66604   49  385  355.00000  712.27902   101%   581 1130s
  1679  1186  547.70700   51  281  355.00000  712.27902   101%   582 1135s
  1685  1190  558.85877   54  285  355.00000  712.27902   101%   583 1141s
  1689  1193  569.13495   56  290  355.00000  712.27902   101%   583 1145s
  1695  1197  565.30830   59  294  355.00000  712.27902   101%   584 1151s
  1699  1199  572.27245   61  291  355.00000  712.27902   101%   585 1155s
  1704  1203  638.14189   64  381  355.00000  712.27902   101%   585 1160s
  1709  1206  548.29410   66  286  355.00000  712.27902   101%   586 1165s
  1715  1210  546.64685   69  286  355.00000  712.27902   101%   587 1170s
  1721  1214  535.47325   72  267  355.00000  712.27902   101%   588 1175s
  1723  1215  555.54938   73  289  355.00000  712.27902   101%   588 1196s
  1727  1218  545.83743   75  275  355.00000  712.27902   101%   591 1201s
  1732  1221  625.49658   78  377  355.00000  712.27902   101%   591 1205s
  1739  1226  523.67239   81  248  355.00000  712.27902   101%   592 1211s
  1745  1230  543.01743   84  284  355.00000  712.27902   101%   592 1216s
  1750  1233  617.04227   87  366  355.00000  712.27902   101%   593 1220s
  1755  1237  542.96084   89  285  355.00000  712.27902   101%   594 1225s
  1763  1242  557.09784   93  304  355.00000  712.27902   101%   595 1231s
  1769  1246  525.36643   96  262  355.00000  712.27902   101%   596 1235s
  1775  1250  542.89035   99  290  355.00000  712.27902   101%   596 1241s
  1779  1253  531.40494  101  304  355.00000  712.27902   101%   597 1245s
  1785  1257  519.28730  104  275  355.00000  712.27902   101%   597 1250s
  1791  1261  497.57999  107  263  355.00000  712.27902   101%   598 1255s
  1797  1265  488.51451  110  260  355.00000  712.27902   101%   599 1260s
  1804  1269  591.49561  114  353  355.00000  712.27902   101%   599 1265s
  1807  1271  508.45872  115  279  355.00000  712.27902   101%   599 1273s
  1811  1274  489.48320  117  253  355.00000  712.27902   101%   600 1275s
  1819  1279  500.18321  121  262  355.00000  712.27902   101%   601 1281s
  1825  1283  503.08971  124  259  355.00000  712.27902   101%   602 1285s
  1831  1287  477.76454  127  242  355.00000  712.27902   101%   602 1291s
  1837  1291  500.95283  130  262  355.00000  712.27902   101%   603 1296s
  1843  1295  524.49411  133  293  355.00000  712.27902   101%   603 1300s
  1851  1301  495.00759  137  275  355.00000  712.27902   101%   604 1305s
  1860  1307  562.47662  142  343  355.00000  712.27902   101%   604 1310s
  1867  1311  492.42383  145  245  355.00000  712.27902   101%   605 1315s
  1873  1315  465.88056  148  256  355.00000  712.27902   101%   606 1320s
  1879  1319  478.68924  151  258  355.00000  712.27902   101%   606 1325s
  1885  1323  473.64151  154  255  355.00000  712.27902   101%   607 1330s
  1892  1328  550.82973  158  338  355.00000  712.27902   101%   607 1335s
  1899  1333  488.76187  161  268  355.00000  712.27902   101%   608 1340s
  1906  1337  547.17854  165  345  355.00000  712.27902   101%   608 1345s
  1913  1342  478.93289  168  271  355.00000  712.27902   101%   608 1350s
  1921  1347  497.23128  172  266  355.00000  712.27902   101%   609 1355s
  1927  1351  453.55177  175  239  355.00000  712.27902   101%   609 1360s
  1937  1358  473.98458  180  258  355.00000  712.27902   101%   609 1365s
  1945  1363  468.16884  184  262  355.00000  712.27902   101%   610 1371s
  1951  1367  468.50896  187  277  355.00000  712.27902   101%   610 1376s
  1958  1372  522.21292  191  339  355.00000  712.27902   101%   610 1380s
  1966  1377  519.79334  195  339  355.00000  712.27902   101%   611 1385s
  1973  1382  450.39866  198  235  355.00000  712.27902   101%   611 1390s
  1975  1383  435.62854  199  245  355.00000  712.27902   101%   611 1470s
  1976  1384  517.15178  200  337  355.00000  712.27902   101%   611 1481s
  1980  1387  514.82773  202  340  355.00000  712.27902   101%   611 1485s
  1987  1391  460.61212  205  268  355.00000  712.27902   101%   612 1490s
  1995  1397  443.43505  209  260  355.00000  712.27902   101%   612 1495s
  2004  1403  504.53741  214  334  355.00000  712.27902   101%   612 1500s
  2014  1409  500.18183  219  327  355.00000  712.27902   101%   613 1505s
  2023  1415  436.29890  223  261  355.00000  712.27902   101%   613 1510s
  2038  1425  490.56099  231  325  355.00000  712.27902   101%   614 1515s
  2055  1437  416.64144  239  236  355.00000  712.27902   101%   614 1520s
  2065  1443  431.75241  244  285  355.00000  712.27902   101%   614 1525s
  2076  1451  472.91349  250  318  355.00000  712.27902   101%   614 1530s
  2087  1458  405.21309  255  238  355.00000  712.27902   101%   615 1535s
  2097  1465  414.93240  260  255  355.00000  712.27902   101%   615 1540s
  2107  1471  400.82580  265  233  355.00000  712.27902   101%   615 1545s
  2119  1479  393.86980  271  233  355.00000  712.27902   101%   615 1550s
  2129  1486  379.85544  276  227  355.00000  712.27902   101%   615 1555s
  2137  1491  363.41133  280  232  355.00000  712.27902   101%   615 1560s
  2147  1498  385.28455  285  250  355.00000  712.27902   101%   615 1566s
  2155  1503  382.75915  289  236  355.00000  712.27902   101%   615 1570s
  2167  1511  370.13196  295  223  355.00000  712.27902   101%   615 1575s
  2181  1518  359.93386  302  208  355.00000  712.27902   101%   615 1580s
  2191  1523  365.78976  307  267  355.00000  712.27902   101%   615 1585s
  2201  1528  360.39525  312  227  355.00000  712.27902   101%   615 1590s
  2217  1529     cutoff  320       355.00000  712.27902   101%   614 1595s
  2243  1529     cutoff  333       355.00000  712.27902   101%   612 1600s
  2270  1525  396.17622  347  276  355.00000  712.27902   101%   610 1605s
  2299  1514     cutoff  361       355.00000  712.27902   101%   606 1610s
  2347  1499     cutoff  385       355.00000  712.27902   101%   599 1615s
  2406  1479  630.99459   13  298  355.00000  704.82060  98.5%   588 1620s
  2407  1479  630.60920   14  302  355.00000  704.82060  98.5%   587 1663s
  2410  1481  511.92239   15  203  355.00000  704.82060  98.5%   587 1665s
  2420  1488  534.36195   20  217  355.00000  704.82060  98.5%   587 1670s
  2432  1496  512.71885   26  214  355.00000  704.82060  98.5%   587 1675s
  2444  1504  504.20425   32  219  355.00000  704.82060  98.5%   587 1680s
  2457  1513  582.48636   39  286  355.00000  704.82060  98.5%   587 1685s
  2459  1514  580.25871   40  289  355.00000  704.82060  98.5%   587 1702s
  2470  1521  476.38348   45  208  355.00000  704.82060  98.5%   587 1705s
  2486  1532  455.10284   53  200  355.00000  704.82060  98.5%   586 1710s
  2502  1543  469.54238   61  213  355.00000  704.82060  98.5%   586 1715s
  2516  1552  454.45331   68  202  355.00000  704.82060  98.5%   585 1720s
  2530  1561  438.56911   75  205  355.00000  704.82060  98.5%   585 1725s
  2552  1576  424.81349   86  174  355.00000  704.82060  98.5%   585 1730s
  2568  1587  441.61264   94  213  355.00000  704.82060  98.5%   584 1735s
  2582  1596  446.87156  101  189  355.00000  704.82060  98.5%   584 1740s
  2593  1603  512.65458  107  283  355.00000  704.82060  98.5%   583 1745s
  2606  1612  438.05229  113  210  355.00000  704.82060  98.5%   583 1750s
  2622  1623  401.45488  121  180  355.00000  704.82060  98.5%   583 1755s
  2634  1631  395.27757  127  203  355.00000  704.82060  98.5%   582 1760s
  2648  1642  422.67728  134  206  355.00000  704.82060  98.5%   582 1765s
  2660  1654  417.97277  140  199  355.00000  704.82060  98.5%   581 1770s
  2674  1668  396.80463  147  199  355.00000  704.82060  98.5%   581 1775s
  2690  1682  411.39394  155  197  355.00000  704.82060  98.5%   580 1780s
  2703  1695  460.56573  162  258  355.00000  704.82060  98.5%   579 1785s
  2715  1707  456.07387  168  265  355.00000  704.82060  98.5%   579 1790s
  2730  1721  372.59772  175  179  355.00000  704.82060  98.5%   578 1795s
  2745  1733  443.29902  183  263  355.00000  704.82060  98.5%   577 1800s

Cutting planes:
  Gomory: 6
  Zero half: 13

Explored 2746 nodes (1592143 simplex iterations) in 1800.02 seconds (919.27 work units)
Thread count was 1 (of 12 available processors)

Solution count 10: 355 350 346 ... 313

Time limit reached
Best objective 3.550000000000e+02, best bound 7.040000000000e+02, gap 98.3099%
