
Gurobi 12.0.2 (linux64, C++) logging started Thu Jun 19 08:00:21 2025

Set parameter LogFile to value "log/instances/scenario2/fully_correlated_sc2/700/kpfs_5.txt.log"

Gurobi 12.0.2 (linux64, C++) logging started Thu Jun 19 08:01:44 2025

Set parameter LogFile to value "log/instances/scenario2/fully_correlated_sc2/700/kpfs_5.txt.log"

Gurobi 12.0.2 (linux64, C++) logging started Thu Jun 19 08:02:55 2025

Set parameter LogFile to value "log/instances/scenario2/fully_correlated_sc2/700/kpfs_5.txt.log"

Gurobi 12.0.2 (linux64, C++) logging started Fri Jun 20 01:07:26 2025

Set parameter WLSAccessID
Set parameter WLSSecret
Set parameter LicenseID to value 2679381
Set parameter LogFile to value "log/instances/scenario2/fully_correlated_sc2/700/kpfs_5.txt.log"
Academic license 2679381 - for non-commercial use only - registered to be___@poli.ufrj.br
Set parameter TimeLimit to value 1800
Set parameter Threads to value 1
Gurobi Optimizer version 12.0.2 build v12.0.2rc0 (linux64 - "Ubuntu 24.04.1 LTS")

CPU model: 13th Gen Intel(R) Core(TM) i7-1355U, instruction set [SSE2|AVX|AVX2]
Thread count: 6 physical cores, 12 logical processors, using up to 1 threads

Non-default parameters:
TimeLimit  1800
Threads  1

Academic license 2679381 - for non-commercial use only - registered to be___@poli.ufrj.br
Optimize a model with 2102 rows, 2800 columns and 43673 nonzeros
Model fingerprint: 0x09681ddb
Variable types: 0 continuous, 2800 integer (700 binary)
Coefficient statistics:
  Matrix range     [1e+00, 3e+01]
  Objective range  [2e+00, 4e+01]
  Bounds range     [1e+00, 3e+01]
  RHS range        [1e+00, 1e+03]
Found heuristic solution: objective 102.0000000
Presolve removed 0 rows and 56 columns
Presolve time: 0.37s
Presolved: 2102 rows, 2744 columns, 43561 nonzeros
Variable types: 0 continuous, 2744 integer (700 binary)

Root simplex log...

Iteration    Objective       Primal Inf.    Dual Inf.      Time
    4380    8.0903384e+02   1.644523e+02   0.000000e+00      5s
    5701    7.8513655e+02   0.000000e+00   0.000000e+00      7s

Root relaxation: objective 7.851365e+02, 5701 iterations, 6.18 seconds (2.07 work units)

    Nodes    |    Current Node    |     Objective Bounds      |     Work
 Expl Unexpl |  Obj  Depth IntInf | Incumbent    BestBd   Gap | It/Node Time

     0     0  785.13655    0  418  102.00000  785.13655   670%     -    6s
H    0     0                     115.0000000  785.13655   583%     -    6s
H    0     0                     172.0000000  785.13655   356%     -    7s
H    0     0                     175.0000000  785.13655   349%     -    7s
H    0     0                     227.0000000  785.13655   246%     -    7s
H    0     0                     229.0000000  785.13655   243%     -    7s
H    0     0                     239.0000000  785.13655   229%     -    7s
H    0     0                     245.0000000  785.13655   220%     -    7s
H    0     0                     247.0000000  785.13655   218%     -    7s
H    0     0                     249.0000000  785.13655   215%     -    7s
H    0     0                     291.0000000  785.13655   170%     -    7s
     0     0  784.41927    0  420  291.00000  784.41927   170%     -   10s
     0     0  784.41258    0  417  291.00000  784.41258   170%     -   16s
     0     0  783.97868    0  423  291.00000  783.97868   169%     -   17s
H    0     0                     307.0000000  783.97503   155%     -   26s
H    0     0                     311.0000000  783.97503   152%     -   26s
H    0     0                     317.0000000  783.97503   147%     -   26s
H    0     0                     320.0000000  783.97503   145%     -   26s
H    0     0                     330.0000000  783.97503   138%     -   26s
H    0     0                     347.0000000  783.97503   126%     -   26s
     0     2  783.97503    0  423  347.00000  783.97503   126%     -   26s
     7     9  771.77913    4  428  347.00000  772.93600   123%   831   30s
    16    18  765.67291   11  425  347.00000  771.73195   122%   784   35s
    34    36  754.70506   29  412  347.00000  771.73195   122%   472   40s
    46    48  749.08799   40  419  347.00000  771.73195   122%   444   45s
    57    59  743.66116   50  407  347.00000  771.73195   122%   418   50s
    68    70  738.50053   60  416  347.00000  771.73195   122%   402   55s
    80    82  674.72280   70  343  347.00000  771.73195   122%   407   61s
    85    87  728.26441   73  397  347.00000  771.73195   122%   439   65s
   102   104  718.33739   89  402  347.00000  771.73195   122%   411   70s
H  104   104                     353.0000000  771.73195   119%   405   70s
H  104   104                     359.0000000  771.73195   115%   405   70s
H  104   104                     361.0000000  771.73195   114%   405   70s
H  104   104                     368.0000000  771.73195   110%   405   70s
H  104   104                     372.0000000  771.73195   107%   405   70s
H  104   104                     385.0000000  771.73195   100%   405   71s
   121   123  636.28846  107  304  385.00000  771.73195   100%   386   75s
   146   148  699.48358  131  388  385.00000  771.73195   100%   359   80s
   180   182  632.64201  160  313  385.00000  771.73195   100%   360   85s
H  208   208                     386.0000000  771.73195   100%   337   90s
   225   227  665.21324  201  346  386.00000  771.73195   100%   336   95s
   235   237  660.34569  211  347  386.00000  771.73195   100%   327  100s
   259   261  580.56614  231  262  386.00000  771.73195   100%   323  105s
   297   299  628.00618  267  314  386.00000  771.73195   100%   300  110s
   358   360  531.13076  321  231  386.00000  771.73195   100%   281  116s
   416   418  563.96555  375  256  386.00000  771.73195   100%   259  120s
   510   512  483.49193  459  167  386.00000  771.73195   100%   234  125s
   634   634     cutoff  567       386.00000  771.73195   100%   205  130s
   648   639  574.99485  365  423  386.00000  770.70392   100%   204  143s
   650   640  630.18033  261  418  386.00000  770.70392   100%   204  148s
   651   641  753.90040   32  423  386.00000  770.70392   100%   203  151s
   654   645  770.70392   14  421  386.00000  770.70392   100%   212  155s
   659   648  682.41326   16  333  386.00000  770.70392   100%   219  160s
   663   651  687.91004   18  354  386.00000  768.44656  99.1%   226  165s
   665   652  702.16623   19  353  386.00000  766.46742  98.6%   231  170s
   669   655  687.26166   21  342  386.00000  764.08277  97.9%   237  175s
   673   658  678.17147   23  350  386.00000  759.98616  96.9%   242  180s
   677   660  700.60418   25  354  386.00000  756.75698  96.1%   248  185s
   681   663  676.09795   27  351  386.00000  754.14747  95.4%   252  190s
   685   666  683.63396   29  346  386.00000  751.61935  94.7%   259  195s
   689   668  687.50504   31  369  386.00000  749.36266  94.1%   264  201s
   692   670  744.13959   33  425  386.00000  749.36266  94.1%   266  205s
   697   674  665.08708   35  350  386.00000  749.36266  94.1%   274  212s
   701   676  690.56635   37  366  386.00000  749.36266  94.1%   278  215s
   705   679  674.69606   39  348  386.00000  749.36266  94.1%   283  220s
   707   680  658.04982   40  353  386.00000  749.36266  94.1%   285  225s
   711   683  666.75266   42  354  386.00000  749.36266  94.1%   291  231s
   715   686  683.84106   44  371  386.00000  749.36266  94.1%   294  237s
   718   688  722.03274   46  425  386.00000  749.36266  94.1%   296  240s
   723   691  693.99372   48  377  386.00000  749.36266  94.1%   302  245s
   729   695  638.45459   51  340  386.00000  749.36266  94.1%   310  250s
   733   698  658.17908   53  356  386.00000  749.36266  94.1%   315  255s
   737   700  638.48591   55  346  386.00000  749.36266  94.1%   319  261s
   741   703  651.32888   57  351  386.00000  749.36266  94.1%   325  266s
   743   704  634.58027   58  371  386.00000  749.36266  94.1%   327  270s
   747   707  631.98629   60  357  386.00000  749.36266  94.1%   332  275s
   751   710  638.08970   62  349  386.00000  749.36266  94.1%   336  280s
   753   711  626.11104   63  350  386.00000  749.36266  94.1%   340  289s
   754   712  701.14358   64  416  386.00000  749.36266  94.1%   339  290s
   757   714  622.23213   65  331  386.00000  749.36266  94.1%   343  295s
   761   716  648.89724   67  358  386.00000  749.36266  94.1%   347  300s
   764   718  694.68001   69  423  386.00000  749.36266  94.1%   349  305s
   767   720  618.20220   70  321  386.00000  749.36266  94.1%   352  310s
   771   723  605.06249   72  335  386.00000  749.36266  94.1%   357  315s
   775   726  627.31034   74  347  386.00000  749.36266  94.1%   360  320s
   779   728  638.65733   76  354  386.00000  749.36266  94.1%   365  327s
   781   730  623.39613   77  355  386.00000  749.36266  94.1%   366  330s
   785   732  621.31297   79  343  386.00000  749.36266  94.1%   369  335s
   789   735  627.23810   81  378  386.00000  749.36266  94.1%   374  341s
   792   737  681.17821   83  422  386.00000  749.36266  94.1%   376  345s
   795   739  607.85575   84  340  386.00000  749.36266  94.1%   381  350s
   799   742  593.74275   86  328  386.00000  749.36266  94.1%   384  356s
   802   744  677.58288   88  424  386.00000  749.36266  94.1%   386  360s
   806   746  676.12011   90  422  386.00000  749.36266  94.1%   389  365s
   808   748  675.37690   91  422  386.00000  749.36266  94.1%   391  372s
   809   748  618.51947   91  351  386.00000  749.36266  94.1%   394  375s
   811   750  570.46870   92  300  386.00000  749.36266  94.1%   396  383s
   813   751  609.24676   93  353  386.00000  749.36266  94.1%   397  385s
   817   754  612.85683   95  352  386.00000  749.36266  94.1%   401  390s
   822   757  670.36221   98  422  386.00000  749.36266  94.1%   404  395s
   827   760  592.62485  100  342  386.00000  749.36266  94.1%   410  400s
   831   763  613.71525  102  335  386.00000  749.36266  94.1%   413  405s
   837   767  608.39778  105  359  386.00000  749.36266  94.1%   418  410s
   844   772  658.40215  109  419  386.00000  749.36266  94.1%   422  415s
   849   775  581.69895  111  319  386.00000  749.36266  94.1%   427  420s
   855   779  575.03190  114  320  386.00000  749.36266  94.1%   433  425s
   860   782  649.20102  117  405  386.00000  749.36266  94.1%   436  430s
   865   786  598.42753  119  356  386.00000  749.36266  94.1%   440  435s
   871   790  568.05980  122  319  386.00000  749.36266  94.1%   445  441s
   875   792  554.44140  124  329  386.00000  749.36266  94.1%   447  445s
   880   796  636.60710  127  398  386.00000  749.36266  94.1%   451  450s
   885   799  585.29874  129  356  386.00000  749.36266  94.1%   454  455s
   891   803  560.02953  132  300  386.00000  749.36266  94.1%   458  460s
   896   806  628.03688  135  398  386.00000  749.36266  94.1%   460  465s
   900   809  626.27360  137  405  386.00000  749.36266  94.1%   463  470s
   907   814  570.96223  140  350  386.00000  749.36266  94.1%   469  475s
   910   816  618.70371  142  398  386.00000  749.36266  94.1%   470  489s
   911   816  555.63069  142  334  386.00000  749.36266  94.1%   471  491s
   916   820  615.75727  145  389  386.00000  749.36266  94.1%   473  495s
   921   823  551.29134  147  326  386.00000  749.36266  94.1%   477  500s
   925   826  559.68553  149  326  386.00000  749.36266  94.1%   479  505s
   931   830  534.77792  152  301  386.00000  749.36266  94.1%   483  511s
   937   834  544.61448  155  325  386.00000  749.36266  94.1%   486  515s
   940   836  606.82540  157  399  386.00000  749.36266  94.1%   487  520s
   945   839  524.30829  159  323  386.00000  749.36266  94.1%   491  526s
   950   842  601.94725  162  396  386.00000  749.36266  94.1%   492  530s
   954   845  600.19571  164  397  386.00000  749.36266  94.1%   495  535s
   959   848  557.49338  166  324  386.00000  749.36266  94.1%   498  540s
   963   851  528.97533  168  301  386.00000  749.36266  94.1%   499  545s
   968   854  596.81444  171  399  386.00000  749.36266  94.1%   500  550s
   972   857  595.34696  173  385  386.00000  749.36266  94.1%   501  555s
   977   860  514.22230  175  309  386.00000  749.36266  94.1%   505  560s
   983   864  547.65984  178  317  386.00000  749.36266  94.1%   508  565s
   986   866  591.68952  180  391  386.00000  749.36266  94.1%   508  570s
   989   868  531.98777  181  326  386.00000  749.36266  94.1%   511  575s
   994   872  589.08378  184  382  386.00000  749.36266  94.1%   514  580s
   997   874  512.22460  185  299  386.00000  749.36266  94.1%   517  585s
  1001   876  532.70414  187  325  386.00000  749.36266  94.1%   518  590s
  1003   878  530.46138  188  319  386.00000  749.36266  94.1%   519  596s
  1007   880  503.77284  190  293  386.00000  749.36266  94.1%   520  600s
  1011   883  515.85274  192  295  386.00000  749.36266  94.1%   523  606s
  1016   886  584.30970  195  376  386.00000  749.36266  94.1%   524  610s
  1017   887  534.90288  195  341  386.00000  749.36266  94.1%   525  618s
  1019   888  518.06433  196  309  386.00000  749.36266  94.1%   526  621s
  1024   892  581.87222  199  384  386.00000  749.36266  94.1%   527  625s
  1030   896  579.61600  202  377  386.00000  749.36266  94.1%   528  630s
  1035   899  505.01073  204  308  386.00000  749.36266  94.1%   530  636s
  1039   902  517.58513  206  303  386.00000  749.36266  94.1%   531  640s
  1043   904  518.23595  208  318  386.00000  749.36266  94.1%   533  645s
  1049   908  521.85931  211  327  386.00000  749.36266  94.1%   534  650s
  1054   912  569.60275  214  368  386.00000  749.36266  94.1%   535  655s
  1059   915  503.67433  216  299  386.00000  749.36266  94.1%   538  660s
  1065   919  492.57817  219  305  386.00000  749.36266  94.1%   539  666s
  1071   923  515.07257  222  312  386.00000  749.36266  94.1%   540  670s
  1079   928  503.07092  226  296  386.00000  749.36266  94.1%   542  675s
  1085   932  514.97093  229  317  386.00000  749.36266  94.1%   543  680s
  1091   936  492.66920  232  310  386.00000  749.36266  94.1%   545  686s
  1095   939  493.81212  234  297  386.00000  749.36266  94.1%   545  706s
  1099   942  506.99806  236  317  386.00000  749.36266  94.1%   546  710s
  1105   946  495.83312  239  300  386.00000  749.36266  94.1%   547  715s
  1109   948  486.41186  241  287  386.00000  749.36266  94.1%   548  720s
  1114   952  542.46650  244  361  386.00000  749.36266  94.1%   549  725s
  1120   956  540.94244  247  357  386.00000  749.36266  94.1%   549  730s
  1127   960  496.52699  250  301  386.00000  749.36266  94.1%   551  736s
  1132   964  533.77347  253  354  386.00000  749.36266  94.1%   551  740s
  1141   970  457.38687  257  281  386.00000  749.36266  94.1%   553  746s
  1146   973  525.27746  260  371  386.00000  749.36266  94.1%   553  750s
  1151   976  468.94039  262  294  386.00000  749.36266  94.1%   555  755s
  1156   980  520.75458  265  361  386.00000  749.36266  94.1%   556  760s
  1159   982  482.24869  266  313  386.00000  749.36266  94.1%   556  768s
  1161   983  472.23407  267  295  386.00000  749.36266  94.1%   557  770s
  1167   987  469.02645  270  301  386.00000  749.36266  94.1%   557  775s
  1173   991  445.65448  273  294  386.00000  749.36266  94.1%   559  781s
  1177   994  444.72413  275  275  386.00000  749.36266  94.1%   559  785s
  1183   998  445.77565  278  297  386.00000  749.36266  94.1%   560  790s
  1189  1002  467.58325  281  292  386.00000  749.36266  94.1%   561  795s
  1194  1005  507.89753  284  345  386.00000  749.36266  94.1%   562  800s
  1198  1008  505.32893  286  354  386.00000  749.36266  94.1%   562  805s
  1205  1012  447.34219  289  290  386.00000  749.36266  94.1%   563  811s
  1211  1016  454.07086  292  288  386.00000  749.36266  94.1%   564  816s
  1215  1019  453.33411  294  283  386.00000  749.36266  94.1%   564  820s
  1221  1023  452.33623  297  310  386.00000  749.36266  94.1%   565  825s
  1227  1027  432.17420  300  281  386.00000  749.36266  94.1%   566  830s
  1231  1030  435.12817  302  290  386.00000  749.36266  94.1%   567  835s
  1241  1036  435.56683  307  303  386.00000  749.36266  94.1%   568  840s
  1247  1040  412.55771  310  277  386.00000  749.36266  94.1%   569  845s
  1253  1044  431.95400  313  275  386.00000  749.36266  94.1%   570  850s
  1260  1049  480.87092  317  329  386.00000  749.36266  94.1%   570  855s
  1267  1054  436.34645  320  297  386.00000  749.36266  94.1%   571  860s
  1273  1058  427.19353  323  282  386.00000  749.36266  94.1%   571  865s
  1279  1062  392.20898  326  265  386.00000  749.36266  94.1%   572  870s
  1286  1066  471.99344  330  312  386.00000  749.36266  94.1%   572  875s
  1295  1072  430.33356  334  284  386.00000  749.36266  94.1%   573  881s
  1303  1078  404.84850  338  268  386.00000  749.36266  94.1%   574  885s
  1316  1086  462.36681  345  310  386.00000  749.36266  94.1%   574  890s
  1325  1092  415.81758  349  266  386.00000  749.36266  94.1%   575  895s
  1333  1098  417.25205  353  272  386.00000  749.36266  94.1%   576  900s
  1342  1104  455.51611  358  301  386.00000  749.36266  94.1%   575  905s
  1352  1108  451.62984  363  297  386.00000  749.36266  94.1%   575  910s
  1362  1113  448.03589  368  311  386.00000  749.36266  94.1%   576  915s
  1370  1117  445.64883  372  305  386.00000  749.36266  94.1%   576  920s
  1381  1121  388.76859  377  251  386.00000  749.36266  94.1%   577  925s
  1391  1120     cutoff  382       386.00000  749.36266  94.1%   576  930s
  1399  1122  399.55793  386  265  386.00000  749.36266  94.1%   576  935s
  1415  1122  389.00222  394  259  386.00000  749.36266  94.1%   576  940s
  1427  1123  387.93623  400  259  386.00000  749.36266  94.1%   575  945s
  1448  1117  412.75874  411  284  386.00000  749.36266  94.1%   571  950s
  1470  1110  402.86684  422  274  386.00000  749.36266  94.1%   566  955s
  1508  1095  684.44739   15  309  386.00000  749.35227  94.1%   556  961s
  1514  1099  593.59734   18  243  386.00000  749.35227  94.1%   556  974s
  1515  1100  671.70666   19  308  386.00000  749.35227  94.1%   556  975s
  1524  1106  574.53080   23  232  386.00000  749.35227  94.1%   557  980s
  1532  1111  545.27676   27  234  386.00000  749.35227  94.1%   557  985s
  1542  1118  536.60571   32  222  386.00000  749.35227  94.1%   557  990s
  1552  1125  538.80983   37  232  386.00000  749.35227  94.1%   557  995s
  1568  1135  509.11548   45  210  386.00000  749.35227  94.1%   558 1000s
  1578  1142  508.29685   50  216  386.00000  749.35227  94.1%   558 1005s
  1590  1150  529.66576   56  234  386.00000  749.35227  94.1%   558 1010s
  1599  1156  608.77737   61  304  386.00000  749.35227  94.1%   558 1015s
  1610  1163  514.48495   66  224  386.00000  749.35227  94.1%   559 1020s
  1620  1170  499.61058   71  222  386.00000  749.35227  94.1%   559 1025s
  1632  1178  478.60119   77  219  386.00000  749.35227  94.1%   559 1030s
  1640  1183  524.88414   81  248  386.00000  749.35227  94.1%   559 1035s
  1654  1193  507.96475   88  240  386.00000  749.35227  94.1%   558 1040s
  1664  1199  480.00005   93  212  386.00000  749.35227  94.1%   558 1045s
  1676  1207  468.45577   99  207  386.00000  749.35227  94.1%   558 1050s
  1687  1215  559.38872  105  297  386.00000  749.35227  94.1%   558 1055s
  1696  1221  475.89252  109  219  386.00000  749.35227  94.1%   558 1060s
  1708  1229  470.47531  115  229  386.00000  749.35227  94.1%   558 1065s
  1716  1234  462.10197  119  224  386.00000  749.35227  94.1%   558 1070s
  1736  1247  459.47441  129  209  386.00000  749.35227  94.1%   557 1075s
  1747  1255  530.34070  135  300  386.00000  749.35227  94.1%   557 1080s
  1756  1261  435.83306  139  202  386.00000  749.35227  94.1%   557 1085s
  1768  1269  448.80926  145  237  386.00000  749.35227  94.1%   557 1090s
  1778  1275  416.10503  150  206  386.00000  749.35227  94.1%   557 1095s
  1788  1282  440.57305  155  220  386.00000  749.35227  94.1%   557 1100s
  1798  1289  435.89473  160  220  386.00000  749.35227  94.1%   557 1105s
  1810  1297  433.20782  166  202  386.00000  749.35227  94.1%   556 1110s
  1821  1304  498.85101  172  277  386.00000  749.35227  94.1%   556 1115s
  1831  1311  493.58729  177  285  386.00000  749.35227  94.1%   556 1120s
  1842  1315  428.14452  182  230  386.00000  749.35227  94.1%   556 1125s
  1854  1321     cutoff  188       386.00000  749.35227  94.1%   556 1130s
  1862  1325  389.79781  192  189  386.00000  749.35227  94.1%   555 1135s
  1872  1328  393.18827  197  218  386.00000  749.35227  94.1%   555 1140s
  1885  1335  466.28778  204  270  386.00000  749.35227  94.1%   554 1145s
  1909  1341  456.49370  216  272  386.00000  749.35227  94.1%   553 1150s
  1925  1341  450.80559  224  264  386.00000  749.35227  94.1%   551 1155s
  1939  1345  442.72858  231  265  386.00000  749.35227  94.1%   550 1160s
  1955  1340  436.24202  239  260  386.00000  749.35227  94.1%   549 1165s
  1974  1333     cutoff  248       386.00000  749.35227  94.1%   546 1170s
  1975  1334  428.63245  249  254  386.00000  749.35227  94.1%   546 1242s
  1990  1328     cutoff  256       386.00000  749.35227  94.1%   544 1245s
  2028  1315     cutoff  275       386.00000  749.35227  94.1%   538 1250s
  2072  1300     cutoff  297       386.00000  749.35227  94.1%   530 1255s
  2152  1277  389.29020  338  223  386.00000  749.35227  94.1%   514 1260s
  2165  1271  741.28013   17  388  386.00000  743.08544  92.5%   512 1286s
  2168  1273  694.20412   18  323  386.00000  737.90250  91.2%   513 1290s
  2173  1277  730.85281   21  394  386.00000  732.71146  89.8%   513 1295s
  2178  1280  652.49806   23  323  386.00000  727.34930  88.4%   515 1301s
  2182  1283  620.91594   25  291  386.00000  727.34930  88.4%   515 1305s
  2187  1286  716.63654   28  390  386.00000  727.34930  88.4%   516 1310s
  2192  1289  631.33235   30  302  386.00000  727.34930  88.4%   517 1315s
  2198  1293  650.42894   33  317  386.00000  727.34930  88.4%   518 1320s
  2204  1297  615.86698   36  300  386.00000  727.34930  88.4%   519 1325s
  2209  1301  694.79253   39  365  386.00000  727.34930  88.4%   519 1330s
  2214  1304  605.13472   41  305  386.00000  727.34930  88.4%   520 1335s
  2217  1306  688.56465   43  364  386.00000  727.34930  88.4%   521 1354s
  2218  1307  610.52865   43  301  386.00000  727.34930  88.4%   521 1355s
  2226  1312  608.92298   47  289  386.00000  727.34930  88.4%   522 1360s
  2234  1317  581.75277   51  272  386.00000  727.34930  88.4%   523 1367s
  2238  1320  605.37526   53  291  386.00000  727.34930  88.4%   524 1370s
  2243  1323  670.29632   56  373  386.00000  727.34930  88.4%   524 1375s
  2248  1327  588.69666   58  291  386.00000  727.34930  88.4%   525 1380s
  2254  1331  600.64038   61  299  386.00000  727.34930  88.4%   526 1386s
  2260  1335  582.27728   64  290  386.00000  727.34930  88.4%   527 1391s
  2264  1337  606.89446   66  306  386.00000  727.34930  88.4%   527 1395s
  2270  1341  564.44388   69  286  386.00000  727.34930  88.4%   528 1400s
  2275  1345  656.60241   72  369  386.00000  727.34930  88.4%   528 1405s
  2284  1351  538.51485   76  273  386.00000  727.34930  88.4%   530 1410s
  2291  1355  645.72113   80  368  386.00000  727.34930  88.4%   530 1415s
  2297  1359  642.56130   83  368  386.00000  727.34930  88.4%   531 1420s
  2304  1364  550.23102   86  279  386.00000  727.34930  88.4%   532 1425s
  2310  1368  558.21674   89  283  386.00000  727.34930  88.4%   533 1430s
  2316  1372  575.22667   92  276  386.00000  727.34930  88.4%   534 1435s
  2322  1376  564.68964   95  314  386.00000  727.34930  88.4%   534 1440s
  2332  1383  532.09345  100  271  386.00000  727.34930  88.4%   536 1445s
  2340  1388  562.20512  104  304  386.00000  727.34930  88.4%   536 1451s
  2346  1392  550.73586  107  277  386.00000  727.34930  88.4%   537 1456s
  2356  1399  539.94128  112  282  386.00000  727.34930  88.4%   538 1460s
  2364  1404  550.43068  116  306  386.00000  727.34930  88.4%   539 1466s
  2370  1408  532.38573  119  295  386.00000  727.34930  88.4%   540 1471s
  2377  1413  593.07208  123  369  386.00000  727.34930  88.4%   540 1475s
  2384  1417  512.24589  126  280  386.00000  727.34930  88.4%   541 1480s
  2392  1423  504.82280  130  271  386.00000  727.34930  88.4%   542 1486s
  2398  1427  506.10685  133  258  386.00000  727.34930  88.4%   543 1490s
  2405  1431  577.35382  137  363  386.00000  727.34930  88.4%   543 1495s
  2412  1436  497.03978  140  265  386.00000  727.34930  88.4%   544 1500s
  2420  1441  500.82963  144  266  386.00000  727.34930  88.4%   545 1506s
  2422  1443  501.47941  145  282  386.00000  727.34930  88.4%   545 1512s
  2426  1445  497.31711  147  268  386.00000  727.34930  88.4%   546 1515s
  2434  1451  493.32550  151  273  386.00000  727.34930  88.4%   546 1520s
  2438  1453  510.72023  153  281  386.00000  727.34930  88.4%   546 1540s
  2445  1458  562.19652  157  363  386.00000  727.34930  88.4%   547 1545s
  2452  1463  470.42285  160  254  386.00000  727.34930  88.4%   548 1550s
  2460  1468  453.97401  164  243  386.00000  727.34930  88.4%   548 1556s
  2470  1475  513.92486  169  301  386.00000  727.34930  88.4%   549 1560s
  2484  1484  491.02548  176  286  386.00000  727.34930  88.4%   550 1566s
  2491  1489  539.97150  180  359  386.00000  727.34930  88.4%   551 1570s
  2499  1494  537.61312  184  358  386.00000  727.34930  88.4%   551 1575s
  2507  1499  532.98534  188  353  386.00000  727.34930  88.4%   552 1580s
  2515  1505  529.85414  192  355  386.00000  727.34930  88.4%   553 1585s
  2522  1509  466.37355  195  259  386.00000  727.34930  88.4%   553 1590s
  2524  1511  466.22483  196  261  386.00000  727.34930  88.4%   553 1604s
  2525  1511  524.74532  197  349  386.00000  727.34930  88.4%   553 1605s
  2532  1516  466.70852  200  285  386.00000  727.34930  88.4%   554 1610s
  2540  1521  464.29256  204  289  386.00000  727.34930  88.4%   554 1615s
  2550  1528  427.03978  209  245  386.00000  727.34930  88.4%   555 1620s
  2562  1536  433.95467  215  275  386.00000  727.34930  88.4%   556 1625s
  2572  1543  445.29490  220  279  386.00000  727.34930  88.4%   556 1630s
  2580  1548  442.41297  224  268  386.00000  727.34930  88.4%   557 1635s
  2588  1556  411.33101  228  236  386.00000  727.34930  88.4%   557 1640s
  2596  1564  430.92641  232  246  386.00000  727.34930  88.4%   558 1645s
  2604  1572  403.16098  236  236  386.00000  727.34930  88.4%   558 1650s
  2613  1581  484.29132  241  333  386.00000  727.34930  88.4%   559 1655s
  2622  1590  409.20925  245  242  386.00000  727.34930  88.4%   559 1660s
  2632  1600  413.23190  250  242  386.00000  727.34930  88.4%   560 1665s
  2640  1608  427.78641  254  263  386.00000  727.34930  88.4%   560 1670s
  2648  1616  411.39278  258  248  386.00000  727.34930  88.4%   560 1675s
  2658  1626  418.74998  263  242  386.00000  727.34930  88.4%   561 1680s
  2668  1636  417.17493  268  281  386.00000  727.34930  88.4%   561 1685s
  2676  1643  397.70283  272  239  386.00000  727.34930  88.4%   561 1690s
  2690  1656  414.69713  279  266  386.00000  727.34930  88.4%   562 1695s
  2706  1669  393.37802  287  250  386.00000  727.34930  88.4%   562 1700s
  2719  1681  452.99303  294  315  386.00000  727.34930  88.4%   562 1705s
  2728  1688     cutoff  298       386.00000  727.34930  88.4%   563 1711s
  2736  1694  392.09433  302  239  386.00000  727.34930  88.4%   563 1715s
  2747  1700  439.89613  308  312  386.00000  727.34930  88.4%   563 1720s
  2760  1703     cutoff  314       386.00000  727.34930  88.4%   562 1725s
  2770  1708  387.90028  319  246  386.00000  727.34930  88.4%   562 1730s
  2784  1708     cutoff  326       386.00000  727.34930  88.4%   561 1735s
  2798  1708     cutoff  333       386.00000  727.34930  88.4%   560 1740s
  2814  1708     cutoff  341       386.00000  727.34930  88.4%   559 1745s
  2836  1708     cutoff  352       386.00000  727.34930  88.4%   556 1750s
  2867  1709  407.84933  368  297  386.00000  727.34930  88.4%   553 1755s
  2900  1708     cutoff  384       386.00000  727.34930  88.4%   548 1760s
  2951  1707  725.35585   16  374  386.00000  726.85854  88.3%   541 1765s
  2957  1713  633.55212   19  297  386.00000  726.85854  88.3%   541 1771s
  2965  1721  625.04685   23  295  386.00000  726.85854  88.3%   542 1775s
  2973  1729  593.00143   27  263  386.00000  726.85854  88.3%   543 1780s
  2981  1737  611.26344   31  278  386.00000  726.85854  88.3%   543 1785s
  2987  1743  600.69204   34  274  386.00000  726.85854  88.3%   544 1791s
  2992  1748  676.92445   37  378  386.00000  726.85854  88.3%   544 1795s

Cutting planes:
  Gomory: 3

Explored 2996 nodes (1637205 simplex iterations) in 1800.01 seconds (864.13 work units)
Thread count was 1 (of 12 available processors)

Solution count 10: 386 385 372 ... 320

Time limit reached
Best objective 3.860000000000e+02, best bound 7.260000000000e+02, gap 88.0829%
