
Gurobi 12.0.2 (linux64, C++) logging started Thu Jun 19 08:00:20 2025

Set parameter LogFile to value "log/instances/scenario2/fully_correlated_sc2/500/kpfs_10.txt.log"

Gurobi 12.0.2 (linux64, C++) logging started Thu Jun 19 08:01:43 2025

Set parameter LogFile to value "log/instances/scenario2/fully_correlated_sc2/500/kpfs_10.txt.log"

Gurobi 12.0.2 (linux64, C++) logging started Thu Jun 19 08:02:54 2025

Set parameter LogFile to value "log/instances/scenario2/fully_correlated_sc2/500/kpfs_10.txt.log"

Gurobi 12.0.2 (linux64, C++) logging started Thu Jun 19 08:03:58 2025

Set parameter LogFile to value "log/instances/scenario2/fully_correlated_sc2/500/kpfs_10.txt.log"

Gurobi 12.0.2 (linux64, C++) logging started Thu Jun 19 18:07:22 2025

Set parameter WLSAccessID
Set parameter WLSSecret
Set parameter LicenseID to value 2679381
Set parameter LogFile to value "log/instances/scenario2/fully_correlated_sc2/500/kpfs_10.txt.log"
Academic license 2679381 - for non-commercial use only - registered to be___@poli.ufrj.br
Set parameter TimeLimit to value 1800
Set parameter Threads to value 1
Gurobi Optimizer version 12.0.2 build v12.0.2rc0 (linux64 - "Ubuntu 24.04.1 LTS")

CPU model: 13th Gen Intel(R) Core(TM) i7-1355U, instruction set [SSE2|AVX|AVX2]
Thread count: 6 physical cores, 12 logical processors, using up to 1 threads

Non-default parameters:
TimeLimit  1800
Threads  1

Academic license 2679381 - for non-commercial use only - registered to be___@poli.ufrj.br
Optimize a model with 1502 rows, 2000 columns and 23669 nonzeros
Model fingerprint: 0x1a4235b3
Variable types: 0 continuous, 2000 integer (500 binary)
Coefficient statistics:
  Matrix range     [1e+00, 3e+01]
  Objective range  [2e+00, 4e+01]
  Bounds range     [1e+00, 2e+01]
  RHS range        [1e+00, 8e+02]
Found heuristic solution: objective 120.0000000
Presolve removed 0 rows and 62 columns
Presolve time: 0.14s
Presolved: 1502 rows, 1938 columns, 23545 nonzeros
Variable types: 0 continuous, 1938 integer (500 binary)

Root relaxation: objective 7.349568e+02, 4439 iterations, 2.98 seconds (1.14 work units)

    Nodes    |    Current Node    |     Objective Bounds      |     Work
 Expl Unexpl |  Obj  Depth IntInf | Incumbent    BestBd   Gap | It/Node Time

     0     0  734.95678    0  348  120.00000  734.95678   512%     -    3s
H    0     0                     122.0000000  734.95678   502%     -    3s
H    0     0                     124.0000000  734.95678   493%     -    3s
H    0     0                     137.0000000  734.95678   436%     -    3s
H    0     0                     194.0000000  734.95678   279%     -    3s
H    0     0                     203.0000000  734.95678   262%     -    3s
H    0     0                     206.0000000  734.95678   257%     -    3s
H    0     0                     207.0000000  734.95678   255%     -    3s
H    0     0                     210.0000000  734.95678   250%     -    3s
H    0     0                     215.0000000  734.95678   242%     -    3s
H    0     0                     242.0000000  734.95678   204%     -    3s
H    0     0                     245.0000000  734.95678   200%     -    3s
H    0     0                     248.0000000  734.95678   196%     -    3s
H    0     0                     282.0000000  734.95678   161%     -    3s
H    0     0                     291.0000000  734.95678   153%     -    3s
H    0     0                     306.0000000  734.95678   140%     -    3s
     0     0  734.24617    0  359  306.00000  734.24617   140%     -    5s
H    0     0                     307.0000000  734.18387   139%     -    6s
H    0     0                     309.0000000  734.18387   138%     -    7s
H    0     0                     348.0000000  734.18387   111%     -    8s
     0     0  734.05869    0  359  348.00000  734.05869   111%     -    8s
     0     0  733.87222    0  358  348.00000  733.87222   111%     -    9s
     0     0  733.86572    0  355  348.00000  733.86572   111%     -    9s
     0     0  733.85809    0  357  348.00000  733.85809   111%     -    9s
     0     0  733.85578    0  358  348.00000  733.85578   111%     -    9s
     0     0  733.79311    0  355  348.00000  733.79311   111%     -   11s
     0     0  733.78586    0  358  348.00000  733.78586   111%     -   11s
     0     0  733.78586    0  355  348.00000  733.78586   111%     -   11s
     0     0  733.76040    0  360  348.00000  733.76040   111%     -   15s
     0     0  733.75680    0  365  348.00000  733.75680   111%     -   15s
     0     0  733.75507    0  364  348.00000  733.75507   111%     -   15s
     0     0  733.73108    0  359  348.00000  733.73108   111%     -   17s
     0     0  733.72526    0  366  348.00000  733.72526   111%     -   17s
     0     0  733.72497    0  364  348.00000  733.72497   111%     -   17s
     0     0  733.71583    0  364  348.00000  733.71583   111%     -   19s
     0     0  733.71572    0  361  348.00000  733.71572   111%     -   19s
     0     0  733.70841    0  362  348.00000  733.70841   111%     -   21s
     0     2  733.70768    0  362  348.00000  733.70768   111%     -   24s
     2     4  684.59282    1  318  348.00000  730.53128   110%   920   25s
    13    15  678.47263    7  336  348.00000  720.18379   107%   828   30s
H   26    26                     359.0000000  720.18379   101%   490   32s
    40    42  661.43878   32  328  359.00000  720.18379   101%   448   35s
    61    63  681.93414   50  322  359.00000  720.18379   101%   416   40s
   102   104  661.92296   88  294  359.00000  720.18379   101%   319   45s
H  104   104                     384.0000000  720.18379  87.5%   314   45s
   124   126  587.01710  105  268  384.00000  720.18379  87.5%   320   50s
   156   158  574.87501  134  255  384.00000  720.18379  87.5%   305   55s
   191   193  548.83701  162  242  384.00000  720.18379  87.5%   300   60s
   224   226  580.56158  186  241  384.00000  720.18379  87.5%   302   65s
H  234   234                     386.0000000  720.18379  86.6%   297   68s
H  234   234                     387.0000000  720.18379  86.1%   297   70s
H  234   234                     396.0000000  720.18379  81.9%   297   70s
H  234   234                     400.0000000  720.18379  80.0%   297   70s
   303   305  536.44663  253  206  400.00000  720.18379  80.0%   262   75s
   505   497  616.73262   13  300  400.00000  716.74460  79.2%   188   82s
   517   508  642.52705  108  362  400.00000  716.74460  79.2%   187   90s
   521   511  517.85199  232  348  400.00000  716.74460  79.2%   186   99s
   522   513  716.74460   10  352  400.00000  716.74460  79.2%   195  100s
   528   517  716.74460   13  349  400.00000  716.74460  79.2%   201  105s
   534   521  709.61564   16  350  400.00000  713.41043  78.4%   210  110s
   539   525  659.27006   18  321  400.00000  704.58950  76.1%   217  115s
   545   529  664.99097   21  332  400.00000  698.04951  74.5%   224  120s
   552   533  690.58915   25  341  400.00000  692.26907  73.1%   231  125s
   559   538  626.58968   28  310  400.00000  689.51947  72.4%   240  131s
   566   543  677.19235   32  332  400.00000  689.51947  72.4%   245  135s
   573   547  618.31193   35  326  400.00000  689.51947  72.4%   253  140s
   581   553  613.21005   39  306  400.00000  689.51947  72.4%   260  145s
   586   556  664.21187   42  338  400.00000  689.51947  72.4%   263  150s
   593   561  590.50159   45  297  400.00000  689.51947  72.4%   271  155s
   603   567  604.25881   50  320  400.00000  689.51947  72.4%   281  160s
   610   572  648.47420   54  324  400.00000  689.51947  72.4%   286  165s
   619   578  600.64088   58  299  400.00000  689.51947  72.4%   293  170s
   626   583  637.43233   62  329  400.00000  689.51947  72.4%   299  178s
   629   585  569.12833   63  284  400.00000  689.51947  72.4%   303  180s
   636   589  630.50640   67  329  400.00000  689.51947  72.4%   307  185s
   645   595  593.58467   71  299  400.00000  689.51947  72.4%   314  190s
   654   601  617.04603   76  318  400.00000  689.51947  72.4%   319  195s
   662   607  612.81274   80  313  400.00000  689.51947  72.4%   325  200s
   671   613  567.06074   84  305  400.00000  689.51947  72.4%   330  205s
   679   618  568.82425   88  303  400.00000  689.51947  72.4%   334  210s
   688   624  598.12689   93  305  400.00000  689.51947  72.4%   338  215s
   695   629  536.66636   96  297  400.00000  689.51947  72.4%   344  221s
   702   633  589.39283  100  300  400.00000  689.51947  72.4%   347  225s
   711   639  535.65342  104  289  400.00000  689.51947  72.4%   351  230s
   720   645  580.61800  109  301  400.00000  689.51947  72.4%   354  235s
   730   652  575.53568  114  297  400.00000  689.51947  72.4%   358  240s
   737   657  504.58831  117  268  400.00000  689.51947  72.4%   363  245s
   742   660  567.19659  120  293  400.00000  689.51947  72.4%   364  253s
   746   663  564.09099  122  289  400.00000  689.51947  72.4%   366  255s
   758   671  558.57431  128  289  400.00000  689.51947  72.4%   370  260s
   767   677  480.73601  132  278  400.00000  689.51947  72.4%   374  265s
   776   683  548.67186  137  282  400.00000  689.51947  72.4%   377  270s
H  781   658                     401.0000000  689.51947  71.9%   377  273s
   785   663  498.13629  141  278  401.00000  689.51947  71.9%   379  281s
   789   665  504.41232  143  259  401.00000  689.51947  71.9%   381  285s
   800   673  532.22917  149  274  401.00000  689.51947  71.9%   383  290s
   809   679  463.40816  153  264  401.00000  689.51947  71.9%   387  295s
   820   686  523.83447  159  264  401.00000  689.51947  71.9%   388  300s
   831   693  459.67585  164  262  401.00000  689.51947  71.9%   390  305s
   841   700  453.62355  169  248  401.00000  689.51947  71.9%   393  310s
   853   708  470.22431  175  259  401.00000  689.51947  71.9%   394  315s
   859   712  449.75703  178  262  401.00000  689.51947  71.9%   395  320s
   871   720  438.96041  184  238  401.00000  689.51947  71.9%   397  325s
   885   729  452.91196  191  243  401.00000  689.51947  71.9%   399  332s
   893   735  451.29013  195  244  401.00000  689.51947  71.9%   400  335s
   909   745  449.94707  203  246  401.00000  689.51947  71.9%   401  340s
   924   755  474.30917  211  248  401.00000  689.51947  71.9%   402  345s
   937   764  425.18148  217  246  401.00000  689.51947  71.9%   404  350s
   947   771  412.26387  222  246  401.00000  689.51947  71.9%   404  355s
   963   779  417.99057  230  230  401.00000  689.51947  71.9%   405  366s
   980   782  450.73070  239  221  401.00000  689.51947  71.9%   404  370s
  1013   782     cutoff  255       401.00000  689.51947  71.9%   401  375s
  1086   757  679.54873   12  328  401.00000  689.28174  71.9%   384  394s
  1088   759  674.51990   13  325  401.00000  689.28174  71.9%   384  395s
  1100   767  658.94519   19  327  401.00000  689.28174  71.9%   386  400s
  1111   774  576.20446   24  267  401.00000  689.28174  71.9%   389  405s
  1121   781  578.33421   29  270  401.00000  689.28174  71.9%   390  410s
  1131   787  562.30844   34  259  401.00000  689.28174  71.9%   392  415s
  1139   793  572.14684   38  263  401.00000  689.28174  71.9%   394  420s
  1152   801  605.24244   45  311  401.00000  689.28174  71.9%   396  425s
  1165   810  522.82871   51  237  401.00000  689.28174  71.9%   398  430s
  1178   819  585.83502   58  304  401.00000  689.28174  71.9%   400  435s
  1191   827  532.62059   64  258  401.00000  689.28174  71.9%   402  440s
  1205   837  518.83782   71  241  401.00000  689.28174  71.9%   403  445s
  1217   845  513.68611   77  245  401.00000  689.28174  71.9%   405  451s
  1229   853  479.19168   83  232  401.00000  689.28174  71.9%   406  455s
  1243   862  489.27717   90  240  401.00000  689.28174  71.9%   408  460s
  1261   874  464.79757   99  242  401.00000  689.28174  71.9%   410  465s
  1276   884  518.12884  107  285  401.00000  689.28174  71.9%   411  470s
  1289   893  456.76556  113  240  401.00000  689.28174  71.9%   412  475s
  1305   903  445.19095  121  229  401.00000  689.28174  71.9%   414  480s
  1319   913  440.60102  128  227  401.00000  689.28174  71.9%   414  485s
  1335   923  439.66097  136  222  401.00000  689.28174  71.9%   415  490s
  1349   933  419.47672  143  229  401.00000  689.28174  71.9%   416  495s
  1357   938  424.58344  147  231  401.00000  689.28174  71.9%   416  507s
  1365   943  419.08829  151  218  401.00000  689.28174  71.9%   417  510s
  1379   953  440.68031  158  232  401.00000  689.28174  71.9%   417  515s
  1393   960  439.90612  165  245  401.00000  689.28174  71.9%   417  520s
  1409   969  408.38134  173  232  401.00000  689.28174  71.9%   417  525s
  1432   975  441.21526  185  248  401.00000  689.28174  71.9%   417  530s
  1465   968     cutoff  201       401.00000  689.28174  71.9%   413  535s
  1534   944  618.28219   11  259  401.00000  689.11649  71.8%   401  540s
  1550   955  530.38592   19  213  401.00000  689.11649  71.8%   402  545s
  1573   970  552.45423   31  255  401.00000  689.11649  71.8%   402  550s
  1596   985  479.80896   42  210  401.00000  689.11649  71.8%   403  555s
  1614   997  468.26318   51  206  401.00000  689.11649  71.8%   403  560s
  1637  1013  498.41124   63  245  401.00000  689.11649  71.8%   403  565s
  1662  1028  430.99224   75  200  401.00000  689.11649  71.8%   403  570s
  1688  1040  421.13083   88  203  401.00000  689.11649  71.8%   403  575s
  1721  1036  447.91628  105  236  401.00000  689.11649  71.8%   401  580s
  1750  1027     cutoff  119       401.00000  689.11649  71.8%   398  585s
  1808  1012  677.15719   19  330  401.00000  689.10852  71.8%   390  590s
  1818  1018  665.72349   24  337  401.00000  689.10852  71.8%   392  595s
  1828  1025  652.59973   29  322  401.00000  689.10852  71.8%   393  600s
  1837  1031  572.40504   33  271  401.00000  689.10852  71.8%   395  605s
  1842  1034  640.91366   36  320  401.00000  689.10852  71.8%   395  636s
  1854  1042  629.11281   42  313  401.00000  689.10852  71.8%   396  640s
  1863  1048  561.30794   46  265  401.00000  689.10852  71.8%   398  645s
  1875  1056  576.07987   52  283  401.00000  689.10852  71.8%   399  650s
  1883  1062  564.42271   56  274  401.00000  689.10852  71.8%   400  655s
  1895  1070  535.29176   62  251  401.00000  689.10852  71.8%   401  660s
  1907  1078  535.51211   68  278  401.00000  689.10852  71.8%   402  665s
  1921  1087  541.18233   75  266  401.00000  689.10852  71.8%   404  670s
  1933  1095  504.52272   81  252  401.00000  689.10852  71.8%   405  675s
  1947  1104  503.87102   88  241  401.00000  689.10852  71.8%   406  680s
  1959  1112  507.20455   94  254  401.00000  689.10852  71.8%   407  685s
  1971  1120  501.12650  100  258  401.00000  689.10852  71.8%   407  690s
  1975  1123  486.87906  102  231  401.00000  689.10852  71.8%   407  735s
  1988  1136  538.09619  109  287  401.00000  689.10852  71.8%   408  740s
  2002  1150  528.30914  116  284  401.00000  689.10852  71.8%   409  745s
  2016  1164  517.04860  123  283  401.00000  689.10852  71.8%   409  750s
  2026  1174  507.81852  128  272  401.00000  689.10852  71.8%   410  755s
  2049  1197  454.23994  139  251  401.00000  689.10852  71.8%   411  760s
  2062  1210  492.93601  146  267  401.00000  689.10852  71.8%   411  765s
  2077  1225  441.44849  153  253  401.00000  689.10852  71.8%   412  770s
  2093  1241  439.19987  161  255  401.00000  689.10852  71.8%   412  775s
  2109  1255  438.00115  169  252  401.00000  689.10852  71.8%   412  780s
  2125  1271  417.02346  177  233  401.00000  689.10852  71.8%   412  786s
  2139  1280     cutoff  184       401.00000  689.10852  71.8%   412  790s
  2162  1293  446.85038  196  243  401.00000  689.10852  71.8%   412  795s
  2187  1301     cutoff  208       401.00000  689.10852  71.8%   411  800s
  2232  1302  421.71784  231  222  401.00000  689.10852  71.8%   407  805s
  2287  1306  590.07145   19  255  401.00000  684.34184  70.7%   401  810s
  2299  1318  543.20582   25  238  401.00000  684.34184  70.7%   402  815s
  2311  1330  528.98796   31  231  401.00000  684.34184  70.7%   403  820s
  2327  1346  525.92361   39  247  401.00000  684.34184  70.7%   404  825s
  2343  1362  526.15939   47  252  401.00000  684.34184  70.7%   404  830s
  2345  1364  508.03385   48  234  401.00000  684.34184  70.7%   404  838s
  2349  1368  484.20088   50  216  401.00000  684.34184  70.7%   404  840s
  2367  1386  483.08577   59  219  401.00000  684.34184  70.7%   405  845s
  2383  1402  491.29611   67  233  401.00000  684.34184  70.7%   406  850s
  2395  1414  481.36766   73  218  401.00000  684.34184  70.7%   406  855s
  2411  1430  484.24451   81  225  401.00000  684.34184  70.7%   406  860s
  2428  1447  519.10508   90  269  401.00000  684.34184  70.7%   407  865s
  2447  1466  466.50349   99  227  401.00000  684.34184  70.7%   407  870s
  2467  1486  438.90578  109  224  401.00000  684.34184  70.7%   407  875s
  2487  1506  423.34406  119  216  401.00000  684.34184  70.7%   407  880s
  2507  1526  435.11939  129  240  401.00000  684.34184  70.7%   407  885s
  2525  1542  408.65800  138  222  401.00000  684.34184  70.7%   407  890s
  2550  1565  451.22909  151  271  401.00000  684.34184  70.7%   406  895s
  2581  1579  404.86203  166  229  401.00000  684.34184  70.7%   405  900s
  2621  1583     cutoff  186       401.00000  684.34184  70.7%   403  905s
  2686  1586  625.90273   14  289  401.00000  684.29658  70.6%   396  910s
  2696  1596  586.42973   19  261  401.00000  684.29658  70.6%   397  915s
  2705  1605  645.67350   24  320  401.00000  684.29658  70.6%   398  920s
  2715  1615  635.32905   29  314  401.00000  684.29658  70.6%   398  925s
  2728  1628  546.26598   35  239  401.00000  684.29658  70.6%   399  930s
  2740  1640  558.22350   41  278  401.00000  684.29658  70.6%   400  935s
  2754  1654  518.63262   48  237  401.00000  684.29658  70.6%   401  940s
  2773  1673  583.92471   58  313  401.00000  684.29658  70.6%   402  945s
  2786  1686  512.09126   64  261  401.00000  684.29658  70.6%   403  950s
  2796  1696  505.59438   69  248  401.00000  684.29658  70.6%   404  955s
  2810  1710  510.98330   76  264  401.00000  684.29658  70.6%   405  960s
  2824  1724  506.84756   83  269  401.00000  684.29658  70.6%   406  965s
  2840  1740  472.70966   91  233  401.00000  684.29658  70.6%   406  970s
  2856  1756  485.51408   99  240  401.00000  684.29658  70.6%   407  975s
  2878  1778  464.31588  110  242  401.00000  684.29658  70.6%   408  980s
  2898  1798  427.98737  120  236  401.00000  684.29658  70.6%   408  985s
  2916  1816  431.77612  129  233  401.00000  684.29658  70.6%   409  990s
  2938  1838  444.13737  140  245  401.00000  684.29658  70.6%   409  995s
  2962  1860  415.62683  152  216  401.00000  684.29658  70.6%   410 1000s
  2986  1878  407.97917  164  221  401.00000  684.29658  70.6%   410 1005s
  3018  1894     cutoff  180       401.00000  684.29658  70.6%   409 1010s
  3077  1898  416.82259  210  220  401.00000  684.29658  70.6%   405 1015s
  3134  1909  614.54127   19  278  401.00000  680.56477  69.7%   401 1020s
  3148  1923  589.90218   26  279  401.00000  680.56477  69.7%   402 1025s
  3173  1948  511.02068   38  225  401.00000  680.56477  69.7%   402 1030s
  3198  1973  541.08336   51  265  401.00000  680.56477  69.7%   402 1035s
  3225  2000  471.87596   64  233  401.00000  680.56477  69.7%   403 1040s
  3255  2030  427.27383   79  199  401.00000  680.56477  69.7%   403 1045s
  3286  2061  481.26730   95  253  401.00000  680.56477  69.7%   403 1050s
  3313  2088  429.93924  108  207  401.00000  680.56477  69.7%   403 1055s
  3357  2106     cutoff  130       401.00000  680.56477  69.7%   401 1060s
  3445  2112  664.42352   18  341  401.00000  680.53806  69.7%   396 1065s
  3459  2126  645.46574   25  337  401.00000  680.53806  69.7%   397 1070s
  3470  2137  589.98375   30  292  401.00000  680.53806  69.7%   398 1075s
  3483  2150  621.35132   37  334  401.00000  680.53806  69.7%   399 1080s
  3496  2163  558.00698   43  276  401.00000  680.53806  69.7%   399 1085s
  3506  2173  543.94003   48  279  401.00000  680.53806  69.7%   400 1090s
  3518  2185  542.62497   54  279  401.00000  680.53806  69.7%   401 1095s
  3531  2198  578.42045   61  319  401.00000  680.53806  69.7%   401 1100s
  3546  2213  520.08798   68  265  401.00000  680.53806  69.7%   402 1105s
  3561  2228  555.79828   76  309  401.00000  680.53806  69.7%   403 1110s
  3572  2239  493.10693   81  247  401.00000  680.53806  69.7%   403 1115s
  3586  2253  502.08684   88  262  401.00000  680.53806  69.7%   404 1120s
  3589  2256  531.47797   90  295  401.00000  680.53806  69.7%   404 1137s
  3596  2263  486.08691   93  264  401.00000  680.53806  69.7%   404 1140s
  3614  2281  476.99712  102  257  401.00000  680.53806  69.7%   405 1145s
  3631  2298  508.18400  111  290  401.00000  680.53806  69.7%   405 1150s
  3648  2315  437.41507  119  252  401.00000  680.53806  69.7%   406 1156s
  3663  2330  487.35557  127  277  401.00000  680.53806  69.7%   406 1160s
  3683  2350  476.28313  137  280  401.00000  680.53806  69.7%   406 1165s
  3698  2363  432.43734  144  229  401.00000  680.53806  69.7%   406 1170s
  3720  2385  431.68498  155  227  401.00000  680.53806  69.7%   406 1175s
  3740  2401     cutoff  165       401.00000  680.53806  69.7%   407 1180s
  3762  2412     cutoff  176       401.00000  680.53806  69.7%   406 1185s
  3783  2423  435.00069  187  244  401.00000  680.53806  69.7%   406 1190s
  3829  2424  418.35127  210  237  401.00000  680.53806  69.7%   404 1197s
  3875  2424  405.15573  233  227  401.00000  680.53806  69.7%   400 1200s
  3920  2447  567.11290   39  286  401.00000  674.82078  68.3%   397 1205s
  3979  2506  480.48644   98  263  401.00000  674.82078  68.3%   393 1210s
  4064  2581  597.03545   15  262  401.00000  674.80834  68.3%   387 1215s
  4109  2626  504.15779   60  261  401.00000  674.80834  68.3%   384 1220s
  4166  2683  433.01132  117  239  401.00000  674.80834  68.3%   381 1225s
  4214  2721  632.46475   29  315  401.00000  672.79164  67.8%   378 1230s
  4246  2753  570.34375   61  304  401.00000  672.79164  67.8%   377 1235s
  4297  2804  506.14066  112  290  401.00000  672.79164  67.8%   374 1240s
  4363  2870  413.66213  177  225  401.00000  672.79164  67.8%   370 1245s
  4415  2908  654.26278   22  337  401.00000  672.76671  67.8%   367 1250s
  4445  2938  589.06063   52  321  401.00000  672.76671  67.8%   367 1256s
  4477  2970  547.09806   84  305  401.00000  672.76671  67.8%   365 1260s
  4537  3030  473.38571  144  276  401.00000  672.76671  67.8%   362 1265s
  4599  3092  424.24055  206  238  401.00000  672.76671  67.8%   359 1275s
  4651  3129  578.52310   31  292  401.00000  672.38628  67.7%   356 1280s
  4701  3179  506.62811   79  279  401.00000  672.38628  67.7%   354 1285s
  4813  3279  613.72590   16  280  401.00000  671.43086  67.4%   348 1290s
  4865  3331  503.63692   68  276  401.00000  671.43086  67.4%   346 1295s
  4963  3419  668.67821   18  324  401.00000  671.40990  67.4%   341 1300s
  4991  3447  607.85782   46  318  401.00000  671.40990  67.4%   340 1305s
  5035  3491  542.94416   90  311  401.00000  671.40990  67.4%   339 1310s
  5096  3552  467.78838  151  262  401.00000  671.40990  67.4%   336 1315s
  5205  3649  585.42003   27  275  401.00000  670.24852  67.1%   332 1320s
  5266  3710  476.19074   88  254  401.00000  670.24852  67.1%   329 1325s
  5366  3794  587.13901   29  286  401.00000  669.31535  66.9%   325 1330s
  5455  3858  660.09257   14  317  401.00000  669.30811  66.9%   322 1335s
  5499  3902  567.80247   58  320  401.00000  669.30811  66.9%   321 1340s
  5557  3960  479.81314  116  284  401.00000  669.30811  66.9%   319 1345s
  5654  4045  547.89705   14  216  401.00000  669.19824  66.9%   315 1350s
  5676  4067  507.67652   25  216  401.00000  669.19824  66.9%   316 1355s
  5692  4083  493.29077   33  215  401.00000  669.19824  66.9%   316 1360s
  5709  4100  526.49275   42  258  401.00000  669.19824  66.9%   317 1365s
  5730  4121  436.75231   52  218  401.00000  669.19824  66.9%   317 1370s
  5756  4147  443.29150   65  207  401.00000  669.19824  66.9%   317 1375s
  5788  4177  412.98799   81  199  401.00000  669.19824  66.9%   318 1380s
  5820  4195  409.39007   97  205  401.00000  669.19824  66.9%   318 1385s
  5864  4202     cutoff  119       401.00000  669.19824  66.9%   317 1391s
  5959  4231  539.23595   47  270  401.00000  668.65908  66.7%   315 1395s
  6086  4346  607.65020   22  267  401.00000  666.75808  66.3%   310 1400s
  6159  4407  543.70005   62  280  401.00000  666.07207  66.1%   308 1405s
  6252  4500  435.01584  155  244  401.00000  666.07207  66.1%   306 1410s
  6348  4562  564.89615   34  269  401.00000  665.16105  65.9%   303 1415s
  6350  4564  559.83932   36  259  401.00000  665.16105  65.9%   303 1428s
  6367  4581  527.62134   53  261  401.00000  665.16105  65.9%   302 1430s
  6476  4690  407.27265  162  230  401.00000  665.16105  65.9%   299 1435s
  6525  4717  597.08610   32  278  401.00000  664.96666  65.8%   298 1444s
  6527  4719  516.66717   32  235  401.00000  664.96666  65.8%   298 1445s
  6602  4750  598.21226   27  272  401.00000  664.75656  65.8%   297 1450s
  6665  4796  576.66052   42  286  401.00000  663.84419  65.5%   295 1455s
  6722  4853  505.05221   99  270  401.00000  663.84419  65.5%   294 1460s
  6845  4976  404.41794  222  212  401.00000  663.84419  65.5%   290 1465s
  6923  5030  539.35548   49  263  401.00000  662.13949  65.1%   289 1470s
  7033  5140  412.72580  159  226  401.00000  662.13949  65.1%   286 1475s
  7126  5221  485.91724   85  261  401.00000  662.07255  65.1%   283 1480s
  7223  5302  580.08534   26  266  401.00000  661.96645  65.1%   281 1485s
  7313  5392  455.65584  116  242  401.00000  661.96645  65.1%   279 1490s
  7381  5448  532.42770   28  244  401.00000  661.45404  65.0%   278 1495s
  7467  5526  499.10298   82  246  401.00000  660.98939  64.8%   276 1500s
  7583  5630  584.14966   39  282  401.00000  660.08421  64.6%   273 1505s
  7634  5667  580.51401   24  269  401.00000  659.89366  64.6%   273 1510s
  7663  5696  482.77521   38  195  401.00000  659.89366  64.6%   273 1515s
  7693  5726  431.04665   53  199  401.00000  659.89366  64.6%   274 1520s
  7719  5752  443.51070   66  207  401.00000  659.89366  64.6%   274 1525s
  7746  5775  475.83634   80  247  401.00000  659.89366  64.6%   275 1530s
  7805  5806     cutoff  109       401.00000  659.89366  64.6%   275 1535s
  7899  5810  510.08230   26  214  401.00000  659.48037  64.5%   274 1540s
  7975  5860  526.30136   65  280  401.00000  659.26629  64.4%   272 1545s
  8052  5937  442.12947  142  249  401.00000  659.26629  64.4%   271 1550s
  8135  6008  580.08135   34  264  401.00000  659.19652  64.4%   269 1555s
  8178  6047     cutoff   76       401.00000  659.19652  64.4%   268 1560s
  8277  6116  441.18702   52  178  401.00000  658.56250  64.2%   267 1565s
  8361  6178  543.31539   60  263  401.00000  658.00761  64.1%   265 1570s
  8423  6240  466.44685  122  251  401.00000  658.00761  64.1%   264 1575s
  8500  6301  601.12624   21  279  401.00000  657.33797  63.9%   263 1580s
  8559  6348  569.67160   56  284  401.00000  657.20913  63.9%   262 1585s
  8674  6463  437.73131  171  242  401.00000  657.20913  63.9%   260 1590s
  8733  6511  590.21232   32  265  401.00000  657.01341  63.8%   259 1595s
  8779  6549  611.01254   46  306  401.00000  656.68691  63.8%   258 1600s
  8808  6578  569.05504   75  312  401.00000  656.68691  63.8%   258 1611s
  8838  6608  531.39568  105  285  401.00000  656.68691  63.8%   258 1615s
  8885  6655  474.39018  152  264  401.00000  656.68691  63.8%   257 1623s
  8903  6673  452.05948  170  258  401.00000  656.68691  63.8%   257 1625s
  8991  6749  598.96882   16  274  401.00000  656.63716  63.7%   255 1630s
  9057  6805  515.63293   67  259  401.00000  655.88064  63.6%   254 1635s
  9170  6906  584.87385   21  264  401.00000  655.61505  63.5%   253 1640s
  9238  6963  552.86212   26  232  401.00000  655.41180  63.4%   252 1645s
  9277  6988  554.87080   35  277  401.00000  655.10740  63.4%   252 1650s
  9347  7044  521.05938   56  248  401.00000  655.09005  63.4%   251 1655s
  9421  7118  432.90226  130  240  401.00000  655.09005  63.4%   250 1660s
  9472  7159  602.48490   43  307  401.00000  655.04063  63.4%   249 1665s
  9518  7205  522.27655   89  282  401.00000  655.04063  63.4%   249 1670s
  9581  7268  452.96893  152  264  401.00000  655.04063  63.4%   248 1675s
  9659  7334  479.98797   37  195  401.00000  654.71167  63.3%   247 1680s
  9696  7360  496.77244   35  217  401.00000  654.56973  63.2%   247 1685s
  9717  7381  558.17210   46  276  401.00000  654.56973  63.2%   248 1690s
  9732  7396  473.81067   53  212  401.00000  654.56973  63.2%   248 1695s
  9754  7418  484.74957   64  225  401.00000  654.56973  63.2%   248 1700s
  9792  7456  451.89389   83  212  401.00000  654.56973  63.2%   249 1705s
  9826  7490  431.16509  100  206  401.00000  654.56973  63.2%   249 1710s
  9854  7513  404.44944  114  184  401.00000  654.56973  63.2%   250 1715s
  9882  7535  420.23904  128  204  401.00000  654.56973  63.2%   250 1720s
  9936  7541     cutoff  155       401.00000  654.56973  63.2%   250 1725s
  9993  7543  645.38419   39  341  401.00000  654.25949  63.2%   249 1730s
 10024  7574  588.40290   70  313  401.00000  654.25949  63.2%   249 1735s
 10081  7631  516.92173  127  287  401.00000  654.25949  63.2%   248 1740s
 10155  7705  444.33223  201  242  401.00000  654.25949  63.2%   247 1745s

Explored 10202 nodes (2521850 simplex iterations) in 1800.09 seconds (776.64 work units)
Thread count was 1 (of 12 available processors)

Solution count 10: 401 400 396 ... 307

Time limit reached
Best objective 4.010000000000e+02, best bound 6.540000000000e+02, gap 63.0923%
