
Gurobi 12.0.2 (linux64, C++) logging started Thu Jun 19 08:00:20 2025

Set parameter LogFile to value "log/instances/scenario2/fully_correlated_sc2/500/kpfs_8.txt.log"

Gurobi 12.0.2 (linux64, C++) logging started Thu Jun 19 08:01:43 2025

Set parameter LogFile to value "log/instances/scenario2/fully_correlated_sc2/500/kpfs_8.txt.log"

Gurobi 12.0.2 (linux64, C++) logging started Thu Jun 19 08:02:54 2025

Set parameter LogFile to value "log/instances/scenario2/fully_correlated_sc2/500/kpfs_8.txt.log"

Gurobi 12.0.2 (linux64, C++) logging started Thu Jun 19 08:03:58 2025

Set parameter LogFile to value "log/instances/scenario2/fully_correlated_sc2/500/kpfs_8.txt.log"

Gurobi 12.0.2 (linux64, C++) logging started Thu Jun 19 21:37:24 2025

Set parameter WLSAccessID
Set parameter WLSSecret
Set parameter LicenseID to value 2679381
Set parameter LogFile to value "log/instances/scenario2/fully_correlated_sc2/500/kpfs_8.txt.log"
Academic license 2679381 - for non-commercial use only - registered to be___@poli.ufrj.br
Set parameter TimeLimit to value 1800
Set parameter Threads to value 1
Gurobi Optimizer version 12.0.2 build v12.0.2rc0 (linux64 - "Ubuntu 24.04.1 LTS")

CPU model: 13th Gen Intel(R) Core(TM) i7-1355U, instruction set [SSE2|AVX|AVX2]
Thread count: 6 physical cores, 12 logical processors, using up to 1 threads

Non-default parameters:
TimeLimit  1800
Threads  1

Academic license 2679381 - for non-commercial use only - registered to be___@poli.ufrj.br
Optimize a model with 1502 rows, 2000 columns and 23622 nonzeros
Model fingerprint: 0x5552abdf
Variable types: 0 continuous, 2000 integer (500 binary)
Coefficient statistics:
  Matrix range     [1e+00, 3e+01]
  Objective range  [2e+00, 4e+01]
  Bounds range     [1e+00, 2e+01]
  RHS range        [1e+00, 8e+02]
Found heuristic solution: objective 110.0000000
Presolve removed 0 rows and 51 columns
Presolve time: 0.09s
Presolved: 1502 rows, 1949 columns, 23520 nonzeros
Variable types: 0 continuous, 1949 integer (500 binary)

Root relaxation: objective 7.485851e+02, 4447 iterations, 2.02 seconds (1.18 work units)

    Nodes    |    Current Node    |     Objective Bounds      |     Work
 Expl Unexpl |  Obj  Depth IntInf | Incumbent    BestBd   Gap | It/Node Time

     0     0  748.58511    0  361  110.00000  748.58511   581%     -    2s
H    0     0                     119.0000000  748.58511   529%     -    2s
H    0     0                     205.0000000  748.58511   265%     -    2s
H    0     0                     208.0000000  748.58511   260%     -    2s
H    0     0                     217.0000000  748.58511   245%     -    2s
H    0     0                     264.0000000  748.58511   184%     -    2s
H    0     0                     269.0000000  748.58511   178%     -    2s
H    0     0                     271.0000000  748.58511   176%     -    2s
H    0     0                     296.0000000  748.58511   153%     -    2s
H    0     0                     297.0000000  748.58511   152%     -    2s
H    0     0                     308.0000000  748.58511   143%     -    2s
     0     0  747.78796    0  354  308.00000  747.78796   143%     -    4s
H    0     0                     310.0000000  747.76939   141%     -    4s
H    0     0                     317.0000000  747.76939   136%     -    4s
H    0     0                     318.0000000  747.76939   135%     -    5s
H    0     0                     323.0000000  747.76939   132%     -    6s
H    0     0                     339.0000000  747.76939   121%     -    7s
     0     0  747.71537    0  355  339.00000  747.71537   121%     -    7s
     0     0  747.69805    0  357  339.00000  747.69805   121%     -    7s
     0     0  747.69373    0  358  339.00000  747.69373   121%     -    7s
     0     0  747.24128    0  350  339.00000  747.24128   120%     -    7s
     0     0  747.09698    0  352  339.00000  747.09698   120%     -    9s
     0     0  747.09077    0  355  339.00000  747.09077   120%     -    9s
     0     0  746.93558    0  359  339.00000  746.93558   120%     -   11s
     0     0  746.93249    0  365  339.00000  746.93249   120%     -   11s
     0     0  746.87835    0  364  339.00000  746.87835   120%     -   13s
     0     0  746.85317    0  361  339.00000  746.85317   120%     -   14s
H    0     0                     344.0000000  746.85164   117%     -   15s
     0     0  746.85164    0  361  344.00000  746.85164   117%     -   15s
     0     0  746.84472    0  362  344.00000  746.84472   117%     -   16s
     0     2  746.84336    0  362  344.00000  746.84336   117%     -   18s
     6     8  691.80069    3  316  344.00000  736.71988   114%   668   20s
H   26    26                     345.0000000  728.84100   111%   587   24s
H   26    26                     351.0000000  728.84100   108%   587   24s
    29    31  648.90151   20  290  351.00000  728.84100   108%   586   25s
H   52    52                     352.0000000  728.84100   107%   430   27s
H   52    52                     353.0000000  728.84100   106%   430   27s
    67    69  693.90936   54  318  353.00000  728.84100   106%   401   30s
   118   120  603.05598   98  270  353.00000  728.84100   106%   343   35s
H  156   156                     368.0000000  728.84100  98.1%   307   38s
H  156   156                     373.0000000  728.84100  95.4%   307   39s
H  156   156                     377.0000000  728.84100  93.3%   307   39s
   164   166  630.31689  139  276  377.00000  728.84100  93.3%   302   40s
H  182   182                     379.0000000  728.84100  92.3%   290   42s
   198   200  606.03561  170  255  379.00000  728.84100  92.3%   278   45s
   261   263  534.55022  223  219  379.00000  728.84100  92.3%   257   50s
   522   510  666.19058    7  295  379.00000  727.81982  92.0%   163   55s
   524   511  476.69261  345  362  379.00000  727.81982  92.0%   163   60s
   528   514  523.45209  292  361  379.00000  727.81982  92.0%   161   67s
   533   519  727.81982   18  350  379.00000  727.81982  92.0%   174   70s
   546   528  645.19410   24  320  379.00000  715.65360  88.8%   192   75s
   559   536  695.54869   31  352  379.00000  713.35473  88.2%   206   80s
   575   547  682.04818   39  342  379.00000  713.35473  88.2%   221   85s
   588   556  605.07166   45  296  379.00000  713.35473  88.2%   233   90s
   600   564  618.24095   51  310  379.00000  713.35473  88.2%   244   95s
   607   568  653.10870   55  330  379.00000  713.35473  88.2%   248  100s
   619   576  643.17197   61  326  379.00000  713.35473  88.2%   258  105s
   631   584  638.78566   67  323  379.00000  713.35473  88.2%   268  110s
H  632   557                     381.0000000  713.35473  87.2%   267  110s
   642   566  590.38622   72  316  381.00000  713.35473  87.2%   276  115s
   656   575  576.39285   79  293  381.00000  713.35473  87.2%   286  120s
   664   580  594.74502   83  315  381.00000  713.35473  87.2%   292  125s
   676   588  566.42121   89  292  381.00000  713.35473  87.2%   299  131s
   686   595  571.29225   94  306  381.00000  713.35473  87.2%   306  135s
   696   602  562.57029   99  295  381.00000  713.35473  87.2%   312  140s
   705   608  597.78234  104  309  381.00000  713.35473  87.2%   317  145s
   710   611  524.58168  106  290  381.00000  713.35473  87.2%   322  150s
   713   613  588.44681  108  308  381.00000  713.35473  87.2%   323  155s
   725   621  581.21401  114  310  381.00000  713.35473  87.2%   329  160s
   736   628  526.07719  119  289  381.00000  713.35473  87.2%   334  165s
   744   634  525.64716  123  274  381.00000  713.35473  87.2%   339  170s
   754   640  510.52432  128  285  381.00000  713.35473  87.2%   343  175s
   765   648  563.29942  134  289  381.00000  713.35473  87.2%   347  180s
   776   655  532.87991  139  274  381.00000  713.35473  87.2%   351  185s
   785   661  553.83412  144  291  381.00000  713.35473  87.2%   354  194s
   786   662  494.22431  144  254  381.00000  713.35473  87.2%   355  195s
   795   668  548.41298  149  287  381.00000  713.35473  87.2%   356  200s
   806   675  489.72492  154  251  381.00000  713.35473  87.2%   360  205s
   814   680  467.34583  158  238  381.00000  713.35473  87.2%   363  210s
   830   691  491.68637  166  256  381.00000  713.35473  87.2%   367  215s
   846   702  467.29663  174  245  381.00000  713.35473  87.2%   370  220s
   864   714  432.81123  183  238  381.00000  713.35473  87.2%   374  225s
   875   721  509.84680  189  262  381.00000  713.35473  87.2%   375  230s
   886   728  453.28014  194  254  381.00000  713.35473  87.2%   377  235s
H  892   705                     383.0000000  713.35473  86.3%   377  240s
   906   717  421.88021  204  236  383.00000  713.35473  86.3%   380  245s
   914   722  449.93999  208  252  383.00000  713.35473  86.3%   380  250s
   928   731  436.03615  215  228  383.00000  713.35473  86.3%   382  255s
   944   742  443.51355  223  244  383.00000  713.35473  86.3%   383  260s
   958   751  414.94411  230  231  383.00000  713.35473  86.3%   384  265s
H  976   738                     384.0000000  713.35473  85.8%   384  271s
   986   747  418.47118  244  231  384.00000  713.35473  85.8%   385  275s
  1007   761  438.99977  255  232  384.00000  713.35473  85.8%   385  280s
  1032   763  385.73997  267  214  384.00000  713.35473  85.8%   385  285s
  1069   758  410.01283  286  212  384.00000  713.35473  85.8%   381  290s
  1120   739  709.52086   18  326  384.00000  713.31533  85.8%   370  295s
  1129   745  695.26250   23  327  384.00000  713.31533  85.8%   372  300s
  1139   752  675.78351   28  321  384.00000  713.31533  85.8%   374  305s
  1150   759  608.36557   33  268  384.00000  713.31533  85.8%   376  310s
  1160   766  587.70057   38  263  384.00000  713.31533  85.8%   378  315s
  1171   773  638.49783   44  324  384.00000  713.31533  85.8%   380  320s
  1183   781  629.04030   50  324  384.00000  713.31533  85.8%   382  325s
  1190   786  568.84982   53  273  384.00000  713.31533  85.8%   383  336s
  1198   791  562.56953   57  271  384.00000  713.31533  85.8%   385  340s
  1208   798  532.90335   62  246  384.00000  713.31533  85.8%   387  345s
  1218   805  552.43421   67  267  384.00000  713.31533  85.8%   388  350s
  1226   810  533.30519   71  252  384.00000  713.31533  85.8%   390  355s
  1234   815  537.76599   75  259  384.00000  713.31533  85.8%   392  360s
  1242   821  535.22392   79  245  384.00000  713.31533  85.8%   393  365s
  1250   826  531.99543   83  265  384.00000  713.31533  85.8%   394  373s
  1254   829  537.98274   85  270  384.00000  713.31533  85.8%   395  375s
  1266   837  520.80134   91  258  384.00000  713.31533  85.8%   396  380s
  1282   847  505.61851   99  243  384.00000  713.31533  85.8%   399  385s
  1292   854  503.71524  104  244  384.00000  713.31533  85.8%   400  390s
  1302   861  483.43354  109  243  384.00000  713.31533  85.8%   401  395s
  1311   867  550.97216  114  290  384.00000  713.31533  85.8%   402  400s
  1320   873  479.72253  118  249  384.00000  713.31533  85.8%   403  405s
  1332   881  502.73029  124  243  384.00000  713.31533  85.8%   404  410s
  1346   890  486.67248  131  234  384.00000  713.31533  85.8%   405  415s
  1358   898  479.97020  137  247  384.00000  713.31533  85.8%   406  420s
  1372   907  454.26887  144  235  384.00000  713.31533  85.8%   406  425s
  1384   915  471.00056  150  248  384.00000  713.31533  85.8%   407  430s
  1394   922  470.63485  155  238  384.00000  713.31533  85.8%   407  435s
  1410   933  447.31813  163  225  384.00000  713.31533  85.8%   408  440s
  1426   943  435.63367  171  231  384.00000  713.31533  85.8%   409  445s
  1456   963  410.88652  186  229  384.00000  713.31533  85.8%   409  450s
  1472   974  413.18983  194  229  384.00000  713.31533  85.8%   409  455s
  1490   986  405.78618  203  206  384.00000  713.31533  85.8%   410  460s
  1512  1001  397.77571  214  213  384.00000  713.31533  85.8%   409  465s
  1532  1011  401.79391  224  211  384.00000  713.31533  85.8%   409  470s
  1572  1005     cutoff  244       384.00000  713.31533  85.8%   405  475s
H 1644   950                     387.0000000  711.28491  83.8%   392  496s
H 1644   926                     389.0000000  711.28491  82.8%   392  499s
H 1644   906                     391.0000000  711.28491  81.9%   392  499s
  1644   908  666.22583   19  291  391.00000  711.28491  81.9%   392  500s
  1661   920  587.72454   27  245  391.00000  711.28491  81.9%   394  505s
  1679   938  584.99413   36  254  391.00000  711.28491  81.9%   395  510s
  1711   970  510.96100   52  213  391.00000  711.28491  81.9%   396  515s
  1745  1004  494.96154   69  244  391.00000  711.28491  81.9%   397  520s
  1767  1026  475.09170   80  203  391.00000  711.28491  81.9%   398  525s
H 1773   994                     400.0000000  711.28491  77.8%   398  529s
  1773   996  498.39879   83  234  400.00000  711.28491  77.8%   398  533s
  1781  1004  458.82226   87  190  400.00000  711.28491  77.8%   398  535s
  1799  1022  479.83721   96  204  400.00000  711.28491  77.8%   399  540s
  1819  1042  471.58139  106  217  400.00000  711.28491  77.8%   399  545s
  1841  1064  418.23085  117  181  400.00000  711.28491  77.8%   399  550s
  1865  1088  423.22666  129  196  400.00000  711.28491  77.8%   399  555s
  1891  1111  403.27249  142  182  400.00000  711.28491  77.8%   399  560s
  1919  1135     cutoff  156       400.00000  711.28491  77.8%   398  565s
  1942  1148  448.51440  168  227  400.00000  711.28491  77.8%   396  570s
  1979  1157  401.34241  186  200  400.00000  711.28491  77.8%   394  575s
  2054  1156  705.18542   17  326  400.00000  711.27192  77.8%   384  580s
  2064  1166  628.00898   22  273  400.00000  711.27192  77.8%   385  585s
  2076  1178  643.25650   28  288  400.00000  711.27192  77.8%   386  590s
  2090  1192  594.20590   35  282  400.00000  711.27192  77.8%   387  595s
  2098  1200  608.70719   39  289  400.00000  711.27192  77.8%   388  600s
  2110  1212  567.05149   45  278  400.00000  711.27192  77.8%   389  605s
  2123  1225  621.59429   52  319  400.00000  711.27192  77.8%   390  610s
  2136  1238  536.76211   58  262  400.00000  711.27192  77.8%   391  615s
  2147  1249  601.95531   64  312  400.00000  711.27192  77.8%   392  648s
  2152  1254  543.40907   66  263  400.00000  711.27192  77.8%   393  650s
  2166  1268  516.10044   73  243  400.00000  711.27192  77.8%   394  655s
  2184  1286  512.98974   82  250  400.00000  711.27192  77.8%   395  660s
  2201  1303  566.08723   91  298  400.00000  711.27192  77.8%   396  665s
  2212  1314  521.08117   96  276  400.00000  711.27192  77.8%   397  670s
  2216  1318  507.30498   98  249  400.00000  711.27192  77.8%   397  675s
  2242  1344  516.66696  111  247  400.00000  711.27192  77.8%   398  680s
  2263  1365  532.77680  122  281  400.00000  711.27192  77.8%   399  685s
  2280  1382  474.39173  130  244  400.00000  711.27192  77.8%   400  690s
  2310  1412  475.19538  145  260  400.00000  711.27192  77.8%   401  695s
  2326  1428  440.92445  153  237  400.00000  711.27192  77.8%   402  700s
  2346  1448  451.21303  163  233  400.00000  711.27192  77.8%   402  705s
  2369  1471  474.27726  175  261  400.00000  711.27192  77.8%   403  710s
  2394  1496  419.75930  187  225  400.00000  711.27192  77.8%   403  715s
  2424  1516  407.48936  202  249  400.00000  711.27192  77.8%   403  720s
  2463  1526  428.10219  222  232  400.00000  711.27192  77.8%   402  725s
  2534  1530  637.03912   20  250  400.00000  700.89635  75.2%   395  730s
  2550  1546  587.80519   28  239  400.00000  700.89635  75.2%   396  735s
  2576  1572  554.49579   41  239  400.00000  700.89635  75.2%   397  740s
  2600  1596  492.75960   53  215  400.00000  700.89635  75.2%   398  745s
  2626  1622  505.17020   66  225  400.00000  700.89635  75.2%   399  750s
  2654  1650  487.39940   80  202  400.00000  700.89635  75.2%   399  755s
  2683  1679  522.76682   95  254  400.00000  700.89635  75.2%   400  760s
  2720  1716  444.16969  113  191  400.00000  700.89635  75.2%   400  765s
  2750  1746  441.17775  128  203  400.00000  700.89635  75.2%   400  770s
  2793  1789  463.98628  150  235  400.00000  700.89635  75.2%   400  775s
  2882  1816     cutoff  194       400.00000  700.89635  75.2%   395  780s
  2941  1825  617.14811   24  257  400.00000  700.86253  75.2%   391  785s
  2954  1838  660.11370   31  328  400.00000  700.86253  75.2%   392  790s
  2958  1842  654.56910   33  312  400.00000  700.86253  75.2%   392  841s
  2959  1843  628.83193   33  297  400.00000  700.86253  75.2%   392  846s
  2969  1853  587.23441   38  277  400.00000  700.86253  75.2%   393  850s
  2981  1865  589.02179   44  273  400.00000  700.86253  75.2%   393  855s
  2993  1877  583.41092   50  281  400.00000  700.86253  75.2%   394  860s
  3015  1899  548.18547   61  259  400.00000  700.86253  75.2%   396  865s
  3025  1909  553.19997   66  271  400.00000  700.86253  75.2%   396  870s
  3038  1922  582.08466   73  306  400.00000  700.86253  75.2%   397  875s
  3051  1935  511.12486   79  265  400.00000  700.86253  75.2%   397  880s
  3065  1949  503.39993   86  239  400.00000  700.86253  75.2%   398  885s
  3079  1963  516.44339   93  258  400.00000  700.86253  75.2%   399  890s
  3095  1979  485.62353  101  245  400.00000  700.86253  75.2%   399  895s
  3109  1993  498.49258  108  247  400.00000  700.86253  75.2%   400  900s
  3129  2013  472.05340  118  231  400.00000  700.86253  75.2%   401  905s
  3157  2041  473.24886  132  249  400.00000  700.86253  75.2%   401  910s
  3186  2070  494.80302  147  276  400.00000  700.86253  75.2%   402  915s
  3213  2097  430.27949  160  232  400.00000  700.86253  75.2%   403  920s
  3257  2139  410.22646  182  223  400.00000  700.86253  75.2%   403  925s
H 3269  2139                     401.0000000  700.86253  74.8%   403  927s
  3311  2147     cutoff  209       401.00000  700.86253  74.8%   402  930s
  3394  2148  403.48408  251  213  401.00000  700.86253  74.8%   396  935s
  3429  2173  626.98857   33  281  401.00000  700.65046  74.7%   395  940s
  3453  2197  599.05301   45  278  401.00000  700.65046  74.7%   396  945s
  3476  2220  517.73036   56  220  401.00000  700.65046  74.7%   397  950s
  3498  2242  508.35602   67  219  401.00000  700.65046  74.7%   397  955s
  3522  2266  477.72219   79  214  401.00000  700.65046  74.7%   398  960s
  3548  2292  465.47953   92  220  401.00000  700.65046  74.7%   398  965s
  3568  2312  447.38267  102  188  401.00000  700.65046  74.7%   398  976s
  3588  2332  458.33482  112  218  401.00000  700.65046  74.7%   398  980s
  3619  2363  469.17051  128  247  401.00000  700.65046  74.7%   398  985s
  3656  2398  402.62955  146  207  401.00000  700.65046  74.7%   397  990s
  3700  2412     cutoff  168       401.00000  700.65046  74.7%   396  995s
  3759  2415  409.75764  198  235  401.00000  700.65046  74.7%   393 1000s
  3805  2425  653.38284   27  281  401.00000  700.26500  74.6%   390 1005s
  3817  2437  631.51312   33  282  401.00000  700.26500  74.6%   391 1010s
  3830  2450  645.05437   40  314  401.00000  700.26500  74.6%   392 1015s
  3841  2461  591.26120   45  278  401.00000  700.26500  74.6%   392 1020s
  3854  2474  626.21958   52  315  401.00000  700.26500  74.6%   393 1025s
  3867  2487  548.49807   58  284  401.00000  700.26500  74.6%   394 1030s
  3875  2495  547.00425   62  258  401.00000  700.26500  74.6%   394 1035s
  3887  2507  513.51351   68  245  401.00000  700.26500  74.6%   395 1040s
  3903  2523  556.29000   76  263  401.00000  700.26500  74.6%   396 1045s
  3917  2537  539.18358   83  270  401.00000  700.26500  74.6%   396 1050s
  3927  2547  486.98307   88  242  401.00000  700.26500  74.6%   397 1055s
  3939  2559  519.22580   94  259  401.00000  700.26500  74.6%   397 1060s
  3951  2571  508.68364  100  256  401.00000  700.26500  74.6%   398 1065s
  3961  2581  495.90347  105  249  401.00000  700.26500  74.6%   398 1070s
  3973  2593  497.37924  111  250  401.00000  700.26500  74.6%   399 1075s
  3985  2605  502.86810  117  261  401.00000  700.26500  74.6%   399 1080s
  3999  2619  461.61380  124  245  401.00000  700.26500  74.6%   399 1085s
  4014  2634  517.16978  132  290  401.00000  700.26500  74.6%   400 1090s
  4029  2649  451.63857  139  235  401.00000  700.26500  74.6%   400 1095s
  4041  2661  482.06382  145  265  401.00000  700.26500  74.6%   400 1100s
  4053  2673  443.22292  151  246  401.00000  700.26500  74.6%   401 1105s
  4067  2687  459.62047  158  250  401.00000  700.26500  74.6%   401 1110s
  4081  2701  431.76175  165  239  401.00000  700.26500  74.6%   401 1115s
  4089  2709  449.45388  169  236  401.00000  700.26500  74.6%   401 1120s
  4105  2724  403.20136  177  201  401.00000  700.26500  74.6%   402 1125s
  4121  2739  411.76941  185  229  401.00000  700.26500  74.6%   402 1130s
  4135  2749  405.00658  192  223  401.00000  700.26500  74.6%   402 1135s
  4151  2762     cutoff  200       401.00000  700.26500  74.6%   402 1140s
  4173  2769     cutoff  211       401.00000  700.26500  74.6%   402 1145s
  4260  2770  402.25699  256  208  401.00000  700.26500  74.6%   397 1150s
  4316  2820  554.74865   73  277  401.00000  689.37590  71.9%   394 1155s
  4402  2906  453.38614  159  248  401.00000  689.37590  71.9%   389 1160s
  4491  2979  657.91472   32  318  401.00000  689.31086  71.9%   383 1165s
  4524  3012  596.20824   65  312  401.00000  689.31086  71.9%   382 1170s
  4575  3063  525.79354  115  297  401.00000  689.31086  71.9%   379 1175s
  4662  3150  436.06570  202  256  401.00000  689.31086  71.9%   375 1180s
  4736  3209  567.40624   46  268  401.00000  686.17095  71.1%   371 1185s
  4878  3351  405.31669  186  234  401.00000  686.17095  71.1%   363 1190s
  4946  3407  502.57923   81  255  401.00000  682.42276  70.2%   360 1195s
  5051  3500  605.73851   24  270  401.00000  680.79842  69.8%   355 1201s
  5080  3529  548.08447   53  267  401.00000  680.79842  69.8%   354 1214s
  5091  3540  524.96560   64  263  401.00000  680.79842  69.8%   353 1215s
  5196  3643  406.10288  168  235  401.00000  680.79842  69.8%   348 1220s
  5238  3673  602.47799   50  316  401.00000  680.79229  69.8%   347 1225s
  5301  3736  514.75354  113  289  401.00000  680.79229  69.8%   344 1230s
  5359  3794  446.98903  171  266  401.00000  680.79229  69.8%   342 1235s
  5452  3875  563.33565   61  272  401.00000  679.49530  69.5%   339 1240s
  5581  4004  411.35186  189  230  401.00000  679.49530  69.5%   333 1245s
  5660  4071  532.76411   75  267  401.00000  677.24217  68.9%   331 1250s
  5765  4176  425.80140  180  242  401.00000  677.24217  68.9%   326 1255s
  5832  4224  621.78792   32  283  401.00000  674.35629  68.2%   324 1268s
  5853  4245  573.28725   53  281  401.00000  674.35629  68.2%   324 1270s
  5952  4344  460.62835  152  247  401.00000  674.35629  68.2%   320 1275s
  6036  4417  617.10286   32  283  401.00000  674.15921  68.1%   317 1280s
  6050  4431  590.66950   39  264  401.00000  674.15921  68.1%   318 1285s
  6062  4443  579.43575   45  268  401.00000  674.15921  68.1%   319 1290s
  6076  4457  567.96111   52  278  401.00000  674.15921  68.1%   319 1295s
  6090  4471  546.04754   59  260  401.00000  674.15921  68.1%   320 1301s
  6108  4489  533.44654   68  255  401.00000  674.15921  68.1%   320 1305s
  6127  4508  574.44313   78  305  401.00000  674.15921  68.1%   321 1310s
  6140  4521  509.15844   84  255  401.00000  674.15921  68.1%   322 1315s
  6153  4534  556.11655   91  295  401.00000  674.15921  68.1%   322 1320s
  6168  4549  498.28438   98  245  401.00000  674.15921  68.1%   323 1325s
  6182  4563  489.44962  105  254  401.00000  674.15921  68.1%   323 1330s
  6193  4574  535.66551  111  290  401.00000  674.15921  68.1%   324 1335s
  6208  4589  459.09619  118  224  401.00000  674.15921  68.1%   324 1340s
  6212  4593  487.36400  120  257  401.00000  674.15921  68.1%   324 1351s
  6222  4603  478.54960  125  257  401.00000  674.15921  68.1%   325 1355s
  6238  4619  462.23277  133  233  401.00000  674.15921  68.1%   325 1360s
  6263  4644  496.36383  146  279  401.00000  674.15921  68.1%   326 1365s
  6281  4662  485.45100  155  278  401.00000  674.15921  68.1%   326 1370s
  6298  4679  427.21934  163  221  401.00000  674.15921  68.1%   326 1375s
  6316  4697  410.55769  172  231  401.00000  674.15921  68.1%   327 1380s
  6335  4716  453.28069  182  255  401.00000  674.15921  68.1%   327 1385s
  6358  4723  406.01997  193  228  401.00000  674.15921  68.1%   327 1390s
  6391  4727  427.59242  210  232  401.00000  674.15921  68.1%   327 1395s
  6460  4728  601.01989   31  265  401.00000  674.13273  68.1%   325 1400s
  6512  4780  496.76378   83  246  401.00000  674.13273  68.1%   324 1405s
  6604  4872  403.78014  175  218  401.00000  674.13273  68.1%   320 1410s
  6658  4902  641.06704   38  314  401.00000  673.16160  67.9%   319 1415s
  6694  4938  567.87216   74  290  401.00000  673.16160  67.9%   318 1420s
  6750  4994  493.20063  130  273  401.00000  673.16160  67.9%   316 1425s
  6825  5069  413.82650  204  233  401.00000  673.16160  67.9%   314 1430s
  6910  5129  666.65461   21  295  401.00000  672.89863  67.8%   312 1435s
  6949  5168  573.77361   60  287  401.00000  672.89863  67.8%   311 1440s
  7039  5258  466.76612  150  241  401.00000  672.89863  67.8%   308 1445s
  7189  5384  627.47019   30  281  401.00000  672.24882  67.6%   304 1450s
  7249  5411  649.00566   37  338  401.00000  672.19194  67.6%   303 1455s
  7326  5472  605.93148   27  259  401.00000  672.01264  67.6%   301 1460s
  7399  5531  508.64694   54  226  401.00000  670.83189  67.3%   299 1465s
  7482  5602  645.47371   42  328  401.00000  670.76120  67.3%   297 1470s
  7532  5652  572.52107   92  305  401.00000  670.76120  67.3%   296 1475s
  7608  5728  472.83276  168  264  401.00000  670.76120  67.3%   294 1480s
  7695  5801  607.47066   33  268  401.00000  670.75746  67.3%   292 1485s
  7763  5853  583.84927   34  248  401.00000  670.32680  67.2%   291 1490s
  7819  5909  472.44390   90  228  401.00000  670.32680  67.2%   290 1495s
  7922  6003  525.20754   64  248  401.00000  669.48813  67.0%   287 1500s
  8010  6091  420.95027  152  223  401.00000  669.48813  67.0%   285 1505s
  8088  6158  554.92570   79  275  401.00000  669.46068  66.9%   284 1510s
  8186  6256  435.58440  177  241  401.00000  669.46068  66.9%   282 1515s
  8288  6332  593.45001   49  287  401.00000  669.25836  66.9%   280 1520s
  8323  6367  548.72750   84  266  401.00000  669.25836  66.9%   279 1529s
  8337  6381  528.75960   98  257  401.00000  669.25836  66.9%   279 1530s
  8403  6447  459.92486  164  253  401.00000  669.25836  66.9%   278 1535s
  8496  6528  583.84296   37  263  401.00000  668.84316  66.8%   276 1540s
  8559  6577  557.27656   32  237  401.00000  668.71099  66.8%   275 1545s
  8578  6596  577.17052   42  284  401.00000  668.71099  66.8%   276 1550s
  8595  6613  501.37897   50  222  401.00000  668.71099  66.8%   276 1555s
  8617  6635  486.34156   61  209  401.00000  668.71099  66.8%   277 1560s
  8637  6655  474.35539   71  217  401.00000  668.71099  66.8%   277 1565s
  8653  6671  478.74135   79  209  401.00000  668.71099  66.8%   277 1570s
  8677  6695  436.71078   91  186  401.00000  668.71099  66.8%   278 1575s
  8702  6720  487.49140  104  256  401.00000  668.71099  66.8%   278 1580s
  8728  6746  474.39859  117  248  401.00000  668.71099  66.8%   278 1585s
  8755  6767     cutoff  130       401.00000  668.71099  66.8%   278 1590s
  8784  6776  440.12981  145  238  401.00000  668.71099  66.8%   278 1595s
  8827  6781     cutoff  166       401.00000  668.71099  66.8%   278 1600s
  8895  6799  627.05650   31  287  401.00000  666.63576  66.2%   277 1605s
  8991  6895  479.61916  127  251  401.00000  666.63576  66.2%   276 1610s
  9003  6907  462.69048  139  246  401.00000  666.63576  66.2%   275 1615s
  9079  6971  613.04922   38  289  401.00000  666.47324  66.2%   274 1620s
  9129  7011  418.13064   39  146  401.00000  666.39520  66.2%   273 1625s
  9233  7098  544.17828   51  241  401.00000  665.43996  65.9%   271 1630s
  9337  7202  410.02370  155  210  401.00000  665.43996  65.9%   269 1636s
  9379  7226  663.85966   29  315  401.00000  665.28218  65.9%   269 1640s
  9422  7269  571.13665   72  281  401.00000  665.28218  65.9%   269 1645s
  9480  7327  492.78543  130  263  401.00000  665.28218  65.9%   268 1650s
  9560  7407  411.20801  210  238  401.00000  665.28218  65.9%   267 1655s
  9625  7452  633.21201   36  310  401.00000  665.15548  65.9%   266 1660s
  9669  7496  550.97285   80  296  401.00000  665.15548  65.9%   265 1665s
  9717  7544  500.25344  128  287  401.00000  665.15548  65.9%   265 1670s
  9793  7620  422.18769  204  248  401.00000  665.15548  65.9%   264 1675s
  9865  7666  628.98596   36  302  401.00000  665.01231  65.8%   263 1680s
  9934  7735  520.25302  105  302  401.00000  665.01231  65.8%   262 1685s
  9996  7797  448.82746  167  262  401.00000  665.01231  65.8%   261 1693s
 10026  7827  418.49477  197  261  401.00000  665.01231  65.8%   261 1695s
 10126  7892  663.30232   23  292  401.00000  664.63237  65.7%   259 1700s
 10166  7920  469.20460   30  154  401.00000  664.28730  65.7%   259 1705s

Explored 10202 nodes (2642150 simplex iterations) in 1800.15 seconds (832.12 work units)
Thread count was 1 (of 12 available processors)

Solution count 10: 401 400 391 ... 377

Time limit reached
Best objective 4.010000000000e+02, best bound 6.640000000000e+02, gap 65.5860%
