
Gurobi 12.0.2 (linux64, C++) logging started Thu Jun 19 08:00:20 2025

Set parameter LogFile to value "log/instances/scenario2/fully_correlated_sc2/500/kpfs_1.txt.log"

Gurobi 12.0.2 (linux64, C++) logging started Thu Jun 19 08:01:43 2025

Set parameter LogFile to value "log/instances/scenario2/fully_correlated_sc2/500/kpfs_1.txt.log"

Gurobi 12.0.2 (linux64, C++) logging started Thu Jun 19 08:02:54 2025

Set parameter LogFile to value "log/instances/scenario2/fully_correlated_sc2/500/kpfs_1.txt.log"

Gurobi 12.0.2 (linux64, C++) logging started Thu Jun 19 08:03:58 2025

Set parameter LogFile to value "log/instances/scenario2/fully_correlated_sc2/500/kpfs_1.txt.log"

Gurobi 12.0.2 (linux64, C++) logging started Thu Jun 19 17:37:22 2025

Set parameter WLSAccessID
Set parameter WLSSecret
Set parameter LicenseID to value 2679381
Set parameter LogFile to value "log/instances/scenario2/fully_correlated_sc2/500/kpfs_1.txt.log"
Academic license 2679381 - for non-commercial use only - registered to be___@poli.ufrj.br
Set parameter TimeLimit to value 1800
Set parameter Threads to value 1
Gurobi Optimizer version 12.0.2 build v12.0.2rc0 (linux64 - "Ubuntu 24.04.1 LTS")

CPU model: 13th Gen Intel(R) Core(TM) i7-1355U, instruction set [SSE2|AVX|AVX2]
Thread count: 6 physical cores, 12 logical processors, using up to 1 threads

Non-default parameters:
TimeLimit  1800
Threads  1

Academic license 2679381 - for non-commercial use only - registered to be___@poli.ufrj.br
Optimize a model with 1502 rows, 2000 columns and 23771 nonzeros
Model fingerprint: 0xdc51e784
Variable types: 0 continuous, 2000 integer (500 binary)
Coefficient statistics:
  Matrix range     [1e+00, 3e+01]
  Objective range  [2e+00, 4e+01]
  Bounds range     [1e+00, 2e+01]
  RHS range        [1e+00, 8e+02]
Found heuristic solution: objective 65.0000000
Presolve removed 0 rows and 62 columns
Presolve time: 0.16s
Presolved: 1502 rows, 1938 columns, 23647 nonzeros
Variable types: 0 continuous, 1938 integer (500 binary)

Root relaxation: objective 7.385385e+02, 4430 iterations, 3.79 seconds (1.14 work units)

    Nodes    |    Current Node    |     Objective Bounds      |     Work
 Expl Unexpl |  Obj  Depth IntInf | Incumbent    BestBd   Gap | It/Node Time

     0     0  738.53854    0  353   65.00000  738.53854  1036%     -    4s
H    0     0                      67.0000000  738.53854  1002%     -    4s
H    0     0                     209.0000000  738.53854   253%     -    4s
H    0     0                     226.0000000  738.53854   227%     -    4s
H    0     0                     234.0000000  738.53854   216%     -    4s
H    0     0                     248.0000000  738.53854   198%     -    4s
H    0     0                     306.0000000  738.53854   141%     -    4s
     0     0  738.02591    0  355  306.00000  738.02591   141%     -    6s
     0     0  737.97403    0  349  306.00000  737.97403   141%     -   10s
     0     0  737.62107    0  346  306.00000  737.62107   141%     -   12s
     0     0  737.61525    0  350  306.00000  737.61525   141%     -   12s
     0     0  737.61172    0  354  306.00000  737.61172   141%     -   12s
     0     0  737.49001    0  347  306.00000  737.49001   141%     -   15s
     0     0  737.47718    0  347  306.00000  737.47718   141%     -   15s
     0     0  737.43452    0  356  306.00000  737.43452   141%     -   18s
     0     0  737.42970    0  358  306.00000  737.42970   141%     -   19s
     0     0  737.41353    0  357  306.00000  737.41353   141%     -   21s
     0     0  737.40046    0  357  306.00000  737.40046   141%     -   23s
     0     0  737.39999    0  359  306.00000  737.39999   141%     -   23s
     0     0  737.38864    0  351  306.00000  737.38864   141%     -   26s
     0     0  737.38644    0  353  306.00000  737.38644   141%     -   26s
     0     0  737.38621    0  358  306.00000  737.38621   141%     -   26s
     0     0  737.38204    0  357  306.00000  737.38204   141%     -   28s
     0     2  737.38179    0  357  306.00000  737.38179   141%     -   31s
     5     7  726.97751    3  352  306.00000  728.24533   138%   682   35s
    24    26  714.42596   19  338  306.00000  728.24533   138%   443   40s
H   26    26                     309.0000000  728.24533   136%   465   41s
H   26    26                     311.0000000  728.24533   134%   465   41s
H   26    26                     323.0000000  728.24533   125%   465   41s
H   26    26                     330.0000000  728.24533   121%   465   41s
    40    42  665.46045   31  307  330.00000  728.24533   121%   456   46s
    62    64  695.27290   50  321  330.00000  728.24533   121%   395   50s
   101   103  675.94136   85  301  330.00000  728.24533   121%   338   55s
H  130   130                     334.0000000  728.24533   118%   305   58s
H  130   130                     336.0000000  728.24533   117%   305   58s
H  130   130                     345.0000000  728.24533   111%   305   58s
H  130   130                     347.0000000  728.24533   110%   305   58s
H  130   130                     349.0000000  728.24533   109%   305   59s
   138   140  604.22552  119  277  349.00000  728.24533   109%   305   60s
H  156   156                     356.0000000  728.24533   105%   291   62s
   183   185  628.46265  159  266  356.00000  728.24533   105%   289   65s
   250   252  568.53360  217  222  356.00000  728.24533   105%   280   70s
H  264   264                     368.0000000  728.24533  97.9%   284   74s
   267   269  548.80323  230  211  368.00000  728.24533  97.9%   285   75s
H  300   300                     369.0000000  728.24533  97.4%   268   76s
   341   343  519.27910  297  190  369.00000  728.24533  97.4%   257   80s
   538   531  449.23529  391  357  369.00000  726.97718  97.0%   193   89s
   540   532  697.60536   45  353  369.00000  726.97718  97.0%   193   92s
   542   534  585.48710  232  353  369.00000  726.97718  97.0%   192   97s
   546   538  685.82381   14  311  369.00000  726.97718  97.0%   204  100s
   553   543  713.40977   18  355  369.00000  717.92533  94.6%   211  105s
   560   548  655.20817   21  318  369.00000  708.22100  91.9%   221  111s
   564   550  648.09036   23  317  369.00000  708.22100  91.9%   225  116s
   570   554  650.93598   26  317  369.00000  708.22100  91.9%   232  120s
   577   559  685.55314   30  345  369.00000  708.22100  91.9%   238  125s
   584   564  603.00365   33  299  369.00000  708.22100  91.9%   246  130s
   592   569  617.86738   37  318  369.00000  708.22100  91.9%   255  136s
   598   573  633.27261   40  331  369.00000  708.22100  91.9%   260  140s
   606   578  610.26237   44  332  369.00000  708.22100  91.9%   268  149s
   608   580  618.98383   45  335  369.00000  708.22100  91.9%   271  150s
   615   584  652.16069   49  334  369.00000  708.22100  91.9%   275  155s
   623   590  648.44088   53  345  369.00000  708.22100  91.9%   282  160s
   630   594  598.15940   56  312  369.00000  708.22100  91.9%   288  165s
   638   600  578.29755   60  314  369.00000  708.22100  91.9%   296  171s
   644   604  596.31172   63  319  369.00000  708.22100  91.9%   299  175s
H  646   576                     382.0000000  708.22100  85.4%   299  175s
   652   582  565.75719   67  301  382.00000  708.22100  85.4%   307  180s
   659   587  623.95309   71  323  382.00000  708.22100  85.4%   310  186s
   666   591  559.18180   74  294  382.00000  708.22100  85.4%   315  190s
   676   598  571.32787   79  303  382.00000  708.22100  85.4%   322  195s
   686   605  565.56563   84  312  382.00000  708.22100  85.4%   328  200s
   696   611  559.22641   89  304  382.00000  708.22100  85.4%   334  205s
   706   618  534.60118   94  309  382.00000  708.22100  85.4%   341  210s
   708   619  545.77253   95  299  382.00000  708.22100  85.4%   342  215s
   718   626  532.76593  100  295  382.00000  708.22100  85.4%   347  220s
   726   631  551.50992  104  301  382.00000  708.22100  85.4%   353  225s
   737   639  574.19144  110  301  382.00000  708.22100  85.4%   357  230s
   748   646  507.04496  115  293  382.00000  708.22100  85.4%   364  235s
   754   650  508.22566  118  293  382.00000  708.22100  85.4%   366  240s
   763   656  560.68288  123  300  382.00000  708.22100  85.4%   370  245s
   770   661  483.17221  126  260  382.00000  708.22100  85.4%   374  250s
   779   667  555.81954  131  298  382.00000  708.22100  85.4%   378  259s
   781   668  555.19152  132  296  382.00000  708.22100  85.4%   378  260s
   785   671  553.27793  134  291  382.00000  708.22100  85.4%   380  266s
   790   674  506.64455  136  272  382.00000  708.22100  85.4%   382  270s
   797   679  545.05459  140  284  382.00000  708.22100  85.4%   384  275s
   803   683  542.88309  143  284  382.00000  708.22100  85.4%   386  281s
   808   686  494.39910  145  276  382.00000  708.22100  85.4%   388  285s
   816   691  510.29163  149  277  382.00000  708.22100  85.4%   391  290s
   824   697  483.16962  153  279  382.00000  708.22100  85.4%   393  295s
   832   702  479.44923  157  279  382.00000  708.22100  85.4%   394  300s
   842   709  477.60424  162  248  382.00000  708.22100  85.4%   397  305s
   852   715  482.11320  167  278  382.00000  708.22100  85.4%   399  310s
   860   721  487.67228  171  261  382.00000  708.22100  85.4%   400  315s
   872   729  453.76983  177  265  382.00000  708.22100  85.4%   402  320s
   885   737  504.41989  184  261  382.00000  708.22100  85.4%   403  325s
   898   746  468.66236  190  257  382.00000  708.22100  85.4%   405  330s
   908   753  443.07563  195  249  382.00000  708.22100  85.4%   406  335s
   921   761  484.56192  202  254  382.00000  708.22100  85.4%   407  340s
   934   770  416.25568  208  239  382.00000  708.22100  85.4%   409  345s
   943   776  470.55570  213  242  382.00000  708.22100  85.4%   409  350s
   958   786  414.21123  220  229  382.00000  708.22100  85.4%   411  355s
   975   796  454.32364  229  232  382.00000  708.22100  85.4%   412  360s
   979   799  452.22957  231  237  382.00000  708.22100  85.4%   412  380s
   984   802  404.19217  233  235  382.00000  708.22100  85.4%   412  386s
   992   808  400.54069  237  231  382.00000  708.22100  85.4%   413  390s
  1011   813  436.62001  247  226  382.00000  708.22100  85.4%   413  395s
  1033   818  421.05544  258  226  382.00000  708.22100  85.4%   413  400s
  1063   810  401.38049  273  210  382.00000  708.22100  85.4%   409  410s
  1113   793  662.72371   15  285  382.00000  708.21182  85.4%   396  415s
  1121   799  651.97414   19  293  382.00000  708.21182  85.4%   397  420s
  1129   804  624.49185   23  290  382.00000  708.21182  85.4%   399  425s
  1137   809  589.30869   27  262  382.00000  708.21182  85.4%   400  430s
  1145   815  612.22255   31  286  382.00000  708.21182  85.4%   401  435s
  1152   819  642.31938   35  322  382.00000  708.21182  85.4%   402  440s
  1153   820  607.51900   35  282  382.00000  708.21182  85.4%   403  450s
  1162   826  631.64914   40  322  382.00000  708.21182  85.4%   404  455s
  1171   832  566.14900   44  255  382.00000  708.21182  85.4%   406  460s
  1179   837  564.56715   48  274  382.00000  708.21182  85.4%   407  465s
  1185   841  561.75728   51  266  382.00000  708.21182  85.4%   408  470s
  1195   848  545.42866   56  256  382.00000  708.21182  85.4%   409  475s
  1203   853  555.60386   60  259  382.00000  708.21182  85.4%   410  480s
  1212   859  592.51673   65  310  382.00000  708.21182  85.4%   411  485s
  1221   865  555.28000   69  262  382.00000  708.21182  85.4%   412  490s
  1231   872  526.17436   74  245  382.00000  708.21182  85.4%   414  495s
  1241   879  510.70572   79  247  382.00000  708.21182  85.4%   415  500s
  1251   885  525.72430   84  255  382.00000  708.21182  85.4%   415  505s
  1261   892  527.13074   89  266  382.00000  708.21182  85.4%   416  510s
  1269   897  503.05629   93  252  382.00000  708.21182  85.4%   417  515s
  1279   904  496.96021   98  230  382.00000  708.21182  85.4%   417  520s
  1289   911  505.23932  103  249  382.00000  708.21182  85.4%   418  525s
  1299   917  496.21097  108  235  382.00000  708.21182  85.4%   419  530s
  1310   925  524.49861  114  278  382.00000  708.21182  85.4%   420  535s
  1323   933  452.82782  120  238  382.00000  708.21182  85.4%   421  540s
  1335   941  466.84730  126  237  382.00000  708.21182  85.4%   421  545s
  1346   949  505.36939  132  279  382.00000  708.21182  85.4%   422  550s
  1359   957  451.17448  138  243  382.00000  708.21182  85.4%   423  555s
  1371   965  461.87319  144  248  382.00000  708.21182  85.4%   423  560s
  1385   975  424.42762  151  242  382.00000  708.21182  85.4%   424  565s
  1401   985  422.60305  159  235  382.00000  708.21182  85.4%   425  570s
  1421   999  397.25615  169  224  382.00000  708.21182  85.4%   426  575s
  1441  1011  410.46464  179  231  382.00000  708.21182  85.4%   426  580s
  1467  1022  389.92277  192  204  382.00000  708.21182  85.4%   426  585s
  1499  1028  389.23917  208  229  382.00000  708.21182  85.4%   425  590s
  1541  1018     cutoff  229       382.00000  708.21182  85.4%   419  595s
  1603   997  656.51495   15  295  382.00000  691.94107  81.1%   408  606s
  1612  1003  586.30138   19  243  382.00000  691.94107  81.1%   408  610s
  1628  1014  576.55661   27  230  382.00000  691.94107  81.1%   409  615s
  1644  1024  534.81562   35  226  382.00000  691.94107  81.1%   410  620s
  1655  1032  593.60085   41  279  382.00000  691.94107  81.1%   410  632s
  1659  1034  588.49396   43  292  382.00000  691.94107  81.1%   410  641s
  1670  1042  511.68840   48  242  382.00000  691.94107  81.1%   411  645s
  1685  1052  568.62328   56  268  382.00000  691.94107  81.1%   412  650s
  1706  1066  500.70484   66  213  382.00000  691.94107  81.1%   412  655s
  1728  1080  487.77669   77  223  382.00000  691.94107  81.1%   412  660s
  1752  1096  442.05333   89  202  382.00000  691.94107  81.1%   413  665s
  1772  1110  455.36713   99  228  382.00000  691.94107  81.1%   413  670s
  1790  1122  440.71413  108  209  382.00000  691.94107  81.1%   413  675s
  1802  1130  429.24725  114  212  382.00000  691.94107  81.1%   413  680s
  1816  1139  424.76831  121  209  382.00000  691.94107  81.1%   413  685s
  1835  1152  455.75365  131  242  382.00000  691.94107  81.1%   413  690s
  1858  1165  392.95596  142  185  382.00000  691.94107  81.1%   412  695s
  1880  1178  408.62841  153  209  382.00000  691.94107  81.1%   412  700s
  1908  1176     cutoff  167       382.00000  691.94107  81.1%   410  705s
  1960  1159     cutoff  193       382.00000  691.94107  81.1%   403  710s
  2009  1145  638.83064   19  289  382.00000  691.93971  81.1%   396  715s
  2023  1154  619.58787   26  270  382.00000  691.93971  81.1%   397  720s
  2036  1163  513.56184   32  222  382.00000  691.93971  81.1%   398  725s
  2050  1172  542.78863   39  228  382.00000  691.93971  81.1%   399  730s
  2065  1183  573.83738   47  278  382.00000  691.93971  81.1%   399  735s
  2083  1201  559.76614   56  271  382.00000  691.93971  81.1%   400  740s
  2100  1218  516.99744   64  241  382.00000  691.93971  81.1%   400  746s
  2112  1230  492.28142   70  227  382.00000  691.93971  81.1%   401  750s
  2131  1249  531.05496   80  255  382.00000  691.93971  81.1%   401  755s
  2153  1271  520.46236   91  256  382.00000  691.93971  81.1%   401  760s
  2174  1292  455.07142  101  206  382.00000  691.93971  81.1%   401  765s
  2195  1313  492.10395  112  266  382.00000  691.93971  81.1%   401  770s
  2212  1330  425.09267  120  194  382.00000  691.93971  81.1%   402  775s
  2228  1346  415.06048  128  197  382.00000  691.93971  81.1%   402  780s
  2248  1365  408.25728  138  213  382.00000  691.93971  81.1%   402  785s
  2264  1381  416.67402  146  213  382.00000  691.93971  81.1%   402  790s
  2292  1398     cutoff  160       382.00000  691.93971  81.1%   401  795s
  2328  1407     cutoff  178       382.00000  691.93971  81.1%   399  800s
  2415  1408  383.55255  222  218  382.00000  691.93971  81.1%   389  805s
  2429  1412  620.53868   20  275  382.00000  689.43025  80.5%   388  824s
H 2430  1397                     385.0000000  689.43025  79.1%   388  832s
H 2430  1379                     387.0000000  689.43025  78.1%   388  832s
H 2430  1349                     392.0000000  689.43025  75.9%   388  834s
  2431  1352  629.07595   21  288  392.00000  689.43025  75.9%   388  835s
  2441  1362  618.08090   26  294  392.00000  689.43025  75.9%   389  840s
  2451  1372  595.83403   31  279  392.00000  689.43025  75.9%   390  846s
  2459  1380  581.39749   35  263  392.00000  689.43025  75.9%   391  850s
  2469  1390  577.25627   40  278  392.00000  689.43025  75.9%   392  855s
  2481  1402  568.01801   46  276  392.00000  689.43025  75.9%   393  860s
  2491  1412  536.16877   51  257  392.00000  689.43025  75.9%   394  865s
  2501  1422  556.90018   56  271  392.00000  689.43025  75.9%   395  870s
  2511  1432  550.02642   61  272  392.00000  689.43025  75.9%   395  875s
  2519  1440  540.67280   65  257  392.00000  689.43025  75.9%   396  880s
  2529  1450  528.45357   70  265  392.00000  689.43025  75.9%   397  885s
  2539  1460  532.64733   75  250  392.00000  689.43025  75.9%   397  890s
  2546  1467  570.71407   79  308  392.00000  689.43025  75.9%   398  895s
  2555  1476  496.24215   83  252  392.00000  689.43025  75.9%   398  900s
  2564  1485  558.71237   88  303  392.00000  689.43025  75.9%   399  905s
  2573  1494  511.34312   92  245  392.00000  689.43025  75.9%   399  910s
  2581  1502  471.72451   96  230  392.00000  689.43025  75.9%   400  915s
  2591  1512  463.74298  101  218  392.00000  689.43025  75.9%   400  920s
  2601  1522  487.26450  106  251  392.00000  689.43025  75.9%   401  925s
  2611  1532  473.84773  111  250  392.00000  689.43025  75.9%   401  930s
  2621  1542  496.60711  116  249  392.00000  689.43025  75.9%   402  935s
  2632  1553  515.05745  122  286  392.00000  689.43025  75.9%   402  940s
  2641  1562  445.79862  126  225  392.00000  689.43025  75.9%   403  945s
  2651  1572  460.43704  131  231  392.00000  689.43025  75.9%   403  950s
  2663  1584  454.46548  137  253  392.00000  689.43025  75.9%   403  955s
  2673  1594  443.25131  142  247  392.00000  689.43025  75.9%   404  960s
  2684  1605  478.56396  148  278  392.00000  689.43025  75.9%   404  965s
  2699  1620  403.11184  155  218  392.00000  689.43025  75.9%   405  970s
  2715  1636  425.16003  163  230  392.00000  689.43025  75.9%   405  975s
  2727  1648  427.60079  169  234  392.00000  689.43025  75.9%   405  980s
  2745  1666  412.84518  178  227  392.00000  689.43025  75.9%   405  985s
  2761  1681  399.89921  186  231  392.00000  689.43025  75.9%   406  990s
  2786  1687  426.17195  199  243  392.00000  689.43025  75.9%   405  995s
  2832  1687  405.64000  222  236  392.00000  689.43025  75.9%   402 1000s
  2879  1690  635.23300   19  286  392.00000  689.42932  75.9%   397 1005s
  2892  1703  570.03885   25  231  392.00000  689.42932  75.9%   398 1010s
  2904  1715  530.66381   31  232  392.00000  689.42932  75.9%   399 1015s
  2918  1729  525.25155   38  230  392.00000  689.42932  75.9%   399 1020s
  2932  1743  499.91474   45  226  392.00000  689.42932  75.9%   400 1025s
  2950  1761  502.47672   54  215  392.00000  689.42932  75.9%   400 1030s
  2970  1781  499.14635   64  232  392.00000  689.42932  75.9%   400 1035s
  2988  1799  456.76436   73  209  392.00000  689.42932  75.9%   401 1040s
  3008  1819  440.49432   83  203  392.00000  689.42932  75.9%   401 1046s
  3024  1835  479.10591   91  230  392.00000  689.42932  75.9%   401 1050s
  3048  1859  451.98470  103  206  392.00000  689.42932  75.9%   401 1055s
  3071  1882  479.62869  115  242  392.00000  689.42932  75.9%   401 1060s
  3094  1903  406.24598  126  200  392.00000  689.42932  75.9%   401 1065s
  3122  1924  399.51083  140  179  392.00000  689.42932  75.9%   401 1070s
  3156  1942  399.02958  157  195  392.00000  689.42932  75.9%   399 1075s
  3193  1947  412.97880  176  240  392.00000  689.42932  75.9%   397 1081s
  3239  1947  393.51805  199  225  392.00000  689.42932  75.9%   393 1085s
  3255  1956  659.00807   22  334  392.00000  685.78038  74.9%   393 1090s
  3268  1969  556.54917   28  253  392.00000  685.78038  74.9%   394 1095s
  3282  1983  577.22814   35  277  392.00000  685.78038  74.9%   395 1100s
  3296  1997  564.59244   42  267  392.00000  685.78038  74.9%   396 1105s
  3308  2009  546.87056   48  268  392.00000  685.78038  74.9%   397 1110s
  3318  2019  552.07745   53  260  392.00000  685.78038  74.9%   397 1115s
  3331  2032  595.80913   60  316  392.00000  685.78038  74.9%   398 1120s
  3344  2045  542.75474   66  257  392.00000  685.78038  74.9%   399 1125s
  3356  2057  538.86587   72  268  392.00000  685.78038  74.9%   399 1130s
  3370  2071  501.60568   79  237  392.00000  685.78038  74.9%   400 1135s
  3385  2086  557.81696   87  305  392.00000  685.78038  74.9%   400 1140s
  3400  2101  492.88868   94  263  392.00000  685.78038  74.9%   401 1146s
  3418  2119  491.02095  103  256  392.00000  685.78038  74.9%   402 1150s
  3432  2133  482.70608  110  260  392.00000  685.78038  74.9%   402 1155s
  3442  2143  474.04643  115  259  392.00000  685.78038  74.9%   403 1160s
  3446  2147  460.99108  117  247  392.00000  685.78038  74.9%   403 1169s
  3447  2148  512.55856  118  296  392.00000  685.78038  74.9%   403 1170s
  3457  2158  504.99730  123  296  392.00000  685.78038  74.9%   403 1175s
  3466  2167  452.20955  127  239  392.00000  685.78038  74.9%   403 1180s
  3476  2177  423.08178  132  230  392.00000  685.78038  74.9%   404 1185s
  3488  2189  458.17561  138  258  392.00000  685.78038  74.9%   404 1190s
  3501  2202  476.10321  145  285  392.00000  685.78038  74.9%   404 1195s
  3514  2215  427.46648  151  251  392.00000  685.78038  74.9%   405 1200s
  3530  2231  412.21579  159  232  392.00000  685.78038  74.9%   405 1205s
  3544  2245  418.84807  166  240  392.00000  685.78038  74.9%   405 1210s
  3556  2254  395.60080  172  228  392.00000  685.78038  74.9%   405 1215s
  3560  2258  399.76396  174  218  392.00000  685.78038  74.9%   406 1221s
  3570  2266  398.87241  179  231  392.00000  685.78038  74.9%   406 1225s
  3586  2281  408.97750  187  245  392.00000  685.78038  74.9%   406 1230s
  3608  2284     cutoff  198       392.00000  685.78038  74.9%   405 1235s
  3642  2284     cutoff  215       392.00000  685.78038  74.9%   403 1240s
  3696  2283  680.38994   15  319  392.00000  685.72113  74.9%   399 1245s
  3703  2290  667.05155   19  308  392.00000  685.72113  74.9%   400 1250s
  3712  2299  599.83053   23  266  392.00000  685.72113  74.9%   400 1255s
  3724  2311  552.30181   29  239  392.00000  685.72113  74.9%   401 1260s
  3734  2321  573.88850   34  272  392.00000  685.72113  74.9%   401 1265s
  3744  2331  563.67557   39  263  392.00000  685.72113  74.9%   402 1270s
  3754  2341  552.47095   44  268  392.00000  685.72113  74.9%   402 1275s
  3761  2348  599.08674   48  312  392.00000  685.72113  74.9%   403 1280s
  3770  2357  532.53842   52  242  392.00000  685.72113  74.9%   403 1285s
  3780  2367  517.70460   57  258  392.00000  685.72113  74.9%   404 1290s
  3792  2379  526.62330   63  273  392.00000  685.72113  74.9%   404 1309s
  3794  2381  522.83554   64  257  392.00000  685.72113  74.9%   404 1310s
  3804  2391  508.41812   69  251  392.00000  685.72113  74.9%   405 1315s
  3820  2407  514.92248   77  240  392.00000  685.72113  74.9%   405 1320s
  3834  2421  519.89428   84  258  392.00000  685.72113  74.9%   406 1325s
  3847  2434  540.64595   91  286  392.00000  685.72113  74.9%   406 1330s
  3861  2448  532.47526   98  291  392.00000  685.72113  74.9%   406 1335s
  3876  2463  480.60650  105  243  392.00000  685.72113  74.9%   407 1340s
  3890  2477  481.99807  112  244  392.00000  685.72113  74.9%   407 1345s
  3902  2489  470.03304  118  243  392.00000  685.72113  74.9%   407 1350s
  3920  2507  426.48838  127  204  392.00000  685.72113  74.9%   408 1355s
  3936  2523  445.19323  135  249  392.00000  685.72113  74.9%   408 1360s
  3951  2538  485.48487  143  281  392.00000  685.72113  74.9%   408 1365s
  3970  2557  441.77635  152  232  392.00000  685.72113  74.9%   409 1370s
  3987  2574  463.84032  161  265  392.00000  685.72113  74.9%   409 1375s
  3999  2584  455.44561  167  268  392.00000  685.72113  74.9%   409 1380s
  4014  2593     cutoff  174       392.00000  685.72113  74.9%   409 1385s
  4036  2604     cutoff  185       392.00000  685.72113  74.9%   409 1390s
  4072  2610     cutoff  203       392.00000  685.72113  74.9%   408 1395s
  4163  2609  643.60250   15  278  392.00000  683.83392  74.4%   402 1400s
  4226  2672  516.99118   78  249  392.00000  683.83392  74.4%   398 1412s
  4227  2673  514.89610   79  248  392.00000  683.83392  74.4%   398 1421s
  4282  2728  450.07113  134  238  392.00000  683.83392  74.4%   395 1425s
  4360  2794  651.99819   31  322  392.00000  683.82457  74.4%   390 1430s
  4409  2843  579.30612   80  316  392.00000  683.82457  74.4%   387 1435s
  4479  2913  488.38974  150  274  392.00000  683.82457  74.4%   384 1440s
  4576  3002  403.58406  242  226  392.00000  683.82457  74.4%   378 1445s
  4643  3057  540.00723   67  271  392.00000  683.80601  74.4%   375 1450s
  4740  3154  424.65728  164  251  392.00000  683.80601  74.4%   370 1455s
  4805  3208  616.29251   45  301  392.00000  683.75725  74.4%   367 1460s
  4875  3278  518.56829  115  292  392.00000  683.75725  74.4%   364 1465s
  4924  3327  463.16447  164  265  392.00000  683.75725  74.4%   361 1501s
  4994  3395     cutoff  229       392.00000  683.75725  74.4%   358 1505s
  5067  3456  521.65827   81  268  392.00000  680.13933  73.5%   355 1510s
  5161  3550  416.78224  175  253  392.00000  680.13933  73.5%   351 1515s
  5265  3641  515.60577   86  247  392.00000  679.93764  73.5%   346 1520s
  5389  3754  628.43106   24  287  392.00000  676.76715  72.6%   340 1525s
  5446  3811  526.10409   81  267  392.00000  676.76715  72.6%   339 1530s
  5529  3894  442.86614  164  256  392.00000  676.76715  72.6%   335 1535s
  5607  3958  592.90664   33  276  392.00000  676.25682  72.5%   332 1540s
  5662  4013  498.53166   88  253  392.00000  676.25682  72.5%   330 1545s
  5725  4076  418.89571  151  231  392.00000  676.25682  72.5%   328 1550s
  5779  4110  606.08420   24  293  392.00000  673.50692  71.8%   326 1555s
  5792  4123  579.01402   37  285  392.00000  673.50692  71.8%   325 1574s
  5797  4128  571.82124   42  298  392.00000  673.50692  71.8%   325 1575s
  5848  4179  487.53802   93  267  392.00000  673.50692  71.8%   324 1580s
  5949  4280  393.82050  194  240  392.00000  673.50692  71.8%   320 1585s
  5981  4300  486.77722   33  195  392.00000  673.29601  71.8%   320 1590s
  6006  4325  563.65193   46  257  392.00000  673.29601  71.8%   321 1595s
  6025  4344  493.33695   55  225  392.00000  673.29601  71.8%   321 1600s
  6044  4363  526.90102   65  271  392.00000  673.29601  71.8%   322 1605s
  6064  4383  506.74366   75  252  392.00000  673.29601  71.8%   322 1610s
  6085  4404  435.29941   85  208  392.00000  673.29601  71.8%   322 1615s
  6119  4438  406.64286  102  191  392.00000  673.29601  71.8%   323 1620s
  6153  4466     cutoff  119       392.00000  673.29601  71.8%   323 1625s
  6181  4482  416.29203  133  210  392.00000  673.29601  71.8%   323 1630s
  6213  4494     cutoff  149       392.00000  673.29601  71.8%   323 1635s
  6273  4494     cutoff  179       392.00000  673.29601  71.8%   321 1640s
  6338  4543  524.28402   73  260  392.00000  672.00631  71.4%   320 1645s
  6433  4638  409.59748  168  242  392.00000  672.00631  71.4%   316 1650s
  6517  4696  606.62227   50  316  392.00000  671.20197  71.2%   314 1655s
  6595  4774  494.77550  128  276  392.00000  671.20197  71.2%   312 1660s
  6705  4871  612.28379   22  267  392.00000  670.71680  71.1%   309 1665s
  6750  4904  613.55074   25  294  392.00000  670.66348  71.1%   308 1673s
  6764  4918  577.98097   39  282  392.00000  670.66348  71.1%   308 1675s
  6843  4997  476.40306  118  270  392.00000  670.66348  71.1%   306 1680s
  6988  5122  602.04416   21  259  392.00000  668.79641  70.6%   302 1685s
  7076  5178  576.16835   29  244  392.00000  668.14587  70.4%   300 1690s
  7202  5285  528.86489   59  250  392.00000  666.99644  70.2%   297 1695s
  7345  5414  632.28487   34  324  392.00000  666.63302  70.1%   293 1700s
  7467  5528  406.21347  150  228  392.00000  666.63302  70.1%   290 1705s
  7544  5584  574.65753   78  308  392.00000  666.59798  70.1%   289 1710s
  7609  5649  494.49639  143  279  392.00000  666.59798  70.1%   288 1715s
  7728  5756  607.83469   31  282  392.00000  664.78900  69.6%   285 1720s
  7818  5846  464.94807  121  245  392.00000  664.78900  69.6%   283 1725s
  7928  5944  573.51079   41  274  392.00000  664.70662  69.6%   281 1730s
  8006  6022  462.70570  119  246  392.00000  664.70662  69.6%   279 1735s
  8104  6099  619.40513   22  281  392.00000  663.65435  69.3%   277 1740s
  8159  6154  519.97992   77  292  392.00000  663.65435  69.3%   277 1745s
  8219  6214  454.19193  137  272  392.00000  663.65435  69.3%   275 1750s
  8316  6289  561.65911   30  252  392.00000  662.78582  69.1%   274 1755s
  8338  6311  482.52706   41  202  392.00000  662.78582  69.1%   274 1760s
  8354  6327  524.42727   49  240  392.00000  662.78582  69.1%   275 1765s
  8370  6343  475.62395   57  225  392.00000  662.78582  69.1%   275 1770s
  8385  6358  539.19169   65  285  392.00000  662.78582  69.1%   275 1775s
  8401  6374  529.99400   73  274  392.00000  662.78582  69.1%   276 1781s
  8412  6385  454.82722   78  227  392.00000  662.78582  69.1%   276 1785s
  8430  6403  471.34206   87  212  392.00000  662.78582  69.1%   276 1790s
  8448  6421  445.01307   96  222  392.00000  662.78582  69.1%   277 1795s

Explored 8464 nodes (2349981 simplex iterations) in 1800.00 seconds (731.42 work units)
Thread count was 1 (of 12 available processors)

Solution count 10: 392 387 385 ... 345

Time limit reached
Best objective 3.920000000000e+02, best bound 6.620000000000e+02, gap 68.8776%
