
Gurobi 12.0.2 (linux64, C++) logging started Thu Jun 19 08:00:20 2025

Set parameter LogFile to value "log/instances/scenario2/fully_correlated_sc2/500/kpfs_6.txt.log"

Gurobi 12.0.2 (linux64, C++) logging started Thu Jun 19 08:01:43 2025

Set parameter LogFile to value "log/instances/scenario2/fully_correlated_sc2/500/kpfs_6.txt.log"

Gurobi 12.0.2 (linux64, C++) logging started Thu Jun 19 08:02:54 2025

Set parameter LogFile to value "log/instances/scenario2/fully_correlated_sc2/500/kpfs_6.txt.log"

Gurobi 12.0.2 (linux64, C++) logging started Thu Jun 19 08:03:58 2025

Set parameter LogFile to value "log/instances/scenario2/fully_correlated_sc2/500/kpfs_6.txt.log"

Gurobi 12.0.2 (linux64, C++) logging started Thu Jun 19 20:37:24 2025

Set parameter WLSAccessID
Set parameter WLSSecret
Set parameter LicenseID to value 2679381
Set parameter LogFile to value "log/instances/scenario2/fully_correlated_sc2/500/kpfs_6.txt.log"
Academic license 2679381 - for non-commercial use only - registered to be___@poli.ufrj.br
Set parameter TimeLimit to value 1800
Set parameter Threads to value 1
Gurobi Optimizer version 12.0.2 build v12.0.2rc0 (linux64 - "Ubuntu 24.04.1 LTS")

CPU model: 13th Gen Intel(R) Core(TM) i7-1355U, instruction set [SSE2|AVX|AVX2]
Thread count: 6 physical cores, 12 logical processors, using up to 1 threads

Non-default parameters:
TimeLimit  1800
Threads  1

Academic license 2679381 - for non-commercial use only - registered to be___@poli.ufrj.br
Optimize a model with 1502 rows, 2000 columns and 23795 nonzeros
Model fingerprint: 0x9f870be9
Variable types: 0 continuous, 2000 integer (500 binary)
Coefficient statistics:
  Matrix range     [1e+00, 3e+01]
  Objective range  [2e+00, 4e+01]
  Bounds range     [1e+00, 2e+01]
  RHS range        [1e+00, 8e+02]
Found heuristic solution: objective 131.0000000
Presolve removed 0 rows and 80 columns
Presolve time: 0.11s
Presolved: 1502 rows, 1920 columns, 23635 nonzeros
Variable types: 0 continuous, 1920 integer (500 binary)

Root relaxation: objective 7.467957e+02, 4238 iterations, 1.86 seconds (1.08 work units)

    Nodes    |    Current Node    |     Objective Bounds      |     Work
 Expl Unexpl |  Obj  Depth IntInf | Incumbent    BestBd   Gap | It/Node Time

     0     0  746.79566    0  354  131.00000  746.79566   470%     -    2s
H    0     0                     134.0000000  746.79566   457%     -    2s
H    0     0                     170.0000000  746.79566   339%     -    2s
H    0     0                     214.0000000  746.79566   249%     -    2s
H    0     0                     218.0000000  746.79566   243%     -    2s
H    0     0                     224.0000000  746.79566   233%     -    2s
H    0     0                     226.0000000  746.79566   230%     -    2s
H    0     0                     243.0000000  746.79566   207%     -    2s
H    0     0                     244.0000000  746.79566   206%     -    2s
H    0     0                     336.0000000  746.79566   122%     -    2s
H    0     0                     341.0000000  746.79566   119%     -    2s
H    0     0                     352.0000000  746.79566   112%     -    2s
     0     0  746.42070    0  349  352.00000  746.42070   112%     -    3s
     0     0  746.31368    0  350  352.00000  746.31368   112%     -    5s
     0     0  745.68521    0  355  352.00000  745.68521   112%     -    6s
     0     0  745.54804    0  350  352.00000  745.54804   112%     -    9s
     0     0  745.53704    0  352  352.00000  745.53704   112%     -    9s
     0     0  745.53666    0  352  352.00000  745.53666   112%     -    9s
     0     0  745.47326    0  350  352.00000  745.47326   112%     -   11s
     0     0  745.46931    0  350  352.00000  745.46931   112%     -   11s
     0     0  745.43158    0  355  352.00000  745.43158   112%     -   13s
     0     0  745.42670    0  356  352.00000  745.42670   112%     -   13s
     0     0  745.40716    0  362  352.00000  745.40716   112%     -   15s
     0     0  745.40608    0  361  352.00000  745.40608   112%     -   15s
     0     0  745.40104    0  361  352.00000  745.40104   112%     -   16s
     0     2  745.39762    0  361  352.00000  745.39762   112%     -   18s
     4     6  685.15476    2  308  352.00000  739.81171   110%   787   20s
    20    22  681.33852   12  318  352.00000  735.32022   109%   762   25s
    77    79  690.42464   65  310  352.00000  735.32022   109%   355   30s
    96    98  678.70406   80  306  352.00000  735.32022   109%   358   35s
H  104   104                     374.0000000  735.32022  96.6%   363   36s
H  104   104                     376.0000000  735.32022  95.6%   363   36s
H  130   130                     396.0000000  735.32022  85.7%   316   37s
H  156   156                     398.0000000  735.32022  84.8%   292   40s
   187   189  573.34156  155  260  398.00000  735.32022  84.8%   308   45s
H  260   260                     401.0000000  735.32022  83.4%   252   50s
H  260   260                     404.0000000  735.32022  82.0%   252   51s
   349   351  499.55008  301  179  404.00000  735.32022  82.0%   217   55s
   456   446  638.85022    8  306  404.00000  734.73481  81.9%   187   60s
   491   481  584.61332   41  288  404.00000  734.73481  81.9%   189   65s
   514   504  522.13395   58  257  404.00000  734.73481  81.9%   196   70s
   519   508  554.60780   62  361  404.00000  734.73481  81.9%   194   81s
   523   511  652.99996  123  354  404.00000  734.73481  81.9%   193   91s
   527   515  703.69771   17  323  404.00000  734.73481  81.9%   205   95s
   533   519  687.15249   20  312  404.00000  729.28940  80.5%   212  100s
   540   524  718.99448   24  347  404.00000  721.99788  78.7%   221  105s
   545   527  651.15947   26  306  404.00000  712.86998  76.5%   226  110s
   552   532  704.96530   30  339  404.00000  706.03565  74.8%   233  115s
   562   539  698.53362   35  338  404.00000  703.63632  74.2%   244  120s
   573   546  656.47195   40  331  404.00000  703.63632  74.2%   256  125s
   579   550  639.14903   43  330  404.00000  703.63632  74.2%   262  130s
   586   555  673.54598   47  340  404.00000  703.63632  74.2%   268  135s
   592   559  668.05548   50  334  404.00000  703.63632  74.2%   275  140s
   596   561  663.17606   52  349  404.00000  703.63632  74.2%   279  146s
   601   565  581.36160   54  297  404.00000  703.63632  74.2%   285  150s
   606   568  656.22550   57  335  404.00000  703.63632  74.2%   287  156s
   611   571  607.79598   59  308  404.00000  703.63632  74.2%   293  160s
   619   577  583.80825   63  300  404.00000  703.63632  74.2%   299  166s
   625   581  590.97532   66  310  404.00000  703.63632  74.2%   303  170s
   631   585  585.65477   69  312  404.00000  703.63632  74.2%   308  175s
   636   588  636.72765   72  341  404.00000  703.63632  74.2%   312  180s
   642   592  634.20006   75  329  404.00000  703.63632  74.2%   315  185s
   648   596  630.22460   78  335  404.00000  703.63632  74.2%   321  190s
   656   601  625.02051   82  331  404.00000  703.63632  74.2%   327  195s
   663   606  564.55278   85  292  404.00000  703.63632  74.2%   333  200s
   667   609  571.46620   87  301  404.00000  703.63632  74.2%   335  205s
   673   613  579.44076   90  313  404.00000  703.63632  74.2%   340  211s
   681   618  557.76656   94  306  404.00000  703.63632  74.2%   345  215s
   690   624  600.50226   99  316  404.00000  703.63632  74.2%   349  220s
   700   631  594.69696  104  312  404.00000  703.63632  74.2%   355  225s
   709   637  536.73534  108  285  404.00000  703.63632  74.2%   361  230s
   717   642  518.04513  112  273  404.00000  703.63632  74.2%   365  235s
   732   652  570.48179  120  301  404.00000  703.63632  74.2%   371  240s
   739   657  510.87862  123  297  404.00000  703.63632  74.2%   376  245s
   749   663  501.09454  128  287  404.00000  703.63632  74.2%   380  250s
   757   669  500.72926  132  277  404.00000  703.63632  74.2%   383  255s
   760   671  558.09600  134  293  404.00000  703.63632  74.2%   383  262s
   765   674  518.22089  136  288  404.00000  703.63632  74.2%   386  265s
   775   681  500.99402  141  282  404.00000  703.63632  74.2%   390  270s
H  785   659                     423.0000000  703.63632  66.3%   391  280s
   793   667  511.90057  150  287  423.00000  703.63632  66.3%   396  285s
   803   673  480.12143  155  271  423.00000  703.63632  66.3%   399  290s
   813   680  469.14689  160  263  423.00000  703.63632  66.3%   401  295s
   824   687  522.56679  166  284  423.00000  703.63632  66.3%   402  300s
   834   694  518.05482  171  278  423.00000  703.63632  66.3%   404  305s
   843   700  451.70405  175  257  423.00000  703.63632  66.3%   406  311s
   851   705  461.84493  179  265  423.00000  703.63632  66.3%   407  315s
   861   712  474.62846  184  251  423.00000  703.63632  66.3%   408  323s
   865   715  442.80832  186  244  423.00000  703.63632  66.3%   409  325s
   875   721  443.09987  191  247  423.00000  703.63632  66.3%   410  330s
   885   728  454.93100  196  256  423.00000  703.63632  66.3%   411  335s
   896   735  487.76270  202  254  423.00000  703.63632  66.3%   412  340s
   910   743  481.26163  209  255  423.00000  703.63632  66.3%   413  345s
   923   745     cutoff  215       423.00000  703.63632  66.3%   414  350s
   935   750  428.21336  221  240  423.00000  703.63632  66.3%   415  355s
   940   750  468.59884  224  247  423.00000  703.63632  66.3%   414  360s
   953   751  435.43307  230  233  423.00000  703.63632  66.3%   413  365s
   972   746  450.73649  240  234  423.00000  703.63632  66.3%   410  370s
  1012   733  437.75600  260  229  423.00000  703.63632  66.3%   401  375s
  1018   731  436.44648  263  220  423.00000  703.63632  66.3%   399  384s
  1023   728     cutoff  265       423.00000  703.63632  66.3%   398  385s
  1055   722  602.68910   21  241  423.00000  703.59291  66.3%   392  390s
  1066   730  622.10061   27  285  423.00000  703.59291  66.3%   393  395s
  1076   736  608.11650   32  275  423.00000  703.59291  66.3%   394  400s
  1087   744  563.34178   37  231  423.00000  703.59291  66.3%   395  405s
  1089   745  529.01958   38  214  423.00000  703.59291  66.3%   395  410s
  1098   751  579.34796   43  275  423.00000  703.59291  66.3%   395  415s
  1113   761  496.24346   50  199  423.00000  703.59291  66.3%   396  420s
  1129   772  502.00191   58  214  423.00000  703.59291  66.3%   397  425s
  1143   781  498.33280   65  212  423.00000  703.59291  66.3%   397  430s
  1158   791  535.66370   73  266  423.00000  703.59291  66.3%   398  435s
  1175   802  471.55049   81  211  423.00000  703.59291  66.3%   398  440s
  1191   813  464.76878   89  219  423.00000  703.59291  66.3%   398  445s
  1211   826  432.57487   99  193  423.00000  703.59291  66.3%   399  450s
  1253   839     cutoff  120       423.00000  703.59291  66.3%   397  455s
  1262   837  469.56285  125  241  423.00000  703.59291  66.3%   396  460s
  1300   828  452.44790  144  229  423.00000  703.59291  66.3%   392  465s
  1376   802  646.57835   19  277  423.00000  698.70541  65.2%   378  470s
  1378   804  647.27998   20  281  423.00000  698.70541  65.2%   378  479s
  1379   804  683.75772   21  325  423.00000  698.70541  65.2%   378  480s
  1389   811  668.04237   26  317  423.00000  698.70541  65.2%   380  485s
  1400   818  582.75192   31  253  423.00000  698.70541  65.2%   382  490s
  1412   826  598.23038   37  284  423.00000  698.70541  65.2%   383  495s
  1425   835  629.22826   44  308  423.00000  698.70541  65.2%   385  500s
  1436   842  553.15168   49  267  423.00000  698.70541  65.2%   387  505s
  1446   849  541.39499   54  241  423.00000  698.70541  65.2%   389  510s
  1453   854  607.81997   58  312  423.00000  698.70541  65.2%   389  515s
  1463   860  598.50762   63  316  423.00000  698.70541  65.2%   391  520s
  1474   868  560.22095   68  287  423.00000  698.70541  65.2%   392  525s
  1484   874  533.76537   73  258  423.00000  698.70541  65.2%   394  530s
  1495   882  580.79184   79  310  423.00000  698.70541  65.2%   394  535s
  1505   888  573.52696   84  307  423.00000  698.70541  65.2%   396  540s
  1516   896  497.79644   89  243  423.00000  698.70541  65.2%   397  545s
  1526   902  527.78523   94  274  423.00000  698.70541  65.2%   398  550s
  1546   916  491.47505  104  238  423.00000  698.70541  65.2%   400  555s
  1556   922  499.54128  109  250  423.00000  698.70541  65.2%   400  560s
  1568   930  477.62726  115  245  423.00000  698.70541  65.2%   401  565s
  1581   939  514.33040  122  288  423.00000  698.70541  65.2%   402  570s
  1594   948  459.93462  128  241  423.00000  698.70541  65.2%   404  575s
  1604   954  448.23755  133  236  423.00000  698.70541  65.2%   404  580s
  1618   964  464.47219  140  245  423.00000  698.70541  65.2%   405  585s
  1634   974  440.45976  148  231  423.00000  698.70541  65.2%   405  590s
  1652   981  437.89305  157  242  423.00000  698.70541  65.2%   406  595s
  1671   987  469.40418  167  261  423.00000  698.70541  65.2%   406  600s
  1696   986     cutoff  179       423.00000  698.70541  65.2%   405  605s
  1730   978     cutoff  196       423.00000  698.70541  65.2%   401  610s
  1781   960  658.25172   17  274  423.00000  698.50591  65.1%   394  615s
  1797   971  581.02661   25  229  423.00000  698.50591  65.1%   394  620s
  1811   980  552.04097   32  235  423.00000  698.50591  65.1%   395  625s
  1825   990  563.22268   39  244  423.00000  698.50591  65.1%   395  630s
  1841  1000  511.33470   47  221  423.00000  698.50591  65.1%   396  635s
  1856  1010  556.80685   55  269  423.00000  698.50591  65.1%   396  640s
  1874  1022  545.72442   64  273  423.00000  698.50591  65.1%   396  646s
  1889  1032  476.40499   71  217  423.00000  698.50591  65.1%   397  650s
  1911  1047  449.53072   82  201  423.00000  698.50591  65.1%   397  655s
  1935  1061  461.81382   94  215  423.00000  698.50591  65.1%   397  660s
  1959  1075  440.93525  106  220  423.00000  698.50591  65.1%   397  665s
  1988  1079  463.80879  121  228  423.00000  698.50591  65.1%   395  670s
  2039  1078     cutoff  146       423.00000  698.50591  65.1%   390  675s
  2075  1081  650.42965   19  285  423.00000  688.99150  62.9%   386  680s
  2085  1091  618.25965   24  261  423.00000  688.99150  62.9%   387  685s
  2098  1104  653.67670   31  316  423.00000  688.99150  62.9%   388  690s
  2100  1106  650.43511   32  305  423.00000  688.99150  62.9%   388  698s
  2104  1110  646.49236   34  316  423.00000  688.99150  62.9%   388  700s
  2116  1122  634.21287   40  308  423.00000  688.99150  62.9%   390  705s
  2128  1134  622.80338   46  309  423.00000  688.99150  62.9%   391  710s
  2141  1147  542.36803   52  247  423.00000  688.99150  62.9%   392  715s
  2152  1158  596.49598   58  309  423.00000  688.99150  62.9%   393  720s
  2161  1167  522.43810   62  232  423.00000  688.99150  62.9%   394  725s
  2171  1177  528.12256   67  262  423.00000  688.99150  62.9%   394  730s
  2181  1187  510.67319   72  252  423.00000  688.99150  62.9%   395  735s
  2193  1199  516.98430   78  247  423.00000  688.99150  62.9%   396  740s
  2205  1211  493.27094   84  242  423.00000  688.99150  62.9%   397  745s
  2215  1221  494.49364   89  239  423.00000  688.99150  62.9%   397  750s
  2227  1233  498.35556   95  256  423.00000  688.99150  62.9%   398  755s
  2239  1245  488.07555  101  249  423.00000  688.99150  62.9%   399  760s
  2251  1257  469.44268  107  251  423.00000  688.99150  62.9%   399  765s
  2263  1269  468.28253  113  243  423.00000  688.99150  62.9%   400  770s
  2273  1279  478.72777  118  247  423.00000  688.99150  62.9%   400  784s
  2274  1280  511.75261  119  287  423.00000  688.99150  62.9%   400  785s
  2287  1291  460.30614  125  234  423.00000  688.99150  62.9%   401  790s
  2299  1303  447.58956  131  248  423.00000  688.99150  62.9%   401  795s
  2313  1314     cutoff  138       423.00000  688.99150  62.9%   402  800s
  2338  1337  476.84675  151  271  423.00000  688.99150  62.9%   402  805s
  2359  1342     cutoff  161       423.00000  688.99150  62.9%   402  810s
  2377  1343     cutoff  170       423.00000  688.99150  62.9%   401  815s
  2404  1344  446.93250  184  258  423.00000  688.99150  62.9%   400  820s
  2458  1345  424.58799  211  241  423.00000  688.99150  62.9%   394  825s
  2473  1352  628.56771   30  285  423.00000  688.86258  62.9%   394  830s
  2481  1360  602.95066   34  269  423.00000  688.86258  62.9%   395  835s
  2494  1373  638.47386   41  322  423.00000  688.86258  62.9%   396  840s
  2505  1384  584.38795   46  264  423.00000  688.86258  62.9%   397  845s
  2514  1393  619.86064   51  318  423.00000  688.86258  62.9%   397  850s
  2527  1406  590.40407   57  286  423.00000  688.86258  62.9%   398  855s
  2541  1420  550.52593   64  262  423.00000  688.86258  62.9%   399  866s
  2551  1430  548.20454   69  281  423.00000  688.86258  62.9%   400  870s
  2565  1444  533.45620   76  264  423.00000  688.86258  62.9%   401  875s
  2579  1458  530.59823   83  264  423.00000  688.86258  62.9%   402  881s
  2589  1468  496.03396   88  260  423.00000  688.86258  62.9%   403  885s
  2604  1483  548.73495   96  299  423.00000  688.86258  62.9%   404  890s
  2621  1500  493.53236  104  258  423.00000  688.86258  62.9%   404  895s
  2639  1518  465.65883  113  228  423.00000  688.86258  62.9%   405  900s
  2656  1535  520.55632  122  297  423.00000  688.86258  62.9%   406  905s
  2671  1550  460.12230  129  254  423.00000  688.86258  62.9%   407  910s
  2693  1572  459.15648  140  244  423.00000  688.86258  62.9%   407  915s
  2717  1594  448.29311  152  242  423.00000  688.86258  62.9%   408  920s
  2737  1612  438.41458  162  251  423.00000  688.86258  62.9%   409  925s
  2763  1626     cutoff  175       423.00000  688.86258  62.9%   409  930s
  2805  1630     cutoff  196       423.00000  688.86258  62.9%   406  935s
  2875  1648  604.03782   36  279  423.00000  687.12911  62.4%   402  940s
  2902  1675  524.41053   49  239  423.00000  687.12911  62.4%   403  945s
  2918  1691  499.14565   57  219  423.00000  687.12911  62.4%   403  950s
  2942  1715  494.98961   69  229  423.00000  687.12911  62.4%   404  955s
  2958  1731  455.98401   77  211  423.00000  687.12911  62.4%   404  995s
  2978  1751  454.81040   87  217  423.00000  687.12911  62.4%   404 1000s
  3006  1777  438.61233  101  211  423.00000  687.12911  62.4%   404 1006s
  3028  1797     cutoff  112       423.00000  687.12911  62.4%   404 1010s
  3055  1814  466.69877  126  247  423.00000  687.12911  62.4%   404 1015s
  3095  1817  442.90785  146  251  423.00000  687.12911  62.4%   401 1020s
  3155  1823  606.54364   25  279  423.00000  687.02452  62.4%   397 1025s
  3165  1833  581.51630   30  264  423.00000  687.02452  62.4%   398 1037s
  3173  1841  614.58994   34  280  423.00000  687.02452  62.4%   398 1040s
  3190  1858  632.28076   43  313  423.00000  687.02452  62.4%   399 1045s
  3202  1870  617.27736   49  318  423.00000  687.02452  62.4%   400 1050s
  3217  1885  527.23980   56  241  423.00000  687.02452  62.4%   401 1055s
  3230  1898  583.34399   63  304  423.00000  687.02452  62.4%   401 1066s
  3241  1909  517.73665   68  245  423.00000  687.02452  62.4%   402 1070s
  3258  1926  559.96517   77  305  423.00000  687.02452  62.4%   403 1075s
  3275  1943  502.31008   85  255  423.00000  687.02452  62.4%   403 1080s
  3287  1955  492.65979   91  246  423.00000  687.02452  62.4%   404 1085s
  3305  1973  490.07561  100  244  423.00000  687.02452  62.4%   405 1090s
  3325  1993  453.78686  110  231  423.00000  687.02452  62.4%   405 1095s
  3343  2011  467.65496  119  233  423.00000  687.02452  62.4%   406 1100s
  3363  2031  452.55564  129  249  423.00000  687.02452  62.4%   407 1105s
  3383  2051  463.80565  139  252  423.00000  687.02452  62.4%   407 1110s
  3404  2066  478.00686  150  277  423.00000  687.02452  62.4%   407 1116s
  3419  2070  426.39891  157  225  423.00000  687.02452  62.4%   407 1120s
  3455  2078     cutoff  175       423.00000  687.02452  62.4%   407 1125s
  3525  2080  427.73721  211  234  423.00000  687.02452  62.4%   402 1130s
  3570  2121  529.01130   63  265  423.00000  686.25140  62.2%   399 1142s
  3603  2154  483.07258   96  242  423.00000  686.25140  62.2%   396 1145s
  3673  2215  673.58672   28  325  423.00000  686.20544  62.2%   391 1150s
  3706  2248  595.45867   61  315  423.00000  686.20544  62.2%   389 1155s
  3744  2286  541.48195   99  307  423.00000  686.20544  62.2%   387 1160s
  3787  2329  465.57519  138  247  423.00000  686.20544  62.2%   384 1165s
  3870  2398  601.55644   33  276  423.00000  684.45480  61.8%   379 1170s
  3939  2467  479.03770  102  251  423.00000  684.45480  61.8%   375 1175s
  4003  2519  613.43893   34  284  423.00000  683.83462  61.7%   371 1180s
  4036  2552  539.66569   67  281  423.00000  683.83462  61.7%   370 1185s
  4099  2613  450.22323  129  251  423.00000  683.83462  61.7%   366 1190s
  4155  2659  643.72238   34  311  423.00000  681.42739  61.1%   363 1195s
  4186  2690  574.48428   65  294  423.00000  681.42739  61.1%   362 1200s
  4225  2729  525.43368  104  290  423.00000  681.42739  61.1%   360 1205s
  4269  2773  476.36482  148  276  423.00000  681.42739  61.1%   357 1210s
  4338  2830  632.58765   20  275  423.00000  680.10745  60.8%   354 1215s
  4357  2849  584.09006   39  277  423.00000  680.10745  60.8%   353 1220s
  4398  2890  520.52989   79  259  423.00000  680.10745  60.8%   351 1225s
  4448  2940  460.58280  128  245  423.00000  680.10745  60.8%   348 1230s
  4512  2995  545.47866   50  272  423.00000  680.05976  60.8%   345 1235s
  4580  3063  444.59018  118  235  423.00000  680.05976  60.8%   342 1240s
  4620  3091  633.33967   38  315  423.00000  679.96706  60.7%   340 1245s
  4648  3119  577.58979   66  294  423.00000  679.96706  60.7%   339 1251s
  4673  3144  541.21007   91  294  423.00000  679.96706  60.7%   338 1255s
  4712  3183  494.68916  130  273  423.00000  679.96706  60.7%   337 1260s
  4750  3221  452.98972  167  264  423.00000  679.96706  60.7%   335 1265s
  4796  3255  600.47893   28  261  423.00000  679.35797  60.6%   333 1270s
  4839  3289  592.25423   39  268  423.00000  678.56740  60.4%   332 1275s
  4871  3321  525.74916   71  266  423.00000  678.56740  60.4%   331 1280s
  4910  3360  476.18087  110  252  423.00000  678.56740  60.4%   329 1285s
  4981  3420  676.02815   19  322  423.00000  678.56199  60.4%   325 1290s
  4987  3426  627.52460   22  278  423.00000  678.56199  60.4%   326 1312s
  4992  3431  658.79219   25  325  423.00000  678.56199  60.4%   326 1315s
  5001  3440  592.73446   29  261  423.00000  678.56199  60.4%   326 1320s
  5013  3452  556.59330   35  257  423.00000  678.56199  60.4%   327 1325s
  5025  3464  558.00389   41  254  423.00000  678.56199  60.4%   328 1330s
  5038  3477  605.82371   48  322  423.00000  678.56199  60.4%   328 1335s
  5040  3479  604.79320   49  323  423.00000  678.56199  60.4%   328 1344s
  5041  3480  544.17035   49  246  423.00000  678.56199  60.4%   329 1345s
  5059  3498  498.05413   58  236  423.00000  678.56199  60.4%   329 1350s
  5071  3510  498.74226   64  245  423.00000  678.56199  60.4%   330 1355s
  5087  3526  504.03403   72  250  423.00000  678.56199  60.4%   331 1360s
  5107  3546  477.20518   82  244  423.00000  678.56199  60.4%   332 1365s
  5125  3564  481.56598   91  252  423.00000  678.56199  60.4%   333 1370s
  5145  3584  483.11791  101  249  423.00000  678.56199  60.4%   333 1375s
  5167  3606  459.73734  112  247  423.00000  678.56199  60.4%   334 1380s
  5192  3626  490.17528  125  289  423.00000  678.56199  60.4%   335 1385s
  5221  3648  442.65355  139  248  423.00000  678.56199  60.4%   336 1390s
  5259  3660     cutoff  158       423.00000  678.56199  60.4%   336 1395s
  5343  3672  576.73553   32  257  423.00000  677.57218  60.2%   333 1400s
  5456  3775  488.26239   28  177  423.00000  677.56916  60.2%   329 1405s
  5551  3860  478.82005  106  250  423.00000  677.49340  60.2%   325 1410s
  5663  3952  592.92438   35  273  423.00000  676.37840  59.9%   321 1415s
  5748  4037  457.73258  120  249  423.00000  676.37840  59.9%   318 1420s
  5834  4095  599.58896   31  283  423.00000  673.61393  59.2%   316 1425s
  5922  4163  483.74637   57  205  423.00000  672.61542  59.0%   314 1430s
  6012  4241  559.34887   78  296  423.00000  672.60854  59.0%   311 1435s
  6112  4341  437.47986  178  269  423.00000  672.60854  59.0%   309 1440s
  6246  4450  512.35351   90  262  423.00000  670.39345  58.5%   305 1445s
  6410  4604  462.63264  103  244  423.00000  670.34370  58.5%   300 1450s
  6502  4686  495.60279   73  240  423.00000  668.96635  58.1%   298 1455s
  6633  4792  519.99634   67  259  423.00000  667.81502  57.9%   294 1460s
  6764  4902  624.76373   29  286  423.00000  667.50603  57.8%   291 1465s
  6782  4920  587.89586   38  275  423.00000  667.50603  57.8%   292 1470s
  6802  4940  577.96853   48  281  423.00000  667.50603  57.8%   293 1475s
  6822  4960  551.04150   58  267  423.00000  667.50603  57.8%   293 1480s
  6842  4980  505.69740   68  244  423.00000  667.50603  57.8%   294 1486s
  6860  4998  502.13283   77  250  423.00000  667.50603  57.8%   295 1490s
  6882  5020  477.70788   88  246  423.00000  667.50603  57.8%   296 1495s
  6906  5044  465.95194  100  235  423.00000  667.50603  57.8%   297 1500s
  6922  5060  471.72232  108  240  423.00000  667.50603  57.8%   297 1505s
  6954  5092  451.25816  124  247  423.00000  667.50603  57.8%   298 1510s
  6988  5118  432.09488  141  239  423.00000  667.50603  57.8%   299 1517s
  6998  5126  429.75737  146  256  423.00000  667.50603  57.8%   300 1520s
  7034  5140     cutoff  164       423.00000  667.50603  57.8%   300 1525s
  7117  5139  610.36694   28  278  423.00000  666.73171  57.6%   298 1530s
  7285  5264  605.80920   35  266  423.00000  665.85035  57.4%   294 1535s
  7391  5346  650.57421   45  327  423.00000  664.79493  57.2%   292 1540s
  7459  5414  531.76320  113  296  423.00000  664.79493  57.2%   291 1545s
  7575  5512  565.83798   41  254  423.00000  664.55601  57.1%   289 1550s
  7653  5576  492.23012   67  248  423.00000  664.20073  57.0%   287 1555s
  7756  5659  636.60117   42  333  423.00000  663.18248  56.8%   285 1560s
  7830  5733  523.97703  116  297  423.00000  663.18248  56.8%   284 1565s
  7911  5814  438.68451  197  252  423.00000  663.18248  56.8%   282 1570s
  7964  5853  439.29820   56  165  423.00000  663.13917  56.8%   281 1580s
  8062  5941  461.82796  111  245  423.00000  662.99393  56.7%   279 1585s
  8153  6020  433.50729   75  165  423.00000  662.38454  56.6%   277 1590s
  8239  6067  457.47908   54  206  423.00000  662.24095  56.6%   276 1595s
  8360  6170  436.10331  125  238  423.00000  661.11297  56.3%   274 1600s
  8454  6254  446.91439  107  233  423.00000  660.89251  56.2%   272 1605s
  8518  6300  571.58669   33  248  423.00000  660.21995  56.1%   272 1610s
  8534  6316  543.10217   41  243  423.00000  660.21995  56.1%   272 1615s
  8552  6334  568.79259   50  291  423.00000  660.21995  56.1%   273 1620s
  8570  6352  530.51516   59  258  423.00000  660.21995  56.1%   274 1625s
  8587  6369  573.87958   68  313  423.00000  660.21995  56.1%   274 1630s
  8603  6385  561.38183   76  302  423.00000  660.21995  56.1%   275 1635s
  8620  6402  490.85606   84  269  423.00000  660.21995  56.1%   275 1640s
  8636  6418  481.18815   92  241  423.00000  660.21995  56.1%   276 1645s
  8652  6434  477.47241  100  256  423.00000  660.21995  56.1%   276 1650s
  8666  6448  473.89634  107  254  423.00000  660.21995  56.1%   277 1655s
  8684  6466  456.08904  116  230  423.00000  660.21995  56.1%   277 1660s
  8702  6484  466.14640  125  258  423.00000  660.21995  56.1%   278 1665s
  8724  6505  440.89296  136  238  423.00000  660.21995  56.1%   278 1670s
  8748  6524  425.29648  148  235  423.00000  660.21995  56.1%   279 1675s
  8761  6533  465.38237  155  269  423.00000  660.21995  56.1%   279 1681s
  8795  6535  451.46206  172  265  423.00000  660.21995  56.1%   279 1685s
  8868  6537  578.24932   33  263  423.00000  659.84671  56.0%   278 1690s
  8904  6573  500.82219   69  259  423.00000  659.84671  56.0%   278 1699s
  8905  6574  499.66049   70  261  423.00000  659.84671  56.0%   278 1700s
  9000  6660  437.58428   51  178  423.00000  659.59691  55.9%   276 1705s
  9093  6745  440.11203  116  232  423.00000  659.28060  55.9%   275 1710s
  9176  6810  514.47348   83  252  423.00000  658.47766  55.7%   274 1715s
  9271  6888  582.84769   33  285  423.00000  658.46348  55.7%   272 1721s
  9339  6956  478.20426  101  233  423.00000  658.46348  55.7%   271 1725s
  9408  7010     cutoff   43       423.00000  658.39769  55.6%   270 1730s
  9480  7034  579.06187   43  268  423.00000  657.78710  55.5%   269 1735s
  9531  7085  500.12493   94  253  423.00000  657.78710  55.5%   268 1740s
  9604  7158  427.16755  167  247  423.00000  657.78710  55.5%   267 1745s
  9661  7194  573.50536   32  253  423.00000  657.33138  55.4%   266 1750s
  9716  7249  477.15765   87  242  423.00000  657.33138  55.4%   265 1755s
  9783  7305     cutoff   56       423.00000  657.17125  55.4%   265 1760s
  9839  7341  596.07428   37  263  423.00000  656.44021  55.2%   264 1800s

Explored 9840 nodes (2600089 simplex iterations) in 1800.01 seconds (834.26 work units)
Thread count was 1 (of 12 available processors)

Solution count 10: 423 404 401 ... 336

Time limit reached
Best objective 4.230000000000e+02, best bound 6.560000000000e+02, gap 55.0827%
