
Gurobi 12.0.2 (linux64, C++) logging started Thu Jun 19 08:00:20 2025

Set parameter LogFile to value "log/instances/scenario2/fully_correlated_sc2/500/kpfs_7.txt.log"

Gurobi 12.0.2 (linux64, C++) logging started Thu Jun 19 08:01:43 2025

Set parameter LogFile to value "log/instances/scenario2/fully_correlated_sc2/500/kpfs_7.txt.log"

Gurobi 12.0.2 (linux64, C++) logging started Thu Jun 19 08:02:54 2025

Set parameter LogFile to value "log/instances/scenario2/fully_correlated_sc2/500/kpfs_7.txt.log"

Gurobi 12.0.2 (linux64, C++) logging started Thu Jun 19 08:03:58 2025

Set parameter LogFile to value "log/instances/scenario2/fully_correlated_sc2/500/kpfs_7.txt.log"

Gurobi 12.0.2 (linux64, C++) logging started Thu Jun 19 21:07:24 2025

Set parameter WLSAccessID
Set parameter WLSSecret
Set parameter LicenseID to value 2679381
Set parameter LogFile to value "log/instances/scenario2/fully_correlated_sc2/500/kpfs_7.txt.log"
Academic license 2679381 - for non-commercial use only - registered to be___@poli.ufrj.br
Set parameter TimeLimit to value 1800
Set parameter Threads to value 1
Gurobi Optimizer version 12.0.2 build v12.0.2rc0 (linux64 - "Ubuntu 24.04.1 LTS")

CPU model: 13th Gen Intel(R) Core(TM) i7-1355U, instruction set [SSE2|AVX|AVX2]
Thread count: 6 physical cores, 12 logical processors, using up to 1 threads

Non-default parameters:
TimeLimit  1800
Threads  1

Academic license 2679381 - for non-commercial use only - registered to be___@poli.ufrj.br
Optimize a model with 1502 rows, 2000 columns and 24033 nonzeros
Model fingerprint: 0x01ad5457
Variable types: 0 continuous, 2000 integer (500 binary)
Coefficient statistics:
  Matrix range     [1e+00, 3e+01]
  Objective range  [2e+00, 4e+01]
  Bounds range     [1e+00, 2e+01]
  RHS range        [1e+00, 8e+02]
Found heuristic solution: objective 102.0000000
Presolve removed 0 rows and 70 columns
Presolve time: 0.09s
Presolved: 1502 rows, 1930 columns, 23893 nonzeros
Variable types: 0 continuous, 1930 integer (500 binary)

Root relaxation: objective 7.623280e+02, 4281 iterations, 1.81 seconds (1.05 work units)

    Nodes    |    Current Node    |     Objective Bounds      |     Work
 Expl Unexpl |  Obj  Depth IntInf | Incumbent    BestBd   Gap | It/Node Time

     0     0  762.32805    0  355  102.00000  762.32805   647%     -    1s
H    0     0                     138.0000000  762.32805   452%     -    1s
H    0     0                     141.0000000  762.32805   441%     -    2s
H    0     0                     182.0000000  762.32805   319%     -    2s
H    0     0                     218.0000000  762.32805   250%     -    2s
H    0     0                     233.0000000  762.32805   227%     -    2s
H    0     0                     235.0000000  762.32805   224%     -    2s
H    0     0                     259.0000000  762.32805   194%     -    2s
H    0     0                     265.0000000  762.32805   188%     -    2s
H    0     0                     266.0000000  762.32805   187%     -    2s
H    0     0                     270.0000000  762.32805   182%     -    2s
H    0     0                     310.0000000  762.32805   146%     -    2s
     0     0  761.10878    0  353  310.00000  761.10878   146%     -    4s
H    0     0                     311.0000000  761.06929   145%     -    5s
H    0     0                     323.0000000  761.06929   136%     -    6s
H    0     0                     364.0000000  761.06929   109%     -    7s
     0     0  761.00165    0  349  364.00000  761.00165   109%     -    7s
     0     0  760.97549    0  351  364.00000  760.97549   109%     -    7s
     0     0  760.96284    0  347  364.00000  760.96284   109%     -    7s
     0     0  760.53875    0  350  364.00000  760.53875   109%     -    8s
     0     0  760.44528    0  359  364.00000  760.44528   109%     -    9s
     0     0  760.42259    0  364  364.00000  760.42259   109%     -   10s
     0     0  760.41881    0  365  364.00000  760.41881   109%     -   10s
     0     0  760.38842    0  362  364.00000  760.38842   109%     -   12s
H    0     0                     365.0000000  760.38658   108%     -   12s
H    0     0                     369.0000000  760.38658   106%     -   12s
     0     0  760.36465    0  361  369.00000  760.36465   106%     -   12s
     0     0  760.36253    0  365  369.00000  760.36253   106%     -   12s
     0     0  760.36207    0  365  369.00000  760.36207   106%     -   12s
     0     0  760.34053    0  365  369.00000  760.34053   106%     -   13s
     0     0  760.33980    0  361  369.00000  760.33980   106%     -   13s
     0     0  760.32784    0  361  369.00000  760.32784   106%     -   15s
     0     2  760.32711    0  361  369.00000  760.32711   106%     -   16s
    15    17  737.43139   10  345  369.00000  745.18621   102%   565   20s
H   26    26                     382.0000000  745.18621  95.1%   482   23s
    41    43  685.46357   32  314  382.00000  745.18621  95.1%   424   25s
H   78    78                     384.0000000  745.18621  94.1%   308   27s
H   78    78                     387.0000000  745.18621  92.6%   308   27s
   102   104  642.56504   86  282  387.00000  745.18621  92.6%   320   30s
   161   163  648.98298  132  272  387.00000  745.18621  92.6%   322   35s
   208   210  573.01661  171  249  387.00000  745.18621  92.6%   298   40s
H  310   310                     394.0000000  745.18621  89.1%   252   47s
H  310   310                     402.0000000  745.18621  85.4%   252   50s
   470   472  451.13158  400  124  402.00000  745.18621  85.4%   188   55s
   519   507  572.31647  237  361  402.00000  743.57364  85.0%   178   61s
   523   510  520.58306  257  355  402.00000  743.57364  85.0%   176   67s
   527   514  719.90856   16  325  402.00000  743.57364  85.0%   188   70s
   539   522  712.54518   22  352  402.00000  731.00437  81.8%   202   75s
   549   529  674.44259   27  321  402.00000  726.76502  80.8%   213   80s
   562   538  696.88885   34  351  402.00000  726.76502  80.8%   226   85s
   572   544  686.83324   39  337  402.00000  726.76502  80.8%   238   90s
   583   552  640.94682   44  315  402.00000  726.76502  80.8%   249   95s
   595   560  609.15854   50  313  402.00000  726.76502  80.8%   261  100s
   606   567  655.43512   56  323  402.00000  726.76502  80.8%   269  106s
   614   572  647.63529   60  322  402.00000  726.76502  80.8%   275  110s
   625   580  599.70558   65  310  402.00000  726.76502  80.8%   285  115s
   636   587  634.79444   71  325  402.00000  726.76502  80.8%   292  120s
   645   593  593.00800   75  311  402.00000  726.76502  80.8%   300  125s
   655   600  541.42815   80  272  402.00000  726.76502  80.8%   307  130s
   667   608  553.89124   86  285  402.00000  726.76502  80.8%   315  135s
   674   612  613.93507   90  311  402.00000  726.76502  80.8%   318  140s
   687   621  569.37534   96  303  402.00000  726.76502  80.8%   327  145s
   701   630  530.11393  103  268  402.00000  726.76502  80.8%   334  150s
H  705   605                     405.0000000  726.76502  79.4%   334  151s
H  705   581                     408.0000000  726.76502  78.1%   334  151s
H  705   558                     410.0000000  726.76502  77.3%   334  151s
H  705   536                     414.0000000  726.76502  75.5%   334  151s
   709   541  562.00668  107  284  414.00000  726.76502  75.5%   338  156s
   721   549  534.49993  113  268  414.00000  726.76502  75.5%   344  160s
   743   563  532.41507  124  283  414.00000  726.76502  75.5%   352  165s
   763   577  527.25338  134  278  414.00000  726.76502  75.5%   358  170s
   775   585  483.33340  140  264  414.00000  726.76502  75.5%   363  175s
   789   594  489.57958  147  257  414.00000  726.76502  75.5%   368  180s
   805   605  487.86194  155  260  414.00000  726.76502  75.5%   371  185s
   811   609  479.02927  158  266  414.00000  726.76502  75.5%   372  191s
   823   617  486.28623  164  262  414.00000  726.76502  75.5%   374  195s
   839   627  480.23667  172  264  414.00000  726.76502  75.5%   377  200s
   853   637  475.40630  179  245  414.00000  726.76502  75.5%   382  205s
   861   642  474.64372  183  258  414.00000  726.76502  75.5%   386  210s
   875   651  449.20231  190  255  414.00000  726.76502  75.5%   394  215s
   887   659  444.25597  196  241  414.00000  726.76502  75.5%   400  220s
   896   665  482.29759  201  248  414.00000  726.76502  75.5%   403  225s
   911   674  418.33942  208  239  414.00000  726.76502  75.5%   409  230s
   927   683     cutoff  216       414.00000  726.76502  75.5%   414  235s
   948   689  458.06335  227  241  414.00000  726.76502  75.5%   418  240s
   966   688  451.70853  236  242  414.00000  726.76502  75.5%   420  248s
   968   687  451.33646  237  243  414.00000  726.76502  75.5%   420  250s
   998   682  433.03171  252  229  414.00000  726.76502  75.5%   420  255s
  1027   675  672.62724   21  284  414.00000  726.76280  75.5%   417  260s
  1037   681  644.07530   26  277  414.00000  726.76280  75.5%   423  265s
  1049   689  642.30083   32  291  414.00000  726.76280  75.5%   430  270s
  1061   697  614.28899   38  268  414.00000  726.76280  75.5%   437  275s
  1072   705  647.30934   44  323  414.00000  726.76280  75.5%   441  280s
H 1077   681                     418.0000000  726.76280  73.9%   443  287s
  1077   683  598.34650   46  271  418.00000  726.76280  73.9%   444  290s
  1089   691  570.09338   52  260  418.00000  726.76280  73.9%   451  295s
  1092   693  626.17124   54  313  418.00000  726.76280  73.9%   452  308s
  1095   695  545.11998   55  263  418.00000  726.76280  73.9%   454  310s
  1111   706  548.93331   63  253  418.00000  726.76280  73.9%   461  315s
  1125   715  535.99378   70  248  418.00000  726.76280  73.9%   467  320s
  1136   722  592.95886   76  303  418.00000  726.76280  73.9%   472  325s
  1158   737  577.37155   87  307  418.00000  726.76280  73.9%   481  330s
  1173   747  521.67168   94  252  418.00000  726.76280  73.9%   487  335s
  1188   757  558.57163  102  288  418.00000  726.76280  73.9%   492  340s
  1209   771  510.80050  112  256  418.00000  726.76280  73.9%   499  345s
  1223   780  471.81629  119  244  418.00000  726.76280  73.9%   503  350s
  1239   791  482.77000  127  234  418.00000  726.76280  73.9%   507  355s
  1253   800  466.52555  134  248  418.00000  726.76280  73.9%   507  360s
  1271   812  473.82505  143  254  418.00000  726.76280  73.9%   507  365s
  1289   824  455.64763  152  247  418.00000  726.76280  73.9%   507  370s
  1311   838  440.63639  163  217  418.00000  726.76280  73.9%   506  375s
  1337   847  428.87171  176  228  418.00000  726.76280  73.9%   504  380s
  1364   853  458.73909  190  241  418.00000  726.76280  73.9%   502  385s
  1400   847  439.24189  208  229  418.00000  726.76280  73.9%   496  390s
  1453   833  662.40660   22  276  418.00000  726.65079  73.8%   484  395s
  1474   847  553.66097   32  219  418.00000  726.65079  73.8%   484  400s
  1496   861  519.84697   43  215  418.00000  726.65079  73.8%   484  405s
  1520   877  520.88097   55  214  418.00000  726.65079  73.8%   483  410s
  1542   892  482.06499   66  197  418.00000  726.65079  73.8%   483  415s
  1566   908  474.43023   78  211  418.00000  726.65079  73.8%   482  420s
  1585   921  519.55764   88  247  418.00000  726.65079  73.8%   481  425s
  1612   938  423.11437  101  182  418.00000  726.65079  73.8%   480  430s
  1640   953  435.59376  115  215  418.00000  726.65079  73.8%   479  435s
  1677   959  466.71680  134  246  418.00000  726.65079  73.8%   476  440s
  1765   958  664.91206   18  274  418.00000  726.62391  73.8%   461  445s
  1777   970  639.94921   24  276  418.00000  726.62391  73.8%   462  450s
  1793   986  623.66724   32  281  418.00000  726.62391  73.8%   463  455s
  1805   998  616.65961   38  285  418.00000  726.62391  73.8%   464  460s
  1820  1013  629.98895   46  316  418.00000  726.62391  73.8%   465  465s
  1836  1029  619.42530   54  325  418.00000  726.62391  73.8%   466  470s
  1851  1044  552.99927   61  266  418.00000  726.62391  73.8%   467  475s
  1867  1060  540.26507   69  246  418.00000  726.62391  73.8%   468  480s
  1878  1071  594.92930   75  304  418.00000  726.62391  73.8%   468  491s
  1879  1072  556.04253   75  265  418.00000  726.62391  73.8%   468  501s
  1893  1086  537.86314   82  266  418.00000  726.62391  73.8%   469  505s
  1911  1104  541.67720   91  269  418.00000  726.62391  73.8%   470  510s
  1927  1120  511.60892   99  265  418.00000  726.62391  73.8%   471  515s
  1944  1137  549.39889  108  304  418.00000  726.62391  73.8%   471  520s
  1957  1150  490.25745  114  251  418.00000  726.62391  73.8%   472  525s
  1975  1168  471.09112  123  244  418.00000  726.62391  73.8%   473  560s
  1994  1187  507.10910  133  284  418.00000  726.62391  73.8%   473  565s
  2015  1208  456.14707  143  244  418.00000  726.62391  73.8%   473  570s
  2035  1228  448.53550  153  245  418.00000  726.62391  73.8%   473  575s
  2059  1246     cutoff  165       418.00000  726.62391  73.8%   473  580s
  2089  1261     cutoff  180       418.00000  726.62391  73.8%   473  585s
  2139  1266     cutoff  205       418.00000  726.62391  73.8%   467  590s
  2197  1271  581.98892   19  228  418.00000  724.99998  73.4%   459  595s
  2217  1291  591.83173   29  230  418.00000  724.99998  73.4%   460  600s
  2239  1313  565.61840   40  245  418.00000  724.99998  73.4%   460  605s
  2263  1337  507.81298   52  214  418.00000  724.99998  73.4%   460  610s
  2286  1360  565.68797   64  283  418.00000  724.99998  73.4%   460  615s
  2312  1386  544.98627   77  277  418.00000  724.99998  73.4%   461  620s
  2331  1405  494.10258   86  222  418.00000  724.99998  73.4%   461  625s
  2361  1435  470.63569  101  217  418.00000  724.99998  73.4%   460  630s
  2409  1478  427.11550  125  203  418.00000  724.99998  73.4%   460  635s
  2447  1499     cutoff  144       418.00000  724.99998  73.4%   458  640s
  2507  1501     cutoff  174       418.00000  724.99998  73.4%   453  645s
  2562  1514  613.78223   25  230  418.00000  724.99934  73.4%   447  650s
  2584  1536  586.84282   36  245  418.00000  724.99934  73.4%   448  655s
  2604  1556  559.13057   46  242  418.00000  724.99934  73.4%   448  660s
  2628  1580  543.06463   58  236  418.00000  724.99934  73.4%   449  665s
  2652  1604  510.71276   70  223  418.00000  724.99934  73.4%   449  670s
  2677  1629  552.80828   83  270  418.00000  724.99934  73.4%   450  675s
  2704  1656  497.10573   96  232  418.00000  724.99934  73.4%   450  680s
  2734  1686  465.96676  111  235  418.00000  724.99934  73.4%   450  685s
  2762  1714  451.21399  125  226  418.00000  724.99934  73.4%   450  690s
  2786  1736  442.86247  137  222  418.00000  724.99934  73.4%   450  695s
  2824  1758     cutoff  156       418.00000  724.99934  73.4%   449  700s
  2916  1768     cutoff  202       418.00000  724.99934  73.4%   441  705s
  2963  1785  660.85767   27  293  418.00000  719.87640  72.2%   439  710s
H 2981  1738                     424.0000000  719.87640  69.8%   439  717s
  2987  1746  593.65216   39  271  424.00000  719.87640  69.8%   440  720s
  3001  1760  598.98857   46  280  424.00000  719.87640  69.8%   441  725s
  3019  1778  582.14511   55  274  424.00000  719.87640  69.8%   442  730s
  3031  1790  574.37281   61  278  424.00000  719.87640  69.8%   442  743s
  3039  1798  556.63719   65  267  424.00000  719.87640  69.8%   443  745s
  3061  1820  532.59580   76  265  424.00000  719.87640  69.8%   444  750s
  3082  1841  576.82376   87  306  424.00000  719.87640  69.8%   445  755s
  3096  1855  565.32199   94  311  424.00000  719.87640  69.8%   445  760s
  3110  1869  555.06001  101  302  424.00000  719.87640  69.8%   446  765s
  3125  1884  513.48958  108  264  424.00000  719.87640  69.8%   446  770s
  3137  1896  491.41116  114  276  424.00000  719.87640  69.8%   447  775s
  3149  1908  489.53723  120  252  424.00000  719.87640  69.8%   447  780s
  3169  1928  465.71255  130  253  424.00000  719.87640  69.8%   448  785s
  3182  1941  505.42260  137  285  424.00000  719.87640  69.8%   448  790s
  3192  1951  501.85424  142  272  424.00000  719.87640  69.8%   448  795s
  3205  1964  461.80576  148  244  424.00000  719.87640  69.8%   449  800s
  3219  1978  427.60631  155  237  424.00000  719.87640  69.8%   449  805s
  3233  1992  452.63023  162  247  424.00000  719.87640  69.8%   449  810s
  3248  2004  475.16098  170  262  424.00000  719.87640  69.8%   449  815s
  3265  2013     cutoff  178       424.00000  719.87640  69.8%   449  820s
  3283  2015     cutoff  187       424.00000  719.87640  69.8%   448  825s
  3312  2016  444.65634  202  244  424.00000  719.87640  69.8%   446  830s
  3368  2016  680.77299   18  292  424.00000  719.86128  69.8%   441  835s
  3379  2027  688.61136   24  321  424.00000  719.86128  69.8%   441  840s
  3391  2039  669.44667   30  317  424.00000  719.86128  69.8%   442  845s
  3412  2060  599.47736   40  275  424.00000  719.86128  69.8%   443  850s
  3427  2075  627.48046   48  330  424.00000  719.86128  69.8%   443  855s
  3437  2085  619.22721   53  330  424.00000  719.86128  69.8%   444  860s
  3450  2098  553.36255   59  266  424.00000  719.86128  69.8%   444  865s
  3457  2105  602.04768   63  315  424.00000  719.86128  69.8%   444  870s
  3469  2117  592.81598   69  309  424.00000  719.86128  69.8%   445  875s
  3483  2131  581.99073   76  298  424.00000  719.86128  69.8%   445  880s
  3497  2145  569.14040   83  299  424.00000  719.86128  69.8%   446  885s
  3511  2159  558.41047   90  300  424.00000  719.86128  69.8%   446  890s
  3521  2169  550.48937   95  301  424.00000  719.86128  69.8%   446  895s
  3536  2184  507.38515  102  264  424.00000  719.86128  69.8%   447  900s
  3550  2198  487.79353  109  270  424.00000  719.86128  69.8%   447  905s
  3563  2211  520.08512  116  295  424.00000  719.86128  69.8%   447  910s
  3578  2226  464.73313  123  250  424.00000  719.86128  69.8%   448  915s
  3596  2244  452.84996  132  248  424.00000  719.86128  69.8%   448  920s
  3624  2270  429.15275  146  232  424.00000  719.86128  69.8%   448  925s
  3640  2283  426.56455  154  240  424.00000  719.86128  69.8%   448  930s
  3654  2293     cutoff  161       424.00000  719.86128  69.8%   448  935s
  3680  2299     cutoff  174       424.00000  719.86128  69.8%   448  940s
  3727  2300  433.98391  198  253  424.00000  719.86128  69.8%   445  945s
  3784  2327  607.33377   46  294  424.00000  712.52738  68.0%   440  950s
  3843  2386  509.79806  105  285  424.00000  712.52738  68.0%   436  961s
  3866  2409  481.94481  128  258  424.00000  712.52738  68.0%   434  969s
  3868  2411  481.17753  130  259  424.00000  712.52738  68.0%   434  970s
  3949  2480  690.58891   29  342  424.00000  712.52034  68.0%   427  975s
  3979  2510  618.34145   59  323  424.00000  712.52034  68.0%   426  980s
  4032  2563  541.28176  112  289  424.00000  712.52034  68.0%   423  985s
  4089  2620  448.94737  164  246  424.00000  712.52034  68.0%   419  990s
  4136  2663     cutoff  208       424.00000  712.52034  68.0%   416  995s
  4201  2717  565.71463   65  272  424.00000  711.76777  67.9%   412 1000s
  4300  2816  438.78329  163  229  424.00000  711.76777  67.9%   405 1005s
  4372  2874  603.70742   76  312  424.00000  711.60890  67.8%   401 1010s
  4450  2952  496.57824  154  273  424.00000  711.60890  67.8%   397 1015s
  4517  3011  436.73022  214  240  424.00000  711.60890  67.8%   393 1020s
  4570  3053  595.58223   53  274  424.00000  710.87065  67.7%   390 1025s
  4624  3107  522.56190  107  257  424.00000  710.87065  67.7%   387 1030s
  4722  3201  427.99296  202  238  424.00000  710.87065  67.7%   382 1035s
  4782  3249  525.10674   75  252  424.00000  709.16241  67.3%   379 1040s
  4868  3323  659.86504   25  291  424.00000  708.46091  67.1%   374 1045s
  4913  3368  562.68684   70  284  424.00000  708.46091  67.1%   372 1050s
  4999  3454  456.08866  156  242  424.00000  708.46091  67.1%   368 1055s
  5055  3498  627.07850   36  286  424.00000  706.09828  66.5%   365 1060s
  5108  3551  539.13637   89  272  424.00000  706.09828  66.5%   363 1065s
  5180  3623  452.84807  160  246  424.00000  706.09828  66.5%   360 1070s
  5249  3679  469.13339   55  183  424.00000  705.77649  66.5%   357 1075s
  5324  3742  569.09173   62  283  424.00000  705.50388  66.4%   353 1080s
  5398  3816  467.45376  136  250  424.00000  705.50388  66.4%   350 1085s
  5464  3870  620.44347   23  247  424.00000  705.47959  66.4%   348 1090s
  5474  3880  637.55120   28  267  424.00000  705.47959  66.4%   348 1095s
  5484  3890  600.65116   33  259  424.00000  705.47959  66.4%   348 1100s
  5496  3902  584.95309   39  253  424.00000  705.47959  66.4%   349 1105s
  5498  3904  546.04936   40  236  424.00000  705.47959  66.4%   349 1119s
  5500  3906  584.15298   41  256  424.00000  705.47959  66.4%   349 1120s
  5513  3919  620.36969   48  318  424.00000  705.47959  66.4%   349 1125s
  5520  3926  552.96930   51  246  424.00000  705.47959  66.4%   350 1130s
  5532  3938  530.04760   57  249  424.00000  705.47959  66.4%   350 1135s
  5543  3949  590.81124   63  295  424.00000  705.47959  66.4%   351 1140s
  5554  3960  527.21700   68  267  424.00000  705.47959  66.4%   351 1145s
  5565  3971  572.52967   74  291  424.00000  705.47959  66.4%   351 1150s
  5576  3982  501.44843   79  238  424.00000  705.47959  66.4%   352 1155s
  5595  4001  548.45585   89  292  424.00000  705.47959  66.4%   352 1160s
  5610  4016  456.70825   96  235  424.00000  705.47959  66.4%   353 1165s
  5630  4036  474.04780  106  253  424.00000  705.47959  66.4%   354 1170s
  5648  4054  469.34328  115  249  424.00000  705.47959  66.4%   354 1175s
  5666  4070     cutoff  124       424.00000  705.47959  66.4%   354 1180s
  5680  4084  449.95218  131  223  424.00000  705.47959  66.4%   355 1185s
  5696  4096     cutoff  139       424.00000  705.47959  66.4%   355 1190s
  5709  4109  473.60833  146  278  424.00000  705.47959  66.4%   355 1195s
  5730  4113     cutoff  156       424.00000  705.47959  66.4%   355 1200s
  5760  4117     cutoff  171       424.00000  705.47959  66.4%   355 1205s
  5810  4121  635.37730   25  266  424.00000  703.63022  66.0%   354 1210s
  5852  4163  531.58979   67  236  424.00000  703.63022  66.0%   352 1221s
  5913  4224  447.78010  128  228  424.00000  703.63022  66.0%   349 1225s
  5967  4258  659.46836   27  303  424.00000  703.00452  65.8%   348 1230s
  6007  4298  560.27456   67  266  424.00000  703.00452  65.8%   346 1235s
  6084  4375  456.61042  143  248  424.00000  703.00452  65.8%   343 1240s
  6175  4447  659.42036   29  282  424.00000  698.22213  64.7%   340 1245s
  6225  4497  562.00955   79  280  424.00000  698.22213  64.7%   339 1250s
  6297  4569  459.94279  151  262  424.00000  698.22213  64.7%   336 1255s
  6362  4622  650.18339   36  308  424.00000  698.16763  64.7%   334 1262s
  6379  4639  514.30596   53  214  424.00000  698.16763  64.7%   334 1265s
  6433  4671  451.10769   34  158  424.00000  698.02697  64.6%   332 1270s
  6515  4707  588.35485   28  239  424.00000  696.18704  64.2%   330 1275s
  6597  4762  658.12950   24  280  424.00000  695.67892  64.1%   327 1280s
  6650  4815  541.46649   77  267  424.00000  695.67892  64.1%   326 1285s
  6718  4883  452.98932  145  235  424.00000  695.67892  64.1%   324 1290s
  6763  4914  535.67066   26  189  424.00000  694.02767  63.7%   322 1295s
  6833  4976  574.26299   78  278  424.00000  693.34169  63.5%   320 1300s
  6916  5059  465.35225  161  246  424.00000  693.34169  63.5%   318 1305s
  7009  5140  588.40906   66  300  424.00000  691.65900  63.1%   315 1310s
  7018  5149  571.55805   75  289  424.00000  691.65900  63.1%   315 1324s
  7022  5153  563.24222   79  278  424.00000  691.65900  63.1%   315 1325s
  7077  5208  487.90337  134  256  424.00000  691.65900  63.1%   314 1330s
  7158  5273  605.89085   32  259  424.00000  690.48689  62.9%   311 1335s
  7247  5362  470.92874  121  245  424.00000  690.48689  62.9%   309 1340s
  7324  5421  621.56736   29  271  424.00000  689.79756  62.7%   307 1345s
H 7391  5433                     427.0000000  689.79756  61.5%   306 1352s
  7391  5435  507.71162   96  256  427.00000  689.79756  61.5%   306 1358s
  7410  5454  479.54610  115  248  427.00000  689.79756  61.5%   305 1360s
  7494  5520  606.52081   20  239  427.00000  689.24687  61.4%   303 1365s
  7528  5554  513.61928   37  202  427.00000  689.24687  61.4%   303 1370s
  7564  5590  450.52203   55  167  427.00000  689.24687  61.4%   303 1375s
  7602  5622  436.11883   74  154  427.00000  689.24687  61.4%   303 1380s
  7644  5640     cutoff   95       427.00000  689.24687  61.4%   303 1385s
  7708  5641  630.56308   34  282  427.00000  688.36957  61.2%   301 1390s
  7745  5658     cutoff   44       427.00000  688.36957  61.2%   301 1395s
  7839  5688  560.64357   51  242  427.00000  687.88332  61.1%   299 1400s
  7945  5794  429.81949  157  227  427.00000  687.88332  61.1%   296 1405s
  8016  5840  642.34116   18  256  427.00000  686.78179  60.8%   295 1410s
  8071  5882  577.86352   42  279  427.00000  686.33928  60.7%   294 1415s
  8134  5945  480.15056  105  240  427.00000  686.33928  60.7%   292 1420s
  8200  6001  499.17560   42  183  427.00000  686.21937  60.7%   291 1425s
  8258  6045  640.94545   34  298  427.00000  686.18123  60.7%   290 1430s
  8302  6089  564.68808   78  274  427.00000  686.18123  60.7%   289 1435s
  8361  6148  482.77707  137  245  427.00000  686.18123  60.7%   288 1440s
  8441  6215  616.07382   37  287  427.00000  686.09666  60.7%   286 1445s
  8485  6249  587.74802   40  271  427.00000  685.90619  60.6%   285 1450s
  8541  6305  486.43200   96  261  427.00000  685.90619  60.6%   284 1455s
  8605  6360  628.58835   34  293  427.00000  685.56520  60.6%   283 1460s
  8649  6392  593.36266   35  255  427.00000  685.26251  60.5%   282 1465s
  8710  6453  470.34406   96  224  427.00000  685.26251  60.5%   281 1470s
  8789  6523  537.88469   37  244  427.00000  685.24884  60.5%   280 1475s
  8882  6566  641.22111   33  281  427.00000  684.21528  60.2%   278 1480s
  8918  6602  561.27902   69  268  427.00000  684.21528  60.2%   278 1485s
  8979  6663  476.87958  130  253  427.00000  684.21528  60.2%   277 1490s
  9030  6703  631.34809   25  287  427.00000  683.97993  60.2%   276 1495s
  9069  6742  549.04019   64  267  427.00000  683.97993  60.2%   275 1500s
  9150  6823  437.01243  145  234  427.00000  683.97993  60.2%   274 1505s
  9219  6871  591.41407   36  269  427.00000  683.86302  60.2%   273 1510s
  9231  6883  567.11552   42  261  427.00000  683.86302  60.2%   274 1515s
  9243  6895  593.65840   48  266  427.00000  683.86302  60.2%   274 1520s
  9257  6909  571.38459   55  268  427.00000  683.86302  60.2%   274 1525s
  9267  6919  567.92358   60  265  427.00000  683.86302  60.2%   275 1530s
  9281  6933  528.34178   67  251  427.00000  683.86302  60.2%   275 1535s
  9295  6947  531.38504   74  259  427.00000  683.86302  60.2%   276 1540s
  9309  6961  542.59265   81  261  427.00000  683.86302  60.2%   276 1545s
  9323  6975  527.59403   88  265  427.00000  683.86302  60.2%   276 1550s
  9337  6989  532.53083   95  273  427.00000  683.86302  60.2%   277 1555s
  9353  7005  486.94882  103  245  427.00000  683.86302  60.2%   277 1560s
  9365  7017  473.10853  109  243  427.00000  683.86302  60.2%   278 1565s
  9366  7018  532.26064  110  301  427.00000  683.86302  60.2%   278 1581s
  9380  7032  523.31150  117  293  427.00000  683.86302  60.2%   278 1585s
  9399  7051  473.05880  126  258  427.00000  683.86302  60.2%   279 1590s
  9412  7064  503.66645  133  279  427.00000  683.86302  60.2%   279 1596s
  9423  7075  455.16353  138  236  427.00000  683.86302  60.2%   279 1600s
  9439  7091  451.17617  146  243  427.00000  683.86302  60.2%   279 1605s
  9455  7105  437.72744  154  241  427.00000  683.86302  60.2%   280 1610s
  9471  7117     cutoff  162       427.00000  683.86302  60.2%   280 1615s
  9491  7124     cutoff  172       427.00000  683.86302  60.2%   280 1620s
  9521  7126     cutoff  187       427.00000  683.86302  60.2%   280 1625s
  9556  7127  438.95759  205  252  427.00000  683.86302  60.2%   280 1630s
  9601  7150  559.26777   55  263  427.00000  683.67261  60.1%   279 1635s
  9664  7213  467.12857  118  235  427.00000  683.67261  60.1%   278 1640s
  9726  7265  576.15010   41  247  427.00000  681.73559  59.7%   277 1645s
  9799  7322  579.86301   34  234  427.00000  681.72095  59.7%   276 1650s
  9839  7362  500.66388   74  217  427.00000  681.72095  59.7%   275 1682s
  9840  7363  499.56076   75  211  427.00000  681.72095  59.7%   275 1690s
  9964  7467  673.12738   28  325  427.00000  681.65568  59.6%   273 1695s
 10003  7506  588.68211   67  304  427.00000  681.65568  59.6%   273 1700s
 10090  7593  465.80913  154  273  427.00000  681.65568  59.6%   272 1705s
 10172  7655  636.59323   42  320  427.00000  681.53965  59.6%   271 1710s

Explored 10202 nodes (2766209 simplex iterations) in 1800.01 seconds (887.33 work units)
Thread count was 1 (of 12 available processors)

Solution count 10: 427 424 418 ... 387

Time limit reached
Best objective 4.270000000000e+02, best bound 6.810000000000e+02, gap 59.4848%
