
Gurobi 12.0.2 (linux64, C++) logging started Thu Jun 19 08:00:20 2025

Set parameter LogFile to value "log/instances/scenario2/fully_correlated_sc2/500/kpfs_3.txt.log"

Gurobi 12.0.2 (linux64, C++) logging started Thu Jun 19 08:01:43 2025

Set parameter LogFile to value "log/instances/scenario2/fully_correlated_sc2/500/kpfs_3.txt.log"

Gurobi 12.0.2 (linux64, C++) logging started Thu Jun 19 08:02:54 2025

Set parameter LogFile to value "log/instances/scenario2/fully_correlated_sc2/500/kpfs_3.txt.log"

Gurobi 12.0.2 (linux64, C++) logging started Thu Jun 19 08:03:58 2025

Set parameter LogFile to value "log/instances/scenario2/fully_correlated_sc2/500/kpfs_3.txt.log"

Gurobi 12.0.2 (linux64, C++) logging started Thu Jun 19 19:07:23 2025

Set parameter WLSAccessID
Set parameter WLSSecret
Set parameter LicenseID to value 2679381
Set parameter LogFile to value "log/instances/scenario2/fully_correlated_sc2/500/kpfs_3.txt.log"
Academic license 2679381 - for non-commercial use only - registered to be___@poli.ufrj.br
Set parameter TimeLimit to value 1800
Set parameter Threads to value 1
Gurobi Optimizer version 12.0.2 build v12.0.2rc0 (linux64 - "Ubuntu 24.04.1 LTS")

CPU model: 13th Gen Intel(R) Core(TM) i7-1355U, instruction set [SSE2|AVX|AVX2]
Thread count: 6 physical cores, 12 logical processors, using up to 1 threads

Non-default parameters:
TimeLimit  1800
Threads  1

Academic license 2679381 - for non-commercial use only - registered to be___@poli.ufrj.br
Optimize a model with 1502 rows, 2000 columns and 23481 nonzeros
Model fingerprint: 0x6cdac8f5
Variable types: 0 continuous, 2000 integer (500 binary)
Coefficient statistics:
  Matrix range     [1e+00, 3e+01]
  Objective range  [2e+00, 4e+01]
  Bounds range     [1e+00, 2e+01]
  RHS range        [1e+00, 8e+02]
Found heuristic solution: objective 160.0000000
Presolve removed 0 rows and 56 columns
Presolve time: 0.13s
Presolved: 1502 rows, 1944 columns, 23369 nonzeros
Variable types: 0 continuous, 1944 integer (500 binary)

Root relaxation: objective 7.533244e+02, 4174 iterations, 2.35 seconds (1.02 work units)

    Nodes    |    Current Node    |     Objective Bounds      |     Work
 Expl Unexpl |  Obj  Depth IntInf | Incumbent    BestBd   Gap | It/Node Time

     0     0  753.32443    0  338  160.00000  753.32443   371%     -    2s
H    0     0                     171.0000000  753.32443   341%     -    2s
H    0     0                     245.0000000  753.32443   207%     -    2s
H    0     0                     310.0000000  753.32443   143%     -    2s
H    0     0                     333.0000000  753.32443   126%     -    2s
H    0     0                     353.0000000  753.32443   113%     -    2s
     0     0  752.55751    0  333  353.00000  752.55751   113%     -    4s
H    0     0                     356.0000000  752.52930   111%     -    6s
H    0     0                     374.0000000  752.52930   101%     -    6s
H    0     0                     385.0000000  752.52930  95.5%     -    7s
H    0     0                     388.0000000  752.52930  94.0%     -    7s
     0     0  752.34331    0  341  388.00000  752.34331  93.9%     -    7s
     0     0  752.29222    0  338  388.00000  752.29222  93.9%     -    7s
     0     0  752.26822    0  337  388.00000  752.26822  93.9%     -    7s
     0     0  752.25695    0  338  388.00000  752.25695  93.9%     -    7s
     0     0  752.25145    0  344  388.00000  752.25145  93.9%     -    7s
     0     0  752.25016    0  343  388.00000  752.25016  93.9%     -    7s
     0     0  751.98712    0  341  388.00000  751.98712  93.8%     -    8s
     0     0  751.98527    0  340  388.00000  751.98527  93.8%     -    8s
     0     0  751.77095    0  348  388.00000  751.77095  93.8%     -   11s
     0     0  751.74396    0  349  388.00000  751.74396  93.7%     -   11s
     0     0  751.62572    0  351  388.00000  751.62572  93.7%     -   14s
     0     0  751.62317    0  352  388.00000  751.62317  93.7%     -   14s
     0     0  751.58331    0  353  388.00000  751.58331  93.7%     -   15s
     0     0  751.58065    0  354  388.00000  751.58065  93.7%     -   16s
     0     0  751.57765    0  353  388.00000  751.57765  93.7%     -   16s
     0     0  751.55428    0  350  388.00000  751.55428  93.7%     -   17s
     0     0  751.55269    0  353  388.00000  751.55269  93.7%     -   17s
     0     0  751.53871    0  355  388.00000  751.53871  93.7%     -   19s
     0     0  751.53605    0  355  388.00000  751.53605  93.7%     -   19s
     0     0  751.53605    0  354  388.00000  751.53605  93.7%     -   19s
     0     0  751.53598    0  354  388.00000  751.53598  93.7%     -   20s
     0     2  751.53579    0  354  388.00000  751.53579  93.7%     -   21s
     9    11  670.03884    5  295  388.00000  736.35512  89.8%   598   25s
    29    31  683.01272   20  312  388.00000  736.35512  89.8%   569   30s
    63    65  667.58935   50  305  388.00000  736.35512  89.8%   406   35s
H   78    78                     393.0000000  736.35512  87.4%   362   36s
H   78    78                     395.0000000  736.35512  86.4%   362   36s
    99   101  639.34169   82  278  395.00000  736.35512  86.4%   345   40s
H  104   104                     396.0000000  736.35512  85.9%   333   40s
H  104   104                     401.0000000  736.35512  83.6%   333   40s
   109   111  679.10003   91  299  401.00000  736.35512  83.6%   332   45s
H  130   130                     412.0000000  736.35512  78.7%   317   47s
H  130   130                     423.0000000  736.35512  74.1%   317   47s
   153   155  592.62548  128  255  423.00000  736.35512  74.1%   312   50s
   212   214  576.18505  181  236  423.00000  736.35512  74.1%   265   55s
   234   236  603.87528  202  240  423.00000  736.35512  74.1%   249   60s
   339   341  498.00065  295  181  423.00000  736.35512  74.1%   207   65s
   519   508  549.47306  302  354  423.00000  732.19020  73.1%   157   75s
   523   511  685.74468   81  338  423.00000  732.19020  73.1%   156   84s
   525   514  727.77299   11  318  423.00000  732.19020  73.1%   166   85s
   535   521  693.58430   16  320  423.00000  729.78148  72.5%   177   90s
   543   526  679.02297   20  316  423.00000  727.76520  72.0%   187   95s
   551   531  655.66205   24  315  423.00000  727.76520  72.0%   196  100s
   560   537  699.20851   29  344  423.00000  727.76520  72.0%   204  105s
   567   542  627.24861   32  291  423.00000  727.76520  72.0%   213  112s
   572   545  691.18557   35  343  423.00000  727.76520  72.0%   218  115s
   581   551  653.39883   39  323  423.00000  727.76520  72.0%   228  120s
   589   557  630.86753   43  307  423.00000  727.76520  72.0%   235  125s
   599   563  612.95508   48  290  423.00000  727.76520  72.0%   245  130s
   609   570  618.61156   53  290  423.00000  727.76520  72.0%   253  135s
   619   577  599.14608   58  291  423.00000  727.76520  72.0%   262  140s
   629   583  595.86354   63  292  423.00000  727.76520  72.0%   269  145s
   645   594  587.53912   71  295  423.00000  727.76520  72.0%   281  150s
   655   601  591.56916   76  315  423.00000  727.76520  72.0%   287  155s
   664   607  625.73380   81  320  423.00000  727.76520  72.0%   294  160s
   673   613  579.38607   85  299  423.00000  727.76520  72.0%   300  165s
   681   618  567.87150   89  287  423.00000  727.76520  72.0%   306  170s
   691   625  567.98631   94  306  423.00000  727.76520  72.0%   311  175s
   700   631  604.63986   99  306  423.00000  727.76520  72.0%   315  180s
   707   635  564.13239  102  280  423.00000  727.76520  72.0%   319  185s
   720   644  597.73956  109  305  423.00000  727.76520  72.0%   324  190s
   730   651  591.29426  114  304  423.00000  727.76520  72.0%   329  195s
   737   655  535.98612  117  286  423.00000  727.76520  72.0%   333  200s
   746   661  585.13515  122  299  423.00000  727.76520  72.0%   336  205s
   755   667  518.20493  126  264  423.00000  727.76520  72.0%   341  210s
   762   672  572.77865  130  299  423.00000  727.76520  72.0%   343  215s
   773   679  528.79621  135  273  423.00000  727.76520  72.0%   348  220s
   783   686  514.06355  140  270  423.00000  727.76520  72.0%   351  225s
   785   687  518.66870  141  261  423.00000  727.76520  72.0%   352  230s
   794   693  556.38208  146  286  423.00000  727.76520  72.0%   353  235s
   807   702  508.30330  152  269  423.00000  727.76520  72.0%   358  240s
   819   710  510.51743  158  258  423.00000  727.76520  72.0%   361  246s
   829   717  492.13620  163  266  423.00000  727.76520  72.0%   364  250s
   843   726  482.74712  170  250  423.00000  727.76520  72.0%   366  255s
   847   729  478.86128  172  252  423.00000  727.76520  72.0%   367  260s
   860   737  519.89367  179  271  423.00000  727.76520  72.0%   369  265s
   866   741  517.17459  182  270  423.00000  727.76520  72.0%   370  270s
   880   751  510.77126  189  255  423.00000  727.76520  72.0%   372  275s
   889   757  479.24134  193  261  423.00000  727.76520  72.0%   374  280s
   903   766  441.13564  200  240  423.00000  727.76520  72.0%   375  285s
   917   775  451.23642  207  239  423.00000  727.76520  72.0%   377  290s
   929   783  452.01894  213  244  423.00000  727.76520  72.0%   378  295s
   939   787  425.34431  218  242  423.00000  727.76520  72.0%   378  300s
   968   792  459.24642  233  235  423.00000  727.76520  72.0%   379  305s
  1018   780  438.21862  258  220  423.00000  727.76520  72.0%   371  317s
  1053   766  682.02171   12  276  423.00000  727.71775  72.0%   363  320s
  1066   775  652.87025   19  285  423.00000  727.71775  72.0%   365  325s
  1079   783  572.38608   25  250  423.00000  727.71775  72.0%   366  330s
  1091   791  575.07095   31  241  423.00000  727.71775  72.0%   367  335s
  1105   801  535.64509   38  230  423.00000  727.71775  72.0%   369  340s
  1116   808  584.42168   44  266  423.00000  727.71775  72.0%   370  351s
  1127   815  513.06203   49  225  423.00000  727.71775  72.0%   371  355s
  1147   829  516.71224   59  225  423.00000  727.71775  72.0%   373  360s
  1166   841  551.83514   69  269  423.00000  727.71775  72.0%   373  365s
  1185   854  498.91068   78  227  423.00000  727.71775  72.0%   375  370s
  1203   866  473.00876   87  224  423.00000  727.71775  72.0%   376  375s
  1221   878  455.64753   96  209  423.00000  727.71775  72.0%   377  380s
  1241   891  447.58420  106  204  423.00000  727.71775  72.0%   377  385s
  1265   906  445.70128  118  207  423.00000  727.71775  72.0%   378  390s
  1301   925     cutoff  136       423.00000  727.71775  72.0%   377  395s
  1346   919  452.58461  159  250  423.00000  727.71775  72.0%   374  400s
  1416   897  650.74476   13  269  423.00000  718.60624  69.9%   363  405s
  1417   898  714.41533   14  316  423.00000  718.60624  69.9%   363  418s
  1420   900  676.31401   15  280  423.00000  715.96710  69.3%   364  420s
  1432   908  659.97053   21  288  423.00000  715.96710  69.3%   366  425s
  1442   914  634.80218   26  276  423.00000  715.96710  69.3%   367  430s
  1456   924  619.91373   33  279  423.00000  715.96710  69.3%   370  435s
  1468   932  605.70211   39  274  423.00000  715.96710  69.3%   372  440s
  1480   940  551.84127   45  249  423.00000  715.96710  69.3%   374  445s
  1490   946  565.42022   50  262  423.00000  715.96710  69.3%   375  450s
  1504   956  568.50282   57  275  423.00000  715.96710  69.3%   377  455s
  1518   965  532.55886   64  253  423.00000  715.96710  69.3%   378  460s
  1533   975  590.96785   72  299  423.00000  715.96710  69.3%   380  465s
  1548   985  515.35828   79  237  423.00000  715.96710  69.3%   382  470s
  1562   994  540.41098   86  275  423.00000  715.96710  69.3%   383  475s
  1574  1002  515.53439   92  231  423.00000  715.96710  69.3%   385  488s
  1578  1005  506.89931   94  258  423.00000  715.96710  69.3%   385  490s
  1595  1016  553.58961  103  298  423.00000  715.96710  69.3%   386  495s
  1614  1029  482.43335  112  243  423.00000  715.96710  69.3%   388  500s
  1632  1041  498.10378  121  259  423.00000  715.96710  69.3%   389  505s
  1646  1050  475.50714  128  237  423.00000  715.96710  69.3%   389  510s
  1658  1058  461.30331  134  240  423.00000  715.96710  69.3%   390  515s
  1674  1069  450.38527  142  227  423.00000  715.96710  69.3%   391  520s
  1688  1078  462.03209  149  242  423.00000  715.96710  69.3%   391  525s
  1704  1087  457.56286  157  237  423.00000  715.96710  69.3%   392  530s
  1722  1094  456.39377  166  236  423.00000  715.96710  69.3%   393  535s
  1742  1098  431.34209  176  242  423.00000  715.96710  69.3%   393  540s
  1770  1094     cutoff  190       423.00000  715.96710  69.3%   392  545s
  1794  1086     cutoff  202       423.00000  715.96710  69.3%   390  550s
  1845  1068  424.07190  228  234  423.00000  715.96710  69.3%   383  555s
  1849  1069  609.96690   16  242  423.00000  715.94309  69.3%   384  563s
  1853  1071  608.70297   18  251  423.00000  715.94309  69.3%   384  565s
  1871  1083  573.18477   27  237  423.00000  715.94309  69.3%   385  570s
  1889  1095  561.10744   36  236  423.00000  715.94309  69.3%   386  575s
  1901  1103  561.95847   42  243  423.00000  715.94309  69.3%   386  580s
  1910  1109  590.97893   47  289  423.00000  715.94309  69.3%   387  585s
  1925  1119  547.55128   54  238  423.00000  715.94309  69.3%   388  590s
  1938  1128  567.18010   61  271  423.00000  715.94309  69.3%   388  595s
  1954  1139  555.83749   69  278  423.00000  715.94309  69.3%   388  600s
  1969  1149  504.90780   76  236  423.00000  715.94309  69.3%   389  605s
  1975  1153  486.10291   79  218  423.00000  715.94309  69.3%   389  635s
  1992  1164  529.20025   88  264  423.00000  715.94309  69.3%   389  640s
  2013  1178  472.96325   98  228  423.00000  715.94309  69.3%   390  645s
  2027  1187  447.30971  105  204  423.00000  715.94309  69.3%   390  650s
  2047  1201  443.84717  115  205  423.00000  715.94309  69.3%   390  655s
  2069  1214     cutoff  126       423.00000  715.94309  69.3%   391  660s
  2099  1227  432.87459  141  207  423.00000  715.94309  69.3%   390  665s
  2153  1230     cutoff  168       423.00000  715.94309  69.3%   385  670s
  2210  1233  677.10414   17  293  423.00000  705.81515  66.9%   378  675s
  2220  1243  626.84001   22  285  423.00000  705.81515  66.9%   379  680s
  2228  1251  631.04038   26  268  423.00000  705.81515  66.9%   380  685s
  2240  1263  617.68494   32  272  423.00000  705.81515  66.9%   381  690s
  2253  1276  648.69248   39  315  423.00000  705.81515  66.9%   382  695s
  2266  1289  595.50623   45  283  423.00000  705.81515  66.9%   383  700s
  2279  1302  624.63702   52  319  423.00000  705.81515  66.9%   384  705s
  2290  1313  551.32455   57  266  423.00000  705.81515  66.9%   385  710s
  2304  1327  543.38314   64  259  423.00000  705.81515  66.9%   387  715s
  2316  1339  558.29013   70  278  423.00000  705.81515  66.9%   387  720s
  2330  1353  537.11589   77  257  423.00000  705.81515  66.9%   389  725s
  2332  1355  549.63251   78  273  423.00000  705.81515  66.9%   389  733s
  2336  1359  538.18398   80  285  423.00000  705.81515  66.9%   389  735s
  2347  1370  577.10598   86  306  423.00000  705.81515  66.9%   390  740s
  2359  1382  570.72547   92  307  423.00000  705.81515  66.9%   390  745s
  2370  1393  520.94012   97  263  423.00000  705.81515  66.9%   391  751s
  2380  1403  509.16440  102  230  423.00000  705.81515  66.9%   392  755s
  2393  1416  552.85425  109  299  423.00000  705.81515  66.9%   392  760s
  2406  1429  483.57396  115  237  423.00000  705.81515  66.9%   393  765s
  2420  1443  469.69632  122  241  423.00000  705.81515  66.9%   394  770s
  2434  1457  474.95760  129  243  423.00000  705.81515  66.9%   395  775s
  2446  1469  444.06525  135  229  423.00000  705.81515  66.9%   395  780s
  2452  1475  481.72977  138  244  423.00000  705.81515  66.9%   396  794s
  2454  1477  462.27261  139  254  423.00000  705.81515  66.9%   396  795s
  2468  1491  461.78059  146  240  423.00000  705.81515  66.9%   396  800s
  2484  1507  457.58893  154  246  423.00000  705.81515  66.9%   397  805s
  2500  1521  454.16896  162  246  423.00000  705.81515  66.9%   397  810s
  2516  1536  439.59464  170  246  423.00000  705.81515  66.9%   398  815s
  2530  1546  430.46448  177  240  423.00000  705.81515  66.9%   398  820s
  2550  1552     cutoff  187       423.00000  705.81515  66.9%   398  825s
  2582  1554     cutoff  203       423.00000  705.81515  66.9%   396  830s
  2663  1555  638.96292   14  286  423.00000  705.71363  66.8%   389  835s
  2683  1575  598.60980   24  279  423.00000  705.71363  66.8%   390  840s
  2696  1588  651.16317   31  305  423.00000  705.71363  66.8%   391  845s
  2709  1601  576.28153   37  260  423.00000  705.71363  66.8%   392  850s
  2720  1612  624.13531   43  310  423.00000  705.71363  66.8%   393  855s
  2735  1627  571.34536   50  274  423.00000  705.71363  66.8%   394  860s
  2749  1641  553.98838   57  270  423.00000  705.71363  66.8%   395  871s
  2759  1651  542.60014   62  246  423.00000  705.71363  66.8%   395  875s
  2774  1666  583.91952   70  304  423.00000  705.71363  66.8%   396  880s
  2787  1679  505.74685   76  243  423.00000  705.71363  66.8%   397  885s
  2801  1693  509.98013   83  256  423.00000  705.71363  66.8%   398  890s
  2815  1707  513.71012   90  254  423.00000  705.71363  66.8%   399  895s
  2831  1723  510.06151   98  248  423.00000  705.71363  66.8%   399  900s
  2847  1739  478.02454  106  244  423.00000  705.71363  66.8%   400  905s
  2862  1754  532.77333  114  302  423.00000  705.71363  66.8%   400  910s
  2879  1771  481.07810  122  254  423.00000  705.71363  66.8%   401  915s
  2882  1774  518.78888  124  288  423.00000  705.71363  66.8%   401  930s
  2901  1793  465.99212  133  247  423.00000  705.71363  66.8%   402  935s
  2918  1810  497.56108  142  283  423.00000  705.71363  66.8%   402  940s
  2935  1827  458.18881  150  259  423.00000  705.71363  66.8%   403  945s
  2953  1843  438.43786  159  240  423.00000  705.71363  66.8%   403  950s
  2965  1853  435.65217  165  258  423.00000  705.71363  66.8%   403  955s
  2989  1858     cutoff  177       423.00000  705.71363  66.8%   403  960s
  3023  1862     cutoff  194       423.00000  705.71363  66.8%   402  965s
  3104  1861  626.45662   13  259  423.00000  704.90698  66.6%   395  970s
  3124  1881  533.62325   23  214  423.00000  704.90698  66.6%   395  975s
  3144  1901  492.29637   33  203  423.00000  704.90698  66.6%   395  980s
  3166  1923  497.57464   44  223  423.00000  704.90698  66.6%   395  986s
  3181  1938  531.26442   52  245  423.00000  704.90698  66.6%   395  990s
  3205  1962  513.89005   64  258  423.00000  704.90698  66.6%   395  995s
  3234  1991  451.15963   78  200  423.00000  704.90698  66.6%   396 1000s
  3272  2017     cutoff   97       423.00000  704.90698  66.6%   395 1005s
  3321  2022  455.03615  122  235  423.00000  704.90698  66.6%   393 1010s
  3399  2022  645.10842   17  275  423.00000  704.86267  66.6%   387 1015s
  3411  2034  615.19082   23  272  423.00000  704.86267  66.6%   388 1020s
  3426  2049  659.83188   31  313  423.00000  704.86267  66.6%   389 1025s
  3443  2066  563.31443   39  260  423.00000  704.86267  66.6%   390 1030s
  3459  2082  570.81753   47  263  423.00000  704.86267  66.6%   390 1035s
  3478  2101  613.32203   57  307  423.00000  704.86267  66.6%   391 1040s
  3497  2120  554.26927   66  251  423.00000  704.86267  66.6%   392 1045s
  3513  2136  533.46971   74  265  423.00000  704.86267  66.6%   393 1050s
  3524  2147  582.05992   80  292  423.00000  704.86267  66.6%   393 1055s
  3540  2163  573.71513   88  302  423.00000  704.86267  66.6%   394 1060s
  3553  2176  528.79290   94  268  423.00000  704.86267  66.6%   394 1065s
  3567  2190  519.81227  101  258  423.00000  704.86267  66.6%   395 1070s
  3580  2203  545.47293  108  295  423.00000  704.86267  66.6%   395 1075s
  3593  2216  483.88278  114  234  423.00000  704.86267  66.6%   395 1080s
  3607  2230  473.67886  121  259  423.00000  704.86267  66.6%   396 1085s
  3615  2238  465.53605  125  250  423.00000  704.86267  66.6%   396 1090s
  3623  2246  464.73071  129  236  423.00000  704.86267  66.6%   396 1096s
  3639  2262  468.06051  137  239  423.00000  704.86267  66.6%   397 1100s
  3661  2284  427.21988  148  216  423.00000  704.86267  66.6%   397 1105s
  3679  2300  450.99016  157  240  423.00000  704.86267  66.6%   398 1110s
  3695  2315  445.38078  165  231  423.00000  704.86267  66.6%   398 1115s
  3713  2325     cutoff  174       423.00000  704.86267  66.6%   398 1121s
  3729  2327     cutoff  182       423.00000  704.86267  66.6%   398 1125s
  3766  2330  436.78006  201  250  423.00000  704.86267  66.6%   396 1130s
  3821  2337  621.54100   25  273  423.00000  694.11580  64.1%   392 1135s
  3868  2384  541.26749   72  275  423.00000  694.11580  64.1%   389 1140s
  3924  2440  470.97940  128  251  423.00000  694.11580  64.1%   385 1145s
  3989  2491  676.65856   24  334  423.00000  694.00222  64.1%   380 1150s
  4010  2512  630.65305   44  327  423.00000  694.00222  64.1%   380 1155s
  4045  2547  579.46833   79  311  423.00000  694.00222  64.1%   378 1160s
  4062  2564  553.18794   96  310  423.00000  694.00222  64.1%   377 1185s
  4098  2600  511.88114  132  281  423.00000  694.00222  64.1%   375 1190s
  4216  2700  624.52560   22  288  423.00000  693.58140  64.0%   368 1195s
  4276  2760  490.40478   79  232  423.00000  693.58140  64.0%   365 1200s
  4363  2841     cutoff  161       423.00000  693.58140  64.0%   360 1205s
  4405  2871  615.45112   47  313  423.00000  693.46745  63.9%   358 1210s
  4456  2922  545.69916   98  285  423.00000  693.46745  63.9%   355 1215s
  4516  2982  464.63033  158  278  423.00000  693.46745  63.9%   353 1220s
  4528  2994  451.79129  170  261  423.00000  693.46745  63.9%   352 1226s
  4583  3038  611.33591   24  266  423.00000  689.51972  63.0%   349 1230s
  4656  3111  484.36263   96  246  423.00000  689.51972  63.0%   346 1235s
  4727  3172  586.89429   38  288  423.00000  689.25004  62.9%   343 1240s
  4803  3248  481.86369  114  257  423.00000  689.25004  62.9%   339 1245s
  4896  3330  648.39906   20  277  423.00000  689.06929  62.9%   335 1250s
  4928  3362  574.69607   51  278  423.00000  689.06929  62.9%   334 1255s
  4986  3420  483.95787  109  248  423.00000  689.06929  62.9%   331 1260s
  5078  3500  675.51186   25  330  423.00000  689.00200  62.9%   327 1265s
  5110  3532  621.90505   57  315  423.00000  689.00200  62.9%   326 1270s
  5154  3576  564.58893  101  300  423.00000  689.00200  62.9%   324 1275s
  5204  3626  505.05219  151  298  423.00000  689.00200  62.9%   323 1280s
  5315  3716  652.76479   22  290  423.00000  688.14448  62.7%   318 1285s
  5370  3761  628.73238   20  279  423.00000  686.75929  62.4%   317 1290s
  5409  3800  547.26838   59  270  423.00000  686.75929  62.4%   316 1295s
  5504  3895  440.52279  154  256  423.00000  686.75929  62.4%   312 1300s
  5535  3914  570.67988   27  252  423.00000  686.20665  62.2%   311 1305s
  5549  3928  558.30694   34  231  423.00000  686.20665  62.2%   312 1310s
  5559  3938  537.02732   39  242  423.00000  686.20665  62.2%   312 1315s
  5573  3952  546.88875   46  228  423.00000  686.20665  62.2%   313 1320s
  5583  3962  536.58656   51  243  423.00000  686.20665  62.2%   313 1325s
  5597  3976  520.59027   58  236  423.00000  686.20665  62.2%   314 1330s
  5613  3992  520.52627   66  232  423.00000  686.20665  62.2%   314 1335s
  5627  4006  503.97413   73  229  423.00000  686.20665  62.2%   315 1340s
  5641  4020  500.43042   80  215  423.00000  686.20665  62.2%   315 1345s
  5655  4034  497.07079   87  228  423.00000  686.20665  62.2%   315 1350s
  5671  4050  477.54481   95  232  423.00000  686.20665  62.2%   316 1356s
  5681  4060  469.92858  100  222  423.00000  686.20665  62.2%   316 1360s
  5699  4078  459.89072  109  232  423.00000  686.20665  62.2%   316 1365s
  5717  4095  454.67649  118  233  423.00000  686.20665  62.2%   317 1370s
  5743  4121  449.56827  131  224  423.00000  686.20665  62.2%   318 1375s
  5761  4139  438.01389  140  232  423.00000  686.20665  62.2%   318 1390s
  5781  4154  433.63878  150  230  423.00000  686.20665  62.2%   318 1395s
  5813  4158     cutoff  166       423.00000  686.20665  62.2%   318 1400s
  5859  4158     cutoff  189       423.00000  686.20665  62.2%   317 1405s
  5927  4174  607.27614   38  277  423.00000  684.17992  61.7%   315 1410s
  6000  4247  505.58382  111  264  423.00000  684.17992  61.7%   313 1415s
  6133  4356  644.51627   14  271  423.00000  684.02976  61.7%   308 1420s
  6203  4426  488.32050   83  257  423.00000  684.02976  61.7%   307 1425s
  6303  4506  583.57102   44  284  423.00000  682.84872  61.4%   304 1430s
  6433  4636  449.05968  174  249  423.00000  682.84872  61.4%   300 1435s
  6533  4703  433.44715   31  138  423.00000  681.25508  61.1%   298 1440s
  6660  4763  574.47330   39  273  423.00000  679.23257  60.6%   294 1445s
  6805  4899  439.52603  149  236  423.00000  678.97091  60.5%   291 1450s
  6912  4980  609.74379   37  288  423.00000  678.71995  60.5%   288 1456s
  6979  5047  514.42791  104  261  423.00000  678.71995  60.5%   287 1460s
  7114  5170  563.57907   55  256  423.00000  678.61617  60.4%   283 1465s
  7244  5288  659.80398   30  309  423.00000  677.44268  60.2%   280 1470s
  7312  5356  559.55085   98  295  423.00000  677.44268  60.2%   279 1475s
  7408  5452  455.37633  194  255  423.00000  677.44268  60.2%   277 1480s
  7514  5534  592.95910   53  281  423.00000  677.05649  60.1%   275 1485s
  7693  5701  617.08063   18  242  423.00000  676.48728  59.9%   271 1490s
  7729  5729  619.75752   25  291  423.00000  676.30227  59.9%   270 1504s
  7731  5731  534.54060   26  223  423.00000  676.30227  59.9%   271 1505s
  7757  5757  520.22348   39  220  423.00000  676.30227  59.9%   271 1510s
  7783  5783  518.80615   52  250  423.00000  676.30227  59.9%   272 1515s
  7811  5811  486.27231   66  237  423.00000  676.30227  59.9%   273 1520s
  7835  5835  496.78037   78  243  423.00000  676.30227  59.9%   273 1525s
  7864  5864  517.46858   93  269  423.00000  676.30227  59.9%   274 1530s
  7895  5895  440.95025  108  226  423.00000  676.30227  59.9%   275 1535s
  7925  5923  424.15401  123  219  423.00000  676.30227  59.9%   275 1540s
  7955  5938  431.48835  138  228  423.00000  676.30227  59.9%   276 1545s
  7997  5940     cutoff  159       423.00000  676.30227  59.9%   276 1550s
  8082  5952  672.23280   16  284  423.00000  675.91931  59.8%   274 1555s
  8126  5996  564.12676   60  279  423.00000  675.91931  59.8%   274 1560s
  8217  6087  460.72657  151  256  423.00000  675.91931  59.8%   272 1565s
  8318  6168     cutoff   60       423.00000  675.47898  59.7%   270 1570s
  8385  6213  646.09448   21  318  423.00000  675.38031  59.7%   269 1575s
  8428  6256  565.09371   64  299  423.00000  675.38031  59.7%   268 1580s
  8486  6314  495.37775  122  284  423.00000  675.38031  59.7%   268 1585s
  8553  6379  432.08557  188  250  423.00000  675.38031  59.7%   266 1590s
  8633  6427  613.97071   22  250  423.00000  674.07485  59.4%   265 1595s
  8731  6525  464.43451  120  228  423.00000  674.07485  59.4%   263 1600s
  8795  6577  634.27582   23  274  423.00000  673.79647  59.3%   262 1606s
  8875  6639  571.68636   43  263  423.00000  673.75005  59.3%   261 1610s
  8949  6713  472.01612  117  252  423.00000  673.75005  59.3%   259 1615s
  9021  6774  439.28775   41  165  423.00000  673.63850  59.3%   258 1620s
  9076  6821  523.69295   71  251  423.00000  673.42963  59.2%   258 1625s
  9162  6907  430.10044  157  240  423.00000  673.42963  59.2%   256 1630s
  9216  6949  522.36799   59  255  423.00000  673.25963  59.2%   256 1635s
  9288  6996  509.90034   26  177  423.00000  673.20623  59.2%   255 1640s
  9375  7062  453.13104   86  212  423.00000  672.41036  59.0%   254 1645s
  9446  7115  593.96171   56  301  423.00000  672.39598  59.0%   253 1650s
  9502  7171  514.48935  112  303  423.00000  672.39598  59.0%   252 1655s
  9546  7215  458.89260  156  281  423.00000  672.39598  59.0%   252 1660s
  9629  7287  552.85551   56  257  423.00000  672.31140  58.9%   251 1665s
  9727  7385  429.78319  154  247  423.00000  672.31140  58.9%   249 1670s
  9769  7409  534.24973   25  209  423.00000  671.75711  58.8%   249 1675s
  9802  7442  546.87198   42  237  423.00000  671.75711  58.8%   249 1680s
  9835  7475  472.69823   58  192  423.00000  671.75711  58.8%   250 1685s
  9869  7507     cutoff   75       423.00000  671.75711  58.8%   250 1691s
  9946  7520  440.06406  114  210  423.00000  671.75711  58.8%   250 1695s
 10019  7546  592.25463   47  274  423.00000  671.71142  58.8%   249 1700s
 10086  7613  505.02797  114  266  423.00000  671.71142  58.8%   248 1705s
 10189  7705  629.42735   19  262  423.00000  671.60041  58.8%   246 1710s

Explored 10202 nodes (2516297 simplex iterations) in 1800.19 seconds (807.53 work units)
Thread count was 1 (of 12 available processors)

Solution count 10: 423 412 401 ... 356

Time limit reached
Best objective 4.230000000000e+02, best bound 6.710000000000e+02, gap 58.6288%
