
Gurobi 12.0.2 (linux64, C++) logging started Thu Jun 19 08:00:19 2025

Set parameter LogFile to value "log/instances/scenario1/fully_correlated_sc1/300/kpfs_6.txt.log"

Gurobi 12.0.2 (linux64, C++) logging started Thu Jun 19 08:01:42 2025

Set parameter LogFile to value "log/instances/scenario1/fully_correlated_sc1/300/kpfs_6.txt.log"

Gurobi 12.0.2 (linux64, C++) logging started Thu Jun 19 08:02:53 2025

Set parameter LogFile to value "log/instances/scenario1/fully_correlated_sc1/300/kpfs_6.txt.log"

Gurobi 12.0.2 (linux64, C++) logging started Thu Jun 19 08:03:57 2025

Set parameter LogFile to value "log/instances/scenario1/fully_correlated_sc1/300/kpfs_6.txt.log"

Gurobi 12.0.2 (linux64, C++) logging started Thu Jun 19 15:37:21 2025

Set parameter WLSAccessID
Set parameter WLSSecret
Set parameter LicenseID to value 2679381
Set parameter LogFile to value "log/instances/scenario1/fully_correlated_sc1/300/kpfs_6.txt.log"
Academic license 2679381 - for non-commercial use only - registered to be___@poli.ufrj.br
Set parameter TimeLimit to value 1800
Set parameter Threads to value 1
Gurobi Optimizer version 12.0.2 build v12.0.2rc0 (linux64 - "Ubuntu 24.04.1 LTS")

CPU model: 13th Gen Intel(R) Core(TM) i7-1355U, instruction set [SSE2|AVX|AVX2]
Thread count: 6 physical cores, 12 logical processors, using up to 1 threads

Non-default parameters:
TimeLimit  1800
Threads  1

Academic license 2679381 - for non-commercial use only - registered to be___@poli.ufrj.br
Optimize a model with 1502 rows, 1800 columns and 9141 nonzeros
Model fingerprint: 0x6a438709
Variable types: 0 continuous, 1800 integer (300 binary)
Coefficient statistics:
  Matrix range     [1e+00, 3e+01]
  Objective range  [7e+00, 4e+01]
  Bounds range     [1e+00, 5e+00]
  RHS range        [1e+00, 5e+02]
Found heuristic solution: objective 570.0000000
Presolve removed 8 rows and 331 columns
Presolve time: 0.04s
Presolved: 1494 rows, 1469 columns, 8466 nonzeros
Variable types: 0 continuous, 1469 integer (300 binary)

Root relaxation: objective 9.009102e+02, 1094 iterations, 0.34 seconds (0.10 work units)

    Nodes    |    Current Node    |     Objective Bounds      |     Work
 Expl Unexpl |  Obj  Depth IntInf | Incumbent    BestBd   Gap | It/Node Time

     0     0  900.91015    0  201  570.00000  900.91015  58.1%     -    0s
H    0     0                     665.0000000  900.91015  35.5%     -    0s
H    0     0                     691.0000000  900.91015  30.4%     -    0s
H    0     0                     692.0000000  900.91015  30.2%     -    0s
     0     0  899.43668    0  199  692.00000  899.43668  30.0%     -    1s
H    0     0                     693.0000000  899.42250  29.8%     -    2s
     0     0  898.87644    0  198  693.00000  898.87644  29.7%     -    3s
     0     0  898.87195    0  200  693.00000  898.87195  29.7%     -    3s
     0     0  897.69881    0  202  693.00000  897.69881  29.5%     -    4s
     0     0  897.17574    0  199  693.00000  897.17574  29.5%     -    4s
     0     0  897.14014    0  201  693.00000  897.14014  29.5%     -    5s
     0     0  897.14014    0  201  693.00000  897.14014  29.5%     -    5s
     0     0  896.72658    0  201  693.00000  896.72658  29.4%     -    5s
     0     0  896.70437    0  202  693.00000  896.70437  29.4%     -    5s
     0     0  896.70437    0  202  693.00000  896.70437  29.4%     -    5s
     0     0  896.63165    0  200  693.00000  896.63165  29.4%     -    5s
     0     0  896.62077    0  203  693.00000  896.62077  29.4%     -    5s
     0     0  896.62077    0  202  693.00000  896.62077  29.4%     -    5s
     0     0  896.58143    0  204  693.00000  896.58143  29.4%     -    6s
     0     0  896.57692    0  204  693.00000  896.57692  29.4%     -    6s
     0     0  896.57373    0  204  693.00000  896.57373  29.4%     -    6s
     0     2  896.56062    0  204  693.00000  896.56062  29.4%     -    7s
    52    54  859.14416   45  166  693.00000  894.42187  29.1%   142   10s
H  138   138                     710.0000000  894.42187  26.0%   129   19s
   139   141  846.83050  120  160  710.00000  894.42187  26.0%   129   25s
H  203   203                     714.0000000  894.42187  25.3%   130   27s
H  203   201                     719.0000000  894.42187  24.4%   130   27s
H  203   201                     722.0000000  894.42187  23.9%   130   29s
   240   223  864.84335    3  168  722.00000  894.41687  23.9%   127   30s
   369   352  766.06597  115  117  722.00000  894.41687  23.9%   111   35s
H  534   472                     734.0000000  894.32269  21.8%  96.6   40s
   544   479  841.12260   97  202  734.00000  894.32269  21.8%  94.8   45s
   569   498  874.09455   26  175  734.00000  888.91183  21.1%   110   50s
   607   523  851.50689   45  151  734.00000  882.49204  20.2%   126   55s
   646   549  857.89564   65  175  734.00000  882.49204  20.2%   137   60s
   693   580  827.39786   88  146  734.00000  882.49204  20.2%   148   65s
   743   614  821.50097  113  141  734.00000  882.49204  20.2%   156   70s
H  802   626                     737.0000000  882.49204  19.7%   163   72s
H  802   603                     738.0000000  882.49204  19.6%   163   72s
H  802   582                     742.0000000  882.49204  18.9%   163   72s
H  802   561                     744.0000000  882.49204  18.6%   163   73s
   802   563  814.41209  143  142  744.00000  882.49204  18.6%   163   76s
   918   620  881.90387   23  181  744.00000  882.43519  18.6%   166   80s
   978   660  831.59917   53  141  744.00000  882.43519  18.6%   179   85s
H  979   639                     745.0000000  882.43519  18.4%   178   88s
   983   644  854.41857   56  169  745.00000  882.43519  18.4%   179   90s
   993   650  853.10825   61  164  745.00000  882.43519  18.4%   181  103s
  1008   660  838.58506   68  142  745.00000  882.43519  18.4%   184  105s
  1078   707  818.14015  103  127  745.00000  882.43519  18.4%   191  110s
  1220   793     cutoff  174       745.00000  882.43519  18.4%   193  115s
  1323   834  807.99322   61  113  745.00000  879.68141  18.1%   197  120s
  1421   900  780.11677  110   95  745.00000  879.68141  18.1%   199  125s
  1526   921  843.72480   29  145  745.00000  879.61417  18.1%   198  130s
  1582   958  817.50236   57  122  745.00000  879.61417  18.1%   203  135s
  1722  1074  773.14679  127   95  745.00000  879.61417  18.1%   208  140s
  1857  1161  823.98223   32  123  745.00000  876.35588  17.6%   207  145s
  1959  1263  791.61438   83  105  745.00000  876.35588  17.6%   209  150s
  2090  1348  844.49205   38  137  745.00000  876.30260  17.6%   207  155s
  2168  1426  812.25325   77  125  745.00000  876.30260  17.6%   211  160s
  2338  1584  760.94694  162  108  745.00000  876.30260  17.6%   211  165s
  2413  1624  807.93015   49  109  745.00000  876.29238  17.6%   210  170s
  2558  1738  863.75711   21  153  745.00000  876.28259  17.6%   207  175s
  2642  1822  803.17127   63  106  745.00000  876.28259  17.6%   210  180s
  2793  1941  757.19576  139  102  745.00000  876.28259  17.6%   208  185s
  3029  2139  825.64354   59  136  745.00000  875.12088  17.5%   198  190s
  3277  2365  780.31814  139  114  745.00000  875.01736  17.5%   190  195s
  3541  2590  803.78700   98  120  745.00000  874.65245  17.4%   183  200s
  3732  2757  750.81962  122  117  745.00000  874.62364  17.4%   178  205s
  3948  2941  831.55102   52  147  745.00000  874.59928  17.4%   174  210s
  4268  3218  845.23894   32  147  745.00000  874.34116  17.4%   166  215s
  4542  3462  769.99986  123  109  745.00000  874.07844  17.3%   166  220s
  4963  3808  752.58173   30   72  745.00000  873.79030  17.3%   159  225s
  5229  4024  789.11430   46   85  745.00000  872.44611  17.1%   155  230s
  5494  4259  820.07292   65  141  745.00000  872.39462  17.1%   151  235s
  5689  4432  804.28823   65  117  745.00000  872.07044  17.1%   148  240s
  5870  4597  793.72405   65  109  745.00000  871.04306  16.9%   149  245s
  6109  4777  778.28575   91  103  745.00000  871.03123  16.9%   148  250s
  6410  5017  799.60795   44   99  745.00000  869.89065  16.8%   145  255s
  6714  5283  835.44040   34  138  745.00000  869.29968  16.7%   141  260s
  7192  5684  801.38632  104  128  745.00000  868.72393  16.6%   137  265s
  7377  5848  798.64521   53  105  745.00000  868.30871  16.6%   137  270s
  7498  5962  759.82379  114  101  745.00000  868.30871  16.6%   138  275s
  7673  6106  799.47090   57  108  745.00000  868.16940  16.5%   136  280s
  7994  6399  760.99153  152  123  745.00000  867.91853  16.5%   133  285s
  8300  6642  783.77250   90  103  745.00000  867.67199  16.5%   131  290s
  8604  6898  844.52067   31  136  745.00000  866.97264  16.4%   129  295s
  8914  7170  808.93818   56  104  745.00000  866.78439  16.3%   127  300s
  9019  7264  798.24031   64  109  745.00000  866.64694  16.3%   128  305s
  9170  7375  850.26693   28  143  745.00000  866.00815  16.2%   129  310s
  9476  7636  844.62504   32  138  745.00000  865.68712  16.2%   127  321s
  9869  7977  794.79451   44   94  745.00000  865.33627  16.2%   125  325s
 10203  8262  834.94033   65  204  745.00000  864.95653  16.1%   123  419s
 10205  8263  848.07734   27  201  745.00000  864.95653  16.1%   123  421s
 10210  8267  797.77747   95  213  745.00000  864.95653  16.1%   123  425s
 10214  8269  844.49626   40  210  745.00000  864.95653  16.1%   123  432s
 10216  8271  787.73716  115  208  745.00000  864.95653  16.1%   123  436s
 10218  8272  813.45683   67  210  745.00000  864.95653  16.1%   123  441s
 10220  8273  847.00600   37  214  745.00000  864.95653  16.1%   123  446s
 10225  8277  820.38442   42  211  745.00000  864.95653  16.1%   123  451s
 10229  8279  795.77197   79  209  745.00000  864.95653  16.1%   123  456s
 10232  8281  767.12387  102  212  745.00000  864.95653  16.1%   123  460s
 10235  8283  830.15408   48  211  745.00000  864.95653  16.1%   123  465s
 10239  8286  773.43218  102  212  745.00000  864.95653  16.1%   123  472s
 10240  8287  832.63406   86  212  745.00000  864.95653  16.1%   123  476s
 10242  8288  782.29446  132  214  745.00000  864.95653  16.1%   123  480s
 10244  8289  848.58937   62  212  745.00000  864.95653  16.1%   123  490s
 10247  8291  779.94495  149  211  745.00000  864.95653  16.1%   123  496s
 10249  8293  813.94327   64  211  745.00000  864.95653  16.1%   123  500s
 10251  8294  786.16869  112  214  745.00000  864.95653  16.1%   123  505s
 10253  8295  750.23176   68  212  745.00000  864.95653  16.1%   123  510s
 10255  8297  765.26840   47  213  745.00000  864.95653  16.1%   123  515s
 10258  8299  795.86617   85  212  745.00000  864.95653  16.1%   123  521s
 10260  8300  779.33509  118  210  745.00000  864.95653  16.1%   123  526s
 10262  8301  803.38210   81  213  745.00000  864.95653  16.1%   122  530s
 10264  8303  780.05643  113  211  745.00000  864.95653  16.1%   122  535s
 10268  8305  766.73077   52  211  745.00000  864.95653  16.1%   122  540s
 10270  8307  770.60975   47  211  745.00000  864.95653  16.1%   122  545s
 10272  8308  812.58209   52  213  745.00000  864.95653  16.1%   122  550s
 10275  8310  779.70643   98  216  745.00000  864.95653  16.1%   122  557s
 10277  8311  779.20982  107  216  745.00000  864.95653  16.1%   122  584s
 10279  8315  864.95653   29  177  745.00000  864.95653  16.1%   123  585s
 10310  8335  864.95653   45  192  745.00000  864.95653  16.1%   124  590s
 10348  8361  858.60257   64  184  745.00000  864.95653  16.1%   124  595s
 10381  8383  833.46390   80  151  745.00000  864.95653  16.1%   125  600s
 10409  8401  820.63418   94  150  745.00000  864.95653  16.1%   126  605s
 10435  8419  808.79323  107  135  745.00000  864.95653  16.1%   126  611s
 10461  8436  815.53973  120  138  745.00000  864.95653  16.1%   127  615s
 10497  8460  796.56264  138  130  745.00000  864.95653  16.1%   127  620s
 10544  8491  796.26717  162  131  745.00000  864.95653  16.1%   127  625s
 10600  8528  771.78265  190  117  745.00000  864.95653  16.1%   128  630s
 10655  8541  850.82692   45  150  745.00000  864.95653  16.1%   128  635s
 10687  8563  833.20465   61  147  745.00000  864.95653  16.1%   128  640s
 10732  8593  829.59876   84  151  745.00000  864.95653  16.1%   129  645s
 10809  8644  778.42870  122  101  745.00000  864.95653  16.1%   129  650s
 10938  8710  816.11694   53  112  745.00000  864.95653  16.1%   130  655s
 11090  8783  852.99126   33  146  745.00000  864.95653  16.1%   130  660s
 11156  8827  826.54212   66  129  745.00000  864.95653  16.1%   131  665s
 11236  8881  780.29034  106  105  745.00000  864.95653  16.1%   131  670s
 11445  8991  803.06121   69  110  745.00000  864.95653  16.1%   132  675s
 11582  9059  854.98175   34  146  745.00000  864.95653  16.1%   132  680s
 11654  9107  828.31300   70  131  745.00000  864.95653  16.1%   133  685s
 11805  9208  768.64330  146   96  745.00000  864.95653  16.1%   133  697s
 11877  9224  821.48298   47  126  745.00000  864.95653  16.1%   133  700s
 12001  9307  769.53009  109   77  745.00000  864.95653  16.1%   134  705s
 12146  9374  809.41616   79  111  745.00000  864.95653  16.1%   134  710s
 12274  9440     cutoff  141       745.00000  864.95653  16.1%   134  715s
 12489  9566  813.11871   70  129  745.00000  864.95653  16.1%   134  720s
 12733  9703  748.51460  130   70  745.00000  864.95653  16.1%   133  725s
 12946  9819  838.83826   52  146  745.00000  864.95653  16.1%   133  730s
 13230  9972  838.15389   58  143  745.00000  864.95653  16.1%   132  735s
 13386 10059  831.35110   62  147  745.00000  864.95653  16.1%   132  740s
 13721 10234  757.20028  154  100  745.00000  864.95653  16.1%   130  745s
 13842 10306  784.94848   89  115  745.00000  864.94410  16.1%   131  754s
 13879 10331  748.87197  107   79  745.00000  864.94410  16.1%   131  755s
 14263 10514  850.65546   53  170  745.00000  864.21426  16.0%   129  760s
 14512 10623  833.15470   44  126  745.00000  863.48485  15.9%   129  765s
 14707 10717  806.81664   51  110  745.00000  862.98548  15.8%   128  770s
 14902 10827  807.83712   78  127  745.00000  862.80106  15.8%   127  775s
 15073 10927  763.65292  127   94  745.00000  862.71173  15.8%   127  780s
 15296 11031  811.17886   60  119  745.00000  862.63854  15.8%   126  785s
 15396 11089  805.32244   72  117  745.00000  862.49821  15.8%   126  790s
 15586 11153  830.05244   51  139  745.00000  862.26824  15.7%   126  795s
 15839 11288  822.29396   71  138  745.00000  861.77779  15.7%   125  800s
 16125 11434  767.08031   69   81  745.00000  861.67496  15.7%   124  805s
 16396 11577  836.66977   51  142  745.00000  861.14409  15.6%   124  810s
 16538 11631  747.62256   79   60  745.00000  861.13053  15.6%   123  815s
 16775 11752  827.31110   53  140  745.00000  860.68264  15.5%   123  820s
 16894 11822  785.70072   84   99  745.00000  860.50018  15.5%   123  825s
 17125 11932  822.36262   70  132  745.00000  860.37513  15.5%   122  830s
 17410 12083  839.66026   52  141  745.00000  860.23152  15.5%   122  835s
 17634 12216  751.55556  104   71  745.00000  860.00931  15.4%   121  840s
 18020 12415  764.19243  103   95  745.00000  859.79632  15.4%   120  845s
 18222 12524  757.48634   72   77  745.00000  859.34865  15.3%   120  850s
 18318 12578  789.18206   93  112  745.00000  859.32410  15.3%   120  857s
 18446 12631  794.60860   75  119  745.00000  859.31655  15.3%   120  860s
 18724 12766  834.56731   51  135  745.00000  858.82502  15.3%   119  865s
 19009 12909  822.17889   68  130  745.00000  858.31050  15.2%   119  870s
 19297 13050  827.80013   66  134  745.00000  858.04156  15.2%   118  875s
 19572 13197  825.91658   60  136  745.00000  858.00436  15.2%   117  880s
 19707 13269  818.56382   54  118  745.00000  857.65985  15.1%   117  885s
 19866 13357  791.02799   94  111  745.00000  857.65549  15.1%   117  890s
 20089 13473  794.39683  110  127  745.00000  857.49027  15.1%   117  895s
 20376 13626  789.36376   68  106  745.00000  857.25903  15.1%   116  900s
 20724 13798  767.90170  102  102  745.00000  856.72518  15.0%   116  905s
 21049 13966  841.02651   53  143  745.00000  856.55484  15.0%   115  910s
 21214 14040  841.22956   34  135  745.00000  856.53677  15.0%   115  915s
 21387 14113  839.16534   56  144  745.00000  856.31932  14.9%   115  920s
 21657 14261  797.88892   72  100  745.00000  856.20687  14.9%   114  925s
 21959 14418  833.34553   32  144  745.00000  856.09537  14.9%   114  930s
 22210 14537  782.12390   56   83  745.00000  855.89088  14.9%   113  935s
 22484 14664  786.91295  110  125  745.00000  855.70970  14.9%   113  940s
 22765 14792  839.75733   36  131  745.00000  855.55406  14.8%   112  945s
 23103 14975  757.91332  151   87  745.00000  855.38761  14.8%   112  951s
 23370 15093  806.19933   56  111  745.00000  855.18011  14.8%   111  955s
 23645 15231  815.10617   55  118  745.00000  854.91950  14.8%   111  960s
 23835 15338  811.95522   70  118  745.00000  854.80496  14.7%   111  965s
 24093 15461     cutoff  108       745.00000  854.65530  14.7%   111  970s
 24365 15595  833.12961   49  142  745.00000  854.47935  14.7%   111  975s
 24782 15815  757.04691   55   83  745.00000  854.35128  14.7%   110  980s
 24943 15884  796.15724   64  101  745.00000  854.34291  14.7%   110  985s
 25133 15976  833.57014   54  126  745.00000  854.28035  14.7%   110  990s
 25414 16126  801.86801   78  111  745.00000  854.06951  14.6%   109  995s
 25681 16247     cutoff   75       745.00000  853.86112  14.6%   109 1000s
 25947 16386  789.39633   82  104  745.00000  853.79666  14.6%   109 1005s
 26174 16507  792.31480   80  109  745.00000  853.69477  14.6%   109 1010s
 26379 16605  762.05032  114   96  745.00000  853.65590  14.6%   109 1015s
 26608 16705  841.26319   55  142  745.00000  853.57390  14.6%   108 1020s
 27054 16942  819.81790   67  140  745.00000  853.48143  14.6%   108 1025s
 27467 17148  761.84948  110   84  745.00000  853.33764  14.5%   107 1030s
 27780 17281  836.55358   53  132  745.00000  853.13419  14.5%   107 1035s
 28075 17424  808.69890   64  113  745.00000  852.94002  14.5%   107 1040s
 28349 17548  842.99150   49  150  745.00000  852.83467  14.5%   106 1045s
 28576 17672  801.06448   64  112  745.00000  852.80590  14.5%   106 1050s
 28668 17733  748.68011  110   75  745.00000  852.80590  14.5%   106 1055s
 28952 17871  764.14595   93   88  745.00000  852.68770  14.5%   106 1060s
 29201 17984  776.53552   82  104  745.00000  852.61570  14.4%   106 1065s
 29492 18114  785.43069   81  107  745.00000  852.42033  14.4%   105 1070s
 29775 18237  823.86607   53  140  745.00000  852.33501  14.4%   105 1075s
 30051 18374  789.07644   79  108  745.00000  852.29107  14.4%   105 1080s
 30348 18525  837.29618   44  144  745.00000  852.22892  14.4%   104 1085s
 30525 18617  813.45940   57  121  745.00000  852.17412  14.4%   104 1090s
 30826 18732  808.96066   50  111  745.00000  852.10678  14.4%   104 1095s
 31340 18970  781.88885   69   87  745.00000  851.81567  14.3%   103 1100s
 31726 19174  794.41192   67  114  745.00000  851.62685  14.3%   103 1105s
 32040 19311  810.46715   74  128  745.00000  851.43083  14.3%   103 1110s
 32189 19400  773.19014  100   96  745.00000  851.41176  14.3%   103 1115s
 32438 19516  800.75086   72  112  745.00000  851.37907  14.3%   103 1121s
 32641 19625  787.46816   75  107  745.00000  851.30596  14.3%   102 1125s
 32923 19759  834.79739   49  126  745.00000  851.24133  14.3%   102 1130s
 33233 19905     cutoff  123       745.00000  851.17064  14.3%   102 1135s
 33424 20002  796.92152   61  100  745.00000  851.09207  14.2%   102 1140s
 33645 20103  779.20264   80   90  745.00000  851.05553  14.2%   102 1145s
 34011 20238  791.35950   66  108  745.00000  850.89208  14.2%   102 1150s
 34271 20365  834.11607   44  124  745.00000  850.79735  14.2%   101 1155s
 34475 20475  791.86617   70   91  745.00000  850.72673  14.2%   101 1160s
 34607 20540  779.20468   96   92  745.00000  850.71935  14.2%   101 1165s
 34844 20645  835.04879   56  143  745.00000  850.63388  14.2%   101 1170s
 35085 20769  757.59813  107   77  745.00000  850.60812  14.2%   101 1175s
 35412 20967  830.06619   39  127  745.00000  850.45446  14.2%   101 1180s
 35685 21174     cutoff   97       745.00000  850.41123  14.1%   100 1185s
 35753 21236  786.66413   81   99  745.00000  850.40471  14.1%   101 1190s
 35947 21382  820.93807   44  113  745.00000  850.39807  14.1%   101 1195s
 36191 21593  819.20502   54  134  745.00000  850.32466  14.1%   100 1200s
 36428 21777  810.99096   65  115  745.00000  850.20768  14.1%   100 1205s
 36615 21932  776.50879  111  113  745.00000  850.16364  14.1%   100 1210s
 36823 22095  807.14843   58  118  745.00000  850.03256  14.1%   100 1215s
 37017 22255  807.48675   50  103  745.00000  850.01095  14.1%   100 1220s
 37081 22319  773.17462   82   90  745.00000  850.01095  14.1%   100 1225s
 37361 22543  813.08295   60  118  745.00000  849.96625  14.1%   100 1230s
 37363 22545  792.85663   62   92  745.00000  849.96625  14.1%   100 1238s
 37457 22627  759.97643  108   86  745.00000  849.95010  14.1%   100 1240s
 37656 22784  828.90564   37  119  745.00000  849.91646  14.1%   100 1245s
 37889 22986  810.58906   71  119  745.00000  849.88021  14.1%  99.4 1250s
 38109 23158  765.14536  105   99  745.00000  849.87627  14.1%  99.2 1255s
 38257 23257  827.31851   44  126  745.00000  849.82664  14.1%  99.1 1260s
 38424 23394  830.46413   47  131  745.00000  849.78123  14.1%  99.2 1265s
 38739 23675  774.06318   94   90  745.00000  849.68369  14.1%  98.9 1270s
 39014 23876  817.25110   39  107  745.00000  849.60250  14.0%  98.8 1275s
 39268 24099  749.51774  105   83  745.00000  849.55569  14.0%  98.6 1280s
 39544 24316  781.88639   87  100  745.00000  849.36415  14.0%  98.4 1285s
 39760 24492  829.93305   54  140  745.00000  849.31878  14.0%  98.3 1290s
 40059 24737  818.15646   54  118  745.00000  849.26455  14.0%  98.1 1295s
 40537 25107  828.90041   58  131  745.00000  849.13007  14.0%  97.8 1300s
 40897 25399     cutoff  118       745.00000  849.06075  14.0%  97.6 1305s
 41187 25634  847.24048   38  145  745.00000  848.94734  14.0%  97.4 1310s
 41470 25872  828.05096   45  128  745.00000  848.93221  14.0%  97.2 1315s
 41614 25992  787.67867   82  102  745.00000  848.92754  14.0%  97.3 1320s
 41801 26131  757.15519   45   77  745.00000  848.86524  13.9%  97.2 1325s
 42114 26373  787.84420   78  101  745.00000  848.71431  13.9%  97.0 1330s
 42451 26641  830.48967   46  128  745.00000  848.60715  13.9%  96.8 1335s
 42639 26809  760.48284   87   85  745.00000  848.56161  13.9%  96.9 1340s
 42918 27019  829.49278   41  125  745.00000  848.50495  13.9%  96.7 1345s
 43161 27222  767.06432   76   75  745.00000  848.37755  13.9%  96.7 1350s
 43459 27429  815.51867   65  127  745.00000  848.32364  13.9%  96.5 1355s
 43707 27641  800.63069   71  109  745.00000  848.29210  13.9%  96.3 1360s
 43856 27777  761.33500   99   87  745.00000  848.27214  13.9%  96.4 1365s
 44160 28015  749.23528  104   87  745.00000  848.23792  13.9%  96.2 1370s
 44473 28239  819.79792   69  140  745.00000  848.16388  13.8%  96.1 1375s
 44822 28508  766.42788   42   72  745.00000  848.11359  13.8%  95.9 1380s
 45100 28719  798.98847   72  121  745.00000  848.09393  13.8%  95.7 1385s
 45387 28960  804.45075   48   95  745.00000  848.05879  13.8%  95.5 1390s
 45636 29144  827.82791   54  125  745.00000  848.01064  13.8%  95.4 1395s
 45988 29448  784.85300   67   92  745.00000  847.94477  13.8%  95.4 1400s
 46465 29836  775.68361   47   72  745.00000  847.86418  13.8%  95.2 1405s
 47097 30350  755.68831   84   77  745.00000  847.70983  13.8%  94.8 1410s
 47613 30765  823.17862   58  136  745.00000  847.53857  13.8%  94.6 1415s
 47977 31068  819.63899   54  117  745.00000  847.49756  13.8%  94.3 1420s
 48253 31286  794.84303   47  100  745.00000  847.44413  13.8%  94.3 1425s
 48504 31502  789.05494   84  110  745.00000  847.40577  13.7%  94.2 1430s
 48811 31758  811.94020   60  123  745.00000  847.35780  13.7%  94.1 1435s
 49016 31889  774.15217   92   96  745.00000  847.34359  13.7%  94.1 1440s
 49333 32153  779.41261  114  110  745.00000  847.24325  13.7%  93.9 1445s
 49517 32299  787.08399   61   94  745.00000  847.22514  13.7%  93.9 1450s
 49806 32520  821.67997   57  123  745.00000  847.18916  13.7%  93.9 1455s
 50077 32755  755.82121   86   84  745.00000  847.12319  13.7%  93.7 1460s
 50384 33010  769.13208   52   70  745.00000  847.05955  13.7%  93.5 1465s
 50675 33241  838.57233   57  153  745.00000  847.00888  13.7%  93.5 1470s
 50999 33519  828.83824   53  145  745.00000  846.94859  13.7%  93.3 1475s
 51324 33779  768.72387   99   97  745.00000  846.90560  13.7%  93.2 1480s
 51728 34096  787.08682   57  105  745.00000  846.81151  13.7%  93.1 1485s
 51942 34269  770.47609   59   72  745.00000  846.79818  13.7%  93.3 1490s
 52237 34505  754.37884  102   89  745.00000  846.71835  13.7%  93.2 1495s
 52474 34683  811.50804   55  111  745.00000  846.69029  13.6%  93.1 1500s
 52788 34933  803.65714   44  102  745.00000  846.62224  13.6%  92.9 1505s
 53056 35158  747.69452  120   80  745.00000  846.60539  13.6%  92.8 1510s
 53328 35353  821.39275   83  140  745.00000  846.56631  13.6%  92.6 1515s
 53575 35564  828.51388   61  133  745.00000  846.51385  13.6%  92.5 1520s
 53788 35737  761.27648   67   76  745.00000  846.48591  13.6%  92.4 1525s
 54025 35922  818.65975   50  113  745.00000  846.44542  13.6%  92.3 1530s
 54167 36031  809.42198   52  103  745.00000  846.44151  13.6%  92.4 1535s
 54423 36231  828.34863   65  130  745.00000  846.41795  13.6%  92.3 1540s
 54656 36416  830.94867   60  139  745.00000  846.38017  13.6%  92.3 1545s
 54909 36627  763.02644  100   80  745.00000  846.33458  13.6%  92.2 1550s
 55142 36808  795.22551   77  114  745.00000  846.28834  13.6%  92.1 1555s
 55338 36963  829.12826   43  124  745.00000  846.21259  13.6%  92.0 1560s
 55579 37175  784.45306   89   99  745.00000  846.17065  13.6%  91.8 1565s
 55833 37369  747.00607   48   76  745.00000  846.12895  13.6%  91.7 1570s
 56106 37575  799.28721   60   95  745.00000  846.06152  13.6%  91.6 1575s
 56358 37770  830.50669   39  113  745.00000  846.02065  13.6%  91.7 1580s
 56563 37929  822.22693   50  120  745.00000  845.97404  13.6%  91.7 1585s
 56816 38153  792.06824   98  113  745.00000  845.94596  13.5%  91.5 1590s
 57026 38323  814.51214   61  121  745.00000  845.94018  13.5%  91.4 1595s
 57481 38683  764.04293   92   72  745.00000  845.83593  13.5%  91.4 1600s
 57833 38954  750.61271   78   68  745.00000  845.76170  13.5%  91.3 1605s
 58136 39201  775.62563  102  105  745.00000  845.68484  13.5%  91.2 1610s
 58467 39465  792.08193   93  106  745.00000  845.59119  13.5%  91.0 1615s
 58672 39626  809.28881   58  112  745.00000  845.57601  13.5%  91.1 1620s
 58994 39896  750.77909   96   68  745.00000  845.51414  13.5%  91.0 1626s
 59215 40062  825.96634   76  127  745.00000  845.43976  13.5%  90.9 1630s
 59548 40343  780.42556   53   90  745.00000  845.41080  13.5%  90.8 1635s
 59857 40567  771.68974  116  101  745.00000  845.35519  13.5%  90.7 1640s
 60187 40837  781.98781  102  105  745.00000  845.30286  13.5%  90.5 1645s
 60484 41060  792.04745   68  109  745.00000  845.22594  13.5%  90.4 1650s
 60643 41208  767.41111   97   89  745.00000  845.22505  13.5%  90.6 1655s
 60871 41381  795.02706   88  114  745.00000  845.16000  13.4%  90.5 1660s
 61167 41620  762.59076   73   86  745.00000  845.10504  13.4%  90.4 1665s
 61667 42027  819.68747   41  117  745.00000  845.05919  13.4%  90.2 1670s
 61937 42245  757.13871   91   89  745.00000  845.03955  13.4%  90.2 1675s
 62198 42437  793.30823   81  110  745.00000  844.97764  13.4%  90.1 1680s
 62507 42666  838.48771   57  139  745.00000  844.92711  13.4%  90.0 1685s
 62836 42945  819.51176   44  119  745.00000  844.84445  13.4%  89.9 1690s
 63058 43129  830.38918   57  127  745.00000  844.81543  13.4%  89.8 1695s
 63350 43347  820.08239   50  125  745.00000  844.73455  13.4%  89.7 1700s
 63854 43731  804.92640   45  100  745.00000  844.68605  13.4%  89.5 1705s
 64082 43932  755.99972   65   74  745.00000  844.67674  13.4%  89.5 1710s
 64407 44195  794.35584   69  119  745.00000  844.61167  13.4%  89.4 1715s
 64662 44393  821.07074   56  129  745.00000  844.55117  13.4%  89.3 1720s
 64889 44563  774.86890   94  104  745.00000  844.52640  13.4%  89.3 1725s
 65115 44726  808.43341   76  133  745.00000  844.49180  13.4%  89.2 1730s
 65367 44934  769.47352  100   91  745.00000  844.46046  13.4%  89.1 1735s
 65603 45110  766.59612   91   91  745.00000  844.42689  13.3%  89.0 1740s
 65740 45217  822.35672   54  126  745.00000  844.42296  13.3%  89.0 1745s
 65955 45393  800.36868   54  104  745.00000  844.39719  13.3%  88.9 1750s
 66143 45556  771.12713   66   85  745.00000  844.38189  13.3%  88.9 1755s
 66454 45763  824.02194   36  111  745.00000  844.33950  13.3%  88.9 1760s
 66872 46096  832.16899   51  141  745.00000  844.20409  13.3%  88.7 1765s
 67132 46302  824.35854   49  122  745.00000  844.17892  13.3%  88.6 1770s
 67268 46418     cutoff   93       745.00000  844.16631  13.3%  88.7 1775s
 67546 46627  825.24027   55  125  745.00000  844.09004  13.3%  88.6 1780s
 67752 46772  759.41071   58   66  745.00000  844.07496  13.3%  88.6 1785s
 67836 46834  776.79320   98  108  745.00000  844.07297  13.3%  88.6 1800s

Cutting planes:
  MIR: 29
  Flow cover: 153
  Zero half: 27

Explored 67837 nodes (6009908 simplex iterations) in 1800.03 seconds (686.00 work units)
Thread count was 1 (of 12 available processors)

Solution count 10: 745 744 742 ... 710

Time limit reached
Best objective 7.450000000000e+02, best bound 8.440000000000e+02, gap 13.2886%
