
Gurobi 12.0.2 (linux64, C++) logging started Thu Jun 19 08:00:19 2025

Set parameter LogFile to value "log/instances/scenario1/fully_correlated_sc1/300/kpfs_2.txt.log"

Gurobi 12.0.2 (linux64, C++) logging started Thu Jun 19 08:01:42 2025

Set parameter LogFile to value "log/instances/scenario1/fully_correlated_sc1/300/kpfs_2.txt.log"

Gurobi 12.0.2 (linux64, C++) logging started Thu Jun 19 08:02:53 2025

Set parameter LogFile to value "log/instances/scenario1/fully_correlated_sc1/300/kpfs_2.txt.log"

Gurobi 12.0.2 (linux64, C++) logging started Thu Jun 19 08:03:57 2025

Set parameter LogFile to value "log/instances/scenario1/fully_correlated_sc1/300/kpfs_2.txt.log"

Gurobi 12.0.2 (linux64, C++) logging started Thu Jun 19 13:37:20 2025

Set parameter WLSAccessID
Set parameter WLSSecret
Set parameter LicenseID to value 2679381
Set parameter LogFile to value "log/instances/scenario1/fully_correlated_sc1/300/kpfs_2.txt.log"
Academic license 2679381 - for non-commercial use only - registered to be___@poli.ufrj.br
Set parameter TimeLimit to value 1800
Set parameter Threads to value 1
Gurobi Optimizer version 12.0.2 build v12.0.2rc0 (linux64 - "Ubuntu 24.04.1 LTS")

CPU model: 13th Gen Intel(R) Core(TM) i7-1355U, instruction set [SSE2|AVX|AVX2]
Thread count: 6 physical cores, 12 logical processors, using up to 1 threads

Non-default parameters:
TimeLimit  1800
Threads  1

Academic license 2679381 - for non-commercial use only - registered to be___@poli.ufrj.br
Optimize a model with 1502 rows, 1800 columns and 9233 nonzeros
Model fingerprint: 0x41e91339
Variable types: 0 continuous, 1800 integer (300 binary)
Coefficient statistics:
  Matrix range     [1e+00, 3e+01]
  Objective range  [7e+00, 4e+01]
  Bounds range     [1e+00, 5e+00]
  RHS range        [1e+00, 5e+02]
Found heuristic solution: objective 474.0000000
Presolve removed 0 rows and 302 columns
Presolve time: 0.04s
Presolved: 1502 rows, 1498 columns, 8629 nonzeros
Variable types: 0 continuous, 1498 integer (300 binary)

Root relaxation: objective 9.220116e+02, 1051 iterations, 0.25 seconds (0.10 work units)

    Nodes    |    Current Node    |     Objective Bounds      |     Work
 Expl Unexpl |  Obj  Depth IntInf | Incumbent    BestBd   Gap | It/Node Time

     0     0  922.01158    0  207  474.00000  922.01158  94.5%     -    0s
H    0     0                     485.0000000  922.01158  90.1%     -    0s
H    0     0                     487.0000000  922.01158  89.3%     -    0s
H    0     0                     534.0000000  922.01158  72.7%     -    0s
H    0     0                     540.0000000  922.01158  70.7%     -    0s
H    0     0                     543.0000000  922.01158  69.8%     -    0s
H    0     0                     547.0000000  922.01158  68.6%     -    0s
H    0     0                     588.0000000  922.01158  56.8%     -    0s
H    0     0                     589.0000000  922.01158  56.5%     -    0s
H    0     0                     597.0000000  922.01158  54.4%     -    0s
H    0     0                     617.0000000  922.01158  49.4%     -    0s
H    0     0                     635.0000000  922.01158  45.2%     -    0s
H    0     0                     650.0000000  922.01158  41.8%     -    0s
H    0     0                     664.0000000  922.01158  38.9%     -    0s
H    0     0                     672.0000000  922.01158  37.2%     -    0s
H    0     0                     680.0000000  922.01158  35.6%     -    0s
H    0     0                     692.0000000  922.01158  33.2%     -    0s
H    0     0                     694.0000000  922.01158  32.9%     -    0s
     0     0  921.12892    0  208  694.00000  921.12892  32.7%     -    1s
H    0     0                     695.0000000  921.11055  32.5%     -    1s
     0     0  920.37107    0  209  695.00000  920.37107  32.4%     -    2s
     0     0  920.36722    0  207  695.00000  920.36722  32.4%     -    2s
     0     0  920.36722    0  206  695.00000  920.36722  32.4%     -    2s
     0     0  919.78806    0  206  695.00000  919.78806  32.3%     -    2s
     0     0  919.60724    0  210  695.00000  919.60724  32.3%     -    2s
     0     0  919.53125    0  209  695.00000  919.53125  32.3%     -    3s
     0     0  919.53125    0  208  695.00000  919.53125  32.3%     -    3s
     0     0  919.53125    0  207  695.00000  919.53125  32.3%     -    3s
     0     0  919.53125    0  208  695.00000  919.53125  32.3%     -    3s
     0     0  919.52513    0  212  695.00000  919.52513  32.3%     -    3s
     0     0  919.50992    0  208  695.00000  919.50992  32.3%     -    3s
     0     0  919.50992    0  209  695.00000  919.50992  32.3%     -    3s
     0     0  919.50968    0  209  695.00000  919.50968  32.3%     -    3s
     0     0  919.50872    0  209  695.00000  919.50872  32.3%     -    4s
     0     0  919.46659    0  212  695.00000  919.46659  32.3%     -    4s
     0     0  919.46422    0  212  695.00000  919.46422  32.3%     -    4s
     0     0  919.44863    0  209  695.00000  919.44863  32.3%     -    4s
     0     0  919.44556    0  211  695.00000  919.44556  32.3%     -    4s
     0     2  919.43604    0  211  695.00000  919.43604  32.3%     -    5s
H   27    27                     705.0000000  919.08498  30.4%   139    7s
H   27    27                     710.0000000  919.08498  29.4%   139    8s
H   27    27                     713.0000000  919.08498  28.9%   139    8s
H   27    27                     715.0000000  919.08498  28.5%   139    9s
H   27    27                     725.0000000  919.08498  26.8%   139   11s
    75    77  874.22650   66  162  725.00000  919.08498  26.8%   125   15s
    78    80  896.82053   69  181  725.00000  919.08498  26.8%   123   24s
    80    82  896.45928   71  182  725.00000  919.08498  26.8%   121   25s
   198   200  782.95425  163  132  725.00000  919.08498  26.8%   134   30s
   377   362  784.90251  101  111  725.00000  918.71814  26.7%   114   35s
   532   498  904.49063   43  211  725.00000  917.41985  26.5%   102   41s
   535   500  877.98664   19  208  725.00000  917.41985  26.5%   102   45s
   543   505  895.08881   11  206  725.00000  917.41985  26.5%   100   50s
   555   515  891.38342   15  177  725.00000  917.37990  26.5%   110   55s
   595   542  868.15069   35  170  725.00000  906.83188  25.1%   129   60s
   629   565  851.65298   52  155  725.00000  906.83188  25.1%   143   65s
   681   599  842.09215   78  138  725.00000  906.83188  25.1%   155   70s
   789   671  800.12776  132  118  725.00000  906.83188  25.1%   173   75s
   917   746  735.50193  196  109  725.00000  906.83188  25.1%   176   80s
   991   771  838.84193   39  138  725.00000  906.76813  25.1%   181   85s
   995   774  854.81536   41  147  725.00000  906.76813  25.1%   182   90s
  1085   834  816.77640   86  124  725.00000  906.76813  25.1%   193   95s
  1265   947     cutoff  176       725.00000  906.76813  25.1%   194  100s
  1460  1053  755.16483  102   79  725.00000  903.68411  24.6%   194  105s
  1596  1088  827.80814   45  136  725.00000  903.67025  24.6%   195  110s
  1704  1160  805.29865   99  115  725.00000  903.67025  24.6%   202  115s
  1796  1222  764.48533  145  116  725.00000  903.67025  24.6%   203  120s
  1935  1273  824.38952   48  124  725.00000  902.70442  24.5%   205  125s
  1975  1300  809.34399   68  113  725.00000  902.70442  24.5%   206  132s
  2045  1347  779.26593  103   95  725.00000  902.70442  24.5%   207  135s
  2199  1437  880.28099   24  164  725.00000  902.70114  24.5%   203  140s
  2351  1589  793.11882  100  103  725.00000  902.70114  24.5%   207  145s
  2518  1679  850.59481   31  138  725.00000  900.81106  24.2%   203  150s
  2576  1737  813.03719   60  127  725.00000  900.81106  24.2%   206  155s
  2785  1897  897.46004   24  184  725.00000  900.80920  24.2%   203  160s
  2850  1962  830.96564   56  136  725.00000  900.80920  24.2%   207  165s
  2936  2048  807.23621   99  116  725.00000  900.80920  24.2%   210  170s
  3064  2176  731.70659  163   94  725.00000  900.80920  24.2%   210  175s
  3289  2350     cutoff  158       725.00000  896.97797  23.7%   203  180s
  3435  2475  886.94792   32  173  725.00000  894.19404  23.3%   199  198s
  3462  2502  860.14880   56  167  725.00000  894.19404  23.3%   199  200s
  3673  2683  833.02448   87  142  725.00000  894.09347  23.3%   194  205s
  3880  2859  764.58923   97  118  725.00000  893.95939  23.3%   190  210s
  4234  3182  771.79604  130  109  725.00000  893.62636  23.3%   182  215s
  4451  3357  865.02141   36  144  725.00000  893.17412  23.2%   178  220s
  4648  3537  831.99092   55  121  725.00000  892.80736  23.1%   175  225s
  4770  3659  761.57501  116  115  725.00000  892.80736  23.1%   176  230s
  4951  3801  795.95745   41  106  725.00000  891.76733  23.0%   173  235s
  5140  3970  848.88363   29  130  725.00000  891.61214  23.0%   171  240s
  5409  4214  741.97034  105   84  725.00000  891.37100  22.9%   166  245s
  5581  4337  812.23111   39  114  725.00000  891.07886  22.9%   164  250s
  5744  4481  770.99184   45   99  725.00000  890.87043  22.9%   162  255s
  5964  4682  805.41383   65  108  725.00000  890.31872  22.8%   158  260s
  6308  4989  755.32421  112  120  725.00000  889.91185  22.7%   153  265s
  6459  5121  840.46007   45  130  725.00000  889.59713  22.7%   153  270s
  6561  5223  787.38387   96  109  725.00000  889.59713  22.7%   155  275s
  6706  5335  731.07692   32   71  725.00000  889.57843  22.7%   155  280s
  6989  5570  762.63945   72  116  725.00000  889.40415  22.7%   152  285s
  7165  5716  741.70000   63   86  725.00000  889.19148  22.6%   150  290s
  7456  5980  737.35486  131  146  725.00000  888.91713  22.6%   147  295s
  7743  6215  874.88857   39  176  725.00000  888.68997  22.6%   144  307s
  7902  6345  776.87274  102  107  725.00000  888.51069  22.6%   143  310s
  8159  6566  796.70102   57  109  725.00000  887.89917  22.5%   142  315s
  8331  6711  810.01166   71  130  725.00000  887.86830  22.5%   143  320s
  8624  6969  856.47695   52  159  725.00000  887.55725  22.4%   141  325s
  9124  7415  846.61918   24  129  725.00000  887.00191  22.3%   138  330s
  9725  7945  786.86449  100  118  725.00000  886.72292  22.3%   133  335s
  9919  8121  794.32866   95  122  725.00000  886.50881  22.3%   135  340s
 10148  8309  751.27439  151  124  725.00000  886.39462  22.3%   134  345s
 10203  8342  813.92220   69  211  725.00000  886.14276  22.2%   134  418s
 10205  8343  807.62159  118  207  725.00000  886.14276  22.2%   134  420s
 10211  8347  787.87292   94  220  725.00000  886.14276  22.2%   134  426s
 10216  8351  844.65413   38  223  725.00000  886.14276  22.2%   134  430s
 10220  8353  801.22652  101  226  725.00000  886.14276  22.2%   134  435s
 10224  8356  745.50520  102  225  725.00000  886.14276  22.2%   134  440s
 10228  8359  766.96974  126  222  725.00000  886.14276  22.2%   134  445s
 10231  8361  748.64668  121  226  725.00000  886.14276  22.2%   134  450s
 10235  8363  743.63640  143  226  725.00000  886.14276  22.2%   134  455s
 10237  8365  816.74532   87  223  725.00000  886.14276  22.2%   134  460s
 10240  8367  791.52511   86  226  725.00000  886.14276  22.2%   134  465s
 10243  8369  752.75379  154  228  725.00000  886.14276  22.2%   134  470s
 10245  8370  814.46849   53  225  725.00000  886.14276  22.2%   134  477s
 10247  8371  805.66902  104  229  725.00000  886.14276  22.2%   134  480s
 10250  8373  861.24693   55  229  725.00000  886.14276  22.2%   134  486s
 10252  8375  872.37033   31  229  725.00000  886.14276  22.2%   134  490s
 10254  8376  795.91655   92  227  725.00000  886.14276  22.2%   134  495s
 10255  8377  742.37594  128  224  725.00000  886.14276  22.2%   134  501s
 10258  8379  751.21751  123  228  725.00000  886.14276  22.2%   134  506s
 10261  8381  797.12131   85  227  725.00000  886.14276  22.2%   134  510s
 10264  8383  817.27014   51  226  725.00000  886.14276  22.2%   134  515s
 10266  8384  806.68141   91  227  725.00000  886.14276  22.2%   133  520s
 10268  8385  798.37935  130  227  725.00000  886.14276  22.2%   133  529s
 10269  8388  886.14276   23  223  725.00000  886.14276  22.2%   134  530s
 10285  8399  886.14276   31  210  725.00000  886.14276  22.2%   134  535s
 10301  8409  882.24753   39  195  725.00000  886.14276  22.2%   135  540s
 10320  8422  860.66198   48  167  725.00000  886.14276  22.2%   135  545s
 10341  8436  868.36051   59  188  725.00000  886.14276  22.2%   136  550s
 10363  8451  860.96526   70  186  725.00000  886.14276  22.2%   136  555s
 10383  8464  854.60373   80  180  725.00000  886.14276  22.2%   136  560s
 10398  8474  842.58656   87  160  725.00000  886.14276  22.2%   137  565s
 10420  8489  824.90397   98  140  725.00000  886.14276  22.2%   137  570s
 10446  8506  828.62301  111  141  725.00000  886.14276  22.2%   138  575s
 10474  8525  805.65409  125  128  725.00000  886.14276  22.2%   138  580s
 10527  8560  804.97806  152  141  725.00000  886.14276  22.2%   139  585s
 10596  8606  747.46348  186   94  725.00000  886.14276  22.2%   139  590s
 10656  8620  878.68907   30  173  725.00000  886.14276  22.2%   139  595s
 10675  8633  876.25353   40  178  725.00000  886.14276  22.2%   140  600s
 10703  8651  859.39900   54  168  725.00000  886.14276  22.2%   141  605s
 10739  8675  839.35340   72  152  725.00000  886.14276  22.2%   141  610s
 10787  8707  819.95474   96  141  725.00000  886.14276  22.2%   142  615s
 10822  8731  798.30730  113  108  725.00000  886.14276  22.2%   142  631s
 10823  8731  810.08322  114  136  725.00000  886.14276  22.2%   142  638s
 10858  8755  778.48291  131  104  725.00000  886.14276  22.2%   143  640s
 10973  8811  738.49071  189  104  725.00000  886.14276  22.2%   143  645s
 11046  8831  809.05678   49  113  725.00000  886.14276  22.2%   144  650s
 11214  8934  729.86349  133   95  725.00000  886.14276  22.2%   145  655s
 11309  8964  834.96226   58  142  725.00000  886.14276  22.2%   146  660s
 11371  9006  809.43378   89  115  725.00000  886.14276  22.2%   147  665s
 11477  9076  771.06882  142  104  725.00000  886.14276  22.2%   148  670s
 11586  9098  812.98041   41  114  725.00000  886.14276  22.2%   148  675s
 11666  9151  788.57336   81  105  725.00000  886.14276  22.2%   149  680s
 11809  9220  736.98991  153  107  725.00000  886.14276  22.2%   149  685s
 11866  9241  841.16700   53  141  725.00000  886.14276  22.2%   150  690s
 11938  9289  794.63227   89   95  725.00000  886.14276  22.2%   151  695s
 12012  9334  757.41202  126  110  725.00000  886.14276  22.2%   151  700s
 12103  9364  840.08068   43  140  725.00000  884.62048  22.0%   151  705s
 12189  9421  794.76140   86  103  725.00000  884.62048  22.0%   152  710s
 12317  9506  753.63744  150  108  725.00000  884.62048  22.0%   153  715s
H12386  9023                     735.0000000  884.59467  20.4%   153  719s
H12386  8544                     743.0000000  884.59467  19.1%   153  720s
H12386  8098                     749.0000000  884.59467  18.1%   153  721s
H12386  7708                     753.0000000  884.59467  17.5%   153  724s
 12388  7712  851.86659   31  144  753.00000  884.59467  17.5%   153  725s
 12462  7761  804.42236   68  107  753.00000  884.59467  17.5%   153  730s
 12578  7811  867.92038   33  175  753.00000  883.81879  17.4%   154  735s
 12869  7960  849.15326   41  155  753.00000  883.19200  17.3%   153  740s
 13113  8091  773.91318  108  114  753.00000  883.17936  17.3%   153  745s
 13299  8163  845.20478   44  138  753.00000  882.45116  17.2%   152  750s
 13503  8276  795.91616  117  123  753.00000  881.31179  17.0%   152  755s
 13692  8362  796.62099   53   96  753.00000  881.08202  17.0%   151  760s
 13831  8436  833.96989   50  122  753.00000  881.00823  17.0%   151  765s
 13911  8489  773.63016   90   87  753.00000  881.00823  17.0%   151  770s
 14184  8624  829.48223   49  127  753.00000  880.64809  17.0%   151  775s
 14413  8734  858.34150   47  157  753.00000  879.92939  16.9%   150  780s
 14658  8851  854.36380   31  161  753.00000  879.49587  16.8%   149  785s
 14918  8980  869.88775   38  168  753.00000  878.58673  16.7%   148  790s
 15224  9157  766.80464  105  114  753.00000  878.10400  16.6%   147  795s
 15413  9260  826.31952   44  119  753.00000  877.85954  16.6%   147  801s
 15514  9320  804.57905   56  101  753.00000  877.84878  16.6%   147  805s
H15559  8980                     755.0000000  877.84878  16.3%   147  808s
 15559  8982  796.86402   79  109  755.00000  877.84878  16.3%   147  823s
 15560  8982  782.45428   79  101  755.00000  877.84878  16.3%   147  826s
 15744  9049  773.00000  107  114  755.00000  877.67425  16.2%   147  830s
 15939  9132  773.02208   94  118  755.00000  877.16939  16.2%   146  835s
 16270  9288  825.19105   65  123  755.00000  876.46305  16.1%   145  840s
 16462  9380  775.19432   46   84  755.00000  876.33806  16.1%   144  845s
 16712  9508  838.70259   43  123  755.00000  875.99122  16.0%   143  850s
 16881  9570  841.97181   58  150  755.00000  875.90022  16.0%   143  855s
 17181  9738  821.95235  107  132  755.00000  875.77462  16.0%   142  860s
 17481  9901  793.89010   87  107  755.00000  875.41580  15.9%   141  865s
 17657  9983  857.64817   47  157  755.00000  875.21383  15.9%   141  870s
 17821 10062  848.32485   58  150  755.00000  874.89285  15.9%   140  875s
 18028 10178  819.96861   99  140  755.00000  874.61059  15.8%   140  880s
 18178 10259  804.03888   55   96  755.00000  874.50361  15.8%   140  885s
 18368 10317  860.97609   42  154  755.00000  874.03364  15.8%   139  890s
 18666 10483  862.73908   29  155  755.00000  873.84813  15.7%   138  895s
 18832 10573  841.52019   79  160  755.00000  873.67666  15.7%   138  900s
 18988 10657  828.92648   54  142  755.00000  873.63897  15.7%   137  905s
 19154 10734  841.29761   60  146  755.00000  873.55853  15.7%   137  910s
 19444 10888  827.88354   64  143  755.00000  873.20734  15.7%   136  915s
 19620 10994  804.01702   79  115  755.00000  873.16022  15.7%   137  920s
 19900 11102  841.45872   54  148  755.00000  872.76193  15.6%   136  925s
 20239 11281  817.04898   49  112  755.00000  872.67783  15.6%   136  930s
 20520 11417  807.54755   58  125  755.00000  872.56279  15.6%   135  935s
 20697 11506  858.75224   32  157  755.00000  872.25862  15.5%   135  940s
 20865 11587  819.08523   54  117  755.00000  872.16578  15.5%   135  945s
 20963 11639     cutoff  103       755.00000  872.16578  15.5%   135  950s
 21154 11722  790.05172   37   72  755.00000  871.98687  15.5%   135  955s
 21394 11838  831.50186   88  155  755.00000  871.74343  15.5%   134  960s
 21639 11971  785.54410   89  133  755.00000  871.58578  15.4%   133  965s
 21815 12053  825.39988   43  119  755.00000  871.39969  15.4%   133  971s
 21924 12097  835.57386   41  138  755.00000  871.26692  15.4%   133  975s
 22097 12180  850.29952   42  152  755.00000  871.20994  15.4%   132  980s
 22369 12324  853.35406   36  141  755.00000  870.98326  15.4%   132  985s
 22573 12407  849.51562   38  138  755.00000  870.78087  15.3%   131  990s
 22779 12516  846.83458   58  146  755.00000  870.77082  15.3%   131  995s
 22976 12619  837.53329   38  123  755.00000  870.75627  15.3%   130 1000s
 23144 12710  798.95695   56   94  755.00000  870.63966  15.3%   130 1005s
 23303 12789  816.66880   72  132  755.00000  870.46991  15.3%   129 1010s
 23433 12856  812.42047   55  115  755.00000  870.40761  15.3%   129 1015s
 23565 12916  757.96320  122  123  755.00000  870.40761  15.3%   130 1020s
 23750 13003  782.33734   58  101  755.00000  870.31896  15.3%   130 1025s
 24063 13146  840.66747   35  134  755.00000  869.93925  15.2%   129 1030s
 24508 13382  849.60315   37  145  755.00000  869.74968  15.2%   128 1035s
 24718 13476  825.54812   48  118  755.00000  869.57626  15.2%   128 1040s
 24854 13537  839.14828   59  137  755.00000  869.56501  15.2%   128 1045s
 25089 13656  836.26964   42  134  755.00000  869.32042  15.1%   128 1050s
 25308 13761  853.73301   56  157  755.00000  869.29407  15.1%   127 1055s
 25505 13851  837.79376   49  137  755.00000  869.08555  15.1%   127 1060s
 25688 13953  760.73475  133  112  755.00000  869.04058  15.1%   126 1065s
 25912 14063  832.26692   50  120  755.00000  868.97723  15.1%   126 1070s
 25986 14104  820.74303   52  120  755.00000  868.97159  15.1%   126 1075s
 26076 14164  789.08030   97  103  755.00000  868.97159  15.1%   127 1080s
 26290 14244  805.27399   55  100  755.00000  868.85790  15.1%   126 1085s
 26491 14332  845.24916   39  133  755.00000  868.71477  15.1%   126 1090s
 26708 14457  774.44337  129  128  755.00000  868.68445  15.1%   126 1095s
 26906 14550  827.17989   49  123  755.00000  868.56960  15.0%   125 1100s
 27136 14670  808.43946   52   96  755.00000  868.36297  15.0%   125 1105s
 27389 14787  809.61736   75  119  755.00000  868.19768  15.0%   124 1110s
 27783 14993  813.19851   71  123  755.00000  868.04474  15.0%   124 1115s
 27972 15085  771.56853   53   73  755.00000  867.93785  15.0%   123 1120s
 28193 15179  797.64592   83  107  755.00000  867.82185  14.9%   123 1125s
 28380 15277  807.63180   57  108  755.00000  867.68791  14.9%   123 1130s
 28495 15333  770.02552  115  118  755.00000  867.68791  14.9%   123 1135s
 28699 15426  790.04748   82  107  755.00000  867.60496  14.9%   123 1140s
 28834 15484  842.88164   47  131  755.00000  867.48287  14.9%   123 1145s
 29005 15571  826.18120   53  124  755.00000  867.40347  14.9%   122 1150s
 29233 15658  835.63800   39  119  755.00000  867.17322  14.9%   122 1155s
 29453 15772  835.75787   45  125  755.00000  867.14995  14.9%   122 1160s
 29673 15875  786.15188  112  114  755.00000  867.09905  14.8%   121 1165s
 29871 16008  844.74862   41  143  755.00000  866.99663  14.8%   121 1170s
 30095 16207  824.04330   59  135  755.00000  866.98582  14.8%   121 1176s
 30279 16362  861.94776   35  154  755.00000  866.88915  14.8%   120 1180s
 30562 16549  836.45603   59  141  755.00000  866.76704  14.8%   120 1185s
 30814 16760  811.67723   56  109  755.00000  866.67971  14.8%   120 1190s
 31127 17017  815.99386   48  121  755.00000  866.54918  14.8%   119 1195s
 31643 17459  787.14621   98  124  755.00000  866.50645  14.8%   118 1200s
 31998 17753  798.86949   50  101  755.00000  866.36115  14.7%   118 1205s
 32117 17850  832.59023   70  138  755.00000  866.31622  14.7%   118 1210s
 32324 18016  861.58724   39  152  755.00000  866.28347  14.7%   118 1215s
 32600 18258  817.60431   76  130  755.00000  866.21696  14.7%   117 1220s
 32854 18470  805.62639   96  118  755.00000  866.06422  14.7%   117 1225s
 33122 18694  846.91917   50  154  755.00000  865.99198  14.7%   117 1230s
 33400 18926  842.26246   43  141  755.00000  865.85294  14.7%   116 1235s
 33532 19018  807.01852   54  103  755.00000  865.85242  14.7%   117 1240s
 33660 19124  793.88094   71   96  755.00000  865.78791  14.7%   117 1245s
 33870 19281  806.59627   51  105  755.00000  865.68569  14.7%   116 1250s
 34062 19417  785.82660  116  129  755.00000  865.60195  14.6%   116 1255s
 34322 19639  819.53910   81  125  755.00000  865.45953  14.6%   116 1260s
 34605 19887  795.75796   49   94  755.00000  865.43686  14.6%   115 1265s
 34943 20151  793.66610   90  129  755.00000  865.37141  14.6%   115 1270s
 35278 20418  845.86718   42  133  755.00000  865.19375  14.6%   115 1275s
H35397 19605                     763.0000000  865.13143  13.4%   115 1283s
 35397 19607  841.52308   50  135  763.00000  865.13143  13.4%   115 1292s
 35398 19608  840.35654   51  138  763.00000  865.13143  13.4%   115 1295s
 35644 19798  841.56562   48  133  763.00000  865.02827  13.4%   115 1300s
 35890 20020  800.27815   58  101  763.00000  865.00138  13.4%   115 1305s
 36224 20261  840.09115   45  137  763.00000  864.89736  13.4%   114 1310s
 36399 20409  832.01506   40  123  763.00000  864.88397  13.4%   114 1315s
 36633 20597  776.03735  137  124  763.00000  864.78869  13.3%   114 1321s
 36803 20729  816.06025   60  119  763.00000  864.62564  13.3%   114 1325s
 36962 20859  836.57414   52  118  763.00000  864.55409  13.3%   114 1330s
 37022 20919  806.99953   82  106  763.00000  864.55409  13.3%   114 1335s
 37149 21013  809.38694   99  127  763.00000  864.53133  13.3%   114 1340s
 37374 21185  794.74694   74  120  763.00000  864.43173  13.3%   114 1345s
 37527 21295  854.15693   41  160  763.00000  864.33011  13.3%   114 1350s
 37761 21493  851.58241   40  135  763.00000  864.25520  13.3%   113 1355s
 37983 21675  784.28912   52  106  763.00000  864.17290  13.3%   113 1360s
 38300 21900  858.22725   41  142  763.00000  864.11961  13.3%   113 1365s
 38669 22196  804.39314   40   90  763.00000  864.04554  13.2%   113 1370s
 38895 22365  838.10807   36  145  763.00000  863.94853  13.2%   113 1375s
 39136 22566  774.19386  131  119  763.00000  863.90592  13.2%   112 1381s
 39377 22752  851.46317   47  147  763.00000  863.87270  13.2%   112 1385s
 39642 22957  836.13097   57  151  763.00000  863.80533  13.2%   112 1390s
 39933 23210  780.44067   95  115  763.00000  863.68478  13.2%   111 1395s
 40167 23383  829.28650   43  120  763.00000  863.60282  13.2%   111 1400s
 40421 23593  764.32990   52   62  763.00000  863.53312  13.2%   111 1405s
 40739 23858  788.74550   87  122  763.00000  863.45844  13.2%   111 1410s
 40941 24033  779.20719   98  107  763.00000  863.43286  13.2%   110 1415s
 41168 24215  796.13908   51   98  763.00000  863.32910  13.1%   110 1420s
 41368 24375  825.05609   62  120  763.00000  863.24141  13.1%   110 1425s
 41607 24556  821.48416   76  119  763.00000  863.20307  13.1%   110 1430s
 42141 24976  821.00108   82  137  763.00000  863.05075  13.1%   110 1435s
 42498 25262  839.58137   37  131  763.00000  862.98280  13.1%   109 1440s
 42761 25468  827.05830   75  137  763.00000  862.90543  13.1%   110 1445s
 42969 25637     cutoff   75       763.00000  862.88317  13.1%   109 1450s
 43318 25916  817.91204   57  117  763.00000  862.78460  13.1%   109 1455s
 43616 26171  833.93431   50  129  763.00000  862.71945  13.1%   109 1460s
 43797 26302  793.35010   49   67  763.00000  862.71627  13.1%   109 1465s
 44064 26498  767.38429   53   62  763.00000  862.65733  13.1%   109 1470s
 44383 26752  859.01348   31  150  763.00000  862.52833  13.0%   109 1475s
 44690 26986  787.79633   36   82  763.00000  862.43328  13.0%   109 1480s
 44933 27168  838.88894   72  141  763.00000  862.33386  13.0%   108 1485s
 45286 27464  858.98511   29  151  763.00000  862.29069  13.0%   108 1490s
 45793 27870  802.96130   61  101  763.00000  862.19525  13.0%   108 1495s
 46287 28239  820.11157   77  114  763.00000  862.05788  13.0%   108 1500s
 46817 28643  816.50310   66  126  763.00000  861.90606  13.0%   107 1505s
 47164 28923  837.83969   47  138  763.00000  861.80415  12.9%   107 1510s
 47422 29151  823.25924   68  119  763.00000  861.77219  12.9%   107 1515s
 47556 29249  844.86524   52  144  763.00000  861.71603  12.9%   107 1520s
 47784 29430  825.38954   36  108  763.00000  861.69025  12.9%   107 1525s
 47951 29556  788.31670   70  118  763.00000  861.64600  12.9%   107 1530s
 48173 29732  822.95365   32  113  763.00000  861.59555  12.9%   107 1535s
 48434 29880  849.09971   41  144  763.00000  861.56071  12.9%   106 1540s
 48661 30064  826.27109   75  137  763.00000  861.54007  12.9%   106 1545s
 48867 30234  798.53299   40   91  763.00000  861.46927  12.9%   106 1551s
 48975 30313  807.83846   60   89  763.00000  861.44319  12.9%   106 1555s
 49170 30450  826.05699   56  129  763.00000  861.38824  12.9%   106 1560s
 49393 30630  842.76530   69  152  763.00000  861.35235  12.9%   106 1565s
 49799 30946  859.95657   51  164  763.00000  861.27491  12.9%   106 1570s
 50025 31135  814.93990   40   94  763.00000  861.21548  12.9%   106 1575s
 50127 31221  809.85226   57   96  763.00000  861.17074  12.9%   106 1580s
 50281 31337  791.86015   77  121  763.00000  861.16774  12.9%   106 1585s
 50553 31545  827.79733   62  133  763.00000  861.13784  12.9%   106 1590s
 50871 31791  844.78158   46  141  763.00000  861.05770  12.9%   105 1595s
 51123 31999  768.52588   98  109  763.00000  861.01166  12.8%   105 1600s
 51394 32209  782.84556  111  142  763.00000  860.99798  12.8%   106 1605s
 51868 32592  848.94703   38  130  763.00000  860.93767  12.8%   105 1610s
 52144 32808     cutoff   68       763.00000  860.89874  12.8%   105 1615s
 52342 32967  819.89268   60  129  763.00000  860.87649  12.8%   105 1620s
 52626 33187  837.47251   48  136  763.00000  860.79428  12.8%   105 1625s
 52907 33420  797.64871   98  114  763.00000  860.72776  12.8%   105 1630s
 53197 33645  841.53079   55  138  763.00000  860.63900  12.8%   105 1635s
 53277 33725  803.68388   95  121  763.00000  860.63900  12.8%   105 1640s
 53464 33846  833.46230   45  135  763.00000  860.61268  12.8%   105 1645s
 53720 34041  830.53549   67  136  763.00000  860.57561  12.8%   105 1650s
 53920 34200  779.27974  104  113  763.00000  860.55808  12.8%   105 1655s
 54210 34417  835.68678   51  130  763.00000  860.49549  12.8%   105 1660s
 54515 34665  843.55651   61  136  763.00000  860.39676  12.8%   105 1665s
 54923 34975  799.59999   63   97  763.00000  860.31907  12.8%   104 1670s
 55252 35234  812.80852   52  110  763.00000  860.22682  12.7%   104 1675s
 55400 35338  828.50348   47  114  763.00000  860.19423  12.7%   104 1680s
 55781 35646  815.48921   78  135  763.00000  860.11926  12.7%   104 1685s
 55941 35769  766.86712   62   98  763.00000  860.11560  12.7%   104 1690s
 56200 35949  797.14553   43   96  763.00000  859.97655  12.7%   104 1695s
 56349 36044  819.84603   56  122  763.00000  859.96711  12.7%   104 1700s
 56775 36384  826.17062   52  117  763.00000  859.87039  12.7%   104 1705s
 57162 36700  786.82709  131  115  763.00000  859.80125  12.7%   104 1710s
 57451 36941  795.70109   73  100  763.00000  859.77053  12.7%   104 1715s
 57703 37132  818.43554   77  122  763.00000  859.74301  12.7%   103 1720s
 57866 37245  849.74971   48  136  763.00000  859.71085  12.7%   103 1725s
 58245 37560  841.69767   39  131  763.00000  859.67698  12.7%   103 1730s
 58509 37746  784.52329   64   89  763.00000  859.53699  12.7%   103 1735s
 58750 37936  812.29856   90  121  763.00000  859.49587  12.6%   103 1740s
 58988 38130  829.20170   61  128  763.00000  859.48268  12.6%   103 1745s
 59247 38312  791.25604   58   88  763.00000  859.44943  12.6%   103 1750s
 59444 38476  817.63641   75  119  763.00000  859.44016  12.6%   103 1756s
 59538 38540     cutoff  122       763.00000  859.44016  12.6%   103 1760s
 59805 38748  845.30207   32  142  763.00000  859.39644  12.6%   103 1765s
 60182 39045  823.07317   67  130  763.00000  859.37985  12.6%   102 1770s
 60486 39295  850.75148   35  131  763.00000  859.31248  12.6%   102 1775s
 60643 39442  781.13585   84   99  763.00000  859.27527  12.6%   102 1780s
 60854 39593  800.34212   98  126  763.00000  859.25969  12.6%   102 1785s
 61076 39750  839.17661   34  123  763.00000  859.18361  12.6%   102 1791s
 61283 39920  787.89606   74  118  763.00000  859.16850  12.6%   102 1795s

Cutting planes:
  MIR: 18
  Flow cover: 152
  Zero half: 24
  RLT: 1
  Relax-and-lift: 2

Explored 61559 nodes (6285416 simplex iterations) in 1800.02 seconds (679.51 work units)
Thread count was 1 (of 12 available processors)

Solution count 10: 763 755 753 ... 710

Time limit reached
Best objective 7.630000000000e+02, best bound 8.590000000000e+02, gap 12.5819%
