
Gurobi 12.0.2 (linux64, C++) logging started Thu Jun 19 08:00:19 2025

Set parameter LogFile to value "log/instances/scenario1/fully_correlated_sc1/300/kpfs_4.txt.log"

Gurobi 12.0.2 (linux64, C++) logging started Thu Jun 19 08:01:42 2025

Set parameter LogFile to value "log/instances/scenario1/fully_correlated_sc1/300/kpfs_4.txt.log"

Gurobi 12.0.2 (linux64, C++) logging started Thu Jun 19 08:02:53 2025

Set parameter LogFile to value "log/instances/scenario1/fully_correlated_sc1/300/kpfs_4.txt.log"

Gurobi 12.0.2 (linux64, C++) logging started Thu Jun 19 08:03:57 2025

Set parameter LogFile to value "log/instances/scenario1/fully_correlated_sc1/300/kpfs_4.txt.log"

Gurobi 12.0.2 (linux64, C++) logging started Thu Jun 19 14:37:20 2025

Set parameter WLSAccessID
Set parameter WLSSecret
Set parameter LicenseID to value 2679381
Set parameter LogFile to value "log/instances/scenario1/fully_correlated_sc1/300/kpfs_4.txt.log"
Academic license 2679381 - for non-commercial use only - registered to be___@poli.ufrj.br
Set parameter TimeLimit to value 1800
Set parameter Threads to value 1
Gurobi Optimizer version 12.0.2 build v12.0.2rc0 (linux64 - "Ubuntu 24.04.1 LTS")

CPU model: 13th Gen Intel(R) Core(TM) i7-1355U, instruction set [SSE2|AVX|AVX2]
Thread count: 6 physical cores, 12 logical processors, using up to 1 threads

Non-default parameters:
TimeLimit  1800
Threads  1

Academic license 2679381 - for non-commercial use only - registered to be___@poli.ufrj.br
Optimize a model with 1502 rows, 1800 columns and 9296 nonzeros
Model fingerprint: 0x42f142b3
Variable types: 0 continuous, 1800 integer (300 binary)
Coefficient statistics:
  Matrix range     [1e+00, 3e+01]
  Objective range  [7e+00, 4e+01]
  Bounds range     [1e+00, 5e+00]
  RHS range        [1e+00, 5e+02]
Found heuristic solution: objective 529.0000000
Presolve removed 2 rows and 279 columns
Presolve time: 0.06s
Presolved: 1500 rows, 1521 columns, 8735 nonzeros
Variable types: 0 continuous, 1521 integer (300 binary)

Root relaxation: objective 9.218423e+02, 1214 iterations, 0.30 seconds (0.11 work units)

    Nodes    |    Current Node    |     Objective Bounds      |     Work
 Expl Unexpl |  Obj  Depth IntInf | Incumbent    BestBd   Gap | It/Node Time

     0     0  921.84228    0  206  529.00000  921.84228  74.3%     -    0s
H    0     0                     530.0000000  921.84228  73.9%     -    0s
H    0     0                     537.0000000  921.84228  71.7%     -    0s
H    0     0                     538.0000000  921.84228  71.3%     -    0s
H    0     0                     547.0000000  921.84228  68.5%     -    0s
H    0     0                     665.0000000  921.84228  38.6%     -    0s
     0     0  920.38683    0  212  665.00000  920.38683  38.4%     -    1s
H    0     0                     685.0000000  920.36782  34.4%     -    1s
H    0     0                     691.0000000  920.36782  33.2%     -    1s
H    0     0                     693.0000000  920.36782  32.8%     -    1s
H    0     0                     695.0000000  920.36782  32.4%     -    2s
     0     0  920.27233    0  210  695.00000  920.27233  32.4%     -    2s
     0     0  920.26405    0  213  695.00000  920.26405  32.4%     -    2s
     0     0  919.17122    0  217  695.00000  919.17122  32.3%     -    3s
     0     0  918.65953    0  212  695.00000  918.65953  32.2%     -    3s
     0     0  918.65041    0  213  695.00000  918.65041  32.2%     -    3s
     0     0  918.36742    0  214  695.00000  918.36742  32.1%     -    4s
     0     0  918.34807    0  216  695.00000  918.34807  32.1%     -    4s
     0     0  917.98475    0  215  695.00000  917.98475  32.1%     -    4s
     0     0  917.73639    0  212  695.00000  917.73639  32.0%     -    4s
     0     0  917.72881    0  216  695.00000  917.72881  32.0%     -    4s
     0     0  917.72777    0  216  695.00000  917.72777  32.0%     -    4s
     0     0  917.72724    0  214  695.00000  917.72724  32.0%     -    4s
     0     0  917.69838    0  212  695.00000  917.69838  32.0%     -    5s
     0     0  917.69244    0  213  695.00000  917.69244  32.0%     -    5s
     0     0  917.66156    0  215  695.00000  917.66156  32.0%     -    5s
     0     0  917.64339    0  217  695.00000  917.64339  32.0%     -    5s
     0     0  917.64339    0  217  695.00000  917.64339  32.0%     -    5s
     0     2  917.64204    0  217  695.00000  917.64204  32.0%     -    6s
H   27    27                     702.0000000  915.70829  30.4%   189   10s
H   27    27                     704.0000000  915.70829  30.1%   189   10s
H   27    27                     705.0000000  915.70829  29.9%   189   10s
H   78    78                     713.0000000  915.70829  28.4%   162   13s
H   78    78                     715.0000000  915.70829  28.1%   162   14s
    78    80  889.08818   67  188  715.00000  915.70829  28.1%   164   19s
    81    83  888.54557   70  188  715.00000  915.70829  28.1%   160   20s
   204   206  749.00658  163  132  715.00000  915.70829  28.1%   155   25s
   307   291  843.44810   55  141  715.00000  915.19226  28.0%   132   30s
   482   438  885.82214    5  173  715.00000  915.00741  28.0%   115   35s
H  494   438                     723.0000000  915.00741  26.6%   114   36s
H  494   438                     725.0000000  915.00741  26.2%   114   37s
   539   484  870.70168   44  217  725.00000  915.00741  26.2%   111   41s
   542   486  826.23868  109  217  725.00000  915.00741  26.2%   110   48s
   546   489  830.01746  101  209  725.00000  915.00741  26.2%   109   50s
   551   492  815.24002  120  213  725.00000  915.00741  26.2%   108   55s
   553   493  873.40684   53  213  725.00000  914.99970  26.2%   108   60s
   579   513  885.00425   23  180  725.00000  906.31704  25.0%   125   65s
   625   543  866.64825   46  161  725.00000  900.23018  24.2%   146   70s
   678   579  864.38745   73  182  725.00000  900.23018  24.2%   162   75s
   718   605  854.90596   93  173  725.00000  900.23018  24.2%   170   80s
   754   629  839.46372  111  159  725.00000  900.23018  24.2%   176   85s
   809   666  798.26310  138  122  725.00000  900.23018  24.2%   183   90s
   869   706  760.99045  168  102  725.00000  900.23018  24.2%   187   98s
   903   727  743.60087  185  104  725.00000  900.23018  24.2%   187  100s
  1000   744  835.20205   38  123  725.00000  900.22469  24.2%   188  105s
  1108   816  751.40954   92   99  725.00000  900.22469  24.2%   193  110s
  1228   845  882.16610   31  177  725.00000  899.42397  24.1%   191  115s
  1279   879  834.05468   56  132  725.00000  899.42397  24.1%   198  120s
  1351   927  808.61818   92  115  725.00000  899.42397  24.1%   203  125s
H 1361   896                     732.0000000  899.42397  22.9%   203  126s
H 1361   867                     735.0000000  899.42397  22.4%   203  126s
  1441   922  756.69434  137  100  735.00000  899.42397  22.4%   205  130s
  1545   933  845.62588   23  130  735.00000  899.42000  22.4%   200  135s
  1613   978  807.95529   57  113  735.00000  899.42000  22.4%   205  140s
  1731  1055  742.32978  116   94  735.00000  899.42000  22.4%   206  145s
  1818  1072  841.16849   36  131  735.00000  899.27938  22.4%   207  150s
  1880  1113  829.11880   67  124  735.00000  899.27938  22.4%   212  155s
  1962  1193  785.48224  108  101  735.00000  899.27938  22.4%   215  160s
  1975  1206  816.57178  115  132  735.00000  899.27938  22.4%   216  167s
  2113  1290  874.99159   23  158  735.00000  899.21001  22.3%   213  170s
  2195  1372  840.31559   64  135  735.00000  899.21001  22.3%   219  175s
  2303  1480  788.61490  118  109  735.00000  899.21001  22.3%   221  180s
H 2435  1528                     739.0000000  897.51207  21.4%   217  188s
H 2435  1404                     754.0000000  897.51207  19.0%   217  191s
  2486  1457  824.82549   45  115  754.00000  897.51207  19.0%   219  195s
  2487  1458  846.89570   46  141  754.00000  897.51207  19.0%   219  209s
  2488  1459  833.13779   46  129  754.00000  897.51207  19.0%   219  210s
  2598  1569  766.50338  101   92  754.00000  897.51207  19.0%   220  215s
  2697  1630  851.60529   30  145  754.00000  897.50114  19.0%   220  220s
  2747  1680  830.19339   55  129  754.00000  897.50114  19.0%   222  225s
  2817  1750  790.29411   90  112  754.00000  897.50114  19.0%   224  230s
  2881  1814  770.75326  122  111  754.00000  897.50114  19.0%   225  235s
  3086  1947  863.96708   24  154  754.00000  893.86626  18.5%   217  240s
  3419  2246  846.31490   55  144  754.00000  892.52276  18.4%   204  245s
  3691  2481  857.21685   42  159  754.00000  892.38068  18.4%   197  250s
  3955  2716  864.24245   22  149  754.00000  891.55190  18.2%   191  255s
  4207  2939  771.61889  114  115  754.00000  891.20298  18.2%   184  260s
  4334  3056  788.15663   73   95  754.00000  891.07526  18.2%   186  265s
  4418  3100  840.04365   44  147  754.00000  890.50345  18.1%   185  275s
  4667  3320  774.71709   98  115  754.00000  889.53436  18.0%   180  280s
  5033  3598  867.36339   32  152  754.00000  888.29346  17.8%   174  285s
  5478  3987  829.66096   71  133  754.00000  887.79520  17.7%   166  290s
  5828  4299  802.37235   53  106  754.00000  887.54595  17.7%   162  295s
  6029  4425  818.91251   79  129  754.00000  886.74972  17.6%   161  300s
  6207  4573  791.08164   37   97  754.00000  886.34443  17.6%   159  305s
  6460  4797  787.57291  111  116  754.00000  886.10638  17.5%   156  310s
  6734  5036  777.47010  112  133  754.00000  885.17416  17.4%   152  315s
  7001  5238  799.61757  117  126  754.00000  884.96463  17.4%   150  320s
  7250  5452  804.05731   46  108  754.00000  884.35335  17.3%   149  325s
  7459  5610  862.66493   33  149  754.00000  884.25473  17.3%   148  330s
  7700  5831  784.83334  133  120  754.00000  884.16514  17.3%   145  336s
  7888  5989  839.52495   30  125  754.00000  884.08739  17.3%   143  340s
  8132  6190  755.16272   89  107  754.00000  883.94448  17.2%   142  345s
  8402  6414  803.18224   67  121  754.00000  883.37506  17.2%   140  350s
  8644  6619  840.12412   41  141  754.00000  883.14775  17.1%   139  355s
  8959  6867  845.90949   49  138  754.00000  882.84892  17.1%   138  360s
  9392  7246  829.11504   39  127  754.00000  882.37139  17.0%   136  365s
  9624  7451  787.02397   83  110  754.00000  881.53298  16.9%   134  370s
  9779  7584  818.06193   91  131  754.00000  881.47138  16.9%   133  378s
  9879  7664  868.76127   14  150  754.00000  881.27525  16.9%   133  380s
 10146  7902  833.69105   28  122  754.00000  881.06381  16.9%   131  385s
 10203  7958  770.65087  118  217  754.00000  881.06381  16.9%   132  486s
 10206  7960  817.63764   45  214  754.00000  881.06381  16.9%   132  491s
 10211  7963  804.51877   31  219  754.00000  881.06381  16.9%   132  496s
 10213  7965  790.65967   78  220  754.00000  881.06381  16.9%   131  502s
 10214  7965  794.77346   98  219  754.00000  881.06381  16.9%   131  506s
 10216  7967  830.10584   69  221  754.00000  881.06381  16.9%   131  512s
 10217  7967  864.26704   25  217  754.00000  881.06381  16.9%   131  516s
 10219  7969  799.21504   71  220  754.00000  881.06381  16.9%   131  522s
 10222  7971  827.81958   41  219  754.00000  881.06381  16.9%   131  527s
 10223  7971  826.94348   59  217  754.00000  881.06381  16.9%   131  531s
 10225  7973  834.67227   56  220  754.00000  881.06381  16.9%   131  536s
 10226  7973  807.62747   86  220  754.00000  881.06381  16.9%   131  541s
 10229  7975  847.80816   42  221  754.00000  881.06381  16.9%   131  546s
 10232  7977  812.58807   41  222  754.00000  881.06381  16.9%   131  551s
 10235  7979  859.48499   39  219  754.00000  881.06381  16.9%   131  556s
 10237  7981  792.13640   54  220  754.00000  881.06381  16.9%   131  561s
 10239  7982  832.72354   51  220  754.00000  881.06381  16.9%   131  567s
 10240  7983  773.55941   98  222  754.00000  881.06381  16.9%   131  570s
 10242  7984  780.20177  141  222  754.00000  881.06381  16.9%   131  577s
 10243  7985  767.62095   91  222  754.00000  881.06381  16.9%   131  580s
 10245  7986  770.67424  114  224  754.00000  881.06381  16.9%   131  586s
 10247  7987  826.31540   88  222  754.00000  881.06381  16.9%   131  592s
 10248  7988  809.50145   41  225  754.00000  881.06381  16.9%   131  595s
 10250  7989  761.46248   63  221  754.00000  881.06381  16.9%   131  605s
 10251  7990  822.79029   50  223  754.00000  881.06381  16.9%   131  611s
 10252  7991  868.11036   36  224  754.00000  881.06381  16.9%   131  644s
 10253  7991  781.20638  111  225  754.00000  881.06381  16.9%   131  646s
 10255  7993  833.05903   61  225  754.00000  881.06381  16.9%   131  652s
 10256  7993  857.38450   26  224  754.00000  881.06381  16.9%   131  657s
 10257  7994  859.70967   33  223  754.00000  881.06381  16.9%   131  661s
 10258  7995  763.18905  109  223  754.00000  881.06381  16.9%   131  666s
 10259  7995  780.80416   63  223  754.00000  881.06381  16.9%   131  670s
 10260  7996  838.35527   75  223  754.00000  881.06381  16.9%   131  676s
 10261  7997  762.76238  100  222  754.00000  881.06381  16.9%   131  681s
 10262  7997  803.49594  124  222  754.00000  881.06381  16.9%   131  685s
 10264  7999  822.71435   47  226  754.00000  881.06381  16.9%   131  694s
 10265  7999  771.41166  134  226  754.00000  881.06381  16.9%   131  699s
 10266  8002  881.06381   21  219  754.00000  881.06381  16.9%   131  700s
 10284  8014  881.06381   30  204  754.00000  881.06381  16.9%   132  705s
 10292  8019  881.06381   34  205  754.00000  881.06381  16.9%   132  711s
 10311  8032  860.81609   43  158  754.00000  881.06381  16.9%   133  715s
 10342  8053  872.99422   59  188  754.00000  881.06381  16.9%   133  720s
 10381  8079  839.95025   78  147  754.00000  881.06381  16.9%   134  726s
 10415  8101  841.07917   95  143  754.00000  881.06381  16.9%   135  730s
 10461  8132  816.81912  118  134  754.00000  881.06381  16.9%   135  735s
 10503  8160  807.63321  139  122  754.00000  881.06381  16.9%   136  740s
 10532  8179  809.66627  154  136  754.00000  881.06381  16.9%   136  745s
 10587  8212  757.19276  181   98  754.00000  881.06381  16.9%   137  750s
 10636  8224  863.41782   35  156  754.00000  881.06381  16.9%   137  755s
 10670  8246  850.08383   52  155  754.00000  881.06381  16.9%   138  760s
 10714  8276  822.07736   74  141  754.00000  881.06381  16.9%   139  765s
 10770  8313  798.20871  102  121  754.00000  881.06381  16.9%   140  770s
 10858  8369  777.23711  146  125  754.00000  881.06381  16.9%   141  775s
 10906  8375  848.29740   34  136  754.00000  881.06381  16.9%   141  780s
 11032  8459  775.00056   97  116  754.00000  881.06381  16.9%   143  785s
 11129  8472  852.01938   38  140  754.00000  881.06381  16.9%   144  790s
 11223  8535  827.78725   85  137  754.00000  881.06381  16.9%   145  795s
 11372  8600  838.90034   29  128  754.00000  881.06381  16.9%   146  800s
 11568  8698  860.25551   32  145  754.00000  881.06381  16.9%   148  805s
 11702  8787  776.11094   99   95  754.00000  881.06381  16.9%   149  810s
 11784  8796  875.02066   40  174  754.00000  881.06381  16.9%   150  815s
 11805  8810  840.19532   50  141  754.00000  881.06381  16.9%   150  824s
 11817  8818  833.28173   56  137  754.00000  881.06381  16.9%   150  825s
 11951  8907  780.62632  123  108  754.00000  881.06381  16.9%   152  830s
 12012  8916  853.63769   35  148  754.00000  881.06381  16.9%   152  838s
 12028  8927  863.83389   43  159  754.00000  881.06381  16.9%   152  840s
 12108  8980  831.24903   83  138  754.00000  881.06381  16.9%   154  846s
 12205  9045  797.47620  132  135  754.00000  881.06381  16.9%   155  850s
 12368  9091  780.08282  103  105  754.00000  881.06381  16.9%   155  855s
 12669  9244  770.73636  127  120  754.00000  881.06381  16.9%   154  860s
 13134  9472  760.74851  171  111  754.00000  881.06381  16.9%   152  865s
 13485  9631  845.24454   37  145  754.00000  881.06381  16.9%   151  870s
 13674  9747  803.67260   69  110  754.00000  881.06381  16.9%   151  875s
 13808  9790  827.32974   69  135  754.00000  881.06381  16.9%   151  880s
 14091  9919  781.56902   53   96  754.00000  881.06381  16.9%   150  885s
 14337 10014  876.18488   35  176  754.00000  880.72312  16.8%   149  890s
 14651 10167  843.53603   45  146  754.00000  879.81940  16.7%   147  895s
 14795 10239  819.20426   74  133  754.00000  879.79244  16.7%   147  900s
 15063 10381  856.87447   35  143  754.00000  879.39271  16.6%   146  905s
 15175 10456  811.33162   91  126  754.00000  879.39271  16.6%   147  910s
 15302 10483  767.48650   45   94  754.00000  879.33607  16.6%   147  915s
 15560 10604  846.89322   63  145  754.00000  878.59247  16.5%   146  920s
 15940 10799  762.75907  112  134  754.00000  877.85821  16.4%   145  925s
 16334 10958  839.44533   64  155  754.00000  877.10794  16.3%   143  930s
 16516 11048  811.53982   61  117  754.00000  876.98348  16.3%   143  935s
 16713 11105  845.01486   61  143  754.00000  876.95518  16.3%   143  940s
 17004 11264  861.50435   30  157  754.00000  876.56139  16.3%   142  945s
 17194 11372  788.01827   89  104  754.00000  876.16551  16.2%   141  950s
 17432 11485  758.50729   58  107  754.00000  876.05379  16.2%   141  955s
 17698 11616  804.63780   91  121  754.00000  875.52257  16.1%   140  960s
 17957 11751  798.45616   53  112  754.00000  875.25523  16.1%   139  965s
 18214 11848  839.24305   26  131  754.00000  875.05923  16.1%   139  970s
 18554 12026  786.47126  108  115  754.00000  874.70095  16.0%   138  975s
 18763 12122  809.78674   51  120  754.00000  874.55275  16.0%   137  980s
 18924 12207  852.82960   42  150  754.00000  874.46159  16.0%   137  985s
 19184 12356  796.66143   79  106  754.00000  874.37670  16.0%   137  990s
 19429 12445  847.59370   35  136  754.00000  874.23663  15.9%   136  995s
 19654 12549  790.55375  106  114  754.00000  873.93559  15.9%   136 1000s
 19906 12651  775.99641   61   84  754.00000  873.77905  15.9%   135 1005s
 20197 12797  833.32432   60  117  754.00000  873.69717  15.9%   134 1010s
 20347 12863  854.50679   28  135  754.00000  873.46567  15.8%   134 1015s
 20429 12909  803.93119   70  112  754.00000  873.42862  15.8%   135 1020s
 20587 12954  852.30345   50  150  754.00000  873.40244  15.8%   135 1025s
 20834 13074  871.64813   37  164  754.00000  873.28640  15.8%   134 1030s
 21061 13200  831.88411   58  140  754.00000  873.11375  15.8%   134 1035s
 21333 13345  842.61906   39  121  754.00000  872.86552  15.8%   133 1040s
 21591 13456  815.66559   48  119  754.00000  872.57339  15.7%   132 1045s
 21730 13528  838.31417   45  126  754.00000  872.50481  15.7%   132 1050s
 21972 13650  850.03460   68  166  754.00000  872.36974  15.7%   131 1055s
 22236 13767  835.62035   58  148  754.00000  872.17728  15.7%   131 1060s
 22483 13898  846.44804   31  140  754.00000  871.97263  15.6%   130 1065s
 22770 14050  778.90410  108  123  754.00000  871.79305  15.6%   129 1070s
 22984 14149  768.70120  113  134  754.00000  871.62975  15.6%   130 1075s
 23350 14289  857.17626   36  154  754.00000  871.45916  15.6%   129 1080s
 23707 14473  813.73351   73  132  754.00000  871.11641  15.5%   128 1085s
 23896 14555  795.41021   40   96  754.00000  871.01386  15.5%   128 1090s
 24081 14629  834.24692   52  138  754.00000  870.96121  15.5%   128 1095s
 24165 14685  779.41306   94  122  754.00000  870.96121  15.5%   129 1100s
 24318 14731  783.05511  103  127  754.00000  870.88546  15.5%   129 1105s
 24540 14839  799.80029   76  121  754.00000  870.78479  15.5%   128 1110s
 24738 14942  827.46063   44  114  754.00000  870.69726  15.5%   128 1115s
 24960 15043  773.35806   77   91  754.00000  870.66391  15.5%   127 1120s
 25229 15182  790.54195  105  125  754.00000  870.59359  15.5%   127 1125s
 25442 15284  827.77335   51  120  754.00000  870.47057  15.4%   126 1130s
 25552 15355  763.94577  106  116  754.00000  870.47057  15.4%   127 1135s
 25782 15439  858.44139   54  159  754.00000  870.32642  15.4%   126 1140s
 26167 15641  810.32819  103  137  754.00000  870.16323  15.4%   126 1145s
 26530 15826  807.39855   75  122  754.00000  869.99488  15.4%   125 1150s
 26961 16020  759.81727   62   92  754.00000  869.82007  15.4%   124 1155s
 27237 16156  791.66666  102  148  754.00000  869.63600  15.3%   124 1160s
 27585 16301  848.78733   35  136  754.00000  869.51427  15.3%   123 1165s
 27795 16399  820.17040   61  113  754.00000  869.27258  15.3%   123 1170s
 28063 16513  837.85176   41  127  754.00000  869.19939  15.3%   123 1175s
 28289 16625  794.90980   54   93  754.00000  869.15677  15.3%   123 1180s
 28503 16700     cutoff   78       754.00000  868.97670  15.2%   122 1185s
 28872 16889  765.61589   93  129  754.00000  868.84114  15.2%   122 1190s
 29151 17006  793.32390   64  114  754.00000  868.74014  15.2%   121 1195s
 29461 17162  800.24963  106  133  754.00000  868.68444  15.2%   121 1200s
 29730 17302  761.63721  102  132  754.00000  868.64393  15.2%   120 1205s
 29999 17412  852.50060   71  162  754.00000  868.53194  15.2%   120 1210s
 30229 17516  817.42820   65  124  754.00000  868.47264  15.2%   120 1215s
 30406 17603  839.95699   41  134  754.00000  868.34586  15.2%   119 1220s
 30689 17756  849.68138   44  143  754.00000  868.22186  15.1%   119 1225s
 30932 17881  844.34909   65  139  754.00000  868.07363  15.1%   118 1230s
 31210 18009  828.30105   50  125  754.00000  867.93740  15.1%   118 1235s
 31376 18092  831.03322   51  126  754.00000  867.87869  15.1%   118 1240s
 31580 18194  772.22517   85  119  754.00000  867.87835  15.1%   119 1245s
 31888 18347  784.32784   65   97  754.00000  867.76557  15.1%   118 1251s
 32056 18417  847.79591   44  136  754.00000  867.67226  15.1%   118 1255s
 32324 18561  755.89913   60   75  754.00000  867.62159  15.1%   118 1260s
 32635 18697  835.95135   47  127  754.00000  867.54821  15.1%   117 1265s
 32717 18751  828.82811   88  131  754.00000  867.54821  15.1%   118 1270s
 32825 18818  758.45547  142  136  754.00000  867.54821  15.1%   118 1275s
 33081 18908  772.32210  122  129  754.00000  867.48266  15.1%   118 1280s
 33249 18945  777.94649   74  119  754.00000  867.34273  15.0%   118 1285s
 33501 19059  846.15677   32  127  754.00000  867.25986  15.0%   117 1290s
 33737 19191  771.73321  108  119  754.00000  867.15793  15.0%   117 1295s
 33881 19261  797.65906   69  114  754.00000  867.10955  15.0%   117 1300s
 34075 19342  829.57832   48  131  754.00000  867.02763  15.0%   117 1305s
 34343 19482  830.09434   53  125  754.00000  866.96358  15.0%   117 1310s
 34796 19857  772.72716   75   86  754.00000  866.85205  15.0%   116 1315s
 35055 20056  829.76894   42  117  754.00000  866.79639  15.0%   116 1320s
 35215 20166  803.63265   46   88  754.00000  866.79630  15.0%   117 1325s
 35477 20380  817.56184   59  129  754.00000  866.75332  15.0%   116 1330s
 35672 20519  825.56013   66  137  754.00000  866.56059  14.9%   116 1335s
 35865 20661  859.10368   58  163  754.00000  866.51152  14.9%   116 1340s
 36166 20901  835.98088   41  127  754.00000  866.40981  14.9%   116 1345s
 36346 21040  762.92874   73  110  754.00000  866.39361  14.9%   116 1350s
 36459 21131  796.76728   79  131  754.00000  866.36162  14.9%   116 1355s
 36709 21324  857.36494   48  159  754.00000  866.20595  14.9%   115 1360s
 36933 21523  806.76267   55   89  754.00000  866.10313  14.9%   115 1365s
 37222 21739  832.96776   41  127  754.00000  866.06145  14.9%   115 1370s
 37363 21848  759.65422   69   88  754.00000  866.04439  14.9%   115 1385s
 37482 21945  777.44235   79  122  754.00000  866.02773  14.9%   115 1390s
 37682 22077  759.40329   68  103  754.00000  866.02175  14.9%   115 1395s
 37952 22316  766.64566  133  130  754.00000  865.95150  14.8%   114 1400s
 38188 22508  823.15577   49  107  754.00000  865.91774  14.8%   114 1405s
 38425 22683  862.27867   49  163  754.00000  865.84927  14.8%   114 1410s
 38621 22847  820.28783   72  121  754.00000  865.79242  14.8%   114 1415s
 38890 23075  771.62114   97  142  754.00000  865.75503  14.8%   113 1420s
 39066 23204  758.51776   64  106  754.00000  865.71693  14.8%   113 1425s
 39432 23497  812.14216   70  120  754.00000  865.61543  14.8%   113 1430s
 39618 23649  824.63151   36  115  754.00000  865.53179  14.8%   113 1435s
 39829 23799  786.85326   72   94  754.00000  865.46128  14.8%   112 1440s
 40045 23967  825.34278   59  129  754.00000  865.37726  14.8%   112 1445s
 40250 24138  851.55505   26  139  754.00000  865.34633  14.8%   112 1450s
 40478 24337  848.37102   43  147  754.00000  865.22072  14.8%   112 1456s
 40656 24472  767.77208   63   83  754.00000  865.14027  14.7%   112 1460s
 40809 24609  775.82986   75  101  754.00000  865.09980  14.7%   112 1465s
 40994 24717  817.84310   57  117  754.00000  865.05539  14.7%   112 1470s
 41169 24846  759.16569   62  111  754.00000  865.04233  14.7%   112 1475s
 41406 25035  759.15873  110  129  754.00000  864.99659  14.7%   111 1480s
 41652 25226  847.69552   27  133  754.00000  864.83068  14.7%   111 1485s
 41854 25400  851.11788   46  145  754.00000  864.79389  14.7%   111 1490s
 42088 25565  842.17212   44  131  754.00000  864.77652  14.7%   111 1495s
 42468 25872  838.37207   40  134  754.00000  864.70884  14.7%   111 1500s
 42737 26086  831.33618   32  113  754.00000  864.61591  14.7%   111 1505s
 43059 26359  803.97485   74  112  754.00000  864.56330  14.7%   111 1510s
 43271 26510  839.74462   37  133  754.00000  864.52848  14.7%   111 1515s
 43502 26677  849.88357   59  152  754.00000  864.47829  14.7%   110 1520s
 43659 26808  815.17849   60  116  754.00000  864.46202  14.7%   110 1525s
 43884 26977  835.17121   34  121  754.00000  864.37494  14.6%   110 1530s
 44074 27138  768.69009   57   93  754.00000  864.35330  14.6%   110 1535s
 44331 27343  793.81005   86  132  754.00000  864.28318  14.6%   110 1540s
 44577 27554  776.06258   92  145  754.00000  864.20979  14.6%   109 1545s
 44794 27714  821.12308   47  113  754.00000  864.14721  14.6%   109 1550s
 45038 27917  779.67855   87  134  754.00000  864.12078  14.6%   109 1555s
 45190 28041  810.69255   47   96  754.00000  864.10576  14.6%   109 1560s
 45384 28192  766.18935  139  127  754.00000  864.10037  14.6%   109 1565s
 45629 28377  843.53691   38  137  754.00000  864.00554  14.6%   109 1570s
 46009 28684     cutoff   66       754.00000  863.93603  14.6%   109 1575s
 46233 28861  805.73052   57   97  754.00000  863.84220  14.6%   108 1580s
 46499 29073  768.27080   55   82  754.00000  863.76908  14.6%   108 1585s
 46765 29307  803.44473  107  145  754.00000  863.75371  14.6%   108 1590s
 46930 29442     cutoff  124       754.00000  863.73916  14.6%   108 1595s
 47190 29651  815.88348   95  126  754.00000  863.62768  14.5%   108 1600s
 47466 29887  819.15610   41  108  754.00000  863.58565  14.5%   108 1605s
 47871 30208  766.26536  118  132  754.00000  863.57072  14.5%   107 1610s
 48193 30441  785.91419   69  131  754.00000  863.50384  14.5%   107 1615s
 48626 30790  826.35659   54  119  754.00000  863.44029  14.5%   107 1620s
 48849 30963  817.26575   77  120  754.00000  863.43451  14.5%   107 1625s
 49041 31114  776.93857  109  134  754.00000  863.38443  14.5%   107 1630s
 49345 31365  798.48283   70  126  754.00000  863.32508  14.5%   107 1635s
 49602 31569  845.68248   57  154  754.00000  863.28755  14.5%   107 1640s
 49777 31717  798.53743   61   98  754.00000  863.25591  14.5%   107 1645s
 49967 31847     cutoff  130       754.00000  863.24551  14.5%   107 1650s
 50180 32030  763.98534   96  135  754.00000  863.22577  14.5%   107 1655s
 50371 32173  795.59856   51  101  754.00000  863.18564  14.5%   106 1661s
 50552 32309  831.62165   47  120  754.00000  863.13490  14.5%   106 1665s
 50796 32515  760.52462  119  131  754.00000  863.11553  14.5%   106 1670s
 50974 32659  780.76187   70  103  754.00000  863.05019  14.5%   106 1675s
 51357 32939  772.64676   62   93  754.00000  862.98062  14.5%   106 1680s
 51824 33305 infeasible   45       754.00000  862.86757  14.4%   106 1685s
 52257 33637  845.77640   37  133  754.00000  862.77136  14.4%   105 1690s
 52427 33779  814.09811   34  103  754.00000  862.72088  14.4%   105 1695s
 52630 33956     cutoff   98       754.00000  862.67986  14.4%   105 1700s
 52884 34172  770.12170  110  137  754.00000  862.63155  14.4%   105 1705s
 53029 34278  807.16162   77  113  754.00000  862.53007  14.4%   105 1710s
 53113 34355  763.45173  119  112  754.00000  862.53007  14.4%   105 1715s
 53353 34531  757.62549   97  122  754.00000  862.49403  14.4%   105 1720s
 53584 34682  803.37636   62  107  754.00000  862.47933  14.4%   105 1725s
 53761 34809  807.97267  127  144  754.00000  862.46264  14.4%   105 1730s
 53981 34983  758.64610   96  142  754.00000  862.40345  14.4%   105 1735s
 54238 35180  769.83739  148  130  754.00000  862.38612  14.4%   105 1740s
 54489 35384  840.76045   44  130  754.00000  862.35110  14.4%   104 1745s
 54776 35624  782.97042   79  134  754.00000  862.30650  14.4%   104 1750s
 55271 36004     cutoff   79       754.00000  862.21772  14.4%   104 1755s
 55444 36123  776.21591   45   74  754.00000  862.16780  14.3%   104 1760s
 55646 36274  772.00576  122  116  754.00000  862.14365  14.3%   104 1765s
 55989 36548  784.09460   76  117  754.00000  862.12041  14.3%   104 1771s
 56166 36671  832.87446   57  125  754.00000  862.08048  14.3%   104 1775s
 56338 36798  777.26852   78  118  754.00000  862.06658  14.3%   104 1780s
 56611 37005  775.66250   59   98  754.00000  862.05376  14.3%   104 1785s
 56914 37255  816.17769   42  108  754.00000  861.97267  14.3%   104 1790s
 57266 37553  794.97557   59  114  754.00000  861.92050  14.3%   103 1795s

Cutting planes:
  MIR: 12
  Flow cover: 49
  Zero half: 35

Explored 57478 nodes (5946426 simplex iterations) in 1800.01 seconds (659.39 work units)
Thread count was 1 (of 12 available processors)

Solution count 10: 754 739 735 ... 704

Time limit reached
Best objective 7.540000000000e+02, best bound 8.610000000000e+02, gap 14.1910%
