
Gurobi 12.0.2 (linux64, C++) logging started Thu Jun 19 08:00:19 2025

Set parameter LogFile to value "log/instances/scenario1/fully_correlated_sc1/300/kpfs_10.txt.log"

Gurobi 12.0.2 (linux64, C++) logging started Thu Jun 19 08:01:42 2025

Set parameter LogFile to value "log/instances/scenario1/fully_correlated_sc1/300/kpfs_10.txt.log"

Gurobi 12.0.2 (linux64, C++) logging started Thu Jun 19 08:02:53 2025

Set parameter LogFile to value "log/instances/scenario1/fully_correlated_sc1/300/kpfs_10.txt.log"

Gurobi 12.0.2 (linux64, C++) logging started Thu Jun 19 08:03:57 2025

Set parameter LogFile to value "log/instances/scenario1/fully_correlated_sc1/300/kpfs_10.txt.log"

Gurobi 12.0.2 (linux64, C++) logging started Thu Jun 19 13:07:20 2025

Set parameter WLSAccessID
Set parameter WLSSecret
Set parameter LicenseID to value 2679381
Set parameter LogFile to value "log/instances/scenario1/fully_correlated_sc1/300/kpfs_10.txt.log"
Academic license 2679381 - for non-commercial use only - registered to be___@poli.ufrj.br
Set parameter TimeLimit to value 1800
Set parameter Threads to value 1
Gurobi Optimizer version 12.0.2 build v12.0.2rc0 (linux64 - "Ubuntu 24.04.1 LTS")

CPU model: 13th Gen Intel(R) Core(TM) i7-1355U, instruction set [SSE2|AVX|AVX2]
Thread count: 6 physical cores, 12 logical processors, using up to 1 threads

Non-default parameters:
TimeLimit  1800
Threads  1

Academic license 2679381 - for non-commercial use only - registered to be___@poli.ufrj.br
Optimize a model with 1502 rows, 1800 columns and 9280 nonzeros
Model fingerprint: 0x27335797
Variable types: 0 continuous, 1800 integer (300 binary)
Coefficient statistics:
  Matrix range     [1e+00, 3e+01]
  Objective range  [7e+00, 4e+01]
  Bounds range     [1e+00, 5e+00]
  RHS range        [1e+00, 5e+02]
Found heuristic solution: objective 472.0000000
Presolve removed 1 rows and 297 columns
Presolve time: 0.05s
Presolved: 1501 rows, 1503 columns, 8684 nonzeros
Variable types: 0 continuous, 1503 integer (300 binary)

Root relaxation: objective 9.130079e+02, 1127 iterations, 0.35 seconds (0.11 work units)

    Nodes    |    Current Node    |     Objective Bounds      |     Work
 Expl Unexpl |  Obj  Depth IntInf | Incumbent    BestBd   Gap | It/Node Time

     0     0  913.00787    0  205  472.00000  913.00787  93.4%     -    0s
H    0     0                     473.0000000  913.00787  93.0%     -    0s
H    0     0                     482.0000000  913.00787  89.4%     -    0s
H    0     0                     488.0000000  913.00787  87.1%     -    0s
H    0     0                     494.0000000  913.00787  84.8%     -    0s
H    0     0                     500.0000000  913.00787  82.6%     -    0s
H    0     0                     603.0000000  913.00787  51.4%     -    0s
     0     0  911.84393    0  203  603.00000  911.84393  51.2%     -    1s
H    0     0                     609.0000000  911.80820  49.7%     -    1s
H    0     0                     616.0000000  911.80820  48.0%     -    1s
H    0     0                     618.0000000  911.80820  47.5%     -    1s
H    0     0                     630.0000000  911.80820  44.7%     -    1s
H    0     0                     644.0000000  911.80820  41.6%     -    1s
H    0     0                     688.0000000  911.80820  32.5%     -    1s
     0     0  911.47291    0  204  688.00000  911.47291  32.5%     -    2s
     0     0  911.46830    0  202  688.00000  911.46830  32.5%     -    2s
     0     0  911.46830    0  202  688.00000  911.46830  32.5%     -    2s
     0     0  910.83890    0  212  688.00000  910.83890  32.4%     -    3s
     0     0  910.83696    0  212  688.00000  910.83696  32.4%     -    3s
     0     0  910.20792    0  210  688.00000  910.20792  32.3%     -    4s
     0     0  910.11064    0  208  688.00000  910.11064  32.3%     -    4s
     0     0  910.10491    0  210  688.00000  910.10491  32.3%     -    4s
     0     0  909.97661    0  212  688.00000  909.97661  32.3%     -    4s
     0     0  909.97596    0  212  688.00000  909.97596  32.3%     -    4s
     0     0  909.95084    0  213  688.00000  909.95084  32.3%     -    5s
H    0     0                     697.0000000  909.95036  30.6%     -    9s
H    0     0                     703.0000000  909.95036  29.4%     -   10s
H    0     0                     713.0000000  909.95036  27.6%     -   10s
     0     0  909.94975    0  214  713.00000  909.94975  27.6%     -   11s
     0     0  909.94968    0  214  713.00000  909.94968  27.6%     -   11s
     0     2  909.94608    0  214  713.00000  909.94608  27.6%     -   14s
     6     8  888.38329    3  181  713.00000  908.61306  27.4%   296   15s
H   27    27                     717.0000000  908.60884  26.7%   174   18s
H   27    27                     722.0000000  908.60884  25.8%   174   21s
   125   127  848.43542  110  148  722.00000  908.60884  25.8%   135   25s
H  300   274                     725.0000000  908.20907  25.3%   133   30s
   525   468  840.61510   55  155  725.00000  907.60187  25.2%   125   35s
   550   491  742.54006  164  211  725.00000  907.60187  25.2%   125   43s
   553   493  841.88120   96  215  725.00000  907.60187  25.2%   125   45s
   559   497  845.97884   47  212  725.00000  907.59081  25.2%   123   51s
   600   526  890.60641   34  199  725.00000  895.08514  23.5%   147   55s
   649   559  851.87289   58  154  725.00000  895.08514  23.5%   166   60s
   696   590  855.71187   82  182  725.00000  895.08514  23.5%   177   65s
   779   646  809.71752  123  132  725.00000  895.08514  23.5%   190   70s
   835   683  775.50185  151  107  725.00000  895.08514  23.5%   196   76s
   959   729  892.89454   17  184  725.00000  894.98204  23.4%   191   81s
   979   742  877.42542   27  171  725.00000  894.98204  23.4%   196   86s
  1046   787  819.15170   60  131  725.00000  894.98204  23.4%   208   90s
  1120   836  779.91163   97  104  725.00000  894.98204  23.4%   214   97s
  1190   883  778.64065  132  104  725.00000  894.98204  23.4%   215  100s
  1343   956  816.83654   42  117  725.00000  892.25407  23.1%   213  105s
  1505  1064  746.23518  123   77  725.00000  892.25407  23.1%   212  110s
  1609  1093  820.06266   45  122  725.00000  892.14756  23.1%   211  115s
  1777  1173     cutoff  129       725.00000  892.14756  23.1%   209  120s
  1866  1210  831.10676   54  136  725.00000  889.33325  22.7%   214  125s
  1939  1259  814.84430   91  140  725.00000  889.33325  22.7%   217  130s
  2042  1328  747.25083  142   91  725.00000  889.33325  22.7%   218  135s
  2151  1382  847.45216   26  136  725.00000  889.33081  22.7%   214  140s
  2311  1542  768.79897  106   93  725.00000  889.33081  22.7%   217  145s
  2489  1672  816.43542   53  133  725.00000  888.03486  22.5%   216  150s
  2526  1709  820.59560   72  138  725.00000  888.03486  22.5%   218  155s
  2755  1879  832.78317   40  135  725.00000  888.02321  22.5%   216  160s
  2939  2059  749.28843  132  109  725.00000  888.02321  22.5%   218  165s
  3224  2264  857.41474   53  166  725.00000  887.91580  22.5%   208  170s
  3599  2597  798.28901   55  111  725.00000  886.42539  22.3%   198  175s
  3825  2801  746.02022  143  124  725.00000  886.38862  22.3%   194  180s
  4038  2966  854.60829   41  168  725.00000  885.28371  22.1%   189  185s
  4354  3248  812.80241   33  110  725.00000  884.94545  22.1%   182  190s
  4619  3493  804.90582   46  111  725.00000  884.10540  21.9%   179  195s
  4829  3657  862.95784   29  165  725.00000  883.83356  21.9%   178  200s
  5115  3918  774.76795   92  121  725.00000  883.63985  21.9%   173  205s
  5333  4111  755.14450  123  116  725.00000  883.19708  21.8%   169  210s
  5538  4271  759.82224   40   82  725.00000  882.40889  21.7%   166  215s
  5810  4504  836.36045   65  151  725.00000  881.27117  21.6%   162  220s
  6257  4906  828.81434   50  134  725.00000  880.94264  21.5%   156  225s
  6458  5094  829.69081   60  130  725.00000  880.84256  21.5%   157  230s
  6486  5122  822.74115   74  133  725.00000  880.84256  21.5%   158  237s
  6536  5172  790.14758   99  109  725.00000  880.84256  21.5%   158  240s
  6713  5293  863.06169   20  150  725.00000  880.74028  21.5%   158  245s
  6994  5536  864.88802   36  168  725.00000  880.01580  21.4%   155  250s
  7197  5718  831.56487   57  138  725.00000  879.98979  21.4%   153  264s
  7224  5740  857.04305   31  152  725.00000  879.95170  21.4%   153  265s
  7494  5992  783.14353   88  111  725.00000  879.74830  21.3%   150  270s
  7755  6215  817.47209   25  110  725.00000  879.34069  21.3%   147  275s
  8026  6441  819.25157   78  135  725.00000  878.97606  21.2%   145  280s
  8204  6589  808.62970   42  112  725.00000  878.44233  21.2%   144  285s
  8314  6699  757.22491   97  110  725.00000  878.44233  21.2%   145  290s
  8653  6985  749.78515  105  108  725.00000  878.34439  21.2%   143  295s
  9037  7323  831.06198   34  125  725.00000  877.81468  21.1%   140  300s
  9408  7659  732.06856  135  121  725.00000  877.56631  21.0%   139  305s
  9750  7944  854.03057   30  151  725.00000  877.02265  21.0%   136  320s
H 9839  7728                     733.0000000  876.87035  19.6%   136  326s
  9839  7730  792.01449   76  115  733.00000  876.87035  19.6%   136  330s
 10006  7880  786.29304   69  102  733.00000  876.79753  19.6%   136  335s
 10174  8013  841.30631   46  164  733.00000  876.77251  19.6%   137  340s
H10202  7929                     735.0000000  876.77251  19.3%   137  438s
H10202  7690                     739.0000000  876.77251  18.6%   137  445s
 10205  7692  784.76727   91  205  739.00000  876.77251  18.6%   137  450s
 10206  7693  783.82224   30  207  739.00000  876.77251  18.6%   137  455s
 10212  7697  782.91159   45  222  739.00000  876.77251  18.6%   137  460s
 10214  7698  850.30930   70  218  739.00000  876.77251  18.6%   137  465s
 10217  7700  800.05862   67  217  739.00000  876.77251  18.6%   137  472s
 10218  7701  740.42163  123  213  739.00000  876.77251  18.6%   137  475s
 10221  7703  857.33549   33  216  739.00000  876.77251  18.6%   137  482s
 10223  7704  806.36280   82  215  739.00000  876.77251  18.6%   137  488s
 10224  7705  825.60165   45  215  739.00000  876.77251  18.6%   137  490s
 10227  7707  781.09175   94  219  739.00000  876.77251  18.6%   137  496s
 10229  7708  813.41724   67  220  739.00000  876.77251  18.6%   137  500s
 10232  7710  770.78978  101  216  739.00000  876.77251  18.6%   137  505s
 10234  7712  780.37474  107  218  739.00000  876.77251  18.6%   137  510s
 10236  7713  862.48863   34  218  739.00000  876.77251  18.6%   136  515s
 10238  7714  756.24268   97  216  739.00000  876.77251  18.6%   136  521s
 10239  7715  788.69181   96  215  739.00000  876.77251  18.6%   136  525s
 10245  7719  789.29914   76  217  739.00000  876.77251  18.6%   136  530s
 10249  7722  810.86695   44  221  739.00000  876.77251  18.6%   136  535s
 10251  7723  789.59716   57  218  739.00000  876.77251  18.6%   136  541s
 10253  7724  745.14350  144  216  739.00000  876.77251  18.6%   136  545s
 10256  7726  846.93666   52  217  739.00000  876.77251  18.6%   136  551s
 10258  7728  800.86964   65  221  739.00000  876.77251  18.6%   136  556s
 10260  7729  792.00387   77  218  739.00000  876.77251  18.6%   136  560s
 10262  7730  743.75076  115  218  739.00000  876.77251  18.6%   136  565s
 10264  7732  759.28637  123  218  739.00000  876.77251  18.6%   136  570s
 10267  7734  788.09441   99  212  739.00000  876.77251  18.6%   136  575s
 10271  7736  804.85292   56  216  739.00000  876.77251  18.6%   136  580s
 10277  7740  814.14723   75  217  739.00000  876.77251  18.6%   136  585s
 10281  7743  857.37896   26  218  739.00000  876.77251  18.6%   136  590s
 10286  7746  743.72899   49  221  739.00000  876.77251  18.6%   136  595s
 10290  7749  767.29050  115  219  739.00000  876.77251  18.6%   136  600s
 10292  7750  790.37989   58  219  739.00000  876.77251  18.6%   136  608s
 10296  7755  876.77251   28  187  739.00000  876.77251  18.6%   136  610s
 10317  7769  876.77251   39  210  739.00000  876.77251  18.6%   137  615s
 10336  7782  862.86296   48  174  739.00000  876.77251  18.6%   137  620s
 10353  7793  876.77251   57  201  739.00000  876.77251  18.6%   138  625s
H10370  7413                     743.0000000  876.77251  18.0%   138  635s
 10370  7415  862.25013   65  171  743.00000  876.77251  18.0%   138  659s
 10372  7417  859.57740   66  166  743.00000  876.77251  18.0%   138  660s
 10386  7426  850.04316   73  165  743.00000  876.77251  18.0%   139  672s
 10397  7433  862.27725   79  191  743.00000  876.77251  18.0%   139  675s
 10417  7447  853.61928   89  184  743.00000  876.77251  18.0%   139  680s
 10438  7461  827.56076   99  147  743.00000  876.77251  18.0%   140  685s
 10459  7475  838.55604  110  169  743.00000  876.77251  18.0%   140  691s
 10483  7491  828.64861  122  160  743.00000  876.77251  18.0%   140  695s
 10534  7525  796.42706  147  119  743.00000  876.77251  18.0%   141  700s
 10571  7549  784.26539  166  120  743.00000  876.77251  18.0%   141  705s
 10622  7580  752.39611  191   86  743.00000  876.77251  18.0%   142  710s
 10677  7583  868.55842   35  159  743.00000  876.77251  18.0%   142  715s
 10705  7602  854.78554   49  160  743.00000  876.77251  18.0%   143  720s
 10726  7616  854.62065   60  168  743.00000  876.77251  18.0%   143  725s
 10748  7630  844.91994   71  157  743.00000  876.77251  18.0%   143  730s
 10779  7651  817.53175   86  130  743.00000  876.77251  18.0%   144  735s
 10819  7678  805.81128  106  121  743.00000  876.77251  18.0%   145  740s
 10885  7722  758.45059  139  102  743.00000  876.77251  18.0%   145  745s
 10987  7745  836.31165   42  128  743.00000  876.77251  18.0%   146  750s
 11081  7807  763.82729   89   99  743.00000  876.77251  18.0%   147  755s
 11168  7833  853.16059   32  144  743.00000  876.77251  18.0%   147  760s
 11226  7872  819.10127   61  120  743.00000  876.77251  18.0%   148  765s
 11403  7960  865.24917   32  158  743.00000  876.77251  18.0%   149  770s
 11481  8012  823.72836   71  130  743.00000  876.77251  18.0%   151  775s
 11607  8094     cutoff  134       743.00000  876.77251  18.0%   152  780s
 11693  8106  850.77512   46  154  743.00000  876.77251  18.0%   152  785s
 11745  8141  824.94455   72  134  743.00000  876.77251  18.0%   153  790s
 11785  8168  813.03074   92  127  743.00000  876.77251  18.0%   154  795s
 11865  8221  785.26667  132  119  743.00000  876.77251  18.0%   155  800s
 11990  8266  849.65171   42  152  743.00000  876.77251  18.0%   155  805s
 12054  8309  826.54363   74  121  743.00000  876.77251  18.0%   156  810s
 12158  8378  774.30258  126  101  743.00000  876.77251  18.0%   157  815s
 12274  8418  849.48698   42  150  743.00000  876.77251  18.0%   157  820s
 12336  8459  802.62461   73  121  743.00000  876.77251  18.0%   158  825s
 12422  8516  769.30227  116   92  743.00000  876.77251  18.0%   159  830s
 12631  8613  853.28052   70  164  743.00000  876.77251  18.0%   159  835s
 12788  8710  749.68130  184   96  743.00000  876.77251  18.0%   159  849s
 12806  8703  863.10647   37  162  743.00000  876.77251  18.0%   158  850s
 13050  8848  777.97050  113  101  743.00000  876.77251  18.0%   158  855s
 13247  8959  756.02376  140   88  743.00000  876.77251  18.0%   157  861s
 13340  9003  818.55871   95  138  743.00000  876.77251  18.0%   157  865s
 13638  9167  852.62873   37  151  743.00000  876.77251  18.0%   156  870s
 13812  9259  847.63818   38  148  743.00000  876.77251  18.0%   156  875s
 13953  9340  813.83606   66  121  743.00000  876.77251  18.0%   156  880s
 14134  9431  826.69087   50  137  743.00000  876.77251  18.0%   156  885s
 14434  9587  843.31236   52  141  743.00000  876.77251  18.0%   155  890s
 14674  9697  789.15147   66   98  743.00000  876.44772  18.0%   154  895s
 14823  9764  875.72620   45  173  743.00000  876.16458  17.9%   154  910s
 15079  9912  776.26335  109   90  743.00000  875.85076  17.9%   153  915s
 15424 10094  845.17406   47  154  743.00000  875.67238  17.9%   151  920s
 15567 10179  776.85285   87   88  743.00000  875.62761  17.9%   152  925s
 15705 10230  834.30490   53  139  743.00000  875.53778  17.8%   152  930s
 15934 10344  825.55476   60  135  743.00000  874.65958  17.7%   151  935s
 16218 10488  834.71546   56  139  743.00000  874.32597  17.7%   150  940s
 16461 10632  769.88900  138  111  743.00000  874.22839  17.7%   149  945s
 16655 10706  838.03381   63  153  743.00000  873.88676  17.6%   148  950s
 16848 10813  842.28760   52  137  743.00000  873.84709  17.6%   148  955s
 16974 10889  769.46203   77   88  743.00000  873.68116  17.6%   148  960s
 17145 10967  745.72132  142   86  743.00000  873.61032  17.6%   147  965s
 17492 11138  864.79926   59  169  743.00000  873.18065  17.5%   146  970s
 17699 11239  796.02771   78  108  743.00000  872.67787  17.5%   146  975s
 17904 11345  779.12454  134  117  743.00000  872.61464  17.4%   145  980s
 18149 11453  764.48022   96   96  743.00000  872.34663  17.4%   144  985s
 18338 11528  822.47737   48  127  743.00000  871.82736  17.3%   144  990s
 18510 11612  809.64990   69  113  743.00000  871.81392  17.3%   144  995s
 18702 11695  838.74509   53  150  743.00000  871.65038  17.3%   144 1000s
 18938 11832  748.30327  131   91  743.00000  871.59014  17.3%   143 1005s
 19125 11916  817.64385   56  129  743.00000  871.51408  17.3%   142 1010s
 19349 12043  768.53564  100   82  743.00000  871.31725  17.3%   142 1015s
 19562 12125  848.41238   47  152  743.00000  871.09880  17.2%   141 1020s
 19784 12254  782.56814  124  116  743.00000  870.95746  17.2%   140 1025s
 19897 12320  785.65987   71  104  743.00000  870.94991  17.2%   141 1031s
 20021 12372  832.30749   69  151  743.00000  870.90540  17.2%   141 1035s
 20202 12461  815.89208   51  119  743.00000  870.79009  17.2%   140 1040s
 20421 12582  759.72912  148  105  743.00000  870.74109  17.2%   140 1045s
 20726 12721  763.95734  114   97  743.00000  870.29504  17.1%   139 1050s
 20997 12866  758.98076   91   82  743.00000  869.92723  17.1%   138 1055s
 21207 12954  781.69593   71  100  743.00000  869.73698  17.1%   138 1060s
 21331 13024     cutoff  133       743.00000  869.73698  17.1%   139 1065s
 21540 13108  827.47471   60  139  743.00000  869.55972  17.0%   138 1070s
 21950 13323  801.75272   63  116  743.00000  869.46524  17.0%   137 1075s
 22313 13509  836.06532   56  140  743.00000  869.33145  17.0%   136 1080s
 22544 13608  827.62723   42  119  743.00000  869.15254  17.0%   136 1085s
 22729 13706  767.89863  118  101  743.00000  869.12030  17.0%   136 1095s
 22860 13764  771.59481  130  100  743.00000  868.97391  17.0%   135 1100s
 23053 13838  744.11571   75   80  743.00000  868.62830  16.9%   135 1105s
 23284 13960  823.34323   67  132  743.00000  868.48200  16.9%   134 1110s
 23577 14112  763.03318   92   94  743.00000  868.30766  16.9%   134 1115s
 23789 14209  789.17941   65   97  743.00000  868.11248  16.8%   134 1120s
 24000 14297  799.14990   64   91  743.00000  867.93073  16.8%   133 1125s
 24276 14421  842.62007   45  151  743.00000  867.64347  16.8%   133 1130s
 24479 14535  754.68686  120   96  743.00000  867.61814  16.8%   132 1135s
 24965 14762  803.63810  108  133  743.00000  867.33114  16.7%   132 1140s
 25187 14873  816.44600   64  129  743.00000  867.10601  16.7%   132 1145s
 25501 15033  788.78447   98  116  743.00000  866.87524  16.7%   131 1150s
 25777 15170  784.27490   93  114  743.00000  866.77168  16.7%   130 1155s
 26091 15322  806.83598   78  119  743.00000  866.45427  16.6%   130 1160s
 26399 15473  826.20980   63  123  743.00000  866.37649  16.6%   130 1165s
 26499 15536  744.85159  113   82  743.00000  866.37649  16.6%   130 1170s
 26806 15673  795.59281   64   90  743.00000  866.20735  16.6%   129 1175s
 27336 15914  826.53326   76  140  743.00000  865.84893  16.5%   128 1180s
 27700 16091  851.52212   47  147  743.00000  865.65730  16.5%   128 1185s
 28248 16351  835.55610   37  127  743.00000  865.18528  16.4%   127 1190s
 28583 16496  834.20531   49  133  743.00000  865.07283  16.4%   127 1195s
 28768 16597  836.55956   54  146  743.00000  865.02678  16.4%   127 1201s
 28924 16681  837.21453   55  145  743.00000  865.01572  16.4%   127 1205s
 29279 16856  852.46653   52  155  743.00000  864.92017  16.4%   127 1210s
 29497 16946  850.19961   39  140  743.00000  864.75558  16.4%   126 1215s
 29745 17065  838.82263   40  135  743.00000  864.55410  16.4%   126 1220s
 30116 17255  850.51855   42  147  743.00000  864.42125  16.3%   126 1225s
 30350 17383  811.12913   73  137  743.00000  864.31173  16.3%   125 1230s
 30544 17489  763.02701   51   95  743.00000  864.23657  16.3%   125 1235s
 30760 17593  847.43992   51  152  743.00000  864.17211  16.3%   125 1240s
 30936 17655  826.31570   54  118  743.00000  864.07915  16.3%   125 1245s
 31171 17773  771.51769   62   91  743.00000  863.95132  16.3%   124 1250s
 31412 17875  829.52895   65  128  743.00000  863.90740  16.3%   124 1255s
 31804 18088  764.74263   90   88  743.00000  863.72258  16.2%   123 1260s
 32147 18255  844.63350   36  141  743.00000  863.53834  16.2%   123 1265s
 32306 18329  858.81028   55  151  743.00000  863.50800  16.2%   123 1270s
 32345 18355  810.43508   74  104  743.00000  863.50800  16.2%   123 1275s
 32425 18419     cutoff  114       743.00000  863.50800  16.2%   123 1280s
 32606 18555  772.62502   88   97  743.00000  863.42627  16.2%   123 1285s
 32806 18720  749.57336   71   99  743.00000  863.40825  16.2%   123 1290s
 33029 18894  844.47904   43  147  743.00000  863.25086  16.2%   123 1295s
 33219 19056  845.76897   43  141  743.00000  863.21726  16.2%   122 1300s
 33378 19180  804.22746   75  106  743.00000  863.13782  16.2%   122 1305s
 33617 19374  824.68422   57  122  743.00000  863.09064  16.2%   122 1310s
 33728 19477  757.98372  113   95  743.00000  863.09064  16.2%   122 1315s
 33980 19667  746.41822   84   91  743.00000  862.99255  16.1%   122 1320s
 34425 20015  769.15330   99   91  743.00000  862.85634  16.1%   121 1325s
 34873 20389  827.96940   80  139  743.00000  862.81577  16.1%   121 1330s
 35247 20693  830.74064   51  132  743.00000  862.69550  16.1%   121 1335s
 35418 20839  772.33267  106  112  743.00000  862.62989  16.1%   121 1340s
 35716 21073  794.79549   62   99  743.00000  862.31682  16.1%   121 1345s
 35962 21281  808.40090   63  115  743.00000  862.31181  16.1%   121 1350s
 36166 21457  796.47906  114  126  743.00000  862.23294  16.0%   121 1355s
 36487 21729  837.04866   68  141  743.00000  862.14403  16.0%   120 1360s
 36693 21886  827.73125   46  118  743.00000  862.01780  16.0%   120 1365s
 36938 22071  836.17609   46  127  743.00000  861.93671  16.0%   120 1370s
 37096 22214  767.64353  129  100  743.00000  861.90334  16.0%   120 1375s
 37262 22354  822.71879   79  128  743.00000  861.87010  16.0%   120 1380s
 37580 22613  832.04209   61  128  743.00000  861.80595  16.0%   120 1385s
 37861 22856  832.60566   50  138  743.00000  861.71992  16.0%   119 1390s
 38107 23056  848.49131   41  141  743.00000  861.62135  16.0%   119 1395s
 38330 23208  801.32085   63  104  743.00000  861.59219  16.0%   119 1400s
 38500 23338  845.46968   48  132  743.00000  861.57340  16.0%   119 1406s
 38882 23654  842.86534   54  151  743.00000  861.37997  15.9%   119 1410s
 39328 24005  806.93987   97  119  743.00000  861.29670  15.9%   119 1415s
 39653 24272  798.48835   58  103  743.00000  861.24624  15.9%   118 1420s
 39896 24452  773.94003  107  102  743.00000  861.17827  15.9%   118 1425s
 40180 24687  860.10063   44  163  743.00000  861.05943  15.9%   118 1430s
 40526 24978  784.49818   81   94  743.00000  860.98779  15.9%   117 1435s
 40779 25155  837.74323   49  136  743.00000  860.79305  15.9%   117 1440s
H40793 25128                     744.0000000  860.79305  15.7%   117 1441s
 40946 25241  819.34248   70  129  744.00000  860.67805  15.7%   117 1445s
 41382 25615  820.45685   65  122  744.00000  860.49525  15.7%   117 1450s
 41729 25901  821.97706   46  121  744.00000  860.35037  15.6%   116 1455s
 42020 26134  834.05471   68  142  744.00000  860.19095  15.6%   117 1460s
 42547 26536  841.16006   50  147  744.00000  860.04212  15.6%   116 1465s
 42869 26818  792.76915   83  104  744.00000  859.96769  15.6%   116 1470s
 43014 26946  785.19685   70   86  744.00000  859.92802  15.6%   116 1475s
 43366 27239  812.68331   79  125  744.00000  859.83065  15.6%   116 1480s
 43702 27526  804.98423   74  112  744.00000  859.78106  15.6%   116 1485s
 44057 27777  841.72283   37  137  744.00000  859.66446  15.5%   115 1490s
 44315 28007  787.32369   78   97  744.00000  859.63498  15.5%   115 1495s
 44865 28411  809.42075   63  116  744.00000  859.52239  15.5%   115 1500s
 45201 28666  838.67500   51  137  744.00000  859.38755  15.5%   115 1505s
 45227 28692  803.75172   77  113  744.00000  859.38755  15.5%   115 1517s
 45413 28835  749.41336   76   74  744.00000  859.27953  15.5%   115 1520s
 45755 29116  779.72288   74   84  744.00000  859.18292  15.5%   114 1525s
 46111 29369  842.25759   42  140  744.00000  859.06686  15.5%   114 1530s
 46430 29646  824.00066   72  120  744.00000  859.01520  15.5%   114 1535s
 46697 29861  833.93857   57  136  744.00000  858.98617  15.5%   114 1540s
 47050 30138  826.04042   76  132  744.00000  858.90108  15.4%   114 1545s
 47483 30496  748.94560   99   77  744.00000  858.67496  15.4%   114 1550s
 47844 30766  840.22396   66  141  744.00000  858.56252  15.4%   113 1555s
 48175 31049  766.26734  104  101  744.00000  858.53935  15.4%   113 1560s
 48511 31317  824.12995   50  133  744.00000  858.35538  15.4%   113 1565s
 48820 31572  821.63616   54  115  744.00000  858.27347  15.4%   113 1570s
 49044 31757  837.96582   38  132  744.00000  858.26755  15.4%   113 1575s
 49323 31992  794.75772   45   92  744.00000  858.24629  15.4%   113 1580s
 49656 32232  830.73821   57  140  744.00000  858.17896  15.3%   112 1585s
 49970 32473  808.46585   57  111  744.00000  858.11024  15.3%   112 1590s
 50260 32707  795.48720   67  105  744.00000  858.03934  15.3%   112 1595s
 50551 32930  807.14225   58  113  744.00000  857.93097  15.3%   112 1600s
 50921 33241  811.60261   87  125  744.00000  857.80253  15.3%   112 1605s
 51164 33450  767.53404   71   87  744.00000  857.74888  15.3%   112 1611s
 51434 33672  824.58664   58  132  744.00000  857.67867  15.3%   112 1615s
 51771 33937  767.91305   70   93  744.00000  857.55981  15.3%   112 1620s
 52213 34302  777.04313   55   83  744.00000  857.49448  15.3%   112 1625s
 52463 34498  786.88179   84  106  744.00000  857.46287  15.3%   112 1630s
 52763 34729  789.11194   82  104  744.00000  857.42116  15.2%   112 1635s
 53067 34973  756.14143  100   79  744.00000  857.29433  15.2%   111 1640s
 53297 35128  833.99295   58  125  744.00000  857.16641  15.2%   111 1645s
 53532 35323  823.10786   68  129  744.00000  857.08118  15.2%   111 1650s
 53752 35507  778.21669   83   97  744.00000  857.04029  15.2%   111 1655s
 53996 35701  802.83986   46   87  744.00000  856.97003  15.2%   111 1660s
 54143 35818  829.47524   44  126  744.00000  856.92991  15.2%   111 1669s
 54177 35852  781.44036   78  101  744.00000  856.92991  15.2%   111 1670s
 54385 36010  799.70980   73  117  744.00000  856.88771  15.2%   111 1675s
 54481 36104  746.63026  121   80  744.00000  856.88771  15.2%   111 1680s
 54840 36364  834.37626   39  138  744.00000  856.79433  15.2%   111 1685s
 55270 36700  803.58128   63  110  744.00000  856.73894  15.2%   111 1690s
 55692 37049  788.42705  100  107  744.00000  856.63998  15.1%   110 1695s
 55974 37286  813.26135   69  128  744.00000  856.61017  15.1%   110 1700s
 56265 37507  852.95134   46  158  744.00000  856.57851  15.1%   110 1705s
 56534 37737  747.50987  106   70  744.00000  856.53384  15.1%   110 1710s
 56699 37871  801.78098   62   98  744.00000  856.51496  15.1%   110 1715s
 56964 38089  765.44971  105  101  744.00000  856.49165  15.1%   110 1720s
 57212 38284  820.12305   93  141  744.00000  856.47420  15.1%   110 1725s
 57500 38528  767.87531   51  101  744.00000  856.43899  15.1%   110 1730s
 57811 38750  804.84567   48   89  744.00000  856.42171  15.1%   109 1735s
 58115 39001  777.69536   92   95  744.00000  856.39160  15.1%   109 1740s
 58412 39240  801.99978   72  101  744.00000  856.31264  15.1%   109 1745s
 58602 39396  840.25329   40  126  744.00000  856.27660  15.1%   109 1750s
 58879 39622  840.50478   44  134  744.00000  856.18591  15.1%   109 1755s
 58967 39710  776.07954   88   97  744.00000  856.18591  15.1%   109 1760s
 59192 39884  765.08719   82   87  744.00000  856.17545  15.1%   109 1765s
 59436 40073  802.08296   72  116  744.00000  856.12525  15.1%   109 1770s
 59722 40291  835.32354   47  128  744.00000  856.03436  15.1%   109 1775s
 60108 40606  754.78654   82   78  744.00000  855.96664  15.0%   109 1781s
 60294 40743  813.09480   70  112  744.00000  855.95145  15.0%   109 1785s
 60551 40949  789.49310   70   98  744.00000  855.88877  15.0%   109 1790s
 60837 41164  838.19017   68  135  744.00000  855.81135  15.0%   108 1795s

Cutting planes:
  MIR: 11
  Flow cover: 56
  Zero half: 34

Explored 61087 nodes (6614063 simplex iterations) in 1800.02 seconds (711.29 work units)
Thread count was 1 (of 12 available processors)

Solution count 10: 744 743 739 ... 703

Time limit reached
Best objective 7.440000000000e+02, best bound 8.550000000000e+02, gap 14.9194%
