
Gurobi 12.0.2 (linux64, C++) logging started Thu Jun 19 08:00:19 2025

Set parameter LogFile to value "log/instances/scenario1/fully_correlated_sc1/300/kpfs_7.txt.log"

Gurobi 12.0.2 (linux64, C++) logging started Thu Jun 19 08:01:42 2025

Set parameter LogFile to value "log/instances/scenario1/fully_correlated_sc1/300/kpfs_7.txt.log"

Gurobi 12.0.2 (linux64, C++) logging started Thu Jun 19 08:02:53 2025

Set parameter LogFile to value "log/instances/scenario1/fully_correlated_sc1/300/kpfs_7.txt.log"

Gurobi 12.0.2 (linux64, C++) logging started Thu Jun 19 08:03:57 2025

Set parameter LogFile to value "log/instances/scenario1/fully_correlated_sc1/300/kpfs_7.txt.log"

Gurobi 12.0.2 (linux64, C++) logging started Thu Jun 19 16:07:21 2025

Set parameter WLSAccessID
Set parameter WLSSecret
Set parameter LicenseID to value 2679381
Set parameter LogFile to value "log/instances/scenario1/fully_correlated_sc1/300/kpfs_7.txt.log"
Academic license 2679381 - for non-commercial use only - registered to be___@poli.ufrj.br
Set parameter TimeLimit to value 1800
Set parameter Threads to value 1
Gurobi Optimizer version 12.0.2 build v12.0.2rc0 (linux64 - "Ubuntu 24.04.1 LTS")

CPU model: 13th Gen Intel(R) Core(TM) i7-1355U, instruction set [SSE2|AVX|AVX2]
Thread count: 6 physical cores, 12 logical processors, using up to 1 threads

Non-default parameters:
TimeLimit  1800
Threads  1

Academic license 2679381 - for non-commercial use only - registered to be___@poli.ufrj.br
Optimize a model with 1502 rows, 1800 columns and 9288 nonzeros
Model fingerprint: 0x7eb236d4
Variable types: 0 continuous, 1800 integer (300 binary)
Coefficient statistics:
  Matrix range     [1e+00, 3e+01]
  Objective range  [5e+00, 4e+01]
  Bounds range     [1e+00, 5e+00]
  RHS range        [1e+00, 5e+02]
Found heuristic solution: objective 516.0000000
Presolve removed 4 rows and 304 columns
Presolve time: 0.08s
Presolved: 1498 rows, 1496 columns, 8673 nonzeros
Variable types: 0 continuous, 1496 integer (300 binary)

Root relaxation: objective 8.993987e+02, 1201 iterations, 0.41 seconds (0.11 work units)

    Nodes    |    Current Node    |     Objective Bounds      |     Work
 Expl Unexpl |  Obj  Depth IntInf | Incumbent    BestBd   Gap | It/Node Time

     0     0  899.39874    0  206  516.00000  899.39874  74.3%     -    0s
H    0     0                     522.0000000  899.39874  72.3%     -    0s
H    0     0                     654.0000000  899.39874  37.5%     -    0s
H    0     0                     678.0000000  899.39874  32.7%     -    0s
H    0     0                     690.0000000  899.39874  30.3%     -    0s
H    0     0                     696.0000000  899.39874  29.2%     -    1s
H    0     0                     698.0000000  899.39874  28.9%     -    1s
     0     0  897.35724    0  201  698.00000  897.35724  28.6%     -    1s
H    0     0                     699.0000000  897.34344  28.4%     -    2s
H    0     0                     705.0000000  897.34344  27.3%     -    3s
H    0     0                     717.0000000  897.34344  25.2%     -    3s
     0     0  896.47703    0  209  717.00000  896.47703  25.0%     -    4s
H    0     0                     719.0000000  896.47247  24.7%     -    4s
     0     0  893.99877    0  206  719.00000  893.99877  24.3%     -    5s
     0     0  893.62071    0  210  719.00000  893.62071  24.3%     -    5s
     0     0  893.59555    0  203  719.00000  893.59555  24.3%     -    6s
     0     0  893.56830    0  205  719.00000  893.56830  24.3%     -    6s
     0     0  893.55596    0  204  719.00000  893.55596  24.3%     -    7s
     0     0  893.55596    0  203  719.00000  893.55596  24.3%     -    7s
     0     0  893.53336    0  206  719.00000  893.53336  24.3%     -    7s
     0     0  893.53267    0  207  719.00000  893.53267  24.3%     -    7s
     0     0  893.46348    0  205  719.00000  893.46348  24.3%     -    7s
     0     0  893.44881    0  206  719.00000  893.44881  24.3%     -    8s
     0     0  893.39292    0  208  719.00000  893.39292  24.3%     -    8s
     0     0  893.36917    0  205  719.00000  893.36917  24.3%     -    9s
     0     0  893.36703    0  205  719.00000  893.36703  24.3%     -    9s
     0     0  893.36691    0  204  719.00000  893.36691  24.3%     -    9s
     0     0  893.34615    0  206  719.00000  893.34615  24.2%     -    9s
     0     0  893.32370    0  203  719.00000  893.32370  24.2%     -    9s
     0     0  893.31303    0  205  719.00000  893.31303  24.2%     -   10s
     0     0  893.30171    0  209  719.00000  893.30171  24.2%     -   10s
     0     0  893.29846    0  209  719.00000  893.29846  24.2%     -   10s
     0     2  893.29775    0  209  719.00000  893.29775  24.2%     -   10s
    41    43  867.07815   34  162  719.00000  893.14838  24.2%   174   15s
    78    80  870.08112   68  194  719.00000  893.14838  24.2%   143   27s
    99   101  836.45383   84  150  719.00000  893.14838  24.2%   148   30s
   264   239  853.52599   24  165  719.00000  892.80548  24.2%   126   35s
   462   413  865.13447   18  170  719.00000  892.24160  24.1%   121   44s
   475   426  857.91157   31  164  719.00000  892.24160  24.1%   119   45s
   544   493  807.61990   84  206  719.00000  892.24160  24.1%   121   51s
   549   497  856.91721   21  206  719.00000  892.04981  24.1%   119   55s
   557   502  872.08630    6  208  719.00000  892.01639  24.1%   118   60s
   564   509  891.56359   14  202  719.00000  891.94781  24.1%   123   65s
   591   527  863.74807   27  168  719.00000  882.71018  22.8%   137   70s
   619   545  848.96862   41  166  719.00000  878.46362  22.2%   149   75s
   651   567  848.21402   57  158  719.00000  878.46362  22.2%   159   80s
   685   589  828.28884   74  154  719.00000  878.46362  22.2%   169   85s
   726   617  845.29558   95  168  719.00000  878.46362  22.2%   175   90s
   765   643  813.27647  114  133  719.00000  878.46362  22.2%   181   95s
   790   659  824.74678  127  151  719.00000  878.46362  22.2%   183  105s
   976   740  838.53485   24  136  719.00000  878.22899  22.1%   188  110s
H 1092   790                     721.0000000  878.22899  21.8%   197  113s
H 1092   765                     725.0000000  878.22899  21.1%   197  113s
  1136   796  764.04653  104   92  725.00000  878.22899  21.1%   197  115s
H 1219   773                     730.0000000  875.10693  19.9%   192  118s
H 1219   749                     731.0000000  875.10693  19.7%   192  118s
H 1219   728                     732.0000000  875.10693  19.6%   192  120s
  1304   787  819.41885   62  123  732.00000  875.10693  19.6%   204  125s
  1402   852  778.19432  111  124  732.00000  875.10693  19.6%   207  130s
  1535   890  836.60134   29  144  732.00000  875.08850  19.5%   206  135s
  1591   927  832.23956   57  140  732.00000  875.08850  19.5%   212  140s
  1691   994  793.57487  107  110  732.00000  875.08850  19.5%   217  145s
  1846  1092  841.55893   21  143  732.00000  875.07367  19.5%   211  150s
  1918  1164  825.52081   57  134  732.00000  875.07367  19.5%   218  155s
  1992  1238  792.16608   94  109  732.00000  875.07367  19.5%   220  160s
  2126  1364     cutoff  161       732.00000  875.07367  19.5%   219  165s
  2253  1459  771.41158   65  103  732.00000  875.06656  19.5%   219  170s
  2392  1569  838.54064   27  134  732.00000  872.19199  19.2%   218  175s
  2518  1695  770.15622   90   97  732.00000  872.19199  19.2%   219  180s
  2636  1774  827.57028   34  132  732.00000  872.16826  19.1%   219  185s
  2714  1852  807.62863   73  121  732.00000  872.16826  19.1%   222  190s
  2822  1960  742.70613  127  101  732.00000  872.16826  19.1%   222  195s
  2958  2029  819.03867   51  131  732.00000  871.32403  19.0%   216  206s
H 2959  1969                     737.0000000  871.32403  18.2%   216  208s
H 2959  1942                     739.0000000  871.32403  17.9%   216  209s
  3003  1988  787.43819   91  107  739.00000  871.32403  17.9%   214  210s
  3245  2181  849.12513   26  150  739.00000  871.14886  17.9%   205  215s
  3702  2586  808.72409   51  120  739.00000  869.48119  17.7%   191  220s
  3929  2780  808.47212   52  128  739.00000  868.82290  17.6%   186  225s
  4132  2960  803.83246   62  116  739.00000  868.41022  17.5%   180  230s
  4246  3062  796.31509   49  103  739.00000  868.29659  17.5%   180  235s
  4402  3167  842.64679   36  148  739.00000  868.24270  17.5%   179  240s
  4622  3365  809.84360   71  120  739.00000  867.53348  17.4%   174  245s
  4946  3621  843.37535   26  138  739.00000  866.63472  17.3%   169  250s
  5157  3804  789.34457  109  123  739.00000  866.44036  17.2%   165  255s
  5357  3979  740.86881  115  140  739.00000  866.33333  17.2%   162  260s
  5547  4149  817.04989   47  120  739.00000  866.23965  17.2%   159  265s
  5773  4346  765.42527   48   76  739.00000  865.59540  17.1%   156  270s
  5851  4416  820.39004   61  129  739.00000  865.53509  17.1%   158  275s
  5949  4514  777.65478  110  106  739.00000  865.53509  17.1%   160  280s
  6075  4585  836.79507   31  138  739.00000  865.52128  17.1%   160  285s
  6269  4741  836.87736   20  138  739.00000  865.36482  17.1%   157  290s
  6362  4822  756.93380   61  120  739.00000  865.35867  17.1%   156  296s
  6534  4963  751.85383   47   86  739.00000  864.90672  17.0%   154  300s
  6895  5274  835.69812   43  137  739.00000  864.10901  16.9%   150  305s
  7220  5554  767.54575   98  123  739.00000  863.87736  16.9%   147  310s
  7356  5663  801.29258   50  112  739.00000  863.74669  16.9%   147  315s
  7483  5741  858.93394   30  164  739.00000  863.73513  16.9%   148  320s
  7729  5965  803.64669   50  118  739.00000  863.56115  16.9%   145  325s
  7925  6142  783.15795   91  129  739.00000  863.21188  16.8%   143  330s
  8155  6319  832.29271   34  120  739.00000  862.92269  16.8%   142  335s
  8381  6522  774.01215  112  132  739.00000  862.82566  16.8%   140  340s
  8619  6713  792.89540   20   90  739.00000  862.21052  16.7%   138  345s
  8825  6895  799.17352   53  113  739.00000  861.41144  16.6%   138  350s
  9000  7031  813.40363   53  131  739.00000  861.39917  16.6%   138  355s
  9235  7228  814.75738   54  121  739.00000  861.32464  16.6%   137  363s
  9322  7305  843.81264   60  152  739.00000  861.26767  16.5%   136  365s
  9688  7625  752.18022  136  119  739.00000  861.07624  16.5%   134  370s
 10076  7947  827.31373   39  144  739.00000  860.60862  16.5%   131  375s
 10203  8063  779.28288   76  209  739.00000  860.57584  16.5%   130  447s
 10206  8065  752.53182  147  212  739.00000  860.57584  16.5%   130  451s
 10213  8070  802.78609   35  211  739.00000  860.57584  16.5%   130  456s
 10215  8071  827.86793   41  215  739.00000  860.57584  16.5%   130  460s
 10219  8074  760.70507   91  216  739.00000  860.57584  16.5%   130  465s
 10223  8076  782.99619  104  218  739.00000  860.57584  16.5%   130  471s
 10225  8078  808.01747   75  218  739.00000  860.57584  16.5%   130  475s
 10227  8079  804.81386   76  217  739.00000  860.57584  16.5%   130  481s
 10229  8080  762.96864  149  220  739.00000  860.57584  16.5%   130  486s
 10233  8083  813.25111   80  216  739.00000  860.57584  16.5%   130  491s
 10235  8084  764.62660  126  219  739.00000  860.57584  16.5%   130  495s
 10239  8087  787.66842   46  216  739.00000  860.57584  16.5%   130  502s
 10241  8088  762.63835   68  213  739.00000  860.57584  16.5%   130  506s
 10243  8090  780.66050   95  216  739.00000  860.57584  16.5%   130  516s
 10245  8091  840.63868   27  217  739.00000  860.57584  16.5%   130  524s
 10246  8092  813.67230   88  217  739.00000  860.57584  16.5%   130  526s
 10247  8092  752.80329   68  220  739.00000  860.57584  16.5%   130  531s
 10249  8094  828.60946   41  218  739.00000  860.57584  16.5%   130  536s
 10251  8095  789.43425   93  217  739.00000  860.57584  16.5%   130  541s
 10253  8096  749.18208  119  217  739.00000  860.57584  16.5%   130  546s
 10255  8098  752.15724  127  217  739.00000  860.57584  16.5%   130  551s
 10257  8099  788.79412   70  219  739.00000  860.57584  16.5%   130  556s
 10260  8101  815.89365   42  218  739.00000  860.57584  16.5%   130  560s
 10262  8102  789.48217   24  219  739.00000  860.57584  16.5%   130  565s
 10265  8104  838.79053   62  218  739.00000  860.57584  16.5%   130  571s
 10267  8106  775.68608   71  218  739.00000  860.57584  16.5%   130  576s
 10269  8107  759.28811   99  218  739.00000  860.57584  16.5%   130  581s
 10270  8108  821.16578   39  218  739.00000  860.57584  16.5%   130  587s
 10279  8116  860.57584   27  205  739.00000  860.57584  16.5%   130  590s
 10297  8128  860.57584   36  207  739.00000  860.57584  16.5%   131  598s
 10305  8133  860.57584   40  205  739.00000  860.57584  16.5%   131  600s
 10328  8148  855.07489   51  180  739.00000  860.57584  16.5%   132  605s
 10344  8159  854.60816   59  170  739.00000  860.57584  16.5%   132  615s
 10382  8184  838.75814   78  155  739.00000  860.57584  16.5%   133  620s
 10411  8204  844.69547   93  176  739.00000  860.57584  16.5%   133  625s
 10438  8222  809.78753  106  129  739.00000  860.57584  16.5%   134  630s
 10475  8246  825.77555  125  163  739.00000  860.57584  16.5%   135  635s
 10510  8270  798.67232  142  126  739.00000  860.57584  16.5%   135  640s
 10552  8298  775.47602  163  111  739.00000  860.57584  16.5%   136  645s
 10606  8334  750.50819  190  100  739.00000  860.57584  16.5%   136  650s
 10660  8344  860.57584   35  192  739.00000  860.57584  16.5%   137  655s
 10691  8364  828.86609   50  138  739.00000  860.57584  16.5%   137  660s
 10716  8381  839.20853   63  166  739.00000  860.57584  16.5%   138  665s
 10749  8403  814.37805   79  128  739.00000  860.57584  16.5%   139  670s
 10787  8428  799.69843   98  127  739.00000  860.57584  16.5%   139  675s
 10891  8496     cutoff  150       739.00000  860.57584  16.5%   140  680s
 11049  8554  796.07147   78  106  739.00000  860.57584  16.5%   141  685s
 11167  8592  828.92565   45  134  739.00000  860.57584  16.5%   142  690s
 11247  8645  789.03203   85  101  739.00000  860.57584  16.5%   143  695s
 11321  8684  752.46687  122  115  739.00000  860.57584  16.5%   143  700s
 11398  8703  839.82791   54  148  739.00000  860.57584  16.5%   144  705s
 11470  8751  810.38542   90  123  739.00000  860.57584  16.5%   145  710s
 11526  8788  788.34177  118  102  739.00000  860.57584  16.5%   146  719s
 11532  8792  772.64089  121  109  739.00000  860.57584  16.5%   146  720s
 11682  8827  828.41048   51  134  739.00000  860.57584  16.5%   146  725s
 11764  8882  784.75480   92  101  739.00000  860.57584  16.5%   147  731s
 11843  8933  773.79509  132  122  739.00000  860.57584  16.5%   148  735s
 11923  8937  841.16954   49  147  739.00000  860.57584  16.5%   148  740s
 11983  8977  817.19986   79  137  739.00000  860.57584  16.5%   149  745s
 12059  9027  791.77249  117  114  739.00000  860.57584  16.5%   150  750s
 12176  9058  844.79757   42  149  739.00000  860.57584  16.5%   150  755s
 12218  9086  830.35510   63  143  739.00000  860.57584  16.5%   151  760s
 12246  9105  821.16644   77  145  739.00000  860.57584  16.5%   152  765s
 12330  9161  799.03893  119  124  739.00000  860.57584  16.5%   153  770s
 12453  9214  751.08894  181  107  739.00000  860.57584  16.5%   153  775s
 12600  9284  761.85018  144  100  739.00000  860.57584  16.5%   153  780s
 12724  9342  768.67443  101   92  739.00000  860.57584  16.5%   152  785s
 12788  9358  860.11525   28  169  739.00000  860.57584  16.5%   152  802s
 12882  9421  773.01747  113  107  739.00000  860.57584  16.5%   152  805s
 13060  9516  769.98792  132  112  739.00000  860.57584  16.5%   151  810s
 13229  9594  759.72407  126  109  739.00000  860.57584  16.5%   151  815s
 13362  9660  751.31527  119  109  739.00000  860.57584  16.5%   151  820s
 13476  9714  770.45314   89  115  739.00000  860.57584  16.5%   151  825s
 13614  9780  770.74402  110  127  739.00000  860.57584  16.5%   150  830s
 13728  9829  827.50997   50  138  739.00000  860.57584  16.5%   150  835s
 13887  9925  777.66687   63   99  739.00000  860.57584  16.5%   150  840s
 14045  9992  830.55805   67  159  739.00000  860.57584  16.5%   150  845s
 14246 10112  799.86568  100  136  739.00000  860.57584  16.5%   149  850s
 14400 10178  755.01602   89  109  739.00000  860.57584  16.5%   148  855s
 14613 10264  842.75698   33  156  739.00000  860.57584  16.5%   147  860s
 14756 10329  817.44246   61  135  739.00000  860.57584  16.5%   147  866s
 14958 10443  817.87919   86  146  739.00000  860.57584  16.5%   146  870s
 15271 10599  859.03444   30  178  739.00000  860.47798  16.4%   144  875s
H15318 10120                     744.0000000  860.28383  15.6%   144  877s
H15318  9720                     745.0000000  860.28383  15.5%   144  879s
 15332  9731  826.66147   53  145  745.00000  860.28383  15.5%   144  880s
 15511  9828  819.71203   47  117  745.00000  860.11793  15.5%   144  885s
 15611  9894  765.64330   97   95  745.00000  860.11793  15.5%   144  890s
 15827  9958  847.65079   40  152  745.00000  859.69832  15.4%   143  895s
 15977 10012  833.30794   37  128  745.00000  859.55644  15.4%   143  900s
 16160 10092  824.91767   69  146  745.00000  859.40947  15.4%   142  905s
 16370 10215  805.39814  111  134  745.00000  859.33583  15.3%   141  910s
 16599 10336  843.72373   40  149  745.00000  859.01954  15.3%   140  915s
 16775 10401  814.25543   66  136  745.00000  858.60742  15.2%   140  920s
 16970 10497  763.20324   50   77  745.00000  858.52221  15.2%   140  925s
 17067 10554  791.02844   76  109  745.00000  858.27536  15.2%   140  930s
 17191 10593  802.11092   76  121  745.00000  858.24651  15.2%   140  935s
 17410 10709  827.14601   42  140  745.00000  857.96403  15.2%   139  940s
 17577 10795  821.05271   65  135  745.00000  857.66247  15.1%   138  945s
 17740 10880  813.89372   84  146  745.00000  857.53811  15.1%   138  950s
 17933 10976  771.05320  101  124  745.00000  857.47482  15.1%   137  955s
 18121 11060  813.22360   86  131  745.00000  857.26304  15.1%   137  960s
 18352 11177  839.46862   37  151  745.00000  856.95944  15.0%   136  965s
 18404 11211  803.31248   63  113  745.00000  856.95944  15.0%   136  973s
 18442 11237  789.89976   82  104  745.00000  856.95944  15.0%   137  975s
 18621 11319  789.89248   96  109  745.00000  856.86880  15.0%   137  980s
 18899 11435  799.59658   76  117  745.00000  856.75202  15.0%   136  985s
 19171 11576  819.05356   83  141  745.00000  856.62868  15.0%   135  990s
 19418 11695  842.05034   39  146  745.00000  856.15041  14.9%   134  995s
 19643 11818  841.80440   32  149  745.00000  856.04783  14.9%   133 1000s
 19799 11903  803.78730   53  112  745.00000  855.92782  14.9%   133 1005s
 19929 11950  829.20701   37  140  745.00000  855.90064  14.9%   134 1010s
 20175 12084  757.83263  108  120  745.00000  855.62849  14.8%   133 1015s
 20445 12208  772.66573  108  110  745.00000  855.52744  14.8%   132 1020s
 20682 12323  781.31068   50  105  745.00000  855.35521  14.8%   132 1025s
 20922 12458  760.05473  110  126  745.00000  855.25533  14.8%   132 1030s
 21038 12493  830.03118   49  138  745.00000  855.19977  14.8%   131 1035s
 21198 12576  766.55658  113  122  745.00000  855.13728  14.8%   132 1040s
 21450 12657  844.88621   66  172  745.00000  854.95626  14.8%   131 1045s
 21757 12827  818.38008   72  138  745.00000  854.87727  14.7%   130 1050s
 22006 12951  823.75729   45  142  745.00000  854.74360  14.7%   130 1055s
 22270 13084  837.13356   51  146  745.00000  854.55135  14.7%   129 1060s
 22511 13184  835.91252   63  152  745.00000  854.36100  14.7%   129 1065s
 22733 13316  768.05868  121  113  745.00000  854.28317  14.7%   128 1070s
 22962 13404  808.63479   77  113  745.00000  854.16958  14.7%   128 1075s
 23278 13575  756.28582  138  107  745.00000  854.06482  14.6%   127 1080s
 23612 13721  814.08790   66  132  745.00000  853.87243  14.6%   126 1085s
 23810 13836  762.68402  103  124  745.00000  853.77126  14.6%   126 1090s
 24084 13933  799.28792   54   97  745.00000  853.50827  14.6%   126 1095s
 24443 14128  766.55604  105  121  745.00000  853.47633  14.6%   125 1100s
 24690 14269  765.70508  157  121  745.00000  853.32767  14.5%   125 1105s
 25078 14442  751.00689  127  127  745.00000  853.17636  14.5%   124 1110s
 25183 14503  802.83195   86  116  745.00000  853.13121  14.5%   125 1115s
 25353 14550  824.18463   46  133  745.00000  853.12751  14.5%   125 1120s
 25746 14747  750.66766   70   90  745.00000  852.91249  14.5%   124 1125s
 26063 14879  838.29856   39  156  745.00000  852.66231  14.5%   123 1130s
 26386 15067  747.48930  166   97  745.00000  852.52415  14.4%   123 1135s
 26675 15214  816.11904   49  120  745.00000  852.47142  14.4%   122 1140s
 26831 15302  748.45046  127  112  745.00000  852.47142  14.4%   123 1145s
 27188 15464  822.62108   55  140  745.00000  852.22588  14.4%   122 1150s
 27494 15607  800.19352   65  124  745.00000  852.11060  14.4%   122 1155s
 27851 15796  800.68485   39  115  745.00000  851.98847  14.4%   121 1160s
 28205 15954  828.40431   63  143  745.00000  851.69576  14.3%   120 1165s
 28471 16104  795.73513  113  121  745.00000  851.62718  14.3%   120 1170s
 28800 16264  796.80389   60  105  745.00000  851.52063  14.3%   119 1175s
 29108 16400  828.00753   64  144  745.00000  851.40256  14.3%   119 1180s
 29362 16535  795.80564   70  106  745.00000  851.28731  14.3%   119 1185s
 29506 16575  828.56464   46  146  745.00000  851.26194  14.3%   119 1190s
 29836 16759  848.48973   50  170  745.00000  851.22945  14.3%   119 1195s
 30222 16925  809.56458   83  119  745.00000  851.00070  14.2%   118 1200s
 30441 17042  773.72267   84  114  745.00000  850.93463  14.2%   118 1205s
 30753 17189  780.90146   49   84  745.00000  850.85556  14.2%   117 1210s
 31116 17357  834.28883   48  149  745.00000  850.66982  14.2%   117 1215s
 31495 17552  792.10781  101  115  745.00000  850.43209  14.2%   116 1220s
 31859 17697  814.58532   63  130  745.00000  850.30894  14.1%   116 1225s
 32221 17865  768.70021  120  131  745.00000  850.11875  14.1%   115 1230s
 32595 18178  752.56949   84  106  745.00000  849.99264  14.1%   115 1235s
 32854 18404  798.74998  123  128  745.00000  849.97408  14.1%   114 1240s
 33237 18713  792.12639   55  110  745.00000  849.78255  14.1%   114 1245s
 33431 18860  766.46797  117  112  745.00000  849.76691  14.1%   114 1260s
 33740 19109  835.90725   39  142  745.00000  849.67666  14.1%   114 1265s
 34013 19347  789.05174  125  120  745.00000  849.60065  14.0%   113 1270s
 34391 19656  792.98772   70  103  745.00000  849.47313  14.0%   113 1275s
 34603 19830  776.23360   80  101  745.00000  849.45099  14.0%   113 1280s
 34924 20073  781.50368  105  106  745.00000  849.39160  14.0%   113 1285s
 35196 20276  776.52927  117  124  745.00000  849.20885  14.0%   113 1290s
 35526 20553  808.27867   60  123  745.00000  849.14616  14.0%   112 1295s
 35812 20793  810.69870   61  114  745.00000  849.02972  14.0%   112 1300s
 35963 20901  828.34380   41  128  745.00000  849.01807  14.0%   112 1305s
 36190 21082  847.43723   31  161  745.00000  848.93368  14.0%   112 1310s
 36416 21274  774.84701   98  122  745.00000  848.86441  13.9%   112 1315s
 36662 21482  748.40163  111  120  745.00000  848.78558  13.9%   111 1320s
 36916 21664  799.96422   92  125  745.00000  848.67550  13.9%   111 1325s
 37126 21854  757.94286   82  101  745.00000  848.66702  13.9%   111 1330s
 37355 22025  837.36116   49  152  745.00000  848.58626  13.9%   111 1335s
 37594 22227  833.79368   54  143  745.00000  848.48522  13.9%   111 1340s
 37834 22394  750.00680   49   67  745.00000  848.44417  13.9%   111 1345s
 38151 22656  762.09879  142  113  745.00000  848.35680  13.9%   110 1350s
 38375 22848  782.09020   62   93  745.00000  848.30875  13.9%   110 1355s
 38599 23016  755.81963   99  124  745.00000  848.30620  13.9%   110 1360s
 38834 23198  813.07841   95  134  745.00000  848.22986  13.9%   110 1365s
 39141 23459  756.25876  131  131  745.00000  848.18992  13.9%   110 1370s
 39345 23593  828.33990   51  133  745.00000  848.09004  13.8%   110 1375s
 39583 23782  800.01106   57  111  745.00000  848.02623  13.8%   109 1380s
 39806 23947  812.22699   94  129  745.00000  847.98637  13.8%   110 1385s
 40090 24197  758.52127  120  105  745.00000  847.92242  13.8%   109 1390s
 40369 24430  823.40622   48  140  745.00000  847.87426  13.8%   109 1395s
 40598 24595  799.45408   86  116  745.00000  847.79580  13.8%   109 1400s
 40841 24793  803.31121   75  116  745.00000  847.69484  13.8%   108 1405s
 41048 24951  832.28776   52  146  745.00000  847.64927  13.8%   108 1410s
 41297 25150  747.04465   64   96  745.00000  847.61560  13.8%   108 1415s
 41541 25359  787.27252   90   97  745.00000  847.57494  13.8%   108 1420s
 41809 25578  821.99041   55  137  745.00000  847.48778  13.8%   108 1425s
 42055 25775  778.63323   97  110  745.00000  847.39695  13.7%   107 1430s
 42299 25965  815.64463   66  134  745.00000  847.34109  13.7%   107 1435s
 42480 26109  827.23676   61  144  745.00000  847.26641  13.7%   107 1440s
 42726 26323  809.35699   69  120  745.00000  847.24458  13.7%   107 1445s
 42985 26545  791.27384  106  125  745.00000  847.21096  13.7%   106 1450s
 43290 26804  788.11583   55   97  745.00000  847.13949  13.7%   106 1455s
 43585 27007  829.68088   56  143  745.00000  847.08055  13.7%   106 1460s
 43956 27312  788.60431   84  108  745.00000  847.05457  13.7%   106 1465s
 44331 27637  793.33502  137  130  745.00000  846.97897  13.7%   106 1470s
 44506 27773  789.80615   48  101  745.00000  846.88228  13.7%   105 1475s
 44727 27955  748.92550  123  122  745.00000  846.86514  13.7%   105 1480s
 45112 28277  788.66195  125  123  745.00000  846.82611  13.7%   105 1485s
 45527 28606  776.84310   69   96  745.00000  846.72679  13.7%   105 1490s
 45846 28878  784.86678   64  105  745.00000  846.67314  13.6%   105 1495s
 46126 29072  824.54694   46  132  745.00000  846.61459  13.6%   105 1500s
 46457 29327  787.90952   95  112  745.00000  846.44517  13.6%   104 1505s
 46635 29465  816.97139   55  124  745.00000  846.40323  13.6%   104 1510s
 46860 29627  793.85904   62  108  745.00000  846.37922  13.6%   104 1515s
 47115 29844  783.25729   55  106  745.00000  846.36616  13.6%   104 1520s
 47411 30083  822.94682   39  123  745.00000  846.29987  13.6%   104 1525s
 47673 30287  823.14372   38  127  745.00000  846.22977  13.6%   104 1530s
 47915 30478  759.74408  124  118  745.00000  846.21717  13.6%   103 1535s
 48108 30639     cutoff   78       745.00000  846.12590  13.6%   103 1540s
 48263 30737  825.36012   37  136  745.00000  846.11059  13.6%   103 1545s
 48503 30933  777.20564   48   72  745.00000  846.05760  13.6%   103 1550s
 48793 31170  756.08955  102  130  745.00000  846.00265  13.6%   103 1555s
 49021 31353  815.98214   72  130  745.00000  845.92814  13.5%   103 1561s
 49190 31502  783.28315   84  114  745.00000  845.91365  13.5%   103 1565s
 49443 31709  760.84760   74   95  745.00000  845.86662  13.5%   103 1570s
 49653 31879  799.48451   81  120  745.00000  845.84497  13.5%   102 1575s
 49869 32063  769.94134  117  126  745.00000  845.79449  13.5%   102 1580s
 50133 32266  804.69683   75  126  745.00000  845.68133  13.5%   102 1585s
 50407 32496  810.09475   52  104  745.00000  845.63508  13.5%   102 1590s
 50465 32554  762.20858   81  112  745.00000  845.63508  13.5%   102 1595s
 50679 32724  807.93269   98  137  745.00000  845.61804  13.5%   102 1600s
 50908 32918  814.08702  107  150  745.00000  845.52998  13.5%   102 1605s
 51053 33024  819.66979   46  121  745.00000  845.48038  13.5%   102 1610s
 51302 33238  789.31688   60  102  745.00000  845.45668  13.5%   102 1615s
 51604 33499  785.22206   57   95  745.00000  845.38712  13.5%   101 1620s
 51766 33617  771.86985   87   87  745.00000  845.37827  13.5%   101 1625s
 52009 33777  808.00362   41   98  745.00000  845.35088  13.5%   101 1630s
 52289 33999  806.68111   64  119  745.00000  845.28263  13.5%   101 1635s
 52582 34246  771.58310  100  122  745.00000  845.21171  13.5%   101 1640s
 52780 34408  748.93664  122  121  745.00000  845.18536  13.4%   101 1645s
 52952 34549  756.06208   70  107  745.00000  845.09550  13.4%   101 1650s
 53227 34741  823.87173   60  137  745.00000  845.05166  13.4%   101 1655s
 53522 34981  781.98629   55   79  745.00000  844.99190  13.4%   101 1660s
 53785 35179  755.57851   66   66  745.00000  844.95993  13.4%   101 1665s
 54100 35432  818.06833   45  113  745.00000  844.83457  13.4%   100 1670s
 54289 35574  834.62041   64  150  745.00000  844.81365  13.4%   101 1675s
 54490 35739  795.25477   63   94  745.00000  844.78883  13.4%   100 1680s
 54801 36005  771.37240   82   96  745.00000  844.74290  13.4%   100 1685s
 55139 36277  811.73263   60  121  745.00000  844.69390  13.4%   100 1690s
 55466 36543  776.18991   93  103  745.00000  844.66435  13.4%   100 1695s
 55792 36804  815.89163   80  127  745.00000  844.60244  13.4%   100 1700s
 55887 36882  839.31944   58  158  745.00000  844.58000  13.4%   100 1712s
 56071 37032  829.00413   51  132  745.00000  844.56634  13.4%  99.5 1715s
 56345 37244  781.10154   63  101  745.00000  844.52254  13.4%  99.4 1720s
 56595 37439  813.71656   95  141  745.00000  844.50119  13.4%  99.4 1725s
 56858 37634  820.52379   42  133  745.00000  844.44571  13.3%  99.3 1730s
 57220 37918  832.78518   75  149  745.00000  844.34444  13.3%  99.1 1735s
 57612 38242  800.19266   94  130  745.00000  844.26940  13.3%  98.9 1740s
 57990 38555  802.87298  113  135  745.00000  844.21549  13.3%  98.7 1745s
 58258 38753  825.45306   62  135  745.00000  844.13258  13.3%  98.6 1750s
 58540 38981  817.76680   65  126  745.00000  844.09979  13.3%  98.5 1755s
 58654 39095  762.31179  122  110  745.00000  844.09979  13.3%  98.8 1760s
 58971 39323  783.81081  108  108  745.00000  844.02603  13.3%  98.7 1765s
 59347 39638  750.17742  105  107  745.00000  843.96439  13.3%  98.4 1770s
 59651 39834  833.33078   32  135  745.00000  843.86322  13.3%  98.3 1775s
 59745 39926  747.79528   79   98  745.00000  843.86322  13.3%  98.5 1780s
 60048 40160  835.80014   54  147  745.00000  843.79196  13.3%  98.4 1785s
 60364 40435  763.96605  111  120  745.00000  843.77662  13.3%  98.2 1790s
 60717 40713  819.34215   43  122  745.00000  843.73926  13.3%  98.0 1795s

Cutting planes:
  MIR: 22
  Flow cover: 162
  Zero half: 27

Explored 60975 nodes (5975794 simplex iterations) in 1800.01 seconds (649.51 work units)
Thread count was 1 (of 12 available processors)

Solution count 10: 745 744 739 ... 719

Time limit reached
Best objective 7.450000000000e+02, best bound 8.430000000000e+02, gap 13.1544%
