
Gurobi 12.0.2 (linux64, C++) logging started Thu Jun 19 08:00:22 2025

Set parameter LogFile to value "log/instances/scenario2/fully_correlated_sc2/800/kpfs_9.txt.log"

Gurobi 12.0.2 (linux64, C++) logging started Thu Jun 19 08:01:45 2025

Set parameter LogFile to value "log/instances/scenario2/fully_correlated_sc2/800/kpfs_9.txt.log"

Gurobi 12.0.2 (linux64, C++) logging started Thu Jun 19 08:02:57 2025

Set parameter LogFile to value "log/instances/scenario2/fully_correlated_sc2/800/kpfs_9.txt.log"

Gurobi 12.0.2 (linux64, C++) logging started Fri Jun 20 08:07:28 2025

Set parameter WLSAccessID
Set parameter WLSSecret
Set parameter LicenseID to value 2679381
Set parameter LogFile to value "log/instances/scenario2/fully_correlated_sc2/800/kpfs_9.txt.log"
Academic license 2679381 - for non-commercial use only - registered to be___@poli.ufrj.br
Set parameter TimeLimit to value 1800
Set parameter Threads to value 1
Gurobi Optimizer version 12.0.2 build v12.0.2rc0 (linux64 - "Ubuntu 24.04.1 LTS")

CPU model: 13th Gen Intel(R) Core(TM) i7-1355U, instruction set [SSE2|AVX|AVX2]
Thread count: 6 physical cores, 12 logical processors, using up to 1 threads

Non-default parameters:
TimeLimit  1800
Threads  1

Academic license 2679381 - for non-commercial use only - registered to be___@poli.ufrj.br
Optimize a model with 2402 rows, 3200 columns and 55739 nonzeros
Model fingerprint: 0x0994aa12
Variable types: 0 continuous, 3200 integer (800 binary)
Coefficient statistics:
  Matrix range     [1e+00, 3e+01]
  Objective range  [1e+00, 4e+01]
  Bounds range     [1e+00, 4e+01]
  RHS range        [1e+00, 1e+03]
Found heuristic solution: objective 80.0000000
Presolve removed 0 rows and 63 columns
Presolve time: 0.20s
Presolved: 2402 rows, 3137 columns, 55613 nonzeros
Variable types: 0 continuous, 3137 integer (800 binary)

Root relaxation: objective 7.814723e+02, 5901 iterations, 2.80 seconds (2.68 work units)

    Nodes    |    Current Node    |     Objective Bounds      |     Work
 Expl Unexpl |  Obj  Depth IntInf | Incumbent    BestBd   Gap | It/Node Time

     0     0  781.47229    0  471   80.00000  781.47229   877%     -    3s
H    0     0                      97.0000000  781.47229   706%     -    3s
H    0     0                     110.0000000  781.47229   610%     -    3s
H    0     0                     113.0000000  781.47229   592%     -    3s
H    0     0                     116.0000000  781.47229   574%     -    3s
H    0     0                     138.0000000  781.47229   466%     -    3s
H    0     0                     151.0000000  781.47229   418%     -    3s
H    0     0                     179.0000000  781.47229   337%     -    3s
H    0     0                     182.0000000  781.47229   329%     -    3s
H    0     0                     183.0000000  781.47229   327%     -    3s
H    0     0                     186.0000000  781.47229   320%     -    3s
H    0     0                     187.0000000  781.47229   318%     -    3s
H    0     0                     188.0000000  781.47229   316%     -    3s
H    0     0                     216.0000000  781.47229   262%     -    4s
H    0     0                     217.0000000  781.47229   260%     -    4s
H    0     0                     267.0000000  781.47229   193%     -    4s
     0     0  780.61431    0  466  267.00000  780.61431   192%     -    5s
     0     0  780.60635    0  466  267.00000  780.60635   192%     -    9s
     0     0  780.21689    0  471  267.00000  780.21689   192%     -   11s
     0     0  780.19344    0  469  267.00000  780.19344   192%     -   11s
     0     0  780.19025    0  469  267.00000  780.19025   192%     -   14s
H    0     0                     270.0000000  780.18797   189%     -   14s
H    0     0                     302.0000000  780.18797   158%     -   14s
     0     2  780.18579    0  469  302.00000  780.18579   158%     -   15s
     9    11  771.72417    5  464  302.00000  772.95668   156%  1109   20s
    23    25  756.92808   16  472  302.00000  772.95668   156%   996   25s
    37    39  746.77470   27  463  302.00000  772.95668   156%   893   30s
H   52    52                     303.0000000  772.95668   155%   693   31s
H   52    52                     322.0000000  772.95668   140%   693   31s
    73    75  647.55419   62  351  322.00000  772.95668   140%   606   35s
H  104   104                     351.0000000  772.95668   120%   497   38s
   121   123  622.18021  108  323  351.00000  772.95668   120%   472   40s
   151   153  685.33245  134  425  351.00000  772.95668   120%   471   45s
   221   223  651.28127  201  394  351.00000  772.95668   120%   395   50s
   265   267  573.60149  241  309  351.00000  772.95668   120%   375   55s
   288   290  548.26488  263  287  351.00000  772.95668   120%   366   60s
   335   337  530.00672  307  263  351.00000  772.95668   120%   341   65s
H  390   390                     355.0000000  772.95668   118%   324   72s
   404   406  564.16435  370  324  355.00000  772.95668   118%   319   75s
   540   542  496.61521  493  268  355.00000  772.95668   118%   285   80s
   764   754  680.27933    5  368  355.00000  771.71312   117%   234   85s
   766   755  488.54944  522  469  355.00000  771.71312   117%   234   94s
   768   756  682.59787  140  471  355.00000  771.71312   117%   233   97s
   769   757  374.73962  681  474  355.00000  771.71312   117%   233  102s
   772   759  705.61330  102  469  355.00000  771.71312   117%   232  105s
   777   764  771.71312   18  467  355.00000  771.71312   117%   245  110s
   782   768  680.86492   20  370  355.00000  768.72258   117%   255  115s
   788   772  667.05000   23  360  355.00000  760.78725   114%   267  121s
   792   774  698.92887   25  382  355.00000  757.94277   114%   272  125s
   800   780  690.12466   29  404  355.00000  751.20928   112%   282  130s
   806   784  680.02125   32  372  355.00000  745.50401   110%   291  135s
   812   788  691.11505   35  398  355.00000  739.53821   108%   299  140s
   817   791  735.24884   38  460  355.00000  736.34457   107%   306  145s
   824   796  658.74266   41  372  355.00000  729.86045   106%   315  150s
   831   800  725.15633   45  457  355.00000  727.70687   105%   323  155s
   833   802  723.68887   46  466  355.00000  727.70687   105%   325  164s
   834   802  644.01169   46  378  355.00000  727.70687   105%   329  165s
   840   806  639.30422   49  371  355.00000  727.70687   105%   338  171s
   846   810  655.35424   52  385  355.00000  727.70687   105%   346  175s
   854   816  660.74618   56  391  355.00000  727.70687   105%   355  180s
   860   820  630.56235   59  368  355.00000  727.70687   105%   363  186s
   865   823  706.81096   62  462  355.00000  727.70687   105%   367  190s
   871   827  702.71481   65  468  355.00000  727.70687   105%   375  195s
   878   832  631.03621   68  376  355.00000  727.70687   105%   384  200s
   884   836  608.26129   71  351  355.00000  727.70687   105%   391  206s
   892   841  622.15514   75  359  355.00000  727.70687   105%   400  210s
   898   845  617.39297   78  381  355.00000  727.70687   105%   407  215s
   906   850  619.65738   82  363  355.00000  727.70687   105%   415  220s
   912   854  600.38876   85  359  355.00000  727.70687   105%   422  225s
   919   859  682.02106   89  462  355.00000  727.70687   105%   427  230s
   926   864  586.42621   92  354  355.00000  727.70687   105%   437  235s
   932   868  603.27358   95  344  355.00000  727.70687   105%   441  240s
   940   873  612.48693   99  368  355.00000  727.70687   105%   448  245s
   946   877  614.60545  102  373  355.00000  727.70687   105%   455  250s
   954   882  590.26103  106  369  355.00000  727.70687   105%   461  256s
   959   886  660.21938  109  461  355.00000  727.70687   105%   466  262s
   962   888  579.29922  110  334  355.00000  727.70687   105%   469  265s
   970   893  564.03703  114  353  355.00000  727.70687   105%   475  270s
   978   898  573.76786  118  361  355.00000  727.70687   105%   482  275s
   990   906  560.34933  124  344  355.00000  727.70687   105%   491  280s
   998   912  586.68026  128  356  355.00000  727.70687   105%   498  285s
  1004   916  560.56647  131  345  355.00000  727.70687   105%   503  290s
  1012   921  572.29625  135  344  355.00000  727.70687   105%   509  302s
  1018   925  545.81317  138  333  355.00000  727.70687   105%   512  305s
  1026   930  559.36552  142  345  355.00000  727.70687   105%   518  310s
  1034   936  571.25210  146  369  355.00000  727.70687   105%   523  315s
  1041   940  629.26326  150  447  355.00000  727.70687   105%   528  320s
  1048   945  575.27783  153  370  355.00000  727.70687   105%   534  325s
  1056   950  573.48178  157  385  355.00000  727.70687   105%   537  330s
  1059   952  622.12903  159  443  355.00000  727.70687   105%   538  335s
  1068   958  537.69737  163  327  355.00000  727.70687   105%   545  340s
  1080   966  557.24219  169  352  355.00000  727.70687   105%   553  345s
  1090   973  553.79541  174  331  355.00000  727.70687   105%   557  350s
  1100   980  534.36946  179  327  355.00000  727.70687   105%   562  355s
  1108   985  534.27317  183  322  355.00000  727.70687   105%   565  360s
  1115   990  609.46766  187  434  355.00000  727.70687   105%   569  365s
  1122   994  528.01899  190  327  355.00000  727.70687   105%   574  370s
  1130  1000  535.05745  194  334  355.00000  727.70687   105%   577  375s
  1136  1004  535.43938  197  343  355.00000  727.70687   105%   579  386s
  1142  1008  546.47650  200  358  355.00000  727.70687   105%   581  390s
  1150  1013  541.27022  204  334  355.00000  727.70687   105%   583  395s
  1160  1020  525.71860  209  323  355.00000  727.70687   105%   587  400s
  1172  1028  516.73009  215  333  355.00000  727.70687   105%   592  405s
  1183  1035  591.72881  221  410  355.00000  727.70687   105%   595  410s
  1192  1041  509.90696  225  308  355.00000  727.70687   105%   598  415s
  1200  1046  527.74825  229  334  355.00000  727.70687   105%   600  420s
  1210  1053  520.52841  234  304  355.00000  727.70687   105%   603  425s
H 1214  1015                     362.0000000  727.70687   101%   602  437s
H 1214   979                     363.0000000  727.70687   100%   602  439s
  1216   982  507.97646  237  316  363.00000  727.70687   100%   604  441s
  1222   986  529.58153  240  327  363.00000  727.70687   100%   606  445s
  1232   993  486.93499  245  298  363.00000  727.70687   100%   609  450s
  1244  1001  522.72233  251  334  363.00000  727.70687   100%   613  455s
  1254  1007  500.12163  256  324  363.00000  727.70687   100%   615  460s
  1264  1014  499.08140  261  307  363.00000  727.70687   100%   618  465s
  1272  1019  485.60985  265  339  363.00000  727.70687   100%   620  470s
  1282  1026  484.49054  270  295  363.00000  727.70687   100%   622  475s
  1290  1031  474.77771  274  305  363.00000  727.70687   100%   624  480s
  1301  1039  542.46210  280  390  363.00000  727.70687   100%   625  485s
  1310  1045  465.47413  284  280  363.00000  727.70687   100%   628  490s
  1316  1049  473.90609  287  315  363.00000  727.70687   100%   629  496s
  1325  1055  536.61420  292  382  363.00000  727.70687   100%   630  500s
  1339  1064  531.95393  299  392  363.00000  727.70687   100%   633  505s
  1353  1073  527.24167  306  391  363.00000  727.70687   100%   636  510s
  1364  1081  472.74752  311  311  363.00000  727.70687   100%   638  515s
  1374  1087  456.65405  316  318  363.00000  727.70687   100%   640  520s
  1382  1093  438.89811  320  274  363.00000  727.70687   100%   642  525s
  1392  1099  480.34117  325  336  363.00000  727.70687   100%   644  530s
  1403  1107  505.84458  331  380  363.00000  727.70687   100%   645  535s
  1410  1111  440.51316  334  296  363.00000  727.70687   100%   647  541s
  1418  1117  431.70020  338  290  363.00000  727.70687   100%   647  545s
  1428  1123  441.73097  343  287  363.00000  727.70687   100%   649  550s
  1440  1131  426.35672  349  274  363.00000  727.70687   100%   650  555s
  1452  1139  432.53612  355  280  363.00000  727.70687   100%   651  560s
  1462  1146  422.43476  360  298  363.00000  727.70687   100%   653  565s
  1471  1152  484.89038  365  361  363.00000  727.70687   100%   653  570s
  1481  1159  480.91125  370  365  363.00000  727.70687   100%   655  575s
  1491  1165  475.54001  375  366  363.00000  727.70687   100%   655  580s
  1503  1173  469.10122  381  363  363.00000  727.70687   100%   657  585s
  1507  1176  467.14504  383  359  363.00000  727.70687   100%   657  590s
  1519  1184  461.07477  389  352  363.00000  727.70687   100%   658  595s
  1534  1194  378.88086  396  268  363.00000  727.70687   100%   660  600s
  1545  1201  450.50235  402  350  363.00000  727.70687   100%   660  605s
  1558  1210  393.47034  408  276  363.00000  727.70687   100%   661  610s
  1570  1218  385.02387  414  283  363.00000  727.70687   100%   662  615s
  1583  1227  440.24026  421  343  363.00000  727.70687   100%   663  620s
  1596  1233     cutoff  427       363.00000  727.70687   100%   664  625s
  1608  1238  364.72975  433  258  363.00000  727.70687   100%   664  630s
  1622  1244  376.66169  440  278  363.00000  727.70687   100%   665  635s
  1634  1250     cutoff  446       363.00000  727.70687   100%   666  640s
  1650  1255  374.11513  454  273  363.00000  727.70687   100%   666  645s
  1673  1260  417.30637  466  320  363.00000  727.70687   100%   665  650s
  1699  1264  406.52185  479  304  363.00000  727.70687   100%   664  655s
  1719  1260  400.41508  489  310  363.00000  727.70687   100%   662  660s
  1758  1246     cutoff  508       363.00000  727.70687   100%   655  665s
  1808  1230  364.73821  534  273  363.00000  727.70687   100%   642  670s
  1825  1232  713.05876   22  401  363.00000  727.63940   100%   641  675s
  1834  1238  626.37887   26  305  363.00000  727.63940   100%   643  680s
  1840  1242  619.31817   29  307  363.00000  727.63940   100%   644  694s
  1841  1243  695.16749   30  406  363.00000  727.63940   100%   644  695s
  1848  1247  619.32865   33  327  363.00000  727.63940   100%   646  700s
  1856  1253  580.82727   37  277  363.00000  727.63940   100%   647  705s
  1859  1255  681.87281   39  398  363.00000  727.63940   100%   647  734s
  1860  1255  579.18013   39  295  363.00000  727.63940   100%   648  735s
  1871  1263  676.21395   45  406  363.00000  727.63940   100%   649  740s
  1880  1269  571.35218   49  310  363.00000  727.63940   100%   651  745s
  1888  1274  544.06991   53  287  363.00000  727.63940   100%   653  751s
  1896  1279  565.67521   57  288  363.00000  727.63940   100%   654  755s
  1906  1286  590.67472   62  314  363.00000  727.63940   100%   655  760s
  1912  1290  563.71508   65  297  363.00000  727.63940   100%   659  765s
  1920  1295  540.99687   69  259  363.00000  727.63940   100%   661  770s
  1928  1301  528.26757   73  276  363.00000  727.63940   100%   662  775s
  1937  1307  633.46685   78  408  363.00000  727.63940   100%   663  780s
  1947  1313  628.59057   83  411  363.00000  727.63940   100%   664  785s
  1956  1319  529.79601   87  288  363.00000  727.63940   100%   666  790s
  1970  1329  542.21182   94  271  363.00000  727.63940   100%   668  795s
  1975  1332  618.14092   97  409  363.00000  727.63940   100%   668  846s
  1982  1337  522.00002  100  286  363.00000  727.63940   100%   669  850s
  1991  1343  611.67032  105  417  363.00000  727.63940   100%   670  855s
  2000  1349  521.89431  109  291  363.00000  727.63940   100%   671  860s
  2008  1354  511.16315  113  284  363.00000  727.63940   100%   673  865s
  2018  1361  514.90171  118  276  363.00000  727.63940   100%   674  870s
  2026  1366  522.69157  122  299  363.00000  727.63940   100%   675  875s
  2037  1373  592.09928  128  395  363.00000  727.63940   100%   676  880s
  2048  1381  500.53400  133  290  363.00000  727.63940   100%   677  885s
  2062  1390  490.77348  140  263  363.00000  727.63940   100%   678  890s
  2074  1398  493.43664  146  296  363.00000  727.63940   100%   679  895s
  2090  1409  489.06497  154  278  363.00000  727.63940   100%   681  900s
  2104  1418  488.19206  161  281  363.00000  727.63940   100%   682  905s
  2116  1426  483.52341  167  285  363.00000  727.63940   100%   683  910s
  2126  1433  478.90525  172  273  363.00000  727.63940   100%   684  915s
  2136  1439  432.98437  177  237  363.00000  727.63940   100%   685  920s
  2147  1447  541.04076  183  382  363.00000  727.63940   100%   686  925s
  2158  1454  447.06390  188  259  363.00000  727.63940   100%   687  930s
  2170  1462  484.52310  194  301  363.00000  727.63940   100%   687  935s
  2182  1470  428.96027  200  253  363.00000  727.63940   100%   688  940s
  2197  1480  523.82193  208  359  363.00000  727.63940   100%   689  945s
  2216  1493  438.10068  217  266  363.00000  727.63940   100%   690  950s
  2228  1501  437.34232  223  258  363.00000  727.63940   100%   691  955s
  2242  1510  431.95985  230  264  363.00000  727.63940   100%   692  960s
  2262  1523  413.86165  240  241  363.00000  727.63940   100%   693  965s
  2282  1537  432.40411  250  276  363.00000  727.63940   100%   694  970s
  2300  1549  417.56242  259  267  363.00000  727.63940   100%   695  975s
  2308  1554  376.35743  263  212  363.00000  727.63940   100%   695  989s
  2310  1555  413.00340  264  258  363.00000  727.63940   100%   695  990s
  2324  1565  424.75650  271  262  363.00000  727.63940   100%   695  995s
  2340  1573  404.06261  279  253  363.00000  727.63940   100%   696 1000s
  2354  1583  380.34879  286  246  363.00000  727.63940   100%   696 1005s
  2370  1593  403.47624  294  267  363.00000  727.63940   100%   696 1010s
  2386  1604  385.58499  302  247  363.00000  727.63940   100%   696 1015s
  2398  1612  370.49161  308  248  363.00000  727.63940   100%   696 1020s
  2414  1623  393.26744  316  239  363.00000  727.63940   100%   697 1025s
  2432  1625     cutoff  325       363.00000  727.63940   100%   697 1030s
  2452  1630  373.41604  335  255  363.00000  727.63940   100%   696 1035s
  2480  1635  365.28895  349  249  363.00000  727.63940   100%   695 1040s
  2518  1627     cutoff  368       363.00000  727.63940   100%   693 1045s
  2556  1618     cutoff  387       363.00000  727.63940   100%   689 1050s
  2609  1602  392.46325  414  308  363.00000  727.63940   100%   682 1055s
  2674  1579     cutoff  446       363.00000  727.63940   100%   671 1060s
  2753  1558  486.12413   20  207  363.00000  719.47574  98.2%   656 1065s
  2777  1574  461.79954   32  200  363.00000  719.47574  98.2%   655 1070s
  2808  1594  539.45733   48  267  363.00000  719.47574  98.2%   653 1075s
  2839  1620  420.60763   63  190  363.00000  719.47574  98.2%   651 1080s
  2869  1650  433.80764   78  200  363.00000  719.47574  98.2%   649 1085s
  2899  1679  410.02084   93  212  363.00000  719.47574  98.2%   647 1090s
  2934  1710  469.50508  111  272  363.00000  719.47574  98.2%   644 1095s
  2975  1734     cutoff  131       363.00000  719.47574  98.2%   641 1100s
  3025  1744     cutoff  156       363.00000  719.47574  98.2%   636 1105s
  3090  1750  408.79225  189  252  363.00000  719.47574  98.2%   628 1110s
  3237  1751  709.85580   31  404  363.00000  719.25583  98.1%   606 1115s
  3250  1764  586.75554   37  291  363.00000  719.25583  98.1%   608 1120s
  3260  1774  615.31168   42  324  363.00000  719.25583  98.1%   609 1125s
  3274  1788  598.52023   49  305  363.00000  719.25583  98.1%   611 1130s
  3284  1798  580.61793   54  306  363.00000  719.25583  98.1%   612 1135s
  3294  1808  588.95359   59  317  363.00000  719.25583  98.1%   613 1140s
  3304  1818  580.67323   64  305  363.00000  719.25583  98.1%   614 1145s
  3314  1828  546.22576   69  273  363.00000  719.25583  98.1%   615 1150s
  3322  1836  542.71019   73  294  363.00000  719.25583  98.1%   616 1155s
  3334  1848  542.43337   79  282  363.00000  719.25583  98.1%   617 1160s
  3344  1858  571.17378   84  322  363.00000  719.25583  98.1%   618 1165s
  3354  1868  529.52072   89  285  363.00000  719.25583  98.1%   619 1170s
  3366  1880  530.94656   95  283  363.00000  719.25583  98.1%   620 1175s
  3380  1894  529.70025  102  277  363.00000  719.25583  98.1%   622 1180s
  3396  1910  506.19917  110  270  363.00000  719.25583  98.1%   623 1185s
  3412  1926  523.19871  118  278  363.00000  719.25583  98.1%   625 1190s
  3424  1938  508.79677  124  268  363.00000  719.25583  98.1%   626 1195s
  3436  1950  530.73378  130  297  363.00000  719.25583  98.1%   627 1200s
  3446  1960  539.17329  135  307  363.00000  719.25583  98.1%   627 1205s
  3458  1972  511.52214  141  287  363.00000  719.25583  98.1%   628 1210s
  3470  1984  488.01041  147  273  363.00000  719.25583  98.1%   629 1215s
  3478  1992  494.93874  151  274  363.00000  719.25583  98.1%   630 1220s
  3490  2004  513.01050  157  318  363.00000  719.25583  98.1%   630 1225s
  3501  2015  566.51258  163  388  363.00000  719.25583  98.1%   631 1230s
  3518  2032  477.68807  171  276  363.00000  719.25583  98.1%   632 1235s
  3532  2046  471.19089  178  270  363.00000  719.25583  98.1%   635 1240s
  3544  2058  459.50155  184  249  363.00000  719.25583  98.1%   636 1245s
  3558  2072  475.94262  191  281  363.00000  719.25583  98.1%   637 1250s
  3570  2084  432.37476  197  236  363.00000  719.25583  98.1%   637 1255s
  3584  2098  451.53745  204  258  363.00000  719.25583  98.1%   638 1260s
  3598  2112  449.10040  211  255  363.00000  719.25583  98.1%   639 1265s
  3610  2124  439.15639  217  256  363.00000  719.25583  98.1%   640 1270s
  3625  2139  523.22772  225  355  363.00000  719.25583  98.1%   640 1275s
  3640  2154  432.27752  232  253  363.00000  719.25583  98.1%   641 1280s
  3658  2172  421.29917  241  255  363.00000  719.25583  98.1%   642 1285s
  3678  2192  428.26373  251  257  363.00000  719.25583  98.1%   643 1290s
  3692  2206  436.70723  258  281  363.00000  719.25583  98.1%   644 1295s
  3706  2220  425.89563  265  277  363.00000  719.25583  98.1%   644 1300s
  3722  2236  412.91581  273  273  363.00000  719.25583  98.1%   645 1305s
  3736  2250  406.53551  280  253  363.00000  719.25583  98.1%   646 1310s
  3752  2266  390.94441  288  255  363.00000  719.25583  98.1%   646 1315s
  3768  2282  397.60330  296  253  363.00000  719.25583  98.1%   647 1320s
  3784  2297  411.99799  304  273  363.00000  719.25583  98.1%   648 1325s
  3799  2312  454.03508  312  346  363.00000  719.25583  98.1%   648 1330s
  3804  2316  373.13379  314  258  363.00000  719.25583  98.1%   648 1338s
  3811  2323  448.57968  318  339  363.00000  719.25583  98.1%   649 1340s
  3828  2339  388.84338  326  261  363.00000  719.25583  98.1%   649 1345s
  3829  2340  444.18814  327  333  363.00000  719.25583  98.1%   649 1363s
  3833  2342  443.93550  329  337  363.00000  719.25583  98.1%   649 1365s
  3853  2354  436.23916  339  331  363.00000  719.25583  98.1%   649 1370s
  3878  2368  371.39197  351  266  363.00000  719.25583  98.1%   649 1375s
  3902  2377     cutoff  363       363.00000  719.25583  98.1%   649 1380s
  3922  2377     cutoff  373       363.00000  719.25583  98.1%   648 1385s
  3943  2382  413.92347  384  319  363.00000  719.25583  98.1%   648 1390s
  3965  2385  407.45998  395  310  363.00000  719.25583  98.1%   647 1395s
  3993  2385  399.64294  409  308  363.00000  719.25583  98.1%   645 1400s
  4028  2384     cutoff  426       363.00000  719.25583  98.1%   642 1405s
  4076  2384     cutoff  450       363.00000  719.25583  98.1%   637 1410s
  4157  2384  633.92883   30  296  363.00000  711.43553  96.0%   627 1415s
  4176  2403  536.82462   39  253  363.00000  711.43553  96.0%   628 1420s
  4204  2431  467.95910   53  198  363.00000  711.43553  96.0%   628 1425s
  4236  2463  425.92399   69  192  363.00000  711.43553  96.0%   627 1430s
  4262  2489  435.15521   82  197  363.00000  711.43553  96.0%   627 1435s
  4288  2515  454.25785   95  205  363.00000  711.43553  96.0%   626 1440s
  4324  2551  426.31169  113  203  363.00000  711.43553  96.0%   626 1445s
  4350  2577  399.97608  126  201  363.00000  711.43553  96.0%   625 1450s
  4378  2605  385.83556  140  177  363.00000  711.43553  96.0%   625 1455s
  4402  2629  386.30401  152  195  363.00000  711.43553  96.0%   624 1460s
  4430  2657  378.33871  166  206  363.00000  711.43553  96.0%   624 1465s
  4460  2683  374.10127  181  196  363.00000  711.43553  96.0%   623 1470s
  4491  2704  448.82616  197  274  363.00000  711.43553  96.0%   622 1475s
  4526  2719  371.24818  214  220  363.00000  711.43553  96.0%   620 1480s
  4598  2722     cutoff  250       363.00000  711.43553  96.0%   616 1485s
  4702  2722     cutoff  302       363.00000  711.43553  96.0%   607 1490s
  4810  2734  612.20329   27  302  363.00000  711.41511  96.0%   597 1495s
  4831  2755  518.63730   37  231  363.00000  711.41511  96.0%   597 1500s
  4855  2779  470.26543   49  231  363.00000  711.41511  96.0%   596 1505s
  4877  2801  476.52050   60  233  363.00000  711.41511  96.0%   596 1510s
  4899  2823  462.48924   71  221  363.00000  711.41511  96.0%   596 1515s
  4923  2847  462.15781   83  228  363.00000  711.41511  96.0%   596 1520s
  4947  2871  424.87855   95  209  363.00000  711.41511  96.0%   596 1525s
  4971  2895  409.50356  107  194  363.00000  711.41511  96.0%   596 1530s
  4997  2921  403.31871  120  196  363.00000  711.41511  96.0%   595 1535s
  5034  2958  479.94196  139  287  363.00000  711.41511  96.0%   595 1540s
  5072  2991  467.05800  158  290  363.00000  711.41511  96.0%   594 1545s
  5101  3007  371.43329  172  206  363.00000  711.41511  96.0%   594 1550s
  5133  3027  366.07681  188  213  363.00000  711.41511  96.0%   593 1555s
  5171  3032     cutoff  207       363.00000  711.41511  96.0%   592 1560s
  5217  3032     cutoff  230       363.00000  711.41511  96.0%   589 1565s
  5277  3032     cutoff  260       363.00000  711.41511  96.0%   586 1570s
  5365  3032     cutoff  304       363.00000  711.41511  96.0%   579 1575s
  5426  3045  602.83640   27  298  363.00000  709.82865  95.5%   575 1580s
  5438  3057  579.94574   33  274  363.00000  709.82865  95.5%   576 1585s
  5450  3069  548.06819   39  260  363.00000  709.82865  95.5%   577 1590s
  5462  3081  550.82390   45  273  363.00000  709.82865  95.5%   578 1595s
  5474  3093  560.49923   51  288  363.00000  709.82865  95.5%   578 1600s
  5486  3105  536.81164   57  281  363.00000  709.82865  95.5%   579 1605s
  5498  3117  527.52968   63  274  363.00000  709.82865  95.5%   580 1610s
  5516  3135  507.92158   72  266  363.00000  709.82865  95.5%   581 1615s
  5530  3149  530.92582   79  283  363.00000  709.82865  95.5%   581 1620s
  5548  3167  528.37436   88  288  363.00000  709.82865  95.5%   582 1625s
  5562  3181  500.92449   95  273  363.00000  709.82865  95.5%   583 1630s
  5575  3194  586.87173  102  370  363.00000  709.82865  95.5%   583 1635s
  5589  3208  580.04444  109  373  363.00000  709.82865  95.5%   584 1640s
  5604  3223  488.82648  116  268  363.00000  709.82865  95.5%   585 1645s
  5618  3237  488.07659  123  266  363.00000  709.82865  95.5%   586 1650s
  5634  3253  507.04355  131  306  363.00000  709.82865  95.5%   586 1655s
  5656  3275  494.25508  142  266  363.00000  709.82865  95.5%   587 1660s
  5678  3297  451.85723  153  248  363.00000  709.82865  95.5%   588 1665s
  5696  3315  426.32121  162  253  363.00000  709.82865  95.5%   588 1670s
  5710  3329  450.44095  169  272  363.00000  709.82865  95.5%   589 1679s
  5714  3333  440.77721  171  252  363.00000  709.82865  95.5%   589 1680s
  5727  3346  523.80375  178  367  363.00000  709.82865  95.5%   589 1685s
  5742  3361  414.07102  185  246  363.00000  709.82865  95.5%   590 1690s
  5758  3377  430.85222  193  258  363.00000  709.82865  95.5%   591 1695s
  5772  3391  430.06023  200  264  363.00000  709.82865  95.5%   591 1700s
  5776  3395  431.08757  202  244  363.00000  709.82865  95.5%   591 1716s
  5792  3411  414.00670  210  246  363.00000  709.82865  95.5%   592 1720s
  5818  3437  432.73368  223  259  363.00000  709.82865  95.5%   592 1725s
  5838  3457  406.22070  233  243  363.00000  709.82865  95.5%   593 1730s
  5854  3473  390.77534  241  237  363.00000  709.82865  95.5%   594 1735s
  5872  3491  382.54608  250  248  363.00000  709.82865  95.5%   595 1741s
  5884  3502  410.07124  256  283  363.00000  709.82865  95.5%   595 1745s
  5900  3518  371.70737  264  226  363.00000  709.82865  95.5%   596 1750s
  5916  3532  382.17519  272  257  363.00000  709.82865  95.5%   596 1755s
  5936  3550     cutoff  282       363.00000  709.82865  95.5%   596 1760s
  5958  3562  381.31161  293  239  363.00000  709.82865  95.5%   596 1765s
  5984  3580  371.60218  306  248  363.00000  709.82865  95.5%   597 1770s
  6016  3592  373.44389  322  261  363.00000  709.82865  95.5%   597 1775s
  6045  3595  411.24276  337  324  363.00000  709.82865  95.5%   596 1780s
  6080  3594     cutoff  354       363.00000  709.82865  95.5%   595 1785s
  6103  3595  399.54556  366  320  363.00000  709.82865  95.5%   594 1790s
  6150  3594     cutoff  389       363.00000  709.82865  95.5%   592 1795s

Cutting planes:
  Gomory: 5

Explored 6236 nodes (3657857 simplex iterations) in 1800.01 seconds (2039.93 work units)
Thread count was 1 (of 12 available processors)

Solution count 10: 363 362 355 ... 217

Time limit reached
Best objective 3.630000000000e+02, best bound 7.090000000000e+02, gap 95.3168%
