
Gurobi 12.0.2 (linux64, C++) logging started Thu Jun 19 08:00:22 2025

Set parameter LogFile to value "log/instances/scenario2/fully_correlated_sc2/800/kpfs_3.txt.log"

Gurobi 12.0.2 (linux64, C++) logging started Thu Jun 19 08:01:44 2025

Set parameter LogFile to value "log/instances/scenario2/fully_correlated_sc2/800/kpfs_3.txt.log"

Gurobi 12.0.2 (linux64, C++) logging started Thu Jun 19 08:02:57 2025

Set parameter LogFile to value "log/instances/scenario2/fully_correlated_sc2/800/kpfs_3.txt.log"

Gurobi 12.0.2 (linux64, C++) logging started Fri Jun 20 05:07:27 2025

Set parameter WLSAccessID
Set parameter WLSSecret
Set parameter LicenseID to value 2679381
Set parameter LogFile to value "log/instances/scenario2/fully_correlated_sc2/800/kpfs_3.txt.log"
Academic license 2679381 - for non-commercial use only - registered to be___@poli.ufrj.br
Set parameter TimeLimit to value 1800
Set parameter Threads to value 1
Gurobi Optimizer version 12.0.2 build v12.0.2rc0 (linux64 - "Ubuntu 24.04.1 LTS")

CPU model: 13th Gen Intel(R) Core(TM) i7-1355U, instruction set [SSE2|AVX|AVX2]
Thread count: 6 physical cores, 12 logical processors, using up to 1 threads

Non-default parameters:
TimeLimit  1800
Threads  1

Academic license 2679381 - for non-commercial use only - registered to be___@poli.ufrj.br
Optimize a model with 2402 rows, 3200 columns and 56694 nonzeros
Model fingerprint: 0x1faefa51
Variable types: 0 continuous, 3200 integer (800 binary)
Coefficient statistics:
  Matrix range     [1e+00, 3e+01]
  Objective range  [1e+00, 4e+01]
  Bounds range     [1e+00, 4e+01]
  RHS range        [1e+00, 1e+03]
Found heuristic solution: objective 92.0000000
Presolve removed 0 rows and 60 columns
Presolve time: 0.38s
Presolved: 2402 rows, 3140 columns, 56574 nonzeros
Variable types: 0 continuous, 3140 integer (800 binary)

Root simplex log...

Iteration    Objective       Primal Inf.    Dual Inf.      Time
    4829    8.0380884e+02   5.507043e+02   0.000000e+00      5s
    6336    7.8572924e+02   0.000000e+00   0.000000e+00      7s

Root relaxation: objective 7.857292e+02, 6336 iterations, 6.97 seconds (3.12 work units)

    Nodes    |    Current Node    |     Objective Bounds      |     Work
 Expl Unexpl |  Obj  Depth IntInf | Incumbent    BestBd   Gap | It/Node Time

     0     0  785.72924    0  490   92.00000  785.72924   754%     -    7s
H    0     0                     100.0000000  785.72924   686%     -    7s
H    0     0                     107.0000000  785.72924   634%     -    7s
H    0     0                     109.0000000  785.72924   621%     -    7s
H    0     0                     180.0000000  785.72924   337%     -    8s
     0     0  785.09080    0  501  180.00000  785.09080   336%     -   11s
H    0     0                     213.0000000  785.07886   269%     -   12s
H    0     0                     217.0000000  785.07886   262%     -   12s
H    0     0                     218.0000000  785.07886   260%     -   13s
H    0     0                     269.0000000  785.07886   192%     -   19s
     0     0  785.07886    0  498  269.00000  785.07886   192%     -   19s
     0     0  784.95102    0  490  269.00000  784.95102   192%     -   22s
     0     0  784.91001    0  489  269.00000  784.91001   192%     -   22s
     0     0  784.87915    0  496  269.00000  784.87915   192%     -   22s
     0     0  784.86578    0  491  269.00000  784.86578   192%     -   23s
     0     0  784.86506    0  491  269.00000  784.86506   192%     -   28s
H    0     0                     282.0000000  784.86446   178%     -   33s
H    0     0                     285.0000000  784.86446   175%     -   33s
H    0     0                     302.0000000  784.86446   160%     -   33s
     0     2  784.86446    0  491  302.00000  784.86446   160%     -   33s
     2     4  730.83871    1  399  302.00000  783.33063   159%  1149   35s
     6     8  728.75011    3  389  302.00000  777.43479   157%  1245   41s
    10    12  701.60563    5  361  302.00000  773.37960   156%  1378   46s
    13    15  771.30117    7  495  302.00000  772.11536   156%  1436   50s
    23    25  763.16809   16  498  302.00000  772.11536   156%  1086   55s
    32    34  679.70309   23  385  302.00000  772.11536   156%   981   61s
    37    39  663.13553   27  347  302.00000  772.11536   156%   946   65s
    46    48  745.81465   35  493  302.00000  772.11536   156%   862   70s
    59    61  739.09113   47  496  302.00000  772.11536   156%   790   75s
    65    67  735.63244   51  486  302.00000  772.11536   156%   795   80s
    76    78  729.15307   61  487  302.00000  772.11536   156%   739   85s
    83    85  669.03654   66  371  302.00000  772.11536   156%   763   91s
    89    91  719.70260   71  478  302.00000  772.11536   156%   746   95s
    99   101  714.85188   80  482  302.00000  772.11536   156%   732  100s
   116   118  646.65563   96  378  302.00000  772.11536   156%   665  105s
   132   134  652.18022  111  390  302.00000  772.11536   156%   624  111s
   141   143  693.67056  118  471  302.00000  772.11536   156%   620  115s
   158   160  684.25906  134  462  302.00000  772.11536   156%   587  132s
   170   172  679.18452  146  447  302.00000  772.11536   156%   560  135s
H  182   182                     303.0000000  772.11536   155%   534  140s
   188   190  671.52418  163  445  303.00000  772.11536   155%   532  146s
   197   199  595.28070  171  315  303.00000  772.11536   155%   523  150s
H  208   208                     305.0000000  772.11536   153%   512  156s
   218   220  607.18474  189  337  305.00000  772.11536   153%   511  160s
   226   228  650.28676  195  405  305.00000  772.11536   153%   514  165s
H  234   234                     310.0000000  772.11536   149%   509  168s
H  234   234                     312.0000000  772.11536   147%   509  168s
H  234   234                     317.0000000  772.11536   144%   509  169s
   238   240  645.19309  206  405  317.00000  772.11536   144%   503  170s
   260   262  632.68229  227  387  317.00000  772.11536   144%   480  176s
   281   283  618.01528  246  385  317.00000  772.11536   144%   466  180s
   293   295  570.05234  256  319  317.00000  772.11536   144%   461  185s
   321   323  597.48287  283  373  317.00000  772.11536   144%   439  190s
H  338   338                     319.0000000  772.11536   142%   434  198s
   345   347  520.68465  302  272  319.00000  772.11536   142%   435  200s
   371   373  518.07426  326  297  319.00000  772.11536   142%   421  205s
   407   409  497.22866  359  265  319.00000  772.11536   142%   403  210s
   453   455  478.77879  402  248  319.00000  772.11536   142%   381  215s
   514   516  495.59303  460  287  319.00000  772.11536   142%   352  220s
   586   588  453.83818  525  263  319.00000  772.11536   142%   330  225s
   768   770  363.20016  697  171  319.00000  772.11536   142%   271  230s
   811   802  417.53643  589  491  319.00000  771.26411   142%   262  247s
   813   803  763.15870   17  490  319.00000  771.26411   142%   261  253s
   814   804  648.87679  200  498  319.00000  771.26411   142%   261  259s
   815   805  351.50000  717  490  319.00000  771.26411   142%   261  260s
   819   807  542.46293  370  488  319.00000  771.26411   142%   259  265s
   822   811  771.26411   13  498  319.00000  771.26411   142%   271  270s
   826   814  771.26411   15  488  319.00000  771.26411   142%   275  275s
   829   816  723.23053   16  399  319.00000  771.26411   142%   281  281s
   833   819  701.23692   18  399  319.00000  770.06027   141%   289  285s
   837   821  672.47411   20  365  319.00000  766.43574   140%   296  292s
   839   823  672.29812   21  384  319.00000  765.75371   140%   299  297s
   841   824  684.81780   22  401  319.00000  764.56992   140%   301  300s
   843   825  678.46130   23  376  319.00000  763.35289   139%   306  305s
   847   828  689.29546   25  382  319.00000  761.20351   139%   310  312s
   849   829  684.58752   26  394  319.00000  759.89771   138%   313  315s
   852   831  757.03080   28  499  319.00000  758.51146   138%   318  320s
   855   833  698.01307   29  390  319.00000  756.08784   137%   322  326s
   858   835  751.92433   31  499  319.00000  754.30499   136%   325  330s
   861   837  665.14646   32  394  319.00000  750.23272   135%   330  336s
   863   839  684.32401   33  397  319.00000  747.74880   134%   333  340s
   867   841  680.53801   35  412  319.00000  744.10503   133%   339  347s
   869   843  647.43305   36  378  319.00000  743.52390   133%   341  350s
   873   845  681.89872   38  401  319.00000  739.79782   132%   347  356s
   876   847  737.51003   40  485  319.00000  738.39383   131%   349  360s
   878   849  735.93477   41  485  319.00000  737.46482   131%   351  374s
   879   849  655.63649   41  390  319.00000  735.93099   131%   355  377s
   881   851  676.32006   42  400  319.00000  734.27068   130%   357  380s
   885   853  665.45161   44  391  319.00000  732.46550   130%   361  386s
   887   855  667.54427   45  390  319.00000  731.35148   129%   365  390s
   891   857  655.45596   47  390  319.00000  729.75042   129%   368  396s
   894   859  727.38598   49  496  319.00000  729.68331   129%   371  400s
   897   861  649.40398   50  363  319.00000  729.68331   129%   376  406s
   901   864  620.81036   52  349  319.00000  729.68331   129%   380  411s
   905   867  656.34445   54  389  319.00000  729.68331   129%   386  416s
   909   869  655.44268   56  380  319.00000  729.68331   129%   390  425s
   914   873  713.87340   59  486  319.00000  729.68331   129%   395  430s
   918   875  711.20101   61  477  319.00000  729.68331   129%   401  435s
   921   877  626.28566   62  388  319.00000  729.68331   129%   405  440s
   925   880  635.95210   64  360  319.00000  729.68331   129%   410  445s
   929   883  649.89124   66  389  319.00000  729.68331   129%   413  450s
   933   885  634.46929   68  373  319.00000  729.68331   129%   418  456s
   936   887  701.54454   70  467  319.00000  729.68331   129%   420  460s
   939   889  634.71420   71  378  319.00000  729.68331   129%   423  465s
   943   892  629.63890   73  370  319.00000  729.68331   129%   428  471s
   947   895  635.11421   75  369  319.00000  729.68331   129%   431  476s
   951   897  614.78660   77  368  319.00000  729.68331   129%   436  480s
   955   900  632.08236   79  407  319.00000  729.68331   129%   439  485s
   959   903  615.21803   81  381  319.00000  729.68331   129%   444  491s
   962   905  687.09479   83  467  319.00000  729.68331   129%   446  495s
   965   907  611.54477   84  376  319.00000  729.68331   129%   451  500s
   969   909  599.57390   86  347  319.00000  729.68331   129%   454  505s
   973   912  576.43897   88  336  319.00000  729.68331   129%   459  510s
H  975   870                     330.0000000  729.68331   121%   458  513s
   977   874  627.72487   90  397  330.00000  729.68331   121%   462  515s
   983   878  609.98149   93  391  330.00000  729.68331   121%   467  521s
   987   880  599.42840   95  353  330.00000  729.68331   121%   472  527s
   990   882  675.35073   97  484  330.00000  729.68331   121%   473  530s
   995   886  614.93403   99  390  330.00000  729.68331   121%   479  535s
   998   888  672.37769  101  469  330.00000  729.68331   121%   480  540s
  1001   890  584.09339  102  364  330.00000  729.68331   121%   483  561s
  1004   892  669.08261  104  465  330.00000  729.68331   121%   484  565s
  1007   894  594.55758  105  366  330.00000  729.68331   121%   488  570s
  1012   897  665.71674  108  464  330.00000  729.68331   121%   493  575s
  1017   900  577.59534  110  352  330.00000  729.68331   121%   497  580s
  1021   903  589.79274  112  355  330.00000  729.68331   121%   501  586s
  1025   906  573.12478  114  324  330.00000  729.68331   121%   503  591s
  1029   908  579.47635  116  343  330.00000  729.68331   121%   506  595s
  1033   911  596.76885  118  387  330.00000  729.68331   121%   510  601s
  1036   913  656.61949  120  465  330.00000  729.68331   121%   511  605s
  1040   916  655.44336  122  467  330.00000  729.68331   121%   514  610s
  1043   918  589.62808  123  357  330.00000  729.68331   121%   518  615s
  1047   920  564.76968  125  353  330.00000  729.68331   121%   521  620s
  1051   923  599.36858  127  380  330.00000  729.68331   121%   524  625s
  1055   926  584.54433  129  357  330.00000  729.68331   121%   526  631s
  1059   928  574.75630  131  359  330.00000  729.68331   121%   530  635s
  1063   931  572.75950  133  367  330.00000  729.68331   121%   533  640s
  1067   934  584.30327  135  367  330.00000  729.68331   121%   535  645s
  1070   936  643.96251  137  461  330.00000  729.68331   121%   535  650s
  1074   938  641.31384  139  462  330.00000  729.68331   121%   539  655s
H 1079   902                     334.0000000  729.68331   118%   541  661s
  1079   904  560.83041  141  362  334.00000  729.68331   118%   544  665s
  1083   906  555.57027  143  339  334.00000  729.68331   118%   546  671s
  1085   908  574.05688  144  376  334.00000  729.68331   118%   547  675s
  1089   910  575.41112  146  364  334.00000  729.68331   118%   551  681s
  1093   913  589.89903  148  368  334.00000  729.68331   118%   553  686s
  1096   915  633.54292  150  446  334.00000  729.68331   118%   553  690s
  1099   917  562.16420  151  361  334.00000  729.68331   118%   558  696s
  1101   918  564.68716  152  365  334.00000  729.68331   118%   559  700s
  1105   921  566.24113  154  368  334.00000  729.68331   118%   560  716s
  1107   922  544.34905  155  333  334.00000  729.68331   118%   561  720s
  1111   925  536.96107  157  336  334.00000  729.68331   118%   565  725s
  1115   928  577.18371  159  382  334.00000  729.68331   118%   567  731s
  1118   930  627.05907  161  449  334.00000  729.68331   118%   567  735s
  1121   932  566.93131  162  358  334.00000  729.68331   118%   569  740s
  1125   934  564.02141  164  350  334.00000  729.68331   118%   573  745s
  1129   937  550.39021  166  369  334.00000  729.68331   118%   575  750s
  1131   938  533.35237  167  321  334.00000  729.68331   118%   576  755s
  1135   941  546.18856  169  338  334.00000  729.68331   118%   577  760s
  1139   944  570.88979  171  351  334.00000  729.68331   118%   580  766s
  1143   946  535.18599  173  318  334.00000  729.68331   118%   582  771s
  1147   949  536.40851  175  331  334.00000  729.68331   118%   584  776s
  1151   952  553.81120  177  344  334.00000  729.68331   118%   587  781s
  1154   954  618.56218  179  432  334.00000  729.68331   118%   587  785s
  1158   956  617.11159  181  441  334.00000  729.68331   118%   589  790s
  1162   959  616.43276  183  441  334.00000  729.68331   118%   590  795s
  1167   962  541.52097  185  333  334.00000  729.68331   118%   594  800s
  1175   968  541.78445  189  342  334.00000  729.68331   118%   597  805s
  1181   972  542.52218  192  329  334.00000  729.68331   118%   599  811s
  1185   974  531.07963  194  329  334.00000  729.68331   118%   600  816s
  1189   977  540.64175  196  340  334.00000  729.68331   118%   601  820s
  1193   980  531.79966  198  339  334.00000  729.68331   118%   604  825s
  1197   982  556.11684  200  360  334.00000  729.68331   118%   606  831s
  1201   985  522.94954  202  323  334.00000  729.68331   118%   607  835s
  1205   988  533.04518  204  346  334.00000  729.68331   118%   608  840s
  1209   990  528.22311  206  316  334.00000  729.68331   118%   610  859s
  1211   992  524.20714  207  330  334.00000  729.68331   118%   610  861s
  1215   994  502.47109  209  306  334.00000  729.68331   118%   612  866s
  1219   997  539.10887  211  348  334.00000  729.68331   118%   613  871s
  1223  1000  521.78011  213  327  334.00000  729.68331   118%   615  876s
  1227  1002  534.56485  215  341  334.00000  729.68331   118%   617  880s
  1233  1006  503.25133  218  301  334.00000  729.68331   118%   619  885s
  1239  1010  512.33121  221  314  334.00000  729.68331   118%   621  890s
  1244  1014  591.19131  224  416  334.00000  729.68331   118%   622  895s
  1248  1016  588.66045  226  407  334.00000  729.68331   118%   623  900s
  1252  1019  587.50387  228  418  334.00000  729.68331   118%   624  905s
  1256  1022  586.94065  230  421  334.00000  729.68331   118%   625  910s
  1261  1025  528.00907  232  333  334.00000  729.68331   118%   627  915s
  1267  1029  520.13293  235  336  334.00000  729.68331   118%   628  920s
  1273  1033  508.22190  238  313  334.00000  729.68331   118%   630  926s
  1277  1036  504.79612  240  308  334.00000  729.68331   118%   631  930s
  1281  1038  491.89129  242  294  334.00000  729.68331   118%   632  935s
  1286  1042  579.50433  245  397  334.00000  729.68331   118%   633  940s
  1289  1044  496.25848  246  299  334.00000  729.68331   118%   634  946s
  1293  1046  527.35835  248  320  334.00000  729.68331   118%   635  950s
  1299  1050  521.38640  251  343  334.00000  729.68331   118%   636  956s
  1303  1053  475.35193  253  290  334.00000  729.68331   118%   637  961s
  1307  1056  513.94547  255  325  334.00000  729.68331   118%   638  965s
  1313  1060  506.70027  258  311  334.00000  729.68331   118%   639  970s
  1319  1064  475.39968  261  290  334.00000  729.68331   118%   641  975s
  1324  1067  566.66750  264  401  334.00000  729.68331   118%   642  980s
  1328  1070  566.00282  266  397  334.00000  729.68331   118%   642  985s
  1333  1073  506.60411  268  344  334.00000  729.68331   118%   644  990s
  1337  1076  506.49762  270  325  334.00000  729.68331   118%   645  995s
  1342  1079  561.36441  273  399  334.00000  729.68331   118%   645 1000s
  1347  1082  482.89150  275  285  334.00000  729.68331   118%   647 1005s
  1353  1086  502.51538  278  333  334.00000  729.68331   118%   648 1010s
  1359  1090  466.64639  281  318  334.00000  729.68331   118%   649 1015s
  1365  1094  475.51113  284  292  334.00000  729.68331   118%   650 1021s
  1369  1097  472.49785  286  304  334.00000  729.68331   118%   651 1025s
  1371  1098  471.34489  287  284  334.00000  729.68331   118%   651 1033s
  1374  1100  547.55358  289  380  334.00000  729.68331   118%   651 1035s
  1384  1107  545.69774  294  387  334.00000  729.68331   118%   653 1040s
  1391  1112  467.06944  297  295  334.00000  729.68331   118%   654 1045s
  1397  1116  471.69868  300  310  334.00000  729.68331   118%   655 1050s
  1407  1122  481.54265  305  280  334.00000  729.68331   118%   657 1055s
  1413  1126  484.55666  308  313  334.00000  729.68331   118%   658 1060s
  1419  1130  474.15920  311  311  334.00000  729.68331   118%   658 1065s
  1425  1134  462.90911  314  298  334.00000  729.68331   118%   659 1070s
  1430  1138  533.57638  317  359  334.00000  729.68331   118%   659 1075s
  1437  1142  460.46233  320  268  334.00000  729.68331   118%   660 1080s
  1444  1147  531.22076  324  353  334.00000  729.68331   118%   661 1085s
  1450  1151  527.05669  327  353  334.00000  729.68331   118%   662 1090s
  1455  1154  471.36698  329  299  334.00000  729.68331   118%   663 1095s
  1461  1158  478.82354  332  309  334.00000  729.68331   118%   663 1100s
  1467  1162  466.45525  335  285  334.00000  729.68331   118%   663 1105s
  1473  1166  445.85055  338  287  334.00000  729.68331   118%   664 1110s
  1479  1170  439.84582  341  280  334.00000  729.68331   118%   665 1115s
  1485  1174  450.45925  344  265  334.00000  729.68331   118%   665 1120s
  1493  1180  448.75461  348  288  334.00000  729.68331   118%   666 1125s
  1498  1183  504.84474  351  366  334.00000  729.68331   118%   666 1140s
  1503  1186  429.72179  353  268  334.00000  729.68331   118%   667 1145s
  1513  1193  421.88913  358  273  334.00000  729.68331   118%   667 1151s
  1518  1196  497.28736  361  352  334.00000  729.68331   118%   667 1155s
  1524  1200  495.31024  364  343  334.00000  729.68331   118%   668 1160s
  1529  1204  417.68118  366  265  334.00000  729.68331   118%   668 1165s
  1536  1208  492.11381  370  339  334.00000  729.68331   118%   669 1170s
  1542  1212  488.52163  373  337  334.00000  729.68331   118%   669 1175s
  1548  1216  487.29831  376  336  334.00000  729.68331   118%   669 1180s
  1550  1218  486.85621  377  331  334.00000  729.68331   118%   670 1194s
  1551  1218  424.23998  377  268  334.00000  729.68331   118%   670 1195s
  1557  1222  412.63363  380  260  334.00000  729.68331   118%   670 1200s
  1565  1228  414.42916  384  265  334.00000  729.68331   118%   671 1205s
  1577  1236  418.15715  390  287  334.00000  729.68331   118%   671 1210s
  1589  1244  407.09030  396  272  334.00000  729.68331   118%   672 1215s
  1597  1249  400.42435  400  250  334.00000  729.68331   118%   672 1220s
  1603  1253  402.11819  403  258  334.00000  729.68331   118%   672 1225s
  1612  1259  459.68995  408  332  334.00000  729.68331   118%   672 1230s
  1621  1265  403.15608  412  256  334.00000  729.68331   118%   672 1235s
  1629  1270  404.98328  416  267  334.00000  729.68331   118%   672 1240s
  1637  1276  372.58841  420  250  334.00000  729.68331   118%   673 1245s
  1646  1282  447.93073  425  314  334.00000  729.68331   118%   673 1250s
  1655  1288  372.85121  429  258  334.00000  729.68331   118%   673 1255s
  1663  1293  379.61702  433  254  334.00000  729.68331   118%   673 1260s
  1673  1300  376.60336  438  260  334.00000  729.68331   118%   673 1265s
  1687  1309  387.18919  445  261  334.00000  729.68331   118%   673 1270s
  1701  1318  369.52340  452  244  334.00000  729.68331   118%   673 1275s
  1717  1329  368.77099  460  259  334.00000  729.68331   118%   673 1280s
  1727  1336  365.43332  465  255  334.00000  729.68331   118%   673 1285s
  1737  1342  369.07977  470  251  334.00000  729.68331   118%   673 1290s
  1748  1350  416.58407  476  305  334.00000  729.68331   118%   672 1295s
  1758  1356  409.40569  481  300  334.00000  729.68331   118%   672 1300s
  1769  1364  354.14435  486  243  334.00000  729.68331   118%   672 1305s
  1779  1370  344.85791  491  242  334.00000  729.68331   118%   672 1310s
  1784  1374  400.23735  494  290  334.00000  729.68331   118%   671 1315s
  1795  1379  347.53697  499  226  334.00000  729.68331   118%   671 1320s
  1805  1384  356.38050  504  260  334.00000  729.68331   118%   670 1325s
  1815  1388  342.98161  509  257  334.00000  729.68331   118%   670 1330s
  1827  1389  349.50150  515  243  334.00000  729.68331   118%   669 1335s
  1840  1389  378.92931  522  288  334.00000  729.68331   118%   668 1340s
  1855  1385     cutoff  529       334.00000  729.68331   118%   666 1345s
  1876  1379  367.86383  540  269  334.00000  729.68331   118%   662 1350s
  1898  1372  361.65426  551  271  334.00000  729.68331   118%   658 1355s
  1908  1368  359.45346  556  258  334.00000  729.68331   118%   656 1360s
  1948  1355  342.07230  576  244  334.00000  729.68331   118%   646 1365s
  1988  1346  621.72240   17  280  334.00000  729.68183   118%   637 1370s
  1994  1350  614.92226   20  293  334.00000  729.68183   118%   639 1383s
  1996  1351  626.80336   21  306  334.00000  729.68183   118%   639 1385s
  2001  1354  707.57188   24  399  334.00000  729.68183   118%   639 1390s
  2005  1357  704.88085   26  401  334.00000  729.68183   118%   640 1395s
  2008  1359  625.26951   27  298  334.00000  729.68183   118%   641 1400s
  2013  1362  698.72309   30  399  334.00000  729.68183   118%   641 1405s
  2018  1366  597.45516   32  289  334.00000  729.68183   118%   642 1410s
  2023  1369  688.83297   35  387  334.00000  729.68183   118%   643 1415s
  2028  1372  591.28064   37  281  334.00000  729.68183   118%   644 1421s
  2032  1375  589.22879   39  277  334.00000  729.68183   118%   645 1425s
  2038  1379  573.36871   42  280  334.00000  729.68183   118%   646 1430s
  2043  1382  674.26908   45  390  334.00000  729.68183   118%   646 1435s
  2048  1386  587.31486   47  294  334.00000  729.68183   118%   647 1440s
  2054  1390  544.61051   50  276  334.00000  729.68183   118%   648 1445s
  2063  1396  659.87612   55  383  334.00000  729.68183   118%   648 1450s
  2071  1401  654.60134   59  391  334.00000  729.68183   118%   649 1455s
  2082  1408  553.61746   64  277  334.00000  729.68183   118%   651 1460s
  2088  1412  500.59724   67  239  334.00000  729.68183   118%   651 1465s
  2094  1416  555.79594   70  283  334.00000  729.68183   118%   652 1470s
  2100  1420  557.80492   73  292  334.00000  729.68183   118%   653 1475s
  2106  1424  565.82562   76  293  334.00000  729.68183   118%   653 1480s
  2112  1428  543.11035   79  272  334.00000  729.68183   118%   654 1485s
  2118  1432  550.03516   82  281  334.00000  729.68183   118%   654 1490s
  2124  1436  505.46333   85  250  334.00000  729.68183   118%   655 1495s
  2130  1440  529.71218   88  261  334.00000  729.68183   118%   656 1518s
  2132  1442  524.56571   89  267  334.00000  729.68183   118%   656 1520s
  2139  1446  622.31337   93  391  334.00000  729.68183   118%   656 1525s
  2144  1450  514.91920   95  267  334.00000  729.68183   118%   657 1530s
  2150  1454  527.80646   98  281  334.00000  729.68183   118%   658 1535s
  2158  1459  520.43897  102  265  334.00000  729.68183   118%   659 1541s
  2164  1463  528.53687  105  283  334.00000  729.68183   118%   659 1545s
  2171  1468  609.44366  109  383  334.00000  729.68183   118%   659 1550s
  2176  1471  525.20015  111  279  334.00000  729.68183   118%   660 1555s
  2183  1476  604.57762  115  379  334.00000  729.68183   118%   660 1560s
  2186  1478  491.49050  116  265  334.00000  729.68183   118%   661 1589s
  2187  1478  603.72510  117  382  334.00000  729.68183   118%   661 1590s
  2194  1483  491.76012  120  264  334.00000  729.68183   118%   662 1595s
  2202  1488  531.41901  124  284  334.00000  729.68183   118%   662 1600s
  2210  1494  488.11192  128  247  334.00000  729.68183   118%   663 1605s
  2216  1498  486.99361  131  271  334.00000  729.68183   118%   664 1610s
  2224  1503  492.91638  135  260  334.00000  729.68183   118%   664 1616s
  2230  1507  488.39486  138  275  334.00000  729.68183   118%   665 1621s
  2236  1511  474.19640  141  255  334.00000  729.68183   118%   666 1625s
  2243  1516  577.86224  145  374  334.00000  729.68183   118%   666 1630s
  2251  1521  575.57539  149  366  334.00000  729.68183   118%   666 1635s
  2258  1526  495.95553  152  267  334.00000  729.68183   118%   667 1640s
  2269  1533  565.34264  158  368  334.00000  729.68183   118%   668 1645s
  2278  1539  463.59553  162  270  334.00000  729.68183   118%   669 1651s
  2284  1543  410.42522  165  209  334.00000  729.68183   118%   669 1655s
  2292  1548  444.84197  169  233  334.00000  729.68183   118%   671 1660s
  2300  1554  483.99556  173  279  334.00000  729.68183   118%   671 1665s
  2306  1558  440.46966  176  242  334.00000  729.68183   118%   672 1670s
  2314  1563  430.59901  180  240  334.00000  729.68183   118%   672 1675s
  2324  1570  453.11829  185  250  334.00000  729.68183   118%   673 1680s
  2330  1574  451.13080  188  258  334.00000  729.68183   118%   674 1685s
  2337  1578  536.83623  192  350  334.00000  729.68183   118%   674 1690s
  2345  1584  531.72952  196  348  334.00000  729.68183   118%   674 1695s
  2354  1590  456.49831  200  251  334.00000  729.68183   118%   675 1700s
  2366  1598  442.48021  206  245  334.00000  729.68183   118%   675 1705s
  2376  1604  442.82118  211  253  334.00000  729.68183   118%   676 1710s
  2390  1614  442.88797  218  266  334.00000  729.68183   118%   676 1715s
  2400  1620  410.13894  223  244  334.00000  729.68183   118%   676 1720s
  2410  1627  469.14444  228  290  334.00000  729.68183   118%   677 1725s
  2420  1634  414.51862  233  233  334.00000  729.68183   118%   677 1730s
  2431  1641  500.72722  239  329  334.00000  729.68183   118%   677 1735s
  2442  1648  429.18038  244  253  334.00000  729.68183   118%   677 1740s
  2451  1654  492.54055  249  328  334.00000  729.68183   118%   677 1745s
  2460  1660  423.66183  253  262  334.00000  729.68183   118%   677 1750s
  2476  1671  409.43597  261  242  334.00000  729.68183   118%   677 1755s
  2486  1678  385.85491  266  229  334.00000  729.68183   118%   677 1760s
  2496  1684  399.53316  271  228  334.00000  729.68183   118%   677 1765s
  2508  1692  384.58328  277  219  334.00000  729.68183   118%   677 1770s
  2518  1699  396.98658  282  252  334.00000  729.68183   118%   677 1775s
  2534  1710  384.78966  290  236  334.00000  729.68183   118%   678 1780s
  2546  1718  370.48078  296  226  334.00000  729.68183   118%   678 1785s
  2558  1726  367.48539  302  216  334.00000  729.68183   118%   678 1790s
  2570  1734  389.51224  308  229  334.00000  729.68183   118%   678 1795s

Cutting planes:
  Gomory: 6

Explored 2582 nodes (1755085 simplex iterations) in 1800.01 seconds (1145.27 work units)
Thread count was 1 (of 12 available processors)

Solution count 10: 334 330 319 ... 285

Time limit reached
Best objective 3.340000000000e+02, best bound 7.290000000000e+02, gap 118.2635%
