
Gurobi 12.0.2 (linux64, C++) logging started Thu Jun 19 08:00:21 2025

Set parameter LogFile to value "log/instances/scenario1/fully_correlated_sc1/700/kpfs_4.txt.log"

Gurobi 12.0.2 (linux64, C++) logging started Thu Jun 19 08:01:44 2025

Set parameter LogFile to value "log/instances/scenario1/fully_correlated_sc1/700/kpfs_4.txt.log"

Gurobi 12.0.2 (linux64, C++) logging started Thu Jun 19 08:02:54 2025

Set parameter LogFile to value "log/instances/scenario1/fully_correlated_sc1/700/kpfs_4.txt.log"

Gurobi 12.0.2 (linux64, C++) logging started Fri Jun 20 00:37:25 2025

Set parameter WLSAccessID
Set parameter WLSSecret
Set parameter LicenseID to value 2679381
Set parameter LogFile to value "log/instances/scenario1/fully_correlated_sc1/700/kpfs_4.txt.log"
Academic license 2679381 - for non-commercial use only - registered to be___@poli.ufrj.br
Set parameter TimeLimit to value 1800
Set parameter Threads to value 1
Gurobi Optimizer version 12.0.2 build v12.0.2rc0 (linux64 - "Ubuntu 24.04.1 LTS")

CPU model: 13th Gen Intel(R) Core(TM) i7-1355U, instruction set [SSE2|AVX|AVX2]
Thread count: 6 physical cores, 12 logical processors, using up to 1 threads

Non-default parameters:
TimeLimit  1800
Threads  1

Academic license 2679381 - for non-commercial use only - registered to be___@poli.ufrj.br
Optimize a model with 3502 rows, 4200 columns and 35423 nonzeros
Model fingerprint: 0xf003087a
Variable types: 0 continuous, 4200 integer (700 binary)
Coefficient statistics:
  Matrix range     [1e+00, 3e+01]
  Objective range  [4e+00, 4e+01]
  Bounds range     [1e+00, 1e+01]
  RHS range        [1e+00, 1e+03]
Found heuristic solution: objective 328.0000000
Presolve removed 0 rows and 296 columns
Presolve time: 0.14s
Presolved: 3502 rows, 3904 columns, 34831 nonzeros
Variable types: 0 continuous, 3904 integer (700 binary)

Root simplex log...

Iteration    Objective       Primal Inf.    Dual Inf.      Time
    3840    1.7065043e+03   1.790262e+03   0.000000e+00      5s
    5760    1.6476547e+03   5.470480e+02   0.000000e+00     10s
    8169    1.6129225e+03   0.000000e+00   0.000000e+00     15s

Root relaxation: objective 1.612923e+03, 8169 iterations, 14.74 seconds (5.78 work units)

    Nodes    |    Current Node    |     Objective Bounds      |     Work
 Expl Unexpl |  Obj  Depth IntInf | Incumbent    BestBd   Gap | It/Node Time

     0     0 1612.92253    0  546  328.00000 1612.92253   392%     -   15s
H    0     0                     331.0000000 1612.92253   387%     -   15s
H    0     0                     431.0000000 1612.92253   274%     -   16s
H    0     0                     453.0000000 1612.92253   256%     -   16s
H    0     0                     487.0000000 1612.92253   231%     -   16s
     0     0 1612.18695    0  550  487.00000 1612.18695   231%     -   21s
H    0     0                     491.0000000 1612.18392   228%     -   24s
H    0     0                     497.0000000 1612.18392   224%     -   31s
H    0     0                     511.0000000 1612.18392   215%     -   31s
H    0     0                     558.0000000 1612.18392   189%     -   31s
H    0     0                     563.0000000 1612.18392   186%     -   31s
H    0     0                     579.0000000 1612.18392   178%     -   33s
H    0     0                     607.0000000 1612.18392   166%     -   42s
     0     0 1612.07833    0  550  607.00000 1612.07833   166%     -   42s
     0     0 1612.04908    0  549  607.00000 1612.04908   166%     -   42s
     0     0 1612.04692    0  548  607.00000 1612.04692   166%     -   42s
     0     0 1611.84640    0  547  607.00000 1611.84640   166%     -   50s
     0     0 1611.79603    0  551  607.00000 1611.79603   166%     -   64s
     0     0 1611.77123    0  547  607.00000 1611.77123   166%     -   64s
     0     0 1611.76286    0  547  607.00000 1611.76286   166%     -   64s
     0     0 1611.75769    0  545  607.00000 1611.75769   166%     -   64s
     0     0 1611.75337    0  546  607.00000 1611.75337   166%     -   64s
     0     0 1611.75035    0  546  607.00000 1611.75035   166%     -   79s
H    0     0                     630.0000000 1611.75035   156%     -   83s
H    0     0                     634.0000000 1611.75035   154%     -   83s
     0     2 1611.75029    0  546  634.00000 1611.75029   154%     -   83s
     2     4 1543.22681    1  530  634.00000 1610.02251   154%  1720   88s
     3     5 1523.41307    2  513  634.00000 1609.99720   154%  2083   92s
     6     8 1512.88035    3  501  634.00000 1604.37103   153%  1681   97s
     8    10 1506.30983    4  527  634.00000 1603.17026   153%  1653  102s
    10    12 1529.63169    5  523  634.00000 1600.46372   152%  1804  109s
    11    13 1597.45549    6  550  634.00000 1600.42095   152%  1730  110s
    12    14 1523.72184    6  527  634.00000 1597.43246   152%  1945  115s
    14    16 1486.68914    7  517  634.00000 1595.19836   152%  1940  120s
    16    18 1526.66382    8  523  634.00000 1593.36946   151%  1985  125s
    19    21 1499.46266   10  525  634.00000 1593.34383   151%  1856  130s
    23    25 1585.34777   13  537  634.00000 1593.34383   151%  1693  135s
    26    28 1496.08996   15  537  634.00000 1593.34383   151%  1721  142s
    28    30 1502.10210   16  534  634.00000 1593.34383   151%  1706  145s
    35    37 1500.04644   21  534  634.00000 1593.34383   151%  1547  153s
    37    39 1515.64934   22  520  634.00000 1593.34383   151%  1578  157s
    42    44 1558.47098   27  548  634.00000 1593.34383   151%  1435  160s
    44    46 1557.01357   28  550  634.00000 1593.34383   151%  1441  165s
    53    55 1548.24402   37  545  634.00000 1593.34383   151%  1242  170s
    61    63 1481.45424   44  527  634.00000 1593.34383   151%  1146  176s
    63    65 1452.79527   45  513  634.00000 1593.34383   151%  1187  180s
    75    77 1522.61733   57  535  634.00000 1593.34383   151%  1039  185s
    80    82 1419.69888   60  520  634.00000 1593.34383   151%  1047  192s
    87    89 1509.46278   67  533  634.00000 1593.34383   151%   987  195s
    97    99 1503.84109   76  539  634.00000 1593.34383   151%   924  200s
   103   105 1496.71395   81  527  634.00000 1593.34383   151%   906  205s
H  104   104                     638.0000000 1593.34383   150%   898  208s
H  104   104                     649.0000000 1593.34383   146%   898  208s
H  104   104                     653.0000000 1593.34383   144%   898  208s
H  104   104                     668.0000000 1593.34383   139%   898  208s
   109   111 1407.70722   85  506  668.00000 1593.34383   139%   921  211s
   114   116 1418.85342   88  502  668.00000 1593.34383   139%   924  215s
   126   128 1374.27686   99  507  668.00000 1593.34383   139%   875  221s
   131   133 1362.25781  103  486  668.00000 1593.34383   139%   866  225s
   136   138 1379.43724  106  488  668.00000 1593.34383   139%   881  231s
   140   142 1368.74865  108  480  668.00000 1593.34383   139%   894  237s
   142   144 1375.84728  109  487  668.00000 1593.34383   139%   898  241s
   147   149 1450.97486  113  499  668.00000 1593.34383   139%   893  245s
   152   154 1372.77366  116  489  668.00000 1593.34383   139%   906  250s
   158   160 1349.98004  120  485  668.00000 1593.34383   139%   905  255s
   160   162 1390.61786  121  479  668.00000 1593.34383   139%   906  311s
   172   174 1429.13662  132  477  668.00000 1593.34383   139%   880  315s
   185   187 1354.29562  143  454  668.00000 1593.34383   139%   873  320s
   190   192 1328.37399  146  457  668.00000 1593.34383   139%   895  325s
   195   197 1328.89739  149  464  668.00000 1593.34383   139%   893  330s
   199   201 1291.61106  151  454  668.00000 1593.34383   139%   905  335s
   203   205 1319.32093  153  465  668.00000 1593.34383   139%   916  342s
   205   207 1318.70263  154  456  668.00000 1593.34383   139%   917  345s
   209   211 1295.48451  156  455  668.00000 1593.34383   139%   920  351s
   216   218 1371.64503  162  447  668.00000 1593.34383   139%   915  355s
   223   225 1303.74734  167  462  668.00000 1593.34383   139%   917  360s
H  234   234                     673.0000000 1593.34383   137%   889  365s
H  234   234                     677.0000000 1593.34383   135%   889  365s
H  234   234                     692.0000000 1593.34383   130%   889  366s
H  234   234                     693.0000000 1593.34383   130%   889  366s
H  234   234                     694.0000000 1593.34383   130%   889  366s
H  234   234                     697.0000000 1593.34383   129%   889  366s
H  234   234                     698.0000000 1593.34383   128%   889  366s
   238   240 1251.52362  179  434  698.00000 1593.34383   128%   890  371s
   243   245 1340.96878  183  444  698.00000 1593.34383   128%   883  375s
   254   256 1248.32183  192  438  698.00000 1593.34383   128%   866  381s
H  260   260                     699.0000000 1593.34383   128%   849  383s
H  260   260                     704.0000000 1593.34383   126%   849  384s
H  260   260                     706.0000000 1593.34383   126%   849  385s
   274   276 1308.21215  211  421  706.00000 1593.34383   126%   822  390s
   288   290 1227.51502  224  422  706.00000 1593.34383   126%   795  395s
   295   297 1283.60523  229  408  706.00000 1593.34383   126%   790  400s
   312   314 1269.58604  245  389  706.00000 1593.34383   126%   760  405s
   321   323 1256.14588  252  389  706.00000 1593.34383   126%   752  410s
   335   337 1162.69108  262  378  706.00000 1593.34383   126%   750  416s
   343   345 1128.66527  267  377  706.00000 1593.34383   126%   744  420s
   350   352 1160.65954  271  369  706.00000 1593.34383   126%   744  425s
   363   365 1141.36746  281  379  706.00000 1593.34383   126%   733  430s
H  364   364                     707.0000000 1593.34383   125%   731  434s
H  364   364                     714.0000000 1593.34383   123%   731  434s
H  364   364                     716.0000000 1593.34383   123%   731  437s
H  364   364                     718.0000000 1593.34383   122%   731  437s
   364   366 1193.91343  282  363  718.00000 1593.34383   122%   732  440s
   376   378 1180.37608  291  365  718.00000 1593.34383   122%   722  445s
   385   387 1168.43063  298  363  718.00000 1593.34383   122%   715  450s
H  390   390                     719.0000000 1593.34383   122%   707  455s
   396   398 1153.56906  306  358  719.00000 1593.34383   122%   708  460s
   412   414 1071.93219  318  345  719.00000 1593.34383   122%   697  465s
   416   418 1078.38382  321  346  719.00000 1593.34383   122%   693  476s
   430   432 1112.58780  330  323  719.00000 1593.34383   122%   687  480s
   442   444 1094.99592  338  320  719.00000 1593.34383   122%   682  485s
   457   459 1027.37623  350  307  719.00000 1593.34383   122%   672  490s
   476   478 1002.27536  366  312  719.00000 1593.34383   122%   655  495s
   493   495 1032.68916  378  293  719.00000 1593.34383   122%   644  500s
   494   496 1032.55357  379  291  719.00000 1593.34383   122%   643  512s
   523   525 1008.82751  406  276  719.00000 1593.34383   122%   615  515s
   558   560  963.32421  435  277  719.00000 1593.34383   122%   591  520s
   599   601  838.64336  467  242  719.00000 1593.34383   122%   566  525s
   648   650  847.15797  507  206  719.00000 1593.34383   122%   535  530s
   742   730 1523.10697    9  525  719.00000 1589.35475   121%   488  537s
   744   731  829.56521  524  546  719.00000 1589.35475   121%   486  588s
   746   732 1513.30540   13  546  719.00000 1589.35475   121%   485  618s
   747   733 1481.31253   92  550  719.00000 1589.35475   121%   484  645s
   753   737  879.88914  484  546  719.00000 1589.35475   121%   480  650s
   756   741 1524.51481   14  515  719.00000 1589.35475   121%   496  658s
   758   742 1519.64569   15  518  719.00000 1589.35475   121%   499  664s
   759   743 1589.35475   16  551  719.00000 1589.35475   121%   499  665s
   762   745 1535.40900   17  523  719.00000 1589.35475   121%   505  674s
   763   746 1589.35475   18  547  719.00000 1589.35475   121%   505  675s
   764   746 1521.25842   18  530  719.00000 1589.35475   121%   510  680s
   766   748 1522.74287   19  523  719.00000 1589.35475   121%   516  686s
   768   749 1486.23376   20  523  719.00000 1589.35475   121%   520  692s
   770   750 1512.60348   21  514  719.00000 1589.35475   121%   525  698s
   772   752 1521.94791   22  524  719.00000 1587.42253   121%   529  704s
   773   752 1585.72637   23  540  719.00000 1587.40878   121%   528  706s
   775   754 1583.96943   24  543  719.00000 1585.65967   121%   532  710s
   777   755 1582.14458   25  545  719.00000 1583.89701   120%   535  715s
   779   756 1578.94789   26  540  719.00000 1582.13584   120%   538  720s
   782   758 1489.11538   27  532  719.00000 1576.76574   119%   545  728s
   784   760 1481.27797   28  526  719.00000 1573.38474   119%   548  733s
   786   761 1488.81734   29  525  719.00000 1570.49111   118%   550  739s
   787   762 1568.99402   30  539  719.00000 1570.48313   118%   550  740s
   789   763 1565.82572   31  545  719.00000 1568.99269   118%   556  745s
   791   764 1562.56754   32  535  719.00000 1565.80816   118%   558  750s
   794   766 1479.27454   33  531  719.00000 1560.99462   117%   563  758s
   796   768 1464.41636   34  534  719.00000 1560.07033   117%   568  761s
   799   770 1555.34618   36  539  719.00000 1557.07447   117%   570  765s
   801   771 1550.40402   37  551  719.00000 1555.33137   116%   573  770s
   804   773 1456.52888   38  530  719.00000 1547.28292   115%   580  778s
   806   774 1477.74763   39  532  719.00000 1546.09943   115%   581  782s
   808   776 1496.51113   40  524  719.00000 1541.60952   114%   583  787s
   810   777 1477.76073   41  538  719.00000 1535.40414   114%   588  791s
   812   778 1458.63928   42  527  719.00000 1535.40414   114%   590  795s
   815   780 1525.20168   44  563  719.00000 1535.40414   114%   592  800s
   817   782 1523.11436   45  553  719.00000 1535.40414   114%   594  806s
   818   782 1436.82281   45  534  719.00000 1535.40414   114%   599  810s
   821   784 1518.51747   47  549  719.00000 1535.40414   114%   601  815s
   824   786 1453.39913   48  525  719.00000 1535.40414   114%   606  823s
   826   788 1455.88482   49  539  719.00000 1535.40414   114%   608  827s
   828   789 1443.93164   50  542  719.00000 1535.40414   114%   610  831s
   830   790 1387.48333   51  525  719.00000 1535.40414   114%   614  837s
   832   792 1438.63117   52  544  719.00000 1535.40414   114%   616  842s
   834   793 1434.81442   53  537  719.00000 1535.40414   114%   618  846s
   836   794 1420.22988   54  543  719.00000 1535.40414   114%   621  851s
   838   796 1414.98730   55  526  719.00000 1535.40414   114%   624  855s
   841   798 1490.89601   57  550  719.00000 1535.40414   114%   626  860s
   844   800 1392.95250   58  537  719.00000 1535.40414   114%   632  865s
   847   802 1485.38345   60  554  719.00000 1535.40414   114%   634  870s
   849   803 1483.21792   61  539  719.00000 1535.40414   114%   636  875s
   851   804 1480.50781   62  551  719.00000 1535.40414   114%   641  880s
   854   806 1408.70148   63  543  719.00000 1535.40414   114%   644  886s
   856   808 1402.99558   64  543  719.00000 1535.40414   114%   646  890s
   859   810 1472.94247   66  550  719.00000 1535.40414   114%   648  896s
   860   810 1370.97870   66  518  719.00000 1535.40414   114%   652  900s
   864   813 1406.67546   68  527  719.00000 1535.40414   114%   655  907s
   866   814 1380.48822   69  531  719.00000 1535.40414   114%   656  911s
   868   816 1382.26877   70  526  719.00000 1535.40414   114%   660  916s
   871   818 1460.73946   72  540  719.00000 1535.40414   114%   661  920s
   874   820 1367.24957   73  517  719.00000 1535.40414   114%   664  925s
   878   822 1380.18154   75  513  719.00000 1535.40414   114%   669  932s
   880   824 1363.53419   76  527  719.00000 1535.40414   114%   671  936s
   882   825 1366.30582   77  508  719.00000 1535.40414   114%   673  941s
   885   827 1441.59710   79  538  719.00000 1535.40414   114%   676  945s
   888   829 1358.49387   80  516  719.00000 1535.40414   114%   679  950s
   892   832 1354.50332   82  516  719.00000 1535.40414   114%   685  955s
   895   834 1430.39245   84  526  719.00000 1535.40414   114%   686  960s
   898   836 1327.42941   85  516  719.00000 1535.40414   114%   692  967s
   900   837 1352.08567   86  508  719.00000 1535.40414   114%   693  972s
   902   838 1332.68662   87  524  719.00000 1535.40414   114%   695  975s
   905   840 1418.23504   89  535  719.00000 1535.40414   114%   696  980s
   908   842 1337.21306   90  527  719.00000 1535.40414   114%   701  987s
   909   843 1414.28699   91  538  719.00000 1535.40414   114%   701 1002s
   910   844 1342.93248   91  514  719.00000 1535.40414   114%   702 1006s
   912   845 1347.56707   92  521  719.00000 1535.40414   114%   704 1010s
   916   848 1361.66983   94  520  719.00000 1535.40414   114%   708 1017s
   918   849 1330.34393   95  498  719.00000 1535.40414   114%   709 1020s
   922   852 1288.57146   97  491  719.00000 1535.40414   114%   712 1026s
   925   854 1395.31415   99  522  719.00000 1535.40414   114%   714 1030s
   928   856 1317.35026  100  517  719.00000 1535.40414   114%   717 1037s
   930   857 1318.08744  101  514  719.00000 1535.40414   114%   720 1041s
   932   858 1284.88031  102  498  719.00000 1535.40414   114%   722 1045s
   936   861 1322.61287  104  513  719.00000 1535.40414   114%   724 1052s
   938   862 1304.29280  105  506  719.00000 1535.40414   114%   725 1056s
   940   864 1281.82693  106  509  719.00000 1535.40414   114%   729 1061s
   942   865 1277.36602  107  500  719.00000 1535.40414   114%   730 1065s
   946   868 1317.56369  109  500  719.00000 1535.40414   114%   732 1072s
   948   869 1297.52162  110  509  719.00000 1535.40414   114%   734 1076s
   950   870 1295.31524  111  508  719.00000 1535.40414   114%   737 1080s
   953   872 1368.94316  113  527  719.00000 1535.40414   114%   738 1085s
   956   874 1290.46466  114  496  719.00000 1535.40414   114%   741 1092s
   958   876 1272.43746  115  492  719.00000 1535.40414   114%   742 1095s
   961   878 1361.57608  117  526  719.00000 1535.40414   114%   745 1100s
   964   880 1280.48281  118  484  719.00000 1535.40414   114%   748 1106s
   966   881 1269.10426  119  489  719.00000 1535.40414   114%   749 1110s
   970   884 1241.50604  121  487  719.00000 1535.40414   114%   753 1117s
   972   885 1276.41617  122  501  719.00000 1535.40414   114%   754 1121s
   975   887 1350.59111  124  519  719.00000 1535.40414   114%   755 1125s
   978   889 1255.89669  125  500  719.00000 1535.40414   114%   759 1132s
   980   890 1268.05611  126  474  719.00000 1535.40414   114%   759 1135s
   983   892 1346.06364  128  514  719.00000 1535.40414   114%   760 1140s
   986   894 1246.56100  129  489  719.00000 1535.40414   114%   763 1146s
   988   896 1286.80888  130  493  719.00000 1535.40414   114%   766 1150s
   992   898 1265.04540  132  501  719.00000 1535.40414   114%   767 1156s
   996   901 1251.29787  134  493  719.00000 1535.40414   114%   769 1162s
   998   902 1252.57985  135  484  719.00000 1535.40414   114%   770 1165s
  1000   904 1243.26385  136  491  719.00000 1535.40414   114%   773 1172s
  1002   905 1252.33927  137  493  719.00000 1535.40414   114%   774 1176s
  1005   907 1320.50350  139  494  719.00000 1535.40414   114%   775 1180s
  1008   909 1260.69035  140  486  719.00000 1535.40414   114%   777 1185s
  1012   912 1213.25402  142  471  719.00000 1535.40414   114%   779 1191s
  1014   913 1235.64899  143  492  719.00000 1535.40414   114%   781 1196s
  1017   915 1309.88985  145  493  719.00000 1535.40414   114%   782 1200s
  1020   917 1209.91414  146  506  719.00000 1535.40414   114%   784 1207s
  1022   918 1217.81665  147  467  719.00000 1535.40414   114%   787 1211s
  1025   920 1300.54060  149  501  719.00000 1535.40414   114%   788 1215s
  1029   923 1298.24007  151  499  719.00000 1535.40414   114%   789 1220s
  1032   925 1168.35971  152  476  719.00000 1535.40414   114%   791 1225s
  1036   928 1211.02314  154  477  719.00000 1535.40414   114%   793 1283s
  1038   929 1204.82477  155  475  719.00000 1535.40414   114%   794 1287s
  1041   931 1291.78562  157  480  719.00000 1535.40414   114%   795 1290s
  1044   933 1189.13392  158  457  719.00000 1535.40414   114%   799 1295s
  1047   935 1288.08783  160  488  719.00000 1535.40414   114%   800 1300s
  1050   937 1206.81203  161  459  719.00000 1535.40414   114%   802 1307s
  1053   939 1281.65070  163  484  719.00000 1535.40414   114%   803 1310s
  1056   941 1166.47645  164  478  719.00000 1535.40414   114%   805 1316s
  1058   942 1162.95471  165  480  719.00000 1535.40414   114%   808 1320s
  1062   945 1221.21627  167  477  719.00000 1535.40414   114%   809 1325s
  1066   948 1159.58461  169  471  719.00000 1535.40414   114%   811 1331s
  1070   950 1146.07178  171  477  719.00000 1535.40414   114%   813 1336s
  1073   952 1263.30864  173  473  719.00000 1535.40414   114%   813 1340s
  1076   954 1211.84772  174  463  719.00000 1535.40414   114%   816 1346s
  1080   957 1195.56146  176  453  719.00000 1535.40414   114%   819 1350s
  1083   959 1257.05789  178  470  719.00000 1535.40414   114%   820 1355s
  1086   961 1191.95804  179  456  719.00000 1535.40414   114%   821 1360s
  1090   964 1183.54551  181  447  719.00000 1535.40414   114%   822 1366s
  1092   965 1157.11790  182  460  719.00000 1535.40414   114%   823 1375s
  1095   967 1244.51189  184  466  719.00000 1535.40414   114%   823 1380s
  1098   969 1172.04928  185  462  719.00000 1535.40414   114%   825 1386s
  1101   971 1238.57962  187  473  719.00000 1535.40414   114%   825 1391s
  1103   972 1235.93580  188  472  719.00000 1535.40414   114%   826 1395s
  1106   974 1157.54458  189  460  719.00000 1535.40414   114%   827 1401s
  1108   976 1092.78968  190  441  719.00000 1535.40414   114%   828 1405s
  1111   978 1228.16101  192  465  719.00000 1535.40414   114%   828 1410s
  1114   980 1151.77937  193  441  719.00000 1535.40414   114%   830 1415s
  1118   982 1141.13337  195  443  719.00000 1535.40414   114%   831 1421s
  1121   984 1215.52530  197  457  719.00000 1535.40414   114%   831 1425s
  1124   986 1122.44056  198  448  719.00000 1535.40414   114%   832 1431s
  1127   988 1210.53446  200  463  719.00000 1535.40414   114%   832 1435s
  1131   991 1209.79953  202  451  719.00000 1535.40414   114%   833 1440s
  1136   994 1119.55155  204  431  719.00000 1535.40414   114%   835 1445s
  1140   997 1128.17682  206  449  719.00000 1535.40414   114%   836 1450s
  1144  1000 1115.71113  208  432  719.00000 1535.40414   114%   836 1457s
  1146  1001 1139.71997  209  427  719.00000 1535.40414   114%   837 1460s
  1150  1004 1060.22104  211  434  719.00000 1535.40414   114%   838 1466s
  1152  1005 1060.49278  212  444  719.00000 1535.40414   114%   839 1471s
  1156  1008 1125.67947  214  429  719.00000 1535.40414   114%   839 1476s
  1160  1010 1099.63596  216  424  719.00000 1535.40414   114%   840 1481s
  1162  1012 1077.10602  217  430  719.00000 1535.40414   114%   841 1485s
  1165  1014 1180.48575  219  461  719.00000 1535.40414   114%   840 1490s
  1168  1016 1097.83786  220  437  719.00000 1535.40414   114%   842 1496s
  1170  1017 1099.01297  221  426  719.00000 1535.40414   114%   842 1510s
  1171  1018 1172.91448  222  438  719.00000 1535.40414   114%   842 1516s
  1174  1020 1089.62705  223  429  719.00000 1535.40414   114%   843 1521s
  1177  1022 1168.73967  225  443  719.00000 1535.40414   114%   843 1525s
  1180  1024 1079.35131  226  433  719.00000 1535.40414   114%   844 1531s
  1184  1026 1103.99170  228  426  719.00000 1535.40414   114%   845 1537s
  1186  1028 1092.84534  229  415  719.00000 1535.40414   114%   845 1540s
  1191  1031 1154.94813  232  444  719.00000 1535.40414   114%   844 1545s
  1194  1033 1071.03606  233  430  719.00000 1535.40414   114%   846 1551s
  1197  1035 1147.23743  235  427  719.00000 1535.40414   114%   846 1555s
  1200  1037 1081.97156  236  417  719.00000 1535.40414   114%   847 1561s
  1203  1039 1140.61585  238  433  719.00000 1535.40414   114%   846 1565s
  1206  1041 1056.79040  239  413  719.00000 1535.40414   114%   848 1571s
  1210  1044 1062.40053  241  401  719.00000 1535.40414   114%   848 1576s
  1214  1046 1075.59118  243  419  719.00000 1535.40414   114%   848 1581s
  1218  1049 1090.78466  245  404  719.00000 1535.40414   114%   848 1586s
  1222  1052 1029.50871  247  409  719.00000 1535.40414   114%   849 1592s
  1226  1054 1027.45470  249  416  719.00000 1535.40414   114%   850 1597s
  1230  1057 1039.97189  251  420  719.00000 1535.40414   114%   850 1600s
  1236  1061 1038.40181  254  410  719.00000 1535.40414   114%   851 1605s
  1241  1064 1106.51807  257  419  719.00000 1535.40414   114%   851 1610s
  1246  1068 1047.56718  259  415  719.00000 1535.40414   114%   851 1615s
  1248  1069 1039.58080  260  420  719.00000 1535.40414   114%   851 1633s
  1250  1070 1027.54836  261  404  719.00000 1535.40414   114%   851 1635s
  1254  1073 1007.14647  263  401  719.00000 1535.40414   114%   852 1641s
  1258  1076 1035.53783  265  403  719.00000 1535.40414   114%   852 1645s
  1262  1078  998.56369  267  401  719.00000 1535.40414   114%   854 1653s
  1264  1080 1012.11805  268  394  719.00000 1535.40414   114%   854 1656s
  1268  1082 1008.99726  270  396  719.00000 1535.40414   114%   855 1660s
  1273  1086 1076.93777  273  414  719.00000 1535.40414   114%   855 1665s
  1276  1088 1015.00577  274  395  719.00000 1535.40414   114%   856 1671s
  1280  1090  990.01760  276  403  719.00000 1535.40414   114%   856 1677s
  1282  1092  988.38360  277  398  719.00000 1535.40414   114%   856 1680s
  1286  1094  991.52100  279  393  719.00000 1535.40414   114%   857 1685s
  1290  1097  999.10890  281  384  719.00000 1535.40414   114%   857 1690s
  1294  1100  989.25875  283  391  719.00000 1535.40414   114%   857 1696s
  1298  1102  987.62846  285  387  719.00000 1535.40414   114%   857 1701s
  1300  1104  968.69309  286  387  719.00000 1535.40414   114%   857 1705s
  1304  1106 1006.04254  288  385  719.00000 1535.40414   114%   857 1710s
  1308  1109  949.01964  290  383  719.00000 1535.40414   114%   857 1716s
  1312  1112  967.25308  292  373  719.00000 1535.40414   114%   857 1721s
  1316  1114  982.23927  294  376  719.00000 1535.40414   114%   857 1727s
  1318  1116  942.38618  295  373  719.00000 1535.40414   114%   857 1730s
  1322  1118  952.04368  297  362  719.00000 1535.40414   114%   857 1736s
  1325  1120 1021.97580  299  402  719.00000 1535.40414   114%   857 1740s
  1328  1122  978.06857  300  371  719.00000 1535.40414   114%   858 1746s
  1331  1124 1014.24140  302  394  719.00000 1535.40414   114%   857 1750s
  1334  1126  972.12150  303  375  719.00000 1535.40414   114%   858 1755s
  1338  1129  939.24392  305  376  719.00000 1535.40414   114%   858 1760s
  1342  1132  942.46309  307  380  719.00000 1535.40414   114%   858 1766s
  1345  1134  996.50521  309  384  719.00000 1535.40414   114%   858 1771s
  1348  1136  949.83711  310  373  719.00000 1535.40414   114%   858 1775s
  1352  1138  927.79178  312  375  719.00000 1535.40414   114%   858 1781s
  1356  1141  934.44873  314  356  719.00000 1535.40414   114%   858 1785s
  1360  1144  905.35877  316  360  719.00000 1535.40414   114%   858 1791s
  1364  1146  933.68525  318  355  719.00000 1535.40414   114%   858 1796s

Cutting planes:
  Gomory: 6

Explored 1368 nodes (1180917 simplex iterations) in 1800.01 seconds (894.33 work units)
Thread count was 1 (of 12 available processors)

Solution count 10: 719 718 716 ... 697

Time limit reached
Best objective 7.190000000000e+02, best bound 1.535000000000e+03, gap 113.4910%
