
Gurobi 12.0.2 (linux64, C++) logging started Thu Jun 19 08:00:19 2025

Set parameter LogFile to value "log/instances/scenario4/fully_correlated_sc4/300/kpfs_8.txt.log"

Gurobi 12.0.2 (linux64, C++) logging started Thu Jun 19 08:01:42 2025

Set parameter LogFile to value "log/instances/scenario4/fully_correlated_sc4/300/kpfs_8.txt.log"

Gurobi 12.0.2 (linux64, C++) logging started Thu Jun 19 08:02:53 2025

Set parameter LogFile to value "log/instances/scenario4/fully_correlated_sc4/300/kpfs_8.txt.log"

Gurobi 12.0.2 (linux64, C++) logging started Thu Jun 19 08:03:57 2025

Set parameter LogFile to value "log/instances/scenario4/fully_correlated_sc4/300/kpfs_8.txt.log"

Gurobi 12.0.2 (linux64, C++) logging started Thu Jun 19 13:59:42 2025

Set parameter WLSAccessID
Set parameter WLSSecret
Set parameter LicenseID to value 2679381
Set parameter LogFile to value "log/instances/scenario4/fully_correlated_sc4/300/kpfs_8.txt.log"
Academic license 2679381 - for non-commercial use only - registered to be___@poli.ufrj.br
Set parameter TimeLimit to value 1800
Set parameter Threads to value 1
Gurobi Optimizer version 12.0.2 build v12.0.2rc0 (linux64 - "Ubuntu 24.04.1 LTS")

CPU model: 13th Gen Intel(R) Core(TM) i7-1355U, instruction set [SSE2|AVX|AVX2]
Thread count: 6 physical cores, 12 logical processors, using up to 1 threads

Non-default parameters:
TimeLimit  1800
Threads  1

Academic license 2679381 - for non-commercial use only - registered to be___@poli.ufrj.br
Optimize a model with 902 rows, 1200 columns and 9721 nonzeros
Model fingerprint: 0x6ee4f714
Variable types: 0 continuous, 1200 integer (300 binary)
Coefficient statistics:
  Matrix range     [1e+00, 3e+01]
  Objective range  [4e+00, 4e+01]
  Bounds range     [1e+00, 1e+01]
  RHS range        [1e+00, 5e+02]
Found heuristic solution: objective 753.0000000
Presolve removed 1 rows and 112 columns
Presolve time: 0.13s
Presolved: 901 rows, 1088 columns, 9494 nonzeros
Variable types: 0 continuous, 1088 integer (300 binary)

Root relaxation: objective 9.565393e+02, 581 iterations, 0.06 seconds (0.04 work units)

    Nodes    |    Current Node    |     Objective Bounds      |     Work
 Expl Unexpl |  Obj  Depth IntInf | Incumbent    BestBd   Gap | It/Node Time

     0     0  956.53926    0  126  753.00000  956.53926  27.0%     -    0s
H    0     0                     757.0000000  956.53926  26.4%     -    0s
H    0     0                     838.0000000  956.53926  14.1%     -    0s
H    0     0                     871.0000000  956.53926  9.82%     -    0s
H    0     0                     874.0000000  956.53926  9.44%     -    0s
H    0     0                     875.0000000  956.53926  9.32%     -    0s
H    0     0                     878.0000000  956.53926  8.95%     -    0s
H    0     0                     887.0000000  956.53926  7.84%     -    0s
H    0     0                     899.0000000  956.53926  6.40%     -    0s
     0     0  955.33997    0  131  899.00000  955.33997  6.27%     -    0s
     0     0  954.87209    0  134  899.00000  954.87209  6.21%     -    1s
     0     0  954.58209    0  139  899.00000  954.58209  6.18%     -    1s
     0     0  954.51500    0  137  899.00000  954.51500  6.18%     -    1s
     0     0  954.49099    0  136  899.00000  954.49099  6.17%     -    2s
     0     0  954.47982    0  136  899.00000  954.47982  6.17%     -    2s
     0     0  954.47272    0  138  899.00000  954.47272  6.17%     -    2s
     0     0  954.46892    0  139  899.00000  954.46892  6.17%     -    2s
     0     0  954.46885    0  139  899.00000  954.46885  6.17%     -    2s
     0     2  954.45301    0  139  899.00000  954.45301  6.17%     -    2s
   116   118  913.79856   89   61  899.00000  953.07372  6.01%  50.1    5s
*  448   371              45     904.0000000  952.55947  5.37%  38.7    7s
*  451   349              43     905.0000000  952.55947  5.26%  38.5    7s
H  491   345                     908.0000000  952.48055  4.90%  40.9    7s
H  491   330                     909.0000000  952.48055  4.78%  40.9    7s
   546   375  929.36587   56  133  909.00000  952.48035  4.78%  40.5   10s
   609   419  919.95161   39   57  909.00000  952.48035  4.78%  45.5   15s
  1049   581  913.71494   41   94  909.00000  948.81702  4.38%  55.6   20s
  1758   886  933.27286   26  103  909.00000  944.99294  3.96%  55.7   25s
  2213  1195  923.58052   28   94  909.00000  943.77160  3.83%  53.9   30s
H 2329  1253                     910.0000000  943.72428  3.71%  54.0   31s
H 2330  1216                     911.0000000  943.72428  3.59%  54.0   31s
H 2330  1157                     912.0000000  943.72428  3.48%  54.0   31s
  2781  1410  929.24278   21   99  912.00000  942.60368  3.36%  53.0   35s
  3135  1644  915.00159   40   87  912.00000  941.93280  3.28%  52.7   40s
  3788  2050  926.02172   23   91  912.00000  941.04757  3.19%  51.3   45s
  4165  2269  937.40039   20  105  912.00000  940.61828  3.14%  50.7   50s
  4574  2498  934.31640   23  118  912.00000  940.10414  3.08%  50.6   55s
  5189  2819  926.48405   23  105  912.00000  939.49294  3.01%  49.9   60s
  5846  3185  931.64539   30  104  912.00000  938.75067  2.93%  49.4   65s
  6647  3620  930.26458   21  106  912.00000  938.07314  2.86%  48.6   70s
  7098  3876  922.63508   30   98  912.00000  937.85424  2.83%  48.4   75s
  7657  4163  927.33569   24   92  912.00000  937.59860  2.81%  48.2   80s
  8165  4450  920.87757   28   97  912.00000  937.33725  2.78%  48.0   85s
  8956  4844  915.87482   34   87  912.00000  936.98193  2.74%  47.6   90s
  9638  5197  913.03477   41   93  912.00000  936.67575  2.71%  47.5   95s
 10203  5501  928.51568   25  139  912.00000  936.37521  2.67%  47.5  133s
 10206  5503  926.04220   26  138  912.00000  936.37521  2.67%  47.5  137s
 10211  5506  925.10915   25  142  912.00000  936.37521  2.67%  47.5  141s
 10214  5508  923.03962   31  142  912.00000  936.37521  2.67%  47.5  145s
 10219  5512  923.87152   27  141  912.00000  936.37521  2.67%  47.5  150s
 10226  5516  920.34605   40  145  912.00000  936.37521  2.67%  47.4  156s
 10233  5523  936.37521   27  125  912.00000  936.37521  2.67%  47.6  160s
 10286  5547  936.37521   29  116  912.00000  936.37521  2.67%  47.8  165s
 10308  5562  924.34043   40   81  912.00000  936.37521  2.67%  47.9  171s
 10349  5576  916.47389   32   95  912.00000  936.37521  2.67%  48.0  175s
 10422  5608  933.74158   41  115  912.00000  936.37521  2.67%  48.3  180s
 10525  5650  930.27260   33   99  912.00000  936.37521  2.67%  48.5  185s
*10642  5376              61     915.0000000  936.37521  2.34%  48.6  189s
 10646  5374  936.37521   31  120  915.00000  936.37521  2.34%  48.6  190s
H10738  5133                     916.0000000  936.37521  2.22%  48.8  193s
 10803  5149  928.03307   41   87  916.00000  936.37521  2.22%  48.7  195s
 11082  5240  927.63204   46  107  916.00000  936.37521  2.22%  49.0  200s
 11449  5334  924.51038   32   90  916.00000  936.37521  2.22%  49.3  205s
 11714  5399  936.37521   34  114  916.00000  936.37521  2.22%  49.3  210s
 12127  5444  924.58360   39  112  916.00000  936.37521  2.22%  49.5  215s
 12586  5517  936.37521   31  114  916.00000  936.37521  2.22%  49.4  220s
 13176  5624  928.34783   29  107  916.00000  936.37521  2.22%  49.4  225s
 13808  5722  931.43028   39   99  916.00000  936.37521  2.22%  49.4  230s
 14113  5757  919.07463   42   95  916.00000  936.37521  2.22%  49.5  235s
 14546  5803     cutoff   49       916.00000  936.37521  2.22%  49.5  240s
 14926  5853  923.33506   36   89  916.00000  936.37521  2.22%  49.4  245s
 15504  5900  925.54120   35   90  916.00000  936.17775  2.20%  49.4  251s
 15933  5927  920.46835   31   92  916.00000  935.84101  2.17%  49.3  255s
 16694  5972  917.40312   43   85  916.00000  935.47896  2.13%  49.3  260s
 17595  6003  931.51210   39  107  916.00000  934.97173  2.07%  49.2  265s
 18383  6065  928.49841   41   93  916.00000  934.63774  2.03%  49.1  270s
 19007  6082  924.68785   35   99  916.00000  934.32735  2.00%  49.1  275s
*19229  5676              55     918.0000000  934.16618  1.76%  49.0  278s
 19425  5671  919.00893   37   70  918.00000  934.08870  1.75%  49.0  280s
 19716  5648  920.69872   49   91  918.00000  933.98681  1.74%  48.9  285s
 20337  5652  921.43038   42   89  918.00000  933.69985  1.71%  48.9  290s
 21009  5633  924.76740   44  104  918.00000  933.41539  1.68%  48.9  295s
 21699  5593  923.55064   35  111  918.00000  933.19273  1.65%  48.8  300s
 22295  5579  921.20751   45   94  918.00000  933.03263  1.64%  48.8  305s
 22874  5556  931.45409   36  100  918.00000  932.83411  1.62%  48.7  311s
 23422  5510  922.45649   39   93  918.00000  932.64167  1.59%  48.7  315s
 24165  5441  919.80736   42   93  918.00000  932.43501  1.57%  48.6  320s
 24828  5523  922.95299   36   98  918.00000  932.14975  1.54%  48.6  325s
 25694  5712  924.13962   37   83  918.00000  931.90170  1.51%  48.5  330s
 26322  5889  922.88440   40   86  918.00000  931.76613  1.50%  48.4  335s
 27030  6050     cutoff   44       918.00000  931.63724  1.49%  48.4  340s
 27712  6209  924.89949   45   98  918.00000  931.49205  1.47%  48.3  345s
 28286  6339  927.24911   32  104  918.00000  931.38615  1.46%  48.2  350s
 28894  6438  922.08621   37   90  918.00000  931.26402  1.44%  48.2  355s
 29469  6564  923.36755   43   96  918.00000  931.14770  1.43%  48.2  360s
 30116  6719  919.14441   44   98  918.00000  931.00243  1.42%  48.1  365s
 30728  6847  930.24038   38  100  918.00000  930.89794  1.41%  48.0  370s
 31344  6995  921.78506   45   97  918.00000  930.74164  1.39%  48.0  375s
 31597  7047  927.79190   43   97  918.00000  930.70690  1.38%  47.9  380s
 32287  7191  919.42851   48  103  918.00000  930.58851  1.37%  47.8  385s
 33228  7354  921.89999   40  101  918.00000  930.39894  1.35%  47.8  390s
 33848  7453  919.74282   51   80  918.00000  930.30334  1.34%  47.7  395s
 34414  7541  922.51698   44   94  918.00000  930.18747  1.33%  47.6  400s
 35136  7658  926.45003   41  109  918.00000  930.04635  1.31%  47.6  405s
 35960  7769  925.55726   41   98  918.00000  929.90974  1.30%  47.6  410s
 36514  7857  925.30286   40  106  918.00000  929.82166  1.29%  47.5  415s
 37372  8024  925.31792   39   91  918.00000  929.68604  1.27%  47.5  420s
 38342  8152  919.99763   46   76  918.00000  929.50831  1.25%  47.4  425s
 39279  8280     cutoff   47       918.00000  929.37848  1.24%  47.4  430s
 39920  8364  919.19903   46   86  918.00000  929.27881  1.23%  47.3  435s
 40574  8436  925.20384   39   98  918.00000  929.18484  1.22%  47.3  440s
 41451  8547     cutoff   38       918.00000  929.05239  1.20%  47.2  445s
 42266  8647  922.73886   41   84  918.00000  928.94455  1.19%  47.2  450s
 43107  8743  921.43607   39   96  918.00000  928.83659  1.18%  47.1  455s
 43840  8825     cutoff   45       918.00000  928.73375  1.17%  47.1  460s
 44663  8934     cutoff   45       918.00000  928.63711  1.16%  47.1  465s
 45481  9010  922.15963   39   88  918.00000  928.53467  1.15%  47.0  470s
 46253  9082  922.49541   44   89  918.00000  928.43259  1.14%  47.0  475s
 46900  9146  922.04276   38   93  918.00000  928.35029  1.13%  47.0  480s
 47465  9212  924.20833   43   91  918.00000  928.29700  1.12%  46.9  485s
 48426  9331  920.47779   31   97  918.00000  928.20280  1.11%  46.8  490s
 49614  9473  925.44543   41   98  918.00000  928.05272  1.10%  46.7  495s
 50499  9537  921.46982   45   97  918.00000  927.93978  1.08%  46.6  500s
 51276  9576  926.30280   39   85  918.00000  927.83573  1.07%  46.6  505s
 52066  9635     cutoff   50       918.00000  927.74401  1.06%  46.5  510s
 52588  9652  921.48674   44   98  918.00000  927.68388  1.05%  46.5  516s
 53257  9699     cutoff   43       918.00000  927.61483  1.05%  46.5  520s
 54209  9737  920.41645   44   98  918.00000  927.49095  1.03%  46.4  525s
 55057  9767  920.46657   38   92  918.00000  927.40803  1.02%  46.4  530s
 55909  9810     cutoff   46       918.00000  927.33782  1.02%  46.3  535s
 56619  9816  926.10089   37   95  918.00000  927.25509  1.01%  46.3  540s
 57289  9830  920.49755   45  103  918.00000  927.18860  1.00%  46.2  545s
 57709  9844  923.27804   44   81  918.00000  927.14325  1.00%  46.2  550s
 58384  9878  919.27688   36  104  918.00000  927.08867  0.99%  46.2  555s
 59126  9900  920.28142   44   94  918.00000  926.99822  0.98%  46.1  560s
 59840  9897  920.03342   44   91  918.00000  926.93037  0.97%  46.1  565s
 60570  9873  923.31915   40   95  918.00000  926.85694  0.96%  46.0  570s
 61521  9907  924.13890   42  106  918.00000  926.75354  0.95%  45.9  575s
 62662  9898  922.84015   43   99  918.00000  926.63595  0.94%  45.9  580s
 63417  9893  921.95166   43   89  918.00000  926.55046  0.93%  45.9  585s
 64123  9871  924.89527   34  106  918.00000  926.48531  0.92%  45.8  590s
 64739  9886     cutoff   36       918.00000  926.42986  0.92%  45.8  595s
 65405  9883  923.18582   42   93  918.00000  926.37215  0.91%  45.7  600s
 66110  9866  919.73538   44   83  918.00000  926.30197  0.90%  45.7  605s
 66816  9839     cutoff   42       918.00000  926.23036  0.90%  45.7  610s
 67539  9806  923.88261   46  101  918.00000  926.15925  0.89%  45.6  615s
 68027  9772     cutoff   37       918.00000  926.10397  0.88%  45.6  620s
 68412  9758  921.84055   38   83  918.00000  926.06857  0.88%  45.6  625s
 69109  9743  923.03284   42   92  918.00000  926.00728  0.87%  45.6  630s
 69693  9733  920.85746   46   89  918.00000  925.95787  0.87%  45.5  635s
 70419  9697  921.89697   43   90  918.00000  925.90000  0.86%  45.5  640s
 71115  9645     cutoff   43       918.00000  925.83165  0.85%  45.4  645s
 72045  9600  921.84581   37   97  918.00000  925.75101  0.84%  45.4  650s
 72779  9569     cutoff   48       918.00000  925.68858  0.84%  45.3  655s
 73478  9504  922.02252   41   88  918.00000  925.61061  0.83%  45.3  660s
 74614  9415  923.46633   41   94  918.00000  925.51240  0.82%  45.3  665s
 74966  9406  919.95489   43   88  918.00000  925.48991  0.82%  45.3  670s
 75868  9352     cutoff   37       918.00000  925.41385  0.81%  45.2  675s
 76986  9255  920.52266   42   86  918.00000  925.30275  0.80%  45.1  680s
 77666  9204  923.39859   43   98  918.00000  925.23696  0.79%  45.1  687s
 78168  9152  921.45353   41   89  918.00000  925.18994  0.78%  45.1  690s
 79291  9028     cutoff   40       918.00000  925.08299  0.77%  45.0  695s
 80336  8908  924.38251   40   96  918.00000  924.97225  0.76%  45.0  700s
 81325  8814  919.69093   41   91  918.00000  924.89130  0.75%  44.9  705s
 82360  8692     cutoff   43       918.00000  924.79913  0.74%  44.9  710s
 83534  8513  920.10883   42   92  918.00000  924.68779  0.73%  44.8  715s
 84859  8314     cutoff   41       918.00000  924.57553  0.72%  44.7  721s
 85404  8244     cutoff   45       918.00000  924.53042  0.71%  44.7  725s
 86147  8141  921.43827   41   86  918.00000  924.47044  0.70%  44.7  730s
 86913  8010     cutoff   41       918.00000  924.40020  0.70%  44.6  735s
 87593  7880  921.43025   47   96  918.00000  924.31878  0.69%  44.6  740s
 88338  7765  922.76440   43  110  918.00000  924.25182  0.68%  44.6  745s
 88950  7660  921.56722   41   92  918.00000  924.18415  0.67%  44.5  750s
 89454  7573  921.81754   41   87  918.00000  924.13905  0.67%  44.5  755s
 90267  7410     cutoff   39       918.00000  924.06466  0.66%  44.5  760s
 91604  7138  920.77705   35   88  918.00000  923.92311  0.65%  44.4  765s
 92528  6949     cutoff   45       918.00000  923.82978  0.64%  44.3  770s
 93372  6755     cutoff   43       918.00000  923.74448  0.63%  44.3  775s
 94435  6499     cutoff   43       918.00000  923.62548  0.61%  44.2  780s
 95608  6218     cutoff   40       918.00000  923.50451  0.60%  44.2  785s
 96147  6079  919.27902   45   78  918.00000  923.44608  0.59%  44.2  790s
 96994  5838  921.96075   50   92  918.00000  923.34621  0.58%  44.1  795s
 98006  5544  919.44067   47   99  918.00000  923.21217  0.57%  44.1  800s
 98998  5259  922.31104   42   91  918.00000  923.08755  0.55%  44.0  805s
 99921  4970  920.53368   43   99  918.00000  922.96608  0.54%  43.9  810s
 101110  4578  922.34783   43   74  918.00000  922.80590  0.52%  43.9  815s
 102259  4139     cutoff   42       918.00000  922.62323  0.50%  43.8  820s
 102566  4023  921.52661   46   94  918.00000  922.57878  0.50%  43.8  825s
 103653  3588  919.46014   42   98  918.00000  922.38257  0.48%  43.7  830s
 104782  3107  919.93085   47   98  918.00000  922.16795  0.45%  43.6  835s
 106010  2499     cutoff   47       918.00000  921.85654  0.42%  43.5  840s
 107314  1829     cutoff   52       918.00000  921.45119  0.38%  43.4  845s
 108705   950     cutoff   45       918.00000  920.71152  0.30%  43.2  850s

Cutting planes:
  Gomory: 7
  MIR: 2
  Flow cover: 15
  Zero half: 19

Explored 109912 nodes (4716756 simplex iterations) in 854.54 seconds (298.02 work units)
Thread count was 1 (of 12 available processors)

Solution count 10: 918 916 915 ... 904

Optimal solution found (tolerance 1.00e-04)
Best objective 9.180000000000e+02, best bound 9.180000000000e+02, gap 0.0000%
