
Gurobi 12.0.2 (linux64, C++) logging started Thu Jun 19 08:00:19 2025

Set parameter LogFile to value "log/instances/scenario4/fully_correlated_sc4/300/kpfs_7.txt.log"

Gurobi 12.0.2 (linux64, C++) logging started Thu Jun 19 08:01:42 2025

Set parameter LogFile to value "log/instances/scenario4/fully_correlated_sc4/300/kpfs_7.txt.log"

Gurobi 12.0.2 (linux64, C++) logging started Thu Jun 19 08:02:53 2025

Set parameter LogFile to value "log/instances/scenario4/fully_correlated_sc4/300/kpfs_7.txt.log"

Gurobi 12.0.2 (linux64, C++) logging started Thu Jun 19 08:03:57 2025

Set parameter LogFile to value "log/instances/scenario4/fully_correlated_sc4/300/kpfs_7.txt.log"

Gurobi 12.0.2 (linux64, C++) logging started Thu Jun 19 13:53:12 2025

Set parameter WLSAccessID
Set parameter WLSSecret
Set parameter LicenseID to value 2679381
Set parameter LogFile to value "log/instances/scenario4/fully_correlated_sc4/300/kpfs_7.txt.log"
Academic license 2679381 - for non-commercial use only - registered to be___@poli.ufrj.br
Set parameter TimeLimit to value 1800
Set parameter Threads to value 1
Gurobi Optimizer version 12.0.2 build v12.0.2rc0 (linux64 - "Ubuntu 24.04.1 LTS")

CPU model: 13th Gen Intel(R) Core(TM) i7-1355U, instruction set [SSE2|AVX|AVX2]
Thread count: 6 physical cores, 12 logical processors, using up to 1 threads

Non-default parameters:
TimeLimit  1800
Threads  1

Academic license 2679381 - for non-commercial use only - registered to be___@poli.ufrj.br
Optimize a model with 902 rows, 1200 columns and 9687 nonzeros
Model fingerprint: 0xc73c5c76
Variable types: 0 continuous, 1200 integer (300 binary)
Coefficient statistics:
  Matrix range     [1e+00, 3e+01]
  Objective range  [4e+00, 4e+01]
  Bounds range     [1e+00, 1e+01]
  RHS range        [1e+00, 5e+02]
Found heuristic solution: objective 790.0000000
Presolve removed 0 rows and 84 columns
Presolve time: 0.12s
Presolved: 902 rows, 1116 columns, 9519 nonzeros
Variable types: 0 continuous, 1116 integer (300 binary)

Root relaxation: objective 9.176979e+02, 557 iterations, 0.08 seconds (0.03 work units)

    Nodes    |    Current Node    |     Objective Bounds      |     Work
 Expl Unexpl |  Obj  Depth IntInf | Incumbent    BestBd   Gap | It/Node Time

     0     0  917.69790    0  129  790.00000  917.69790  16.2%     -    0s
H    0     0                     798.0000000  917.69790  15.0%     -    0s
H    0     0                     811.0000000  917.69790  13.2%     -    0s
H    0     0                     818.0000000  917.69790  12.2%     -    0s
H    0     0                     820.0000000  917.69790  11.9%     -    0s
H    0     0                     830.0000000  917.69790  10.6%     -    0s
H    0     0                     834.0000000  917.69790  10.0%     -    0s
H    0     0                     839.0000000  917.69790  9.38%     -    0s
H    0     0                     846.0000000  917.69790  8.47%     -    0s
H    0     0                     857.0000000  917.69790  7.08%     -    0s
H    0     0                     875.0000000  917.69790  4.88%     -    0s
     0     0  916.47772    0  133  875.00000  916.47772  4.74%     -    0s
     0     0  915.88001    0  134  875.00000  915.88001  4.67%     -    1s
     0     0  915.61887    0  134  875.00000  915.61887  4.64%     -    2s
     0     0  915.61493    0  135  875.00000  915.61493  4.64%     -    2s
     0     0  915.58698    0  136  875.00000  915.58698  4.64%     -    2s
     0     0  915.58150    0  136  875.00000  915.58150  4.64%     -    2s
     0     0  915.58150    0  135  875.00000  915.58150  4.64%     -    2s
     0     0  915.51120    0  134  875.00000  915.51120  4.63%     -    2s
     0     0  915.49803    0  134  875.00000  915.49803  4.63%     -    2s
     0     0  915.47401    0  130  875.00000  915.47401  4.63%     -    2s
     0     0  915.46672    0  131  875.00000  915.46672  4.62%     -    2s
     0     0  915.46672    0  131  875.00000  915.46672  4.62%     -    2s
     0     0  915.44236    0  133  875.00000  915.44236  4.62%     -    3s
     0     0  915.43687    0  132  875.00000  915.43687  4.62%     -    3s
     0     0  915.41560    0  138  875.00000  915.41560  4.62%     -    3s
     0     0  915.41115    0  138  875.00000  915.41115  4.62%     -    3s
     0     2  915.40042    0  138  875.00000  915.40042  4.62%     -    3s
   153   145  912.37476    3  126  875.00000  914.00983  4.46%  30.1    5s
*  313   259              66     879.0000000  913.69683  3.95%  33.1    6s
   549   459  891.27341   68  126  879.00000  913.16691  3.89%  40.4   11s
   564   471  913.16691   12  141  879.00000  913.16691  3.89%  42.0   15s
   601   496  892.13921   30   92  879.00000  912.92300  3.86%  44.9   20s
H  641   477                     884.0000000  912.92300  3.27%  45.4   22s
   744   522  901.68402   20   93  884.00000  911.22128  3.08%  49.3   25s
H  788   520                     885.0000000  911.22128  2.96%  50.2   25s
  1149   631  892.21966   28   88  885.00000  908.84341  2.69%  54.5   30s
  1600   721  902.15397   19  107  885.00000  906.24856  2.40%  52.3   35s
  1939   819  889.74020   31   97  885.00000  905.45189  2.31%  51.4   40s
  2288   990  892.60204   30  116  885.00000  904.90787  2.25%  50.7   45s
  2633  1175  891.65665   24   98  885.00000  904.27143  2.18%  50.1   50s
  3045  1355  898.10048   21  105  885.00000  903.38775  2.08%  49.4   55s
  3671  1650  892.23432   30  109  885.00000  902.77268  2.01%  48.8   60s
  4301  1936  892.68245   35  104  885.00000  901.91455  1.91%  48.0   65s
  4924  2204  893.96643   32   70  885.00000  901.48032  1.86%  47.3   71s
  5211  2332     cutoff   24       885.00000  901.19748  1.83%  47.0   75s
  6262  2765  889.85364   23   88  885.00000  900.57057  1.76%  46.4   80s
  7545  3290     cutoff   34       885.00000  899.83968  1.68%  45.4   85s
  8097  3496  887.29605   29  102  885.00000  899.62133  1.65%  45.1   90s
  8885  3793  887.19339   28   83  885.00000  899.25231  1.61%  44.8   95s
  9620  4036  895.52378   23  107  885.00000  898.87454  1.57%  44.5  100s
 10202  4226  889.24734   30   86  885.00000  898.69104  1.55%  44.4  125s
 10822  4437  892.26455   28  108  885.00000  898.50950  1.53%  44.1  130s
 11544  4702  887.33614   51   86  885.00000  898.26421  1.50%  43.9  135s
 12457  4972  893.08407   22   91  885.00000  898.03200  1.47%  43.8  140s
 13148  5181  889.12142   28  103  885.00000  897.87602  1.45%  43.7  145s
 13985  5408     cutoff   35       885.00000  897.70041  1.44%  43.6  150s
 14929  5711  893.57106   31   94  885.00000  897.47843  1.41%  43.5  155s
 16052  6021  890.75321   30   98  885.00000  897.16014  1.37%  43.3  160s
 16909  6236  893.41163   22   97  885.00000  896.92123  1.35%  43.3  165s
 17715  6471  890.91908   25  112  885.00000  896.74916  1.33%  43.1  170s
H17926  6387                     886.0000000  896.71508  1.21%  43.0  171s
*17928  6077              55     887.0000000  896.71508  1.10%  43.0  171s
 18642  6188  894.94334   32  105  887.00000  896.52855  1.07%  43.0  175s
 19544  6281     cutoff   36       887.00000  896.34680  1.05%  42.9  180s
 20492  6432  890.28609   30   96  887.00000  896.12235  1.03%  42.8  185s
 21122  6511  888.22658   32   99  887.00000  895.99431  1.01%  42.8  190s
 22113  6602  892.25306   21   97  887.00000  895.74380  0.99%  42.7  195s
 22932  6662     cutoff   34       887.00000  895.58651  0.97%  42.6  200s
 23601  6735  889.11603   25  106  887.00000  895.45767  0.95%  42.5  206s
 24065  6780  888.89196   21   94  887.00000  895.36511  0.94%  42.5  210s
 24699  6829  888.98764   36   85  887.00000  895.25457  0.93%  42.4  215s
 25368  6868  891.45059   29   84  887.00000  895.12639  0.92%  42.4  220s
 25863  6914  888.05770   27   93  887.00000  895.02785  0.91%  42.3  225s
 26729  6932  892.13749   30   99  887.00000  894.87454  0.89%  42.2  230s
 27656  6969  888.86765   23   91  887.00000  894.69141  0.87%  42.1  235s
 28492  7008  891.81032   31  102  887.00000  894.54394  0.85%  42.0  240s
 29852  7049  889.45123   25   98  887.00000  894.34340  0.83%  41.9  245s
 31185  7055  891.29964   37   93  887.00000  894.14013  0.80%  41.8  250s
 32174  7065     cutoff   36       887.00000  893.99771  0.79%  41.7  255s
 32660  7042  889.93734   24   93  887.00000  893.92061  0.78%  41.7  260s
 33497  7002     cutoff   24       887.00000  893.78866  0.77%  41.6  265s
 34310  6974     cutoff   28       887.00000  893.67040  0.75%  41.6  270s
 35202  6972     cutoff   23       887.00000  893.56421  0.74%  41.5  275s
 36050  6920  888.21350   39   92  887.00000  893.44383  0.73%  41.4  280s
 36867  6881  890.59851   24  116  887.00000  893.33249  0.71%  41.4  285s
 37609  6816     cutoff   32       887.00000  893.22642  0.70%  41.3  290s
 38056  6768     cutoff   32       887.00000  893.15830  0.69%  41.3  295s
 38774  6697  890.91389   38   96  887.00000  893.06454  0.68%  41.2  300s
 39503  6644     cutoff   29       887.00000  892.97358  0.67%  41.1  305s
 40297  6550  891.13744   29   90  887.00000  892.85884  0.66%  41.1  310s
 41449  6434  892.37376   30   98  887.00000  892.72336  0.65%  41.0  315s
 42669  6288  890.01221   33   91  887.00000  892.55125  0.63%  40.9  320s
 43360  6186  889.99136   32   90  887.00000  892.46726  0.62%  40.8  326s
 43896  6106     cutoff   33       887.00000  892.39173  0.61%  40.8  330s
H44015  5418                     888.0000000  892.38472  0.49%  40.8  330s
 44414  5291  891.44443   28   96  888.00000  892.30577  0.48%  40.7  335s
 45091  5122  889.13841   23  100  888.00000  892.18018  0.47%  40.6  340s
 45804  4873     cutoff   28       888.00000  892.03243  0.45%  40.5  345s
 46559  4571     cutoff   29       888.00000  891.85165  0.43%  40.5  350s
 47193  4315  889.92039   38   81  888.00000  891.70657  0.42%  40.4  358s
 47291  4272     cutoff   34       888.00000  891.68589  0.42%  40.4  360s
 48029  3890  889.56196   32   82  888.00000  891.47556  0.39%  40.3  365s
 48913  3419     cutoff   31       888.00000  891.22669  0.36%  40.2  370s
 49808  2846     cutoff   29       888.00000  890.94233  0.33%  40.0  375s
 50979  1996     cutoff   34       888.00000  890.52667  0.28%  39.7  380s
 52037  1097     cutoff   35       888.00000  889.95051  0.22%  39.4  385s

Cutting planes:
  Gomory: 3
  Cover: 1
  MIR: 7
  Flow cover: 11
  Zero half: 16

Explored 53177 nodes (2067913 simplex iterations) in 389.64 seconds (129.35 work units)
Thread count was 1 (of 12 available processors)

Solution count 10: 888 887 886 ... 839

Optimal solution found (tolerance 1.00e-04)
Best objective 8.880000000000e+02, best bound 8.880000000000e+02, gap 0.0000%
