
Gurobi 12.0.2 (linux64, C++) logging started Thu Jun 19 08:00:19 2025

Set parameter LogFile to value "log/instances/scenario4/fully_correlated_sc4/300/kpfs_5.txt.log"

Gurobi 12.0.2 (linux64, C++) logging started Thu Jun 19 08:01:42 2025

Set parameter LogFile to value "log/instances/scenario4/fully_correlated_sc4/300/kpfs_5.txt.log"

Gurobi 12.0.2 (linux64, C++) logging started Thu Jun 19 08:02:53 2025

Set parameter LogFile to value "log/instances/scenario4/fully_correlated_sc4/300/kpfs_5.txt.log"

Gurobi 12.0.2 (linux64, C++) logging started Thu Jun 19 08:03:57 2025

Set parameter LogFile to value "log/instances/scenario4/fully_correlated_sc4/300/kpfs_5.txt.log"

Gurobi 12.0.2 (linux64, C++) logging started Thu Jun 19 13:26:50 2025

Set parameter WLSAccessID
Set parameter WLSSecret
Set parameter LicenseID to value 2679381
Set parameter LogFile to value "log/instances/scenario4/fully_correlated_sc4/300/kpfs_5.txt.log"
Academic license 2679381 - for non-commercial use only - registered to be___@poli.ufrj.br
Set parameter TimeLimit to value 1800
Set parameter Threads to value 1
Gurobi Optimizer version 12.0.2 build v12.0.2rc0 (linux64 - "Ubuntu 24.04.1 LTS")

CPU model: 13th Gen Intel(R) Core(TM) i7-1355U, instruction set [SSE2|AVX|AVX2]
Thread count: 6 physical cores, 12 logical processors, using up to 1 threads

Non-default parameters:
TimeLimit  1800
Threads  1

Academic license 2679381 - for non-commercial use only - registered to be___@poli.ufrj.br
Optimize a model with 902 rows, 1200 columns and 9600 nonzeros
Model fingerprint: 0x67b406d6
Variable types: 0 continuous, 1200 integer (300 binary)
Coefficient statistics:
  Matrix range     [1e+00, 3e+01]
  Objective range  [4e+00, 4e+01]
  Bounds range     [1e+00, 1e+01]
  RHS range        [1e+00, 5e+02]
Found heuristic solution: objective 631.0000000
Presolve removed 0 rows and 86 columns
Presolve time: 0.14s
Presolved: 902 rows, 1114 columns, 9428 nonzeros
Variable types: 0 continuous, 1114 integer (300 binary)

Root relaxation: objective 9.133444e+02, 672 iterations, 0.14 seconds (0.04 work units)

    Nodes    |    Current Node    |     Objective Bounds      |     Work
 Expl Unexpl |  Obj  Depth IntInf | Incumbent    BestBd   Gap | It/Node Time

     0     0  913.34441    0  131  631.00000  913.34441  44.7%     -    0s
H    0     0                     641.0000000  913.34441  42.5%     -    0s
H    0     0                     708.0000000  913.34441  29.0%     -    0s
H    0     0                     747.0000000  913.34441  22.3%     -    0s
H    0     0                     766.0000000  913.34441  19.2%     -    0s
H    0     0                     829.0000000  913.34441  10.2%     -    0s
H    0     0                     835.0000000  913.34441  9.38%     -    0s
H    0     0                     839.0000000  913.34441  8.86%     -    0s
H    0     0                     848.0000000  913.34441  7.71%     -    0s
H    0     0                     849.0000000  913.34441  7.58%     -    0s
     0     0  912.34771    0  133  849.00000  912.34771  7.46%     -    0s
H    0     0                     850.0000000  912.33626  7.33%     -    0s
H    0     0                     852.0000000  912.33626  7.08%     -    0s
H    0     0                     853.0000000  912.33626  6.96%     -    0s
H    0     0                     859.0000000  912.33626  6.21%     -    1s
H    0     0                     860.0000000  912.33626  6.09%     -    1s
H    0     0                     864.0000000  912.33626  5.59%     -    1s
H    0     0                     870.0000000  912.33626  4.87%     -    1s
H    0     0                     871.0000000  912.33626  4.75%     -    1s
     0     0  912.20626    0  138  871.00000  912.20626  4.73%     -    1s
     0     0  912.20253    0  137  871.00000  912.20253  4.73%     -    1s
     0     0  912.20240    0  137  871.00000  912.20240  4.73%     -    1s
     0     0  912.20150    0  138  871.00000  912.20150  4.73%     -    1s
     0     0  911.86044    0  138  871.00000  911.86044  4.69%     -    1s
     0     0  911.84017    0  136  871.00000  911.84017  4.69%     -    1s
     0     0  911.83723    0  137  871.00000  911.83723  4.69%     -    1s
     0     0  911.69690    0  143  871.00000  911.69690  4.67%     -    2s
     0     0  911.67355    0  141  871.00000  911.67355  4.67%     -    2s
     0     0  911.67097    0  142  871.00000  911.67097  4.67%     -    2s
     0     0  911.67074    0  142  871.00000  911.67074  4.67%     -    2s
     0     0  911.63018    0  138  871.00000  911.63018  4.66%     -    2s
     0     0  911.62680    0  139  871.00000  911.62680  4.66%     -    2s
     0     0  911.61503    0  138  871.00000  911.61503  4.66%     -    2s
     0     0  911.60039    0  137  871.00000  911.60039  4.66%     -    2s
     0     0  911.59943    0  138  871.00000  911.59943  4.66%     -    2s
     0     0  911.59936    0  139  871.00000  911.59936  4.66%     -    2s
     0     0  911.58713    0  137  871.00000  911.58713  4.66%     -    2s
     0     0  911.57845    0  137  871.00000  911.57845  4.66%     -    2s
     0     0  911.57845    0  138  871.00000  911.57845  4.66%     -    2s
     0     0  911.54858    0  141  871.00000  911.54858  4.66%     -    3s
     0     0  911.53379    0  142  871.00000  911.53379  4.65%     -    3s
     0     0  911.53379    0  143  871.00000  911.53379  4.65%     -    3s
     0     0  911.48648    0  142  871.00000  911.48648  4.65%     -    3s
     0     0  911.48572    0  143  871.00000  911.48572  4.65%     -    3s
     0     0  911.48504    0  144  871.00000  911.48504  4.65%     -    3s
     0     2  911.47453    0  144  871.00000  911.47453  4.65%     -    3s
   108   110  879.16329   81   74  871.00000  910.00408  4.48%  51.9    5s
   580   501  902.65512   22  112  871.00000  907.44895  4.18%  51.5   10s
   670   548  891.48110   26   98  871.00000  906.63868  4.09%  55.6   15s
H  678   522                     874.0000000  906.63868  3.73%  55.8   15s
H  678   498                     875.0000000  906.63868  3.62%  55.8   15s
  1200   659  893.46078   21  108  875.00000  905.87884  3.53%  58.0   20s
  1687   844  888.26904   29   94  875.00000  903.41573  3.25%  56.3   25s
H 1800   814                     876.0000000  903.12295  3.10%  55.9   26s
H 1800   665                     880.0000000  903.12295  2.63%  55.9   26s
  2027   769     cutoff   34       880.00000  902.49603  2.56%  55.7   30s
  2398   955  883.48364   27   74  880.00000  901.23850  2.41%  54.3   35s
  2740  1117     cutoff   34       880.00000  900.60536  2.34%  53.4   40s
  3192  1351  887.54230   26   82  880.00000  899.57700  2.22%  52.6   45s
  4013  1707  896.53664   23  110  880.00000  898.50692  2.10%  51.8   50s
  5083  2137  882.81962   31   83  880.00000  897.60478  2.00%  50.6   55s
  5674  2350  890.08072   32  105  880.00000  897.12871  1.95%  49.9   60s
  6146  2532     cutoff   36       880.00000  896.86942  1.92%  49.3   65s
  6733  2738  885.21293   29  103  880.00000  896.58927  1.89%  49.0   70s
  7335  2926  881.06832   37   91  880.00000  896.20391  1.84%  48.7   75s
  7927  3122  886.13381   27  103  880.00000  895.91054  1.81%  48.5   80s
  8797  3456  882.79395   29   82  880.00000  895.55077  1.77%  48.1   85s
 10068  3840  885.61263   34  108  880.00000  895.02817  1.71%  47.6   90s
 10202  3870     cutoff   39       880.00000  894.96048  1.70%  47.5  117s
 10420  3942  881.68337   33   76  880.00000  894.86155  1.69%  47.5  120s
 10821  4065  886.11303   28  102  880.00000  894.72900  1.67%  47.4  125s
 11195  4152  891.28422   25  100  880.00000  894.60965  1.66%  47.3  130s
 11579  4273  883.61204   32   95  880.00000  894.53964  1.65%  47.2  135s
 11912  4361  889.19917   24  101  880.00000  894.42822  1.64%  47.2  140s
 12484  4551  884.24238   33   78  880.00000  894.25871  1.62%  47.1  145s
 13213  4736  888.95773   28  104  880.00000  894.04316  1.60%  46.9  150s
 14227  5010  888.18151   24  103  880.00000  893.78424  1.57%  46.7  155s
 15280  5269     cutoff   34       880.00000  893.48601  1.53%  46.5  160s
 16257  5509  891.97255   25  110  880.00000  893.30554  1.51%  46.4  165s
 16660  5587  882.80048   34  101  880.00000  893.20065  1.50%  46.5  170s
 17351  5759  890.40387   28  103  880.00000  893.02434  1.48%  46.5  175s
*17664  5693              38     881.0000000  892.92524  1.35%  46.4  177s
 18100  5783  885.03606   34   99  881.00000  892.82242  1.34%  46.4  181s
 18651  5864  883.74668   31  102  881.00000  892.71892  1.33%  46.4  185s
 19481  5980  890.47007   27  113  881.00000  892.54945  1.31%  46.2  190s
 20215  6119     cutoff   41       881.00000  892.37565  1.29%  46.1  195s
 20865  6231  883.88077   27  101  881.00000  892.24735  1.28%  46.1  200s
 21283  6282  885.42765   29   94  881.00000  892.16614  1.27%  46.1  205s
 22027  6366  885.05343   25   94  881.00000  892.04626  1.25%  46.0  210s
 22889  6479  882.14054   29   83  881.00000  891.92884  1.24%  46.0  215s
 23601  6569  886.25384   29  102  881.00000  891.80309  1.23%  46.0  221s
 24050  6628  883.11555   36  100  881.00000  891.73255  1.22%  45.9  225s
 24700  6685  883.43952   33   94  881.00000  891.58644  1.20%  45.9  230s
 25392  6754  888.97548   27   96  881.00000  891.45598  1.19%  45.8  235s
 26485  6834  883.87110   37   95  881.00000  891.30133  1.17%  45.7  240s
 27891  6949  882.62048   29   95  881.00000  891.07680  1.14%  45.7  245s
 28793  7035  888.98545   26  107  881.00000  890.91509  1.13%  45.6  250s
 29538  7111  889.04325   26   97  881.00000  890.82679  1.12%  45.5  255s
 30279  7176     cutoff   29       881.00000  890.72051  1.10%  45.4  260s
 31054  7254  887.48458   27  105  881.00000  890.60995  1.09%  45.4  265s
 31542  7278  887.54125   31  102  881.00000  890.52471  1.08%  45.3  270s
 32463  7333     cutoff   30       881.00000  890.39541  1.07%  45.3  275s
 33585  7423  883.04484   35   91  881.00000  890.25561  1.05%  45.1  280s
 34521  7439  885.26254   25  105  881.00000  890.15903  1.04%  45.1  285s
 35641  7492  884.29355   25   99  881.00000  889.97857  1.02%  44.9  290s
 37151  7553  884.78194   34  100  881.00000  889.79846  1.00%  44.9  295s
 37703  7565     cutoff   36       881.00000  889.74485  0.99%  44.8  300s
 38133  7568     cutoff   29       881.00000  889.69534  0.99%  44.8  305s
 38888  7582  882.87177   36   96  881.00000  889.59594  0.98%  44.7  310s
 39604  7612  887.94837   29   87  881.00000  889.51358  0.97%  44.6  315s
 40333  7624  883.62048   31   85  881.00000  889.42953  0.96%  44.6  320s
 41099  7640  888.33502   28  104  881.00000  889.32413  0.94%  44.5  325s
 42254  7627  886.43973   32  109  881.00000  889.18355  0.93%  44.4  330s
 42975  7628  888.24443   30  104  881.00000  889.10757  0.92%  44.3  335s
 43461  7617  886.20164   29  107  881.00000  889.03986  0.91%  44.3  340s
 44189  7602  886.05981   30  100  881.00000  888.95947  0.90%  44.3  345s
 44922  7613  883.00627   38  105  881.00000  888.88584  0.90%  44.2  350s
 45667  7587  884.94724   36   78  881.00000  888.80666  0.89%  44.2  355s
 46390  7583  883.68308   30   97  881.00000  888.75224  0.88%  44.1  360s
 47134  7574  883.37524   27   90  881.00000  888.69479  0.87%  44.0  365s
 47937  7552  884.06406   30   97  881.00000  888.63282  0.87%  44.0  370s
 48694  7521  885.61677   34   89  881.00000  888.54544  0.86%  43.9  375s
 49427  7486  883.41038   31  105  881.00000  888.47351  0.85%  43.9  380s
 50130  7447  882.27730   30   80  881.00000  888.39489  0.84%  43.8  385s
 50797  7408     cutoff   34       881.00000  888.31631  0.83%  43.8  390s
 51571  7361     cutoff   31       881.00000  888.23663  0.82%  43.8  395s
 52271  7339  882.60417   31   90  881.00000  888.17793  0.81%  43.7  400s
 53020  7291  884.42775   23   77  881.00000  888.10998  0.81%  43.7  405s
 53885  7258  884.70689   26   99  881.00000  888.01840  0.80%  43.6  410s
 54802  7190  886.25489   35   99  881.00000  887.90995  0.78%  43.5  415s
 55620  7109     cutoff   35       881.00000  887.82580  0.77%  43.5  420s
 56040  7071  884.51983   34   98  881.00000  887.79227  0.77%  43.4  425s
 56792  7005     cutoff   31       881.00000  887.72410  0.76%  43.4  430s
 57532  6965  882.31594   31   89  881.00000  887.65865  0.76%  43.3  435s
 58487  6878  883.47362   39   98  881.00000  887.57139  0.75%  43.2  441s
 59439  6772  885.14109   30   91  881.00000  887.47500  0.73%  43.2  445s
 60565  6656  884.09247   29   90  881.00000  887.37173  0.72%  43.1  450s
 62133  6474  885.20679   31   94  881.00000  887.22500  0.71%  43.0  455s
 63160  6364  885.33702   32  106  881.00000  887.12978  0.70%  42.9  460s
 64118  6247  883.90186   33   97  881.00000  887.01791  0.68%  42.8  465s
 65064  6118  882.52097   36   99  881.00000  886.91801  0.67%  42.8  470s
 65706  6018     cutoff   37       881.00000  886.85301  0.66%  42.7  475s
 66516  5873     cutoff   28       881.00000  886.75557  0.65%  42.7  480s
 67300  5748  882.71274   27   94  881.00000  886.66877  0.64%  42.6  485s
 67989  5614  882.59358   30  100  881.00000  886.59209  0.63%  42.6  490s
 68752  5477  882.36786   28   72  881.00000  886.51868  0.63%  42.5  495s
 69396  5357  882.94225   31   85  881.00000  886.43234  0.62%  42.5  500s
 70165  5183  882.20619   29   95  881.00000  886.34822  0.61%  42.5  505s
 70677  5041     cutoff   36       881.00000  886.27586  0.60%  42.4  510s
 71802  4769  883.57791   37   98  881.00000  886.12031  0.58%  42.4  515s
 73210  4388     cutoff   29       881.00000  885.92522  0.56%  42.3  520s
 74351  4041  882.67078   38  105  881.00000  885.74926  0.54%  42.2  525s
 75214  3759  883.97591   36   92  881.00000  885.60508  0.52%  42.1  530s
 76144  3433  883.45008   33  108  881.00000  885.44447  0.50%  42.1  535s
 76965  3141  882.44955   30   87  881.00000  885.28502  0.49%  42.0  540s
 77666  2888  883.28215   28   86  881.00000  885.17678  0.47%  41.9  547s
 77825  2814     cutoff   32       881.00000  885.13337  0.47%  41.9  550s
 78727  2435  882.23650   31   95  881.00000  884.92111  0.45%  41.8  555s
 79754  1919     cutoff   35       881.00000  884.59207  0.41%  41.7  560s
 80853  1253     cutoff   33       881.00000  884.06467  0.35%  41.6  565s
 82228   257     cutoff   39       881.00000  882.73493  0.20%  41.3  570s

Cutting planes:
  Gomory: 2
  MIR: 8
  Flow cover: 16
  Zero half: 14

Explored 82502 nodes (3398928 simplex iterations) in 570.68 seconds (190.56 work units)
Thread count was 1 (of 12 available processors)

Solution count 10: 881 880 876 ... 859

Optimal solution found (tolerance 1.00e-04)
Best objective 8.810000000000e+02, best bound 8.810000000000e+02, gap 0.0000%
