
Gurobi 12.0.2 (linux64, C++) logging started Thu Jun 19 08:00:19 2025

Set parameter LogFile to value "log/instances/scenario4/fully_correlated_sc4/300/kpfs_10.txt.log"

Gurobi 12.0.2 (linux64, C++) logging started Thu Jun 19 08:01:42 2025

Set parameter LogFile to value "log/instances/scenario4/fully_correlated_sc4/300/kpfs_10.txt.log"

Gurobi 12.0.2 (linux64, C++) logging started Thu Jun 19 08:02:53 2025

Set parameter LogFile to value "log/instances/scenario4/fully_correlated_sc4/300/kpfs_10.txt.log"

Gurobi 12.0.2 (linux64, C++) logging started Thu Jun 19 08:03:57 2025

Set parameter LogFile to value "log/instances/scenario4/fully_correlated_sc4/300/kpfs_10.txt.log"

Gurobi 12.0.2 (linux64, C++) logging started Thu Jun 19 12:38:37 2025

Set parameter WLSAccessID
Set parameter WLSSecret
Set parameter LicenseID to value 2679381
Set parameter LogFile to value "log/instances/scenario4/fully_correlated_sc4/300/kpfs_10.txt.log"
Academic license 2679381 - for non-commercial use only - registered to be___@poli.ufrj.br
Set parameter TimeLimit to value 1800
Set parameter Threads to value 1
Gurobi Optimizer version 12.0.2 build v12.0.2rc0 (linux64 - "Ubuntu 24.04.1 LTS")

CPU model: 13th Gen Intel(R) Core(TM) i7-1355U, instruction set [SSE2|AVX|AVX2]
Thread count: 6 physical cores, 12 logical processors, using up to 1 threads

Non-default parameters:
TimeLimit  1800
Threads  1

Academic license 2679381 - for non-commercial use only - registered to be___@poli.ufrj.br
Optimize a model with 902 rows, 1200 columns and 9676 nonzeros
Model fingerprint: 0xd4d8c6fe
Variable types: 0 continuous, 1200 integer (300 binary)
Coefficient statistics:
  Matrix range     [1e+00, 3e+01]
  Objective range  [4e+00, 4e+01]
  Bounds range     [1e+00, 1e+01]
  RHS range        [1e+00, 5e+02]
Found heuristic solution: objective 725.0000000
Presolve removed 0 rows and 111 columns
Presolve time: 0.23s
Presolved: 902 rows, 1089 columns, 9454 nonzeros
Variable types: 0 continuous, 1089 integer (300 binary)

Root relaxation: objective 9.150181e+02, 614 iterations, 0.18 seconds (0.04 work units)

    Nodes    |    Current Node    |     Objective Bounds      |     Work
 Expl Unexpl |  Obj  Depth IntInf | Incumbent    BestBd   Gap | It/Node Time

     0     0  915.01812    0  131  725.00000  915.01812  26.2%     -    0s
H    0     0                     739.0000000  915.01812  23.8%     -    0s
H    0     0                     757.0000000  915.01812  20.9%     -    0s
H    0     0                     790.0000000  915.01812  15.8%     -    0s
H    0     0                     796.0000000  915.01812  15.0%     -    0s
H    0     0                     809.0000000  915.01812  13.1%     -    0s
H    0     0                     812.0000000  915.01812  12.7%     -    0s
H    0     0                     834.0000000  915.01812  9.71%     -    0s
H    0     0                     846.0000000  915.01812  8.16%     -    0s
H    0     0                     849.0000000  915.01812  7.78%     -    0s
     0     0  913.67038    0  130  849.00000  913.67038  7.62%     -    1s
H    0     0                     851.0000000  913.66431  7.36%     -    1s
H    0     0                     853.0000000  913.66431  7.11%     -    1s
H    0     0                     856.0000000  913.66431  6.74%     -    1s
H    0     0                     864.0000000  913.66431  5.75%     -    2s
     0     0  913.25829    0  127  864.00000  913.25829  5.70%     -    2s
     0     0  913.04248    0  131  864.00000  913.04248  5.68%     -    2s
     0     0  912.96894    0  132  864.00000  912.96894  5.67%     -    2s
     0     0  912.96444    0  134  864.00000  912.96444  5.67%     -    2s
     0     0  912.79754    0  137  864.00000  912.79754  5.65%     -    3s
     0     0  912.79135    0  137  864.00000  912.79135  5.65%     -    3s
     0     0  912.79135    0  136  864.00000  912.79135  5.65%     -    3s
     0     0  912.74853    0  136  864.00000  912.74853  5.64%     -    3s
     0     0  912.74386    0  137  864.00000  912.74386  5.64%     -    3s
     0     0  912.74386    0  137  864.00000  912.74386  5.64%     -    3s
     0     0  912.74039    0  137  864.00000  912.74039  5.64%     -    3s
     0     2  912.73479    0  137  864.00000  912.73479  5.64%     -    4s
    49    51  897.91323   40  122  864.00000  910.47659  5.38%  44.3    5s
   541   492  893.15011   29  137  864.00000  909.79253  5.30%  40.1   10s
H  543   468                     865.0000000  909.79253  5.18%  40.0   13s
   552   474  867.42480   62  135  865.00000  909.79253  5.18%  39.3   15s
   668   524  896.08649   25  114  865.00000  909.47449  5.14%  46.2   20s
   992   681  880.24804   37   80  865.00000  907.05983  4.86%  56.4   25s
H 1183   714                     866.0000000  905.77940  4.59%  58.9   28s
H 1183   659                     868.0000000  905.77940  4.35%  58.9   28s
H 1183   635                     869.0000000  905.77940  4.23%  58.9   28s
H 1183   597                     870.0000000  905.77940  4.11%  58.9   28s
  1225   614  888.03078   32  106  870.00000  905.75007  4.11%  59.0   31s
  1493   724  901.32200   22  117  870.00000  904.90354  4.01%  59.6   35s
  1655   796  900.57704   25  122  870.00000  903.98027  3.91%  59.6   40s
  2031  1026  885.11601   34   99  870.00000  902.52588  3.74%  58.0   45s
  2385  1231  890.46629   32  112  870.00000  902.18718  3.70%  56.7   50s
  2584  1350  897.08828   25  112  870.00000  901.94531  3.67%  55.9   55s
* 2661  1383              43     871.0000000  901.92264  3.55%  55.5   55s
  3136  1689  894.09242   25  113  871.00000  901.01935  3.45%  55.1   60s
  3404  1869  877.32315   48  106  871.00000  900.57485  3.40%  54.4   65s
  3746  2096  886.52728   26  106  871.00000  900.29635  3.36%  54.1   70s
  4100  2336  897.82496   24  116  871.00000  899.70960  3.30%  53.5   75s
  4780  2736  881.37892   40  103  871.00000  899.01961  3.22%  52.9   80s
H 4924  2699                     873.0000000  898.89478  2.97%  52.7   82s
  4940  2705  882.07021   32  100  873.00000  898.88339  2.96%  52.6   85s
  5351  2936  875.05263   49   65  873.00000  898.59354  2.93%  52.0   90s
  5778  3179  879.11597   40  100  873.00000  898.24275  2.89%  51.7   95s
  5810  3194  891.75459   27  113  873.00000  898.20728  2.89%  51.6  100s
  6149  3377  876.46148   36   99  873.00000  898.04573  2.87%  51.5  105s
  6596  3633  876.49040   28  106  873.00000  897.79702  2.84%  51.3  110s
  7445  4121  879.05506   33   99  873.00000  897.49585  2.81%  51.0  115s
  7903  4363  875.90806   40   83  873.00000  897.37853  2.79%  50.8  120s
  8401  4623  888.61244   32  116  873.00000  897.08411  2.76%  50.7  125s
  8900  4906  877.02860   36  107  873.00000  896.93703  2.74%  50.5  130s
  9318  5146  891.19690   30  110  873.00000  896.84844  2.73%  50.2  135s
  9914  5464  886.16055   36  106  873.00000  896.66045  2.71%  50.1  140s
 10203  5610  880.00468   32  137  873.00000  896.58619  2.70%  50.0  163s
 10211  5615  889.09075   31  152  873.00000  896.58619  2.70%  50.0  165s
 10216  5619  877.95667   35  149  873.00000  896.58619  2.70%  50.0  170s
 10221  5622  888.15462   34  150  873.00000  896.58619  2.70%  49.9  175s
 10225  5625  885.68259   32  155  873.00000  896.58619  2.70%  49.9  180s
 10229  5627  880.14590   33  153  873.00000  896.58619  2.70%  49.9  185s
 10232  5629  881.99684   38  151  873.00000  896.58619  2.70%  49.9  191s
 10234  5631  875.93907   38  151  873.00000  896.58619  2.70%  49.9  195s
 10261  5651  891.55558   42  114  873.00000  896.58619  2.70%  50.2  202s
 10305  5670  879.35213   42   82  873.00000  896.58619  2.70%  50.3  205s
 10410  5702  896.58619   33  125  873.00000  896.58619  2.70%  50.6  210s
 10468  5729  893.78959   42  113  873.00000  896.58619  2.70%  50.8  215s
 10588  5767  893.85541   41  120  873.00000  896.58619  2.70%  51.1  220s
 10690  5800  883.09379   46  114  873.00000  896.58619  2.70%  51.4  225s
 11169  5983  877.27273   40   71  873.00000  896.58619  2.70%  52.0  230s
 11621  6099  880.24223   45  107  873.00000  896.58619  2.70%  52.0  236s
 12074  6207  896.10180   39  112  873.00000  896.58619  2.70%  52.0  240s
H12186  5922                     875.0000000  896.58619  2.47%  52.1  240s
 12576  6030  877.96825   62  103  875.00000  896.58619  2.47%  52.0  245s
 13122  6155     cutoff   56       875.00000  896.58619  2.47%  52.0  250s
 13639  6275  891.03185   41  116  875.00000  896.58619  2.47%  51.9  255s
 14138  6361  883.86081   52  110  875.00000  896.58619  2.47%  51.9  260s
 14448  6414  882.94505   41  112  875.00000  896.58619  2.47%  51.7  266s
 14741  6479  876.31809   67   82  875.00000  896.58619  2.47%  51.7  271s
 15156  6577  891.13751   41  112  875.00000  896.58619  2.47%  51.7  275s
 15651  6680  881.76334   56  109  875.00000  896.58619  2.47%  51.6  280s
 16145  6769  890.03127   40   98  875.00000  896.58619  2.47%  51.5  285s
 16720  6865  885.08193   49  109  875.00000  896.58619  2.47%  51.4  290s
 17463  6957  884.37082   53  110  875.00000  896.30071  2.43%  51.4  295s
 18172  7044  886.29681   43  103  875.00000  895.96412  2.40%  51.5  300s
 18543  7095  880.33691   43  101  875.00000  895.80532  2.38%  51.4  305s
 19014  7151  878.13687   47  107  875.00000  895.69174  2.36%  51.3  310s
 19522  7190  881.32615   46  110  875.00000  895.47836  2.34%  51.3  315s
 20087  7253  885.71209   51  101  875.00000  895.30777  2.32%  51.2  320s
 20606  7315  887.81010   50  109  875.00000  895.11604  2.30%  51.1  325s
 21011  7372  888.19328   42  107  875.00000  894.97948  2.28%  51.1  332s
 21272  7397  877.21670   42   75  875.00000  894.90288  2.27%  51.1  335s
 21568  7431  883.28289   46   98  875.00000  894.83064  2.27%  51.1  340s
 22085  7481  877.25392   56   92  875.00000  894.75567  2.26%  51.0  345s
 22681  7575  888.37493   37  107  875.00000  894.59416  2.24%  50.9  350s
 23438  7673  884.69380   54   99  875.00000  894.36853  2.21%  50.8  355s
 23909  7703  886.30007   46  103  875.00000  894.28679  2.20%  50.8  360s
 24388  7765     cutoff   53       875.00000  894.22243  2.20%  50.7  365s
 24693  7796     cutoff   50       875.00000  894.13364  2.19%  50.7  370s
 25146  7840  877.15305   60   93  875.00000  894.00732  2.17%  50.7  375s
 25523  7893  885.28272   45  100  875.00000  893.92000  2.16%  50.6  380s
 25907  7929  881.32485   58  108  875.00000  893.83395  2.15%  50.6  385s
 26158  7957  888.13054   45  100  875.00000  893.79291  2.15%  50.6  390s
 26528  8095  880.41811   47  108  875.00000  893.72807  2.14%  50.5  395s
 26877  8231  888.89694   48  107  875.00000  893.64363  2.13%  50.5  400s
 27335  8422     cutoff   57       875.00000  893.54037  2.12%  50.4  405s
 27805  8626     cutoff   52       875.00000  893.44613  2.11%  50.4  410s
 28324  8846  884.02527   53  111  875.00000  893.35104  2.10%  50.3  415s
 28813  9046  877.26644   55  113  875.00000  893.23159  2.08%  50.3  420s
 29368  9246     cutoff   45       875.00000  893.15254  2.07%  50.2  425s
 29499  9285  884.65656   46   98  875.00000  893.10568  2.07%  50.2  430s
 29863  9434  879.90838   39  101  875.00000  893.06053  2.06%  50.2  435s
 30413  9641     cutoff   40       875.00000  892.97897  2.05%  50.1  440s
 31332  9973  886.60988   40  103  875.00000  892.78943  2.03%  50.0  445s
 32230 10319  880.41685   58   96  875.00000  892.61784  2.01%  50.0  450s
 32797 10520  885.50779   41  111  875.00000  892.55487  2.01%  49.9  455s
 33174 10676  878.84961   59  108  875.00000  892.48828  2.00%  49.9  460s
*33630 10704              56     876.0000000  892.41513  1.87%  49.9  463s
 33633 10702  884.37617   41   98  876.00000  892.41452  1.87%  49.9  465s
 34216 10907  884.47432   50  113  876.00000  892.33637  1.86%  49.9  470s
 34821 11085  877.16512   50  108  876.00000  892.25251  1.86%  49.8  475s
 35408 11287  877.83270   46  100  876.00000  892.16484  1.85%  49.8  480s
 35988 11475  889.42659   47  104  876.00000  892.07786  1.84%  49.7  485s
 36461 11664  882.33315   45   95  876.00000  892.02424  1.83%  49.7  491s
 36845 11791  882.08305   45   95  876.00000  891.94961  1.82%  49.7  495s
 37490 12013  883.19139   39  114  876.00000  891.86132  1.81%  49.6  500s
 38070 12221  885.94733   43  109  876.00000  891.78336  1.80%  49.6  505s
 38391 12317  885.10978   51   96  876.00000  891.75318  1.80%  49.6  510s
 39159 12554     cutoff   47       876.00000  891.63582  1.78%  49.6  515s
 39954 12802  885.10735   51  100  876.00000  891.52251  1.77%  49.5  520s
 40232 12890  888.20965   40  108  876.00000  891.49052  1.77%  49.5  525s
 40685 13044  880.21702   51   90  876.00000  891.42646  1.76%  49.5  530s
 41180 13205  886.39390   40   94  876.00000  891.37046  1.75%  49.5  535s
 41665 13347  883.69436   40  105  876.00000  891.30150  1.75%  49.4  540s
 42190 13519  886.48269   45  109  876.00000  891.26250  1.74%  49.4  545s
 42667 13676  879.57209   59   77  876.00000  891.19656  1.73%  49.4  550s
 43102 13826  887.38789   50  109  876.00000  891.15127  1.73%  49.4  555s
 43441 13947     cutoff   55       876.00000  891.11062  1.72%  49.3  560s
 44113 14159  887.28712   41   99  876.00000  891.04653  1.72%  49.3  565s
 44735 14345  877.86985   45   95  876.00000  890.95362  1.71%  49.3  570s
 45253 14509  882.32847   46  101  876.00000  890.87996  1.70%  49.3  575s
 45735 14675  881.30848   55  104  876.00000  890.82105  1.69%  49.2  580s
 46097 14752  886.11757   39   92  876.00000  890.78650  1.69%  49.2  585s
 46604 14870  883.59138   40  100  876.00000  890.73784  1.68%  49.2  590s
 46898 14946  879.82781   45   99  876.00000  890.69903  1.68%  49.2  595s
 47361 15053  883.65019   51  108  876.00000  890.63585  1.67%  49.2  600s
 48118 15291  886.71318   49  107  876.00000  890.55060  1.66%  49.1  605s
 49062 15568  878.03713   52   79  876.00000  890.47053  1.65%  49.1  610s
 49487 15686  880.18184   47   90  876.00000  890.42310  1.65%  49.1  615s
 50059 15861  879.54383   48  100  876.00000  890.37966  1.64%  49.0  620s
 50623 16020  887.10176   48  107  876.00000  890.32498  1.64%  49.0  625s
 51025 16153  877.70868   54  107  876.00000  890.30094  1.63%  49.0  630s
 51627 16321  889.81215   44  111  876.00000  890.24814  1.63%  48.9  635s
 52249 16540  878.10700   59   93  876.00000  890.19562  1.62%  48.9  640s
 52805 16714  879.74536   47   96  876.00000  890.14279  1.61%  48.8  645s
 53294 16860     cutoff   61       876.00000  890.09333  1.61%  48.8  650s
 53767 16970  886.31605   42   91  876.00000  890.04649  1.60%  48.8  655s
 54198 17082  879.70706   49  105  876.00000  890.01385  1.60%  48.8  660s
 54761 17205     cutoff   44       876.00000  889.96875  1.59%  48.8  665s
 55381 17403  878.82417   56   84  876.00000  889.92342  1.59%  48.7  670s
 55925 17554  883.94242   56   96  876.00000  889.88499  1.59%  48.7  675s
 56534 17675  887.07143   49   90  876.00000  889.84262  1.58%  48.7  680s
 57031 17836  885.05767   45  107  876.00000  889.80832  1.58%  48.7  685s
 57490 17971  878.18984   49  109  876.00000  889.76679  1.57%  48.7  690s
 57931 18082  884.72303   43   95  876.00000  889.73876  1.57%  48.7  695s
 58658 18255  878.74737   48   88  876.00000  889.66465  1.56%  48.6  700s
 59521 18465  879.02433   44  104  876.00000  889.59089  1.55%  48.6  705s
 60379 18671  883.35673   50  105  876.00000  889.52550  1.54%  48.5  710s
 61034 18833  883.82036   52  100  876.00000  889.48335  1.54%  48.5  715s
 61499 18957  885.29276   50  105  876.00000  889.45477  1.54%  48.5  720s
 62067 19092  879.36425   48  108  876.00000  889.41170  1.53%  48.4  725s
 62599 19213  877.06156   43   77  876.00000  889.37611  1.53%  48.4  730s
 63155 19356  885.45469   52   99  876.00000  889.33397  1.52%  48.4  735s
 63739 19498  880.23194   44   97  876.00000  889.29983  1.52%  48.3  740s
 64275 19631  883.52833   50   95  876.00000  889.26445  1.51%  48.3  745s
 64760 19743  877.49449   51   96  876.00000  889.22801  1.51%  48.3  750s
 65269 19883  888.24410   41  122  876.00000  889.17764  1.50%  48.3  755s
 65700 19992     cutoff   42       876.00000  889.16078  1.50%  48.3  761s
 66048 20094  880.52588   54  108  876.00000  889.13536  1.50%  48.2  765s
 66534 20216  886.45270   40  100  876.00000  889.10120  1.50%  48.2  770s
 67054 20353  879.34507   42   97  876.00000  889.04471  1.49%  48.2  775s
 67795 20493  887.81808   45  109  876.00000  888.99622  1.48%  48.2  780s
 68427 20688  885.00154   54  104  876.00000  888.96507  1.48%  48.1  785s
 68947 20846  879.29444   51  104  876.00000  888.94385  1.48%  48.1  790s
 69493 20986  879.21308   46   92  876.00000  888.90446  1.47%  48.1  795s
 70165 21156  879.08166   55   97  876.00000  888.86998  1.47%  48.0  800s
 70819 21289  882.94730   47  103  876.00000  888.82380  1.46%  48.0  805s
 71414 21423  884.69089   50   94  876.00000  888.79187  1.46%  48.0  810s
 71768 21531  882.99887   43  101  876.00000  888.77175  1.46%  48.0  818s
 72014 21567  886.56311   45  115  876.00000  888.75376  1.46%  48.0  820s
 72673 21715  880.08874   59  104  876.00000  888.70859  1.45%  48.0  825s
 73289 21869  877.60570   50  102  876.00000  888.66901  1.45%  47.9  830s
 74236 22102  880.30147   43  105  876.00000  888.60916  1.44%  47.9  835s
 74537 22168  884.10049   48  107  876.00000  888.58764  1.44%  47.9  840s
 75117 22301  878.21521   48  101  876.00000  888.55853  1.43%  47.9  845s
 75995 22501  883.34246   51  108  876.00000  888.50687  1.43%  47.8  850s
 76666 22652  881.63133   46  113  876.00000  888.45879  1.42%  47.8  855s
 77449 22816  882.67795   50  102  876.00000  888.41373  1.42%  47.8  860s
 78272 22988  879.35218   51  101  876.00000  888.36180  1.41%  47.7  865s
 79059 23175  883.44398   46  113  876.00000  888.31813  1.41%  47.7  870s
 79759 23323  878.26429   47   91  876.00000  888.27353  1.40%  47.7  875s
 80451 23461  881.42529   51  107  876.00000  888.23655  1.40%  47.7  880s
 81396 23635     cutoff   43       876.00000  888.17592  1.39%  47.6  885s
 82183 23814     cutoff   56       876.00000  888.13873  1.39%  47.6  890s
 83006 24003  880.04679   46   94  876.00000  888.08183  1.38%  47.6  895s
 83889 24189  878.58810   63  107  876.00000  888.03501  1.37%  47.6  900s
 85086 24394  879.74751   52  103  876.00000  887.96064  1.37%  47.5  905s
 86057 24583  878.54691   42   98  876.00000  887.90316  1.36%  47.5  910s
 86776 24704  877.81797   49   74  876.00000  887.85944  1.35%  47.5  915s
 87732 24882  879.57541   56   99  876.00000  887.80608  1.35%  47.5  920s
 88653 25080  878.76447   57  111  876.00000  887.76477  1.34%  47.4  925s
 89530 25217     cutoff   51       876.00000  887.70865  1.34%  47.4  930s
 90513 25387  878.35075   50  100  876.00000  887.64895  1.33%  47.4  935s
 91158 25474  879.42649   46   98  876.00000  887.61644  1.33%  47.3  940s
 91852 25588     cutoff   42       876.00000  887.58588  1.32%  47.3  945s
 92874 25778     cutoff   51       876.00000  887.53011  1.32%  47.3  950s
 94117 25990  884.35797   44  104  876.00000  887.46368  1.31%  47.3  955s
 94977 26138     cutoff   49       876.00000  887.42249  1.30%  47.2  960s
 95812 26301  885.45353   48  112  876.00000  887.37505  1.30%  47.2  965s
 96343 26400  886.26520   50  108  876.00000  887.34734  1.30%  47.2  971s
 97091 26520  877.23914   50   89  876.00000  887.31026  1.29%  47.2  975s
 97929 26663     cutoff   47       876.00000  887.26466  1.29%  47.1  980s
 98797 26807  885.72656   52  108  876.00000  887.22380  1.28%  47.1  985s
 99606 26907  879.71224   61   98  876.00000  887.17709  1.28%  47.1  990s
 100515 27039  880.99096   54   97  876.00000  887.13274  1.27%  47.1  995s
 101098 27113     cutoff   49       876.00000  887.10335  1.27%  47.0 1000s
 101869 27233  881.92136   52  100  876.00000  887.05943  1.26%  47.0 1005s
 102745 27404  879.94256   53  109  876.00000  887.02412  1.26%  47.0 1010s
 103545 27520  880.84120   42  103  876.00000  886.98772  1.25%  46.9 1015s
 104728 27685     cutoff   54       876.00000  886.93535  1.25%  46.9 1020s
 105800 27840  878.03706   52  100  876.00000  886.88868  1.24%  46.9 1025s
 106297 27909  881.83930   54  105  876.00000  886.86895  1.24%  46.9 1030s
 106839 28022  877.70362   51   80  876.00000  886.84494  1.24%  46.8 1035s
 107693 28175  882.62815   46  107  876.00000  886.80743  1.23%  46.8 1040s
 108905 28349  878.11494   48   87  876.00000  886.75331  1.23%  46.8 1045s
 110051 28513  883.76198   45  102  876.00000  886.71090  1.22%  46.7 1050s
 110888 28633  882.56932   41  103  876.00000  886.68048  1.22%  46.7 1055s
 111771 28768  881.53943   50  106  876.00000  886.63547  1.21%  46.7 1060s
 112393 28862  883.67379   45  113  876.00000  886.60708  1.21%  46.7 1065s
 113344 28996  882.54813   51   97  876.00000  886.56837  1.21%  46.7 1070s
 114269 29107  882.35962   45  107  876.00000  886.52240  1.20%  46.6 1075s
 115491 29251  882.27544   47  101  876.00000  886.47625  1.20%  46.6 1080s
 116952 29407  883.06162   49  105  876.00000  886.41114  1.19%  46.6 1085s
 118532 29604  880.18284   55   99  876.00000  886.35392  1.18%  46.5 1090s
 119680 29716  881.29117   45  108  876.00000  886.30354  1.18%  46.5 1096s
 120282 29767  877.17819   49   89  876.00000  886.27867  1.17%  46.5 1100s
 121167 29853  880.51566   43   99  876.00000  886.23830  1.17%  46.4 1105s
 121901 29938  885.02064   37  101  876.00000  886.21111  1.17%  46.4 1111s
 122469 29979     cutoff   57       876.00000  886.18980  1.16%  46.4 1115s
 123375 30058  878.71565   57   99  876.00000  886.15520  1.16%  46.4 1120s
 124409 30186  882.67900   43  102  876.00000  886.11773  1.15%  46.4 1125s
 125219 30260     cutoff   46       876.00000  886.09076  1.15%  46.3 1130s
 126148 30352  882.01191   48   89  876.00000  886.06002  1.15%  46.3 1135s
 127173 30450     cutoff   49       876.00000  886.02264  1.14%  46.3 1140s
 128203 30518  878.57042   58   96  876.00000  885.99177  1.14%  46.3 1145s
 129124 30583  882.64795   53   95  876.00000  885.96084  1.14%  46.3 1150s
 130336 30726  880.66029   45   90  876.00000  885.92525  1.13%  46.2 1155s
 131640 30825     cutoff   48       876.00000  885.87419  1.13%  46.2 1160s
 132388 30932  882.01570   49  112  876.00000  885.84931  1.12%  46.1 1165s
 133233 31003  878.01114   42  109  876.00000  885.81984  1.12%  46.1 1170s
 134219 31085  877.60025   51   98  876.00000  885.78480  1.12%  46.1 1175s
 135016 31136  880.02491   54   90  876.00000  885.75771  1.11%  46.1 1180s
 135844 31256  883.86872   46   96  876.00000  885.73202  1.11%  46.1 1185s
 136518 31316     cutoff   55       876.00000  885.70785  1.11%  46.1 1190s
 137592 31415     cutoff   49       876.00000  885.67133  1.10%  46.0 1195s
 138520 31499  878.73128   58   87  876.00000  885.63840  1.10%  46.0 1200s
 139613 31573     cutoff   45       876.00000  885.59853  1.10%  46.0 1205s
 140443 31634  878.05925   59   84  876.00000  885.57309  1.09%  45.9 1210s
 141196 31669  879.51532   44  105  876.00000  885.54323  1.09%  45.9 1215s
 141965 31723  877.43710   47   95  876.00000  885.51858  1.09%  45.9 1220s
 142711 31776     cutoff   55       876.00000  885.48871  1.08%  45.9 1225s
 143654 31865  879.18276   50  106  876.00000  885.45619  1.08%  45.9 1230s
 144443 31929  877.79243   56  107  876.00000  885.43150  1.08%  45.9 1235s
 145100 31976  882.30366   46   77  876.00000  885.40717  1.07%  45.8 1240s
 145493 32011  878.17762   46   94  876.00000  885.39431  1.07%  45.8 1245s
 146362 32079  879.93207   56   98  876.00000  885.36720  1.07%  45.8 1250s
 146965 32095  877.93232   52   91  876.00000  885.34618  1.07%  45.8 1257s
 147367 32109  877.19679   43   81  876.00000  885.33129  1.07%  45.8 1260s
 147933 32139  877.03958   49  103  876.00000  885.31248  1.06%  45.8 1265s
 148771 32186  883.41579   47  102  876.00000  885.28772  1.06%  45.8 1270s
 149846 32275  882.92644   55   95  876.00000  885.25111  1.06%  45.8 1275s
 150606 32311  880.07158   51  100  876.00000  885.22198  1.05%  45.7 1280s
 151403 32365  877.73564   48  107  876.00000  885.19860  1.05%  45.7 1285s
 152352 32419  879.00162   51   72  876.00000  885.16710  1.05%  45.7 1290s
 153362 32453  877.07985   43   91  876.00000  885.12634  1.04%  45.7 1295s
 153871 32484  880.01098   46  111  876.00000  885.10905  1.04%  45.7 1300s
 154564 32525  880.60241   54  109  876.00000  885.08303  1.04%  45.6 1305s
 155271 32577  878.87383   55   98  876.00000  885.06235  1.03%  45.6 1310s
 155895 32606     cutoff   58       876.00000  885.04724  1.03%  45.6 1315s
 156634 32645  883.83703   50  113  876.00000  885.02659  1.03%  45.6 1320s
 157650 32697  882.95417   46  109  876.00000  884.99519  1.03%  45.6 1325s
 158716 32724  877.86200   59   78  876.00000  884.95793  1.02%  45.6 1330s
 159232 32721     cutoff   51       876.00000  884.93967  1.02%  45.5 1335s
 159770 32753  878.81651   48  105  876.00000  884.92261  1.02%  45.5 1341s
 160385 32774  881.71017   51  110  876.00000  884.90576  1.02%  45.5 1345s
 161212 32819     cutoff   62       876.00000  884.88319  1.01%  45.5 1350s
 162171 32854  877.98806   44   89  876.00000  884.85588  1.01%  45.5 1355s
 163293 32905  880.89785   46  100  876.00000  884.82177  1.01%  45.4 1360s
 164010 32915  880.76482   54  116  876.00000  884.79081  1.00%  45.4 1366s
 164637 32938  884.68088   49  105  876.00000  884.77334  1.00%  45.4 1370s
 165357 32962  882.21984   46   95  876.00000  884.74539  1.00%  45.4 1375s
 166062 32981  877.20796   43   68  876.00000  884.71828  1.00%  45.4 1380s
 166817 33012  881.02262   43   89  876.00000  884.69560  0.99%  45.4 1385s
 167646 33046  881.53040   54  110  876.00000  884.66617  0.99%  45.4 1390s
 168547 33037  878.38627   51   82  876.00000  884.63201  0.99%  45.4 1395s
 169294 33040     cutoff   47       876.00000  884.61254  0.98%  45.3 1400s
 170820 33100  880.80408   48   94  876.00000  884.56554  0.98%  45.3 1405s
 172034 33166  879.13514   48  102  876.00000  884.52811  0.97%  45.3 1410s
 173531 33188  879.10366   56   88  876.00000  884.48192  0.97%  45.2 1415s
 174598 33200  878.05693   51   95  876.00000  884.44770  0.96%  45.2 1420s
 175526 33199  879.60467   50   85  876.00000  884.41409  0.96%  45.2 1425s
 176319 33191  879.86677   53  101  876.00000  884.39382  0.96%  45.2 1430s
 176857 33160  881.58851   46   90  876.00000  884.37968  0.96%  45.2 1435s
 177546 33160  880.00285   48  105  876.00000  884.35410  0.95%  45.2 1441s
 178258 33143     cutoff   52       876.00000  884.33499  0.95%  45.1 1445s
 178892 33167  877.41238   51   93  876.00000  884.31928  0.95%  45.1 1450s
 179657 33152  879.72646   52   94  876.00000  884.29918  0.95%  45.1 1455s
 180525 33156  879.19819   53  108  876.00000  884.27785  0.94%  45.1 1460s
 181340 33152     cutoff   49       876.00000  884.24839  0.94%  45.1 1465s
 181910 33177  879.94541   58  104  876.00000  884.23277  0.94%  45.1 1470s
 182763 33160  882.04910   51   76  876.00000  884.20608  0.94%  45.1 1475s
 184158 33138  877.80012   56   92  876.00000  884.16248  0.93%  45.0 1480s
 185393 33112  877.20193   54   97  876.00000  884.11912  0.93%  45.0 1485s
 186229 33105  877.26603   45   91  876.00000  884.09208  0.92%  45.0 1490s
 187057 33085  881.13460   51  101  876.00000  884.06929  0.92%  45.0 1495s
 187794 33066  878.37613   49   94  876.00000  884.04981  0.92%  45.0 1501s
 188400 33065  880.55312   57  100  876.00000  884.02976  0.92%  45.0 1505s
 189334 33037     cutoff   59       876.00000  884.00472  0.91%  45.0 1510s
 190183 33017  877.94068   49   94  876.00000  883.98528  0.91%  44.9 1515s
 191041 32986  880.91644   48   99  876.00000  883.96225  0.91%  44.9 1520s
 191849 32963  879.59765   49  102  876.00000  883.94196  0.91%  44.9 1525s
 192949 32932  877.32429   46   77  876.00000  883.91169  0.90%  44.9 1530s
 193724 32946     cutoff   49       876.00000  883.88865  0.90%  44.9 1535s
 194599 32928  881.50165   53  107  876.00000  883.86242  0.90%  44.9 1540s
 195650 32937     cutoff   52       876.00000  883.83031  0.89%  44.8 1545s
 196708 32913  878.28627   52   98  876.00000  883.79842  0.89%  44.8 1550s
 197848 32915  878.69588   45   92  876.00000  883.76912  0.89%  44.8 1555s
 198938 32852  880.60798   54   88  876.00000  883.73467  0.88%  44.8 1560s
 200111 32837  878.12515   50  104  876.00000  883.70426  0.88%  44.7 1565s
 201302 32775  877.64788   50   92  876.00000  883.67021  0.88%  44.7 1570s
 202365 32737     cutoff   50       876.00000  883.63996  0.87%  44.7 1575s
 203336 32651  880.04810   56  103  876.00000  883.61180  0.87%  44.7 1580s
 204294 32569     cutoff   49       876.00000  883.58395  0.87%  44.7 1585s
 205278 32512  882.78988   48  111  876.00000  883.55017  0.86%  44.7 1590s
 206084 32477     cutoff   57       876.00000  883.52916  0.86%  44.6 1595s
 206836 32456  880.57313   50  101  876.00000  883.50950  0.86%  44.6 1600s
 207466 32410  878.18226   50   99  876.00000  883.48640  0.85%  44.6 1605s
 208231 32339  877.86058   50   99  876.00000  883.46411  0.85%  44.6 1610s
 209486 32266  881.26489   49  111  876.00000  883.42385  0.85%  44.6 1615s
 209942 32254  883.02768   51   98  876.00000  883.41066  0.85%  44.6 1620s
 210699 32204  880.64445   49   98  876.00000  883.39064  0.84%  44.6 1625s
 211451 32178  877.25974   54   93  876.00000  883.36884  0.84%  44.5 1630s
 212222 32115  879.76959   60   83  876.00000  883.34222  0.84%  44.5 1635s
 212903 32053  880.29420   48   73  876.00000  883.32384  0.84%  44.5 1640s
 213374 32011  877.28057   46   82  876.00000  883.30853  0.83%  44.5 1645s
 214019 31986  878.32562   53   89  876.00000  883.29283  0.83%  44.5 1650s
 214700 31928  877.29449   55   86  876.00000  883.27450  0.83%  44.5 1655s
 215403 31865  880.58646   55   88  876.00000  883.25519  0.83%  44.5 1660s
 216177 31816     cutoff   47       876.00000  883.23244  0.83%  44.5 1665s
 216509 31774  879.82695   51  104  876.00000  883.22156  0.82%  44.5 1673s
 216782 31746     cutoff   46       876.00000  883.21369  0.82%  44.5 1675s
 217356 31690  879.18375   52  103  876.00000  883.19666  0.82%  44.5 1680s
 217984 31647  882.02550   42  104  876.00000  883.17796  0.82%  44.4 1685s
 218576 31604     cutoff   42       876.00000  883.15671  0.82%  44.4 1690s
 219272 31534  880.51441   48   99  876.00000  883.13800  0.81%  44.4 1695s
 220368 31439     cutoff   58       876.00000  883.10966  0.81%  44.4 1700s
 221177 31349  877.82759   47  103  876.00000  883.08683  0.81%  44.4 1705s
 222282 31241  881.23636   49  100  876.00000  883.04945  0.80%  44.4 1710s
 222837 31177  879.58777   44   91  876.00000  883.03288  0.80%  44.4 1715s
 223451 31087     cutoff   47       876.00000  883.01261  0.80%  44.4 1720s
 223998 31024  881.01451   50  102  876.00000  882.99662  0.80%  44.4 1725s
 224921 30947  882.69836   53  103  876.00000  882.97053  0.80%  44.3 1730s
 225849 30826  877.51329   56   99  876.00000  882.94449  0.79%  44.3 1735s
 226588 30764  877.07010   46  104  876.00000  882.92746  0.79%  44.3 1740s
 227595 30647  881.63059   54   94  876.00000  882.89478  0.79%  44.3 1745s
 228065 30605  879.24630   45  116  876.00000  882.88114  0.79%  44.3 1751s
 228323 30578  879.74623   50  100  876.00000  882.87422  0.78%  44.3 1755s
 229204 30484     cutoff   55       876.00000  882.84911  0.78%  44.3 1760s
 230062 30401  878.81171   48   97  876.00000  882.82686  0.78%  44.3 1765s
 230810 30323  881.72753   48   88  876.00000  882.80947  0.78%  44.2 1770s
 231515 30251  881.78599   53   98  876.00000  882.78789  0.77%  44.2 1775s
 232881 30076     cutoff   46       876.00000  882.74347  0.77%  44.2 1780s
 233783 29965  877.67080   45  100  876.00000  882.71469  0.77%  44.2 1785s
 234708 29849  878.10189   51   97  876.00000  882.68608  0.76%  44.2 1790s
 236082 29668  878.92225   60  103  876.00000  882.64510  0.76%  44.2 1795s
 236882 29568  878.04385   48  100  876.00000  882.62059  0.76%  44.1 1800s

Cutting planes:
  Gomory: 2
  MIR: 5
  Flow cover: 15
  Zero half: 17

Explored 236883 nodes (10457278 simplex iterations) in 1800.01 seconds (619.23 work units)
Thread count was 1 (of 12 available processors)

Solution count 10: 876 875 873 ... 864

Time limit reached
Best objective 8.760000000000e+02, best bound 8.820000000000e+02, gap 0.6849%
