
Gurobi 12.0.2 (linux64, C++) logging started Thu Jun 19 08:00:19 2025

Set parameter LogFile to value "log/instances/scenario2/not_correlated_sc2/300/kpfs_2.txt.log"

Gurobi 12.0.2 (linux64, C++) logging started Thu Jun 19 08:01:42 2025

Set parameter LogFile to value "log/instances/scenario2/not_correlated_sc2/300/kpfs_2.txt.log"

Gurobi 12.0.2 (linux64, C++) logging started Thu Jun 19 08:02:53 2025

Set parameter LogFile to value "log/instances/scenario2/not_correlated_sc2/300/kpfs_2.txt.log"

Gurobi 12.0.2 (linux64, C++) logging started Thu Jun 19 08:03:57 2025

Set parameter LogFile to value "log/instances/scenario2/not_correlated_sc2/300/kpfs_2.txt.log"

Gurobi 12.0.2 (linux64, C++) logging started Thu Jun 19 13:02:21 2025

Set parameter WLSAccessID
Set parameter WLSSecret
Set parameter LicenseID to value 2679381
Set parameter LogFile to value "log/instances/scenario2/not_correlated_sc2/300/kpfs_2.txt.log"
Academic license 2679381 - for non-commercial use only - registered to be___@poli.ufrj.br
Set parameter TimeLimit to value 1800
Set parameter Threads to value 1
Gurobi Optimizer version 12.0.2 build v12.0.2rc0 (linux64 - "Ubuntu 24.04.1 LTS")

CPU model: 13th Gen Intel(R) Core(TM) i7-1355U, instruction set [SSE2|AVX|AVX2]
Thread count: 6 physical cores, 12 logical processors, using up to 1 threads

Non-default parameters:
TimeLimit  1800
Threads  1

Academic license 2679381 - for non-commercial use only - registered to be___@poli.ufrj.br
Optimize a model with 902 rows, 1200 columns and 9472 nonzeros
Model fingerprint: 0x6c3b71f4
Variable types: 0 continuous, 1200 integer (300 binary)
Coefficient statistics:
  Matrix range     [1e+00, 3e+01]
  Objective range  [1e+00, 3e+01]
  Bounds range     [1e+00, 1e+01]
  RHS range        [1e+00, 5e+02]
Found heuristic solution: objective 176.0000000
Presolve removed 0 rows and 39 columns
Presolve time: 0.12s
Presolved: 902 rows, 1161 columns, 9394 nonzeros
Variable types: 0 continuous, 1161 integer (325 binary)

Root relaxation: objective 4.929693e+02, 1117 iterations, 0.25 seconds (0.10 work units)

    Nodes    |    Current Node    |     Objective Bounds      |     Work
 Expl Unexpl |  Obj  Depth IntInf | Incumbent    BestBd   Gap | It/Node Time

     0     0  492.96925    0  177  176.00000  492.96925   180%     -    0s
H    0     0                     182.0000000  492.96925   171%     -    0s
H    0     0                     186.0000000  492.96925   165%     -    0s
H    0     0                     192.0000000  492.96925   157%     -    0s
H    0     0                     198.0000000  492.96925   149%     -    0s
H    0     0                     213.0000000  492.96925   131%     -    0s
H    0     0                     234.0000000  492.96925   111%     -    0s
H    0     0                     235.0000000  492.96925   110%     -    0s
H    0     0                     264.0000000  492.96925  86.7%     -    0s
     0     0  490.87603    0  187  264.00000  490.87603  85.9%     -    0s
H    0     0                     266.0000000  490.85870  84.5%     -    1s
     0     0  490.81628    0  182  266.00000  490.81628  84.5%     -    1s
     0     0  490.80606    0  185  266.00000  490.80606  84.5%     -    1s
     0     0  488.19817    0  182  266.00000  488.19817  83.5%     -    2s
     0     0  487.22329    0  187  266.00000  487.22329  83.2%     -    2s
     0     0  487.21237    0  192  266.00000  487.21237  83.2%     -    2s
     0     0  486.71329    0  187  266.00000  486.71329  83.0%     -    3s
     0     0  486.57510    0  184  266.00000  486.57510  82.9%     -    3s
     0     0  486.55245    0  185  266.00000  486.55245  82.9%     -    3s
     0     0  486.54580    0  186  266.00000  486.54580  82.9%     -    3s
     0     0  486.54411    0  188  266.00000  486.54411  82.9%     -    3s
     0     0  486.37865    0  192  266.00000  486.37865  82.8%     -    4s
     0     0  486.35915    0  197  266.00000  486.35915  82.8%     -    4s
     0     0  486.35915    0  196  266.00000  486.35915  82.8%     -    4s
     0     0  486.33033    0  189  266.00000  486.33033  82.8%     -    4s
     0     0  486.32948    0  190  266.00000  486.32948  82.8%     -    4s
     0     0  486.30759    0  194  266.00000  486.30759  82.8%     -    4s
     0     0  486.29375    0  194  266.00000  486.29375  82.8%     -    4s
     0     2  486.28588    0  194  266.00000  486.28588  82.8%     -    5s
    90    92  362.12381   68  136  266.00000  474.84564  78.5%   206   10s
H  182   154                     280.0000000  473.88961  69.2%   154   12s
H  182   154                     282.0000000  473.88961  68.0%   154   12s
H  300   247                     290.0000000  473.49318  63.3%   127   14s
   360   299  345.66327   20  136  290.00000  473.16595  63.2%   122   15s
   561   460  385.91701    8  186  290.00000  466.75762  61.0%   112   20s
   604   491  374.14011   28  147  290.00000  465.40624  60.5%   129   25s
   654   524  321.28268   53  132  290.00000  465.40624  60.5%   144   30s
   733   569  320.56892   93  121  290.00000  465.40624  60.5%   152   35s
   798   578  336.44981   26  123  290.00000  465.35377  60.5%   155   40s
   848   611  323.84672   51  105  290.00000  465.35377  60.5%   159   45s
   955   630  366.61994   23  121  290.00000  444.60913  53.3%   157   50s
  1187   682  324.06045   14  120  290.00000  430.80474  48.6%   155   55s
  1413   729  422.89361   21  148  290.00000  428.86468  47.9%   155   60s
  1598   794  404.49066   22  140  290.00000  427.90347  47.6%   154   65s
  1935   929  383.76730   26  136  290.00000  424.03566  46.2%   143   70s
  2066  1034  293.10846   82   99  290.00000  423.79274  46.1%   139   75s
  2309  1188  297.55837   45  112  290.00000  417.53071  44.0%   134   80s
  2706  1448  308.84222   36  112  290.00000  410.71917  41.6%   126   85s
  2942  1588  328.62085   30  112  290.00000  408.07498  40.7%   123   90s
  3303  1813  301.85088   29  102  290.00000  404.12916  39.4%   118   95s
  3630  2031  296.28690   37   96  290.00000  403.09265  39.0%   113  100s
  3986  2260  393.83648   14  172  290.00000  400.90986  38.2%   109  105s
  4462  2588  308.60004   45  118  290.00000  397.98270  37.2%   106  110s
  4772  2769  317.66740   28   96  290.00000  396.15972  36.6%   104  115s
  5105  2938  346.99898   18  130  290.00000  393.81143  35.8%   103  120s
  5471  3168  375.55406   18  116  290.00000  392.30560  35.3%   101  125s
  5935  3458  345.39267   38  126  290.00000  390.86182  34.8%  98.1  130s
  6287  3646  336.88912   20  116  290.00000  389.20782  34.2%  97.2  136s
  6587  3794  291.51196   51  104  290.00000  388.73554  34.0%  96.7  140s
H 6890  3963                     291.0000000  387.08464  33.0%  95.4  144s
H 6890  3670                     298.0000000  387.08464  29.9%  95.4  145s
  7237  3813  344.10071   29  122  298.00000  385.19068  29.3%  94.6  150s
  7954  4191  305.40285   26   99  298.00000  382.41371  28.3%  92.4  155s
  8287  4344  335.48719   49  134  298.00000  381.14816  27.9%  91.6  160s
  8737  4545  304.65834   32  102  298.00000  379.27877  27.3%  90.5  165s
  9093  4699  349.39159   23  107  298.00000  378.03014  26.9%  89.7  170s
  9444  4854  320.29579   39  106  298.00000  376.60138  26.4%  89.1  175s
  9770  5003  304.50000   32   45  298.00000  376.02670  26.2%  88.4  180s
 10020  5106  349.82983   29  128  298.00000  375.12515  25.9%  88.0  185s
 10202  5179  306.21680   34  113  298.00000  375.03504  25.9%  87.9  226s
 10464  5288  321.02205   38  117  298.00000  374.34362  25.6%  87.5  230s
 10897  5503     cutoff   34       298.00000  373.45321  25.3%  86.9  235s
 11382  5692  321.53191   31  125  298.00000  371.87391  24.8%  86.2  240s
 11984  5952  343.16235   42  119  298.00000  370.82728  24.4%  85.4  245s
 12480  6162  301.75124   48  108  298.00000  369.47734  24.0%  84.6  250s
 12891  6314  329.80998   22  140  298.00000  368.54774  23.7%  84.1  255s
*12974  6172              18     300.0000000  368.49079  22.8%  84.0  255s
 13288  6285  316.74937   36  110  300.00000  367.59593  22.5%  83.7  260s
 13668  6443  332.74388   19  124  300.00000  367.02523  22.3%  83.3  265s
 14074  6623  318.33091   42  134  300.00000  365.79959  21.9%  82.8  270s
 14776  6867  334.50220   39  135  300.00000  364.30935  21.4%  82.1  275s
 15263  7059  319.77717   35   95  300.00000  363.39555  21.1%  81.6  280s
 16010  7318  333.15265   25  115  300.00000  362.11649  20.7%  81.0  285s
 16452  7477  307.31456   44  108  300.00000  361.38281  20.5%  80.6  290s
 16720  7578  318.95344   36  123  300.00000  360.82630  20.3%  80.4  297s
 16880  7628  316.76552   20  118  300.00000  360.50718  20.2%  80.3  300s
 17247  7717  321.58978   24  100  300.00000  359.93992  20.0%  80.1  305s
 17695  7813  326.93419   23  106  300.00000  359.19843  19.7%  79.9  310s
 18046  7924  331.16116   33  110  300.00000  358.64503  19.5%  79.6  315s
 18526  8069  324.32173   30  111  300.00000  357.93341  19.3%  79.3  320s
 18939  8181     cutoff   47       300.00000  357.26651  19.1%  79.0  325s
 19224  8274  312.38696   21  103  300.00000  356.78394  18.9%  78.7  330s
 19395  8328  305.63993   41  121  300.00000  356.46252  18.8%  78.7  335s
 19703  8380  316.22406   20   95  300.00000  356.15118  18.7%  78.6  340s
 20032  8484  314.69394   29  116  300.00000  355.62670  18.5%  78.4  346s
 20304  8559  325.24112   27   97  300.00000  355.29131  18.4%  78.3  350s
 20880  8687     cutoff   25       300.00000  354.24049  18.1%  77.9  355s
 21316  8820  341.51657   26  129  300.00000  353.62987  17.9%  77.6  360s
 21714  8917  348.94695   22  114  300.00000  353.08475  17.7%  77.5  365s
 22384  9080  321.22143   23  114  300.00000  352.09136  17.4%  77.2  370s
 22747  9159  310.68178   48  110  300.00000  351.61705  17.2%  77.0  375s
 22975  9188  303.75987   29  123  300.00000  351.24337  17.1%  77.0  380s
 23493  9326  330.28710   23  110  300.00000  350.61804  16.9%  76.7  385s
 24062  9477  306.07222   50   97  300.00000  350.03755  16.7%  76.4  390s
 24598  9604     cutoff   43       300.00000  349.45510  16.5%  76.2  395s
 25114  9721  345.23559   50  133  300.00000  348.83858  16.3%  75.9  400s
 25447  9775     cutoff   33       300.00000  348.39726  16.1%  75.8  405s
 25987  9912  325.19611   22  105  300.00000  347.48329  15.8%  75.5  410s
 26325  9964     cutoff   28       300.00000  347.10239  15.7%  75.4  415s
 26785 10006     cutoff   24       300.00000  346.46597  15.5%  75.3  420s
 27252 10039  319.45620   28  107  300.00000  345.77471  15.3%  75.2  425s
 27706 10134  311.77315   50  113  300.00000  345.27364  15.1%  75.0  430s
 28204 10181  308.76111   34  108  300.00000  344.59420  14.9%  74.9  435s
 28688 10210     cutoff   35       300.00000  343.85521  14.6%  74.8  440s
 29387 10328     cutoff   35       300.00000  343.13685  14.4%  74.6  445s
 29812 10342  336.13611   30  115  300.00000  342.57462  14.2%  74.6  450s
 30222 10372  305.08165   41  102  300.00000  342.06480  14.0%  74.5  455s
 30725 10422  336.89813   31  128  300.00000  341.50394  13.8%  74.4  460s
 31110 10444  303.93260   42  119  300.00000  341.07328  13.7%  74.4  465s
 31465 10453  314.15600   34  122  300.00000  340.59385  13.5%  74.3  472s
 31722 10457  339.98342   31  115  300.00000  340.22775  13.4%  74.3  475s
 32041 10474  314.89325   30   99  300.00000  339.76282  13.3%  74.3  480s
 32296 10484  321.20891   23  109  300.00000  339.47620  13.2%  74.3  485s
 32611 10515     cutoff   30       300.00000  339.13565  13.0%  74.2  490s
 32916 10558  303.82366   29   95  300.00000  338.75985  12.9%  74.1  495s
 33183 10555  318.88330   25  105  300.00000  338.41888  12.8%  74.1  500s
 33470 10578  307.56583   25  104  300.00000  338.17872  12.7%  74.0  505s
 33754 10577  301.05714   30   69  300.00000  337.86332  12.6%  74.0  510s
 33951 10570     cutoff   30       300.00000  337.64851  12.5%  74.0  515s
 34206 10547  315.02799   47  121  300.00000  337.23028  12.4%  74.1  520s
 34660 10547 infeasible   28       300.00000  336.56235  12.2%  74.0  525s
 35065 10548     cutoff   42       300.00000  336.18182  12.1%  73.9  530s
 35435 10550  303.68111   36  120  300.00000  335.73752  11.9%  73.8  535s
 35771 10508  303.45077   30  103  300.00000  335.31994  11.8%  73.8  540s
 36115 10454     cutoff   40       300.00000  334.67525  11.6%  73.8  545s
 36589 10429     cutoff   19       300.00000  334.17771  11.4%  73.8  550s
 37075 10377  302.20930   31   74  300.00000  333.50498  11.2%  73.8  555s
 37524 10297  307.91345   43  109  300.00000  332.85954  11.0%  73.8  560s
 37982 10226  303.26863   28   97  300.00000  332.18856  10.7%  73.9  565s
 38501 10179     cutoff   38       300.00000  331.59153  10.5%  73.9  570s
 38960 10079  309.26000   21   92  300.00000  330.91277  10.3%  73.9  575s
 39350 10012     cutoff   31       300.00000  330.42650  10.1%  73.9  580s
 39611  9976     cutoff   30       300.00000  330.15462  10.1%  73.9  585s
 39971  9904  303.96345   26  103  300.00000  329.68429  9.89%  73.9  590s
*40314  9444              28     303.0000000  329.28852  8.68%  73.9  593s
H40319  9255                     304.0000000  329.28350  8.32%  73.9  593s
 40377  9235  305.74704   22   92  304.00000  329.18805  8.29%  73.9  595s
 40709  9093  307.48770   27  106  304.00000  328.54335  8.07%  73.9  600s
 41276  8894 infeasible   24       304.00000  327.51432  7.73%  74.0  605s
 41656  8722  307.47849   31   89  304.00000  326.82665  7.51%  74.0  610s
 41916  8592     cutoff   43       304.00000  326.34230  7.35%  74.1  615s
 42197  8432     cutoff   26       304.00000  325.76745  7.16%  74.1  620s
 42530  8257     cutoff   27       304.00000  325.10104  6.94%  74.1  625s
 42998  8030  308.53134   19   92  304.00000  324.30394  6.68%  74.1  630s
 43369  7814     cutoff   26       304.00000  323.62089  6.45%  74.1  635s
 43656  7652     cutoff   35       304.00000  323.07652  6.28%  74.2  640s
 44052  7367 infeasible   15       304.00000  322.28173  6.01%  74.2  645s
 44295  7176     cutoff   19       304.00000  321.77117  5.85%  74.2  650s
 45004  6717  305.68267   29   98  304.00000  320.55651  5.45%  74.1  655s
 45581  6277  313.99354   39  113  304.00000  319.46497  5.09%  74.1  660s
 46170  5866     cutoff   33       304.00000  318.49544  4.77%  74.0  665s
 47089  5125     cutoff   28       304.00000  316.87233  4.23%  73.6  670s
*47621  3846              36     307.0000000  315.90744  2.90%  73.4  673s
 47823  3664  308.43696   64  121  307.00000  315.55046  2.79%  73.3  675s
 48658  2917 infeasible   24       307.00000  314.06290  2.30%  72.6  680s
 49259  2350     cutoff   40       307.00000  312.91481  1.93%  72.1  685s
 50514  1140     cutoff   38       307.00000  310.50560  1.14%  70.8  690s

Cutting planes:
  MIR: 22
  Flow cover: 30
  Zero half: 12

Explored 51661 nodes (3593740 simplex iterations) in 693.39 seconds (290.27 work units)
Thread count was 1 (of 12 available processors)

Solution count 10: 307 304 303 ... 266

Optimal solution found (tolerance 1.00e-04)
Best objective 3.070000000000e+02, best bound 3.070000000000e+02, gap 0.0000%
