
Gurobi 12.0.2 (linux64, C++) logging started Thu Jun 19 08:00:19 2025

Set parameter LogFile to value "log/instances/scenario2/not_correlated_sc2/300/kpfs_10.txt.log"

Gurobi 12.0.2 (linux64, C++) logging started Thu Jun 19 08:01:42 2025

Set parameter LogFile to value "log/instances/scenario2/not_correlated_sc2/300/kpfs_10.txt.log"

Gurobi 12.0.2 (linux64, C++) logging started Thu Jun 19 08:02:53 2025

Set parameter LogFile to value "log/instances/scenario2/not_correlated_sc2/300/kpfs_10.txt.log"

Gurobi 12.0.2 (linux64, C++) logging started Thu Jun 19 08:03:57 2025

Set parameter LogFile to value "log/instances/scenario2/not_correlated_sc2/300/kpfs_10.txt.log"

Gurobi 12.0.2 (linux64, C++) logging started Thu Jun 19 12:54:46 2025

Set parameter WLSAccessID
Set parameter WLSSecret
Set parameter LicenseID to value 2679381
Set parameter LogFile to value "log/instances/scenario2/not_correlated_sc2/300/kpfs_10.txt.log"
Academic license 2679381 - for non-commercial use only - registered to be___@poli.ufrj.br
Set parameter TimeLimit to value 1800
Set parameter Threads to value 1
Gurobi Optimizer version 12.0.2 build v12.0.2rc0 (linux64 - "Ubuntu 24.04.1 LTS")

CPU model: 13th Gen Intel(R) Core(TM) i7-1355U, instruction set [SSE2|AVX|AVX2]
Thread count: 6 physical cores, 12 logical processors, using up to 1 threads

Non-default parameters:
TimeLimit  1800
Threads  1

Academic license 2679381 - for non-commercial use only - registered to be___@poli.ufrj.br
Optimize a model with 902 rows, 1200 columns and 9794 nonzeros
Model fingerprint: 0x05341034
Variable types: 0 continuous, 1200 integer (300 binary)
Coefficient statistics:
  Matrix range     [1e+00, 3e+01]
  Objective range  [1e+00, 3e+01]
  Bounds range     [1e+00, 1e+01]
  RHS range        [1e+00, 5e+02]
Found heuristic solution: objective 99.0000000
Presolve removed 0 rows and 47 columns
Presolve time: 0.15s
Presolved: 902 rows, 1153 columns, 9700 nonzeros
Variable types: 0 continuous, 1153 integer (315 binary)

Root relaxation: objective 4.831649e+02, 1254 iterations, 0.39 seconds (0.11 work units)

    Nodes    |    Current Node    |     Objective Bounds      |     Work
 Expl Unexpl |  Obj  Depth IntInf | Incumbent    BestBd   Gap | It/Node Time

     0     0  483.16487    0  177   99.00000  483.16487   388%     -    0s
H    0     0                     101.0000000  483.16487   378%     -    0s
H    0     0                     111.0000000  483.16487   335%     -    0s
H    0     0                     127.0000000  483.16487   280%     -    0s
H    0     0                     128.0000000  483.16487   277%     -    0s
H    0     0                     206.0000000  483.16487   135%     -    0s
H    0     0                     214.0000000  483.16487   126%     -    0s
H    0     0                     231.0000000  483.16487   109%     -    0s
H    0     0                     269.0000000  483.16487  79.6%     -    0s
     0     0  481.38055    0  176  269.00000  481.38055  79.0%     -    1s
H    0     0                     271.0000000  481.37796  77.6%     -    1s
H    0     0                     280.0000000  481.37796  71.9%     -    2s
     0     0  481.34308    0  176  280.00000  481.34308  71.9%     -    2s
     0     0  481.34294    0  176  280.00000  481.34294  71.9%     -    2s
     0     0  480.30279    0  179  280.00000  480.30279  71.5%     -    2s
     0     0  480.25636    0  176  280.00000  480.25636  71.5%     -    2s
     0     0  480.25024    0  179  280.00000  480.25024  71.5%     -    2s
     0     0  479.59591    0  183  280.00000  479.59591  71.3%     -    3s
     0     0  479.47619    0  181  280.00000  479.47619  71.2%     -    3s
     0     0  479.47123    0  182  280.00000  479.47123  71.2%     -    3s
     0     0  479.46787    0  184  280.00000  479.46787  71.2%     -    3s
     0     0  479.29988    0  186  280.00000  479.29988  71.2%     -    3s
     0     0  479.26754    0  187  280.00000  479.26754  71.2%     -    3s
     0     0  479.26713    0  188  280.00000  479.26713  71.2%     -    3s
     0     0  479.15489    0  185  280.00000  479.15489  71.1%     -    3s
     0     0  479.15381    0  185  280.00000  479.15381  71.1%     -    3s
     0     0  479.12669    0  186  280.00000  479.12669  71.1%     -    4s
     0     0  479.11310    0  189  280.00000  479.11310  71.1%     -    4s
     0     0  479.11310    0  189  280.00000  479.11310  71.1%     -    4s
     0     0  479.09347    0  188  280.00000  479.09347  71.1%     -    4s
     0     0  479.08726    0  186  280.00000  479.08726  71.1%     -    4s
     0     0  479.08667    0  186  280.00000  479.08667  71.1%     -    4s
     0     0  479.04415    0  190  280.00000  479.04415  71.1%     -    4s
     0     0  479.04086    0  190  280.00000  479.04086  71.1%     -    4s
     0     0  479.03167    0  193  280.00000  479.03167  71.1%     -    4s
     0     2  479.02712    0  193  280.00000  479.02712  71.1%     -    4s
     2     4  440.33352    1  158  280.00000  476.26928  70.1%   354    5s
H   52    52                     295.0000000  470.02447  59.3%   184    6s
H   78    78                     304.0000000  470.02447  54.6%   172    6s
   257   221     cutoff   50       304.00000  467.76520  53.9%   104   10s
   423   343  397.39807    8  143  304.00000  461.97703  52.0%  91.7   15s
   591   465  352.66558   31  193  304.00000  453.64532  49.2%  89.6   21s
   613   482  422.76330   18  154  304.00000  450.42488  48.2%  98.3   25s
   653   508  355.61836   38  134  304.00000  450.42488  48.2%   112   30s
   684   526  360.43409   54  144  304.00000  450.42488  48.2%   120   35s
   732   526  313.81092   78  128  304.00000  450.42488  48.2%   128   40s
   781   543  359.48935   31  119  304.00000  450.24486  48.1%   130   45s
   866   564  388.07940   31  141  304.00000  439.13065  44.5%   133   50s
   969   587  338.76932   21  129  304.00000  437.90589  44.0%   136   55s
  1009   601     cutoff   41       304.00000  437.90589  44.0%   138   60s
  1090   616  319.27680   38  134  304.00000  437.76636  44.0%   140   65s
  1223   608  419.32987   19  151  304.00000  421.94556  38.8%   138   70s
  1316   626  353.05411   21  124  304.00000  420.53716  38.3%   141   75s
  1583   740  347.61921   23  119  304.00000  410.89259  35.2%   132   80s
  1751   799  357.47782   28  146  304.00000  407.54948  34.1%   128   85s
  1944   841  359.46394   27  123  304.00000  403.86649  32.9%   124   90s
  2120   931  308.99675   34  122  304.00000  400.32858  31.7%   120   95s
  2312  1019  364.99212   15  127  304.00000  396.58237  30.5%   118  100s
  2587  1165  392.35097   14  144  304.00000  394.24654  29.7%   113  105s
  2909  1323  361.11029   25  126  304.00000  391.85031  28.9%   110  110s
  3354  1560  309.99572   48  126  304.00000  387.77549  27.6%   106  115s
  3682  1679  320.04858   31  121  304.00000  385.08498  26.7%   104  120s
  4103  1862  334.13119   21  144  304.00000  382.22474  25.7%   101  125s
  4221  1911  332.44664   25  125  304.00000  381.68112  25.6%   101  130s
  4481  2029  307.67740   41  121  304.00000  380.24513  25.1%  99.1  135s
  4764  2155  351.63130   20  130  304.00000  378.76853  24.6%  98.0  140s
  5047  2277  375.01939   22  139  304.00000  377.54986  24.2%  96.7  145s
  5331  2394  308.12878   22  100  304.00000  376.20324  23.8%  95.9  150s
  5630  2533  313.20772   24  106  304.00000  375.11110  23.4%  94.8  155s
  5950  2655  334.27730   24  109  304.00000  373.16512  22.8%  93.6  160s
  6188  2758  324.81061   34  106  304.00000  371.76252  22.3%  92.8  165s
  6479  2849  341.18799   22  113  304.00000  370.23173  21.8%  91.9  170s
  6793  2952  312.09929   22   79  304.00000  369.07050  21.4%  91.2  175s
  7080  3031  332.74396   21  107  304.00000  367.72946  21.0%  90.4  180s
  7409  3129  311.58971   20  108  304.00000  366.56760  20.6%  89.8  185s
  7801  3216  307.36439   19   96  304.00000  364.95000  20.0%  89.3  190s
  8025  3240  314.35616   27  110  304.00000  363.81527  19.7%  89.0  195s
  8313  3323  334.62405   30  126  304.00000  362.71083  19.3%  88.2  200s
  8550  3382  332.05303   17  100  304.00000  362.22832  19.2%  87.9  205s
  8898  3510  344.61286   21  117  304.00000  361.44506  18.9%  87.2  210s
  9243  3607  319.88121   24  124  304.00000  360.37073  18.5%  86.6  215s
  9609  3679  332.39238   20  102  304.00000  359.14898  18.1%  86.1  220s
  9862  3731  331.21935   15  112  304.00000  358.20743  17.8%  85.8  225s
 10202  3805  322.54276   37  116  304.00000  357.30211  17.5%  85.2  276s
 10451  3845  319.13451   36  129  304.00000  356.44105  17.3%  85.0  280s
 10775  3884  331.08871   26  116  304.00000  355.27473  16.9%  84.9  285s
 11008  3914     cutoff   49       304.00000  354.50523  16.6%  84.9  290s
 11253  3933  323.82079   29  125  304.00000  353.26284  16.2%  84.8  295s
 11519  3980  318.18669   37  126  304.00000  352.68631  16.0%  84.7  300s
 11988  3988     cutoff   41       304.00000  350.99644  15.5%  84.5  305s
 12250  3994  307.87559   21  125  304.00000  349.82041  15.1%  84.5  310s
 12438  4014  306.22174   56  115  304.00000  349.02151  14.8%  84.4  315s
 12722  4001  337.50726   23  120  304.00000  347.87226  14.4%  84.4  320s
 13090  4007  310.78694   51  122  304.00000  346.51310  14.0%  84.5  325s
 13296  4026  308.22944   26  102  304.00000  345.96871  13.8%  84.4  330s
 13578  4003  319.41459   20  106  304.00000  344.87270  13.4%  84.3  335s
 13800  4013     cutoff   47       304.00000  344.10162  13.2%  84.3  340s
H13961  4004                     305.0000000  343.80851  12.7%  84.2  342s
 14068  3984     cutoff   22       305.00000  343.16971  12.5%  84.4  345s
 14350  3990     cutoff   20       305.00000  342.24850  12.2%  84.4  350s
 14680  3947  313.87031   36  132  305.00000  340.83472  11.7%  84.5  355s
 15100  3924  307.07648   22  114  305.00000  339.43990  11.3%  84.4  360s
 15281  3886     cutoff   41       305.00000  338.55032  11.0%  84.5  365s
 15487  3863     cutoff   28       305.00000  338.07568  10.8%  84.4  370s
 15673  3831  311.54518   35   99  305.00000  337.20831  10.6%  84.5  375s
 15898  3795     cutoff   26       305.00000  336.52534  10.3%  84.6  380s
*15978  3756              26     306.0000000  336.15255  9.85%  84.6  381s
 16189  3710     cutoff   30       306.00000  335.37774  9.60%  84.7  385s
 16565  3588     cutoff   23       306.00000  333.81140  9.09%  84.9  390s
 16792  3536     cutoff   41       306.00000  332.97179  8.81%  84.9  395s
 16974  3480  310.84201   41  128  306.00000  332.21971  8.57%  85.0  400s
 17198  3374     cutoff   16       306.00000  331.20183  8.24%  85.1  405s
 17449  3259     cutoff   26       306.00000  330.11390  7.88%  85.1  410s
 17731  3128     cutoff   29       306.00000  328.97871  7.51%  85.2  415s
 18015  2990     cutoff   26       306.00000  327.86287  7.14%  85.2  420s
 18288  2829     cutoff   28       306.00000  326.70622  6.77%  85.2  425s
 18569  2661     cutoff   33       306.00000  325.42958  6.35%  85.2  430s
 19020  2346     cutoff   52       306.00000  323.40662  5.69%  85.1  435s
 19701  1842     cutoff   31       306.00000  320.55869  4.76%  84.5  440s
 20448  1243     cutoff   28       306.00000  317.48443  3.75%  83.4  445s
 21019   730 infeasible   38       306.00000  314.60291  2.81%  82.3  450s

Cutting planes:
  MIR: 1
  Flow cover: 42

Explored 21806 nodes (1753887 simplex iterations) in 454.99 seconds (163.73 work units)
Thread count was 1 (of 12 available processors)

Solution count 10: 306 305 304 ... 206

Optimal solution found (tolerance 1.00e-04)
Best objective 3.060000000000e+02, best bound 3.060000000000e+02, gap 0.0000%
