
Gurobi 12.0.2 (linux64, C++) logging started Thu Jun 19 08:00:20 2025

Set parameter LogFile to value "log/instances/scenario2/not_correlated_sc2/300/kpfs_9.txt.log"

Gurobi 12.0.2 (linux64, C++) logging started Thu Jun 19 08:01:43 2025

Set parameter LogFile to value "log/instances/scenario2/not_correlated_sc2/300/kpfs_9.txt.log"

Gurobi 12.0.2 (linux64, C++) logging started Thu Jun 19 08:02:53 2025

Set parameter LogFile to value "log/instances/scenario2/not_correlated_sc2/300/kpfs_9.txt.log"

Gurobi 12.0.2 (linux64, C++) logging started Thu Jun 19 08:03:58 2025

Set parameter LogFile to value "log/instances/scenario2/not_correlated_sc2/300/kpfs_9.txt.log"

Gurobi 12.0.2 (linux64, C++) logging started Thu Jun 19 14:28:47 2025

Set parameter WLSAccessID
Set parameter WLSSecret
Set parameter LicenseID to value 2679381
Set parameter LogFile to value "log/instances/scenario2/not_correlated_sc2/300/kpfs_9.txt.log"
Academic license 2679381 - for non-commercial use only - registered to be___@poli.ufrj.br
Set parameter TimeLimit to value 1800
Set parameter Threads to value 1
Gurobi Optimizer version 12.0.2 build v12.0.2rc0 (linux64 - "Ubuntu 24.04.1 LTS")

CPU model: 13th Gen Intel(R) Core(TM) i7-1355U, instruction set [SSE2|AVX|AVX2]
Thread count: 6 physical cores, 12 logical processors, using up to 1 threads

Non-default parameters:
TimeLimit  1800
Threads  1

Academic license 2679381 - for non-commercial use only - registered to be___@poli.ufrj.br
Optimize a model with 902 rows, 1200 columns and 9644 nonzeros
Model fingerprint: 0x1c2f42de
Variable types: 0 continuous, 1200 integer (300 binary)
Coefficient statistics:
  Matrix range     [1e+00, 3e+01]
  Objective range  [1e+00, 3e+01]
  Bounds range     [1e+00, 1e+01]
  RHS range        [1e+00, 5e+02]
Found heuristic solution: objective 153.0000000
Presolve removed 0 rows and 28 columns
Presolve time: 0.12s
Presolved: 902 rows, 1172 columns, 9588 nonzeros
Variable types: 0 continuous, 1172 integer (335 binary)

Root relaxation: objective 4.763976e+02, 1399 iterations, 0.39 seconds (0.14 work units)

    Nodes    |    Current Node    |     Objective Bounds      |     Work
 Expl Unexpl |  Obj  Depth IntInf | Incumbent    BestBd   Gap | It/Node Time

     0     0  476.39764    0  171  153.00000  476.39764   211%     -    0s
H    0     0                     156.0000000  476.39764   205%     -    0s
H    0     0                     176.0000000  476.39764   171%     -    0s
H    0     0                     194.0000000  476.39764   146%     -    0s
H    0     0                     195.0000000  476.39764   144%     -    0s
H    0     0                     211.0000000  476.39764   126%     -    0s
H    0     0                     218.0000000  476.39764   119%     -    0s
H    0     0                     260.0000000  476.39764  83.2%     -    0s
     0     0  474.52510    0  180  260.00000  474.52510  82.5%     -    1s
     0     0  473.65804    0  178  260.00000  473.65804  82.2%     -    2s
     0     0  473.60491    0  183  260.00000  473.60491  82.2%     -    3s
     0     0  472.92511    0  185  260.00000  472.92511  81.9%     -    3s
     0     0  472.64226    0  183  260.00000  472.64226  81.8%     -    3s
     0     0  472.62048    0  183  260.00000  472.62048  81.8%     -    3s
     0     0  472.26218    0  189  260.00000  472.26218  81.6%     -    4s
     0     0  472.11936    0  187  260.00000  472.11936  81.6%     -    4s
     0     0  472.11565    0  188  260.00000  472.11565  81.6%     -    4s
     0     0  471.92882    0  187  260.00000  471.92882  81.5%     -    4s
     0     0  471.88634    0  189  260.00000  471.88634  81.5%     -    4s
     0     0  471.87829    0  184  260.00000  471.87829  81.5%     -    4s
     0     0  471.87599    0  186  260.00000  471.87599  81.5%     -    4s
     0     0  471.77230    0  192  260.00000  471.77230  81.5%     -    4s
     0     0  471.71662    0  191  260.00000  471.71662  81.4%     -    4s
     0     0  471.67284    0  183  260.00000  471.67284  81.4%     -    4s
     0     0  471.65235    0  186  260.00000  471.65235  81.4%     -    4s
     0     0  471.65168    0  187  260.00000  471.65168  81.4%     -    4s
     0     0  471.61095    0  188  260.00000  471.61095  81.4%     -    5s
     0     0  471.60678    0  189  260.00000  471.60678  81.4%     -    5s
     0     0  471.59884    0  189  260.00000  471.59884  81.4%     -    5s
     0     0  471.59219    0  189  260.00000  471.59219  81.4%     -    5s
     0     2  471.59168    0  189  260.00000  471.59168  81.4%     -    6s
    26    28  438.55500   21  174  260.00000  467.98137  80.0%   195   13s
    41    43  421.89161   34  155  260.00000  467.98137  80.0%   179   15s
   293   270  347.79463   14  102  260.00000  456.93916  75.7%   129   20s
   511   460  302.94816   58  125  260.00000  454.78460  74.9%   127   25s
   562   501  454.78460   21  172  260.00000  454.78460  74.9%   128   31s
   587   518  358.98142   33  143  260.00000  434.15301  67.0%   139   35s
   613   535  360.75635   46  132  260.00000  434.15301  67.0%   147   40s
   649   559  317.42802   64  123  260.00000  434.15301  67.0%   155   45s
   684   582  339.58962   82  129  260.00000  434.15301  67.0%   163   50s
   722   604  303.22335  101  128  260.00000  434.15301  67.0%   171   55s
   782   597  373.04310   21  143  260.00000  434.03228  66.9%   173   60s
   805   612  383.86148   33  150  260.00000  434.03228  66.9%   178   66s
   836   633  311.44766   48  125  260.00000  434.03228  66.9%   184   70s
   890   669  286.93780   75   98  260.00000  434.03228  66.9%   190   75s
H  969   648                     263.0000000  431.60633  64.1%   190   80s
  1084   680  267.05858   87   99  263.00000  431.60633  64.1%   190   85s
  1209   714  345.41024   40  124  263.00000  427.85977  62.7%   192   90s
  1281   760  290.71524   76   97  263.00000  427.85977  62.7%   198   95s
  1362   763  264.66364   25  106  263.00000  427.69265  62.6%   196  100s
  1467   798  304.76788   48  107  263.00000  423.58854  61.1%   199  105s
  1548   797  405.99984   22  149  263.00000  423.39296  61.0%   196  110s
  1622   847  301.00595   59  126  263.00000  423.39296  61.0%   203  115s
  1843   904  378.76836   29  132  263.00000  420.61667  59.9%   194  120s
  2120  1100  351.08457   34  134  263.00000  415.15847  57.9%   182  125s
  2331  1272  276.63189   33  106  263.00000  411.47861  56.5%   175  130s
  2457  1350  344.19254   38  127  263.00000  406.83916  54.7%   171  135s
  2728  1539  381.13431   36  138  263.00000  404.33899  53.7%   162  140s
  3021  1769  346.96515   37  132  263.00000  402.34868  53.0%   154  145s
  3270  1921  326.99112   58  126  263.00000  398.63246  51.6%   150  150s
  3640  2195  340.42263   31  131  263.00000  396.24325  50.7%   143  155s
  4083  2474  334.17782   49  136  263.00000  392.70743  49.3%   138  160s
  4582  2783  358.74068   42  136  263.00000  389.51242  48.1%   133  165s
  4909  3033  279.05811   92  118  263.00000  387.85313  47.5%   130  170s
  5177  3228  277.45537   40   81  263.00000  386.99970  47.1%   128  175s
  5526  3429  345.75749   39  125  263.00000  385.65321  46.6%   125  180s
  5809  3599  319.87371   41  124  263.00000  384.32533  46.1%   124  185s
H 5907  3626                     266.0000000  383.85817  44.3%   123  187s
H 5907  3358                     273.0000000  383.85817  40.6%   123  187s
  5907  3360  307.71443   32  106  273.00000  383.85817  40.6%   123  190s
  6093  3473  346.86574   28  115  273.00000  382.83468  40.2%   122  195s
  6419  3666  301.56047   40  115  273.00000  382.08043  40.0%   120  200s
  6610  3775  291.35462   71  116  273.00000  381.31644  39.7%   119  205s
  6831  3893     cutoff   58       273.00000  380.45392  39.4%   119  210s
  7124  4061  286.72951   46  119  273.00000  378.98124  38.8%   117  215s
  7436  4223  292.66250   36   99  273.00000  378.25475  38.6%   116  220s
  7788  4439  315.94938   36  104  273.00000  377.16187  38.2%   114  225s
  8000  4546  318.03252   43  112  273.00000  376.30860  37.8%   114  230s
  8238  4690  325.08925   43  123  273.00000  375.38804  37.5%   113  235s
  8720  4937  293.14341   44  113  273.00000  373.67645  36.9%   111  240s
  9357  5301  323.04025   24  110  273.00000  372.50934  36.5%   109  245s
  9874  5566  320.83540   33  121  273.00000  371.28497  36.0%   108  250s
 10202  5768  311.08576   40  113  273.00000  370.44200  35.7%   107  310s
 10496  5933  291.85343   43  123  273.00000  370.00901  35.5%   106  315s
 10861  6145  324.36584   27  115  273.00000  369.01617  35.2%   105  320s
 11198  6343  280.59469   53  105  273.00000  368.16015  34.9%   104  325s
 11600  6524  275.22356   54   89  273.00000  367.63884  34.7%   104  330s
 12122  6771  353.36377   37  144  273.00000  366.06122  34.1%   103  335s
 12357  6928  293.02801   58  118  273.00000  365.69280  34.0%   102  340s
 12740  7143  320.82983   40  122  273.00000  365.12544  33.7%   102  345s
 13213  7420  275.09265   43  100  273.00000  364.01980  33.3%   101  350s
 13862  7746  316.71900   43  125  273.00000  362.71415  32.9%   100  355s
 14249  7918  316.37302   38  113  273.00000  361.94879  32.6%  99.3  360s
 14624  8131  304.75032   40  103  273.00000  361.41446  32.4%  98.6  365s
 14966  8281  279.98421   34   88  273.00000  360.82417  32.2%  98.4  370s
 15151  8355  286.06235   44  101  273.00000  360.54456  32.1%  98.3  375s
 15492  8498  315.47180   43  130  273.00000  359.80753  31.8%  97.9  380s
 15831  8681     cutoff   56       273.00000  359.44731  31.7%  97.9  385s
 16278  8908  308.78809   50  115  273.00000  358.82930  31.4%  97.3  390s
 16782  9156  312.84305   50  108  273.00000  357.80987  31.1%  96.8  395s
 17121  9318  324.44538   40  117  273.00000  357.62136  31.0%  96.7  400s
 17381  9454  297.98162   42  113  273.00000  356.98394  30.8%  96.5  406s
 17640  9594  323.35002   58  121  273.00000  356.69980  30.7%  96.2  410s
 17703  9627  353.03126   35  119  273.00000  356.68450  30.7%  96.1  415s
 18158  9852  287.74616   41  102  273.00000  356.11276  30.4%  95.7  420s
 18630 10079     cutoff   56       273.00000  355.25796  30.1%  95.2  425s
 19137 10318  284.07369   50  107  273.00000  354.65976  29.9%  94.7  430s
 19738 10561  313.42870   28  110  273.00000  353.77615  29.6%  94.2  435s
 20056 10720  283.75244   42  107  273.00000  353.39094  29.4%  94.0  440s
 20384 10851  324.12688   29  124  273.00000  352.93773  29.3%  93.7  445s
 20795 11052  287.18767   55   85  273.00000  352.56851  29.1%  93.4  450s
 21128 11221  328.06084   37  128  273.00000  352.27504  29.0%  93.2  455s
 21468 11363  296.09675   46  101  273.00000  351.74086  28.8%  93.0  460s
 21841 11515  319.01695   36  124  273.00000  351.12937  28.6%  92.9  465s
 22275 11720  296.79637   42  117  273.00000  350.62207  28.4%  92.5  470s
 22545 11872  288.95756   38  118  273.00000  350.44784  28.4%  92.3  475s
 22922 12032  282.76900   72  119  273.00000  350.07134  28.2%  92.1  480s
 23341 12230  282.73212   45  111  273.00000  349.48255  28.0%  91.8  485s
 23830 12440  309.23785   39  120  273.00000  349.13556  27.9%  91.7  490s
 24323 12656  277.91299   61  114  273.00000  348.39156  27.6%  91.3  495s
 24996 12914  312.08075   37  110  273.00000  347.41556  27.3%  90.8  500s
 25438 13103     cutoff   49       273.00000  347.02734  27.1%  90.5  505s
 25659 13192     cutoff   36       273.00000  346.87427  27.1%  90.5  510s
 26062 13355     cutoff   46       273.00000  346.44338  26.9%  90.2  515s
 26504 13551  291.23908   41   96  273.00000  345.93518  26.7%  90.1  520s
 27129 13830  293.67669   38  120  273.00000  345.29993  26.5%  89.9  525s
 27617 14037  287.67644   61   98  273.00000  344.65783  26.2%  89.6  530s
 28022 14200  294.72713   42  112  273.00000  344.35842  26.1%  89.4  535s
 28352 14332  288.83281   57  105  273.00000  343.84142  25.9%  89.3  540s
 28571 14413  305.45718   27  105  273.00000  343.62896  25.9%  89.2  545s
 28840 14510  274.85725   42  107  273.00000  343.44895  25.8%  89.1  550s
 29220 14673     cutoff   39       273.00000  343.11846  25.7%  88.9  555s
 29557 14760     cutoff   34       273.00000  342.86961  25.6%  88.8  560s
 29900 14894  288.73512   46   94  273.00000  342.51563  25.5%  88.5  565s
 30189 15029     cutoff   50       273.00000  342.33886  25.4%  88.5  570s
 30481 15126     cutoff   42       273.00000  342.10501  25.3%  88.6  575s
 30862 15262  335.21150   36  117  273.00000  341.82726  25.2%  88.4  580s
 31458 15507  283.90433   47  119  273.00000  341.35759  25.0%  88.2  585s
 31991 15712  301.45216   29  103  273.00000  340.83220  24.8%  87.9  590s
 32348 15797  307.77032   46  127  273.00000  340.41624  24.7%  87.8  595s
 32448 15843  286.07463   42   96  273.00000  340.29155  24.6%  87.8  602s
 32574 15919  283.77581   50  114  273.00000  340.22354  24.6%  87.8  605s
 32818 16016  308.18938   46  117  273.00000  340.03795  24.6%  87.7  610s
 33170 16176  282.19888   36   80  273.00000  339.81448  24.5%  87.6  615s
 33662 16374  278.53448   49  108  273.00000  339.54663  24.4%  87.4  620s
 34143 16525     cutoff   53       273.00000  339.17586  24.2%  87.4  625s
 34706 16718     cutoff   41       273.00000  338.76605  24.1%  87.2  630s
 35241 16873     cutoff   65       273.00000  338.27843  23.9%  87.0  635s
 35707 17004  279.58542   38  105  273.00000  337.86160  23.8%  87.1  640s
 36380 17211  280.69716   34   88  273.00000  337.21742  23.5%  86.8  645s
 36673 17295  320.75288   38  118  273.00000  336.99006  23.4%  86.7  650s
 37045 17443  287.10786   41  114  273.00000  336.77859  23.4%  86.6  655s
 37402 17561  295.19771   45   96  273.00000  336.41892  23.2%  86.5  660s
 37760 17644     cutoff   39       273.00000  336.20922  23.2%  86.4  665s
 38141 17753  304.97226   22   94  273.00000  335.81314  23.0%  86.2  670s
 38550 17870  301.28478   28  114  273.00000  335.46404  22.9%  86.0  675s
 38904 17999  298.43338   35  114  273.00000  335.08999  22.7%  85.9  680s
 39472 18149  299.28099   29   90  273.00000  334.65161  22.6%  85.8  685s
*39726 17728              33     277.0000000  334.38588  20.7%  85.7  687s
H39731 16504                     281.0000000  334.38588  19.0%  85.7  687s
 39785 16526  303.60450   58  120  281.00000  334.36184  19.0%  85.7  691s
 39921 16546  297.42835   43  104  281.00000  334.18210  18.9%  85.7  695s
 40210 16630  286.52434   52  106  281.00000  333.96611  18.8%  85.7  700s
 40565 16725  284.83972   48   94  281.00000  333.62640  18.7%  85.5  705s
 40851 16753  304.10502   60  121  281.00000  333.25624  18.6%  85.5  710s
 41091 16805     cutoff   51       281.00000  333.09882  18.5%  85.5  715s
 41454 16888  300.76838   43  110  281.00000  332.78858  18.4%  85.4  720s
 41813 16969  317.21303   33  112  281.00000  332.53714  18.3%  85.3  726s
 42087 17010  298.81293   28  105  281.00000  332.24641  18.2%  85.2  730s
 42445 17098  321.08255   49  118  281.00000  331.97317  18.1%  85.1  735s
 42763 17145     cutoff   36       281.00000  331.66596  18.0%  85.1  740s
 43111 17197  329.73270   46  112  281.00000  331.22403  17.9%  85.1  745s
 43314 17236  299.89687   34   91  281.00000  331.02776  17.8%  85.1  750s
 43676 17292  299.41747   38  122  281.00000  330.77634  17.7%  85.0  755s
 44291 17399  282.94467   33   93  281.00000  330.30482  17.5%  85.0  760s
 44726 17464  302.41651   41  106  281.00000  329.97837  17.4%  84.9  765s
 45153 17563  294.16837   58  118  281.00000  329.68078  17.3%  84.8  770s
 45610 17630  292.27440   49  115  281.00000  329.28113  17.2%  84.8  775s
 46067 17706  301.10696   34   94  281.00000  328.94735  17.1%  84.7  780s
 46357 17764  286.29433   38  106  281.00000  328.73209  17.0%  84.7  785s
 46777 17851  310.20118   39  107  281.00000  328.35493  16.9%  84.7  790s
 47263 17904     cutoff   63       281.00000  327.91081  16.7%  84.6  795s
 47964 17960  285.21851   47   93  281.00000  327.25506  16.5%  84.6  800s
 48696 18008     cutoff   43       281.00000  326.45282  16.2%  84.6  805s
 49396 18091  285.20544   64  102  281.00000  325.93434  16.0%  84.5  810s
 49832 18171  285.05324   31   92  281.00000  325.61529  15.9%  84.4  816s
 50152 18203 infeasible   55       281.00000  325.33487  15.8%  84.4  820s
 50550 18222     cutoff   48       281.00000  324.97939  15.7%  84.5  825s
 50977 18225  289.62281   30   79  281.00000  324.46664  15.5%  84.5  830s
 51125 18262  302.86210   44  103  281.00000  324.33600  15.4%  84.4  836s
 51460 18285  295.29764   39  108  281.00000  324.06472  15.3%  84.4  840s
 51883 18287  318.90165   37  125  281.00000  323.68874  15.2%  84.4  845s
 52135 18324  286.48660   58  126  281.00000  323.50638  15.1%  84.4  850s
 52498 18308  321.61416   24   98  281.00000  323.18343  15.0%  84.4  855s
 52892 18385  297.46119   60  108  281.00000  322.90288  14.9%  84.4  860s
 53369 18442  283.50055   35   96  281.00000  322.52960  14.8%  84.3  865s
 53799 18446  293.01039   49  104  281.00000  322.12213  14.6%  84.3  870s
 54562 18513  300.79893   46  120  281.00000  321.49832  14.4%  84.2  875s
 55306 18585     cutoff   44       281.00000  320.98244  14.2%  84.1  880s
 55610 18617     cutoff   46       281.00000  320.75944  14.1%  84.1  885s
 56032 18599     cutoff   47       281.00000  320.39111  14.0%  84.2  890s
 56440 18591     cutoff   42       281.00000  320.06837  13.9%  84.2  895s
 56874 18611  282.80648   52   96  281.00000  319.69538  13.8%  84.1  900s
 57244 18608     cutoff   27       281.00000  319.37564  13.7%  84.2  905s
 57646 18591  294.45689   37  110  281.00000  319.10367  13.6%  84.2  910s
 58067 18545     cutoff   41       281.00000  318.72194  13.4%  84.2  915s
 58376 18574  297.14706   30   73  281.00000  318.53298  13.4%  84.2  920s
 58820 18564     cutoff   38       281.00000  318.13080  13.2%  84.2  925s
 59318 18580  292.77934   37  111  281.00000  317.76738  13.1%  84.1  930s
 60004 18538     cutoff   39       281.00000  317.17867  12.9%  84.1  935s
 60719 18463     cutoff   36       281.00000  316.59671  12.7%  84.1  940s
 61181 18441  282.38599   30   91  281.00000  316.22635  12.5%  84.1  945s
 61593 18395     cutoff   40       281.00000  315.86971  12.4%  84.1  950s
 61881 18338  292.32204   51  112  281.00000  315.55718  12.3%  84.2  955s
 62341 18288  288.00029   52   93  281.00000  315.18751  12.2%  84.2  960s
 62802 18250     cutoff   54       281.00000  314.78504  12.0%  84.2  965s
 63027 18223  305.65982   38  110  281.00000  314.57097  11.9%  84.2  970s
 63359 18169  298.92749   43   92  281.00000  314.21861  11.8%  84.3  975s
 63784 18105  289.11505   29   94  281.00000  313.86841  11.7%  84.3  980s
 64167 18116     cutoff   46       281.00000  313.60896  11.6%  84.3  986s
 64542 18110  290.85063   34  115  281.00000  313.35007  11.5%  84.3  990s
 65141 17990     cutoff   36       281.00000  312.76721  11.3%  84.4  995s
 65886 17864  286.91924   32  105  281.00000  312.07304  11.1%  84.4 1000s
 66333 17784     cutoff   28       281.00000  311.69182  10.9%  84.5 1005s
 66784 17703     cutoff   39       281.00000  311.34328  10.8%  84.5 1010s
 67171 17644     cutoff   40       281.00000  311.02999  10.7%  84.5 1015s
 67442 17607  287.94538   32  108  281.00000  310.81962  10.6%  84.5 1020s
 67866 17531     cutoff   56       281.00000  310.38700  10.5%  84.5 1025s
 68184 17449     cutoff   33       281.00000  310.07407  10.3%  84.6 1030s
 68572 17387  286.21994   38  105  281.00000  309.81188  10.3%  84.6 1035s
 69032 17271     cutoff   46       281.00000  309.40487  10.1%  84.6 1040s
 69368 17215  285.33333   38   48  281.00000  309.14670  10.0%  84.6 1045s
 69763 17105     cutoff   50       281.00000  308.81792  9.90%  84.6 1050s
 70018 17016     cutoff   40       281.00000  308.55399  9.81%  84.7 1055s
 70625 16873     cutoff   48       281.00000  307.98687  9.60%  84.8 1060s
 71253 16645  300.85830   50  114  281.00000  307.38577  9.39%  84.9 1065s
 71768 16499  291.58080   69  111  281.00000  306.92105  9.22%  84.9 1073s
 71920 16464     cutoff   33       281.00000  306.79830  9.18%  84.9 1075s
 72340 16283     cutoff   24       281.00000  306.36466  9.03%  85.0 1080s
 72733 16099 infeasible   61       281.00000  305.94975  8.88%  85.0 1085s
 72987 16029     cutoff   37       281.00000  305.75834  8.81%  85.0 1090s
 73354 15883     cutoff   45       281.00000  305.39415  8.68%  85.1 1095s
 73709 15705  286.98574   73  111  281.00000  305.02052  8.55%  85.2 1100s
 74102 15564     cutoff   42       281.00000  304.71048  8.44%  85.2 1105s
 74461 15420     cutoff   55       281.00000  304.35903  8.31%  85.2 1110s
 74799 15257     cutoff   52       281.00000  303.99438  8.18%  85.3 1115s
 75076 15108  303.01755   58  104  281.00000  303.69586  8.08%  85.3 1121s
 75281 15007     cutoff   39       281.00000  303.51746  8.01%  85.3 1125s
 75593 14848 infeasible   31       281.00000  303.20985  7.90%  85.3 1130s
 75899 14706     cutoff   37       281.00000  302.90027  7.79%  85.4 1135s
 76200 14538  299.92872   42  106  281.00000  302.59523  7.69%  85.4 1140s
 76526 14371     cutoff   39       281.00000  302.32611  7.59%  85.4 1145s
 76804 14209     cutoff   44       281.00000  302.03214  7.48%  85.5 1150s
 77188 13989  284.16901   45   84  281.00000  301.60852  7.33%  85.5 1155s
 77640 13734     cutoff   40       281.00000  301.16752  7.18%  85.5 1160s
 78130 13419     cutoff   60       281.00000  300.65115  6.99%  85.5 1165s
 78449 13220  290.40400   45   82  281.00000  300.33777  6.88%  85.5 1170s
 78703 13051     cutoff   65       281.00000  300.09957  6.80%  85.5 1175s
 78988 12872     cutoff   63       281.00000  299.80689  6.69%  85.5 1180s
 79286 12724  284.45787   47  100  281.00000  299.58712  6.61%  85.5 1185s
 79517 12600  286.01259   42   97  281.00000  299.41709  6.55%  85.4 1190s
 79808 12416  285.39841   34   77  281.00000  299.14394  6.46%  85.4 1195s
 80151 12163     cutoff   33       281.00000  298.78875  6.33%  85.4 1200s
 80546 11911     cutoff   50       281.00000  298.48360  6.22%  85.4 1205s
 80928 11631     cutoff   59       281.00000  298.10079  6.09%  85.3 1210s
 81407 11312     cutoff   42       281.00000  297.65995  5.93%  85.3 1215s
 81904 10956 infeasible   41       281.00000  297.17949  5.76%  85.2 1220s
 82138 10784 infeasible   43       281.00000  296.95489  5.68%  85.2 1225s
 82712 10403 infeasible   26       281.00000  296.43960  5.49%  85.0 1230s
 83503  9780     cutoff   49       281.00000  295.68182  5.22%  84.9 1235s
 84273  9172  287.80557   43   85  281.00000  294.95132  4.96%  84.7 1240s
 85128  8465     cutoff   43       281.00000  294.12599  4.67%  84.4 1245s
 85809  7897  282.43529   47   81  281.00000  293.47766  4.44%  84.2 1250s
 86533  7294     cutoff   37       281.00000  292.78169  4.19%  83.9 1255s
 86993  6875  283.60227   28   95  281.00000  292.33383  4.03%  83.7 1260s
 87833  6115     cutoff   49       281.00000  291.43396  3.71%  83.4 1265s
 88636  5468     cutoff   34       281.00000  290.65167  3.43%  83.0 1270s
 89634  4604     cutoff   40       281.00000  289.69373  3.09%  82.5 1275s
 90693  3641     cutoff   66       281.00000  288.54302  2.68%  81.9 1280s
 91910  2514     cutoff   49       281.00000  286.90757  2.10%  81.2 1285s
 93210  1332     cutoff   51       281.00000  284.85170  1.37%  80.4 1291s
 94374   200     cutoff   38       281.00000  282.50444  0.54%  79.6 1295s

Cutting planes:
  MIR: 1
  Flow cover: 24

Explored 94577 nodes (7512467 simplex iterations) in 1295.47 seconds (439.14 work units)
Thread count was 1 (of 12 available processors)

Solution count 10: 281 277 273 ... 194

Optimal solution found (tolerance 1.00e-04)
Best objective 2.810000000000e+02, best bound 2.810000000000e+02, gap 0.0000%
