
Gurobi 12.0.2 (linux64, C++) logging started Thu Jun 19 08:00:18 2025

Set parameter LogFile to value "log/instances/scenario1/not_correlated_sc1/1000/kpfs_5.txt.log"

Gurobi 12.0.2 (linux64, C++) logging started Thu Jun 19 08:01:41 2025

Set parameter LogFile to value "log/instances/scenario1/not_correlated_sc1/1000/kpfs_5.txt.log"

Gurobi 12.0.2 (linux64, C++) logging started Thu Jun 19 08:02:52 2025

Set parameter LogFile to value "log/instances/scenario1/not_correlated_sc1/1000/kpfs_5.txt.log"

Gurobi 12.0.2 (linux64, C++) logging started Thu Jun 19 08:03:56 2025

Set parameter LogFile to value "log/instances/scenario1/not_correlated_sc1/1000/kpfs_5.txt.log"

Gurobi 12.0.2 (linux64, C++) logging started Thu Jun 19 10:07:18 2025

Set parameter WLSAccessID
Set parameter WLSSecret
Set parameter LicenseID to value 2679381
Set parameter LogFile to value "log/instances/scenario1/not_correlated_sc1/1000/kpfs_5.txt.log"
Academic license 2679381 - for non-commercial use only - registered to be___@poli.ufrj.br
Set parameter TimeLimit to value 1800
Set parameter Threads to value 1
Gurobi Optimizer version 12.0.2 build v12.0.2rc0 (linux64 - "Ubuntu 24.04.1 LTS")

CPU model: 13th Gen Intel(R) Core(TM) i7-1355U, instruction set [SSE2|AVX|AVX2]
Thread count: 6 physical cores, 12 logical processors, using up to 1 threads

Non-default parameters:
TimeLimit  1800
Threads  1

Academic license 2679381 - for non-commercial use only - registered to be___@poli.ufrj.br
Optimize a model with 5002 rows, 6000 columns and 65533 nonzeros
Model fingerprint: 0xcb0f64a3
Variable types: 0 continuous, 6000 integer (1000 binary)
Coefficient statistics:
  Matrix range     [1e+00, 3e+01]
  Objective range  [1e+00, 3e+01]
  Bounds range     [1e+00, 2e+01]
  RHS range        [1e+00, 2e+03]
Found heuristic solution: objective 192.0000000
Presolve removed 0 rows and 136 columns
Presolve time: 0.57s
Presolved: 5002 rows, 5864 columns, 65261 nonzeros
Variable types: 0 continuous, 5864 integer (1119 binary)

Root simplex log...

Iteration    Objective       Primal Inf.    Dual Inf.      Time
    2926    1.5896028e+03   1.592095e+03   0.000000e+00      5s
    5013    1.2896986e+03   2.876578e+03   0.000000e+00     10s
    6973    1.1886778e+03   4.607649e+02   0.000000e+00     15s
    8643    1.1516923e+03   1.567978e+02   0.000000e+00     20s
    9931    1.1427585e+03   0.000000e+00   0.000000e+00     24s

Root relaxation: objective 1.142759e+03, 9931 iterations, 23.04 seconds (7.37 work units)

    Nodes    |    Current Node    |     Objective Bounds      |     Work
 Expl Unexpl |  Obj  Depth IntInf | Incumbent    BestBd   Gap | It/Node Time

     0     0 1142.75852    0  561  192.00000 1142.75852   495%     -   23s
H    0     0                     195.0000000 1142.75852   486%     -   23s
H    0     0                     203.0000000 1142.75852   463%     -   25s
H    0     0                     270.0000000 1142.75852   323%     -   25s
H    0     0                     277.0000000 1142.75852   313%     -   25s
H    0     0                     278.0000000 1142.75852   311%     -   25s
H    0     0                     298.0000000 1142.75852   283%     -   27s
H    0     0                     316.0000000 1142.75852   262%     -   27s
H    0     0                     329.0000000 1142.75852   247%     -   27s
H    0     0                     331.0000000 1142.75852   245%     -   32s
H    0     0                     334.0000000 1142.75852   242%     -   41s
H    0     0                     370.0000000 1142.75852   209%     -   41s
H    0     0                     388.0000000 1142.75852   195%     -   41s
     0     0 1141.67493    0  554  388.00000 1141.67493   194%     -   49s
     0     0 1141.65334    0  554  388.00000 1141.65334   194%     -   95s
     0     0 1141.63264    0  561  388.00000 1141.63264   194%     -   95s
     0     0 1141.27124    0  551  388.00000 1141.27124   194%     -  112s
     0     0 1141.23970    0  560  388.00000 1141.23970   194%     -  112s
     0     0 1141.23522    0  559  388.00000 1141.23522   194%     -  113s
     0     0 1141.23417    0  559  388.00000 1141.23417   194%     -  148s
     0     2 1141.23417    0  559  388.00000 1141.23417   194%     -  154s
     1     3 1054.94009    1  496  388.00000 1141.23417   194%  3265  160s
     3     5 1065.70104    2  525  388.00000 1136.85340   193%  2378  167s
     5     7 1129.41778    3  552  388.00000 1132.97314   192%  1728  170s
     6     8 1002.74026    3  483  388.00000 1129.41241   191%  2008  177s
     8    10 1035.66981    4  507  388.00000 1124.75003   190%  1986  184s
     9    11 1122.17442    5  556  388.00000 1124.70182   190%  1840  186s
    10    12  978.41453    5  504  388.00000 1122.16535   189%  2308  194s
    11    13 1120.06776    6  566  388.00000 1122.11657   189%  2181  196s
    15    17 1112.44215   10  553  388.00000 1122.11657   189%  1725  200s
    17    19  981.95654   11  468  388.00000 1122.11657   189%  1882  208s
    19    21 1105.98372   13  553  388.00000 1122.11657   189%  1733  211s
    20    22 1003.77420   13  510  388.00000 1122.11657   189%  1806  220s
    25    27 1098.58453   18  541  388.00000 1122.11657   189%  1531  225s
    30    32 1092.90995   23  535  388.00000 1122.11657   189%  1338  230s
    36    38 1087.24394   29  539  388.00000 1122.11657   189%  1173  235s
    41    43 1082.81323   34  535  388.00000 1122.11657   189%  1072  240s
    46    48 1076.50802   39  518  388.00000 1122.11657   189%   995  245s
    50    52 1069.67971   43  515  388.00000 1122.11657   189%   948  250s
    51    53  966.29474   43  479  388.00000 1122.11657   189%   991  259s
    52    54 1068.20535   44  525  388.00000 1122.11657   189%   985  260s
    54    56  963.43936   45  467  388.00000 1122.11657   189%  1060  270s
    56    58  949.30366   46  452  388.00000 1122.11657   189%  1087  279s
    57    59 1060.21232   47  527  388.00000 1122.11657   189%  1076  280s
    63    65 1053.73441   53  526  388.00000 1122.11657   189%  1010  286s
    67    69 1048.26974   57  527  388.00000 1122.11657   189%   973  290s
    68    70  936.25658   57  459  388.00000 1122.11657   189%  1003  297s
    71    73 1041.41203   60  529  388.00000 1122.11657   189%   985  301s
    73    75  903.34698   61  447  388.00000 1122.11657   189%  1044  312s
    76    78 1032.22251   64  521  388.00000 1122.11657   189%  1022  316s
    80    82 1028.40398   68  525  388.00000 1122.11657   189%   988  320s
    84    86 1023.76234   72  516  388.00000 1122.11657   189%   958  325s
    86    88  891.10068   73  461  388.00000 1122.11657   189%   979  333s
    88    90 1019.24064   75  505  388.00000 1122.11657   189%   966  335s
    94    96 1013.61597   81  518  388.00000 1122.11657   189%   927  340s
    99   101 1008.75747   86  510  388.00000 1122.11657   189%   900  345s
   105   107 1002.09639   92  495  388.00000 1122.11657   189%   869  350s
   110   112  898.97336   96  449  388.00000 1122.11657   189%   872  361s
   115   117  991.93028  101  494  388.00000 1122.11657   189%   848  365s
   121   123  985.94214  107  497  388.00000 1122.11657   189%   822  370s
   128   130  980.35250  114  476  388.00000 1122.11657   189%   795  375s
   130   132  838.92363  115  413  388.00000 1122.11657   189%   826  384s
   131   133  977.92949  116  489  388.00000 1122.11657   189%   822  385s
   137   139  970.22782  122  470  388.00000 1122.11657   189%   801  391s
   138   140  877.67668  122  405  388.00000 1122.11657   189%   814  397s
   141   143  963.27355  125  468  388.00000 1122.11657   189%   807  400s
   142   144  858.84267  125  391  388.00000 1122.11657   189%   820  407s
   145   147  959.10311  128  480  388.00000 1122.11657   189%   812  410s
   150   152  950.46458  133  475  388.00000 1122.11657   189%   798  415s
   151   153  849.70764  133  397  388.00000 1122.11657   189%   823  422s
   153   155  813.15246  134  402  388.00000 1122.11657   189%   834  431s
H  156   156                     393.0000000 1122.11657   186%   823  436s
H  156   156                     403.0000000 1122.11657   178%   823  438s
   158   160  941.85799  139  472  403.00000 1122.11657   178%   820  440s
   164   166  933.92521  145  468  403.00000 1122.11657   178%   801  445s
   165   167  813.04755  145  399  403.00000 1122.11657   178%   812  451s
   171   173  929.67824  151  468  403.00000 1122.11657   178%   791  455s
   178   180  923.24587  158  464  403.00000 1122.11657   178%   770  460s
H  182   182                     408.0000000 1122.11657   175%   758  463s
   182   184  919.16062  162  470  408.00000 1122.11657   175%   760  465s
   189   191  912.23977  169  450  408.00000 1122.11657   175%   741  470s
   194   196  806.23436  173  382  408.00000 1122.11657   175%   741  479s
   195   197  904.08792  174  451  408.00000 1122.11657   175%   738  480s
   200   202  831.03132  178  396  408.00000 1122.11657   175%   737  490s
   204   206  807.74790  181  392  408.00000 1122.11657   175%   741  499s
   205   207  893.44626  182  463  408.00000 1122.11657   175%   738  500s
   210   212  889.23765  187  457  408.00000 1122.11657   175%   727  505s
   218   220  882.13480  195  455  408.00000 1122.11657   175%   709  510s
   221   223  771.98534  197  383  408.00000 1122.11657   175%   715  518s
   222   224  875.51161  198  448  408.00000 1122.11657   175%   714  520s
   226   228  761.23720  201  386  408.00000 1122.11657   175%   718  528s
   228   230  867.43723  203  436  408.00000 1122.11657   175%   716  530s
   229   231  773.48362  203  368  408.00000 1122.11657   175%   731  536s
   233   235  859.41916  207  451  408.00000 1122.11657   175%   724  540s
   234   236  754.95455  207  382  408.00000 1122.11657   175%   735  547s
   236   238  759.32952  208  384  408.00000 1122.11657   175%   742  554s
   237   239  855.89139  209  452  408.00000 1122.11657   175%   740  555s
   245   247  770.14365  216  378  408.00000 1122.11657   175%   733  564s
   247   249  845.48534  218  442  408.00000 1122.11657   175%   729  565s
   248   250  770.54109  218  376  408.00000 1122.11657   175%   735  570s
   255   257  838.58825  225  428  408.00000 1122.11657   175%   729  575s
   257   259  711.56718  226  354  408.00000 1122.11657   175%   746  582s
   260   262  738.20242  228  373  408.00000 1122.11657   175%   750  590s
   269   271  819.94029  237  425  408.00000 1122.11657   175%   735  595s
   271   273  728.40634  238  365  408.00000 1122.11657   175%   740  600s
   279   281  687.53086  245  345  408.00000 1122.11657   175%   735  609s
   280   282  807.38921  246  427  408.00000 1122.11657   175%   733  610s
   282   284  806.03031  248  423  408.00000 1122.11657   175%   730  618s
   284   286  802.75416  250  423  408.00000 1122.11657   175%   727  620s
   289   291  796.06867  255  414  408.00000 1122.11657   175%   719  625s
   298   300  787.95389  264  403  408.00000 1122.11657   175%   704  630s
   306   308  696.62471  271  332  408.00000 1122.11657   175%   699  638s
   309   311  776.53454  274  409  408.00000 1122.11657   175%   695  640s
   315   317  771.57271  280  398  408.00000 1122.11657   175%   685  645s
   324   326  643.58791  288  351  408.00000 1122.11657   175%   681  654s
   326   328  759.25384  290  392  408.00000 1122.11657   175%   678  656s
   335   337  751.54657  299  391  408.00000 1122.11657   175%   666  660s
   347   349  740.80711  311  375  408.00000 1122.11657   175%   651  665s
   356   358  607.39162  319  323  408.00000 1122.11657   175%   647  672s
   363   365  721.63517  326  382  408.00000 1122.11657   175%   640  675s
   366   368  655.34603  328  341  408.00000 1122.11657   175%   642  680s
   376   378  706.89472  338  370  408.00000 1122.11657   175%   632  685s
   386   388  696.06813  348  360  408.00000 1122.11657   175%   621  690s
   392   394  631.40260  353  316  408.00000 1122.11657   175%   619  697s
   394   396  589.89993  354  321  408.00000 1122.11657   175%   622  701s
   404   406  679.24274  364  358  408.00000 1122.11657   175%   612  705s
   415   417  619.86492  374  304  408.00000 1122.11657   175%   605  711s
   425   427  656.96828  384  343  408.00000 1122.11657   175%   596  715s
   434   436  647.46349  392  353  408.00000 1122.11657   175%   592  720s
   439   441  581.00253  396  268  408.00000 1122.11657   175%   596  727s
   442   444  547.19267  398  260  408.00000 1122.11657   175%   598  732s
   446   448  549.64997  401  270  408.00000 1122.11657   175%   598  737s
   449   451  551.50095  403  274  408.00000 1122.11657   175%   600  741s
   452   454  624.19177  405  337  408.00000 1122.11657   175%   602  745s
   461   463  618.95665  413  335  408.00000 1122.11657   175%   597  750s
   466   468  527.91928  416  281  408.00000 1122.11657   175%   600  757s
   468   470  522.85896  417  263  408.00000 1122.11657   175%   602  767s
   472   474  527.14293  420  274  408.00000 1122.11657   175%   603  771s
   476   478  603.35279  424  331  408.00000 1122.11657   175%   599  791s
   478   480  601.37070  425  325  408.00000 1122.11657   175%   601  795s
   479   481  526.53914  425  282  408.00000 1122.11657   175%   604  930s
   483   485  516.86758  428  263  408.00000 1122.11657   175%   604  935s
   489   491  590.46951  433  339  408.00000 1122.11657   175%   603  940s
   500   502  574.91159  444  326  408.00000 1122.11657   175%   595  945s
   507   509  564.31721  450  320  408.00000 1122.11657   175%   593  950s
   511   513  495.74547  452  270  408.00000 1122.11657   175%   596  955s
   517   519  481.74211  457  244  408.00000 1122.11657   175%   595  961s
   523   525  480.98678  462  260  408.00000 1122.11657   175%   594  965s
   533   535  466.56849  470  250  408.00000 1122.11657   175%   591  971s
   545   547  451.18777  481  267  408.00000 1122.11657   175%   585  976s
   546   548  520.46610  482  302  408.00000 1122.11657   175%   584  980s
   562   564  510.97675  498  292  408.00000 1122.11657   175%   573  985s
   572   574  503.24758  507  288  408.00000 1122.11657   175%   568  990s
   583   585  490.60749  518  294  408.00000 1122.11657   175%   561  995s
   598   600  429.17397  532  236  408.00000 1122.11657   175%   552 1000s
   610   612  465.82236  543  280  408.00000 1122.11657   175%   547 1005s
   624   624  456.86719  556  261  408.00000 1122.11657   175%   539 1017s
   637   637  447.44703  569  268  408.00000 1122.11657   175%   531 1020s
   660   658  428.20255  591  246  408.00000 1122.11657   175%   517 1025s
   679   673  410.91045  608  225  408.00000 1122.11657   175%   506 1030s
   689   678  981.05909    6  475  408.00000 1120.04923   175%   505 1039s
   691   679  432.80873  586  559  408.00000 1120.04923   175%   504 1139s
   693   680  931.98365  149  561  408.00000 1120.04923   175%   502 1198s
   694   681  477.74011  536  554  408.00000 1120.04923   175%   501 1270s
   698   684  508.37367  503  557  408.00000 1120.04923   175%   498 1275s
   700   687 1120.04923   15  556  408.00000 1120.04923   175%   514 1282s
   701   688 1054.94009   15  496  408.00000 1120.04923   175%   518 1290s
   703   689 1005.86220   16  484  408.00000 1120.04923   175%   522 1303s
   704   690 1120.04923   17  555  408.00000 1120.04923   175%   523 1306s
   705   690 1039.46703   17  506  408.00000 1120.04923   175%   526 1314s
   706   691 1120.04923   18  546  408.00000 1120.04923   175%   526 1317s
   707   692 1057.87407   18  526  408.00000 1120.04923   175%   530 1325s
   709   693  972.81267   19  475  408.00000 1120.04923   175%   538 1337s
   710   694 1118.56927   20  553  408.00000 1120.04923   175%   538 1340s
   711   694 1003.30223   20  489  408.00000 1118.56795   174%   545 1347s
   713   696  976.96091   21  497  408.00000 1116.22783   174%   550 1357s
   715   697  982.67729   22  466  408.00000 1114.64670   173%   558 1368s
   716   698 1112.09553   23  548  408.00000 1114.62008   173%   558 1370s
   717   698  972.91431   23  463  408.00000 1112.08900   173%   562 1378s
   718   699 1109.70467   24  551  408.00000 1112.08900   173%   562 1380s
   719   700  985.61507   24  471  408.00000 1109.69993   172%   566 1388s
   720   700 1107.90269   25  555  408.00000 1109.67964   172%   567 1391s
   721   701  985.88258   25  479  408.00000 1107.89886   172%   574 1400s
   723   702  966.76303   26  471  408.00000 1105.26714   171%   577 1408s
   724   703 1103.97596   27  556  408.00000 1105.21213   171%   577 1410s
   725   704  964.37426   27  459  408.00000 1103.97171   171%   581 1416s
   727   705 1000.33763   28  503  408.00000 1100.15123   170%   588 1424s
   728   706 1098.49760   29  556  408.00000 1100.12624   170%   588 1427s
   729   706  987.77808   29  479  408.00000 1098.49698   169%   592 1435s
   731   708  968.41649   30  488  408.00000 1097.49071   169%   595 1443s
   732   708 1096.40868   31  555  408.00000 1097.45787   169%   595 1446s
   733   709  970.31426   31  462  408.00000 1096.39883   169%   599 1453s
   734   710 1092.18139   32  563  408.00000 1096.39298   169%   600 1456s
   735   710  992.09558   32  476  408.00000 1092.17996   168%   607 1463s
   736   711 1090.36325   33  568  408.00000 1092.17996   168%   607 1467s
   737   712  920.00125   33  440  408.00000 1090.36147   167%   611 1474s
   738   712 1087.77812   34  558  408.00000 1090.31118   167%   611 1477s
   739   713  968.38250   34  472  408.00000 1087.77446   167%   615 1483s
   740   714 1085.38829   35  555  408.00000 1087.77446   167%   615 1485s
   741   714  971.58139   35  493  408.00000 1085.38443   166%   619 1491s
   743   716  962.86650   36  466  408.00000 1082.36951   165%   626 1503s
   744   716 1080.92771   37  545  408.00000 1082.32292   165%   626 1505s
   745   717  970.79453   37  481  408.00000 1080.92528   165%   630 1513s
   746   718 1079.54363   38  551  408.00000 1080.92528   165%   630 1515s
   747   718  988.09911   38  483  408.00000 1079.54073   165%   633 1522s
   749   720  901.45178   39  455  408.00000 1078.15482   164%   641 1532s
   751   721  917.02973   40  440  408.00000 1076.94365   164%   645 1543s
   752   722 1074.17300   41  542  408.00000 1076.93381   164%   645 1545s
   753   722  958.45997   41  471  408.00000 1074.17180   163%   648 1552s
   754   723 1071.49527   42  546  408.00000 1074.12996   163%   648 1555s
   755   724  946.55895   42  478  408.00000 1071.48921   163%   652 1562s
   757   725  936.83273   43  473  408.00000 1070.58946   162%   659 1574s
   758   726 1069.43535   44  544  408.00000 1070.53941   162%   659 1575s
   759   726  960.09615   44  462  408.00000 1069.43504   162%   662 1580s
   761   728  946.67709   45  453  408.00000 1067.27983   162%   666 1587s
   762   728 1065.88863   46  542  408.00000 1067.27983   162%   666 1590s
   763   729  920.61437   46  470  408.00000 1065.88032   161%   673 1598s
   764   730 1063.89353   47  540  408.00000 1065.88032   161%   673 1602s
   765   730  899.71042   47  439  408.00000 1063.87001   161%   677 1610s
   767   732  967.58613   48  474  408.00000 1062.39591   160%   680 1620s
   769   733  935.91725   49  454  408.00000 1061.16907   160%   683 1629s
   770   734 1059.57720   50  536  408.00000 1061.13040   160%   683 1630s
   771   734  961.09107   50  466  408.00000 1059.57308   160%   689 1638s
   772   735 1058.63173   51  539  408.00000 1059.54978   160%   688 1640s
   773   736  946.34713   51  462  408.00000 1058.62763   159%   692 1645s
   775   737  932.00209   52  463  408.00000 1057.87312   159%   695 1651s
   777   738  909.84092   53  460  408.00000 1057.87312   159%   698 1660s
   779   740  928.50024   54  476  408.00000 1057.87312   159%   705 1672s
   781   741  916.22662   55  443  408.00000 1057.87312   159%   709 1680s
   783   742  954.87170   56  484  408.00000 1057.87312   159%   711 1688s
   784   743 1048.98029   57  543  408.00000 1057.87312   159%   711 1690s
   785   744  940.42695   57  485  408.00000 1057.87312   159%   714 1697s
   787   745  911.51284   58  430  408.00000 1057.87312   159%   721 1707s
   789   746  892.18554   59  446  408.00000 1057.87312   159%   724 1715s
   791   748  898.56993   60  468  408.00000 1057.87312   159%   727 1722s
   793   749  928.75066   61  473  408.00000 1057.87312   159%   734 1732s
   795   750  959.25654   62  472  408.00000 1057.87312   159%   737 1741s
   797   752  929.80895   63  462  408.00000 1057.87312   159%   739 1748s
   799   753  935.33038   64  466  408.00000 1057.87312   159%   742 1755s
   801   754  919.19348   65  468  408.00000 1057.87312   159%   745 1764s
   802   755 1030.53498   66  527  408.00000 1057.87312   159%   745 1766s
   803   756  902.96484   66  453  408.00000 1057.87312   159%   750 1774s
   804   756 1028.90654   67  524  408.00000 1057.87312   159%   750 1775s
   805   757  889.27689   67  426  408.00000 1057.87312   159%   753 1783s
   807   758  938.42073   68  466  408.00000 1057.87312   159%   756 1789s
   808   759 1026.41471   69  525  408.00000 1057.87312   159%   756 1791s
   809   760  906.70242   69  458  408.00000 1057.87312   159%   762 1798s
   810   760 1025.33717   70  520  408.00000 1057.87312   159%   761 1800s

Cutting planes:
  Gomory: 4

Explored 811 nodes (627625 simplex iterations) in 1800.02 seconds (607.93 work units)
Thread count was 1 (of 12 available processors)

Solution count 10: 408 403 393 ... 298

Time limit reached
Best objective 4.080000000000e+02, best bound 1.057000000000e+03, gap 159.0686%
