
Gurobi 12.0.2 (linux64, C++) logging started Thu Jun 19 08:00:18 2025

Set parameter LogFile to value "log/instances/scenario1/not_correlated_sc1/1000/kpfs_4.txt.log"

Gurobi 12.0.2 (linux64, C++) logging started Thu Jun 19 08:01:41 2025

Set parameter LogFile to value "log/instances/scenario1/not_correlated_sc1/1000/kpfs_4.txt.log"

Gurobi 12.0.2 (linux64, C++) logging started Thu Jun 19 08:02:52 2025

Set parameter LogFile to value "log/instances/scenario1/not_correlated_sc1/1000/kpfs_4.txt.log"

Gurobi 12.0.2 (linux64, C++) logging started Thu Jun 19 08:03:56 2025

Set parameter LogFile to value "log/instances/scenario1/not_correlated_sc1/1000/kpfs_4.txt.log"

Gurobi 12.0.2 (linux64, C++) logging started Thu Jun 19 09:37:18 2025

Set parameter WLSAccessID
Set parameter WLSSecret
Set parameter LicenseID to value 2679381
Set parameter LogFile to value "log/instances/scenario1/not_correlated_sc1/1000/kpfs_4.txt.log"
Academic license 2679381 - for non-commercial use only - registered to be___@poli.ufrj.br
Set parameter TimeLimit to value 1800
Set parameter Threads to value 1
Gurobi Optimizer version 12.0.2 build v12.0.2rc0 (linux64 - "Ubuntu 24.04.1 LTS")

CPU model: 13th Gen Intel(R) Core(TM) i7-1355U, instruction set [SSE2|AVX|AVX2]
Thread count: 6 physical cores, 12 logical processors, using up to 1 threads

Non-default parameters:
TimeLimit  1800
Threads  1

Academic license 2679381 - for non-commercial use only - registered to be___@poli.ufrj.br
Optimize a model with 5002 rows, 6000 columns and 65774 nonzeros
Model fingerprint: 0xd81d3a9c
Variable types: 0 continuous, 6000 integer (1000 binary)
Coefficient statistics:
  Matrix range     [1e+00, 3e+01]
  Objective range  [1e+00, 3e+01]
  Bounds range     [1e+00, 2e+01]
  RHS range        [1e+00, 2e+03]
Found heuristic solution: objective 131.0000000
Presolve removed 0 rows and 166 columns
Presolve time: 0.62s
Presolved: 5002 rows, 5834 columns, 65442 nonzeros
Variable types: 0 continuous, 5834 integer (1120 binary)

Root simplex log...

Iteration    Objective       Primal Inf.    Dual Inf.      Time
    2833    1.4993462e+03   2.267473e+04   0.000000e+00      5s
    4897    1.2267282e+03   3.406942e+03   0.000000e+00     10s
    6867    1.1321345e+03   1.249501e+03   0.000000e+00     15s
    8827    1.1026218e+03   3.284382e+01   0.000000e+00     20s
    9080    1.1020309e+03   0.000000e+00   0.000000e+00     21s

Root relaxation: objective 1.102031e+03, 9080 iterations, 20.24 seconds (6.50 work units)

    Nodes    |    Current Node    |     Objective Bounds      |     Work
 Expl Unexpl |  Obj  Depth IntInf | Incumbent    BestBd   Gap | It/Node Time

     0     0 1102.03093    0  560  131.00000 1102.03093   741%     -   21s
H    0     0                     133.0000000 1102.03093   729%     -   21s
H    0     0                     137.0000000 1102.03093   704%     -   22s
H    0     0                     223.0000000 1102.03093   394%     -   23s
H    0     0                     232.0000000 1102.03093   375%     -   23s
     0     0 1101.26461    0  553  232.00000 1101.26461   375%     -   32s
H    0     0                     248.0000000 1101.25481   344%     -   42s
H    0     0                     249.0000000 1101.25481   342%     -   42s
H    0     0                     277.0000000 1101.25481   298%     -   42s
H    0     0                     304.0000000 1101.25481   262%     -   49s
H    0     0                     363.0000000 1101.25481   203%     -   56s
     0     0 1101.09956    0  555  363.00000 1101.09956   203%     -   57s
     0     0 1100.85902    0  557  363.00000 1100.85902   203%     -   66s
     0     0 1100.82845    0  558  363.00000 1100.82845   203%     -   91s
     0     0 1100.82691    0  558  363.00000 1100.82691   203%     -  110s
H    0     0                     385.0000000 1100.82583   186%     -  117s
     0     2 1100.82430    0  558  385.00000 1100.82430   186%     -  118s
     1     3 1098.33611    1  560  385.00000 1100.81425   186%   786  120s
     2     4  993.93650    1  476  385.00000 1098.32707   185%  2002  130s
     4     6  998.79080    2  493  385.00000 1092.81144   184%  1968  142s
     6     8 1089.06386    4  568  385.00000 1092.72697   184%  1488  145s
     7     9  941.27425    4  478  385.00000 1092.72697   184%  1783  154s
     8    10 1086.69175    5  569  385.00000 1092.72697   184%  1625  155s
     9    11  972.42630    5  475  385.00000 1092.72697   184%  1825  164s
    10    12 1084.76310    6  567  385.00000 1092.72697   184%  1725  166s
    12    14  964.41752    7  459  385.00000 1092.72697   184%  1963  179s
    13    15 1080.68030    8  558  385.00000 1092.72697   184%  1865  181s
    15    17  967.34076    9  481  385.00000 1092.72697   184%  2029  193s
    17    19  955.64011   10  481  385.00000 1092.72697   184%  2006  202s
    20    22 1071.19067   13  552  385.00000 1092.72697   184%  1795  206s
    22    24  936.22895   14  476  385.00000 1092.72697   184%  1817  215s
    27    29 1063.47368   19  552  385.00000 1092.72697   184%  1559  221s
    28    30  957.91967   19  487  385.00000 1092.72697   184%  1694  229s
    29    31 1062.22131   20  546  385.00000 1092.72697   184%  1649  230s
    33    35 1053.55992   24  542  385.00000 1092.72697   184%  1511  236s
    37    39 1049.15927   28  535  385.00000 1092.72697   184%  1385  240s
    43    45 1039.51888   34  528  385.00000 1092.72697   184%  1246  246s
    44    46  899.98762   34  451  385.00000 1092.72697   184%  1295  254s
    45    47 1038.67546   35  528  385.00000 1092.72697   184%  1277  255s
    50    52 1031.70665   40  521  385.00000 1092.72697   184%  1186  260s
    54    56 1029.01235   44  519  385.00000 1092.72697   184%  1119  265s
    59    61 1021.65145   49  523  385.00000 1092.72697   184%  1056  270s
    65    67  886.15874   54  429  385.00000 1092.72697   184%  1064  283s
    67    69 1013.71247   56  519  385.00000 1092.72697   184%  1044  285s
    72    74 1008.20680   61  510  385.00000 1092.72697   184%   995  290s
    78    80 1003.08567   67  523  385.00000 1092.72697   184%   943  295s
    81    83  876.08297   69  432  385.00000 1092.72697   184%   958  305s
    85    87  990.81324   73  510  385.00000 1092.72697   184%   934  310s
    86    88  841.37991   73  437  385.00000 1092.72697   184%   963  320s
    92    94  983.59621   79  511  385.00000 1092.72697   184%   925  326s
    95    97  866.78261   81  444  385.00000 1092.72697   184%   936  336s
    98   100  973.74770   84  506  385.00000 1092.72697   184%   926  341s
   100   102  886.38459   85  423  385.00000 1092.72697   184%   958  350s
   104   106  897.53168   88  468  385.00000 1092.72697   184%   954  359s
   105   107  967.04947   89  506  385.00000 1092.72697   184%   947  360s
   109   111  962.45685   93  511  385.00000 1092.72697   184%   925  365s
   115   117  807.99610   98  408  385.00000 1092.72697   184%   923  377s
   119   121  952.06736  102  497  385.00000 1092.72697   184%   904  380s
   123   125  840.31536  105  433  385.00000 1092.72697   184%   921  389s
   124   126  949.46172  106  501  385.00000 1092.72697   184%   915  390s
   131   133  940.84285  113  496  385.00000 1092.72697   184%   886  395s
   139   141  932.21481  121  486  385.00000 1092.72697   184%   853  400s
   145   147  924.00451  127  483  385.00000 1092.72697   184%   832  405s
   151   153  917.32534  133  492  385.00000 1092.72697   184%   813  410s
   156   158  911.09122  138  481  385.00000 1092.72697   184%   798  557s
   159   161  907.18970  141  471  385.00000 1092.72697   184%   790  560s
   160   162  788.38352  141  400  385.00000 1092.72697   184%   805  567s
   164   166  902.89322  145  468  385.00000 1092.72697   184%   793  570s
   172   174  896.42084  153  461  385.00000 1092.72697   184%   767  575s
   182   184  885.01586  163  466  385.00000 1092.72697   184%   740  581s
   190   192  878.32352  171  453  385.00000 1092.72697   184%   719  585s
   202   204  734.79396  182  382  385.00000 1092.72697   184%   706  594s
   204   206  863.95423  184  456  385.00000 1092.72697   184%   703  595s
   208   210  860.34059  188  446  385.00000 1092.72697   184%   694  749s
   209   211  858.68623  189  453  385.00000 1092.72697   184%   692  750s
   213   215  759.27158  192  383  385.00000 1092.72697   184%   694  758s
   215   217  851.26569  194  454  385.00000 1092.72697   184%   691  760s
   218   220  768.10769  196  391  385.00000 1092.72697   184%   696  768s
   220   222  845.43713  198  447  385.00000 1092.72697   184%   693  770s
   225   227  743.68362  202  375  385.00000 1092.72697   184%   696  780s
   227   229  744.78276  203  383  385.00000 1092.72697   184%   704  785s
   230   232  832.30451  205  445  385.00000 1092.72697   184%   708  790s
   238   240  824.92707  213  442  385.00000 1092.72697   184%   693  795s
   246   248  817.62303  221  439  385.00000 1092.72697   184%   679  800s
   252   254  746.65619  226  389  385.00000 1092.72697   184%   678  810s
   258   260  802.65808  232  432  385.00000 1092.72697   184%   669  815s
   265   267  792.53962  239  428  385.00000 1092.72697   184%   659  820s
   273   275  783.50900  247  423  385.00000 1092.72697   184%   647  825s
   275   277  695.65778  248  362  385.00000 1092.72697   184%   652  831s
   280   282  715.04862  252  373  385.00000 1092.72697   184%   653  839s
   281   283  774.55735  253  432  385.00000 1092.72697   184%   651  840s
   287   289  770.80612  259  423  385.00000 1092.72697   184%   642  845s
   298   300  762.65086  270  406  385.00000 1092.72697   184%   626  850s
   307   309  753.02447  279  407  385.00000 1092.72697   184%   615  855s
   316   318  742.55242  288  402  385.00000 1092.72697   184%   604  860s
   320   322  639.40152  291  303  385.00000 1092.72697   184%   606  867s
   324   326  733.16830  295  401  385.00000 1092.72697   184%   602  870s
   325   327  633.00176  295  366  385.00000 1092.72697   184%   609  875s
   334   336  723.67225  304  387  385.00000 1092.72697   184%   599  880s
   342   344  713.36849  312  388  385.00000 1092.72697   184%   592  885s
   353   355  700.36928  323  386  385.00000 1092.72697   184%   582  890s
   356   358  699.06082  325  377  385.00000 1092.72697   184%   585  895s
   369   371  687.49535  338  367  385.00000 1092.72697   184%   572  900s
   373   375  684.17001  341  371  385.00000 1092.72697   184%   573  905s
   379   381  603.54369  346  340  385.00000 1092.72697   184%   573  911s
   381   383  585.65265  347  305  385.00000 1092.72697   184%   576  915s
   393   395  661.32344  359  353  385.00000 1092.72697   184%   566  920s
   397   399  658.19069  363  351  385.00000 1092.72697   184%   563  963s
   402   404  647.31792  368  354  385.00000 1092.72697   184%   559  965s
   405   407  565.36045  369  276  385.00000 1092.72697   184%   565  971s
   409   411  523.32908  372  278  385.00000 1092.72697   184%   566  976s
   418   420  507.66631  380  261  385.00000 1092.72697   184%   564  981s
   428   430  624.32727  390  347  385.00000 1092.72697   184%   555  985s
   437   439  612.27958  398  351  385.00000 1092.72697   184%   552  990s
   449   451  516.09898  409  270  385.00000 1092.72697   184%   547  996s
   454   456  595.06230  413  334  385.00000 1092.72697   184%   547 1000s
   462   464  506.22701  420  275  385.00000 1092.72697   184%   545 1005s
   469   471  494.51072  426  249  385.00000 1092.72697   184%   543 1010s
   488   490  563.59764  445  311  385.00000 1092.72697   184%   529 1015s
   498   500  548.54964  454  313  385.00000 1092.72697   184%   526 1020s
   503   505  545.02962  457  311  385.00000 1092.72697   184%   528 1025s
   515   517  533.44273  468  302  385.00000 1092.72697   184%   523 1030s
   525   527  452.86652  476  229  385.00000 1092.72697   184%   522 1036s
   535   537  508.58818  486  292  385.00000 1092.72697   184%   516 1040s
   552   554  494.62782  503  282  385.00000 1092.72697   184%   505 1045s
   565   567  412.08942  515  225  385.00000 1092.72697   184%   502 1050s
   581   583  388.69059  530  225  385.00000 1092.72697   184%   494 1055s
   596   598  451.29310  544  262  385.00000 1092.72697   184%   488 1060s
   611   613  438.74042  558  251  385.00000 1092.72697   184%   482 1065s
   624   620     cutoff  568       385.00000 1092.72697   184%   479 1070s
   648   642  404.42747  591  244  385.00000 1092.72697   184%   466 1075s
   672   658  966.73994    3  460  385.00000 1086.60350   182%   460 1086s
   674   659  668.49808  353  558  385.00000 1086.60350   182%   459 1158s
   676   660  927.43047  125  560  385.00000 1086.60350   182%   458 1194s
   677   661  441.76895  553  553  385.00000 1086.60350   182%   457 1251s
   681   664  485.20909  512  558  385.00000 1086.60350   182%   454 1255s
   684   668 1002.94500   13  491  385.00000 1086.60350   182%   473 1265s
   686   669  945.47579   14  477  385.00000 1086.60350   182%   477 1273s
   687   670 1086.60350   15  555  385.00000 1086.60350   182%   477 1275s
   688   670  947.02574   15  469  385.00000 1086.60350   182%   482 1282s
   690   672  984.37967   16  480  385.00000 1086.60350   182%   486 1289s
   691   672 1084.33145   17  545  385.00000 1086.60350   182%   486 1291s
   692   673  963.13106   17  443  385.00000 1084.33073   182%   494 1297s
   694   674  973.90970   18  467  385.00000 1081.91907   181%   502 1305s
   696   676  965.03393   19  477  385.00000 1079.11852   180%   506 1314s
   697   676 1077.07722   20  540  385.00000 1079.09273   180%   507 1315s
   698   677  966.61871   20  484  385.00000 1077.04290   180%   514 1323s
   700   678  969.38091   21  490  385.00000 1072.88999   179%   518 1331s
   702   680  968.57046   22  469  385.00000 1070.04708   178%   522 1339s
   703   680 1067.74765   23  552  385.00000 1070.03735   178%   523 1340s
   704   681  945.43681   23  488  385.00000 1067.74365   177%   527 1347s
   706   682  945.10857   24  467  385.00000 1066.00298   177%   535 1356s
   708   684  952.43372   25  490  385.00000 1064.74755   177%   538 1364s
   709   684 1062.61551   26  551  385.00000 1064.69725   177%   538 1366s
   710   685  936.92667   26  484  385.00000 1062.61451   176%   542 1373s
   711   686 1059.89176   27  560  385.00000 1062.44733   176%   543 1376s
   712   686  953.33783   27  489  385.00000 1059.88773   175%   550 1386s
   714   688  893.02548   28  477  385.00000 1058.23872   175%   554 1395s
   716   689  942.95642   29  477  385.00000 1057.00992   175%   558 1404s
   717   690 1055.13423   30  543  385.00000 1056.94328   175%   558 1406s
   718   690  895.16199   30  468  385.00000 1055.13092   174%   566 1415s
   720   692  969.14822   31  517  385.00000 1053.17595   174%   570 1424s
   721   692 1051.90867   32  546  385.00000 1053.17023   174%   569 1426s
   722   693  907.54462   32  471  385.00000 1051.90684   173%   573 1433s
   723   694 1049.25729   33  560  385.00000 1051.87137   173%   574 1435s
   724   694  914.62137   33  477  385.00000 1049.25132   173%   581 1443s
   725   695 1048.29903   34  552  385.00000 1049.21503   173%   581 1445s
   726   696  904.23066   34  467  385.00000 1048.27606   172%   585 1454s
   727   696 1046.14056   35  556  385.00000 1048.27606   172%   585 1456s
   728   697  939.06824   35  464  385.00000 1046.13870   172%   589 1463s
   729   698 1045.06989   36  535  385.00000 1046.13870   172%   589 1465s
   730   698  920.48311   36  448  385.00000 1045.05702   171%   593 1472s
   731   699 1042.61175   37  551  385.00000 1044.96476   171%   593 1475s
   732   700  907.97471   37  457  385.00000 1042.61092   171%   600 1483s
   734   701  921.93355   38  483  385.00000 1041.17646   170%   604 1492s
   736   702  898.58993   39  462  385.00000 1039.69565   170%   608 1500s
   738   704  937.11999   40  484  385.00000 1037.09604   169%   612 1514s
   739   704 1034.96290   41  546  385.00000 1037.04282   169%   612 1517s
   740   705  885.67628   41  437  385.00000 1034.96250   169%   620 1527s
   741   706 1033.38634   42  541  385.00000 1034.95530   169%   620 1530s
   742   706  896.95165   42  458  385.00000 1033.38165   168%   623 1538s
   743   707 1031.05726   43  552  385.00000 1033.37745   168%   623 1541s
   744   708  919.19559   43  447  385.00000 1031.04010   168%   626 1550s
   746   709  892.55860   44  458  385.00000 1028.46038   167%   630 1562s
   748   710  934.92228   45  494  385.00000 1027.56588   167%   636 1573s
   750   712  903.27614   46  467  385.00000 1026.39623   167%   640 1583s
   751   712 1024.98995   47  546  385.00000 1026.38909   167%   639 1585s
   752   713  942.97725   47  476  385.00000 1024.98856   166%   643 1591s
   754   714  852.29333   48  431  385.00000 1023.10232   166%   650 1600s
   756   716  895.24496   49  442  385.00000 1021.58807   165%   653 1608s
   757   716 1020.66221   50  535  385.00000 1021.58190   165%   653 1610s
   758   717  910.17318   50  471  385.00000 1020.66098   165%   656 1618s
   759   718 1018.97621   51  535  385.00000 1020.58747   165%   657 1620s
   760   718  901.90815   51  449  385.00000 1018.97072   165%   663 1627s
   762   720  867.31055   52  426  385.00000 1016.89733   164%   666 1635s
   764   721  874.80633   53  446  385.00000 1012.39899   163%   670 1644s
   765   722 1011.23150   54  544  385.00000 1012.29217   163%   670 1646s
   766   722  870.93528   54  447  385.00000 1011.22158   163%   677 1655s
   768   724  854.42309   55  467  385.00000 1010.30649   162%   681 1663s
   769   724 1007.53767   56  527  385.00000 1010.24838   162%   681 1665s
   770   725  905.92250   56  485  385.00000 1007.53660   162%   684 1671s
   772   726  903.39701   57  460  385.00000 1006.66876   161%   687 1678s
   773   727 1004.55704   58  532  385.00000 1006.66296   161%   687 1680s
   774   728  841.84334   58  452  385.00000 1004.55649   161%   694 1689s
   775   728 1003.52000   59  532  385.00000 1004.51420   161%   694 1691s
   776   729  863.40821   59  435  385.00000 1003.51201   161%   697 1697s
   778   730  851.46806   60  453  385.00000 1002.94295   161%   701 1704s
   779   731 1000.44977   61  529  385.00000 1002.94295   161%   700 1705s
   780   732  846.79413   61  420  385.00000 1002.94295   161%   704 1711s
   782   733  894.32359   62  448  385.00000 1002.94295   161%   710 1721s
   784   734  862.41375   63  445  385.00000 1002.94295   161%   713 1732s
   786   736  884.54267   64  453  385.00000 1002.94295   161%   716 1741s
   788   737  842.29382   65  425  385.00000 1002.94295   161%   719 1751s
   790   738  827.06053   66  416  385.00000 1002.94295   161%   726 1760s
   792   740  865.76093   67  443  385.00000 1002.94295   161%   729 1769s
   793   740  989.60173   68  526  385.00000 1002.94295   161%   728 1772s
   794   741  871.96635   68  467  385.00000 1002.94295   161%   732 1781s
   796   742  855.70570   69  438  385.00000 1002.94295   161%   735 1790s
   798   744  850.96504   70  428  385.00000 1002.94295   161%   741 1799s
   799   744  984.69450   71  521  385.00000 1002.94295   161%   741 1800s

Cutting planes:
  Gomory: 4

Explored 800 nodes (601956 simplex iterations) in 1800.02 seconds (611.41 work units)
Thread count was 1 (of 12 available processors)

Solution count 10: 385 363 304 ... 133

Time limit reached
Best objective 3.850000000000e+02, best bound 1.002000000000e+03, gap 160.2597%
