
Gurobi 12.0.2 (linux64, C++) logging started Thu Jun 19 08:00:20 2025

Set parameter LogFile to value "log/instances/scenario4/correlated_sc4/500/kpfs_2.txt.log"

Gurobi 12.0.2 (linux64, C++) logging started Thu Jun 19 08:01:43 2025

Set parameter LogFile to value "log/instances/scenario4/correlated_sc4/500/kpfs_2.txt.log"

Gurobi 12.0.2 (linux64, C++) logging started Thu Jun 19 08:02:54 2025

Set parameter LogFile to value "log/instances/scenario4/correlated_sc4/500/kpfs_2.txt.log"

Gurobi 12.0.2 (linux64, C++) logging started Thu Jun 19 08:03:58 2025

Set parameter LogFile to value "log/instances/scenario4/correlated_sc4/500/kpfs_2.txt.log"

Gurobi 12.0.2 (linux64, C++) logging started Thu Jun 19 14:40:42 2025

Set parameter WLSAccessID
Set parameter WLSSecret
Set parameter LicenseID to value 2679381
Set parameter LogFile to value "log/instances/scenario4/correlated_sc4/500/kpfs_2.txt.log"
Academic license 2679381 - for non-commercial use only - registered to be___@poli.ufrj.br
Set parameter TimeLimit to value 1800
Set parameter Threads to value 1
Gurobi Optimizer version 12.0.2 build v12.0.2rc0 (linux64 - "Ubuntu 24.04.1 LTS")

CPU model: 13th Gen Intel(R) Core(TM) i7-1355U, instruction set [SSE2|AVX|AVX2]
Thread count: 6 physical cores, 12 logical processors, using up to 1 threads

Non-default parameters:
TimeLimit  1800
Threads  1

Academic license 2679381 - for non-commercial use only - registered to be___@poli.ufrj.br
Optimize a model with 1502 rows, 2000 columns and 24148 nonzeros
Model fingerprint: 0x5d4142ea
Variable types: 0 continuous, 2000 integer (500 binary)
Coefficient statistics:
  Matrix range     [1e+00, 3e+01]
  Objective range  [1e+00, 4e+01]
  Bounds range     [1e+00, 2e+01]
  RHS range        [1e+00, 8e+02]
Found heuristic solution: objective 1025.0000000
Presolve removed 0 rows and 22 columns
Presolve time: 0.14s
Presolved: 1502 rows, 1978 columns, 24104 nonzeros
Variable types: 0 continuous, 1978 integer (568 binary)

Root relaxation: objective 1.373827e+03, 1458 iterations, 0.43 seconds (0.19 work units)

    Nodes    |    Current Node    |     Objective Bounds      |     Work
 Expl Unexpl |  Obj  Depth IntInf | Incumbent    BestBd   Gap | It/Node Time

     0     0 1373.82664    0  194 1025.00000 1373.82664  34.0%     -    0s
H    0     0                    1026.0000000 1373.82664  33.9%     -    0s
H    0     0                    1038.0000000 1373.82664  32.4%     -    0s
H    0     0                    1199.0000000 1373.82664  14.6%     -    0s
H    0     0                    1227.0000000 1373.82664  12.0%     -    0s
H    0     0                    1235.0000000 1373.82664  11.2%     -    0s
H    0     0                    1274.0000000 1373.82664  7.84%     -    0s
H    0     0                    1282.0000000 1373.82664  7.16%     -    0s
H    0     0                    1287.0000000 1373.82664  6.75%     -    1s
     0     0 1373.38465    0  189 1287.00000 1373.38465  6.71%     -    1s
     0     0 1373.01949    0  191 1287.00000 1373.01949  6.68%     -    2s
     0     0 1372.93353    0  192 1287.00000 1372.93353  6.68%     -    3s
     0     0 1372.93236    0  192 1287.00000 1372.93236  6.68%     -    3s
     0     0 1372.92516    0  195 1287.00000 1372.92516  6.68%     -    3s
     0     0 1372.92388    0  194 1287.00000 1372.92388  6.68%     -    4s
     0     0 1372.92176    0  195 1287.00000 1372.92176  6.68%     -    4s
     0     0 1372.92156    0  195 1287.00000 1372.92156  6.68%     -    4s
     0     2 1372.87708    0  195 1287.00000 1372.87708  6.67%     -    4s
     1     3 1372.87291    1  192 1287.00000 1372.87708  6.67%  72.0    5s
H  249   249                    1288.0000000 1371.10388  6.45%  54.3    9s
H  249   249                    1292.0000000 1371.10388  6.12%  54.3    9s
H  249   249                    1294.0000000 1371.10388  5.96%  54.3    9s
H  249   249                    1295.0000000 1371.10388  5.88%  54.3   10s
H  529   498                    1296.0000000 1370.86778  5.78%  57.1   14s
   530   499 1358.38334   16  195 1296.00000 1370.86778  5.78%  57.0   16s
   537   504 1353.84320   28  193 1296.00000 1370.86778  5.78%  56.2   20s
   581   535 1352.52751   31  159 1296.00000 1370.86778  5.78%  65.3   25s
H  627   538                    1300.0000000 1370.86778  5.45%  68.9   29s
H  627   514                    1302.0000000 1370.86778  5.29%  68.9   30s
H  627   491                    1307.0000000 1370.86778  4.89%  68.9   33s
H  627   470                    1309.0000000 1370.86778  4.73%  68.9   33s
   645   484 1326.90785   63  145 1309.00000 1370.86778  4.73%  71.2   35s
H  667   475                    1310.0000000 1370.86778  4.65%  72.6   37s
   726   488 1352.87445   19  140 1310.00000 1370.86778  4.65%  74.7   40s
H  917   574                    1311.0000000 1369.79484  4.48%  81.5   43s
H  917   555                    1312.0000000 1369.79484  4.41%  81.5   43s
H  965   526                    1313.0000000 1369.79484  4.33%  79.0   43s
*  971   499              80    1315.0000000 1369.79484  4.17%  78.5   43s
  1000   518 1335.95939   27  133 1315.00000 1369.78311  4.17%  80.2   45s
  1221   621 1319.93844   46  118 1315.00000 1368.75118  4.09%  84.4   50s
  1442   707 1329.94215   43  133 1315.00000 1368.38856  4.06%  86.8   55s
  1636   854 1355.05524   18  164 1315.00000 1368.27609  4.05%  87.9   60s
  1840  1035 1353.36780   26  153 1315.00000 1368.01890  4.03%  90.3   65s
  1983  1168 1331.27877   39  129 1315.00000 1367.25338  3.97%  91.1   70s
  2287  1418 1355.39932   24  175 1315.00000 1366.66370  3.93%  91.3   75s
H 2411  1498                    1316.0000000 1366.40960  3.83%  90.3   78s
H 2411  1235                    1322.0000000 1366.40960  3.36%  90.3   78s
H 2411  1159                    1324.0000000 1366.40960  3.20%  90.3   78s
  2433  1183 1335.20140   36  123 1324.00000 1366.40960  3.20%  90.7   80s
  2789  1445 1359.95564   17  171 1324.00000 1365.76066  3.15%  89.0   85s
  3221  1781 1358.94796   17  169 1324.00000 1365.12427  3.11%  86.6   90s
  3626  2084 1363.40383   20  170 1324.00000 1364.51359  3.06%  86.0   95s
  3874  2285 1349.15397   26  171 1324.00000 1364.25077  3.04%  84.9  100s
  4111  2460 1343.11780   22  166 1324.00000 1363.97930  3.02%  84.7  105s
  4343  2640 1339.58693   40  145 1324.00000 1363.81420  3.01%  84.0  110s
  4531  2778 1338.39452   36  137 1324.00000 1363.70200  3.00%  83.8  116s
  4593  2824 1355.57787   19  175 1324.00000 1363.68419  3.00%  83.9  120s
  4807  2985     cutoff   45      1324.00000 1363.39764  2.98%  83.0  125s
H 4924  3019                    1325.0000000 1363.36146  2.90%  82.7  130s
  4956  3052 1330.11673   47  111 1325.00000 1363.36146  2.90%  82.8  135s
  5147  3180 1332.92696   57  149 1325.00000 1363.20676  2.88%  82.9  140s
  5403  3375 1354.52005   19  157 1325.00000 1362.88638  2.86%  81.8  145s
  5665  3570 1357.96055   21  168 1325.00000 1362.84437  2.86%  81.3  150s
  6032  3848 1349.94525   31  159 1325.00000 1362.67226  2.84%  81.1  155s
  6388  4104 1330.25344   36  158 1325.00000 1362.36496  2.82%  80.4  160s
  6767  4378 1348.46862   24  165 1325.00000 1362.12400  2.80%  80.6  165s
  6962  4517 1357.41110   23  170 1325.00000 1362.03322  2.79%  80.2  170s
  7247  4735 1336.06989   23  123 1325.00000 1361.82537  2.78%  79.5  175s
  7542  4949 1341.53786   40  155 1325.00000 1361.70507  2.77%  79.0  180s
  7849  5166 1326.91042   45  133 1325.00000 1361.56211  2.76%  78.6  185s
  8137  5370 1326.95965   43  143 1325.00000 1361.44005  2.75%  78.2  190s
  8440  5579 1357.26402   21  162 1325.00000 1361.29186  2.74%  78.1  195s
H 8636  5121                    1329.0000000 1361.19076  2.42%  77.9  200s
H 8636  4919                    1330.0000000 1361.19076  2.35%  77.9  200s
  8667  4952 1332.58544   52  140 1330.00000 1361.19076  2.35%  77.8  205s
  8916  5108 1357.14324   20  161 1330.00000 1361.06677  2.34%  77.8  210s
  9201  5298 1340.72411   30  146 1330.00000 1360.95582  2.33%  77.6  215s
  9539  5533 1348.06668   19  160 1330.00000 1360.79563  2.32%  77.4  220s
  9858  5749 1348.51048   27  165 1330.00000 1360.70477  2.31%  77.4  225s
 10067  5880 1359.59046   18  157 1330.00000 1360.63444  2.30%  77.3  230s
 10203  5973 1347.82485   32  195 1330.00000 1360.56615  2.30%  77.2  307s
 10211  5978 1341.51645   37  201 1330.00000 1360.56615  2.30%  77.1  311s
 10214  5980 1347.93341   20  202 1330.00000 1360.56615  2.30%  77.1  316s
 10218  5983 1335.07260   37  201 1330.00000 1360.56615  2.30%  77.1  320s
 10225  5990 1360.56615   20  181 1330.00000 1360.56615  2.30%  77.2  325s
 10243  6002 1360.51040   29  172 1330.00000 1360.56615  2.30%  77.4  330s
H10248  5703                    1333.0000000 1360.56615  2.07%  77.4  333s
H10248  5418                    1334.0000000 1360.56615  1.99%  77.4  334s
 10248  5420 1359.33796   32  182 1334.00000 1360.56615  1.99%  77.4  338s
 10257  5426 1349.11619   36  156 1334.00000 1360.56615  1.99%  77.4  340s
 10318  5458 1338.08026   38  116 1334.00000 1360.56615  1.99%  77.6  345s
 10390  5487 1360.56615   25  179 1334.00000 1360.56615  1.99%  77.8  352s
 10426  5503 1360.56615   23  172 1334.00000 1360.56615  1.99%  77.9  355s
 10474  5527 1358.98348   27  168 1334.00000 1360.56615  1.99%  78.1  360s
 10526  5551 1359.58196   24  165 1334.00000 1360.56615  1.99%  78.3  365s
 10580  5565 1335.73435   45  143 1334.00000 1360.56615  1.99%  78.4  370s
 10611  5582 1336.91459   36  135 1334.00000 1360.56615  1.99%  78.6  375s
 10702  5613 1360.56615   24  180 1334.00000 1360.56615  1.99%  78.6  380s
 10781  5649 1355.04075   30  165 1334.00000 1360.56615  1.99%  78.8  385s
 10822  5676 1336.07915   47  124 1334.00000 1360.56615  1.99%  78.9  390s
 10925  5724 1341.70457   44  142 1334.00000 1360.56615  1.99%  79.1  395s
 11147  5794 1357.71777   28  185 1334.00000 1360.56615  1.99%  79.3  400s
 11349  5882 1340.69103   40  143 1334.00000 1360.56615  1.99%  79.5  406s
 11536  5950 1360.56615   24  186 1334.00000 1360.56615  1.99%  79.4  410s
 11770  6028 1355.08283   30  173 1334.00000 1360.56615  1.99%  79.5  415s
 12007  6089 1360.56615   26  179 1334.00000 1360.56615  1.99%  79.6  420s
 12303  6197 1349.33069   28  160 1334.00000 1360.56615  1.99%  79.4  425s
 12589  6279 1340.87420   45  155 1334.00000 1360.56615  1.99%  79.4  430s
 12841  6343 1350.79103   29  147 1334.00000 1360.56615  1.99%  79.5  435s
 13117  6423 1355.67219   30  177 1334.00000 1360.56615  1.99%  79.4  440s
 13531  6556 1352.41763   29  169 1334.00000 1360.56615  1.99%  79.2  445s
H13690  6266                    1336.0000000 1360.56615  1.84%  79.3  449s
 13709  6264 1358.20808   26  164 1336.00000 1360.56615  1.84%  79.3  450s
 13952  6330 1342.32177   39  144 1336.00000 1360.56615  1.84%  79.2  455s
 14134  6375 1349.15227   34  160 1336.00000 1360.56615  1.84%  79.2  460s
 14356  6451 1346.96444   35  162 1336.00000 1360.56615  1.84%  79.3  465s
 14585  6514 1356.35114   29  175 1336.00000 1360.54226  1.84%  79.1  470s
 14740  6561 1337.80978   42  155 1336.00000 1360.47771  1.83%  79.1  475s
 15006  6618 1354.63799   29  163 1336.00000 1360.30483  1.82%  78.9  480s
 15237  6688 1346.60942   38  153 1336.00000 1360.04486  1.80%  78.8  485s
 15473  6751 1347.50770   33  151 1336.00000 1359.83890  1.78%  78.8  490s
 15726  6823 1340.88258   36  141 1336.00000 1359.76648  1.78%  78.7  495s
 15974  6884 1356.77049   25  154 1336.00000 1359.66200  1.77%  78.6  500s
 16181  6920 1353.05852   33  167 1336.00000 1359.53960  1.76%  78.5  505s
 16316  6947 1345.90066   37  142 1336.00000 1359.51490  1.76%  78.5  510s
 16519  6998 1355.48174   26  171 1336.00000 1359.42015  1.75%  78.5  515s
 16720  7066 1339.50240   43  147 1336.00000 1359.33107  1.75%  78.5  521s
 16995  7125 1356.08152   31  173 1336.00000 1359.22445  1.74%  78.3  525s
 17376  7220 1350.50067   31  149 1336.00000 1359.05941  1.73%  78.2  530s
 17599  7275 1337.90463   37  148 1336.00000 1358.97761  1.72%  78.2  535s
 17832  7317 1338.16312   34  142 1336.00000 1358.87427  1.71%  78.1  540s
 17980  7356 1340.93977   35  141 1336.00000 1358.82132  1.71%  78.1  545s
 18221  7388 1343.58639   36  160 1336.00000 1358.77539  1.70%  78.3  550s
 18272  7396 1338.91978   38  155 1336.00000 1358.76666  1.70%  78.3  556s
 18436  7431 1352.77183   31  170 1336.00000 1358.72927  1.70%  78.2  560s
 18704  7500 1352.32151   34  161 1336.00000 1358.63401  1.69%  78.0  565s
 18957  7568 1351.25271   33  150 1336.00000 1358.55525  1.69%  78.0  570s
 19152  7623 1340.48923   44  155 1336.00000 1358.49961  1.68%  77.9  576s
 19341  7658     cutoff   39      1336.00000 1358.45357  1.68%  77.9  580s
 19605  7720 1347.00925   32  168 1336.00000 1358.39492  1.68%  77.8  585s
 19826  7772 1341.53780   40  136 1336.00000 1358.33348  1.67%  77.9  591s
 19988  7801 1337.55731   36  143 1336.00000 1358.27800  1.67%  77.8  595s
 20205  7863 1343.43641   35  149 1336.00000 1358.22205  1.66%  77.9  600s
 20560  7947 1356.26143   29  170 1336.00000 1358.08955  1.65%  77.8  605s
 20704  7980 1354.76607   27  161 1336.00000 1358.05212  1.65%  77.7  610s
 20890  8040 1337.17153   45  145 1336.00000 1357.98356  1.65%  77.8  615s
 21127  8059 1347.71880   29  161 1336.00000 1357.90431  1.64%  77.7  620s
 21447  8126     cutoff   35      1336.00000 1357.82171  1.63%  77.7  625s
 21651  8145 1352.47310   31  167 1336.00000 1357.76290  1.63%  77.7  630s
 21890  8198 1355.74831   27  169 1336.00000 1357.67592  1.62%  77.6  635s
 22157  8242 1337.96875   39  155 1336.00000 1357.61933  1.62%  77.4  640s
 22338  8252 1356.13636   28  165 1336.00000 1357.57111  1.61%  77.3  645s
 22526  8305 1340.71321   42  149 1336.00000 1357.51718  1.61%  77.4  650s
 22618  8316 1341.56393   35  154 1336.00000 1357.47995  1.61%  77.3  656s
 22898  8367     cutoff   44      1336.00000 1357.42461  1.60%  77.3  660s
 23257  8430 1338.46619   37  157 1336.00000 1357.34289  1.60%  77.2  665s
 23489  8462 1338.13324   38  139 1336.00000 1357.29139  1.59%  77.2  670s
 23675  8481 1352.15636   27  153 1336.00000 1357.22467  1.59%  77.2  675s
 23817  8507 1349.04698   36  144 1336.00000 1357.18027  1.59%  77.1  680s
 24018  8545 1340.17200   45  137 1336.00000 1357.12691  1.58%  77.1  685s
 24232  8585 1349.32420   32  153 1336.00000 1357.09423  1.58%  77.0  690s
 24463  8621 1341.13775   43  159 1336.00000 1357.03879  1.57%  77.0  695s
 24671  8660 1355.31386   34  189 1336.00000 1356.99298  1.57%  77.0  700s
 24852  8685 1342.32586   34  152 1336.00000 1356.92292  1.57%  76.9  705s
 25051  8740 1337.09451   45  147 1336.00000 1356.88663  1.56%  76.9  710s
 25158  8752 1343.89330   33  161 1336.00000 1356.86142  1.56%  77.0  715s
 25359  8787 1349.38934   33  149 1336.00000 1356.83947  1.56%  76.9  720s
 25650  8850 1338.32327   35  143 1336.00000 1356.77953  1.56%  76.9  725s
 25859  8960 1338.79332   38  155 1336.00000 1356.70519  1.55%  76.9  730s
 26049  9033 1353.61718   30  159 1336.00000 1356.69123  1.55%  76.8  741s
 26181  9096 1348.58658   41  160 1336.00000 1356.67473  1.55%  76.8  746s
 26305  9163 1342.59137   43  144 1336.00000 1356.62368  1.54%  76.8  750s
 26491  9263 1340.96921   49  133 1336.00000 1356.58840  1.54%  76.8  755s
 26703  9367 1350.84339   32  155 1336.00000 1356.57384  1.54%  76.8  760s
 26918  9490 1339.18881   37  154 1336.00000 1356.51198  1.54%  76.8  765s
 27169  9617 1355.36955   31  183 1336.00000 1356.47091  1.53%  76.7  770s
 27387  9733 1339.63774   33  142 1336.00000 1356.44553  1.53%  76.7  775s
 27507  9800 1351.52633   32  156 1336.00000 1356.42284  1.53%  76.7  780s
 27769  9927 1352.38813   31  175 1336.00000 1356.37398  1.52%  76.7  785s
 28087 10084 1340.68845   40  159 1336.00000 1356.30081  1.52%  76.7  790s
 28460 10275 1350.42692   29  160 1336.00000 1356.24364  1.52%  76.7  795s
 28773 10422 1349.61862   35  173 1336.00000 1356.18248  1.51%  76.6  800s
 29186 10603 1348.61693   30  147 1336.00000 1356.08996  1.50%  76.5  805s
 29440 10728 1353.76462   30  152 1336.00000 1356.03531  1.50%  76.5  810s
 29499 10751 1340.73327   39  151 1336.00000 1356.02933  1.50%  76.5  816s
 29675 10839 1350.74894   29  153 1336.00000 1355.97553  1.50%  76.4  820s
 29868 10944 1350.99737   26  161 1336.00000 1355.95464  1.49%  76.5  825s
 30110 11052 1337.83398   45  148 1336.00000 1355.92275  1.49%  76.4  830s
 30371 11175 1340.89783   33  161 1336.00000 1355.88191  1.49%  76.4  835s
 30621 11289 1340.80518   33  140 1336.00000 1355.85904  1.49%  76.3  840s
 30862 11405 1337.81727   37  117 1336.00000 1355.77861  1.48%  76.3  845s
 31029 11475     cutoff   46      1336.00000 1355.75362  1.48%  76.3  850s
 31271 11575 1350.71526   33  161 1336.00000 1355.70807  1.48%  76.2  855s
 31519 11668 1350.41954   31  159 1336.00000 1355.67195  1.47%  76.2  860s
 31761 11787 1351.55580   35  167 1336.00000 1355.62561  1.47%  76.2  865s
 32051 11936 1353.62363   30  168 1336.00000 1355.59699  1.47%  76.1  870s
 32378 12094 1349.07390   39  155 1336.00000 1355.54678  1.46%  76.1  875s
 32723 12266 1343.83445   43  133 1336.00000 1355.50748  1.46%  76.0  880s
 33013 12395 1338.98864   44  156 1336.00000 1355.48815  1.46%  76.0  885s
 33243 12507 1342.68006   37  157 1336.00000 1355.46116  1.46%  76.0  890s
 33488 12630 1345.58023   34  150 1336.00000 1355.43986  1.46%  76.0  895s
 33735 12747 1338.79795   37  169 1336.00000 1355.39911  1.45%  76.0  900s
 33955 12850 1350.39540   30  152 1336.00000 1355.36279  1.45%  75.9  905s
 34177 12957 1347.78757   39  142 1336.00000 1355.33962  1.45%  75.9  910s
 34336 13020 1339.23271   35  151 1336.00000 1355.31342  1.45%  75.9  915s
 34574 13137 1338.67404   36  154 1336.00000 1355.29570  1.44%  75.9  920s
 34854 13264 1345.17622   38  157 1336.00000 1355.24402  1.44%  75.8  925s
 35096 13369 1341.19969   33  147 1336.00000 1355.20435  1.44%  75.8  930s
 35334 13485 1341.24962   37  148 1336.00000 1355.17703  1.44%  75.8  935s
 35597 13589 1341.23951   39  143 1336.00000 1355.11870  1.43%  75.7  940s
 35912 13743     cutoff   41      1336.00000 1355.06560  1.43%  75.7  945s
 36196 13866 1337.69387   37  141 1336.00000 1355.03088  1.42%  75.7  950s
 36565 14000 1339.75938   37  160 1336.00000 1354.99483  1.42%  75.7  955s
 36804 14111 1340.43230   35  145 1336.00000 1354.95884  1.42%  75.7  960s
 37064 14208 1349.44998   30  171 1336.00000 1354.94502  1.42%  75.7  965s
 37308 14324 1352.49093   30  165 1336.00000 1354.92350  1.42%  75.6  970s
 37363 14360 1343.24012   37  144 1336.00000 1354.92192  1.42%  75.6  975s
 37667 14505 1345.00134   33  162 1336.00000 1354.87885  1.41%  75.6  980s
 38001 14643 1337.84025   40  140 1336.00000 1354.83112  1.41%  75.6  985s
 38340 14788 1346.60856   28  146 1336.00000 1354.79356  1.41%  75.6  990s
 38721 14964     cutoff   40      1336.00000 1354.75468  1.40%  75.5  995s
 39017 15104     cutoff   44      1336.00000 1354.73238  1.40%  75.5 1000s
 39289 15231 1344.05409   34  151 1336.00000 1354.70145  1.40%  75.5 1005s
 39587 15354 1352.30887   30  151 1336.00000 1354.66559  1.40%  75.5 1010s
 39877 15460 1337.76390   39  128 1336.00000 1354.63542  1.39%  75.4 1015s
 40128 15577 1346.92214   41  156 1336.00000 1354.60910  1.39%  75.4 1020s
 40520 15732 1350.23278   28  153 1336.00000 1354.56216  1.39%  75.4 1025s
 40828 15872 1345.16490   36  155 1336.00000 1354.53919  1.39%  75.4 1030s
 41081 15989 1349.44716   33  159 1336.00000 1354.51609  1.39%  75.3 1035s
 41442 16144     cutoff   42      1336.00000 1354.48653  1.38%  75.3 1040s
 41796 16316 1349.31551   32  143 1336.00000 1354.44212  1.38%  75.3 1045s
 41978 16406 1351.68629   33  160 1336.00000 1354.41402  1.38%  75.3 1050s
 42217 16526 1347.69717   40  139 1336.00000 1354.39399  1.38%  75.3 1055s
 42468 16624 1339.91074   36  140 1336.00000 1354.37299  1.38%  75.3 1060s
 42748 16741 1351.85529   35  169 1336.00000 1354.34461  1.37%  75.2 1065s
 42981 16863 1344.72050   34  152 1336.00000 1354.31895  1.37%  75.2 1070s
 43215 16967 1347.62215   37  158 1336.00000 1354.29344  1.37%  75.2 1075s
 43273 16995 1343.47985   34  155 1336.00000 1354.27902  1.37%  75.2 1080s
 43389 17050 1349.85832   36  162 1336.00000 1354.25924  1.37%  75.2 1085s
 43634 17155 1338.22939   42  141 1336.00000 1354.23556  1.36%  75.2 1090s
 43861 17244 1350.54075   30  149 1336.00000 1354.19520  1.36%  75.2 1095s
 44091 17358 1343.55568   32  151 1336.00000 1354.17807  1.36%  75.2 1100s
 44244 17418 1341.59285   33  150 1336.00000 1354.13961  1.36%  75.2 1106s
 44480 17510     cutoff   44      1336.00000 1354.11521  1.36%  75.2 1110s
 44902 17707     cutoff   32      1336.00000 1354.07660  1.35%  75.1 1115s
 45098 17805 1338.83323   47  140 1336.00000 1354.05508  1.35%  75.1 1120s
 45388 17905 1338.14021   37  137 1336.00000 1354.02214  1.35%  75.1 1125s
 45663 18016 1340.61165   37  140 1336.00000 1354.00149  1.35%  75.0 1130s
 45893 18114 1337.67525   38  131 1336.00000 1353.98101  1.35%  75.0 1135s
 46132 18209 1351.50725   30  165 1336.00000 1353.96673  1.34%  75.0 1140s
 46379 18337     cutoff   47      1336.00000 1353.94533  1.34%  75.0 1145s
 46586 18434 1338.49081   38  164 1336.00000 1353.93280  1.34%  74.9 1151s
 46702 18478 1340.50753   38  151 1336.00000 1353.91913  1.34%  74.9 1155s
 46944 18572 1337.27774   37  133 1336.00000 1353.88577  1.34%  74.9 1160s
 47161 18659 1337.68347   32  167 1336.00000 1353.86366  1.34%  74.9 1165s
 47458 18790 1349.55084   30  160 1336.00000 1353.83792  1.34%  74.9 1170s
 47707 18895 1337.38632   42  145 1336.00000 1353.81828  1.33%  74.9 1175s
 47874 18948 1347.52973   34  153 1336.00000 1353.80943  1.33%  74.9 1183s
 47930 18979 1345.73312   40  156 1336.00000 1353.80610  1.33%  74.9 1185s
 48173 19073 1349.15337   33  158 1336.00000 1353.77962  1.33%  74.9 1190s
 48441 19194 1339.33075   42  153 1336.00000 1353.75174  1.33%  74.8 1195s
 48702 19308 1345.11040   34  139 1336.00000 1353.72642  1.33%  74.8 1200s
 48970 19434 1346.19660   32  158 1336.00000 1353.70138  1.32%  74.8 1205s
 49257 19550 1340.76278   41  148 1336.00000 1353.67181  1.32%  74.8 1210s
 49552 19665 1339.02096   34  141 1336.00000 1353.64775  1.32%  74.8 1215s
 49755 19753 1337.63974   46  147 1336.00000 1353.63766  1.32%  74.7 1220s
 50160 19938 1338.95194   35  139 1336.00000 1353.60590  1.32%  74.6 1225s
 50458 20085 1341.18433   41  145 1336.00000 1353.58308  1.32%  74.6 1230s
 50723 20195 1339.99309   44  153 1336.00000 1353.55813  1.31%  74.6 1235s
 51005 20289 1344.09342   43  155 1336.00000 1353.52144  1.31%  74.6 1240s
 51203 20378 1345.26695   33  155 1336.00000 1353.51240  1.31%  74.6 1245s
 51417 20454 1347.24557   28  159 1336.00000 1353.49735  1.31%  74.6 1250s
 51636 20540 1344.95565   36  167 1336.00000 1353.48390  1.31%  74.6 1255s
 51974 20698 1344.75876   32  164 1336.00000 1353.45931  1.31%  74.6 1260s
 52300 20860 1343.35835   32  154 1336.00000 1353.43116  1.30%  74.6 1265s
 52595 20956 1350.54329   30  149 1336.00000 1353.40439  1.30%  74.6 1272s
 52755 21020 1338.61092   34  151 1336.00000 1353.39062  1.30%  74.6 1275s
 53069 21158 1343.83436   36  155 1336.00000 1353.35854  1.30%  74.5 1280s
 53218 21227 1341.42670   34  137 1336.00000 1353.34213  1.30%  74.5 1285s
 53512 21343 1340.38988   37  169 1336.00000 1353.31592  1.30%  74.5 1290s
 54030 21551     cutoff   44      1336.00000 1353.27693  1.29%  74.4 1295s
 54477 21702 1348.60220   30  160 1336.00000 1353.24099  1.29%  74.4 1300s
 54931 21888 1346.08955   36  174 1336.00000 1353.20734  1.29%  74.5 1305s
 55329 22047 1337.48263   43  135 1336.00000 1353.19373  1.29%  74.4 1310s
 55637 22159     cutoff   40      1336.00000 1353.17327  1.29%  74.4 1315s
 55940 22258 1346.87781   37  174 1336.00000 1353.13663  1.28%  74.4 1320s
 56150 22343 1349.09566   34  179 1336.00000 1353.11401  1.28%  74.4 1325s
 56466 22474 1346.20724   33  142 1336.00000 1353.09573  1.28%  74.4 1330s
 56763 22604 1345.54307   30  151 1336.00000 1353.07332  1.28%  74.4 1335s
 57069 22735 1341.56983   46  153 1336.00000 1353.05596  1.28%  74.4 1340s
 57359 22862 1350.66914   30  161 1336.00000 1353.03441  1.28%  74.4 1345s
 57679 22991 1343.87520   34  172 1336.00000 1353.00831  1.27%  74.4 1350s
 57988 23120 1345.14573   34  154 1336.00000 1352.98806  1.27%  74.4 1356s
 58176 23215 1337.41980   47  135 1336.00000 1352.97430  1.27%  74.3 1360s
 58455 23319 1349.34762   29  150 1336.00000 1352.95858  1.27%  74.3 1365s
 58789 23468 1337.51752   40  163 1336.00000 1352.93892  1.27%  74.3 1370s
 59158 23600 1347.92543   35  133 1336.00000 1352.90969  1.27%  74.3 1375s
 59448 23725 1347.99423   30  159 1336.00000 1352.89099  1.26%  74.3 1380s
 59804 23878 1337.25027   44  134 1336.00000 1352.87656  1.26%  74.3 1385s
 59972 23940 1343.25921   31  153 1336.00000 1352.86715  1.26%  74.3 1392s
 60122 23994 1342.49345   43  146 1336.00000 1352.85801  1.26%  74.3 1395s
 60486 24142     cutoff   39      1336.00000 1352.83920  1.26%  74.2 1400s
 60844 24291 1344.86704   33  162 1336.00000 1352.81578  1.26%  74.2 1405s
 61279 24445 1346.03602   32  152 1336.00000 1352.78061  1.26%  74.2 1410s
 61785 24644 1345.00382   33  153 1336.00000 1352.73987  1.25%  74.1 1415s
 62044 24756 1338.42140   37  157 1336.00000 1352.71565  1.25%  74.2 1420s
 62234 24834     cutoff   44      1336.00000 1352.70888  1.25%  74.1 1425s
 62491 24906 1339.94987   34  141 1336.00000 1352.69187  1.25%  74.2 1430s
 62766 25006 1340.93496   42  163 1336.00000 1352.67859  1.25%  74.1 1435s
 63021 25120     cutoff   39      1336.00000 1352.66489  1.25%  74.1 1440s
 63269 25241 1344.74524   35  146 1336.00000 1352.65601  1.25%  74.1 1445s
 63500 25331 1345.65513   32  159 1336.00000 1352.63686  1.25%  74.1 1450s
 63705 25409 1349.68030   31  155 1336.00000 1352.62811  1.24%  74.1 1455s
 63836 25467 1341.13888   37  150 1336.00000 1352.62234  1.24%  74.1 1460s
 64075 25565 1338.25215   43  145 1336.00000 1352.61399  1.24%  74.1 1465s
 64323 25647 1338.39293   50  139 1336.00000 1352.59732  1.24%  74.1 1470s
 64592 25767 1348.88133   32  156 1336.00000 1352.57821  1.24%  74.0 1475s
 64984 25919 1337.12689   39  152 1336.00000 1352.55766  1.24%  74.0 1480s
 65400 26087 1337.95726   44  137 1336.00000 1352.53182  1.24%  74.0 1485s
 65502 26128 1339.21023   45  153 1336.00000 1352.52883  1.24%  74.0 1497s
 65598 26169     cutoff   41      1336.00000 1352.52441  1.24%  74.0 1500s
 65824 26262 1343.45052   31  151 1336.00000 1352.51543  1.24%  73.9 1505s
 66055 26347 1347.45075   33  159 1336.00000 1352.49681  1.23%  73.9 1510s
 66237 26423 1346.12719   38  162 1336.00000 1352.48992  1.23%  73.9 1515s
 66455 26506 1346.28928   32  146 1336.00000 1352.47548  1.23%  73.9 1520s
 66697 26586 1346.98904   31  154 1336.00000 1352.46731  1.23%  73.9 1525s
 66817 26636 1349.71563   31  183 1336.00000 1352.46107  1.23%  73.9 1530s
 67032 26731 1340.70494   37  152 1336.00000 1352.45139  1.23%  73.9 1535s
 67331 26873 1338.78367   40  154 1336.00000 1352.43419  1.23%  73.9 1540s
 67627 26995 1350.96217   34  162 1336.00000 1352.41230  1.23%  73.9 1545s
 67945 27110 1340.98199   38  146 1336.00000 1352.39025  1.23%  73.9 1550s
 68329 27240 1344.59341   42  156 1336.00000 1352.37294  1.23%  73.8 1555s
 68368 27257 1345.24354   37  152 1336.00000 1352.37195  1.23%  73.8 1561s
 68535 27329 1343.50603   36  148 1336.00000 1352.36091  1.22%  73.8 1565s
 68820 27432 1346.26478   34  163 1336.00000 1352.35305  1.22%  73.8 1570s
 69090 27558 1346.55805   36  162 1336.00000 1352.33092  1.22%  73.8 1575s
 69356 27658 1344.35768   34  158 1336.00000 1352.31897  1.22%  73.8 1580s
 69631 27763 1348.22879   35  174 1336.00000 1352.30894  1.22%  73.8 1585s
 69802 27842 1339.99005   37  147 1336.00000 1352.30271  1.22%  73.8 1592s
 69956 27910 1345.55979   34  135 1336.00000 1352.29907  1.22%  73.8 1595s
 70333 28049 1338.37598   51  148 1336.00000 1352.28421  1.22%  73.7 1600s
 70756 28210 1348.40081   33  167 1336.00000 1352.25827  1.22%  73.7 1605s
 71044 28305 1341.87914   39  168 1336.00000 1352.24769  1.22%  73.7 1610s
 71326 28411     cutoff   44      1336.00000 1352.23552  1.22%  73.7 1615s
 71612 28518 1350.56785   32  159 1336.00000 1352.22450  1.21%  73.7 1620s
 71871 28622 1347.49383   33  142 1336.00000 1352.20862  1.21%  73.7 1625s
 72044 28701 1342.82644   36  141 1336.00000 1352.19910  1.21%  73.7 1630s
 72332 28807 1347.21481   38  156 1336.00000 1352.17979  1.21%  73.7 1635s
 72624 28943     cutoff   42      1336.00000 1352.16721  1.21%  73.7 1640s
 72918 29072 1347.56621   36  171 1336.00000 1352.15618  1.21%  73.7 1645s
 73219 29199 1346.52352   36  170 1336.00000 1352.13605  1.21%  73.6 1650s
 73498 29305 1348.66922   34  156 1336.00000 1352.11470  1.21%  73.6 1655s
 73817 29409 1350.00689   35  158 1336.00000 1352.09374  1.20%  73.6 1660s
 74023 29498 1348.93501   34  156 1336.00000 1352.08416  1.20%  73.6 1665s
 74392 29650 1344.26656   37  152 1336.00000 1352.07043  1.20%  73.6 1670s
 75014 29875 1339.35422   33  140 1336.00000 1352.03841  1.20%  73.6 1675s
 75568 30091 1342.72872   37  151 1336.00000 1352.01265  1.20%  73.5 1680s
 75976 30240 1344.99909   35  146 1336.00000 1351.99918  1.20%  73.5 1685s
 76372 30374     cutoff   40      1336.00000 1351.97400  1.20%  73.5 1690s
 76712 30478 1337.50274   39  152 1336.00000 1351.95313  1.19%  73.5 1695s
 76939 30555 1345.00053   34  164 1336.00000 1351.94148  1.19%  73.5 1700s
 77341 30701 1345.16586   31  158 1336.00000 1351.93018  1.19%  73.5 1705s
 77666 30850 1341.54388   40  170 1336.00000 1351.91970  1.19%  73.4 1713s
 77751 30884 1340.12380   41  142 1336.00000 1351.91734  1.19%  73.4 1715s
 78071 30990 1341.03642   44  140 1336.00000 1351.89725  1.19%  73.4 1720s
 78449 31132 1340.12312   45  166 1336.00000 1351.88359  1.19%  73.4 1725s
 78949 31330 1343.45012   33  143 1336.00000 1351.86094  1.19%  73.4 1731s
 79365 31483 1346.19183   41  150 1336.00000 1351.83833  1.19%  73.3 1735s
 79876 31658 1341.82540   31  165 1336.00000 1351.81075  1.18%  73.3 1740s
 80233 31772 1348.81780   32  170 1336.00000 1351.79314  1.18%  73.3 1745s
 80822 31977 1348.91228   36  156 1336.00000 1351.76535  1.18%  73.3 1750s
 81074 32078 1344.18054   34  162 1336.00000 1351.75520  1.18%  73.3 1755s
 81415 32205 1346.64302   34  159 1336.00000 1351.74054  1.18%  73.2 1760s
 81683 32315 1340.11456   37  147 1336.00000 1351.72784  1.18%  73.2 1765s
 82009 32424 1348.57450   33  155 1336.00000 1351.71186  1.18%  73.2 1770s
 82362 32569 1347.37270   33  166 1336.00000 1351.69769  1.17%  73.2 1775s
 82756 32717 1338.72339   34  136 1336.00000 1351.68603  1.17%  73.2 1780s
 83100 32834 1348.11555   34  158 1336.00000 1351.67173  1.17%  73.2 1785s
 83482 32978 1343.18047   26  161 1336.00000 1351.65967  1.17%  73.1 1790s
 83893 33129 1339.15228   34  136 1336.00000 1351.63826  1.17%  73.1 1795s

Cutting planes:
  Gomory: 14
  MIR: 3
  Flow cover: 12
  Zero half: 8

Explored 84153 nodes (6153434 simplex iterations) in 1800.02 seconds (770.18 work units)
Thread count was 1 (of 12 available processors)

Solution count 10: 1336 1334 1333 ... 1315

Time limit reached
Best objective 1.336000000000e+03, best bound 1.351000000000e+03, gap 1.1228%
