
Gurobi 12.0.2 (linux64, C++) logging started Thu Jun 19 08:00:22 2025

Set parameter LogFile to value "log/instances/scenario1/not_correlated_sc1/800/kpfs_6.txt.log"

Gurobi 12.0.2 (linux64, C++) logging started Thu Jun 19 08:01:44 2025

Set parameter LogFile to value "log/instances/scenario1/not_correlated_sc1/800/kpfs_6.txt.log"

Gurobi 12.0.2 (linux64, C++) logging started Thu Jun 19 08:02:57 2025

Set parameter LogFile to value "log/instances/scenario1/not_correlated_sc1/800/kpfs_6.txt.log"

Gurobi 12.0.2 (linux64, C++) logging started Fri Jun 20 06:17:25 2025

Set parameter WLSAccessID
Set parameter WLSSecret
Set parameter LicenseID to value 2679381
Set parameter LogFile to value "log/instances/scenario1/not_correlated_sc1/800/kpfs_6.txt.log"
Academic license 2679381 - for non-commercial use only - registered to be___@poli.ufrj.br
Set parameter TimeLimit to value 1800
Set parameter Threads to value 1
Gurobi Optimizer version 12.0.2 build v12.0.2rc0 (linux64 - "Ubuntu 24.04.1 LTS")

CPU model: 13th Gen Intel(R) Core(TM) i7-1355U, instruction set [SSE2|AVX|AVX2]
Thread count: 6 physical cores, 12 logical processors, using up to 1 threads

Non-default parameters:
TimeLimit  1800
Threads  1

Academic license 2679381 - for non-commercial use only - registered to be___@poli.ufrj.br
Optimize a model with 4002 rows, 4800 columns and 44748 nonzeros
Model fingerprint: 0xdbac42dc
Variable types: 0 continuous, 4800 integer (800 binary)
Coefficient statistics:
  Matrix range     [1e+00, 3e+01]
  Objective range  [1e+00, 3e+01]
  Bounds range     [1e+00, 2e+01]
  RHS range        [1e+00, 1e+03]
Found heuristic solution: objective 152.0000000
Presolve removed 0 rows and 157 columns
Presolve time: 0.18s
Presolved: 4002 rows, 4643 columns, 44434 nonzeros
Variable types: 0 continuous, 4643 integer (960 binary)

Root simplex log...

Iteration    Objective       Primal Inf.    Dual Inf.      Time
    5662    1.1414471e+03   5.170728e+02   0.000000e+00      5s
    6318    1.1366913e+03   0.000000e+00   0.000000e+00      6s

Root relaxation: objective 1.136691e+03, 6318 iterations, 5.54 seconds (3.14 work units)

    Nodes    |    Current Node    |     Objective Bounds      |     Work
 Expl Unexpl |  Obj  Depth IntInf | Incumbent    BestBd   Gap | It/Node Time

     0     0 1136.69132    0  500  152.00000 1136.69132   648%     -    5s
H    0     0                     170.0000000 1136.69132   569%     -    5s
H    0     0                     189.0000000 1136.69132   501%     -    6s
H    0     0                     295.0000000 1136.69132   285%     -    6s
H    0     0                     305.0000000 1136.69132   273%     -    6s
H    0     0                     328.0000000 1136.69132   247%     -    6s
H    0     0                     347.0000000 1136.69132   228%     -    7s
H    0     0                     378.0000000 1136.69132   201%     -    7s
H    0     0                     395.0000000 1136.69132   188%     -   11s
H    0     0                     397.0000000 1136.69132   186%     -   11s
H    0     0                     429.0000000 1136.69132   165%     -   11s
     0     0 1135.66931    0  497  429.00000 1135.66931   165%     -   14s
     0     0 1135.43300    0  497  429.00000 1135.43300   165%     -   27s
     0     0 1135.39759    0  495  429.00000 1135.39759   165%     -   27s
     0     0 1135.39202    0  495  429.00000 1135.39202   165%     -   27s
     0     0 1134.98511    0  495  429.00000 1134.98511   165%     -   32s
     0     2 1134.97107    0  495  429.00000 1134.97107   165%     -   45s
     4     6 1019.98417    2  443  429.00000 1130.35401   163%  1598   51s
     9    11 1025.36049    5  447  429.00000 1125.55743   162%  1414   56s
    13    15 1034.39335    7  449  429.00000 1125.55743   162%  1795   60s
    21    23 1102.38492   14  495  429.00000 1125.55743   162%  1353   65s
    27    29 1091.87334   19  487  429.00000 1125.55743   162%  1232   70s
    36    38  972.33215   27  432  429.00000 1125.55743   162%  1118   75s
    52    54 1057.65018   43  468  429.00000 1125.55743   162%   872   80s
    56    58  944.22155   45  440  429.00000 1125.55743   162%   911   85s
    64    66 1040.31158   52  463  429.00000 1125.55743   162%   894   90s
    73    75  937.32914   59  417  429.00000 1125.55743   162%   876   95s
    83    85 1006.73825   68  450  429.00000 1125.55743   162%   856  100s
    88    90  896.59262   71  382  429.00000 1125.55743   162%   871  105s
   102   104  978.95080   84  447  429.00000 1125.55743   162%   827  110s
   109   111  972.02165   89  450  429.00000 1125.55743   162%   830  115s
   126   128  872.08028  105  384  429.00000 1125.55743   162%   766  121s
   133   135  946.57817  111  414  429.00000 1125.55743   162%   764  125s
   146   148  925.97618  122  419  429.00000 1125.55743   162%   750  130s
   163   165  804.72590  136  370  429.00000 1125.55743   162%   744  135s
   172   174  897.86828  143  402  429.00000 1125.55743   162%   748  154s
   174   176  894.46398  145  404  429.00000 1125.55743   162%   743  155s
   186   188  777.85856  155  370  429.00000 1125.55743   162%   729  160s
   206   208  853.08882  174  385  429.00000 1125.55743   162%   688  165s
   222   224  747.00312  187  321  429.00000 1125.55743   162%   676  170s
   235   237  816.63629  198  376  429.00000 1125.55743   162%   664  175s
   239   241  812.12255  202  373  429.00000 1125.55743   162%   655  201s
   252   254  788.08311  213  357  429.00000 1125.55743   162%   645  205s
   260   262  728.26546  218  323  429.00000 1125.55743   162%   648  210s
   280   282  687.07479  235  310  429.00000 1125.55743   162%   631  215s
   306   308  605.50742  259  269  429.00000 1125.55743   162%   604  220s
   326   328  622.51956  276  285  429.00000 1125.55743   162%   591  225s
   340   342  673.24386  289  312  429.00000 1125.55743   162%   580  230s
   353   355  592.03872  299  278  429.00000 1125.55743   162%   579  235s
   380   382  625.35969  323  306  429.00000 1125.55743   162%   560  240s
   416   418  589.82762  357  284  429.00000 1125.55743   162%   531  246s
   464   466  466.98995  400  224  429.00000 1125.55743   162%   502  250s
   494   492  482.14263  426  246  429.00000 1125.55743   162%   488  255s
   550   523  507.33959  413  495  429.00000 1114.43820   160%   461  276s
   552   524  644.90620  263  500  429.00000 1114.43820   160%   459  294s
   553   525  953.10824  108  497  429.00000 1114.43820   160%   458  315s
   560   532 1039.41116   12  460  429.00000 1114.43820   160%   471  321s
   564   534 1033.51073   14  458  429.00000 1114.43820   160%   479  325s
   568   537 1038.49320   16  456  429.00000 1114.43820   160%   489  330s
   573   540 1107.16666   19  488  429.00000 1111.38448   159%   503  335s
   576   542  991.49754   20  458  429.00000 1104.35631   157%   510  340s
   580   545  999.53657   22  455  429.00000 1100.56061   157%   520  346s
   583   547 1096.00669   24  482  429.00000 1098.74794   156%   523  350s
   587   550 1092.44781   26  485  429.00000 1094.56273   155%   533  355s
   590   552  992.20237   27  434  429.00000 1089.20089   154%   539  360s
   594   554  996.54249   29  451  429.00000 1083.94622   153%   548  365s
   598   557  986.73315   31  436  429.00000 1079.46963   152%   557  370s
   602   560  987.67831   33  442  429.00000 1074.47042   150%   563  376s
   606   562  978.38094   35  445  429.00000 1069.98379   149%   571  381s
   609   564 1065.62384   37  481  429.00000 1066.99776   149%   574  385s
   614   568 1017.61118   39  454  429.00000 1062.66381   148%   585  390s
   618   570  960.40624   41  398  429.00000 1055.94578   146%   594  395s
   623   574 1048.63507   44  456  429.00000 1049.73753   145%   600  400s
   628   577  936.35383   46  410  429.00000 1044.58027   143%   610  405s
   633   580 1039.94915   49  462  429.00000 1042.22738   143%   618  410s
   636   582  942.76339   50  401  429.00000 1039.41104   142%   623  415s
   640   585  946.59852   52  433  429.00000 1039.41104   142%   631  421s
   644   588  916.10052   54  394  429.00000 1039.41104   142%   639  426s
   647   590 1028.11342   56  445  429.00000 1039.41104   142%   642  430s
   650   592  914.13345   57  415  429.00000 1039.41104   142%   647  435s
   654   594  927.61725   59  421  429.00000 1039.41104   142%   654  440s
   658   597  942.65097   61  409  429.00000 1039.41104   142%   658  445s
   662   600  879.20363   63  382  429.00000 1039.41104   142%   665  451s
   666   602  895.94217   65  410  429.00000 1039.41104   142%   672  455s
   672   606  916.14407   68  400  429.00000 1039.41104   142%   679  461s
   675   608  998.24790   70  448  429.00000 1039.41104   142%   683  465s
   679   611  993.51147   72  465  429.00000 1039.41104   142%   687  470s
   682   613  911.53090   73  401  429.00000 1039.41104   142%   694  475s
   688   617  888.37359   76  392  429.00000 1039.41104   142%   702  480s
   692   620  849.04551   78  393  429.00000 1039.41104   142%   706  485s
   696   622  840.48770   80  404  429.00000 1039.41104   142%   714  491s
   700   625  861.52740   82  409  429.00000 1039.41104   142%   718  495s
   704   628  861.28726   84  388  429.00000 1039.41104   142%   724  500s
   709   631  966.23665   87  453  429.00000 1039.41104   142%   728  505s
   714   634  872.53117   89  394  429.00000 1039.41104   142%   736  510s
   719   638  954.55425   92  441  429.00000 1039.41104   142%   739  515s
   724   641  872.64015   94  397  429.00000 1039.41104   142%   747  520s
   729   644  944.19081   97  436  429.00000 1039.41104   142%   754  525s
   734   648  821.67645   99  385  429.00000 1039.41104   142%   759  531s
   738   650  852.61634  101  389  429.00000 1039.41104   142%   763  535s
   744   654  803.16878  104  368  429.00000 1039.41104   142%   768  541s
   748   657  837.16653  106  404  429.00000 1039.41104   142%   774  546s
   752   660  833.45617  108  383  429.00000 1039.41104   142%   777  551s
   756   662  835.24991  110  396  429.00000 1039.41104   142%   782  555s
   761   666  920.12673  113  443  429.00000 1039.41104   142%   786  560s
   767   670  913.20727  116  443  429.00000 1039.41104   142%   790  565s
   768   670  825.18722  116  382  429.00000 1039.41104   142%   794  595s
   773   674  904.00907  119  442  429.00000 1039.41104   142%   796  600s
   778   677  819.53428  121  375  429.00000 1039.41104   142%   802  605s
   784   681  791.12261  124  392  429.00000 1039.41104   142%   809  610s
   790   685  809.08150  127  359  429.00000 1039.41104   142%   813  615s
   794   688  795.65857  129  362  429.00000 1039.41104   142%   816  620s
   800   692  774.42168  132  364  429.00000 1039.41104   142%   821  626s
   804   694  775.00031  134  379  429.00000 1039.41104   142%   826  630s
   810   698  777.14892  137  384  429.00000 1039.41104   142%   829  636s
   814   701  806.69948  139  373  429.00000 1039.41104   142%   831  640s
   818   704  768.42440  141  352  429.00000 1039.41104   142%   836  645s
   822   706  763.59433  143  368  429.00000 1039.41104   142%   838  650s
   828   710  779.75606  146  372  429.00000 1039.41104   142%   843  656s
   834   714  740.10880  149  343  429.00000 1039.41104   142%   846  661s
   840   718  745.25664  152  358  429.00000 1039.41104   142%   848  666s
   846   722  718.36082  155  322  429.00000 1039.41104   142%   853  671s
   850   725  723.16469  157  348  429.00000 1039.41104   142%   857  675s
   854   728  757.95372  159  350  429.00000 1039.41104   142%   858  680s
   860   732  730.55732  162  339  429.00000 1039.41104   142%   863  686s
   864   734  759.12522  164  360  429.00000 1039.41104   142%   865  690s
   870   738  772.21261  167  370  429.00000 1039.41104   142%   867  696s
   876   742  736.67918  170  345  429.00000 1039.41104   142%   868  700s
   882   746  676.13840  173  348  429.00000 1039.41104   142%   871  714s
   883   747  810.57393  174  404  429.00000 1039.41104   142%   870  715s
   888   750  724.72700  176  320  429.00000 1039.41104   142%   875  720s
   894   754  695.82759  179  313  429.00000 1039.41104   142%   877  725s
   900   758  691.79526  182  312  429.00000 1039.41104   142%   878  730s
   907   763  802.76711  186  401  429.00000 1039.41104   142%   878  735s
   913   767  798.40096  189  393  429.00000 1039.41104   142%   879  740s
   918   770  736.67690  191  346  429.00000 1039.41104   142%   883  745s
   925   775  792.13984  195  378  429.00000 1039.41104   142%   883  750s
   934   781  705.40322  199  315  429.00000 1039.41104   142%   887  755s
   942   786  681.19518  203  306  429.00000 1039.41104   142%   889  761s
   948   790  691.55728  206  335  429.00000 1039.41104   142%   890  768s
   951   792  780.99872  208  373  429.00000 1039.41104   142%   890  770s
   958   797  675.22770  211  314  429.00000 1039.41104   142%   892  775s
   962   800  677.13697  213  306  429.00000 1039.41104   142%   894  780s
   969   804  773.41885  217  372  429.00000 1039.41104   142%   894  785s
   975   808  770.29282  220  365  429.00000 1039.41104   142%   895  790s
   982   813  663.61928  223  307  429.00000 1039.41104   142%   897  795s
   990   818  655.43269  227  309  429.00000 1039.41104   142%   899  800s
  1001   826  756.41638  233  354  429.00000 1039.41104   142%   899  805s
  1010   832  676.69961  237  319  429.00000 1039.41104   142%   900  810s
  1018   837  635.10785  241  288  429.00000 1039.41104   142%   901  816s
  1026   842  642.36727  245  284  429.00000 1039.41104   142%   901  828s
  1030   845  642.84231  247  295  429.00000 1039.41104   142%   901  830s
  1040   852  621.55809  252  282  429.00000 1039.41104   142%   905  836s
  1046   856  651.06454  255  301  429.00000 1039.41104   142%   905  840s
  1054   861  646.32819  259  297  429.00000 1039.41104   142%   905  845s
  1062   866  621.67745  263  292  429.00000 1039.41104   142%   905  850s
  1070   872  611.95804  267  284  429.00000 1039.41104   142%   905  855s
  1079   878  684.17854  272  319  429.00000 1039.41104   142%   905  860s
  1091   886  674.64254  278  323  429.00000 1039.41104   142%   904  865s
  1102   893  579.97816  283  284  429.00000 1039.41104   142%   905  870s
  1104   894  616.17969  284  276  429.00000 1039.41104   142%   905  884s
  1106   896  578.03428  285  279  429.00000 1039.41104   142%   905  885s
  1115   902  657.65706  290  316  429.00000 1039.41104   142%   904  890s
  1124   908  586.68763  294  263  429.00000 1039.41104   142%   904  895s
  1132   913  560.24314  298  266  429.00000 1039.41104   142%   903  900s
  1142   920  566.66460  303  280  429.00000 1039.41104   142%   903  905s
  1153   927  633.54334  309  324  429.00000 1039.41104   142%   903  910s
  1166   936  564.99728  315  276  429.00000 1039.41104   142%   903  915s
  1175   942  618.46558  320  303  429.00000 1039.41104   142%   901  920s
  1184   948  549.78498  324  259  429.00000 1039.41104   142%   901  925s
  1194   954  544.32197  329  278  429.00000 1039.41104   142%   900  930s
  1203   960  589.15115  334  304  429.00000 1039.41104   142%   899  935s
  1212   966  460.49271  338  239  429.00000 1039.41104   142%   899  940s
  1222   973  510.60754  343  260  429.00000 1039.41104   142%   899  945s
  1232   980  490.36622  348  250  429.00000 1039.41104   142%   898  950s
  1245   988  564.09470  355  289  429.00000 1039.41104   142%   896  955s
  1260   998  501.80017  362  245  429.00000 1039.41104   142%   895  960s
  1276  1009  450.65871  370  230  429.00000 1039.41104   142%   893  965s
  1288  1017  468.01639  376  241  429.00000 1039.41104   142%   892  970s
  1304  1028  453.83014  384  233  429.00000 1039.41104   142%   889  975s
  1316  1035  430.98233  390  184  429.00000 1039.41104   142%   887  980s
  1327  1039  499.26433  396  272  429.00000 1039.41104   142%   886  985s
  1341  1038  488.93302  403  269  429.00000 1039.41104   142%   884  990s
  1356  1041  439.50448  410  232  429.00000 1039.41104   142%   880  995s
  1374  1041     cutoff  419       429.00000 1039.41104   142%   875 1000s
  1399  1034  448.51987  432  256  429.00000 1039.41104   142%   865 1005s
  1430  1022  431.46221  448  235  429.00000 1039.41104   142%   849 1010s
  1439  1025  912.11724   16  407  429.00000 1039.40272   142%   850 1015s
  1447  1030  894.35936   20  395  429.00000 1039.40272   142%   852 1021s
  1453  1034  913.13249   23  417  429.00000 1039.40272   142%   854 1025s
  1460  1039  989.48169   27  442  429.00000 1039.40272   142%   855 1030s
  1466  1043  984.85643   30  440  429.00000 1039.40272   142%   856 1035s
  1471  1046  850.00628   32  371  429.00000 1039.40272   142%   858 1040s
  1477  1050  880.53045   35  402  429.00000 1039.40272   142%   859 1045s
  1483  1054  869.22719   38  417  429.00000 1039.40272   142%   861 1050s
  1489  1058  851.44935   41  381  429.00000 1039.40272   142%   863 1055s
  1493  1061  864.72940   43  388  429.00000 1039.40272   142%   864 1080s
  1501  1066  842.78953   47  379  429.00000 1039.40272   142%   865 1085s
  1507  1070  861.47269   50  381  429.00000 1039.40272   142%   866 1090s
  1509  1071  837.55166   51  385  429.00000 1039.40272   142%   866 1126s
  1513  1074  788.56638   53  377  429.00000 1039.40272   142%   867 1130s
  1521  1079  825.09836   57  366  429.00000 1039.40272   142%   868 1135s
  1529  1085  803.68907   61  361  429.00000 1039.40272   142%   870 1140s
  1539  1091  758.87694   66  365  429.00000 1039.40272   142%   871 1145s
  1545  1095  793.28782   69  343  429.00000 1039.40272   142%   872 1150s
  1553  1101  795.37386   73  354  429.00000 1039.40272   142%   873 1156s
  1559  1105  778.67309   76  369  429.00000 1039.40272   142%   874 1167s
  1563  1107  763.41147   78  349  429.00000 1039.40272   142%   875 1170s
  1570  1112  847.55890   82  394  429.00000 1039.40272   142%   875 1175s
  1577  1117  789.23085   85  369  429.00000 1039.40272   142%   876 1180s
  1585  1122  764.55927   89  378  429.00000 1039.40272   142%   877 1186s
  1593  1127  741.98740   93  359  429.00000 1039.40272   142%   878 1190s
  1603  1134  756.96524   98  350  429.00000 1039.40272   142%   879 1195s
  1611  1139  745.44419  102  363  429.00000 1039.40272   142%   879 1200s
  1621  1146  728.27418  107  348  429.00000 1039.40272   142%   880 1205s
  1630  1152  795.55463  112  375  429.00000 1039.40272   142%   881 1210s
  1639  1158  713.86553  116  355  429.00000 1039.40272   142%   882 1215s
  1647  1163  701.16382  120  353  429.00000 1039.40272   142%   882 1220s
  1655  1169  688.50988  124  347  429.00000 1039.40272   142%   882 1225s
  1664  1175  764.76499  129  364  429.00000 1039.40272   142%   883 1230s
  1673  1181  685.24231  133  331  429.00000 1039.40272   142%   883 1235s
  1681  1186  679.22085  137  318  429.00000 1039.40272   142%   884 1240s
  1691  1193  657.44721  142  317  429.00000 1039.40272   142%   884 1245s
  1701  1199  676.63285  147  323  429.00000 1039.40272   142%   884 1250s
  1717  1210  657.53054  155  316  429.00000 1039.40272   142%   884 1255s
  1731  1219  631.76920  162  291  429.00000 1039.40272   142%   884 1260s
  1746  1229  701.62866  170  352  429.00000 1039.40272   142%   883 1265s
  1753  1234  640.14412  173  312  429.00000 1039.40272   142%   884 1272s
  1759  1238  612.70374  176  299  429.00000 1039.40272   142%   885 1276s
  1765  1242  621.72634  179  294  429.00000 1039.40272   142%   885 1280s
  1775  1249  624.87161  184  298  429.00000 1039.40272   142%   884 1285s
  1784  1255  667.53816  189  347  429.00000 1039.40272   142%   884 1290s
  1793  1261  594.60633  193  305  429.00000 1039.40272   142%   884 1295s
  1804  1268  655.32561  199  332  429.00000 1039.40272   142%   883 1300s
  1815  1275  582.64559  204  298  429.00000 1039.40272   142%   882 1305s
  1825  1282  591.14479  209  294  429.00000 1039.40272   142%   881 1310s
  1833  1287  577.07018  213  301  429.00000 1039.40272   142%   882 1315s
  1844  1295  632.73315  219  327  429.00000 1039.40272   142%   881 1320s
  1861  1306  554.60335  227  279  429.00000 1039.40272   142%   880 1325s
  1871  1313  547.43449  232  279  429.00000 1039.40272   142%   879 1330s
  1887  1323  525.11146  240  253  429.00000 1039.40272   142%   878 1335s
  1897  1330  507.86117  245  272  429.00000 1039.40272   142%   877 1340s
  1907  1337  501.15761  250  260  429.00000 1039.40272   142%   877 1345s
  1925  1349  502.70488  259  257  429.00000 1039.40272   142%   875 1350s
  1937  1357  506.66266  265  246  429.00000 1039.40272   142%   874 1355s
  1949  1365  487.81938  271  270  429.00000 1039.40272   142%   874 1360s
  1961  1373  469.12761  277  251  429.00000 1039.40272   142%   873 1365s
  1973  1381  474.62036  283  254  429.00000 1039.40272   142%   871 1370s
  1975  1382  459.66842  284  251  429.00000 1039.40272   142%   871 1439s
  1976  1383  529.43832  285  303  429.00000 1039.40272   142%   871 1440s
  1992  1393  518.13898  293  297  429.00000 1039.40272   142%   869 1445s
  2007  1403  437.11257  300  226  429.00000 1039.40272   142%   867 1450s
  2025  1407     cutoff  309       429.00000 1039.40272   142%   865 1455s
  2043  1411     cutoff  318       429.00000 1039.40272   142%   862 1460s
  2071  1405     cutoff  332       429.00000 1039.40272   142%   855 1465s
  2118  1390  435.19727  356  241  429.00000 1039.40272   142%   841 1470s
  2136  1387  907.51545   16  417  429.00000 1038.47627   142%   838 1475s
  2144  1393  890.91982   20  412  429.00000 1038.47627   142%   838 1480s
  2152  1401  878.06236   24  408  429.00000 1038.47627   142%   838 1485s
  2160  1409  860.87161   28  396  429.00000 1038.47627   142%   839 1490s
  2173  1422  778.54822   34  366  429.00000 1038.47627   142%   839 1495s
  2180  1429  835.05231   38  396  429.00000 1038.47627   142%   839 1500s
  2193  1442  677.96588   44  315  429.00000 1038.47627   142%   840 1505s
  2203  1452  702.22464   49  327  429.00000 1038.47627   142%   840 1510s
  2213  1462  719.54789   54  358  429.00000 1038.47627   142%   841 1515s
  2228  1477  771.40832   62  382  429.00000 1038.47627   142%   840 1520s
  2238  1487  761.00171   67  381  429.00000 1038.47627   142%   841 1525s
  2249  1498  672.51411   72  326  429.00000 1038.47627   142%   841 1530s
  2258  1507  742.80035   77  389  429.00000 1038.47627   142%   841 1535s
  2269  1518  669.82294   82  337  429.00000 1038.47627   142%   841 1540s
  2279  1528  663.97376   87  329  429.00000 1038.47627   142%   841 1545s
  2291  1540  627.57160   93  323  429.00000 1038.47627   142%   841 1550s
  2303  1552  597.36114   99  313  429.00000 1038.47627   142%   841 1555s
  2315  1564  647.67104  105  311  429.00000 1038.47627   142%   840 1560s
  2327  1576  621.40124  111  332  429.00000 1038.47627   142%   840 1565s
  2346  1595  659.24309  121  344  429.00000 1038.47627   142%   839 1570s
  2367  1616  550.08141  131  294  429.00000 1038.47627   142%   838 1575s
  2381  1630  589.20726  138  308  429.00000 1038.47627   142%   838 1580s
  2395  1644  536.35952  145  247  429.00000 1038.47627   142%   837 1585s
  2409  1658  537.58832  152  257  429.00000 1038.47627   142%   836 1590s
  2425  1674  498.35362  160  259  429.00000 1038.47627   142%   835 1595s
  2441  1690  504.54611  168  274  429.00000 1038.47627   142%   834 1600s
  2455  1704  512.99987  175  255  429.00000 1038.47627   142%   832 1605s
  2471  1720  511.47036  183  260  429.00000 1038.47627   142%   831 1610s
  2495  1744  472.81177  195  250  429.00000 1038.47627   142%   829 1615s
  2521  1770  443.30964  208  258  429.00000 1038.47627   142%   827 1620s
  2541  1790  459.30380  218  242  429.00000 1038.47627   142%   825 1625s
  2561  1806  455.79921  228  246  429.00000 1038.47627   142%   822 1630s
  2589  1813  431.70954  242  230  429.00000 1038.47627   142%   818 1635s
  2656  1814 1033.79549   17  457  429.00000 1038.41261   142%   802 1640s
  2662  1820  922.91024   20  424  429.00000 1038.41261   142%   803 1646s
  2666  1824  931.02375   22  401  429.00000 1038.41261   142%   804 1650s
  2673  1831 1002.38188   26  459  429.00000 1038.41261   142%   804 1655s
  2680  1838  904.29012   29  413  429.00000 1038.41261   142%   806 1660s
  2688  1846  868.44205   33  412  429.00000 1038.41261   142%   807 1666s
  2694  1852  845.51309   36  375  429.00000 1038.41261   142%   808 1671s
  2699  1857  971.96528   39  441  429.00000 1038.41261   142%   809 1675s
  2704  1862  873.81208   41  410  429.00000 1038.41261   142%   810 1680s
  2710  1868  861.33999   44  397  429.00000 1038.41261   142%   811 1685s
  2716  1874  823.53115   47  394  429.00000 1038.41261   142%   812 1691s
  2722  1880  883.01886   50  401  429.00000 1038.41261   142%   813 1696s
  2727  1885  945.08968   53  421  429.00000 1038.41261   142%   813 1700s
  2733  1891  938.85869   56  429  429.00000 1038.41261   142%   814 1705s
  2739  1897  927.75154   59  420  429.00000 1038.41261   142%   815 1710s
  2748  1906  820.30327   63  377  429.00000 1038.41261   142%   817 1715s
  2758  1916  807.44673   68  405  429.00000 1038.41261   142%   818 1720s
  2764  1922  822.08629   71  364  429.00000 1038.41261   142%   818 1725s
  2770  1928  809.16014   74  367  429.00000 1038.41261   142%   819 1730s
  2776  1934  803.41062   77  371  429.00000 1038.41261   142%   820 1770s
  2786  1944  748.46993   82  360  429.00000 1038.41261   142%   821 1775s
  2796  1954  758.15085   87  343  429.00000 1038.41261   142%   822 1780s
  2806  1964  780.58861   92  356  429.00000 1038.41261   142%   823 1785s
  2814  1972  763.46713   96  366  429.00000 1038.41261   142%   824 1790s
  2821  1979  833.17689  100  398  429.00000 1038.41261   142%   824 1795s

Cutting planes:
  Gomory: 4

Explored 2828 nodes (2338926 simplex iterations) in 1800.01 seconds (1474.50 work units)
Thread count was 1 (of 12 available processors)

Solution count 10: 429 397 395 ... 170

Time limit reached
Best objective 4.290000000000e+02, best bound 1.038000000000e+03, gap 141.9580%
