
Gurobi 12.0.2 (linux64, C++) logging started Thu Jun 19 08:00:21 2025

Set parameter LogFile to value "log/instances/scenario1/not_correlated_sc1/800/kpfs_10.txt.log"

Gurobi 12.0.2 (linux64, C++) logging started Thu Jun 19 08:01:44 2025

Set parameter LogFile to value "log/instances/scenario1/not_correlated_sc1/800/kpfs_10.txt.log"

Gurobi 12.0.2 (linux64, C++) logging started Thu Jun 19 08:02:55 2025

Set parameter LogFile to value "log/instances/scenario1/not_correlated_sc1/800/kpfs_10.txt.log"

Gurobi 12.0.2 (linux64, C++) logging started Fri Jun 20 03:47:24 2025

Set parameter WLSAccessID
Set parameter WLSSecret
Set parameter LicenseID to value 2679381
Set parameter LogFile to value "log/instances/scenario1/not_correlated_sc1/800/kpfs_10.txt.log"
Academic license 2679381 - for non-commercial use only - registered to be___@poli.ufrj.br
Set parameter TimeLimit to value 1800
Set parameter Threads to value 1
Gurobi Optimizer version 12.0.2 build v12.0.2rc0 (linux64 - "Ubuntu 24.04.1 LTS")

CPU model: 13th Gen Intel(R) Core(TM) i7-1355U, instruction set [SSE2|AVX|AVX2]
Thread count: 6 physical cores, 12 logical processors, using up to 1 threads

Non-default parameters:
TimeLimit  1800
Threads  1

Academic license 2679381 - for non-commercial use only - registered to be___@poli.ufrj.br
Optimize a model with 4002 rows, 4800 columns and 44500 nonzeros
Model fingerprint: 0x2110dac0
Variable types: 0 continuous, 4800 integer (800 binary)
Coefficient statistics:
  Matrix range     [1e+00, 3e+01]
  Objective range  [1e+00, 3e+01]
  Bounds range     [1e+00, 2e+01]
  RHS range        [1e+00, 1e+03]
Found heuristic solution: objective 238.0000000
Presolve removed 0 rows and 137 columns
Presolve time: 0.28s
Presolved: 4002 rows, 4663 columns, 44226 nonzeros
Variable types: 0 continuous, 4663 integer (924 binary)

Root simplex log...

Iteration    Objective       Primal Inf.    Dual Inf.      Time
    4625    1.1400045e+03   1.110043e+03   0.000000e+00      5s
    6777    1.0969877e+03   0.000000e+00   0.000000e+00      8s

Root relaxation: objective 1.096988e+03, 6777 iterations, 7.91 seconds (3.57 work units)

    Nodes    |    Current Node    |     Objective Bounds      |     Work
 Expl Unexpl |  Obj  Depth IntInf | Incumbent    BestBd   Gap | It/Node Time

     0     0 1096.98772    0  467  238.00000 1096.98772   361%     -    8s
H    0     0                     248.0000000 1096.98772   342%     -    8s
H    0     0                     252.0000000 1096.98772   335%     -    9s
H    0     0                     263.0000000 1096.98772   317%     -    9s
H    0     0                     319.0000000 1096.98772   244%     -   10s
H    0     0                     335.0000000 1096.98772   227%     -   11s
H    0     0                     341.0000000 1096.98772   222%     -   11s
H    0     0                     342.0000000 1096.98772   221%     -   13s
H    0     0                     376.0000000 1096.98772   192%     -   16s
H    0     0                     384.0000000 1096.98772   186%     -   16s
H    0     0                     395.0000000 1096.98772   178%     -   16s
     0     0 1096.70176    0  472  395.00000 1096.70176   178%     -   19s
     0     0 1096.66209    0  471  395.00000 1096.66209   178%     -   34s
     0     0 1096.65278    0  467  395.00000 1096.65278   178%     -   34s
     0     0 1096.49238    0  465  395.00000 1096.49238   178%     -   34s
     0     0 1096.38194    0  469  395.00000 1096.38194   178%     -   34s
     0     0 1096.34837    0  468  395.00000 1096.34837   178%     -   35s
     0     0 1096.33278    0  471  395.00000 1096.33278   178%     -   35s
     0     0 1096.32713    0  468  395.00000 1096.32713   178%     -   35s
     0     0 1096.07129    0  464  395.00000 1096.07129   177%     -   40s
     0     0 1096.00181    0  468  395.00000 1096.00181   177%     -   41s
     0     0 1095.99453    0  469  395.00000 1095.99453   177%     -   41s
     0     0 1095.99243    0  469  395.00000 1095.99243   177%     -   41s
     0     0 1095.99164    0  469  395.00000 1095.99164   177%     -   54s
     0     2 1095.98856    0  469  395.00000 1095.98856   177%     -   57s
     2     4 1018.67531    1  447  395.00000 1093.17865   177%  1612   61s
     5     7 1085.92709    3  479  395.00000 1089.76992   176%  1256   65s
     9    11  964.42194    5  409  395.00000 1085.92372   175%  1390   72s
    12    14  983.02776    7  442  395.00000 1085.92372   175%  1459   76s
    15    17 1074.32739    9  476  395.00000 1085.92372   175%  1531   80s
    18    20  951.05827   11  425  395.00000 1085.92372   175%  1474   85s
    22    24 1062.14477   14  465  395.00000 1085.92372   175%  1490   90s
    34    36 1044.46530   25  455  395.00000 1085.92372   175%  1152   95s
    42    44  956.29597   31  423  395.00000 1085.92372   175%  1129  102s
    45    47  903.99457   33  404  395.00000 1085.92372   175%  1127  105s
    53    55  904.74934   40  404  395.00000 1085.92372   175%  1055  112s
    56    58  930.20126   42  414  395.00000 1085.92372   175%  1088  116s
    64    66 1002.87865   50  452  395.00000 1085.92372   175%   993  120s
    72    74  991.48297   57  441  395.00000 1085.92372   175%   944  125s
    77    79  981.36531   60  444  395.00000 1085.92372   175%   987  130s
    86    88  847.24436   67  412  395.00000 1085.92372   175%   968  137s
    89    91  876.21286   69  388  395.00000 1085.92372   175%   985  141s
    98   100  956.14671   78  440  395.00000 1085.92372   175%   919  145s
   104   106  946.68256   83  428  395.00000 1085.92372   175%   901  150s
   108   110  937.39116   86  430  395.00000 1085.92372   175%   904  155s
   115   117  852.66825   91  389  395.00000 1085.92372   175%   913  161s
   122   124  921.40588   97  421  395.00000 1085.92372   175%   897  165s
   128   130  815.29545  101  387  395.00000 1085.92372   175%   915  172s
   131   133  845.02877  103  376  395.00000 1085.92372   175%   915  175s
   140   142  784.64816  111  356  395.00000 1085.92372   175%   890  180s
   154   156  882.76783  125  407  395.00000 1085.92372   175%   832  185s
   170   172  863.30154  140  400  395.00000 1085.92372   175%   790  190s
   172   174  789.28476  141  365  395.00000 1085.92372   175%   795  209s
   177   179  854.58828  146  393  395.00000 1085.92372   175%   780  210s
   190   192  836.84908  158  383  395.00000 1085.92372   175%   752  215s
   203   205  744.33521  170  327  395.00000 1085.92372   175%   729  220s
   210   212  729.51374  174  326  395.00000 1085.92372   175%   737  225s
   217   219  686.70117  179  301  395.00000 1085.92372   175%   737  230s
   233   235  772.37741  194  363  395.00000 1085.92372   175%   709  235s
H  238   238                     398.0000000 1085.92372   173%   712  251s
H  238   238                     401.0000000 1085.92372   171%   712  255s
H  238   238                     406.0000000 1085.92372   167%   712  283s
   239   241  684.13133  197  336  406.00000 1085.92372   167%   722  285s
   251   253  657.74224  207  307  406.00000 1085.92372   167%   713  291s
H  260   260                     412.0000000 1085.92372   164%   694  294s
H  260   260                     413.0000000 1085.92372   163%   694  294s
   261   263  695.95473  216  316  413.00000 1085.92372   163%   698  295s
   274   276  718.55644  226  351  413.00000 1085.92372   163%   694  300s
   292   294  631.06530  242  288  413.00000 1085.92372   163%   674  305s
   309   311  605.60391  256  289  413.00000 1085.92372   163%   662  311s
   323   325  660.08514  269  323  413.00000 1085.92372   163%   646  315s
   333   335  562.21683  276  266  413.00000 1085.92372   163%   646  320s
   350   352  542.33471  291  264  413.00000 1085.92372   163%   634  325s
   366   368  603.11674  305  323  413.00000 1085.92372   163%   621  330s
   385   387  579.50993  322  316  413.00000 1085.92372   163%   607  335s
   402   404  558.98526  337  307  413.00000 1085.92372   163%   596  340s
   423   425  532.92468  355  288  413.00000 1085.92372   163%   587  345s
   447   449  503.14074  377  280  413.00000 1085.92372   163%   568  350s
   470   472  471.29818  398  270  413.00000 1085.92372   163%   554  355s
   502   492     cutoff  424       413.00000 1085.92372   163%   534  360s
   529   511  520.69711  367  469  413.00000 1080.95711   162%   517  394s
   531   512  884.18470  125  467  413.00000 1080.95711   162%   515  420s
   532   513  823.67155  168  464  413.00000 1080.95711   162%   514  454s
   533   514 1047.96442   22  465  413.00000 1080.95711   162%   513  455s
   542   522 1008.67405   13  435  413.00000 1080.95711   162%   524  460s
   546   524  990.23511   15  440  413.00000 1080.95711   162%   530  466s
   549   526 1079.90838   17  474  413.00000 1080.95711   162%   534  470s
   552   528  955.25541   18  416  413.00000 1077.99065   161%   547  478s
   554   530  945.92786   19  410  413.00000 1076.07335   161%   551  482s
   556   531  943.20510   20  406  413.00000 1074.90326   160%   558  487s
   558   532  978.91873   21  433  413.00000 1071.38985   159%   561  491s
   560   534  941.05106   22  407  413.00000 1069.13346   159%   565  496s
   562   535  961.35058   23  444  413.00000 1066.18545   158%   572  501s
   564   536  959.59431   24  415  413.00000 1064.59508   158%   575  505s
   566   538  958.64064   25  417  413.00000 1060.35969   157%   579  510s
   568   539  967.24727   26  408  413.00000 1057.63989   156%   585  515s
   571   541 1054.43515   28  473  413.00000 1055.73224   156%   587  520s
   574   543  922.25551   29  407  413.00000 1053.19586   155%   593  528s
   576   544  958.17921   30  424  413.00000 1052.06981   155%   598  532s
   578   546  962.94585   31  427  413.00000 1049.82024   154%   601  536s
   580   547  946.59809   32  434  413.00000 1048.08539   154%   604  540s
   583   549 1041.27121   34  468  413.00000 1046.17917   153%   609  546s
   585   550 1037.22927   35  466  413.00000 1041.26185   152%   612  550s
   588   552  950.91383   36  415  413.00000 1035.34640   151%   622  557s
   590   554  940.21669   37  425  413.00000 1032.55753   150%   625  561s
   592   555  922.42457   38  415  413.00000 1031.22682   150%   628  565s
   594   556  892.19991   39  392  413.00000 1029.44977   149%   635  571s
   596   558  937.39544   40  425  413.00000 1027.60689   149%   637  575s
   598   559  963.38653   41  417  413.00000 1025.80789   148%   639  580s
   601   561 1021.91584   43  466  413.00000 1024.18518   148%   642  585s
   603   562 1016.37190   44  451  413.00000 1021.83021   147%   647  590s
   606   564  888.85374   45  423  413.00000 1016.97980   146%   653  597s
   608   566  915.66997   46  421  413.00000 1016.97980   146%   655  601s
   610   567  928.41802   47  417  413.00000 1016.97980   146%   660  606s
   612   568  900.52829   48  392  413.00000 1016.97980   146%   663  610s
   615   570 1003.06528   50  442  413.00000 1016.97980   146%   665  615s
   618   572  902.58309   51  395  413.00000 1016.97980   146%   672  621s
   620   574  900.21389   52  391  413.00000 1016.97980   146%   675  625s
   622   575  879.03771   53  411  413.00000 1016.97980   146%   680  630s
   624   576  879.61848   54  411  413.00000 1016.97980   146%   682  635s
   627   578  992.31594   56  446  413.00000 1016.97980   146%   684  640s
   630   580  875.34009   57  408  413.00000 1016.97980   146%   692  648s
   632   582  879.01688   58  404  413.00000 1016.97980   146%   694  650s
   636   584  883.59453   60  386  413.00000 1016.97980   146%   699  657s
   638   586  861.66855   61  404  413.00000 1016.97980   146%   704  661s
   640   587  881.21848   62  387  413.00000 1016.97980   146%   706  665s
   643   589  975.30744   64  433  413.00000 1016.97980   146%   708  671s
   646   591  844.60427   65  376  413.00000 1016.97980   146%   715  678s
   648   592  847.57438   66  376  413.00000 1016.97980   146%   717  683s
   650   594  824.60725   67  383  413.00000 1016.97980   146%   719  686s
   652   595  907.95221   68  405  413.00000 1016.97980   146%   723  690s
   656   598  816.72534   70  353  413.00000 1016.97980   146%   730  696s
   658   599  875.37889   71  387  413.00000 1016.97980   146%   733  700s
   661   601  958.17788   73  434  413.00000 1016.97980   146%   734  705s
   664   603  886.03485   74  409  413.00000 1016.97980   146%   740  713s
   666   604  877.87168   75  389  413.00000 1016.97980   146%   742  716s
   668   606  881.57549   76  389  413.00000 1016.97980   146%   743  720s
   671   608  945.12838   78  440  413.00000 1016.97980   146%   748  725s
   674   610  839.45974   79  368  413.00000 1016.97980   146%   751  730s
   677   612  939.89917   81  437  413.00000 1016.97980   146%   753  735s
   680   614  839.15288   82  353  413.00000 1016.97980   146%   759  742s
   682   615  832.54210   83  377  413.00000 1016.97980   146%   760  747s
   684   616  854.22248   84  391  413.00000 1016.97980   146%   762  750s
   687   618  932.28154   86  445  413.00000 1016.97980   146%   764  755s
   690   620  832.19755   87  360  413.00000 1016.97980   146%   769  761s
   692   622  808.91618   88  380  413.00000 1016.97980   146%   771  765s
   694   623  828.04960   89  380  413.00000 1016.97980   146%   775  770s
   698   626  819.34178   91  368  413.00000 1016.97980   146%   778  778s
   700   627  808.51039   92  365  413.00000 1016.97980   146%   782  782s
   702   628  848.44241   93  387  413.00000 1016.97980   146%   783  785s
   706   631  812.46460   95  361  413.00000 1016.97980   146%   786  792s
   708   632  828.15572   96  372  413.00000 1016.97980   146%   790  796s
   712   635  821.52415   98  375  413.00000 1016.97980   146%   794  801s
   716   638  809.89350  100  371  413.00000 1016.97980   146%   796  806s
   720   640  784.28685  102  389  413.00000 1016.97980   146%   801  813s
   722   642  817.60683  103  372  413.00000 1016.97980   146%   803  816s
   724   643  829.39790  104  384  413.00000 1016.97980   146%   806  820s
   728   646  807.78140  106  371  413.00000 1016.97980   146%   808  826s
   731   648  890.36013  108  430  413.00000 1016.97980   146%   809  830s
   734   650  783.66226  109  358  413.00000 1016.97980   146%   814  836s
   737   652  886.33125  111  430  413.00000 1016.97980   146%   815  840s
   740   654  785.76688  112  369  413.00000 1016.97980   146%   818  846s
   743   656  881.59142  114  437  413.00000 1016.97980   146%   820  850s
   746   658  758.64512  115  342  413.00000 1016.97980   146%   823  855s
   750   660  754.13557  117  353  413.00000 1016.97980   146%   826  860s
   754   663  786.68846  119  356  413.00000 1016.97980   146%   830  865s
   758   666  784.24987  121  358  413.00000 1016.97980   146%   833  871s
   761   668  869.79674  123  429  413.00000 1016.97980   146%   834  875s
   764   670  772.49318  124  356  413.00000 1016.97980   146%   837  881s
   768   672  768.64304  126  335  413.00000 1016.97980   146%   841  887s
   770   674  756.85715  127  354  413.00000 1016.97980   146%   843  891s
   773   676  859.29707  129  423  413.00000 1016.97980   146%   845  895s
   776   678  791.89968  130  386  413.00000 1016.97980   146%   848  902s
   778   679  780.99409  131  353  413.00000 1016.97980   146%   849  905s
   782   682  781.46862  133  349  413.00000 1016.97980   146%   853  912s
   784   683  752.17118  134  345  413.00000 1016.97980   146%   854  916s
   786   684  771.52229  135  350  413.00000 1016.97980   146%   855  971s
   789   686  842.47984  137  416  413.00000 1016.97980   146%   855  975s
   792   688  696.35956  138  337  413.00000 1016.97980   146%   859  982s
   794   690  735.12110  139  344  413.00000 1016.97980   146%   862  985s
   799   693  837.04645  142  427  413.00000 1016.97980   146%   863  990s
   802   695  755.52361  143  382  413.00000 1016.97980   146%   866  996s
   805   697  828.49877  145  423  413.00000 1016.97980   146%   869 1001s
   808   699  766.39536  146  378  413.00000 1016.97980   146%   871 1006s
   810   700  738.66179  147  348  413.00000 1016.97980   146%   872 1010s
   814   703  727.13172  149  353  413.00000 1016.97980   146%   873 1017s
   816   704  739.38596  150  374  413.00000 1016.97980   146%   876 1021s
   819   706  819.17733  152  410  413.00000 1016.97980   146%   876 1025s
   822   708  737.50261  153  349  413.00000 1016.97980   146%   878 1030s
H  826   682                     425.0000000 1016.97980   139%   877 1038s
H  826   658                     433.0000000 1016.97980   135%   877 1038s
   828   661  743.94487  156  345  433.00000 1016.97980   135%   881 1041s
   830   663  726.93149  157  357  433.00000 1016.97980   135%   882 1045s
   836   667  691.33084  160  348  433.00000 1016.97980   135%   886 1052s
   838   668  722.83292  161  341  433.00000 1016.97980   135%   887 1055s
   842   671  739.45725  163  344  433.00000 1016.97980   135%   890 1061s
   844   672  719.91102  164  319  433.00000 1016.97980   135%   891 1065s
   848   675  689.07497  166  301  433.00000 1016.97980   135%   892 1070s
   850   676  711.83028  167  329  433.00000 1016.97980   135%   900 1079s
   851   677  798.63266  168  397  433.00000 1016.97980   135%   900 1080s
   854   679  664.17020  169  326  433.00000 1016.97980   135%   905 1087s
   856   680  698.55129  170  360  433.00000 1016.97980   135%   908 1090s
   860   683  697.19823  172  328  433.00000 1016.97980   135%   909 1096s
   864   685  720.38969  174  342  433.00000 1016.97980   135%   910 1101s
   868   688  719.17233  176  351  433.00000 1016.97980   135%   911 1105s
   873   691  787.04236  179  389  433.00000 1016.97980   135%   911 1110s
   879   695  784.53277  182  382  433.00000 1016.97980   135%   912 1115s
   882   697  676.61245  183  324  433.00000 1016.97980   135%   914 1120s
   886   700  699.34055  185  327  433.00000 1016.97980   135%   915 1126s
   890   703  735.65214  187  337  433.00000 1016.97980   135%   915 1130s
   894   705  714.06659  189  336  433.00000 1016.97980   135%   916 1135s
   898   708  711.37996  191  326  433.00000 1016.97980   135%   917 1140s
   901   710  770.25081  193  379  433.00000 1016.97980   135%   917 1145s
   904   712  708.62270  194  343  433.00000 1016.97980   135%   918 1150s
   908   715  666.71138  196  290  433.00000 1016.97980   135%   919 1155s
   909   715  766.53915  197  369  433.00000 1016.97980   135%   918 1161s
   912   717  649.12686  198  336  433.00000 1016.97980   135%   920 1165s
   918   721  667.86983  201  322  433.00000 1016.97980   135%   921 1171s
   922   724  676.30792  203  319  433.00000 1016.97980   135%   922 1175s
   927   727  751.00204  206  366  433.00000 1016.97980   135%   923 1180s
   930   729  651.00543  207  311  433.00000 1016.97980   135%   925 1187s
   933   731  744.69784  209  372  433.00000 1016.97980   135%   924 1190s
   937   734  739.40728  211  367  433.00000 1016.97980   135%   925 1195s
   941   737  735.11557  213  364  433.00000 1016.97980   135%   925 1200s
   945   739  731.01538  215  362  433.00000 1016.97980   135%   926 1205s
   948   741  618.78861  216  298  433.00000 1016.97980   135%   927 1210s
   953   745  726.28723  219  365  433.00000 1016.97980   135%   927 1215s
   958   748  662.32220  221  309  433.00000 1016.97980   135%   928 1221s
   963   751  720.59314  224  346  433.00000 1016.97980   135%   928 1225s
   970   756  588.78964  227  289  433.00000 1016.97980   135%   930 1231s
   974   759  645.24936  229  304  433.00000 1016.97980   135%   930 1235s
   979   762  707.64926  232  357  433.00000 1016.97980   135%   930 1240s
   982   764  624.78463  233  304  433.00000 1016.97980   135%   931 1245s
   987   767  700.63597  236  350  433.00000 1016.97980   135%   930 1250s
   992   771  636.92602  238  285  433.00000 1016.97980   135%   931 1256s
   996   773  609.49066  240  291  433.00000 1016.97980   135%   931 1260s
  1002   777  599.14497  243  283  433.00000 1016.97980   135%   931 1265s
  1006   780  601.26505  245  296  433.00000 1016.97980   135%   932 1270s
  1008   781  595.49702  246  281  433.00000 1016.97980   135%   932 1278s
  1010   783  604.61182  247  305  433.00000 1016.97980   135%   932 1280s
  1018   788  608.82255  251  284  433.00000 1016.97980   135%   933 1285s
  1026   793  575.25001  255  267  433.00000 1016.97980   135%   933 1290s
  1032   797  619.10143  258  325  433.00000 1016.97980   135%   933 1296s
  1037   801  668.36186  261  337  433.00000 1016.97980   135%   933 1300s
  1042   804  574.02908  263  286  433.00000 1016.97980   135%   933 1305s
  1046   807  587.86464  265  309  433.00000 1016.97980   135%   933 1310s
  1052   811  583.70226  268  279  433.00000 1016.97980   135%   934 1316s
  1057   814  651.27793  271  319  433.00000 1016.97980   135%   933 1320s
  1062   817  568.00916  273  277  433.00000 1016.97980   135%   934 1325s
  1067   821  641.75460  276  313  433.00000 1016.97980   135%   933 1330s
  1072   824  560.00913  278  272  433.00000 1016.97980   135%   934 1335s
  1078   828  550.60753  281  263  433.00000 1016.97980   135%   934 1340s
  1084   832  563.07037  284  260  433.00000 1016.97980   135%   934 1345s
  1086   833  570.82760  285  267  433.00000 1016.97980   135%   934 1364s
  1087   834  629.23969  286  323  433.00000 1016.97980   135%   933 1365s
  1095   839  622.45374  290  325  433.00000 1016.97980   135%   933 1370s
  1100   843  545.33112  292  270  433.00000 1016.97980   135%   934 1376s
  1105   846  615.06022  295  316  433.00000 1016.97980   135%   933 1380s
  1110   849  543.97046  297  273  433.00000 1016.97980   135%   933 1385s
  1115   853  604.42674  300  311  433.00000 1016.97980   135%   932 1390s
  1121   857  600.93048  303  303  433.00000 1016.97980   135%   932 1395s
  1126   860  535.00494  305  260  433.00000 1016.97980   135%   932 1400s
  1132   864  518.55124  308  260  433.00000 1016.97980   135%   932 1405s
  1137   867  586.43146  311  303  433.00000 1016.97980   135%   931 1410s
  1146   873  528.98072  315  277  433.00000 1016.97980   135%   931 1415s
  1152   877  498.14703  318  246  433.00000 1016.97980   135%   931 1420s
  1158   881  499.41318  321  270  433.00000 1016.97980   135%   930 1425s
  1164   885  492.90020  324  252  433.00000 1016.97980   135%   931 1460s
  1169   889  558.22478  327  306  433.00000 1016.97980   135%   930 1465s
  1176   893  467.13480  330  262  433.00000 1016.97980   135%   930 1470s
  1184   899  494.31550  334  246  433.00000 1016.97980   135%   929 1475s
  1194   905  465.46323  339  238  433.00000 1016.97980   135%   928 1480s
  1204   912  453.69435  344  240  433.00000 1016.97980   135%   927 1485s
  1210   916  470.83060  347  275  433.00000 1016.97980   135%   927 1490s
  1218   921  442.23387  351  238  433.00000 1016.97980   135%   926 1495s
  1225   926  518.87353  355  291  433.00000 1016.97980   135%   924 1500s
  1231   930  512.81311  358  293  433.00000 1016.97980   135%   923 1505s
  1236   933  438.53201  360  223  433.00000 1016.97980   135%   923 1510s
  1243   938  502.91500  364  295  433.00000 1016.97980   135%   922 1515s
  1252   936     cutoff  368       433.00000 1016.97980   135%   920 1520s
  1260   936  435.95877  372  241  433.00000 1016.97980   135%   918 1525s
  1268   936     cutoff  376       433.00000 1016.97980   135%   917 1530s
  1275   940  476.24603  380  286  433.00000 1016.97980   135%   915 1535s
  1285   937  465.49736  385  275  433.00000 1016.97980   135%   911 1540s
  1298   932     cutoff  391       433.00000 1016.97980   135%   905 1545s
  1313   928  447.66444  399  268  433.00000 1016.97980   135%   898 1550s
  1333   919 1013.71408   15  450  433.00000 1016.93818   135%   887 1556s
  1336   921 1003.81034   17  437  433.00000 1016.93818   135%   887 1560s
  1341   924  877.77579   19  377  433.00000 1016.93818   135%   890 1566s
  1345   927  946.22546   21  400  433.00000 1016.93818   135%   890 1570s
  1348   929  990.28585   23  441  433.00000 1016.93818   135%   890 1575s
  1351   931  856.84160   24  389  433.00000 1016.93818   135%   892 1581s
  1354   933  981.87573   26  439  433.00000 1016.93818   135%   892 1585s
  1357   935  858.01051   27  372  433.00000 1016.93818   135%   894 1591s
  1360   937  973.02044   29  433  433.00000 1016.93818   135%   894 1595s
  1363   939  890.34445   30  396  433.00000 1016.93818   135%   895 1601s
  1367   942  870.10603   32  371  433.00000 1016.93818   135%   896 1607s
  1369   943  899.55145   33  404  433.00000 1016.93818   135%   896 1610s
  1373   946  840.13266   35  397  433.00000 1016.93818   135%   897 1617s
  1375   947  843.72044   36  383  433.00000 1016.93818   135%   898 1620s
  1379   950  843.90823   38  375  433.00000 1016.93818   135%   899 1626s
  1382   952  944.44029   40  417  433.00000 1016.93818   135%   899 1630s
  1387   955  883.96287   42  394  433.00000 1016.93818   135%   900 1635s
  1392   958  928.12748   45  427  433.00000 1016.93818   135%   901 1640s
  1395   960  841.01596   46  363  433.00000 1016.93818   135%   902 1646s
  1398   962  920.35906   48  424  433.00000 1016.93818   135%   902 1650s
  1401   964  810.53815   49  370  433.00000 1016.93818   135%   903 1655s
  1405   967  813.08434   51  358  433.00000 1016.93818   135%   904 1660s
  1409   970  813.72466   53  358  433.00000 1016.93818   135%   904 1666s
  1413   972  821.74290   55  348  433.00000 1016.93818   135%   905 1671s
  1415   974  785.51517   56  341  433.00000 1016.93818   135%   906 1675s
  1419   976  811.37414   58  352  433.00000 1016.93818   135%   906 1680s
  1423   979  825.77741   60  388  433.00000 1016.93818   135%   907 1686s
  1427   982  814.16260   62  359  433.00000 1016.93818   135%   908 1692s
  1430   984  885.42766   64  399  433.00000 1016.93818   135%   907 1695s
  1433   986  795.19587   65  370  433.00000 1016.93818   135%   908 1700s
  1439   990  795.25248   68  348  433.00000 1016.93818   135%   909 1705s
  1443   992  804.55328   70  364  433.00000 1016.93818   135%   910 1710s
  1449   996  797.53505   73  348  433.00000 1016.93818   135%   911 1716s
  1453   999  787.21393   75  353  433.00000 1016.93818   135%   911 1721s
  1457  1002  768.91401   77  350  433.00000 1016.93818   135%   912 1726s
  1461  1004  785.44795   79  347  433.00000 1016.93818   135%   912 1731s
  1464  1006  854.33859   81  390  433.00000 1016.93818   135%   912 1735s
  1467  1008  750.82893   82  336  433.00000 1016.93818   135%   913 1740s
  1471  1011  766.01974   84  362  433.00000 1016.93818   135%   913 1745s
  1475  1014  773.28230   86  345  433.00000 1016.93818   135%   913 1751s
  1479  1016  777.60069   88  357  433.00000 1016.93818   135%   914 1755s
  1483  1019  756.57144   90  342  433.00000 1016.93818   135%   914 1760s
  1488  1022  827.75759   93  385  433.00000 1016.93818   135%   914 1765s
  1493  1026  705.85115   95  328  433.00000 1016.93818   135%   915 1771s
  1497  1028  753.32566   97  327  433.00000 1016.93818   135%   915 1776s
  1503  1032  741.82195  100  342  433.00000 1016.93818   135%   915 1780s
  1511  1038  704.24207  104  328  433.00000 1016.93818   135%   916 1785s
  1515  1040  715.35915  106  337  433.00000 1016.93818   135%   916 1790s
  1520  1044  797.59558  109  375  433.00000 1016.93818   135%   916 1795s
  1524  1046  794.17041  111  380  433.00000 1016.93818   135%   917 1800s

Cutting planes:
  Gomory: 7

Explored 1525 nodes (1404735 simplex iterations) in 1800.01 seconds (977.31 work units)
Thread count was 1 (of 12 available processors)

Solution count 10: 433 425 413 ... 376

Time limit reached
Best objective 4.330000000000e+02, best bound 1.016000000000e+03, gap 134.6420%
