
Gurobi 12.0.2 (linux64, C++) logging started Thu Jun 19 08:00:22 2025

Set parameter LogFile to value "log/instances/scenario1/not_correlated_sc1/800/kpfs_2.txt.log"

Gurobi 12.0.2 (linux64, C++) logging started Thu Jun 19 08:01:44 2025

Set parameter LogFile to value "log/instances/scenario1/not_correlated_sc1/800/kpfs_2.txt.log"

Gurobi 12.0.2 (linux64, C++) logging started Thu Jun 19 08:02:56 2025

Set parameter LogFile to value "log/instances/scenario1/not_correlated_sc1/800/kpfs_2.txt.log"

Gurobi 12.0.2 (linux64, C++) logging started Fri Jun 20 04:17:24 2025

Set parameter WLSAccessID
Set parameter WLSSecret
Set parameter LicenseID to value 2679381
Set parameter LogFile to value "log/instances/scenario1/not_correlated_sc1/800/kpfs_2.txt.log"
Academic license 2679381 - for non-commercial use only - registered to be___@poli.ufrj.br
Set parameter TimeLimit to value 1800
Set parameter Threads to value 1
Gurobi Optimizer version 12.0.2 build v12.0.2rc0 (linux64 - "Ubuntu 24.04.1 LTS")

CPU model: 13th Gen Intel(R) Core(TM) i7-1355U, instruction set [SSE2|AVX|AVX2]
Thread count: 6 physical cores, 12 logical processors, using up to 1 threads

Non-default parameters:
TimeLimit  1800
Threads  1

Academic license 2679381 - for non-commercial use only - registered to be___@poli.ufrj.br
Optimize a model with 4002 rows, 4800 columns and 44994 nonzeros
Model fingerprint: 0x44d27f1b
Variable types: 0 continuous, 4800 integer (800 binary)
Coefficient statistics:
  Matrix range     [1e+00, 3e+01]
  Objective range  [1e+00, 3e+01]
  Bounds range     [1e+00, 2e+01]
  RHS range        [1e+00, 1e+03]
Found heuristic solution: objective 144.0000000
Presolve removed 0 rows and 154 columns
Presolve time: 0.23s
Presolved: 4002 rows, 4646 columns, 44686 nonzeros
Variable types: 0 continuous, 4646 integer (904 binary)

Root simplex log...

Iteration    Objective       Primal Inf.    Dual Inf.      Time
    4448    1.1265920e+03   1.128190e+04   0.000000e+00      5s
    6796    1.0745048e+03   0.000000e+00   0.000000e+00      8s

Root relaxation: objective 1.074505e+03, 6796 iterations, 8.16 seconds (3.44 work units)

    Nodes    |    Current Node    |     Objective Bounds      |     Work
 Expl Unexpl |  Obj  Depth IntInf | Incumbent    BestBd   Gap | It/Node Time

     0     0 1074.50475    0  483  144.00000 1074.50475   646%     -    8s
H    0     0                     157.0000000 1074.50475   584%     -    8s
H    0     0                     172.0000000 1074.50475   525%     -    9s
H    0     0                     257.0000000 1074.50475   318%     -    9s
H    0     0                     259.0000000 1074.50475   315%     -    9s
H    0     0                     282.0000000 1074.50475   281%     -    9s
H    0     0                     299.0000000 1074.50475   259%     -   10s
H    0     0                     301.0000000 1074.50475   257%     -   10s
H    0     0                     312.0000000 1074.50475   244%     -   11s
H    0     0                     319.0000000 1074.50475   237%     -   12s
H    0     0                     328.0000000 1074.50475   228%     -   12s
H    0     0                     331.0000000 1074.50475   225%     -   13s
H    0     0                     353.0000000 1074.50475   204%     -   13s
H    0     0                     364.0000000 1074.50475   195%     -   14s
H    0     0                     398.0000000 1074.50475   170%     -   16s
H    0     0                     409.0000000 1074.50475   163%     -   16s
H    0     0                     416.0000000 1074.50475   158%     -   16s
     0     0 1073.87584    0  485  416.00000 1073.87584   158%     -   20s
     0     0 1073.72479    0  489  416.00000 1073.72479   158%     -   40s
     0     0 1073.63225    0  487  416.00000 1073.63225   158%     -   40s
     0     0 1073.60702    0  488  416.00000 1073.60702   158%     -   40s
     0     0 1073.60063    0  486  416.00000 1073.60063   158%     -   41s
     0     0 1073.59622    0  485  416.00000 1073.59622   158%     -   41s
     0     0 1073.59503    0  487  416.00000 1073.59503   158%     -   41s
     0     0 1073.58708    0  487  416.00000 1073.58708   158%     -   41s
     0     0 1073.58301    0  489  416.00000 1073.58301   158%     -   41s
     0     0 1073.57470    0  487  416.00000 1073.57470   158%     -   41s
     0     0 1072.99084    0  492  416.00000 1072.99084   158%     -   47s
     0     2 1072.96518    0  492  416.00000 1072.96518   158%     -   60s
     4     6  945.00130    2  427  416.00000 1069.87114   157%  1541   66s
     7     9 1060.77268    4  487  416.00000 1066.65369   156%  1362   71s
    10    12 1057.05562    6  493  416.00000 1060.72775   155%  1292   75s
    15    17 1047.13055   10  480  416.00000 1060.72775   155%  1273   80s
    19    21 1044.01877   13  486  416.00000 1060.72775   155%  1317   85s
    26    28 1033.78078   19  475  416.00000 1060.72775   155%  1137   90s
    33    35 1025.74555   25  463  416.00000 1060.72775   155%  1083   95s
    39    41 1019.01694   30  472  416.00000 1060.72775   155%  1027  100s
    43    45  914.25542   33  424  416.00000 1060.72775   155%  1018  105s
    49    51 1003.98298   38  470  416.00000 1060.72775   155%  1026  110s
    53    55  873.89290   40  411  416.00000 1060.72775   155%  1056  116s
    62    64  881.61201   48  405  416.00000 1060.72775   155%   982  122s
    69    71  891.26813   54  398  416.00000 1060.72775   155%   963  126s
    78    80  965.89949   62  437  416.00000 1060.72775   155%   914  130s
    95    97  834.42315   78  373  416.00000 1060.72775   155%   822  136s
    99   101  859.73137   81  390  416.00000 1060.72775   155%   831  140s
   104   106  813.03988   84  370  416.00000 1060.72775   155%   850  147s
   108   110  927.00411   87  422  416.00000 1060.72775   155%   859  150s
   115   117  824.25439   92  384  416.00000 1060.72775   155%   858  156s
   123   125  832.98439   99  381  416.00000 1060.72775   155%   833  160s
   141   143  797.58993  116  371  416.00000 1060.72775   155%   771  166s
   146   148  789.73493  119  353  416.00000 1060.72775   155%   778  171s
   157   159  784.05449  128  362  416.00000 1060.72775   155%   772  175s
   172   174  842.15517  142  388  416.00000 1060.72775   155%   735  180s
H  182   182                     420.0000000 1060.72775   153%   716  185s
   192   194  737.85904  159  352  420.00000 1060.72775   153%   709  190s
   194   196  811.38365  161  376  420.00000 1060.72775   153%   704  203s
   198   200  807.31875  164  385  420.00000 1060.72775   153%   702  205s
   215   217  783.27922  180  375  420.00000 1060.72775   153%   673  210s
   226   228  770.74177  189  377  420.00000 1060.72775   153%   666  215s
   250   252  746.56892  212  357  420.00000 1060.72775   153%   626  220s
   265   267  728.81445  225  348  420.00000 1060.72775   153%   614  225s
   277   279  672.11376  235  302  420.00000 1060.72775   153%   612  230s
   290   292  633.29761  246  306  420.00000 1060.72775   153%   599  235s
   294   296  652.25651  249  306  420.00000 1060.72775   153%   598  275s
   310   312  676.11870  263  332  420.00000 1060.72775   153%   587  280s
   338   340  587.66105  290  287  420.00000 1060.72775   153%   555  286s
   361   363  630.78312  312  295  420.00000 1060.72775   153%   534  290s
   378   380  539.33329  325  242  420.00000 1060.72775   153%   530  295s
   398   400  558.40546  343  259  420.00000 1060.72775   153%   516  300s
   425   427  549.30193  366  272  420.00000 1060.72775   153%   504  305s
   443   445  526.06271  379  266  420.00000 1060.72775   153%   506  310s
   466   468  444.64731  398  208  420.00000 1060.72775   153%   499  315s
   486   486     cutoff  416       420.00000 1060.72775   153%   489  320s
   531   515  978.06725    5  440  420.00000 1059.27743   152%   468  327s
   533   516  955.26703    5  492  420.00000 1059.27743   152%   466  353s
   535   517  784.04234  129  483  420.00000 1059.27743   152%   465  373s
   536   518  607.14593  328  485  420.00000 1059.27743   152%   464  402s
   542   524 1059.27743   14  493  420.00000 1059.27743   152%   474  406s
   543   525  960.94566   14  413  420.00000 1059.27743   152%   478  410s
   545   526  979.63437   15  454  420.00000 1059.27743   152%   482  415s
   548   528 1057.19442   17  489  420.00000 1059.27743   152%   485  420s
   551   530  937.17091   18  444  420.00000 1054.91888   151%   496  427s
   553   531  905.93994   19  421  420.00000 1052.91558   151%   504  433s
   555   533  915.91637   20  407  420.00000 1048.39287   150%   512  438s
   556   533 1043.91981   21  480  420.00000 1048.36106   150%   512  440s
   559   535  910.76788   22  428  420.00000 1041.11991   148%   519  447s
   561   537  961.35456   23  456  420.00000 1036.92894   147%   523  452s
   563   538  973.34695   24  437  420.00000 1031.99438   146%   529  455s
   567   541  936.96680   26  415  420.00000 1025.35467   144%   536  461s
   569   542  911.15706   27  409  420.00000 1021.92215   143%   544  465s
   571   543  894.14336   28  419  420.00000 1019.99314   143%   548  471s
   574   545 1016.42146   30  474  420.00000 1017.69811   142%   551  475s
   577   547  927.00041   31  433  420.00000 1014.71078   142%   560  482s
   579   549  901.21427   32  422  420.00000 1013.49365   141%   563  487s
   581   550  925.36678   33  408  420.00000 1011.93376   141%   566  491s
   583   551  883.61526   34  404  420.00000 1009.61577   140%   573  495s
   585   553  895.60371   35  416  420.00000 1007.64990   140%   576  500s
   588   555 1001.85211   37  473  420.00000 1004.09402   139%   578  505s
   590   556  999.80115   38  473  420.00000 1001.74800   139%   582  510s
   592   557  997.63702   39  465  420.00000  999.74636   138%   587  515s
   595   559  905.24502   40  421  420.00000  993.90896   137%   593  520s
   598   561  991.18657   42  473  420.00000  992.68177   136%   595  525s
   601   563  914.52317   43  424  420.00000  986.80550   135%   603  532s
   603   565  851.06248   44  423  420.00000  986.80550   135%   606  537s
   605   566  866.70654   45  407  420.00000  986.80550   135%   613  542s
   607   567  882.47604   46  399  420.00000  986.80550   135%   616  545s
   611   570  859.27048   48  412  420.00000  986.80550   135%   621  552s
   613   571  865.60190   49  385  420.00000  986.80550   135%   627  557s
   615   573  897.19906   50  419  420.00000  986.80550   135%   630  561s
   617   574  875.22657   51  393  420.00000  986.80550   135%   632  566s
   619   575  886.84112   52  400  420.00000  986.80550   135%   635  570s
   622   577  962.91931   54  471  420.00000  986.80550   135%   640  575s
   625   579  816.75916   55  391  420.00000  986.80550   135%   646  583s
   627   581  793.21095   56  375  420.00000  986.80550   135%   652  587s
   629   582  869.46203   57  416  420.00000  986.80550   135%   654  591s
   631   583  842.15828   58  387  420.00000  986.80550   135%   656  596s
   633   585  879.58917   59  400  420.00000  986.80550   135%   658  600s
   637   587  853.83254   61  399  420.00000  986.80550   135%   666  606s
   641   590  860.99389   63  406  420.00000  986.80550   135%   670  611s
   643   591  872.71863   64  408  420.00000  986.80550   135%   675  615s
   646   593  943.01897   66  460  420.00000  986.80550   135%   677  620s
   649   595  822.59592   67  379  420.00000  986.80550   135%   681  627s
   651   597  868.29357   68  413  420.00000  986.80550   135%   686  631s
   653   598  825.79380   69  375  420.00000  986.80550   135%   688  635s
   656   600  932.74862   71  455  420.00000  986.80550   135%   690  640s
   659   602  876.26022   72  406  420.00000  986.80550   135%   696  647s
   661   603  808.65942   73  385  420.00000  986.80550   135%   698  650s
   664   605  926.54592   75  444  420.00000  986.80550   135%   699  655s
   667   607  812.73391   76  399  420.00000  986.80550   135%   706  661s
   670   609  921.18381   78  442  420.00000  986.80550   135%   707  666s
   673   611  811.93104   79  395  420.00000  986.80550   135%   714  672s
   675   613  771.02754   80  340  420.00000  986.80550   135%   716  675s
   679   615  823.81377   82  401  420.00000  986.80550   135%   721  680s
   683   618  804.78905   84  394  420.00000  986.80550   135%   725  686s
   687   621  808.84459   86  388  420.00000  986.80550   135%   731  691s
   691   623  822.21963   88  388  420.00000  986.80550   135%   735  697s
   693   625  797.24258   89  370  420.00000  986.80550   135%   739  701s
   695   626  803.84769   90  401  420.00000  986.80550   135%   740  705s
   698   628  901.84620   92  439  420.00000  986.80550   135%   741  710s
   701   630  797.05601   93  385  420.00000  986.80550   135%   748  716s
   704   632  897.77596   95  432  420.00000  986.80550   135%   749  720s
   707   634  812.19243   96  388  420.00000  986.80550   135%   753  726s
   710   636  888.70410   98  439  420.00000  986.80550   135%   754  730s
   713   638  761.42150   99  369  420.00000  986.80550   135%   760  737s
   715   639  800.80868  100  383  420.00000  986.80550   135%   761  741s
   718   641  883.16613  102  440  420.00000  986.80550   135%   762  745s
   721   643  772.67341  103  383  420.00000  986.80550   135%   769  750s
   726   647  876.60825  106  424  420.00000  986.80550   135%   771  755s
   729   649  797.53369  107  396  420.00000  986.80550   135%   777  761s
   731   650  787.83193  108  381  420.00000  986.80550   135%   779  766s
   734   652  869.52449  110  409  420.00000  986.80550   135%   779  770s
   737   654  753.54899  111  364  420.00000  986.80550   135%   785  777s
   739   655  764.69883  112  371  420.00000  986.80550   135%   786  781s
   742   657  861.95756  114  424  420.00000  986.80550   135%   787  785s
   745   659  730.77903  115  358  420.00000  986.80550   135%   790  792s
   747   661  794.07866  116  394  420.00000  986.80550   135%   794  796s
   749   662  736.22172  117  361  420.00000  986.80550   135%   795  800s
   752   664  854.59773  119  417  420.00000  986.80550   135%   796  805s
   755   666  777.39651  120  357  420.00000  986.80550   135%   799  812s
   757   667  728.94242  121  380  420.00000  986.80550   135%   800  816s
   759   669  758.52489  122  367  420.00000  986.80550   135%   804  820s
   763   671  744.89134  124  358  420.00000  986.80550   135%   807  827s
   765   673  748.35117  125  364  420.00000  986.80550   135%   808  832s
   767   674  744.93896  126  370  420.00000  986.80550   135%   810  836s
   769   675  749.90044  127  346  420.00000  986.80550   135%   813  840s
   773   678  737.23988  129  344  420.00000  986.80550   135%   816  846s
   775   679  730.76305  130  354  420.00000  986.80550   135%   817  852s
   777   681  766.05290  131  356  420.00000  986.80550   135%   817  855s
   779   682  749.38469  132  352  420.00000  986.80550   135%   819  914s
   780   683  829.85373  133  420  420.00000  986.80550   135%   818  915s
   783   685  732.17390  134  374  420.00000  986.80550   135%   823  921s
   785   686  720.78963  135  356  420.00000  986.80550   135%   824  925s
   789   689  707.69489  137  347  420.00000  986.80550   135%   826  931s
   792   691  820.79243  139  408  420.00000  986.80550   135%   827  935s
   795   693  716.40674  140  351  420.00000  986.80550   135%   830  940s
   799   695  741.80809  142  345  420.00000  986.80550   135%   833  946s
   802   697  816.16166  144  411  420.00000  986.80550   135%   834  950s
   805   699  770.76594  145  368  420.00000  986.80550   135%   836  956s
   808   701  810.45135  147  406  420.00000  986.80550   135%   836  960s
   811   703  733.57325  148  365  420.00000  986.80550   135%   841  966s
   814   705  804.73966  150  410  420.00000  986.80550   135%   842  970s
   817   707  717.14054  151  351  420.00000  986.80550   135%   844  975s
   820   709  800.94421  153  412  420.00000  986.80550   135%   844  980s
   823   711  682.79191  154  338  420.00000  986.80550   135%   847  987s
   825   713  688.52356  155  355  420.00000  986.80550   135%   849  990s
   829   715  704.31970  157  344  420.00000  986.80550   135%   851  997s
   831   717  705.98356  158  338  420.00000  986.80550   135%   852 1000s
   835   719  711.72508  160  354  420.00000  986.80550   135%   855 1007s
   837   721  706.49004  161  347  420.00000  986.80550   135%   856 1011s
   840   723  791.02660  163  411  420.00000  986.80550   135%   858 1015s
   843   725  668.73945  164  321  420.00000  986.80550   135%   860 1021s
   845   726  701.23195  165  344  420.00000  986.80550   135%   861 1025s
   849   729  704.06509  167  337  420.00000  986.80550   135%   863 1030s
   851   730  697.87383  168  334  420.00000  986.80550   135%   864 1035s
   853   731  678.23610  169  324  420.00000  986.80550   135%   867 1045s
   857   734  711.50011  171  344  420.00000  986.80550   135%   868 1050s
   861   737  701.10431  173  353  420.00000  986.80550   135%   870 1056s
   863   738  707.42207  174  346  420.00000  986.80550   135%   871 1060s
   867   741  685.27000  176  326  420.00000  986.80550   135%   874 1065s
   871   743  676.08877  178  340  420.00000  986.80550   135%   875 1071s
   874   745  772.08208  180  401  420.00000  986.80550   135%   875 1075s
   878   748  769.39016  182  399  420.00000  986.80550   135%   877 1080s
   881   750  648.78252  183  307  420.00000  986.80550   135%   879 1085s
   885   753  640.88074  185  329  420.00000  986.80550   135%   881 1092s
   887   754  650.60528  186  341  420.00000  986.80550   135%   882 1096s
   890   756  761.50613  188  413  420.00000  986.80550   135%   884 1100s
   894   759  759.41392  190  400  420.00000  986.80550   135%   884 1105s
   895   759  684.03490  190  331  420.00000  986.80550   135%   889 1110s
   899   762  634.42025  192  318  420.00000  986.80550   135%   893 1115s
   903   765  649.59036  194  310  420.00000  986.80550   135%   894 1121s
   907   767  706.38373  196  342  420.00000  986.80550   135%   895 1126s
   909   769  664.09884  197  332  420.00000  986.80550   135%   895 1133s
   911   770  671.12498  198  354  420.00000  986.80550   135%   898 1137s
   913   771  649.60299  199  328  420.00000  986.80550   135%   900 1140s
   917   774  670.15509  201  336  420.00000  986.80550   135%   901 1146s
   919   775  627.99078  202  325  420.00000  986.80550   135%   902 1150s
   923   778  662.80661  204  316  420.00000  986.80550   135%   903 1156s
   927   781  643.47275  206  309  420.00000  986.80550   135%   904 1161s
   931   783  647.17721  208  319  420.00000  986.80550   135%   905 1179s
   932   784  731.90977  209  381  420.00000  986.80550   135%   904 1180s
   936   787  728.97173  211  376  420.00000  986.80550   135%   905 1185s
   941   790  628.87726  213  304  420.00000  986.80550   135%   907 1191s
   945   793  636.80499  215  309  420.00000  986.80550   135%   908 1196s
   949   795  642.66006  217  320  420.00000  986.80550   135%   909 1200s
   953   798  650.55052  219  317  420.00000  986.80550   135%   909 1205s
   957   801  613.95406  221  307  420.00000  986.80550   135%   910 1210s
   961   803  633.20353  223  319  420.00000  986.80550   135%   912 1217s
   965   806  660.84510  225  313  420.00000  986.80550   135%   913 1221s
   969   809  619.30805  227  321  420.00000  986.80550   135%   913 1225s
   974   812  709.73352  230  345  420.00000  986.80550   135%   913 1230s
   978   815  705.23215  232  354  420.00000  986.80550   135%   914 1235s
   983   818  584.61072  234  292  420.00000  986.80550   135%   915 1241s
   987   821  612.35801  236  292  420.00000  986.80550   135%   916 1246s
   991   823  626.43217  238  322  420.00000  986.80550   135%   916 1250s
   996   827  698.86799  241  348  420.00000  986.80550   135%   916 1255s
  1001   830  604.97127  243  318  420.00000  986.80550   135%   917 1261s
  1005   833  614.46706  245  292  420.00000  986.80550   135%   918 1265s
  1009   835  625.53901  247  308  420.00000  986.80550   135%   918 1285s
  1015   839  628.20340  250  302  420.00000  986.80550   135%   918 1291s
  1019   842  623.74491  252  300  420.00000  986.80550   135%   918 1295s
  1024   845  680.54856  255  333  420.00000  986.80550   135%   917 1300s
  1029   849  590.00891  257  279  420.00000  986.80550   135%   918 1305s
  1034   852  673.91692  260  333  420.00000  986.80550   135%   918 1310s
  1039   855  606.48723  262  286  420.00000  986.80550   135%   919 1315s
  1045   859  611.80358  265  303  420.00000  986.80550   135%   918 1320s
  1049   862  585.11093  267  291  420.00000  986.80550   135%   919 1325s
  1055   866  589.94628  270  283  420.00000  986.80550   135%   919 1331s
  1059   869  554.96742  272  281  420.00000  986.80550   135%   919 1335s
  1063   871  558.27991  274  282  420.00000  986.80550   135%   919 1340s
  1068   875  658.33987  277  335  420.00000  986.80550   135%   919 1345s
  1073   878  580.50631  279  263  420.00000  986.80550   135%   920 1351s
  1077   881  596.25075  281  303  420.00000  986.80550   135%   920 1355s
  1083   885  548.21226  284  237  420.00000  986.80550   135%   919 1361s
  1087   887  575.18658  286  273  420.00000  986.80550   135%   920 1365s
  1093   891  548.80451  289  264  420.00000  986.80550   135%   919 1370s
  1097   894  531.19047  291  265  420.00000  986.80550   135%   920 1375s
  1103   898  543.45497  294  278  420.00000  986.80550   135%   920 1381s
  1107   901  571.84023  296  265  420.00000  986.80550   135%   920 1386s
  1111   903  547.56206  298  262  420.00000  986.80550   135%   920 1390s
  1116   907  617.32553  301  315  420.00000  986.80550   135%   919 1395s
  1121   910  545.48726  303  279  420.00000  986.80550   135%   919 1400s
  1125   913  522.63353  305  260  420.00000  986.80550   135%   919 1405s
  1131   917  529.50081  308  255  420.00000  986.80550   135%   919 1411s
  1135   919  558.98038  310  294  420.00000  986.80550   135%   918 1415s
  1141   923  516.44003  313  268  420.00000  986.80550   135%   918 1420s
  1147   927  522.79824  316  253  420.00000  986.80550   135%   918 1426s
  1151   930  485.06449  318  237  420.00000  986.80550   135%   918 1430s
  1156   933  583.68405  321  308  420.00000  986.80550   135%   917 1435s
  1161   937  509.46148  323  267  420.00000  986.80550   135%   917 1440s
  1167   941  496.48051  326  230  420.00000  986.80550   135%   917 1445s
  1171   943  504.70492  328  260  420.00000  986.80550   135%   917 1450s
  1177   947  479.50500  331  228  420.00000  986.80550   135%   917 1455s
  1182   951  557.96162  334  301  420.00000  986.80550   135%   916 1460s
  1188   955  552.76870  337  295  420.00000  986.80550   135%   916 1465s
  1193   958  488.93583  339  261  420.00000  986.80550   135%   916 1470s
  1199   962  500.78736  342  272  420.00000  986.80550   135%   915 1475s
  1204   965  538.26657  345  293  420.00000  986.80550   135%   915 1480s
  1209   969  474.19124  347  243  420.00000  986.80550   135%   915 1485s
  1215   973  468.95109  350  260  420.00000  986.80550   135%   915 1490s
  1221   977  457.00777  353  234  420.00000  986.80550   135%   914 1495s
  1227   981  454.08267  356  242  420.00000  986.80550   135%   914 1500s
  1233   985  446.39336  359  229  420.00000  986.80550   135%   913 1505s
  1240   989  509.76907  363  291  420.00000  986.80550   135%   912 1510s
  1245   993  432.56153  365  230  420.00000  986.80550   135%   913 1515s
  1251   997  428.16297  368  253  420.00000  986.80550   135%   912 1520s
  1257  1001  454.41345  371  276  420.00000  986.80550   135%   911 1525s
  1263  1003  426.28606  374  247  420.00000  986.80550   135%   910 1530s
  1269  1003     cutoff  377       420.00000  986.80550   135%   909 1535s
  1275  1003  424.42987  380  228  420.00000  986.80550   135%   908 1540s
  1281  1006  431.24564  383  228  420.00000  986.80550   135%   907 1545s
  1288  1006  477.87609  387  292  420.00000  986.80550   135%   906 1550s
  1294  1007  474.18066  390  293  420.00000  986.80550   135%   905 1555s
  1304  1004  470.21277  395  289  420.00000  986.80550   135%   902 1560s
  1312  1002  466.84445  399  290  420.00000  986.80550   135%   899 1565s
  1321   998     cutoff  403       420.00000  986.80550   135%   897 1570s
  1331   995     cutoff  408       420.00000  986.80550   135%   894 1575s
  1343   991     cutoff  414       420.00000  986.80550   135%   889 1580s
  1359   986     cutoff  422       420.00000  986.80550   135%   881 1585s
  1383   978     cutoff  434       420.00000  986.80550   135%   868 1590s
  1390   977  976.49660   20  445  420.00000  986.55299   135%   866 1595s
  1393   979  909.78087   21  413  420.00000  986.55299   135%   867 1600s
  1396   981  963.07147   23  441  420.00000  986.55299   135%   867 1605s
  1399   983  842.84054   24  389  420.00000  986.55299   135%   869 1612s
  1401   985  876.23448   25  395  420.00000  986.55299   135%   870 1616s
  1404   987  952.66404   27  444  420.00000  986.55299   135%   870 1620s
  1407   989  860.52382   28  401  420.00000  986.55299   135%   871 1626s
  1410   991  944.12028   30  440  420.00000  986.55299   135%   871 1630s
  1413   993  873.95706   31  402  420.00000  986.55299   135%   872 1636s
  1416   995  935.19181   33  445  420.00000  986.55299   135%   873 1640s
  1419   997  863.70226   34  401  420.00000  986.55299   135%   874 1646s
  1422   999  928.75909   36  439  420.00000  986.55299   135%   875 1650s
  1425  1001  858.79813   37  378  420.00000  986.55299   135%   876 1655s
  1427  1002  838.85207   38  409  420.00000  986.55299   135%   877 1660s
  1430  1004  916.01842   40  431  420.00000  986.55299   135%   877 1665s
  1433  1006  806.97585   41  379  420.00000  986.55299   135%   878 1670s
  1437  1009  776.84236   43  383  420.00000  986.55299   135%   879 1677s
  1439  1010  803.07185   44  360  420.00000  986.55299   135%   880 1713s
  1441  1011  794.42802   45  386  420.00000  986.55299   135%   880 1716s
  1443  1013  795.48207   46  382  420.00000  986.55299   135%   881 1720s
  1447  1015  806.85446   48  390  420.00000  986.55299   135%   882 1727s
  1449  1017  809.70337   49  370  420.00000  986.55299   135%   883 1730s
  1453  1019  782.35869   51  400  420.00000  986.55299   135%   884 1737s
  1455  1021  793.41474   52  373  420.00000  986.55299   135%   884 1740s
  1459  1023  797.51697   54  370  420.00000  986.55299   135%   885 1746s
  1462  1025  879.72608   56  436  420.00000  986.55299   135%   885 1750s
  1465  1027  816.74356   57  391  420.00000  986.55299   135%   886 1755s
  1469  1030  780.58478   59  358  420.00000  986.55299   135%   887 1761s
  1471  1031  806.66736   60  392  420.00000  986.55299   135%   888 1765s
  1475  1034  766.29737   62  379  420.00000  986.55299   135%   889 1771s
  1479  1037  805.45709   64  368  420.00000  986.55299   135%   889 1776s
  1482  1039  857.11390   66  422  420.00000  986.55299   135%   889 1780s
  1485  1041  777.57184   67  364  420.00000  986.55299   135%   890 1785s
  1489  1043  740.46366   69  357  420.00000  986.55299   135%   891 1791s
  1493  1046  742.77052   71  369  420.00000  986.55299   135%   892 1795s

Cutting planes:
  Gomory: 4

Explored 1497 nodes (1341967 simplex iterations) in 1800.01 seconds (925.80 work units)
Thread count was 1 (of 12 available processors)

Solution count 10: 420 416 409 ... 312

Time limit reached
Best objective 4.200000000000e+02, best bound 9.860000000000e+02, gap 134.7619%
