
Gurobi 12.0.2 (linux64, C++) logging started Thu Jun 19 08:00:22 2025

Set parameter LogFile to value "log/instances/scenario1/not_correlated_sc1/800/kpfs_3.txt.log"

Gurobi 12.0.2 (linux64, C++) logging started Thu Jun 19 08:01:44 2025

Set parameter LogFile to value "log/instances/scenario1/not_correlated_sc1/800/kpfs_3.txt.log"

Gurobi 12.0.2 (linux64, C++) logging started Thu Jun 19 08:02:56 2025

Set parameter LogFile to value "log/instances/scenario1/not_correlated_sc1/800/kpfs_3.txt.log"

Gurobi 12.0.2 (linux64, C++) logging started Fri Jun 20 04:47:24 2025

Set parameter WLSAccessID
Set parameter WLSSecret
Set parameter LicenseID to value 2679381
Set parameter LogFile to value "log/instances/scenario1/not_correlated_sc1/800/kpfs_3.txt.log"
Academic license 2679381 - for non-commercial use only - registered to be___@poli.ufrj.br
Set parameter TimeLimit to value 1800
Set parameter Threads to value 1
Gurobi Optimizer version 12.0.2 build v12.0.2rc0 (linux64 - "Ubuntu 24.04.1 LTS")

CPU model: 13th Gen Intel(R) Core(TM) i7-1355U, instruction set [SSE2|AVX|AVX2]
Thread count: 6 physical cores, 12 logical processors, using up to 1 threads

Non-default parameters:
TimeLimit  1800
Threads  1

Academic license 2679381 - for non-commercial use only - registered to be___@poli.ufrj.br
Optimize a model with 4002 rows, 4800 columns and 44065 nonzeros
Model fingerprint: 0x29ee2933
Variable types: 0 continuous, 4800 integer (800 binary)
Coefficient statistics:
  Matrix range     [1e+00, 3e+01]
  Objective range  [1e+00, 3e+01]
  Bounds range     [1e+00, 2e+01]
  RHS range        [1e+00, 1e+03]
Found heuristic solution: objective 149.0000000
Presolve removed 1 rows and 155 columns
Presolve time: 0.32s
Presolved: 4001 rows, 4645 columns, 43753 nonzeros
Variable types: 0 continuous, 4645 integer (940 binary)

Root simplex log...

Iteration    Objective       Primal Inf.    Dual Inf.      Time
    4951    1.1381459e+03   1.800199e+03   0.000000e+00      5s
    6764    1.1018255e+03   0.000000e+00   0.000000e+00      8s

Root relaxation: objective 1.101826e+03, 6764 iterations, 7.18 seconds (3.28 work units)

    Nodes    |    Current Node    |     Objective Bounds      |     Work
 Expl Unexpl |  Obj  Depth IntInf | Incumbent    BestBd   Gap | It/Node Time

     0     0 1101.82552    0  487  149.00000 1101.82552   639%     -    7s
H    0     0                     178.0000000 1101.82552   519%     -    7s
H    0     0                     183.0000000 1101.82552   502%     -    8s
H    0     0                     273.0000000 1101.82552   304%     -    8s
H    0     0                     298.0000000 1101.82552   270%     -    8s
H    0     0                     354.0000000 1101.82552   211%     -    8s
H    0     0                     362.0000000 1101.82552   204%     -   10s
H    0     0                     377.0000000 1101.82552   192%     -   10s
H    0     0                     403.0000000 1101.82552   173%     -   14s
H    0     0                     410.0000000 1101.82552   169%     -   14s
     0     0 1100.82144    0  483  410.00000 1100.82144   168%     -   18s
     0     0 1100.78424    0  481  410.00000 1100.78424   168%     -   34s
     0     0 1100.75530    0  481  410.00000 1100.75530   168%     -   34s
     0     0 1100.74761    0  484  410.00000 1100.74761   168%     -   34s
     0     0 1100.46509    0  476  410.00000 1100.46509   168%     -   40s
     0     0 1100.46236    0  478  410.00000 1100.46236   168%     -   40s
     0     0 1100.46053    0  478  410.00000 1100.46053   168%     -   50s
     0     2 1100.45787    0  478  410.00000 1100.45787   168%     -   53s
     2     4 1015.36752    1  434  410.00000 1097.60239   168%  1388   57s
     4     6 1010.95140    2  424  410.00000 1094.70554   167%  1391   60s
     8    10 1085.19268    5  472  410.00000 1089.54613   166%  1141   65s
    12    14  986.38013    7  431  410.00000 1089.54613   166%  1517   73s
    16    18 1071.53795   11  462  410.00000 1089.54613   166%  1244   75s
    21    23 1065.50781   15  471  410.00000 1089.54613   166%  1155   80s
    25    27  949.63724   18  437  410.00000 1089.54613   166%  1175   85s
H   26    26                     414.0000000 1089.54613   163%  1130   85s
H   26    26                     439.0000000 1089.54613   148%  1130   85s
    33    35  951.96342   25  425  439.00000 1089.54613   148%  1036   91s
    35    37  957.32634   26  402  439.00000 1089.54613   148%  1052   96s
    46    48 1034.41262   37  457  439.00000 1089.54613   148%   868  100s
    61    63 1019.87717   52  436  439.00000 1089.54613   148%   716  105s
    66    68  872.77489   55  381  439.00000 1089.54613   148%   772  112s
    69    71  920.76234   57  396  439.00000 1089.54613   148%   783  116s
    74    76  876.60004   61  385  439.00000 1089.54613   148%   786  121s
    84    86  865.96501   70  378  439.00000 1089.54613   148%   777  126s
    87    89  979.01863   72  435  439.00000 1089.54613   148%   786  130s
    93    95  872.04356   75  392  439.00000 1089.54613   148%   827  136s
   100   102  872.35530   81  381  439.00000 1089.54613   148%   811  141s
   104   106  870.58048   84  383  439.00000 1089.54613   148%   810  145s
   109   111  946.43365   88  443  439.00000 1089.54613   148%   820  150s
   116   118  935.43672   94  429  439.00000 1089.54613   148%   807  155s
   120   122  828.17259   96  369  439.00000 1089.54613   148%   826  162s
   128   130  843.27855  103  376  439.00000 1089.54613   148%   821  167s
   138   140  901.58203  113  408  439.00000 1089.54613   148%   782  170s
   153   155  882.30023  127  407  439.00000 1089.54613   148%   743  175s
   175   177  854.26070  148  397  439.00000 1089.54613   148%   688  180s
   190   192  745.96658  161  354  439.00000 1089.54613   148%   671  186s
   208   210  815.60445  179  366  439.00000 1089.54613   148%   631  191s
   212   214  751.14628  181  344  439.00000 1089.54613   148%   637  195s
   216   218  737.93726  184  334  439.00000 1089.54613   148%   636  204s
   218   220  802.19966  186  371  439.00000 1089.54613   148%   633  205s
   239   241  706.04641  204  328  439.00000 1089.54613   148%   616  210s
   255   257  756.09774  219  361  439.00000 1089.54613   148%   598  215s
   265   267  634.19349  227  292  439.00000 1089.54613   148%   596  220s
   286   288  717.05906  248  331  439.00000 1089.54613   148%   565  227s
   304   306  630.37777  265  300  439.00000 1089.54613   148%   547  230s
   312   314  681.70865  271  312  439.00000 1089.54613   148%   546  236s
   324   326  615.39503  280  291  439.00000 1089.54613   148%   543  240s
   343   345  607.29282  297  287  439.00000 1089.54613   148%   530  245s
   357   359  561.44610  309  250  439.00000 1089.54613   148%   523  283s
   364   366  565.15835  315  267  439.00000 1089.54613   148%   519  285s
   377   379  606.45453  325  292  439.00000 1089.54613   148%   517  290s
   395   397  521.58226  340  253  439.00000 1089.54613   148%   510  295s
   429   431  542.75432  370  273  439.00000 1089.54613   148%   491  300s
   468   470  461.66964  403  206  439.00000 1089.54613   148%   474  310s
   492   490     cutoff  423       439.00000 1089.54613   148%   463  315s
   527   513  947.61107    4  434  439.00000 1087.38907   148%   445  321s
   529   514  681.91379  212  478  439.00000 1087.38907   148%   443  351s
   531   515  828.56847  166  487  439.00000 1087.38907   148%   442  380s
   532   516  794.21624  123  483  439.00000 1087.38907   148%   441  417s
   538   522 1087.38907   14  483  439.00000 1087.38907   148%   451  421s
   539   523 1007.29494   14  436  439.00000 1087.38907   148%   455  425s
   541   524 1010.65811   15  441  439.00000 1087.38907   148%   458  430s
   544   526 1086.52476   17  482  439.00000 1087.38907   148%   462  435s
   547   528  945.43318   18  431  439.00000 1083.97050   147%   473  444s
   549   529  977.64524   19  438  439.00000 1082.11442   146%   481  448s
   551   531  985.82103   20  419  439.00000 1080.19127   146%   484  452s
   553   532  983.55299   21  409  439.00000 1077.55252   145%   491  458s
   555   533  935.93779   22  426  439.00000 1075.00114   145%   496  461s
   558   535 1069.95405   24  467  439.00000 1073.50338   145%   500  465s
   561   537  933.28375   25  415  439.00000 1068.11255   143%   511  470s
   564   539 1063.18429   27  452  439.00000 1066.39237   143%   514  475s
   566   541 1059.33419   28  461  439.00000 1063.15022   142%   517  480s
   569   543  983.33216   29  429  439.00000 1054.95611   140%   525  488s
   571   544  929.16295   30  418  439.00000 1053.29241   140%   528  492s
   573   545  954.22080   31  424  439.00000 1051.22570   139%   535  496s
   575   547  941.53834   32  435  439.00000 1049.95981   139%   537  501s
   577   548  940.01451   33  411  439.00000 1047.10298   139%   541  505s
   580   550 1039.08241   35  462  439.00000 1045.79729   138%   544  510s
   583   552  933.48739   36  419  439.00000 1036.76634   136%   553  517s
   585   553  936.74321   37  424  439.00000 1034.94739   136%   556  521s
   587   555  934.35964   38  412  439.00000 1034.22470   136%   561  525s
   590   557 1028.83523   40  454  439.00000 1032.14441   135%   564  530s
   593   559  924.17941   41  431  439.00000 1027.32267   134%   572  536s
   595   560  949.75634   42  425  439.00000 1023.75959   133%   577  540s
   599   563  918.69708   44  402  439.00000 1020.41865   132%   582  547s
   601   564  937.84233   45  441  439.00000 1018.47544   132%   588  552s
   603   565  912.67216   46  412  439.00000 1016.08711   131%   590  557s
   605   567  935.36417   47  422  439.00000 1013.77382   131%   592  561s
   607   568  906.67285   48  398  439.00000 1012.14661   131%   598  565s
   610   570 1007.36677   50  431  439.00000 1010.64780   130%   600  570s
   613   572  891.84871   51  407  439.00000 1010.64780   130%   605  577s
   615   573  941.29103   52  417  439.00000 1010.64780   130%   609  580s
   618   575  999.32701   54  435  439.00000 1010.64780   130%   611  586s
   620   577  997.09763   55  446  439.00000 1010.64780   130%   614  590s
   623   579  896.46594   56  389  439.00000 1010.64780   130%   620  595s
   627   581  899.99552   58  400  439.00000 1010.64780   130%   628  601s
   631   584  865.50332   60  391  439.00000 1010.64780   130%   633  607s
   633   585  860.88242   61  384  439.00000 1010.64780   130%   638  611s
   636   587  979.71870   63  439  439.00000 1010.64780   130%   639  615s
   638   589  978.11589   64  435  439.00000 1010.64780   130%   641  620s
   641   591  898.81456   65  411  439.00000 1010.64780   130%   645  627s
   643   592  903.49615   66  403  439.00000 1010.64780   130%   647  632s
   645   593  858.73663   67  402  439.00000 1010.64780   130%   652  637s
   647   595  835.19494   68  369  439.00000 1010.64780   130%   654  641s
   649   596  882.91048   69  369  439.00000 1010.64780   130%   655  645s
   651   597  904.00723   70  382  439.00000 1010.64780   130%   657  650s
   653   599  869.15616   71  397  439.00000 1010.64780   130%   662  655s
   656   601  960.18083   73  444  439.00000 1010.64780   130%   663  660s
   659   603  873.04746   74  399  439.00000 1010.64780   130%   667  665s
   663   605  876.44097   76  398  439.00000 1010.64780   130%   674  670s
   667   608  847.84229   78  389  439.00000 1010.64780   130%   678  675s
   671   611  874.76412   80  386  439.00000 1010.64780   130%   683  681s
   673   612  833.85397   81  393  439.00000 1010.64780   130%   685  687s
   675   613  860.06571   82  372  439.00000 1010.64780   130%   686  691s
   678   615  939.60199   84  443  439.00000 1010.64780   130%   687  695s
   681   617  874.88714   85  407  439.00000 1010.64780   130%   693  702s
   683   619  893.92345   86  412  439.00000 1010.64780   130%   694  705s
   686   621  929.81319   88  426  439.00000 1010.64780   130%   695  710s
   689   623  817.31308   89  388  439.00000 1010.64780   130%   701  717s
   691   624  822.22480   90  388  439.00000 1010.64780   130%   703  721s
   694   626  919.18456   92  428  439.00000 1010.64780   130%   705  725s
   697   628  848.92168   93  384  439.00000 1010.64780   130%   710  732s
   699   629  804.78518   94  376  439.00000 1010.64780   130%   711  736s
   702   631  913.58889   96  428  439.00000 1010.64780   130%   713  740s
   705   633  784.84401   97  346  439.00000 1010.64780   130%   720  745s
   707   635  828.27316   98  371  439.00000 1010.64780   130%   722  750s
   711   637  792.31700  100  349  439.00000 1010.64780   130%   725  756s
   713   639  803.14755  101  352  439.00000 1010.64780   130%   729  761s
   716   641  904.57720  103  426  439.00000 1010.64780   130%   729  765s
   719   643  800.40241  104  368  439.00000 1010.64780   130%   733  771s
   721   644  810.64209  105  357  439.00000 1010.64780   130%   734  775s
   725   647  821.02048  107  366  439.00000 1010.64780   130%   739  780s
   729   649  806.81005  109  396  439.00000 1010.64780   130%   742  785s
   734   653  891.64416  112  422  439.00000 1010.64780   130%   746  790s
   738   655  889.58342  114  411  439.00000 1010.64780   130%   749  795s
   741   657  789.15977  115  358  439.00000 1010.64780   130%   755  801s
   743   659  776.93996  116  361  439.00000 1010.64780   130%   756  805s
   746   661  882.86240  118  413  439.00000 1010.64780   130%   756  810s
   748   662  882.00329  119  421  439.00000 1010.64780   130%   758  815s
   751   664  807.68470  120  334  439.00000 1010.64780   130%   762  822s
   753   665  803.90716  121  365  439.00000 1010.64780   130%   763  825s
   756   667  877.29162  123  413  439.00000 1010.64780   130%   765  830s
   759   669  810.28461  124  358  439.00000 1010.64780   130%   768  836s
   761   671  781.81656  125  350  439.00000 1010.64780   130%   769  840s
   765   673  776.55188  127  366  439.00000 1010.64780   130%   771  847s
   767   675  776.87713  128  348  439.00000 1010.64780   130%   773  851s
   769   676  746.60117  129  368  439.00000 1010.64780   130%   775  856s
   772   678  866.37200  131  409  439.00000 1010.64780   130%   775  860s
   775   680  777.43036  132  368  439.00000 1010.64780   130%   780  867s
   778   682  861.05481  134  405  439.00000 1010.64780   130%   781  870s
   782   685  857.82746  136  400  439.00000 1010.64780   130%   783  875s
   785   687  749.59093  137  367  439.00000 1010.64780   130%   788  880s
   789   689  767.96911  139  345  439.00000 1010.64780   130%   790  887s
   791   691  761.29199  140  355  439.00000 1010.64780   130%   791  891s
   793   692  765.21222  141  367  439.00000 1010.64780   130%   792  895s
   797   695  783.21742  143  370  439.00000 1010.64780   130%   793  902s
   799   696  737.32224  144  349  439.00000 1010.64780   130%   794  905s
   801   697  743.74867  145  356  439.00000 1010.64780   130%   795  968s
   803   699  773.09964  146  358  439.00000 1010.64780   130%   798  971s
   807   701  748.05317  148  339  439.00000 1010.64780   130%   801  975s
   811   704  718.78096  150  341  439.00000 1010.64780   130%   803  981s
   815   707  742.18230  152  341  439.00000 1010.64780   130%   804  987s
   818   709  826.54917  154  391  439.00000 1010.64780   130%   804  990s
   821   711  738.56366  155  355  439.00000 1010.64780   130%   808  995s
   823   712  745.62459  156  356  439.00000 1010.64780   130%   812 1001s
   825   713  751.01021  157  355  439.00000 1010.64780   130%   814 1005s
   829   716  764.57397  159  369  439.00000 1010.64780   130%   815 1011s
   831   717  742.63240  160  354  439.00000 1010.64780   130%   818 1015s
   835   720  753.16613  162  369  439.00000 1010.64780   130%   819 1021s
   839   723  691.38617  164  333  439.00000 1010.64780   130%   821 1026s
   841   724  725.82021  165  330  439.00000 1010.64780   130%   824 1030s
   845   727  717.44435  167  337  439.00000 1010.64780   130%   825 1036s
   847   728  735.61676  168  338  439.00000 1010.64780   130%   826 1040s
   851   731  719.30761  170  334  439.00000 1010.64780   130%   827 1047s
   853   732  678.31196  171  336  439.00000 1010.64780   130%   828 1051s
   855   733  719.67376  172  356  439.00000 1010.64780   130%   830 1055s
   858   735  792.93088  174  396  439.00000 1010.64780   130%   830 1060s
   863   739  667.59584  176  321  439.00000 1010.64780   130%   833 1065s
   867   741  704.88160  178  336  439.00000 1010.64780   130%   834 1071s
   870   743  786.32001  180  384  439.00000 1010.64780   130%   834 1075s
   873   745  683.90261  181  324  439.00000 1010.64780   130%   836 1081s
   876   747  784.15986  183  374  439.00000 1010.64780   130%   836 1085s
   879   749  678.01942  184  325  439.00000 1010.64780   130%   838 1091s
   883   752  683.51009  186  321  439.00000 1010.64780   130%   839 1097s
   885   753  712.94582  187  330  439.00000 1010.64780   130%   840 1100s
   889   756  662.31440  189  313  439.00000 1010.64780   130%   841 1106s
   892   758  772.60792  191  371  439.00000 1010.64780   130%   841 1110s
   895   760  659.72780  192  325  439.00000 1010.64780   130%   843 1116s
   899   763  685.82105  194  339  439.00000 1010.64780   130%   844 1122s
   901   764  653.23563  195  322  439.00000 1010.64780   130%   845 1127s
   904   766  764.46981  197  364  439.00000 1010.64780   130%   844 1130s
   907   768  705.51956  198  326  439.00000 1010.64780   130%   846 1136s
   909   769  683.97809  199  327  439.00000 1010.64780   130%   846 1140s
   912   771  759.66930  201  363  439.00000 1010.64780   130%   846 1145s
   915   773  647.60347  202  289  439.00000 1010.64780   130%   850 1152s
   917   775  664.27089  203  307  439.00000 1010.64780   130%   851 1155s
   921   777  686.69505  205  310  439.00000 1010.64780   130%   851 1161s
   925   780  702.65906  207  330  439.00000 1010.64780   130%   853 1167s
   927   781  645.66879  208  284  439.00000 1010.64780   130%   853 1170s
   933   785  632.08571  211  291  439.00000 1010.64780   130%   854 1175s
   938   789  741.66550  214  366  439.00000 1010.64780   130%   854 1180s
   941   791  692.39104  215  321  439.00000 1010.64780   130%   855 1185s
   947   795  669.61577  218  340  439.00000 1010.64780   130%   856 1191s
   951   797  663.03289  220  306  439.00000 1010.64780   130%   857 1195s
   955   800  640.94619  222  313  439.00000 1010.64780   130%   857 1200s
   959   803  646.15545  224  302  439.00000 1010.64780   130%   858 1205s
   963   805  615.50997  226  293  439.00000 1010.64780   130%   858 1211s
   968   809  710.14604  229  358  439.00000 1010.64780   130%   858 1215s
   971   811  590.31714  230  280  439.00000 1010.64780   130%   860 1220s
   977   815  639.59257  233  298  439.00000 1010.64780   130%   861 1225s
   979   816  635.60326  234  317  439.00000 1010.64780   130%   861 1235s
   983   819  614.64213  236  291  439.00000 1010.64780   130%   861 1240s
   987   821  624.47153  238  301  439.00000 1010.64780   130%   862 1245s
   991   824  584.51214  240  300  439.00000 1010.64780   130%   863 1250s
   997   828  616.78537  243  296  439.00000 1010.64780   130%   863 1257s
  1001   831  602.44667  245  286  439.00000 1010.64780   130%   864 1261s
  1005   833  605.77911  247  306  439.00000 1010.64780   130%   864 1265s
  1009   836  597.68076  249  289  439.00000 1010.64780   130%   865 1270s
  1014   839  676.85336  252  352  439.00000 1010.64780   130%   864 1275s
  1019   843  588.92134  254  301  439.00000 1010.64780   130%   866 1281s
  1023   845  631.12835  256  313  439.00000 1010.64780   130%   866 1285s
  1027   848  597.67132  258  295  439.00000 1010.64780   130%   866 1290s
  1031   851  574.37742  260  285  439.00000 1010.64780   130%   867 1295s
  1035   853  582.65358  262  301  439.00000 1010.64780   130%   867 1300s
  1039   856  562.72191  264  305  439.00000 1010.64780   130%   868 1305s
  1044   859  655.18629  267  342  439.00000 1010.64780   130%   867 1310s
  1048   862  654.33599  269  339  439.00000 1010.64780   130%   868 1315s
  1055   867  574.84758  272  299  439.00000 1010.64780   130%   869 1320s
  1057   868  563.99178  273  279  439.00000 1010.64780   130%   869 1345s
  1061   871  558.75460  275  267  439.00000 1010.64780   130%   869 1350s
  1065   873  590.58657  277  296  439.00000 1010.64780   130%   869 1356s
  1069   876  584.77350  279  291  439.00000 1010.64780   130%   869 1360s
  1073   879  589.54341  281  297  439.00000 1010.64780   130%   869 1365s
  1077   881  552.28283  283  275  439.00000 1010.64780   130%   869 1370s
  1081   884  542.70145  285  256  439.00000 1010.64780   130%   870 1375s
  1085   887  531.09691  287  270  439.00000 1010.64780   130%   870 1380s
  1092   891  623.10239  291  335  439.00000 1010.64780   130%   871 1385s
  1096   894  620.53236  293  330  439.00000 1010.64780   130%   870 1391s
  1100   897  617.89122  295  324  439.00000 1010.64780   130%   870 1395s
  1108   902  612.54917  299  323  439.00000 1010.64780   130%   870 1400s
  1113   905  547.13836  301  278  439.00000 1010.64780   130%   871 1406s
  1117   908  547.64300  303  252  439.00000 1010.64780   130%   871 1410s
  1123   912  531.33108  306  276  439.00000 1010.64780   130%   871 1416s
  1129   916  538.43020  309  277  439.00000 1010.64780   130%   871 1421s
  1135   920  541.08205  312  257  439.00000 1010.64780   130%   871 1426s
  1141   924  501.98877  315  255  439.00000 1010.64780   130%   871 1430s
  1147   928  530.66854  318  266  439.00000 1010.64780   130%   870 1435s
  1152   931  577.92373  321  308  439.00000 1010.64780   130%   870 1440s
  1157   935  509.72279  323  267  439.00000 1010.64780   130%   870 1445s
  1168   942  569.39370  329  306  439.00000 1010.64780   130%   869 1450s
  1175   947  522.36266  332  270  439.00000 1010.64780   130%   869 1455s
  1182   951  560.43044  336  313  439.00000 1010.64780   130%   868 1460s
  1187   955  497.08168  338  258  439.00000 1010.64780   130%   871 1466s
  1193   959  507.13680  341  269  439.00000 1010.64780   130%   870 1470s
  1203   965  488.49295  346  258  439.00000 1010.64780   130%   869 1475s
  1211   971  478.88181  350  251  439.00000 1010.64780   130%   869 1481s
  1217   975  471.25447  353  255  439.00000 1010.64780   130%   868 1485s
  1229   983  467.69765  359  263  439.00000 1010.64780   130%   867 1490s
  1235   986  504.89398  362  267  439.00000 1010.64780   130%   867 1495s
  1241   988     cutoff  365       439.00000 1010.64780   130%   866 1500s
  1247   992  467.29400  368  265  439.00000 1010.64780   130%   866 1505s
  1253   992     cutoff  371       439.00000 1010.64780   130%   864 1510s
  1259   995  440.21617  374  247  439.00000 1010.64780   130%   863 1515s
  1266   995  496.82513  378  283  439.00000 1010.64780   130%   862 1520s
  1275   995     cutoff  382       439.00000 1010.64780   130%   860 1525s
  1285   992     cutoff  387       439.00000 1010.64780   130%   857 1530s
  1296   989  470.64736  393  290  439.00000 1010.64780   130%   853 1535s
  1307   985     cutoff  398       439.00000 1010.64780   130%   849 1540s
  1326   979  450.71258  408  267  439.00000 1010.64780   130%   840 1545s
  1339   975  893.20649   17  397  439.00000 1010.61372   130%   835 1552s
  1341   976  879.45911   18  390  439.00000 1010.61372   130%   836 1555s
  1347   980  899.82988   21  381  439.00000 1010.61372   130%   838 1561s
  1350   982  981.71889   23  436  439.00000 1010.61372   130%   838 1565s
  1355   986  904.78623   25  394  439.00000 1010.61372   130%   840 1570s
  1359   988  881.55632   27  402  439.00000 1010.61372   130%   841 1577s
  1362   990  963.66694   29  439  439.00000 1010.61372   130%   841 1580s
  1365   992  872.88524   30  398  439.00000 1010.61372   130%   842 1585s
  1369   995  849.08630   32  388  439.00000 1010.61372   130%   843 1590s
  1373   998  843.00968   34  408  439.00000 1010.61372   130%   845 1596s
  1376  1000  946.70511   36  419  439.00000 1010.61372   130%   845 1600s
  1379  1002  844.62093   37  401  439.00000 1010.61372   130%   846 1605s
  1383  1004  845.45666   39  375  439.00000 1010.61372   130%   847 1610s
  1387  1007  849.84642   41  387  439.00000 1010.61372   130%   850 1617s
  1391  1010  840.54391   43  352  439.00000 1010.61372   130%   851 1620s
  1395  1012  824.75503   45  357  439.00000 1010.61372   130%   852 1625s
  1399  1015  859.91621   47  386  439.00000 1010.61372   130%   852 1630s
  1405  1019  810.26817   50  363  439.00000 1010.61372   130%   853 1635s
  1409  1022  837.60200   52  378  439.00000 1010.61372   130%   854 1640s
  1414  1025  904.60960   55  417  439.00000 1010.61372   130%   854 1645s
  1418  1028  902.36374   57  423  439.00000 1010.61372   130%   855 1650s
  1422  1030  894.53178   59  412  439.00000 1010.61372   130%   855 1655s
  1426  1033  890.26113   61  421  439.00000 1010.61372   130%   856 1660s
  1430  1036  886.90506   63  417  439.00000 1010.61372   130%   857 1665s
  1434  1038  880.44015   65  418  439.00000 1010.61372   130%   858 1670s
  1437  1040  772.73110   66  347  439.00000 1010.61372   130%   859 1675s
  1441  1043  767.99548   68  347  439.00000 1010.61372   130%   860 1680s
  1448  1048  870.45117   72  408  439.00000 1010.61372   130%   860 1685s
  1453  1051  812.39490   74  356  439.00000 1010.61372   130%   861 1690s
  1457  1054  795.01671   76  353  439.00000 1010.61372   130%   861 1720s
  1462  1057  860.61342   79  412  439.00000 1010.61372   130%   862 1725s
  1467  1060  780.38013   81  352  439.00000 1010.61372   130%   863 1731s
  1471  1063  762.90731   83  356  439.00000 1010.61372   130%   864 1735s
  1477  1067  780.01422   86  347  439.00000 1010.61372   130%   864 1740s
  1483  1071  780.22882   89  344  439.00000 1010.61372   130%   865 1746s
  1488  1074  838.53179   92  384  439.00000 1010.61372   130%   865 1750s
  1493  1078  781.58744   94  332  439.00000 1010.61372   130%   866 1755s
  1499  1082  763.63684   97  355  439.00000 1010.61372   130%   866 1760s
  1503  1084  739.39618   99  343  439.00000 1010.61372   130%   866 1765s
  1509  1088  755.31197  102  367  439.00000 1010.61372   130%   867 1771s
  1513  1091  719.87234  104  328  439.00000 1010.61372   130%   867 1775s
  1521  1096  737.80562  108  344  439.00000 1010.61372   130%   867 1780s
  1527  1100  722.92760  111  341  439.00000 1010.61372   130%   868 1785s
  1533  1104  688.13804  114  318  439.00000 1010.61372   130%   869 1791s
  1537  1107  696.14597  116  322  439.00000 1010.61372   130%   869 1795s

Cutting planes:
  Gomory: 4

Explored 1545 nodes (1349265 simplex iterations) in 1800.00 seconds (899.70 work units)
Thread count was 1 (of 12 available processors)

Solution count 10: 439 414 410 ... 183

Time limit reached
Best objective 4.390000000000e+02, best bound 1.010000000000e+03, gap 130.0683%
