
Gurobi 12.0.2 (linux64, C++) logging started Thu Jun 19 08:00:22 2025

Set parameter LogFile to value "log/instances/scenario1/not_correlated_sc1/800/kpfs_7.txt.log"

Gurobi 12.0.2 (linux64, C++) logging started Thu Jun 19 08:01:45 2025

Set parameter LogFile to value "log/instances/scenario1/not_correlated_sc1/800/kpfs_7.txt.log"

Gurobi 12.0.2 (linux64, C++) logging started Thu Jun 19 08:02:57 2025

Set parameter LogFile to value "log/instances/scenario1/not_correlated_sc1/800/kpfs_7.txt.log"

Gurobi 12.0.2 (linux64, C++) logging started Fri Jun 20 06:47:25 2025

Set parameter WLSAccessID
Set parameter WLSSecret
Set parameter LicenseID to value 2679381
Set parameter LogFile to value "log/instances/scenario1/not_correlated_sc1/800/kpfs_7.txt.log"
Academic license 2679381 - for non-commercial use only - registered to be___@poli.ufrj.br
Set parameter TimeLimit to value 1800
Set parameter Threads to value 1
Gurobi Optimizer version 12.0.2 build v12.0.2rc0 (linux64 - "Ubuntu 24.04.1 LTS")

CPU model: 13th Gen Intel(R) Core(TM) i7-1355U, instruction set [SSE2|AVX|AVX2]
Thread count: 6 physical cores, 12 logical processors, using up to 1 threads

Non-default parameters:
TimeLimit  1800
Threads  1

Academic license 2679381 - for non-commercial use only - registered to be___@poli.ufrj.br
Optimize a model with 4002 rows, 4800 columns and 44407 nonzeros
Model fingerprint: 0x7a454c6a
Variable types: 0 continuous, 4800 integer (800 binary)
Coefficient statistics:
  Matrix range     [1e+00, 3e+01]
  Objective range  [1e+00, 3e+01]
  Bounds range     [1e+00, 2e+01]
  RHS range        [1e+00, 1e+03]
Found heuristic solution: objective 216.0000000
Presolve removed 0 rows and 151 columns
Presolve time: 0.19s
Presolved: 4002 rows, 4649 columns, 44105 nonzeros
Variable types: 0 continuous, 4649 integer (921 binary)

Root relaxation: objective 1.114144e+03, 6325 iterations, 4.25 seconds (3.11 work units)

    Nodes    |    Current Node    |     Objective Bounds      |     Work
 Expl Unexpl |  Obj  Depth IntInf | Incumbent    BestBd   Gap | It/Node Time

     0     0 1114.14440    0  472  216.00000 1114.14440   416%     -    4s
H    0     0                     217.0000000 1114.14440   413%     -    4s
H    0     0                     224.0000000 1114.14440   397%     -    5s
H    0     0                     317.0000000 1114.14440   251%     -    5s
H    0     0                     319.0000000 1114.14440   249%     -    5s
H    0     0                     345.0000000 1114.14440   223%     -    5s
H    0     0                     350.0000000 1114.14440   218%     -    8s
H    0     0                     396.0000000 1114.14440   181%     -    9s
     0     0 1113.19475    0  469  396.00000 1113.19475   181%     -   12s
     0     0 1112.94952    0  466  396.00000 1112.94952   181%     -   23s
     0     0 1112.94345    0  468  396.00000 1112.94345   181%     -   23s
     0     0 1112.60429    0  467  396.00000 1112.60429   181%     -   28s
     0     0 1112.27316    0  477  396.00000 1112.27316   181%     -   35s
     0     0 1112.24470    0  478  396.00000 1112.24470   181%     -   36s
     0     0 1112.24470    0  476  396.00000 1112.24470   181%     -   36s
     0     2 1112.24470    0  476  396.00000 1112.24470   181%     -   38s
     2     4  988.79978    1  404  396.00000 1111.42376   181%  2178   41s
    10    12  965.24598    6  430  396.00000 1107.65133   180%  1504   46s
    21    23 1086.69401   15  472  396.00000 1107.65133   180%  1189   50s
    42    44  968.10251   35  412  396.00000 1107.65133   180%   821   55s
H   52    52                     406.0000000 1107.65133   173%   719   57s
H   52    52                     413.0000000 1107.65133   168%   719   57s
    59    61  951.03387   51  412  413.00000 1107.65133   168%   703   60s
    68    70  908.38550   57  411  413.00000 1107.65133   168%   763   66s
    77    79  901.64158   64  397  413.00000 1107.65133   168%   786   71s
    87    89  898.73992   73  387  413.00000 1107.65133   168%   757   75s
    89    91  907.93091   74  405  413.00000 1107.65133   168%   770  100s
   115   117  863.14314   98  347  413.00000 1107.65133   168%   705  105s
   136   138  804.75328  117  348  413.00000 1107.65133   168%   665  111s
   139   141  932.91806  120  417  413.00000 1107.65133   168%   655  127s
   147   149  840.21564  126  377  413.00000 1107.65133   168%   673  131s
   152   154  816.44023  129  365  413.00000 1107.65133   168%   684  135s
   157   159  841.10253  132  362  413.00000 1107.65133   168%   692  140s
   175   177  841.31217  148  376  413.00000 1107.65133   168%   679  145s
   183   185  883.43900  153  386  413.00000 1107.65133   168%   697  150s
   194   196  793.96129  161  355  413.00000 1107.65133   168%   695  155s
   205   207  762.94803  169  334  413.00000 1107.65133   168%   702  160s
   217   219  764.54936  178  343  413.00000 1107.65133   168%   702  165s
   234   236  713.87024  193  327  413.00000 1107.65133   168%   686  170s
   266   268  774.57957  221  363  413.00000 1107.65133   168%   651  175s
   283   285  748.93936  235  351  413.00000 1107.65133   168%   645  180s
   286   288  747.10041  237  346  413.00000 1107.65133   168%   645  189s
   287   289  658.95499  237  311  413.00000 1107.65133   168%   648  190s
   299   301  675.00590  244  301  413.00000 1107.65133   168%   653  195s
   312   314  711.09824  254  344  413.00000 1107.65133   168%   654  200s
   339   341  602.94497  277  286  413.00000 1107.65133   168%   634  205s
   365   367  568.42221  300  265  413.00000 1107.65133   168%   614  210s
H  390   390                     414.0000000 1107.65133   168%   595  214s
H  390   390                     415.0000000 1107.65133   167%   595  214s
   404   406  599.06086  336  285  415.00000 1107.65133   167%   581  215s
   439   441  484.36598  363  234  415.00000 1107.65133   167%   566  220s
   466   468  456.02388  385  212  415.00000 1107.65133   167%   554  225s
   515   517  444.83979  428  215  415.00000 1107.65133   167%   525  230s
   581   559  970.18491    4  410  415.00000 1105.59683   166%   487  236s
   583   560  619.15561  281  476  415.00000 1105.59683   166%   485  254s
   585   561  793.95132  162  472  415.00000 1105.59683   166%   483  270s
   586   562  484.85696  420  476  415.00000 1105.59683   166%   483  290s
   591   565  908.19623  139  476  415.00000 1105.55416   166%   478  311s
   596   571 1104.02148   18  477  415.00000 1105.55416   166%   497  315s
   601   574  980.00323   20  414  415.00000 1100.06862   165%   509  320s
   607   578 1001.23066   23  425  415.00000 1092.09266   163%   525  325s
   611   581  978.25713   25  411  415.00000 1087.14628   162%   531  330s
   616   584 1079.43245   28  482  415.00000 1081.40943   161%   540  335s
   620   587 1073.78522   30  468  415.00000 1075.11092   159%   546  340s
   625   590  942.05722   32  432  415.00000 1067.54734   157%   558  346s
   629   593  927.08616   34  413  415.00000 1065.19040   157%   569  351s
   633   595  958.62156   36  427  415.00000 1060.59967   156%   574  355s
   637   598  985.05573   38  436  415.00000 1056.68148   155%   582  360s
   643   602  938.62361   41  415  415.00000 1046.22516   152%   593  366s
   647   605  931.82776   43  416  415.00000 1042.17307   151%   598  370s
   651   607  942.77151   45  414  415.00000 1041.38003   151%   605  375s
   657   611  928.88132   48  397  415.00000 1041.38003   151%   614  380s
   665   617  927.04976   52  411  415.00000 1041.38003   151%   626  385s
   670   620 1023.73915   55  457  415.00000 1041.38003   151%   630  390s
   675   623  936.53341   57  394  415.00000 1041.38003   151%   639  396s
   679   626  932.97879   59  394  415.00000 1041.38003   151%   646  401s
   683   629  941.06580   61  406  415.00000 1041.38003   151%   650  405s
   689   633  938.96464   64  426  415.00000 1041.38003   151%   658  411s
   693   635  868.78246   66  389  415.00000 1041.38003   151%   664  415s
   698   639  991.13589   69  451  415.00000 1041.38003   151%   668  420s
   703   642  886.52501   71  381  415.00000 1041.38003   151%   678  425s
   711   647  908.49668   75  410  415.00000 1041.38003   151%   687  430s
   719   653  887.33220   79  372  415.00000 1041.38003   151%   696  435s
   725   657  877.39975   82  393  415.00000 1041.38003   151%   702  440s
   731   661  858.51195   85  376  415.00000 1041.38003   151%   710  446s
   735   663  865.62433   87  370  415.00000 1041.38003   151%   713  450s
   741   667  862.20469   90  380  415.00000 1041.38003   151%   720  456s
   746   671  947.96157   93  427  415.00000 1041.38003   151%   721  460s
   751   674  884.70537   95  395  415.00000 1041.38003   151%   728  465s
   757   678  853.78333   98  374  415.00000 1041.38003   151%   731  470s
   763   682  866.05901  101  401  415.00000 1041.38003   151%   736  475s
   769   686  829.57934  104  371  415.00000 1041.38003   151%   743  481s
   773   689  853.72352  106  384  415.00000 1041.38003   151%   747  485s
   779   693  825.05291  109  365  415.00000 1041.38003   151%   751  490s
   786   697  917.06079  113  424  415.00000 1041.38003   151%   756  495s
   794   703  905.11039  117  424  415.00000 1041.38003   151%   760  500s
   801   707  834.87837  120  372  415.00000 1041.38003   151%   768  505s
   808   712  890.10620  124  419  415.00000 1041.38003   151%   772  510s
   813   715  792.87973  126  362  415.00000 1041.38003   151%   778  515s
   819   719  797.45610  129  356  415.00000 1041.38003   151%   783  521s
   824   723  876.44673  132  413  415.00000 1041.38003   151%   785  525s
   827   725  779.59756  133  374  415.00000 1041.38003   151%   789  567s
   833   729  807.58087  136  367  415.00000 1041.38003   151%   792  570s
   841   734  771.67360  140  364  415.00000 1041.38003   151%   797  575s
   849   739  789.99939  144  363  415.00000 1041.38003   151%   801  581s
   855   743  764.87175  147  361  415.00000 1041.38003   151%   803  586s
   860   747  844.40051  150  410  415.00000 1041.38003   151%   807  590s
   867   751  720.07496  153  331  415.00000 1041.38003   151%   810  595s
   873   755  775.58254  156  354  415.00000 1041.38003   151%   814  600s
   879   759  751.40963  159  339  415.00000 1041.38003   151%   816  605s
   886   764  821.29515  163  392  415.00000 1041.38003   151%   817  610s
   893   769  730.86109  166  329  415.00000 1041.38003   151%   820  615s
   902   775  811.37370  171  386  415.00000 1041.38003   151%   824  620s
   907   778  764.79742  173  350  415.00000 1041.38003   151%   826  625s
   913   782  729.70221  176  329  415.00000 1041.38003   151%   827  630s
   920   787  798.96005  180  375  415.00000 1041.38003   151%   829  635s
   927   791  739.92614  183  340  415.00000 1041.38003   151%   833  640s
   934   796  792.78813  187  376  415.00000 1041.38003   151%   833  645s
   942   801  786.00967  191  368  415.00000 1041.38003   151%   836  650s
   953   809  705.24552  196  320  415.00000 1041.38003   151%   840  655s
   963   815  686.29899  201  305  415.00000 1041.38003   151%   842  660s
   973   822  721.74171  206  330  415.00000 1041.38003   151%   844  665s
   980   827  763.17453  210  364  415.00000 1041.38003   151%   844  670s
   985   830  676.47370  212  317  415.00000 1041.38003   151%   846  675s
   993   835  659.98781  216  308  415.00000 1041.38003   151%   847  681s
   999   839  667.42224  219  317  415.00000 1041.38003   151%   848  685s
  1007   845  670.57593  223  312  415.00000 1041.38003   151%   850  690s
  1011   847  648.22656  225  305  415.00000 1041.38003   151%   856  695s
  1019   853  615.73343  229  284  415.00000 1041.38003   151%   858  700s
  1026   857  732.30069  233  361  415.00000 1041.38003   151%   859  705s
  1034   863  725.65957  237  356  415.00000 1041.38003   151%   861  710s
  1042   868  720.84466  241  360  415.00000 1041.38003   151%   861  715s
  1052   875  713.62184  246  344  415.00000 1041.38003   151%   863  720s
  1059   879  643.51864  249  288  415.00000 1041.38003   151%   865  725s
  1067   885  617.92213  253  300  415.00000 1041.38003   151%   867  730s
  1077   891  633.99795  258  300  415.00000 1041.38003   151%   868  735s
  1087   898  605.39393  263  265  415.00000 1041.38003   151%   868  740s
  1096   904  683.61293  268  334  415.00000 1041.38003   151%   869  745s
  1105   910  622.72622  272  308  415.00000 1041.38003   151%   869  750s
  1115   917  585.58878  277  247  415.00000 1041.38003   151%   870  755s
  1124   923  663.34626  282  322  415.00000 1041.38003   151%   874  760s
  1134   929  657.96569  287  318  415.00000 1041.38003   151%   874  765s
  1137   931  565.04272  288  276  415.00000 1041.38003   151%   875  774s
  1139   933  602.92114  289  274  415.00000 1041.38003   151%   875  775s
  1149   939  576.15474  294  267  415.00000 1041.38003   151%   875  780s
  1160   947  636.72126  300  315  415.00000 1041.38003   151%   874  785s
  1173   955  527.34838  306  259  415.00000 1041.38003   151%   875  790s
  1181   961  547.15747  310  259  415.00000 1041.38003   151%   875  795s
  1191   967  519.62707  315  249  415.00000 1041.38003   151%   875  800s
  1201   974  510.45971  320  269  415.00000 1041.38003   151%   875  805s
  1212   981  592.37309  326  300  415.00000 1041.38003   151%   874  810s
  1215   983  520.03550  327  258  415.00000 1041.38003   151%   874  822s
  1223   989  532.94672  331  257  415.00000 1041.38003   151%   873  825s
  1233   995  528.60903  336  265  415.00000 1041.38003   151%   873  830s
  1245  1003  445.17913  342  212  415.00000 1041.38003   151%   873  835s
  1256  1011  563.14019  348  290  415.00000 1041.38003   151%   872  840s
  1269  1019  481.86938  354  241  415.00000 1041.38003   151%   872  845s
  1287  1031  449.73145  363  225  415.00000 1041.38003   151%   870  850s
  1305  1043  434.61227  372  215  415.00000 1041.38003   151%   869  855s
  1317  1051  436.83753  378  240  415.00000 1041.38003   151%   868  860s
  1329  1057     cutoff  384       415.00000 1041.38003   151%   867  865s
  1342  1066  483.80313  391  272  415.00000 1041.38003   151%   865  870s
  1356  1071  470.86435  398  273  415.00000 1041.38003   151%   863  875s
  1374  1067  453.56338  407  270  415.00000 1041.38003   151%   859  880s
  1402  1058  435.34944  421  258  415.00000 1041.38003   151%   848  885s
  1434  1046 1031.71411   19  451  415.00000 1041.29574   151%   833  890s
  1439  1050  951.51582   21  407  415.00000 1041.29574   151%   837  895s
  1448  1056 1014.01810   26  446  415.00000 1041.29574   151%   839  900s
  1455  1060  919.70284   29  410  415.00000 1041.29574   151%   841  905s
  1461  1064  878.02962   32  386  415.00000 1041.29574   151%   844  911s
  1467  1068  906.71676   35  415  415.00000 1041.29574   151%   845  915s
  1473  1072  862.29618   38  380  415.00000 1041.29574   151%   846  920s
  1479  1076  864.49472   41  371  415.00000 1041.29574   151%   848  926s
  1483  1079  875.15298   43  378  415.00000 1041.29574   151%   849  930s
  1489  1083  851.35239   46  396  415.00000 1041.29574   151%   850  935s
  1495  1087  881.96729   49  393  415.00000 1041.29574   151%   852  940s
  1504  1093  944.46697   54  438  415.00000 1041.29574   151%   853  945s
  1513  1099  856.94695   58  377  415.00000 1041.29574   151%   856  950s
  1521  1104  859.22588   62  382  415.00000 1041.29574   151%   858  955s
  1527  1108  824.36120   65  363  415.00000 1041.29574   151%   859  960s
  1533  1112  841.90669   68  370  415.00000 1041.29574   151%   860  965s
  1539  1116  833.06624   71  367  415.00000 1041.29574   151%   861  970s
  1545  1120  790.46443   74  344  415.00000 1041.29574   151%   862  975s
  1551  1124  791.92340   77  350  415.00000 1041.29574   151%   864  980s
  1557  1128  791.29077   80  361  415.00000 1041.29574   151%   865  985s
  1564  1133  879.18053   84  411  415.00000 1041.29574   151%   866  990s
  1571  1138  798.25340   87  348  415.00000 1041.29574   151%   867  995s
  1579  1143  802.54842   91  354  415.00000 1041.29574   151%   868 1000s
  1585  1147  769.92441   94  348  415.00000 1041.29574   151%   869 1005s
  1593  1152  762.37375   98  358  415.00000 1041.29574   151%   870 1010s
  1604  1160  840.30340  104  403  415.00000 1041.29574   151%   871 1015s
  1615  1167  778.75959  109  342  415.00000 1041.29574   151%   873 1020s
  1625  1174  762.92036  114  338  415.00000 1041.29574   151%   874 1025s
  1631  1178  736.09239  117  339  415.00000 1041.29574   151%   875 1030s
  1637  1182  749.68548  120  350  415.00000 1041.29574   151%   875 1035s
  1643  1186  708.92852  123  345  415.00000 1041.29574   151%   876 1061s
  1649  1190  739.67863  126  337  415.00000 1041.29574   151%   876 1065s
  1661  1198  742.35379  132  362  415.00000 1041.29574   151%   877 1070s
  1673  1206  721.25147  138  327  415.00000 1041.29574   151%   878 1075s
  1681  1211  708.54858  142  336  415.00000 1041.29574   151%   880 1081s
  1688  1216  782.28658  146  378  415.00000 1041.29574   151%   880 1085s
  1697  1222  698.63706  150  332  415.00000 1041.29574   151%   881 1090s
  1705  1227  693.69165  154  327  415.00000 1041.29574   151%   882 1095s
  1715  1234  663.69757  159  315  415.00000 1041.29574   151%   882 1100s
  1725  1240  668.94548  164  310  415.00000 1041.29574   151%   882 1106s
  1733  1246  666.87614  168  327  415.00000 1041.29574   151%   883 1110s
  1743  1252  650.58377  173  295  415.00000 1041.29574   151%   884 1115s
  1753  1259  665.24668  178  321  415.00000 1041.29574   151%   884 1121s
  1765  1267  620.49466  184  313  415.00000 1041.29574   151%   884 1125s
  1781  1278  675.54856  192  324  415.00000 1041.29574   151%   884 1130s
  1795  1287  649.81791  199  301  415.00000 1041.29574   151%   884 1135s
  1805  1294  616.47091  204  294  415.00000 1041.29574   151%   884 1140s
  1815  1300  626.39091  209  312  415.00000 1041.29574   151%   884 1145s
  1827  1308  626.92456  215  308  415.00000 1041.29574   151%   885 1150s
  1837  1315  572.85334  220  273  415.00000 1041.29574   151%   885 1155s
  1849  1323  568.39047  226  283  415.00000 1041.29574   151%   885 1160s
  1860  1330  636.78183  232  348  415.00000 1041.29574   151%   884 1165s
  1871  1338  548.19304  237  284  415.00000 1041.29574   151%   884 1170s
  1881  1344  549.15213  242  269  415.00000 1041.29574   151%   884 1175s
  1893  1352  545.36100  248  294  415.00000 1041.29574   151%   884 1180s
  1905  1360  547.70696  254  265  415.00000 1041.29574   151%   884 1185s
  1919  1370  534.21130  261  262  415.00000 1041.29574   151%   883 1190s
  1935  1380  513.40425  269  256  415.00000 1041.29574   151%   883 1195s
  1953  1392  503.43727  278  294  415.00000 1041.29574   151%   882 1200s
  1965  1400  462.53427  284  255  415.00000 1041.29574   151%   881 1205s
  1979  1410  488.69972  291  242  415.00000 1041.29574   151%   881 1210s
  1999  1423  445.70790  301  215  415.00000 1041.29574   151%   880 1215s
  2015  1434  477.47268  309  247  415.00000 1041.29574   151%   878 1220s
  2020  1437  521.81619  312  287  415.00000 1041.29574   151%   878 1239s
  2023  1439  421.68235  313  204  415.00000 1041.29574   151%   878 1240s
  2037  1448  456.06042  320  255  415.00000 1041.29574   151%   877 1245s
  2055  1460  420.48430  329  225  415.00000 1041.29574   151%   875 1250s
  2072  1472  480.11374  338  270  415.00000 1041.29574   151%   873 1255s
  2093  1477  417.38734  348  221  415.00000 1041.29574   151%   870 1260s
  2135  1471     cutoff  369       415.00000 1041.29574   151%   861 1265s
  2203  1450  929.21934   20  391  415.00000 1022.30549   146%   842 1270s
  2215  1458  912.18924   26  410  415.00000 1022.30549   146%   843 1275s
  2223  1463  899.59505   30  409  415.00000 1022.30549   146%   844 1280s
  2232  1469  799.31704   34  354  415.00000 1022.30549   146%   844 1285s
  2238  1473  775.90298   37  364  415.00000 1022.30549   146%   844 1293s
  2241  1475  876.46270   39  387  415.00000 1022.30549   146%   844 1295s
  2250  1481  770.52201   43  346  415.00000 1022.30549   146%   845 1300s
  2258  1487  762.86142   47  345  415.00000 1022.30549   146%   845 1305s
  2266  1492  792.00601   51  349  415.00000 1022.30549   146%   846 1310s
  2276  1499  767.05713   56  340  415.00000 1022.30549   146%   846 1315s
  2286  1505  756.60386   61  343  415.00000 1022.30549   146%   846 1320s
  2296  1515  760.87235   66  322  415.00000 1022.30549   146%   846 1325s
  2312  1531  699.51423   74  320  415.00000 1022.30549   146%   846 1330s
  2327  1546  782.94001   82  344  415.00000 1022.30549   146%   846 1335s
  2342  1561  687.78222   89  301  415.00000 1022.30549   146%   846 1340s
  2353  1572  761.81199   95  338  415.00000 1022.30549   146%   845 1345s
  2363  1582  751.26842  100  343  415.00000 1022.30549   146%   845 1350s
  2374  1593  672.69780  105  305  415.00000 1022.30549   146%   845 1355s
  2386  1605  663.96458  111  279  415.00000 1022.30549   146%   845 1360s
  2396  1615  674.36656  116  293  415.00000 1022.30549   146%   844 1365s
  2408  1627  618.23423  122  273  415.00000 1022.30549   146%   844 1370s
  2420  1639  631.80152  128  294  415.00000 1022.30549   146%   844 1375s
  2433  1652  701.02142  135  330  415.00000 1022.30549   146%   843 1380s
  2446  1665  600.07343  141  291  415.00000 1022.30549   146%   842 1385s
  2466  1685  579.01400  151  277  415.00000 1022.30549   146%   841 1390s
  2480  1699  571.63982  158  277  415.00000 1022.30549   146%   841 1395s
  2494  1713  590.38900  165  262  415.00000 1022.30549   146%   840 1400s
  2508  1727  554.18730  172  258  415.00000 1022.30549   146%   839 1405s
  2521  1740  613.98147  179  294  415.00000 1022.30549   146%   838 1410s
  2536  1755  520.47939  186  264  415.00000 1022.30549   146%   838 1415s
  2550  1769  542.67190  193  262  415.00000 1022.30549   146%   837 1420s
  2574  1793  526.67680  205  244  415.00000 1022.30549   146%   835 1425s
  2599  1818  552.06652  218  278  415.00000 1022.30549   146%   832 1430s
  2618  1837  459.98152  227  205  415.00000 1022.30549   146%   831 1435s
  2632  1851  446.73386  234  218  415.00000 1022.30549   146%   831 1440s
  2650  1867  453.96788  243  207  415.00000 1022.30549   146%   829 1445s
  2668  1885  438.20283  252  209  415.00000 1022.30549   146%   827 1450s
  2688  1903  429.37552  262  200  415.00000 1022.30549   146%   825 1455s
  2728  1908     cutoff  282       415.00000 1022.30549   146%   818 1460s
  2781  1913  884.18277   20  366  415.00000 1022.29821   146%   807 1465s
  2789  1921  905.42889   24  390  415.00000 1022.29821   146%   809 1470s
  2797  1929  914.74092   28  392  415.00000 1022.29821   146%   809 1475s
  2805  1937  898.68623   32  384  415.00000 1022.29821   146%   810 1480s
  2813  1945  880.97670   36  372  415.00000 1022.29821   146%   811 1486s
  2819  1951  841.85274   39  360  415.00000 1022.29821   146%   812 1490s
  2820  1952  952.13539   40  404  415.00000 1022.29821   146%   812 1499s
  2821  1953  824.74096   40  377  415.00000 1022.29821   146%   813 1500s
  2829  1961  851.18839   44  363  415.00000 1022.29821   146%   813 1505s
  2840  1972  926.87094   50  392  415.00000 1022.29821   146%   814 1510s
  2849  1981  844.43865   54  369  415.00000 1022.29821   146%   815 1515s
  2860  1992  902.97771   60  378  415.00000 1022.29821   146%   816 1520s
  2865  1997  803.60850   62  341  415.00000 1022.29821   146%   817 1525s
  2871  2003  791.56342   65  332  415.00000 1022.29821   146%   817 1530s
  2878  2010  877.18681   69  378  415.00000 1022.29821   146%   818 1535s
  2887  2019  775.50197   73  378  415.00000 1022.29821   146%   819 1541s
  2895  2027  784.87575   77  350  415.00000 1022.29821   146%   819 1545s
  2903  2035  741.80086   81  343  415.00000 1022.29821   146%   820 1550s
  2911  2043  772.21409   85  355  415.00000 1022.29821   146%   820 1555s
  2923  2055  723.35269   91  325  415.00000 1022.29821   146%   821 1560s
  2935  2067  750.07345   97  336  415.00000 1022.29821   146%   822 1565s
  2949  2081  742.42821  104  337  415.00000 1022.29821   146%   823 1570s
  2957  2089  717.96645  108  335  415.00000 1022.29821   146%   823 1575s
  2967  2099  700.85681  113  330  415.00000 1022.29821   146%   824 1580s
  2975  2107  692.83725  117  311  415.00000 1022.29821   146%   824 1585s
  2983  2115  690.36214  121  328  415.00000 1022.29821   146%   825 1590s
  2991  2123  707.70661  125  296  415.00000 1022.29821   146%   825 1595s
  3001  2133  679.13876  130  321  415.00000 1022.29821   146%   826 1600s
  3011  2143  680.11874  135  306  415.00000 1022.29821   146%   826 1605s
  3013  2145  668.12605  136  307  415.00000 1022.29821   146%   826 1629s
  3016  2148  746.11923  138  351  415.00000 1022.29821   146%   826 1630s
  3031  2163  660.44595  145  299  415.00000 1022.29821   146%   826 1635s
  3043  2175  641.73532  151  309  415.00000 1022.29821   146%   827 1640s
  3053  2185  632.45001  156  308  415.00000 1022.29821   146%   827 1645s
  3063  2195  645.51344  161  319  415.00000 1022.29821   146%   827 1650s
  3073  2205  603.68651  166  297  415.00000 1022.29821   146%   828 1655s
  3085  2217  625.23505  172  299  415.00000 1022.29821   146%   828 1660s
  3097  2229  614.97376  178  314  415.00000 1022.29821   146%   828 1665s
  3109  2241  575.36107  184  305  415.00000 1022.29821   146%   828 1670s
  3121  2253  564.05537  190  281  415.00000 1022.29821   146%   828 1675s
  3133  2265  587.18141  196  284  415.00000 1022.29821   146%   828 1680s
  3149  2281  546.50033  204  278  415.00000 1022.29821   146%   828 1685s
  3160  2292  618.21454  210  312  415.00000 1022.29821   146%   828 1690s
  3171  2303  531.77056  215  273  415.00000 1022.29821   146%   829 1695s
  3188  2320  598.40130  224  305  415.00000 1022.29821   146%   828 1700s
  3201  2333  530.97045  230  255  415.00000 1022.29821   146%   828 1705s
  3213  2345  503.17843  236  271  415.00000 1022.29821   146%   828 1710s
  3227  2359  496.58554  243  263  415.00000 1022.29821   146%   828 1715s
  3239  2371  470.06074  249  238  415.00000 1022.29821   146%   827 1720s
  3253  2385  466.27905  256  227  415.00000 1022.29821   146%   827 1725s
  3265  2397  474.72241  262  255  415.00000 1022.29821   146%   827 1730s
  3277  2409  437.10262  268  210  415.00000 1022.29821   146%   827 1735s
  3297  2429  438.67794  278  234  415.00000 1022.29821   146%   827 1740s
  3321  2453  463.83338  290  244  415.00000 1022.29821   146%   825 1745s
  3347  2472  438.55675  303  215  415.00000 1022.29821   146%   824 1750s
  3370  2483  479.30041  315  244  415.00000 1022.29821   146%   822 1755s
  3393  2496     cutoff  326       415.00000 1022.29821   146%   820 1760s
  3427  2500     cutoff  343       415.00000 1022.29821   146%   815 1765s
  3492  2499  927.23401   17  388  415.00000 1015.63634   145%   803 1770s
  3500  2507  801.25062   21  335  415.00000 1015.63634   145%   803 1775s
  3509  2516  898.50683   26  389  415.00000 1015.63634   145%   804 1780s
  3518  2525  802.96171   30  341  415.00000 1015.63634   145%   804 1785s
  3528  2535  791.06006   35  375  415.00000 1015.63634   145%   805 1790s
  3539  2546  855.60248   41  374  415.00000 1015.63634   145%   805 1795s

Cutting planes:
  Gomory: 4
  MIR: 2

Explored 3549 nodes (2864623 simplex iterations) in 1800.01 seconds (1672.86 work units)
Thread count was 1 (of 12 available processors)

Solution count 10: 415 414 413 ... 224

Time limit reached
Best objective 4.150000000000e+02, best bound 1.015000000000e+03, gap 144.5783%
