
Gurobi 12.0.2 (linux64, C++) logging started Thu Jun 19 08:00:21 2025

Set parameter LogFile to value "log/instances/scenario1/not_correlated_sc1/700/kpfs_8.txt.log"

Gurobi 12.0.2 (linux64, C++) logging started Thu Jun 19 08:01:44 2025

Set parameter LogFile to value "log/instances/scenario1/not_correlated_sc1/700/kpfs_8.txt.log"

Gurobi 12.0.2 (linux64, C++) logging started Thu Jun 19 08:02:55 2025

Set parameter LogFile to value "log/instances/scenario1/not_correlated_sc1/700/kpfs_8.txt.log"

Gurobi 12.0.2 (linux64, C++) logging started Fri Jun 20 02:17:23 2025

Set parameter WLSAccessID
Set parameter WLSSecret
Set parameter LicenseID to value 2679381
Set parameter LogFile to value "log/instances/scenario1/not_correlated_sc1/700/kpfs_8.txt.log"
Academic license 2679381 - for non-commercial use only - registered to be___@poli.ufrj.br
Set parameter TimeLimit to value 1800
Set parameter Threads to value 1
Gurobi Optimizer version 12.0.2 build v12.0.2rc0 (linux64 - "Ubuntu 24.04.1 LTS")

CPU model: 13th Gen Intel(R) Core(TM) i7-1355U, instruction set [SSE2|AVX|AVX2]
Thread count: 6 physical cores, 12 logical processors, using up to 1 threads

Non-default parameters:
TimeLimit  1800
Threads  1

Academic license 2679381 - for non-commercial use only - registered to be___@poli.ufrj.br
Optimize a model with 3502 rows, 4200 columns and 35563 nonzeros
Model fingerprint: 0x843cd38f
Variable types: 0 continuous, 4200 integer (700 binary)
Coefficient statistics:
  Matrix range     [1e+00, 3e+01]
  Objective range  [1e+00, 3e+01]
  Bounds range     [1e+00, 1e+01]
  RHS range        [1e+00, 1e+03]
Found heuristic solution: objective 196.0000000
Presolve removed 0 rows and 167 columns
Presolve time: 0.23s
Presolved: 3502 rows, 4033 columns, 35229 nonzeros
Variable types: 0 continuous, 4033 integer (833 binary)

Root simplex log...

Iteration    Objective       Primal Inf.    Dual Inf.      Time
    5525    1.0901517e+03   1.704226e+01   0.000000e+00      5s
    5627    1.0899583e+03   0.000000e+00   0.000000e+00      5s

Root relaxation: objective 1.089958e+03, 5627 iterations, 4.88 seconds (2.23 work units)

    Nodes    |    Current Node    |     Objective Bounds      |     Work
 Expl Unexpl |  Obj  Depth IntInf | Incumbent    BestBd   Gap | It/Node Time

     0     0 1089.95826    0  438  196.00000 1089.95826   456%     -    5s
H    0     0                     203.0000000 1089.95826   437%     -    5s
H    0     0                     217.0000000 1089.95826   402%     -    5s
H    0     0                     323.0000000 1089.95826   237%     -    5s
H    0     0                     331.0000000 1089.95826   229%     -    5s
H    0     0                     333.0000000 1089.95826   227%     -    5s
H    0     0                     338.0000000 1089.95826   222%     -    6s
H    0     0                     341.0000000 1089.95826   220%     -    6s
H    0     0                     357.0000000 1089.95826   205%     -    6s
H    0     0                     378.0000000 1089.95826   188%     -    7s
H    0     0                     398.0000000 1089.95826   174%     -    7s
H    0     0                     413.0000000 1089.95826   164%     -    9s
H    0     0                     450.0000000 1089.95826   142%     -   10s
     0     0 1088.92912    0  437  450.00000 1088.92912   142%     -   12s
H    0     0                     454.0000000 1088.92223   140%     -   15s
     0     0 1088.82316    0  435  454.00000 1088.82316   140%     -   25s
     0     0 1088.82021    0  436  454.00000 1088.82021   140%     -   25s
     0     0 1088.77776    0  440  454.00000 1088.77776   140%     -   25s
     0     0 1088.75823    0  441  454.00000 1088.75823   140%     -   25s
     0     0 1088.75519    0  441  454.00000 1088.75519   140%     -   25s
     0     0 1088.44035    0  440  454.00000 1088.44035   140%     -   30s
     0     0 1088.43710    0  436  454.00000 1088.43710   140%     -   30s
     0     0 1088.43618    0  439  454.00000 1088.43618   140%     -   38s
     0     0 1088.40412    0  441  454.00000 1088.40412   140%     -   39s
     0     0 1088.39104    0  441  454.00000 1088.39104   140%     -   40s
     0     2 1088.38009    0  441  454.00000 1088.38009   140%     -   41s
     3     5 1081.02082    2  438  454.00000 1084.03278   139%  1054   45s
     9    11 1007.91923    5  412  454.00000 1076.36365   137%  1066   50s
    19    21  972.25467   14  410  454.00000 1076.36365   137%   844   56s
    26    28 1046.12679   19  433  454.00000 1076.36365   137%   864   60s
    42    44 1030.98322   34  421  454.00000 1076.36365   137%   675   65s
    51    53  890.64381   41  347  454.00000 1076.36365   137%   678   70s
H   52    52                     458.0000000 1076.36365   135%   665   70s
    58    60  848.69689   47  368  458.00000 1076.36365   135%   702   75s
    71    73  919.94664   58  374  458.00000 1076.36365   135%   668   81s
    80    82  884.08200   66  368  458.00000 1076.36365   135%   659   85s
    87    89  970.30248   72  381  458.00000 1076.36365   135%   646   90s
    95    97  958.08818   78  389  458.00000 1076.36365   135%   647   95s
   103   105  864.57850   83  366  458.00000 1076.36365   135%   684  101s
   112   114  873.00299   90  373  458.00000 1076.36365   135%   676  106s
   116   118  830.32075   92  336  458.00000 1076.36365   135%   703  110s
   124   126  913.54264   98  388  458.00000 1076.36365   135%   706  115s
   136   138  824.96649  106  335  458.00000 1076.36365   135%   721  120s
   141   143  797.92382  109  354  458.00000 1076.36365   135%   733  126s
   150   152  770.50654  117  335  458.00000 1076.36365   135%   729  130s
   155   157  802.30353  120  341  458.00000 1076.36365   135%   744  135s
   162   164  793.21613  125  337  458.00000 1076.36365   135%   748  140s
   172   174  753.95074  133  310  458.00000 1076.36365   135%   734  148s
   176   178  777.61481  136  312  458.00000 1076.36365   135%   730  150s
   193   195  753.28196  151  329  458.00000 1076.36365   135%   698  156s
   201   203  798.41386  158  330  458.00000 1076.36365   135%   690  160s
   209   211  722.12862  163  298  458.00000 1076.36365   135%   701  165s
   218   220  775.61492  170  335  458.00000 1076.36365   135%   695  170s
   227   229  675.33167  176  292  458.00000 1076.36365   135%   702  175s
   237   239  679.13277  184  299  458.00000 1076.36365   135%   691  181s
   243   245  696.81673  187  310  458.00000 1076.36365   135%   698  220s
   249   251  731.86850  192  321  458.00000 1076.36365   135%   692  225s
   260   262  638.60519  200  282  458.00000 1076.36365   135%   688  231s
   269   271  700.74591  208  305  458.00000 1076.36365   135%   677  235s
   288   290  679.57432  226  302  458.00000 1076.36365   135%   648  240s
   301   303  620.66401  237  260  458.00000 1076.36365   135%   634  245s
   310   312  575.23785  243  249  458.00000 1076.36365   135%   632  251s
   313   315  584.06882  245  254  458.00000 1076.36365   135%   631  255s
   322   324  569.48434  251  242  458.00000 1076.36365   135%   628  260s
   339   341  542.61323  266  246  458.00000 1076.36365   135%   610  265s
   349   351  557.68738  273  262  458.00000 1076.36365   135%   609  270s
   361   363  535.59191  282  233  458.00000 1076.36365   135%   603  275s
   377   379  565.32667  296  279  458.00000 1076.36365   135%   590  280s
   390   392  548.36572  306  266  458.00000 1076.36365   135%   581  285s
   407   409  533.34511  322  244  458.00000 1076.36365   135%   565  290s
   428   428     cutoff  339       458.00000 1076.36365   135%   549  295s
   450   442  479.14592  357  223  458.00000 1076.36365   135%   532  300s
   468   458  465.66570  374  206  458.00000 1076.36365   135%   516  306s
   484   468  953.93558    4  375  458.00000 1071.33725   134%   505  310s
   496   480  908.73393   16  386  458.00000 1071.33725   134%   501  315s
   511   495  870.91692   31  375  458.00000 1071.33725   134%   494  320s
   522   505  985.15399   17  441  458.00000 1071.33725   134%   491  350s
   524   506  812.68200  152  438  458.00000 1071.33725   134%   489  370s
   525   507  733.72407  154  441  458.00000 1071.33725   134%   488  399s
   528   509  465.50439  376  444  458.00000 1071.33725   134%   485  400s
   533   514  994.42396   13  404  458.00000 1071.33725   134%   498  407s
   535   516 1011.07665   14  396  458.00000 1071.33725   134%   500  411s
   537   517  991.84834   15  401  458.00000 1071.33725   134%   503  415s
   540   519 1071.33725   17  428  458.00000 1071.33725   134%   505  421s
   542   520 1068.89329   18  436  458.00000 1071.33725   134%   511  426s
   545   522  993.25790   19  404  458.00000 1065.41266   133%   521  430s
   549   525  965.08559   21  377  458.00000 1059.28426   131%   526  435s
   553   528  984.77471   23  408  458.00000 1052.04368   130%   535  441s
   555   529  942.71901   24  404  458.00000 1049.89485   129%   538  445s
   559   532  972.91703   26  409  458.00000 1044.83133   128%   543  452s
   561   533  975.49880   27  412  458.00000 1040.97396   127%   546  457s
   563   534  973.18189   28  414  458.00000 1037.55398   127%   547  460s
   567   537  948.18978   30  400  458.00000 1032.56663   125%   553  467s
   569   538  947.26128   31  396  458.00000 1028.00209   124%   556  471s
   572   540 1021.55355   33  422  458.00000 1023.93283   124%   560  475s
   575   542  898.84757   34  380  458.00000 1018.52159   122%   565  482s
   577   544  942.09991   35  422  458.00000 1017.50505   122%   569  485s
   579   545  915.37400   36  380  458.00000 1013.14313   121%   572  490s
   583   548  900.46903   38  372  458.00000 1011.06129   121%   579  497s
   585   549  920.24604   39  369  458.00000 1011.06129   121%   581  500s
   589   552  928.94861   41  392  458.00000 1011.06129   121%   584  506s
   591   553  901.87881   42  379  458.00000 1011.06129   121%   588  510s
   595   556  939.80090   44  413  458.00000 1011.06129   121%   592  517s
   597   557  906.35326   45  380  458.00000 1011.06129   121%   596  522s
   599   558  913.51361   46  374  458.00000 1011.06129   121%   598  526s
   601   560  893.38163   47  385  458.00000 1011.06129   121%   600  530s
   603   561  881.99547   48  392  458.00000 1011.06129   121%   602  535s
   607   564  882.54950   50  385  458.00000 1011.06129   121%   608  541s
   610   566  974.62776   52  400  458.00000 1011.06129   121%   610  546s
   612   567  972.20369   53  403  458.00000 1011.06129   121%   614  550s
   615   569  906.61864   54  378  458.00000 1011.06129   121%   617  557s
   617   570  872.27077   55  368  458.00000 1011.06129   121%   618  560s
   620   572  967.29530   57  394  458.00000 1011.06129   121%   619  565s
   623   574  890.42841   58  374  458.00000 1011.06129   121%   626  572s
   625   576  848.58146   59  354  458.00000 1011.06129   121%   627  577s
   627   577  894.32808   60  366  458.00000 1011.06129   121%   629  580s
   629   578  865.42530   61  370  458.00000 1011.06129   121%   633  585s
   632   580  955.89716   63  402  458.00000 1011.06129   121%   633  590s
   634   582  954.41107   64  395  458.00000 1011.06129   121%   635  595s
   637   584  871.19584   65  375  458.00000 1011.06129   121%   638  602s
   639   585  886.88216   66  386  458.00000 1011.06129   121%   641  607s
   641   586  880.70730   67  383  458.00000 1011.06129   121%   642  610s
   645   589  863.78604   69  373  458.00000 1011.06129   121%   647  616s
   648   591  936.83975   71  402  458.00000 1011.06129   121%   647  621s
   651   593  828.00652   72  355  458.00000 1011.06129   121%   651  627s
   653   594  864.30586   73  355  458.00000 1011.06129   121%   653  631s
   655   596  863.73197   74  365  458.00000 1011.06129   121%   655  635s
   659   598  865.67512   76  376  458.00000 1011.06129   121%   657  642s
   661   600  841.39319   77  355  458.00000 1011.06129   121%   660  647s
   663   601  852.06331   78  352  458.00000 1011.06129   121%   661  651s
   665   602  813.62287   79  339  458.00000 1011.06129   121%   662  655s
   669   605  824.89339   81  336  458.00000 1011.06129   121%   668  662s
   671   606  811.35341   82  342  458.00000 1011.06129   121%   669  665s
   676   610  900.22107   85  398  458.00000 1011.06129   121%   671  670s
   679   612  805.18769   86  357  458.00000 1011.06129   121%   676  676s
   682   614  894.32565   88  393  458.00000 1011.06129   121%   677  680s
   685   616  808.68894   89  353  458.00000 1011.06129   121%   679  687s
   687   617  826.18226   90  343  458.00000 1011.06129   121%   680  690s
   691   620  809.37492   92  348  458.00000 1011.06129   121%   684  696s
   695   622  811.59591   94  362  458.00000 1011.06129   121%   687  702s
   697   624  770.31323   95  326  458.00000 1011.06129   121%   690  705s
   701   626  804.98227   97  348  458.00000 1011.06129   121%   692  710s
   705   629  801.03507   99  349  458.00000 1011.06129   121%   696  715s
   709   632  787.80690  101  353  458.00000 1011.06129   121%   698  721s
   713   634  798.71311  103  347  458.00000 1011.06129   121%   700  727s
   716   636  863.73139  105  379  458.00000 1011.06129   121%   700  730s
   719   638  758.65092  106  322  458.00000 1011.06129   121%   704  735s
   723   641  782.61158  108  324  458.00000 1011.06129   121%   705  740s
   729   645  722.94596  111  331  458.00000 1011.06129   121%   710  746s
   732   647  849.30720  113  380  458.00000 1011.06129   121%   710  750s
   735   649  743.51021  114  334  458.00000 1011.06129   121%   714  756s
   738   651  845.48577  116  375  458.00000 1011.06129   121%   715  760s
   742   654  841.11587  118  374  458.00000 1011.06129   121%   716  765s
   745   656  770.13920  119  344  458.00000 1011.06129   121%   718  770s
   749   658  729.13532  121  331  458.00000 1011.06129   121%   722  776s
   752   660  833.62207  123  372  458.00000 1011.06129   121%   722  780s
   755   662  734.81433  124  304  458.00000 1011.06129   121%   724  786s
   759   665  753.39906  126  330  458.00000 1011.06129   121%   728  791s
   764   668  820.45906  129  371  458.00000 1011.06129   121%   730  795s
   767   670  745.78734  130  334  458.00000 1011.06129   121%   732  841s
   770   672  815.84383  132  369  458.00000 1011.06129   121%   733  845s
   774   675  811.74722  134  363  458.00000 1011.06129   121%   735  851s
   777   677  741.97340  135  325  458.00000 1011.06129   121%   739  856s
   781   680  699.67361  137  319  458.00000 1011.06129   121%   740  861s
   785   682  707.88930  139  300  458.00000 1011.06129   121%   741  865s
   791   686  713.19432  142  343  458.00000 1011.06129   121%   745  871s
   796   690  792.75246  145  366  458.00000 1011.06129   121%   746  875s
   800   692  786.16584  147  364  458.00000 1011.06129   121%   747  880s
   804   695  782.02778  149  368  458.00000 1011.06129   121%   747  885s
   809   698  724.79768  151  306  458.00000 1011.06129   121%   751  891s
   814   702  769.26578  154  360  458.00000 1011.06129   121%   750  895s
   819   705  672.75249  156  301  458.00000 1011.06129   121%   753  901s
   824   708  760.27373  159  345  458.00000 1011.06129   121%   753  905s
   829   712  680.76021  161  316  458.00000 1011.06129   121%   755  910s
   835   716  670.88487  164  304  458.00000 1011.06129   121%   756  916s
   839   718  690.82727  166  327  458.00000 1011.06129   121%   756  920s
   843   721  658.67343  168  303  458.00000 1011.06129   121%   759  928s
   845   722  672.76225  169  325  458.00000 1011.06129   121%   759  930s
   852   727  736.96826  173  351  458.00000 1011.06129   121%   759  935s
   859   732  691.60813  176  329  458.00000 1011.06129   121%   761  940s
   865   736  646.88277  179  288  458.00000 1011.06129   121%   762  945s
   871   740  638.12855  182  296  458.00000 1011.06129   121%   763  950s
   877   744  618.25400  185  281  458.00000 1011.06129   121%   764  955s
   882   747  710.99799  188  337  458.00000 1011.06129   121%   765  979s
   883   748  625.32729  188  293  458.00000 1011.06129   121%   766  980s
   888   751  708.68001  191  328  458.00000 1011.06129   121%   765  985s
   895   756  624.52359  194  298  458.00000 1011.06129   121%   767  990s
   904   762  697.26287  199  337  458.00000 1011.06129   121%   768  995s
   912   767  693.70155  203  336  458.00000 1011.06129   121%   768 1000s
   921   773  624.63357  207  280  458.00000 1011.06129   121%   770 1010s
   928   778  684.38491  211  342  458.00000 1011.06129   121%   769 1015s
   934   782  680.69208  214  330  458.00000 1011.06129   121%   770 1020s
   941   786  624.96513  217  276  458.00000 1011.06129   121%   772 1025s
   947   790  554.19815  220  245  458.00000 1011.06129   121%   772 1030s
   954   795  665.18196  224  322  458.00000 1011.06129   121%   771 1035s
   963   801  615.24438  228  290  458.00000 1011.06129   121%   773 1040s
   969   805  608.70096  231  304  458.00000 1011.06129   121%   773 1045s
   975   809  555.65398  234  255  458.00000 1011.06129   121%   773 1050s
   982   814  641.98380  238  312  458.00000 1011.06129   121%   773 1055s
   989   818  567.81987  241  260  458.00000 1011.06129   121%   773 1060s
   997   824  552.65369  245  270  458.00000 1011.06129   121%   773 1066s
   999   825  587.38001  246  281  458.00000 1011.06129   121%   773 1077s
  1004   828  627.15625  249  294  458.00000 1011.06129   121%   773 1080s
  1010   832  617.88199  252  295  458.00000 1011.06129   121%   773 1085s
  1016   836  609.60467  255  291  458.00000 1011.06129   121%   773 1090s
  1023   841  539.04254  258  249  458.00000 1011.06129   121%   773 1095s
  1029   845  542.49939  261  278  458.00000 1011.06129   121%   773 1100s
  1035   849  519.67204  264  239  458.00000 1011.06129   121%   773 1105s
  1043   854  514.45782  268  250  458.00000 1011.06129   121%   773 1110s
  1051   860  526.45475  272  237  458.00000 1011.06129   121%   773 1116s
  1057   864  510.03777  275  229  458.00000 1011.06129   121%   773 1120s
  1067   870  498.29200  280  239  458.00000 1011.06129   121%   774 1125s
  1077   877  508.26802  285  273  458.00000 1011.06129   121%   773 1130s
  1084   882  544.34958  289  281  458.00000 1011.06129   121%   772 1135s
  1093   888  474.63282  293  222  458.00000 1011.06129   121%   772 1140s
  1101   893  473.86933  297  235  458.00000 1011.06129   121%   771 1145s
  1107   895     cutoff  300       458.00000 1011.06129   121%   771 1150s
  1115   894     cutoff  304       458.00000 1011.06129   121%   769 1155s
  1126   896  509.42903  310  274  458.00000 1011.06129   121%   767 1160s
  1137   894     cutoff  315       458.00000 1011.06129   121%   765 1165s
  1167   884     cutoff  330       458.00000 1011.06129   121%   752 1170s
  1189   878  876.05017   16  352  458.00000 1010.97667   121%   743 1176s
  1193   880  908.47364   18  357  458.00000 1010.97667   121%   745 1180s
  1200   885  977.89139   22  402  458.00000 1010.97667   121%   746 1185s
  1205   888  895.83768   24  363  458.00000 1010.97667   121%   747 1190s
  1209   891  862.62266   26  371  458.00000 1010.97667   121%   748 1195s
  1215   895  899.13676   29  383  458.00000 1010.97667   121%   749 1200s
  1220   898  946.90695   32  395  458.00000 1010.97667   121%   749 1205s
  1225   902  866.40375   34  362  458.00000 1010.97667   121%   750 1210s
  1230   905  928.87188   37  402  458.00000 1010.97667   121%   751 1215s
  1235   908  805.22488   39  333  458.00000 1010.97667   121%   753 1221s
  1239   911  810.50739   41  350  458.00000 1010.97667   121%   754 1225s
  1245   915  841.34246   44  355  458.00000 1010.97667   121%   755 1230s
  1251   919  818.61842   47  346  458.00000 1010.97667   121%   756 1236s
  1256   922  886.90007   50  378  458.00000 1010.97667   121%   756 1240s
  1262   926  882.12702   53  378  458.00000 1010.97667   121%   757 1245s
  1263   927  782.36216   53  327  458.00000 1010.97667   121%   757 1267s
  1267   930  797.74739   55  348  458.00000 1010.97667   121%   758 1270s
  1275   935  782.12361   59  321  458.00000 1010.97667   121%   759 1275s
  1283   940  745.92564   63  319  458.00000 1010.97667   121%   760 1280s
  1289   944  772.55109   66  316  458.00000 1010.97667   121%   760 1285s
  1294   948  842.67799   69  362  458.00000 1010.97667   121%   761 1290s
  1301   952  761.06492   72  310  458.00000 1010.97667   121%   763 1295s
  1307   956  732.54475   75  316  458.00000 1010.97667   121%   763 1300s
  1313   960  769.25777   78  320  458.00000 1010.97667   121%   764 1305s
  1319   964  747.39273   81  313  458.00000 1010.97667   121%   764 1310s
  1325   968  732.87996   84  307  458.00000 1010.97667   121%   765 1316s
  1331   972  738.42880   87  311  458.00000 1010.97667   121%   765 1320s
  1337   976  674.24692   90  278  458.00000 1010.97667   121%   765 1326s
  1343   980  701.92157   93  284  458.00000 1010.97667   121%   765 1330s
  1349   984  717.56384   96  318  458.00000 1010.97667   121%   766 1335s
  1356   989  780.38833  100  343  458.00000 1010.97667   121%   766 1340s
  1362   993  773.98874  103  332  458.00000 1010.97667   121%   766 1345s
  1371   999  678.29553  107  301  458.00000 1010.97667   121%   767 1350s
  1379  1004  665.15154  111  303  458.00000 1010.97667   121%   768 1355s
  1387  1010  681.62448  115  309  458.00000 1010.97667   121%   767 1360s
  1393  1014  672.41396  118  308  458.00000 1010.97667   121%   768 1365s
  1401  1019  637.30539  122  293  458.00000 1010.97667   121%   768 1370s
  1409  1024  689.79608  126  318  458.00000 1010.97667   121%   768 1376s
  1415  1028  650.91537  129  280  458.00000 1010.97667   121%   768 1380s
  1421  1032  617.99640  132  278  458.00000 1010.97667   121%   768 1385s
  1429  1038  631.13334  136  284  458.00000 1010.97667   121%   769 1390s
  1441  1046  673.40123  142  306  458.00000 1010.97667   121%   768 1395s
  1449  1051  607.29499  146  275  458.00000 1010.97667   121%   768 1400s
  1457  1056  597.60123  150  281  458.00000 1010.97667   121%   768 1405s
  1465  1062  640.29246  154  298  458.00000 1010.97667   121%   768 1410s
  1471  1066  610.86650  157  284  458.00000 1010.97667   121%   768 1415s
  1479  1071  613.09508  161  286  458.00000 1010.97667   121%   768 1420s
  1489  1078  607.83723  166  273  458.00000 1010.97667   121%   767 1425s
  1499  1084  557.20546  171  273  458.00000 1010.97667   121%   767 1430s
  1509  1091  564.34774  176  266  458.00000 1010.97667   121%   767 1435s
  1522  1100  615.22609  183  312  458.00000 1010.97667   121%   766 1440s
  1537  1110  543.19112  190  251  458.00000 1010.97667   121%   766 1449s
  1538  1110  599.81242  191  291  458.00000 1010.97667   121%   765 1450s
  1547  1116  538.15060  195  244  458.00000 1010.97667   121%   765 1455s
  1555  1122  520.09027  199  269  458.00000 1010.97667   121%   765 1460s
  1565  1128  519.60509  204  261  458.00000 1010.97667   121%   765 1465s
  1575  1135  517.65025  209  240  458.00000 1010.97667   121%   764 1470s
  1587  1143  505.80666  215  225  458.00000 1010.97667   121%   763 1475s
  1597  1150  505.54873  220  240  458.00000 1010.97667   121%   763 1480s
  1607  1155  469.94730  225  228  458.00000 1010.97667   121%   762 1485s
  1618  1163  523.85658  231  268  458.00000 1010.97667   121%   761 1490s
  1631  1165  477.35665  237  244  458.00000 1010.97667   121%   759 1495s
  1653  1159     cutoff  248       458.00000 1010.97667   121%   754 1500s
  1689  1147     cutoff  266       458.00000 1010.97667   121%   742 1505s
  1719  1140  823.79140   17  338  458.00000  994.40748   117%   734 1511s
  1725  1144  838.63284   20  358  458.00000  994.40748   117%   734 1515s
  1731  1148  803.92989   23  330  458.00000  994.40748   117%   734 1520s
  1738  1153  884.19152   27  368  458.00000  994.40748   117%   734 1525s
  1745  1157  793.51856   30  326  458.00000  994.40748   117%   735 1530s
  1753  1163  803.13015   34  364  458.00000  994.40748   117%   735 1535s
  1760  1167  847.18707   38  365  458.00000  994.40748   117%   735 1540s
  1766  1171  833.21796   41  369  458.00000  994.40748   117%   736 1545s
  1772  1175  822.87626   44  356  458.00000  994.40748   117%   736 1550s
  1783  1183  740.05360   49  312  458.00000  994.40748   117%   736 1555s
  1796  1191  789.96858   56  356  458.00000  994.40748   117%   736 1560s
  1805  1197  737.80517   60  330  458.00000  994.40748   117%   736 1565s
  1814  1203  760.75470   65  339  458.00000  994.40748   117%   736 1570s
  1823  1209  704.84791   69  305  458.00000  994.40748   117%   736 1575s
  1831  1215  664.68809   73  297  458.00000  994.40748   117%   735 1580s
  1841  1221  654.00764   78  284  458.00000  994.40748   117%   735 1585s
  1851  1228  642.26480   83  311  458.00000  994.40748   117%   735 1590s
  1859  1233  660.73969   87  294  458.00000  994.40748   117%   735 1595s
  1869  1240  603.11239   92  277  458.00000  994.40748   117%   735 1600s
  1879  1247  626.88576   97  267  458.00000  994.40748   117%   734 1605s
  1891  1255  601.57302  103  260  458.00000  994.40748   117%   734 1610s
  1899  1260  607.23169  107  275  458.00000  994.40748   117%   734 1615s
  1911  1268  595.26587  113  280  458.00000  994.40748   117%   733 1620s
  1931  1281  575.93599  123  250  458.00000  994.40748   117%   731 1625s
  1951  1295  552.84917  133  260  458.00000  994.40748   117%   730 1630s
  1965  1304  551.52139  140  250  458.00000  994.40748   117%   729 1635s
  1977  1312  537.35006  146  253  458.00000  994.40748   117%   728 1640s
  1988  1319  602.01851  152  286  458.00000  994.40748   117%   727 1645s
  2001  1328  541.08172  158  227  458.00000  994.40748   117%   726 1650s
  2015  1337  505.88776  165  226  458.00000  994.40748   117%   725 1655s
  2030  1347  557.80319  173  271  458.00000  994.40748   117%   723 1660s
  2043  1356  498.24274  179  235  458.00000  994.40748   117%   723 1665s
  2057  1364  470.03386  186  234  458.00000  994.40748   117%   722 1670s
  2075  1375  465.56273  195  209  458.00000  994.40748   117%   720 1675s
  2099  1379     cutoff  207       458.00000  994.40748   117%   715 1680s
  2130  1382  849.74500   15  316  458.00000  994.40603   117%   709 1685s
  2137  1389  909.73621   19  359  458.00000  994.40603   117%   709 1690s
  2148  1400  800.67242   24  311  458.00000  994.40603   117%   709 1695s
  2156  1408  822.00975   28  330  458.00000  994.40603   117%   710 1700s
  2164  1416  798.28622   32  327  458.00000  994.40603   117%   710 1705s
  2166  1418  799.06438   33  333  458.00000  994.40603   117%   710 1743s
  2169  1421  853.81934   35  355  458.00000  994.40603   117%   710 1745s
  2174  1426  760.14679   37  314  458.00000  994.40603   117%   710 1750s
  2184  1436  735.47686   42  302  458.00000  994.40603   117%   711 1755s
  2192  1444  761.66746   46  316  458.00000  994.40603   117%   711 1760s
  2200  1452  719.52656   50  312  458.00000  994.40603   117%   711 1765s
  2210  1462  735.19419   55  311  458.00000  994.40603   117%   711 1770s
  2218  1470  716.74936   59  310  458.00000  994.40603   117%   711 1775s
  2226  1478  725.73231   63  306  458.00000  994.40603   117%   711 1780s
  2238  1490  696.24704   69  282  458.00000  994.40603   117%   711 1787s
  2243  1495  757.35726   72  322  458.00000  994.40603   117%   711 1790s
  2250  1502  689.10833   75  290  458.00000  994.40603   117%   711 1795s
  2260  1512  658.42340   80  276  458.00000  994.40603   117%   711 1800s

Cutting planes:
  Gomory: 5
  MIR: 2

Explored 2261 nodes (1613031 simplex iterations) in 1800.02 seconds (829.87 work units)
Thread count was 1 (of 12 available processors)

Solution count 10: 458 454 450 ... 333

Time limit reached
Best objective 4.580000000000e+02, best bound 9.940000000000e+02, gap 117.0306%
