
Gurobi 12.0.2 (linux64, C++) logging started Thu Jun 19 08:00:21 2025

Set parameter LogFile to value "log/instances/scenario1/not_correlated_sc1/700/kpfs_7.txt.log"

Gurobi 12.0.2 (linux64, C++) logging started Thu Jun 19 08:01:44 2025

Set parameter LogFile to value "log/instances/scenario1/not_correlated_sc1/700/kpfs_7.txt.log"

Gurobi 12.0.2 (linux64, C++) logging started Thu Jun 19 08:02:55 2025

Set parameter LogFile to value "log/instances/scenario1/not_correlated_sc1/700/kpfs_7.txt.log"

Gurobi 12.0.2 (linux64, C++) logging started Fri Jun 20 01:47:23 2025

Set parameter WLSAccessID
Set parameter WLSSecret
Set parameter LicenseID to value 2679381
Set parameter LogFile to value "log/instances/scenario1/not_correlated_sc1/700/kpfs_7.txt.log"
Academic license 2679381 - for non-commercial use only - registered to be___@poli.ufrj.br
Set parameter TimeLimit to value 1800
Set parameter Threads to value 1
Gurobi Optimizer version 12.0.2 build v12.0.2rc0 (linux64 - "Ubuntu 24.04.1 LTS")

CPU model: 13th Gen Intel(R) Core(TM) i7-1355U, instruction set [SSE2|AVX|AVX2]
Thread count: 6 physical cores, 12 logical processors, using up to 1 threads

Non-default parameters:
TimeLimit  1800
Threads  1

Academic license 2679381 - for non-commercial use only - registered to be___@poli.ufrj.br
Optimize a model with 3502 rows, 4200 columns and 35315 nonzeros
Model fingerprint: 0x193d4aa9
Variable types: 0 continuous, 4200 integer (700 binary)
Coefficient statistics:
  Matrix range     [1e+00, 3e+01]
  Objective range  [1e+00, 3e+01]
  Bounds range     [1e+00, 1e+01]
  RHS range        [1e+00, 1e+03]
Found heuristic solution: objective 121.0000000
Presolve removed 0 rows and 129 columns
Presolve time: 0.15s
Presolved: 3502 rows, 4071 columns, 35057 nonzeros
Variable types: 0 continuous, 4071 integer (835 binary)

Root relaxation: objective 1.093947e+03, 5983 iterations, 4.77 seconds (2.35 work units)
Total elapsed time = 5.04s (DegenMoves)

    Nodes    |    Current Node    |     Objective Bounds      |     Work
 Expl Unexpl |  Obj  Depth IntInf | Incumbent    BestBd   Gap | It/Node Time

     0     0 1093.94692    0  441  121.00000 1093.94692   804%     -    5s
H    0     0                     122.0000000 1093.94692   797%     -    5s
H    0     0                     123.0000000 1093.94692   789%     -    5s
H    0     0                     125.0000000 1093.94692   775%     -    5s
H    0     0                     141.0000000 1093.94692   676%     -    5s
H    0     0                     332.0000000 1093.94692   230%     -    5s
H    0     0                     351.0000000 1093.94692   212%     -    5s
H    0     0                     378.0000000 1093.94692   189%     -    5s
H    0     0                     389.0000000 1093.94692   181%     -    8s
H    0     0                     399.0000000 1093.94692   174%     -    8s
H    0     0                     404.0000000 1093.94692   171%     -    9s
H    0     0                     415.0000000 1093.94692   164%     -   10s
H    0     0                     431.0000000 1093.94692   154%     -   10s
H    0     0                     471.0000000 1093.94692   132%     -   11s
     0     0 1092.96935    0  440  471.00000 1092.96935   132%     -   13s
     0     0 1092.86986    0  441  471.00000 1092.86986   132%     -   27s
     0     0 1092.86554    0  440  471.00000 1092.86554   132%     -   27s
     0     0 1092.85619    0  442  471.00000 1092.85619   132%     -   27s
     0     0 1092.44368    0  448  471.00000 1092.44368   132%     -   33s
     0     0 1092.43326    0  444  471.00000 1092.43326   132%     -   33s
     0     0 1092.43326    0  444  471.00000 1092.43326   132%     -   33s
     0     0 1092.43326    0  443  471.00000 1092.43326   132%     -   42s
     0     0 1092.39460    0  448  471.00000 1092.39460   132%     -   44s
     0     0 1092.39243    0  453  471.00000 1092.39243   132%     -   44s
     0     0 1092.38967    0  453  471.00000 1092.38967   132%     -   44s
     0     2 1092.37210    0  453  471.00000 1092.37210   132%     -   46s
     4     6  964.76022    2  406  471.00000 1086.15117   131%  1291   52s
     6     8  929.17887    3  382  471.00000 1084.60759   130%  1334   56s
    10    12 1073.11495    6  450  471.00000 1078.72399   129%  1141   60s
    15    17  982.92959    9  411  471.00000 1078.72399   129%  1294   67s
    23    25 1051.95164   17  451  471.00000 1078.72399   129%   961   70s
    26    28 1043.41440   20  449  471.00000 1078.72399   129%   896   97s
    34    36  926.40106   27  395  471.00000 1078.72399   129%   828  100s
    44    46  941.87105   35  399  471.00000 1078.72399   129%   789  107s
    47    49  971.51781   37  403  471.00000 1078.72399   129%   794  110s
    63    65  891.32449   52  388  471.00000 1078.72399   129%   691  116s
    75    77  982.31811   64  425  471.00000 1078.72399   129%   621  120s
    78    80  902.43713   66  371  471.00000 1078.72399   129%   665  126s
    84    86  968.37993   71  406  471.00000 1078.72399   129%   666  130s
    93    95  902.44888   78  363  471.00000 1078.72399   129%   676  136s
   103   105  891.09423   86  369  471.00000 1078.72399   129%   674  141s
   112   114  927.46477   94  386  471.00000 1078.72399   129%   652  145s
   123   125  840.05044  103  348  471.00000 1078.72399   129%   650  151s
   134   136  896.11197  113  372  471.00000 1078.72399   129%   626  155s
   141   143  802.82118  118  334  471.00000 1078.72399   129%   634  160s
   161   163  860.94883  136  354  471.00000 1078.72399   129%   595  174s
   163   165  795.73345  137  304  471.00000 1078.72399   129%   598  175s
   177   179  778.16933  149  329  471.00000 1078.72399   129%   594  180s
   191   193  820.45563  161  334  471.00000 1078.72399   129%   583  185s
   204   206  747.66050  171  293  471.00000 1078.72399   129%   577  190s
   217   219  786.65188  182  327  471.00000 1078.72399   129%   566  195s
   235   237  764.44660  199  325  471.00000 1078.72399   129%   542  200s
   267   269  724.00465  230  298  471.00000 1078.72399   129%   501  205s
H  275   275                     475.0000000 1078.72399   127%   489  236s
   275   277  716.95897  238  285  475.00000 1078.72399   127%   490  242s
   286   288  636.63175  245  260  475.00000 1078.72399   127%   492  245s
   326   328  614.43627  278  248  475.00000 1078.72399   127%   469  250s
   371   373  546.69872  317  206  475.00000 1078.72399   127%   440  255s
   394   396  499.84183  336  203  475.00000 1078.72399   127%   432  260s
   418   420  549.92970  355  218  475.00000 1078.72399   127%   424  265s
   457   455  500.91054  387  199  475.00000 1078.72399   127%   407  270s
   480   468  950.53537   10  384  475.00000 1077.62657   127%   399  275s
   498   486  894.55160   28  377  475.00000 1077.62657   127%   396  280s
   508   496  823.78568   35  338  475.00000 1077.62657   127%   400  285s
   520   507  942.61438   85  453  475.00000 1077.62657   127%   398  309s
   522   508 1003.96679   46  441  475.00000 1077.62657   127%   396  327s
   523   509  655.81957  282  438  475.00000 1077.62657   127%   395  354s
   526   511  891.29397   53  448  475.00000 1077.62657   127%   393  355s
   531   516  998.93037   11  403  475.00000 1077.62657   127%   408  360s
   533   518 1001.58998   12  410  475.00000 1077.62657   127%   411  365s
   537   520  988.78474   14  404  475.00000 1073.74599   126%   417  372s
   539   522  936.20921   15  386  475.00000 1071.62445   126%   423  375s
   543   524  980.11750   17  402  475.00000 1064.90270   124%   432  380s
   547   527  947.78320   19  402  475.00000 1061.46055   123%   440  385s
   550   529 1056.64435   21  430  475.00000 1059.63861   123%   444  391s
   552   530 1054.36140   22  430  475.00000 1056.53403   122%   449  396s
   555   532  961.34831   23  392  475.00000 1053.12168   122%   455  402s
   557   534  936.13231   24  396  475.00000 1049.80083   121%   459  406s
   559   535  986.67741   25  410  475.00000 1046.79618   120%   463  410s
   563   538  929.01891   27  380  475.00000 1043.59635   120%   468  416s
   565   539  951.03170   28  388  475.00000 1041.36459   119%   474  420s
   569   542  979.12417   30  397  475.00000 1034.38979   118%   477  426s
   571   543  956.80401   31  383  475.00000 1033.23948   118%   479  430s
   574   545 1027.56506   33  437  475.00000 1031.25202   117%   485  435s
   577   547  919.44135   34  386  475.00000 1027.03429   116%   490  441s
   579   548  936.45205   35  394  475.00000 1027.03429   116%   492  445s
   582   550 1022.87899   37  430  475.00000 1027.03429   116%   498  450s
   585   552  902.62214   38  379  475.00000 1027.03429   116%   503  457s
   589   555  918.46427   40  377  475.00000 1027.03429   116%   510  462s
   591   556  911.72195   41  391  475.00000 1027.03429   116%   512  465s
   594   558 1007.84410   43  423  475.00000 1027.03429   116%   515  470s
   597   560  889.54515   44  378  475.00000 1027.03429   116%   522  475s
   600   562 1001.38109   46  426  475.00000 1027.03429   116%   524  480s
   603   564  913.59949   47  382  475.00000 1027.03429   116%   531  486s
   605   566  900.46898   48  364  475.00000 1027.03429   116%   534  490s
   609   568  924.20595   50  375  475.00000 1027.03429   116%   537  495s
   613   571  906.84627   52  375  475.00000 1027.03429   116%   544  501s
   615   572  846.38717   53  388  475.00000 1027.03429   116%   547  505s
   619   575  886.48436   55  372  475.00000 1027.03429   116%   554  512s
   621   576  904.44387   56  381  475.00000 1027.03429   116%   556  516s
   624   578  976.26507   58  412  475.00000 1027.03429   116%   558  520s
   627   580  899.05550   59  407  475.00000 1027.03429   116%   565  527s
   629   582  885.57252   60  380  475.00000 1027.03429   116%   567  530s
   633   584  873.62695   62  385  475.00000 1027.03429   116%   573  535s
   637   587  840.85183   64  365  475.00000 1027.03429   116%   577  542s
   639   588  891.18294   65  365  475.00000 1027.03429   116%   580  546s
   642   590  957.95010   67  415  475.00000 1027.03429   116%   582  550s
   645   592  886.32481   68  390  475.00000 1027.03429   116%   585  557s
   647   594  844.06426   69  373  475.00000 1027.03429   116%   590  562s
   649   595  852.83812   70  361  475.00000 1027.03429   116%   591  565s
   653   598  884.08525   72  365  475.00000 1027.03429   116%   595  571s
   655   599  862.64975   73  362  475.00000 1027.03429   116%   598  575s
   659   602  877.80832   75  361  475.00000 1027.03429   116%   602  581s
   663   604  856.58960   77  366  475.00000 1027.03429   116%   607  586s
   667   607  832.24628   79  349  475.00000 1027.03429   116%   610  591s
   669   608  882.41343   80  376  475.00000 1027.03429   116%   614  596s
   671   610  846.72108   81  347  475.00000 1027.03429   116%   617  600s
   675   612  824.44571   83  362  475.00000 1027.03429   116%   620  606s
   677   614  829.21177   84  347  475.00000 1027.03429   116%   624  610s
   681   616  876.03333   86  373  475.00000 1027.03429   116%   626  616s
   683   618  805.50099   87  357  475.00000 1027.03429   116%   629  620s
   687   620  838.10705   89  376  475.00000 1027.03429   116%   634  627s
   690   622  904.61164   91  403  475.00000 1027.03429   116%   634  630s
   695   626  810.78987   93  347  475.00000 1027.03429   116%   641  636s
   697   627  831.71663   94  355  475.00000 1027.03429   116%   643  640s
   701   630  817.57943   96  358  475.00000 1027.03429   116%   645  645s
   705   632  837.88492   98  361  475.00000 1027.03429   116%   648  651s
   709   635  801.75142  100  349  475.00000 1027.03429   116%   651  656s
   712   637  884.77985  102  405  475.00000 1027.03429   116%   653  661s
   715   639  768.29907  103  334  475.00000 1027.03429   116%   656  666s
   719   642  794.50286  105  340  475.00000 1027.03429   116%   661  671s
   723   644  798.27237  107  352  475.00000 1027.03429   116%   662  675s
   729   648  777.24742  110  369  475.00000 1027.03429   116%   668  682s
   731   650  787.39921  111  340  475.00000 1027.03429   116%   669  685s
   735   652  769.79282  113  341  475.00000 1027.03429   116%   672  691s
   737   654  784.75226  114  348  475.00000 1027.03429   116%   674  695s
   741   656  775.12821  116  337  475.00000 1027.03429   116%   676  700s
   745   659  795.42881  118  359  475.00000 1027.03429   116%   680  706s
   749   662  782.74222  120  340  475.00000 1027.03429   116%   681  710s
   753   664  732.88809  122  354  475.00000 1027.03429   116%   683  715s
   757   667  771.44107  124  351  475.00000 1027.03429   116%   687  721s
   761   670  784.84875  126  357  475.00000 1027.03429   116%   688  727s
   763   671  755.21739  127  328  475.00000 1027.03429   116%   691  731s
   767   674  750.37597  129  320  475.00000 1027.03429   116%   693  736s
   771   676  767.51538  131  330  475.00000 1027.03429   116%   694  741s
   774   678  838.67149  133  387  475.00000 1027.03429   116%   694  745s
   778   681  837.05399  135  384  475.00000 1027.03429   116%   696  750s
   783   684  763.01437  137  350  475.00000 1027.03429   116%   701  757s
   785   686  770.63791  138  338  475.00000 1027.03429   116%   701  808s
   787   687  752.07264  139  332  475.00000 1027.03429   116%   704  810s
   791   690  744.13913  141  325  475.00000 1027.03429   116%   705  815s
   795   692  731.20823  143  311  475.00000 1027.03429   116%   707  820s
   799   695  767.45348  145  327  475.00000 1027.03429   116%   709  825s
   805   699  741.49014  148  315  475.00000 1027.03429   116%   711  830s
   813   704  738.67233  152  317  475.00000 1027.03429   116%   714  836s
   818   708  813.01014  155  360  475.00000 1027.03429   116%   716  840s
   823   711  736.58789  157  323  475.00000 1027.03429   116%   718  845s
   828   714  804.51662  160  364  475.00000 1027.03429   116%   718  850s
   833   718  696.98949  162  306  475.00000 1027.03429   116%   720  855s
   837   720  729.34753  164  319  475.00000 1027.03429   116%   721  860s
   841   723  712.18666  166  308  475.00000 1027.03429   116%   722  867s
   844   725  790.78219  168  348  475.00000 1027.03429   116%   722  870s
   849   728  714.63113  170  303  475.00000 1027.03429   116%   724  875s
   855   732  685.90302  173  307  475.00000 1027.03429   116%   725  881s
   859   735  711.36148  175  313  475.00000 1027.03429   116%   725  885s
   863   738  719.59197  177  303  475.00000 1027.03429   116%   726  890s
   868   741  778.18056  180  342  475.00000 1027.03429   116%   726  895s
   873   744  712.18056  182  309  475.00000 1027.03429   116%   727  900s
   879   748  709.17075  185  292  475.00000 1027.03429   116%   728  905s
   885   752  678.87174  188  286  475.00000 1027.03429   116%   729  910s
   892   757  765.28866  192  342  475.00000 1027.03429   116%   729  915s
   901   763  695.27496  196  282  475.00000 1027.03429   116%   731  920s
   909   768  648.92303  200  289  475.00000 1027.03429   116%   732  925s
   914   772  751.64288  203  333  475.00000 1027.03429   116%   732  930s
   919   775  689.79020  205  311  475.00000 1027.03429   116%   733  940s
   925   779  673.13481  208  274  475.00000 1027.03429   116%   733  945s
   931   783  642.39612  211  299  475.00000 1027.03429   116%   735  950s
   937   787  690.13287  214  286  475.00000 1027.03429   116%   735  955s
   943   791  677.54547  217  285  475.00000 1027.03429   116%   735  960s
   948   794  724.26816  220  313  475.00000 1027.03429   116%   735  965s
   953   798  669.79443  222  302  475.00000 1027.03429   116%   736  970s
   960   802  713.00274  226  309  475.00000 1027.03429   116%   735  975s
   969   808  647.29795  230  277  475.00000 1027.03429   116%   736  980s
   975   812  630.89864  233  290  475.00000 1027.03429   116%   737  985s
   979   815  619.62011  235  264  475.00000 1027.03429   116%   737 1008s
   983   818  649.66269  237  281  475.00000 1027.03429   116%   737 1010s
   991   823  625.49708  241  279  475.00000 1027.03429   116%   737 1015s
H  997   799                     478.0000000 1027.03429   115%   736 1023s
   997   801  595.49447  244  265  478.00000 1027.03429   115%   738 1031s
  1003   805  609.88417  247  272  478.00000 1027.03429   115%   738 1035s
  1011   810  596.87750  251  263  478.00000 1027.03429   115%   738 1040s
  1019   816  598.64199  255  265  478.00000 1027.03429   115%   738 1045s
  1027   821  628.67659  259  267  478.00000 1027.03429   115%   737 1050s
  1037   828  601.76071  264  253  478.00000 1027.03429   115%   736 1055s
  1044   832  642.00570  268  278  478.00000 1027.03429   115%   736 1060s
  1053   838  545.54596  272  249  478.00000 1027.03429   115%   735 1065s
  1061   844  550.26500  276  240  478.00000 1027.03429   115%   736 1070s
  1069   849  542.57029  280  244  478.00000 1027.03429   115%   735 1075s
  1077   854  533.16364  284  244  478.00000 1027.03429   115%   734 1080s
  1086   860  608.26157  289  276  478.00000 1027.03429   115%   733 1085s
  1095   866  530.33753  293  231  478.00000 1027.03429   115%   733 1090s
  1103   872  543.81623  297  249  478.00000 1027.03429   115%   732 1095s
  1111   877  510.70332  301  237  478.00000 1027.03429   115%   731 1100s
  1121   884  533.90186  306  247  478.00000 1027.03429   115%   731 1105s
  1137   888  483.87648  314  230  478.00000 1027.03429   115%   731 1110s
  1146   894  544.34270  319  268  478.00000 1027.03429   115%   729 1115s
  1159   895  480.52245  325  226  478.00000 1027.03429   115%   728 1121s
  1169   897     cutoff  330       478.00000 1027.03429   115%   726 1125s
  1194   889  491.50338  343  250  478.00000 1027.03429   115%   717 1130s
  1217   884  873.21922   16  372  478.00000 1026.99735   115%   709 1135s
  1221   886  933.64369   18  377  478.00000 1026.99735   115%   711 1140s
  1225   889  922.17668   20  368  478.00000 1026.99735   115%   712 1146s
  1229   892  909.28247   22  380  478.00000 1026.99735   115%   713 1151s
  1233   894  941.08447   24  399  478.00000 1026.99735   115%   714 1155s
  1236   896  989.69668   26  413  478.00000 1026.99735   115%   715 1160s
  1241   900  935.32063   28  366  478.00000 1026.99735   115%   716 1165s
  1245   902  894.49462   30  377  478.00000 1026.99735   115%   717 1170s
  1250   906  973.11317   33  409  478.00000 1026.99735   115%   718 1175s
  1254   908  969.52865   35  405  478.00000 1026.99735   115%   719 1180s
  1257   910  899.55245   36  387  478.00000 1026.99735   115%   722 1196s
  1261   913  880.82099   38  369  478.00000 1026.99735   115%   723 1201s
  1264   915  960.11072   40  399  478.00000 1026.99735   115%   723 1205s
  1267   917  868.21862   41  369  478.00000 1026.99735   115%   725 1210s
  1273   921  916.41596   44  367  478.00000 1026.99735   115%   726 1216s
  1277   924  868.65758   46  371  478.00000 1026.99735   115%   727 1221s
  1279   925  841.21393   47  345  478.00000 1026.99735   115%   727 1225s
  1283   928  862.07842   49  361  478.00000 1026.99735   115%   729 1232s
  1285   929  835.87452   50  347  478.00000 1026.99735   115%   730 1235s
  1289   932  887.32140   52  386  478.00000 1026.99735   115%   731 1240s
  1293   934  876.34775   54  368  478.00000 1026.99735   115%   731 1246s
  1295   936  821.18985   55  359  478.00000 1026.99735   115%   732 1250s
  1299   938  840.41987   57  358  478.00000 1026.99735   115%   733 1257s
  1301   940  868.17745   58  350  478.00000 1026.99735   115%   733 1260s
  1305   942  807.68395   60  338  478.00000 1026.99735   115%   734 1266s
  1309   945  841.77121   62  373  478.00000 1026.99735   115%   735 1271s
  1313   948  815.61964   64  367  478.00000 1026.99735   115%   736 1276s
  1317   950  770.07803   66  318  478.00000 1026.99735   115%   737 1280s
  1325   956  836.58484   70  339  478.00000 1026.99735   115%   738 1285s
  1332   960  883.62949   74  385  478.00000 1026.99735   115%   739 1290s
  1336   963  879.28040   76  386  478.00000 1026.99735   115%   740 1295s
  1341   966  785.82068   78  325  478.00000 1026.99735   115%   742 1301s
  1345   969  785.20919   80  335  478.00000 1026.99735   115%   742 1305s
  1349   972  810.95945   82  344  478.00000 1026.99735   115%   743 1310s
  1353   974  785.35358   84  349  478.00000 1026.99735   115%   744 1315s
  1357   977  788.24981   86  330  478.00000 1026.99735   115%   744 1320s
  1361   980  800.30784   88  316  478.00000 1026.99735   115%   745 1325s
  1365   982  758.52914   90  320  478.00000 1026.99735   115%   746 1330s
  1369   985  745.52399   92  334  478.00000 1026.99735   115%   747 1335s
  1374   988  841.64521   95  372  478.00000 1026.99735   115%   747 1340s
  1379   992  746.94480   97  312  478.00000 1026.99735   115%   748 1345s
  1384   995  833.94957  100  382  478.00000 1026.99735   115%   748 1350s
  1389   998  797.41049  102  339  478.00000 1026.99735   115%   749 1356s
  1393  1001  769.68561  104  350  478.00000 1026.99735   115%   749 1360s
  1398  1004  820.87108  107  368  478.00000 1026.99735   115%   749 1365s
  1405  1009  741.93483  110  313  478.00000 1026.99735   115%   751 1370s
  1413  1014  734.82513  114  346  478.00000 1026.99735   115%   752 1375s
  1417  1017  717.92783  116  323  478.00000 1026.99735   115%   752 1380s
  1422  1020  788.43697  119  351  478.00000 1026.99735   115%   753 1385s
  1427  1024  730.88453  121  309  478.00000 1026.99735   115%   753 1390s
  1431  1026  705.01560  123  310  478.00000 1026.99735   115%   754 1395s
  1437  1030  730.76087  126  312  478.00000 1026.99735   115%   754 1400s
  1443  1034  725.06868  129  327  478.00000 1026.99735   115%   755 1406s
  1449  1038  684.99727  132  299  478.00000 1026.99735   115%   755 1411s
  1455  1042  665.25330  135  308  478.00000 1026.99735   115%   756 1416s
  1461  1046  705.44368  138  309  478.00000 1026.99735   115%   756 1420s
  1465  1049  670.36215  140  289  478.00000 1026.99735   115%   756 1425s
  1475  1056  685.44715  145  314  478.00000 1026.99735   115%   756 1430s
  1481  1060  688.96600  148  310  478.00000 1026.99735   115%   756 1435s
  1487  1064  671.58044  151  301  478.00000 1026.99735   115%   757 1440s
  1493  1068  654.10877  154  281  478.00000 1026.99735   115%   757 1445s
  1500  1072  725.14475  158  323  478.00000 1026.99735   115%   757 1450s
  1506  1076  722.03403  161  330  478.00000 1026.99735   115%   758 1455s
  1513  1081  656.59076  164  299  478.00000 1026.99735   115%   758 1461s
  1519  1085  599.64789  167  270  478.00000 1026.99735   115%   759 1465s
  1525  1089  657.46461  170  265  478.00000 1026.99735   115%   758 1470s
  1532  1094  702.55989  174  325  478.00000 1026.99735   115%   758 1475s
  1537  1097  607.98976  176  270  478.00000 1026.99735   115%   759 1480s
  1543  1101  635.09958  179  299  478.00000 1026.99735   115%   759 1485s
  1549  1105  632.15034  182  285  478.00000 1026.99735   115%   759 1491s
  1554  1108  680.60370  185  315  478.00000 1026.99735   115%   759 1495s
  1563  1114  604.83091  189  273  478.00000 1026.99735   115%   759 1500s
  1575  1122  579.11074  195  274  478.00000 1026.99735   115%   759 1505s
  1582  1127  663.17939  199  310  478.00000 1026.99735   115%   759 1510s
  1588  1131  658.99245  202  307  478.00000 1026.99735   115%   759 1515s
  1595  1136  599.27889  205  272  478.00000 1026.99735   115%   759 1520s
  1601  1140  590.46700  208  268  478.00000 1026.99735   115%   759 1525s
  1607  1144  573.92422  211  279  478.00000 1026.99735   115%   758 1530s
  1615  1149  573.48782  215  258  478.00000 1026.99735   115%   758 1535s
  1623  1154  561.99004  219  263  478.00000 1026.99735   115%   758 1541s
  1629  1158  564.78529  222  279  478.00000 1026.99735   115%   757 1545s
  1637  1164  555.30413  226  253  478.00000 1026.99735   115%   757 1550s
  1644  1168  617.40585  230  294  478.00000 1026.99735   115%   756 1555s
  1651  1173  558.94150  233  258  478.00000 1026.99735   115%   756 1561s
  1658  1178  605.06508  237  283  478.00000 1026.99735   115%   755 1565s
  1665  1182  527.42479  240  254  478.00000 1026.99735   115%   755 1578s
  1669  1185  555.61187  242  233  478.00000 1026.99735   115%   754 1581s
  1677  1190  540.95182  246  225  478.00000 1026.99735   115%   754 1585s
  1683  1194  511.03194  249  230  478.00000 1026.99735   115%   754 1590s
  1691  1200  524.00503  253  258  478.00000 1026.99735   115%   753 1595s
  1699  1205  527.79607  257  246  478.00000 1026.99735   115%   752 1600s
  1709  1212  502.92083  262  235  478.00000 1026.99735   115%   751 1605s
  1719  1218  484.57758  267  227  478.00000 1026.99735   115%   750 1610s
  1738  1225  540.70305  277  252  478.00000 1026.99735   115%   747 1615s
  1755  1226     cutoff  285       478.00000 1026.99735   115%   745 1620s
  1767  1226     cutoff  291       478.00000 1026.99735   115%   743 1625s
  1795  1217     cutoff  305       478.00000 1026.99735   115%   734 1630s
  1839  1201  910.50456   14  380  478.00000 1001.58069   110%   720 1635s
  1845  1205  819.70315   17  368  478.00000 1001.58069   110%   721 1641s
  1849  1208  819.11100   19  341  478.00000 1001.58069   110%   721 1645s
  1855  1212  790.46126   22  349  478.00000 1001.58069   110%   721 1650s
  1860  1215  871.46041   25  369  478.00000 1001.58069   110%   722 1655s
  1865  1219  790.69966   27  347  478.00000 1001.58069   110%   722 1660s
  1873  1224  767.28133   31  327  478.00000 1001.58069   110%   722 1665s
  1883  1231  797.86572   36  354  478.00000 1001.58069   110%   723 1670s
  1889  1235  715.19722   39  336  478.00000 1001.58069   110%   724 1675s
  1895  1239  751.16484   42  338  478.00000 1001.58069   110%   724 1708s
  1899  1241  733.92907   44  334  478.00000 1001.58069   110%   724 1711s
  1905  1245  768.05987   47  345  478.00000 1001.58069   110%   724 1715s
  1911  1249  737.23784   50  332  478.00000 1001.58069   110%   725 1720s
  1915  1252  731.30851   52  330  478.00000 1001.58069   110%   725 1725s
  1924  1258  789.16610   57  370  478.00000 1001.58069   110%   725 1730s
  1932  1263  783.58048   61  371  478.00000 1001.58069   110%   725 1735s
  1939  1268  721.27999   64  321  478.00000 1001.58069   110%   725 1740s
  1945  1272  677.24858   67  317  478.00000 1001.58069   110%   726 1745s
  1953  1277  650.79663   71  319  478.00000 1001.58069   110%   726 1750s
  1961  1283  647.29043   75  302  478.00000 1001.58069   110%   726 1755s
  1967  1287  669.27046   78  304  478.00000 1001.58069   110%   726 1760s
  1975  1292  663.20285   82  294  478.00000 1001.58069   110%   726 1765s
  1981  1296  651.96295   85  303  478.00000 1001.58069   110%   726 1770s
  1989  1301  626.83009   89  282  478.00000 1001.58069   110%   726 1775s
  1997  1309  646.85876   93  302  478.00000 1001.58069   110%   726 1781s
  2008  1320  703.85541   99  333  478.00000 1001.58069   110%   726 1785s
  2019  1331  599.08472  104  268  478.00000 1001.58069   110%   726 1790s
  2029  1341  630.62934  109  283  478.00000 1001.58069   110%   726 1795s
  2037  1349  582.15106  113  293  478.00000 1001.58069   110%   726 1800s

Cutting planes:
  Gomory: 5
  MIR: 1

Explored 2038 nodes (1485491 simplex iterations) in 1800.01 seconds (813.04 work units)
Thread count was 1 (of 12 available processors)

Solution count 10: 478 475 471 ... 351

Time limit reached
Best objective 4.780000000000e+02, best bound 1.001000000000e+03, gap 109.4142%
