
Gurobi 12.0.2 (linux64, C++) logging started Thu Jun 19 08:00:21 2025

Set parameter LogFile to value "log/instances/scenario1/not_correlated_sc1/700/kpfs_10.txt.log"

Gurobi 12.0.2 (linux64, C++) logging started Thu Jun 19 08:01:43 2025

Set parameter LogFile to value "log/instances/scenario1/not_correlated_sc1/700/kpfs_10.txt.log"

Gurobi 12.0.2 (linux64, C++) logging started Thu Jun 19 08:02:54 2025

Set parameter LogFile to value "log/instances/scenario1/not_correlated_sc1/700/kpfs_10.txt.log"

Gurobi 12.0.2 (linux64, C++) logging started Thu Jun 19 08:03:58 2025

Set parameter LogFile to value "log/instances/scenario1/not_correlated_sc1/700/kpfs_10.txt.log"

Gurobi 12.0.2 (linux64, C++) logging started Thu Jun 19 22:47:22 2025

Set parameter WLSAccessID
Set parameter WLSSecret
Set parameter LicenseID to value 2679381
Set parameter LogFile to value "log/instances/scenario1/not_correlated_sc1/700/kpfs_10.txt.log"
Academic license 2679381 - for non-commercial use only - registered to be___@poli.ufrj.br
Set parameter TimeLimit to value 1800
Set parameter Threads to value 1
Gurobi Optimizer version 12.0.2 build v12.0.2rc0 (linux64 - "Ubuntu 24.04.1 LTS")

CPU model: 13th Gen Intel(R) Core(TM) i7-1355U, instruction set [SSE2|AVX|AVX2]
Thread count: 6 physical cores, 12 logical processors, using up to 1 threads

Non-default parameters:
TimeLimit  1800
Threads  1

Academic license 2679381 - for non-commercial use only - registered to be___@poli.ufrj.br
Optimize a model with 3502 rows, 4200 columns and 35747 nonzeros
Model fingerprint: 0xdc530a5f
Variable types: 0 continuous, 4200 integer (700 binary)
Coefficient statistics:
  Matrix range     [1e+00, 3e+01]
  Objective range  [1e+00, 3e+01]
  Bounds range     [1e+00, 1e+01]
  RHS range        [1e+00, 1e+03]
Found heuristic solution: objective 150.0000000
Presolve removed 0 rows and 140 columns
Presolve time: 0.21s
Presolved: 3502 rows, 4060 columns, 35467 nonzeros
Variable types: 0 continuous, 4060 integer (819 binary)

Root relaxation: objective 1.086828e+03, 5805 iterations, 4.22 seconds (2.37 work units)

    Nodes    |    Current Node    |     Objective Bounds      |     Work
 Expl Unexpl |  Obj  Depth IntInf | Incumbent    BestBd   Gap | It/Node Time

     0     0 1086.82806    0  452  150.00000 1086.82806   625%     -    4s
H    0     0                     155.0000000 1086.82806   601%     -    4s
H    0     0                     161.0000000 1086.82806   575%     -    4s
H    0     0                     284.0000000 1086.82806   283%     -    4s
H    0     0                     306.0000000 1086.82806   255%     -    4s
H    0     0                     330.0000000 1086.82806   229%     -    4s
H    0     0                     331.0000000 1086.82806   228%     -    4s
H    0     0                     333.0000000 1086.82806   226%     -    4s
H    0     0                     360.0000000 1086.82806   202%     -    5s
H    0     0                     366.0000000 1086.82806   197%     -    5s
H    0     0                     372.0000000 1086.82806   192%     -    5s
H    0     0                     399.0000000 1086.82806   172%     -    9s
     0     0 1086.15408    0  458  399.00000 1086.15408   172%     -   12s
H    0     0                     402.0000000 1086.14906   170%     -   20s
H    0     0                     404.0000000 1086.14906   169%     -   22s
H    0     0                     418.0000000 1086.14906   160%     -   22s
H    0     0                     420.0000000 1086.14906   159%     -   22s
H    0     0                     422.0000000 1086.14906   157%     -   23s
H    0     0                     432.0000000 1086.14906   151%     -   23s
     0     0 1085.95537    0  455  432.00000 1085.95537   151%     -   23s
     0     0 1085.88573    0  459  432.00000 1085.88573   151%     -   23s
     0     0 1085.82104    0  457  432.00000 1085.82104   151%     -   24s
     0     0 1085.79001    0  458  432.00000 1085.79001   151%     -   24s
     0     0 1085.78843    0  459  432.00000 1085.78843   151%     -   24s
     0     0 1085.34188    0  459  432.00000 1085.34188   151%     -   29s
     0     0 1085.33462    0  460  432.00000 1085.33462   151%     -   29s
     0     0 1085.33249    0  461  432.00000 1085.33249   151%     -   38s
     0     0 1085.31881    0  461  432.00000 1085.31881   151%     -   39s
     0     2 1085.31881    0  461  432.00000 1085.31881   151%     -   41s
     3     5 1079.30266    2  447  432.00000 1082.01386   150%  1155   45s
     8    10  996.80005    4  424  432.00000 1070.32553   148%  1294   51s
    12    14 1061.65755    7  429  432.00000 1066.53980   147%  1347   55s
    23    25 1047.01498   17  427  432.00000 1066.53980   147%   983   60s
    31    33  966.39090   23  386  432.00000 1066.53980   147%   960   66s
    38    40  924.42532   28  371  432.00000 1066.53980   147%   928   71s
    42    44  944.38070   30  405  432.00000 1066.53980   147%   995   75s
    58    60  991.02212   45  417  432.00000 1066.53980   147%   825   80s
    74    76  895.96359   58  366  432.00000 1066.53980   147%   785   85s
    97    99  945.28016   80  387  432.00000 1066.53980   147%   664   90s
   117   119  924.09809   99  380  432.00000 1066.53980   147%   598   95s
   128   130  825.69260  107  356  432.00000 1066.53980   147%   613  101s
   136   138  899.56987  113  369  432.00000 1066.53980   147%   614  105s
   149   151  831.19321  122  334  432.00000 1066.53980   147%   627  111s
   158   160  869.47274  129  367  432.00000 1066.53980   147%   624  115s
   166   168  749.15023  134  325  432.00000 1066.53980   147%   641  120s
   175   177  788.38841  139  330  432.00000 1066.53980   147%   657  125s
   183   185  839.20085  145  365  432.00000 1066.53980   147%   651  130s
   191   193  828.46577  152  361  432.00000 1066.53980   147%   638  142s
   195   197  823.49814  154  351  432.00000 1066.53980   147%   643  145s
   208   210  808.42165  165  346  432.00000 1066.53980   147%   638  150s
   227   229  786.80223  182  332  432.00000 1066.53980   147%   610  155s
   240   242  702.59592  192  303  432.00000 1066.53980   147%   602  160s
   255   257  697.56253  204  280  432.00000 1066.53980   147%   589  165s
   285   287  615.45692  229  265  432.00000 1066.53980   147%   565  170s
H  286   286                     433.0000000 1066.53980   146%   563  170s
H  286   286                     435.0000000 1066.53980   145%   563  170s
H  286   286                     439.0000000 1066.53980   143%   563  170s
   290   292  633.46421  232  267  439.00000 1066.53980   143%   566  207s
   307   309  602.06552  247  252  439.00000 1066.53980   143%   551  210s
   321   323  572.06856  257  238  439.00000 1066.53980   143%   548  215s
   354   356  605.18119  286  265  439.00000 1066.53980   143%   519  220s
   390   392  566.14148  319  247  439.00000 1066.53980   143%   491  225s
   414   416  468.44940  339  200  439.00000 1066.53980   143%   478  230s
   456   456  441.42835  374  177  439.00000 1066.53980   143%   456  235s
   494   482  985.51565    6  406  439.00000 1063.67322   142%   434  240s
   520   507  933.97720   27  461  439.00000 1063.67322   142%   425  263s
   522   508  922.87233  102  452  439.00000 1063.67322   142%   423  284s
   523   509  472.02135  354  451  439.00000 1063.67322   142%   422  306s
   530   516  980.36087   11  397  439.00000 1063.67322   142%   434  312s
   532   517  969.62846   12  390  439.00000 1063.67322   142%   437  315s
   536   520  984.56105   14  403  439.00000 1063.67322   142%   444  321s
   540   522  923.62678   16  398  439.00000 1063.67322   142%   456  327s
   542   524  970.67892   17  413  439.00000 1061.92653   142%   459  330s
   546   526  972.58356   19  400  439.00000 1054.83829   140%   468  336s
   548   528  923.12298   20  403  439.00000 1052.39862   140%   472  342s
   551   530 1047.48524   22  427  439.00000 1049.01552   139%   474  345s
   555   532 1042.05004   24  428  439.00000 1043.90237   138%   481  350s
   558   534  950.60147   25  397  439.00000 1039.65650   137%   490  357s
   560   536  938.71597   26  402  439.00000 1037.49860   136%   493  362s
   562   537  924.02627   27  385  439.00000 1035.89403   136%   495  366s
   564   538  944.52591   28  389  439.00000 1033.92463   136%   501  371s
   566   540  929.84381   29  390  439.00000 1031.70019   135%   503  375s
   569   542 1026.54280   31  438  439.00000 1028.27821   134%   505  380s
   572   544  930.06391   32  380  439.00000 1024.59067   133%   513  387s
   574   545  920.75534   33  369  439.00000 1022.06216   133%   515  391s
   577   547 1017.58979   35  426  439.00000 1020.71494   133%   520  396s
   580   549  932.60349   36  395  439.00000 1014.65542   131%   525  402s
   582   550  937.07296   37  378  439.00000 1012.35435   131%   527  406s
   584   552  935.27497   38  401  439.00000 1010.74687   130%   531  411s
   586   553  930.45134   39  383  439.00000 1007.98554   130%   533  415s
   588   554  926.04223   40  400  439.00000 1004.40086   129%   535  420s
   591   556 1000.60258   42  423  439.00000 1002.50437   128%   539  425s
   594   558  910.13052   43  376  439.00000  999.67184   128%   543  433s
   596   560  891.78751   44  385  439.00000  996.71828   127%   546  438s
   598   561  928.57272   45  388  439.00000  996.71828   127%   550  442s
   600   562  895.38312   46  379  439.00000  996.71828   127%   552  446s
   602   564  902.86815   47  373  439.00000  996.71828   127%   557  451s
   604   565  916.53472   48  396  439.00000  996.71828   127%   559  455s
   606   566  915.78769   49  382  439.00000  996.71828   127%   561  460s
   608   568  863.84836   50  377  439.00000  996.71828   127%   563  466s
   610   569  907.22602   51  381  439.00000  996.71828   127%   568  470s
   614   572  870.28651   53  364  439.00000  996.71828   127%   572  475s
   617   574  971.12171   55  416  439.00000  996.71828   127%   575  480s
   620   576  893.99762   56  371  439.00000  996.71828   127%   579  487s
   622   577  834.04893   57  335  439.00000  996.71828   127%   581  491s
   624   578  829.75281   58  346  439.00000  996.71828   127%   586  497s
   626   580  902.54258   59  377  439.00000  996.71828   127%   591  503s
   628   581  868.57932   60  380  439.00000  996.71828   127%   592  507s
   630   582  898.22725   61  403  439.00000  996.71828   127%   596  511s
   632   584  884.09636   62  388  439.00000  996.71828   127%   597  516s
   634   585  849.19152   63  363  439.00000  996.71828   127%   599  521s
   636   586  853.83501   64  366  439.00000  996.71828   127%   604  527s
   638   588  874.13741   65  380  439.00000  996.71828   127%   605  532s
   640   589  883.18176   66  377  439.00000  996.71828   127%   607  537s
   642   590  882.25947   67  369  439.00000  996.71828   127%   610  541s
   644   592  826.77528   68  359  439.00000  996.71828   127%   612  546s
   646   593  853.13203   69  366  439.00000  996.71828   127%   614  550s
   649   595  942.77679   71  423  439.00000  996.71828   127%   617  555s
   652   597  853.97403   72  365  439.00000  996.71828   127%   619  561s
   654   598  832.20193   73  375  439.00000  996.71828   127%   621  567s
   656   600  845.25203   74  371  439.00000  996.71828   127%   625  571s
   659   602  931.05186   76  410  439.00000  996.71828   127%   626  575s
   664   605  841.77222   78  357  439.00000  996.71828   127%   633  581s
   668   608  843.32128   80  344  439.00000  996.71828   127%   635  587s
   670   609  798.38471   81  346  439.00000  996.71828   127%   640  592s
   672   610  806.44947   82  345  439.00000  996.71828   127%   642  597s
   674   612  831.11224   83  372  439.00000  996.71828   127%   643  601s
   677   614  912.68259   85  396  439.00000  996.71828   127%   643  605s
   680   616  826.08367   86  354  439.00000  996.71828   127%   646  612s
   682   617  803.35841   87  353  439.00000  996.71828   127%   651  616s
H  684   590                     444.0000000  996.71828   124%   649  621s
H  684   565                     445.0000000  996.71828   124%   649  621s
   686   569  831.58765   89  348  445.00000  996.71828   124%   653  625s
   688   570  824.89285   90  347  445.00000  996.71828   124%   654  630s
   692   573  802.55725   92  345  445.00000  996.71828   124%   658  637s
   694   574  818.94885   93  339  445.00000  996.71828   124%   659  641s
   696   575  764.96016   94  336  445.00000  996.71828   124%   662  645s
   700   578  814.06694   96  332  445.00000  996.71828   124%   666  650s
   704   581  804.77870   98  342  445.00000  996.71828   124%   670  655s
   707   583  877.50090  100  383  445.00000  996.71828   124%   671  660s
   710   585  802.24834  101  350  445.00000  996.71828   124%   673  667s
   712   586  815.85306  102  361  445.00000  996.71828   124%   674  671s
   714   587  806.43013  103  364  445.00000  996.71828   124%   677  675s
   718   590  814.32645  105  350  445.00000  996.71828   124%   678  680s
   722   593  793.94743  107  318  445.00000  996.71828   124%   680  687s
   724   594  807.47340  108  352  445.00000  996.71828   124%   681  690s
   728   597  759.29020  110  309  445.00000  996.71828   124%   685  697s
   730   598  773.99832  111  328  445.00000  996.71828   124%   686  700s
   734   601  765.66977  113  341  445.00000  996.71828   124%   687  706s
   737   603  849.95156  115  375  445.00000  996.71828   124%   687  710s
   740   605  789.47662  116  332  445.00000  996.71828   124%   691  715s
   744   607  723.74683  118  303  445.00000  996.71828   124%   693  722s
   747   609  841.82101  120  386  445.00000  996.71828   124%   693  725s
   750   611  770.24503  121  345  445.00000  996.71828   124%   695  731s
   752   613  770.18506  122  337  445.00000  996.71828   124%   698  735s
   755   615  835.05205  124  386  445.00000  996.71828   124%   698  740s
   758   617  741.86371  125  321  445.00000  996.71828   124%   700  746s
   761   619  829.92122  127  377  445.00000  996.71828   124%   700  750s
   764   621  738.89402  128  338  445.00000  996.71828   124%   702  756s
   767   623  822.56701  130  378  445.00000  996.71828   124%   704  760s
   771   625  819.82236  132  373  445.00000  996.71828   124%   705  765s
   774   627  732.73123  133  326  445.00000  996.71828   124%   707  770s
   779   631  813.98711  136  369  445.00000  996.71828   124%   708  775s
   782   633  746.81042  137  310  445.00000  996.71828   124%   712  782s
   784   634  729.03103  138  330  445.00000  996.71828   124%   712  785s
   787   636  807.25903  140  362  445.00000  996.71828   124%   714  790s
H  788   612                     446.0000000  996.71828   123%   713  795s
H  788   590                     447.0000000  996.71828   123%   713  795s
H  788   569                     457.0000000  996.71828   118%   713  796s
   790   572  727.38965  141  312  457.00000  996.71828   118%   715  800s
   793   574  804.23822  143  364  457.00000  996.71828   118%   715  805s
H  794   553                     464.0000000  996.71828   115%   714  810s
H  794   534                     471.0000000  996.71828   112%   714  885s
   798   538  726.02651  145  306  471.00000  996.71828   112%   719  890s
   802   541  697.62655  147  321  471.00000  996.71828   112%   721  896s
   804   542  705.60430  148  283  471.00000  996.71828   112%   721  900s
   808   545  710.50475  150  307  471.00000  996.71828   112%   722  907s
   810   546  690.61758  151  316  471.00000  996.71828   112%   723  910s
H  814   529                     472.0000000  996.71828   111%   724  916s
H  814   512                     474.0000000  996.71828   110%   724  917s
   816   515  720.34261  154  321  474.00000  996.71828   110%   726  921s
   819   517  787.54372  156  355  474.00000  996.71828   110%   726  925s
   822   519  704.86008  157  326  474.00000  996.71828   110%   727  930s
   826   522  703.55927  159  298  474.00000  996.71828   110%   728  936s
   830   525  708.51434  161  328  474.00000  996.71828   110%   729  940s
   836   529  699.48362  164  298  474.00000  996.71828   110%   730  945s
   840   531  694.78968  166  292  474.00000  996.71828   110%   730  952s
   843   533  771.70220  168  357  474.00000  996.71828   110%   730  955s
   847   536  766.70379  170  344  474.00000  996.71828   110%   731  960s
   850   538  699.30315  171  310  474.00000  996.71828   110%   732  965s
   854   541  658.44609  173  300  474.00000  996.71828   110%   733  970s
   859   544  760.89126  176  341  474.00000  996.71828   110%   734  975s
   863   547  759.97972  178  341  474.00000  996.71828   110%   734  980s
   866   549  677.15473  179  289  474.00000  996.71828   110%   736  985s
   870   551  645.58645  181  280  474.00000  996.71828   110%   736  990s
   876   555  677.48642  184  290  474.00000  996.71828   110%   737  995s
   880   558  692.08359  186  301  474.00000  996.71828   110%   738 1001s
   884   561  645.22689  188  279  474.00000  996.71828   110%   738 1005s
   888   563  656.47486  190  285  474.00000  996.71828   110%   739 1010s
   892   566  650.30044  192  284  474.00000  996.71828   110%   739 1015s
   900   571  672.54091  196  290  474.00000  996.71828   110%   740 1020s
   907   576  725.87531  200  331  474.00000  996.71828   110%   740 1025s
   912   579  675.27586  202  274  474.00000  996.71828   110%   740 1031s
   916   582  646.65397  204  284  474.00000  996.71828   110%   741 1035s
   923   587  712.52925  208  333  474.00000  996.71828   110%   741 1040s
   928   590  642.63481  210  280  474.00000  996.71828   110%   741 1046s
   932   593  590.07925  212  251  474.00000  996.71828   110%   742 1050s
   936   595  634.08002  214  291  474.00000  996.71828   110%   742 1055s
   940   598  642.82273  216  291  474.00000  996.71828   110%   742 1060s
   944   601  658.37906  218  293  474.00000  996.71828   110%   742 1066s
   948   603  638.49180  220  285  474.00000  996.71828   110%   742 1070s
   952   606  598.79644  222  282  474.00000  996.71828   110%   743 1075s
   956   609  632.21247  224  301  474.00000  996.71828   110%   744 1080s
   962   613  597.32431  227  251  474.00000  996.71828   110%   745 1086s
   966   615  587.21318  229  269  474.00000  996.71828   110%   745 1090s
   971   619  667.90369  232  312  474.00000  996.71828   110%   745 1095s
   974   621  602.88730  233  274  474.00000  996.71828   110%   746 1100s
   979   624  664.14662  236  307  474.00000  996.71828   110%   745 1136s
   982   626  602.72905  237  261  474.00000  996.71828   110%   746 1140s
   987   629  656.86704  240  305  474.00000  996.71828   110%   745 1145s
   992   633  613.74008  242  281  474.00000  996.71828   110%   745 1150s
   998   637  594.40460  245  257  474.00000  996.71828   110%   745 1155s
  1004   641  553.22106  248  261  474.00000  996.71828   110%   745 1161s
  1009   644  633.12972  251  308  474.00000  996.71828   110%   745 1166s
  1014   647  563.02494  253  275  474.00000  996.71828   110%   745 1171s
  1020   651  586.70103  256  264  474.00000  996.71828   110%   745 1175s
  1022   653  532.73220  257  256  474.00000  996.71828   110%   745 1184s
  1024   654  576.17358  258  267  474.00000  996.71828   110%   745 1185s
  1033   660  616.94196  263  290  474.00000  996.71828   110%   744 1190s
  1041   665  608.10640  267  295  474.00000  996.71828   110%   744 1195s
  1048   670  556.56150  270  278  474.00000  996.71828   110%   744 1203s
  1051   672  602.32849  272  291  474.00000  996.71828   110%   744 1205s
  1058   677  548.76420  275  247  474.00000  996.71828   110%   744 1210s
  1066   682  524.10182  279  248  474.00000  996.71828   110%   744 1215s
  1075   688  574.74724  284  289  474.00000  996.71828   110%   743 1220s
  1085   693  568.39450  289  282  474.00000  996.71828   110%   743 1225s
  1099   702  555.44541  296  280  474.00000  996.71828   110%   742 1230s
  1106   707  489.73423  299  233  474.00000  996.71828   110%   742 1235s
  1114   710     cutoff  303       474.00000  996.71828   110%   742 1240s
  1124   713  487.47671  308  248  474.00000  996.71828   110%   740 1245s
  1130   713     cutoff  311       474.00000  996.71828   110%   739 1250s
  1144   712  488.68259  318  231  474.00000  996.71828   110%   736 1255s
  1164   707     cutoff  328       474.00000  996.71828   110%   730 1260s
  1191   699  477.35817  342  250  474.00000  996.71828   110%   717 1265s
  1200   698  861.16303   18  389  474.00000  996.70478   110%   716 1271s
  1204   701  899.37103   20  393  474.00000  996.70478   110%   718 1276s
  1205   702  979.32156   21  419  474.00000  996.70478   110%   718 1289s
  1206   702  877.29906   21  383  474.00000  996.70478   110%   719 1291s
  1210   705  901.34703   23  378  474.00000  996.70478   110%   720 1295s
  1214   708  893.53440   25  393  474.00000  996.70478   110%   721 1300s
  1219   711  952.36089   28  414  474.00000  996.70478   110%   722 1305s
  1224   714  890.93621   30  388  474.00000  996.70478   110%   723 1310s
  1228   717  883.92918   32  384  474.00000  996.70478   110%   724 1315s
  1233   720  927.42578   35  413  474.00000  996.70478   110%   725 1320s
  1240   725  829.89060   38  364  474.00000  996.70478   110%   727 1326s
  1244   728  816.65221   40  367  474.00000  996.70478   110%   729 1330s
  1248   730  815.50256   42  357  474.00000  996.70478   110%   730 1335s
  1253   734  895.35262   45  411  474.00000  996.70478   110%   731 1340s
  1258   737  820.63039   47  343  474.00000  996.70478   110%   733 1345s
  1262   740  791.13935   49  361  474.00000  996.70478   110%   734 1350s
  1267   743  874.77686   52  395  474.00000  996.70478   110%   734 1355s
  1272   746  789.37545   54  341  474.00000  996.70478   110%   736 1361s
  1276   749  734.46153   56  340  474.00000  996.70478   110%   737 1365s
  1280   752  811.38864   58  364  474.00000  996.70478   110%   738 1370s
  1285   755  852.46900   61  393  474.00000  996.70478   110%   738 1375s
  1290   758  773.49062   63  357  474.00000  996.70478   110%   740 1380s
  1295   762  843.78518   66  390  474.00000  996.70478   110%   740 1385s
  1300   765  729.97296   68  324  474.00000  996.70478   110%   741 1390s
  1306   769  747.61283   71  345  474.00000  996.70478   110%   743 1395s
  1310   772  763.43407   73  337  474.00000  996.70478   110%   743 1400s
  1316   776  738.35707   76  341  474.00000  996.70478   110%   745 1405s
  1324   781  743.58451   80  339  474.00000  996.70478   110%   745 1410s
  1334   788  761.78675   85  347  474.00000  996.70478   110%   746 1415s
  1343   794  801.76954   90  378  474.00000  996.70478   110%   748 1420s
  1350   798  717.22512   93  310  474.00000  996.70478   110%   748 1425s
  1356   802  721.98382   96  314  474.00000  996.70478   110%   749 1431s
  1360   805  705.97700   98  331  474.00000  996.70478   110%   750 1435s
  1367   810  777.56275  102  367  474.00000  996.70478   110%   750 1440s
  1374   814  676.97427  105  304  474.00000  996.70478   110%   751 1445s
  1380   818  705.68207  108  323  474.00000  996.70478   110%   751 1450s
  1385   822  763.68443  111  351  474.00000  996.70478   110%   754 1455s
  1392   826  654.92772  114  309  474.00000  996.70478   110%   755 1460s
  1400   832  714.44164  118  334  474.00000  996.70478   110%   755 1465s
  1404   834  673.22573  120  309  474.00000  996.70478   110%   756 1470s
  1412   840  669.39735  124  310  474.00000  996.70478   110%   756 1475s
  1420   845  655.71518  128  299  474.00000  996.70478   110%   756 1480s
  1428   850  658.70162  132  304  474.00000  996.70478   110%   756 1485s
  1434   854  628.38548  135  307  474.00000  996.70478   110%   757 1490s
  1442   860  651.53722  139  311  474.00000  996.70478   110%   757 1495s
  1448   864  642.82177  142  305  474.00000  996.70478   110%   757 1500s
  1455   868  702.17453  146  342  474.00000  996.70478   110%   757 1505s
  1462   873  642.15992  149  310  474.00000  996.70478   110%   758 1510s
  1474   881  623.66312  155  289  474.00000  996.70478   110%   757 1515s
  1488   890  610.97166  162  285  474.00000  996.70478   110%   757 1520s
  1498   899  603.77388  167  301  474.00000  996.70478   110%   757 1525s
  1506   907  614.00385  171  295  474.00000  996.70478   110%   756 1530s
  1514   915  547.97345  175  254  474.00000  996.70478   110%   756 1535s
  1522   923  570.53000  179  277  474.00000  996.70478   110%   756 1540s
  1532   933  573.08642  184  282  474.00000  996.70478   110%   756 1545s
  1538   939  582.62800  187  284  474.00000  996.70478   110%   758 1550s
  1548   949  531.67279  192  272  474.00000  996.70478   110%   758 1555s
  1554   955  526.80998  195  264  474.00000  996.70478   110%   758 1597s
  1559   960  610.25543  198  311  474.00000  996.70478   110%   758 1600s
  1566   967  568.07589  201  267  474.00000  996.70478   110%   758 1605s
  1574   975  535.52707  205  266  474.00000  996.70478   110%   758 1610s
  1584   985  528.03916  210  250  474.00000  996.70478   110%   758 1615s
  1592   993  507.81236  214  249  474.00000  996.70478   110%   757 1620s
  1603  1004  570.07026  220  303  474.00000  996.70478   110%   756 1625s
  1616  1017  498.96006  226  264  474.00000  996.70478   110%   756 1630s
  1624  1023     cutoff  230       474.00000  996.70478   110%   756 1635s
  1632  1030  476.94890  234  231  474.00000  996.70478   110%   755 1640s
  1640  1038  498.87330  238  250  474.00000  996.70478   110%   754 1645s
  1647  1045  538.32972  242  279  474.00000  996.70478   110%   753 1650s
  1662  1051  475.32515  249  220  474.00000  996.70478   110%   752 1655s
  1675  1056  516.48315  256  272  474.00000  996.70478   110%   750 1677s
  1680  1060  483.70976  258  247  474.00000  996.70478   110%   750 1680s
  1697  1061  494.73258  267  260  474.00000  996.70478   110%   745 1685s
  1737  1059  907.58350   16  387  474.00000  989.88469   109%   732 1691s
  1740  1062  895.39873   18  389  474.00000  989.88469   109%   732 1695s
  1745  1067  767.81119   20  340  474.00000  989.88469   109%   733 1701s
  1749  1071  807.00568   22  360  474.00000  989.88469   109%   733 1706s
  1753  1075  832.33118   24  342  474.00000  989.88469   109%   733 1711s
  1757  1079  810.14741   26  351  474.00000  989.88469   109%   733 1715s
  1762  1084  851.73832   29  377  474.00000  989.88469   109%   733 1720s
  1767  1089  759.98007   31  347  474.00000  989.88469   109%   734 1726s
  1771  1093  732.68978   33  330  474.00000  989.88469   109%   734 1731s
  1776  1098  829.08904   36  366  474.00000  989.88469   109%   734 1735s
  1782  1104  818.17642   39  367  474.00000  989.88469   109%   735 1740s
  1787  1109  754.57884   41  337  474.00000  989.88469   109%   735 1746s
  1792  1114  804.12964   44  356  474.00000  989.88469   109%   735 1750s
  1797  1119  701.24621   46  294  474.00000  989.88469   109%   736 1755s
  1803  1125  701.65531   49  315  474.00000  989.88469   109%   736 1761s
  1809  1131  709.00213   52  319  474.00000  989.88469   109%   736 1766s
  1813  1135  701.36692   54  327  474.00000  989.88469   109%   736 1770s
  1821  1143  700.96404   58  330  474.00000  989.88469   109%   736 1775s
  1829  1151  691.64913   62  296  474.00000  989.88469   109%   736 1781s
  1834  1156  758.33146   65  354  474.00000  989.88469   109%   736 1785s
  1839  1161  679.52343   67  300  474.00000  989.88469   109%   736 1790s
  1844  1166  746.36374   70  339  474.00000  989.88469   109%   736 1795s
  1849  1171  682.64236   72  299  474.00000  989.88469   109%   736 1800s

Cutting planes:
  Gomory: 4
  MIR: 3

Explored 1850 nodes (1367515 simplex iterations) in 1800.02 seconds (768.72 work units)
Thread count was 1 (of 12 available processors)

Solution count 10: 474 472 471 ... 439

Time limit reached
Best objective 4.740000000000e+02, best bound 9.890000000000e+02, gap 108.6498%
