
Gurobi 12.0.2 (linux64, C++) logging started Thu Jun 19 08:00:22 2025

Set parameter LogFile to value "log/instances/scenario2/correlated_sc2/800/kpfs_3.txt.log"

Gurobi 12.0.2 (linux64, C++) logging started Thu Jun 19 08:01:44 2025

Set parameter LogFile to value "log/instances/scenario2/correlated_sc2/800/kpfs_3.txt.log"

Gurobi 12.0.2 (linux64, C++) logging started Thu Jun 19 08:02:57 2025

Set parameter LogFile to value "log/instances/scenario2/correlated_sc2/800/kpfs_3.txt.log"

Gurobi 12.0.2 (linux64, C++) logging started Fri Jun 20 05:07:27 2025

Set parameter WLSAccessID
Set parameter WLSSecret
Set parameter LicenseID to value 2679381
Set parameter LogFile to value "log/instances/scenario2/correlated_sc2/800/kpfs_3.txt.log"
Academic license 2679381 - for non-commercial use only - registered to be___@poli.ufrj.br
Set parameter TimeLimit to value 1800
Set parameter Threads to value 1
Gurobi Optimizer version 12.0.2 build v12.0.2rc0 (linux64 - "Ubuntu 24.04.1 LTS")

CPU model: 13th Gen Intel(R) Core(TM) i7-1355U, instruction set [SSE2|AVX|AVX2]
Thread count: 6 physical cores, 12 logical processors, using up to 1 threads

Non-default parameters:
TimeLimit  1800
Threads  1

Academic license 2679381 - for non-commercial use only - registered to be___@poli.ufrj.br
Optimize a model with 2402 rows, 3200 columns and 56694 nonzeros
Model fingerprint: 0xa59bbd21
Variable types: 0 continuous, 3200 integer (800 binary)
Coefficient statistics:
  Matrix range     [1e+00, 3e+01]
  Objective range  [1e+00, 4e+01]
  Bounds range     [1e+00, 4e+01]
  RHS range        [1e+00, 1e+03]
Found heuristic solution: objective 92.0000000
Presolve removed 0 rows and 6 columns
Presolve time: 0.38s
Presolved: 2402 rows, 3194 columns, 56682 nonzeros
Variable types: 0 continuous, 3194 integer (854 binary)

Root simplex log...

Iteration    Objective       Primal Inf.    Dual Inf.      Time
    4562    7.4854949e+02   0.000000e+00   0.000000e+00      5s

Root relaxation: objective 7.485495e+02, 4562 iterations, 4.65 seconds (1.99 work units)

    Nodes    |    Current Node    |     Objective Bounds      |     Work
 Expl Unexpl |  Obj  Depth IntInf | Incumbent    BestBd   Gap | It/Node Time

     0     0  748.54949    0  370   92.00000  748.54949   714%     -    5s
H    0     0                      93.0000000  748.54949   705%     -    5s
H    0     0                      97.0000000  748.54949   672%     -    5s
H    0     0                     100.0000000  748.54949   649%     -    5s
H    0     0                     104.0000000  748.54949   620%     -    5s
H    0     0                     114.0000000  748.54949   557%     -    7s
H    0     0                     133.0000000  748.54949   463%     -    7s
H    0     0                     138.0000000  748.54949   442%     -    7s
H    0     0                     146.0000000  748.54949   413%     -    7s
     0     0  747.76474    0  366  146.00000  747.76474   412%     -   10s
H    0     0                     159.0000000  747.73080   370%     -   11s
H    0     0                     160.0000000  747.73080   367%     -   11s
H    0     0                     171.0000000  747.73080   337%     -   13s
H    0     0                     181.0000000  747.73080   313%     -   13s
H    0     0                     183.0000000  747.73080   309%     -   13s
H    0     0                     189.0000000  747.73080   296%     -   13s
H    0     0                     194.0000000  747.73080   285%     -   13s
H    0     0                     213.0000000  747.73080   251%     -   16s
H    0     0                     223.0000000  747.73080   235%     -   17s
     0     0  747.63823    0  359  223.00000  747.63823   235%     -   18s
     0     0  747.21561    0  370  223.00000  747.21561   235%     -   20s
     0     0  747.20008    0  373  223.00000  747.20008   235%     -   21s
     0     0  747.18785    0  376  223.00000  747.18785   235%     -   21s
     0     0  747.18480    0  376  223.00000  747.18480   235%     -   25s
H    0     0                     246.0000000  747.14531   204%     -   26s
     0     2  747.14531    0  376  246.00000  747.14531   204%     -   26s
     4     6  582.64060    2  302  246.00000  740.73457   201%  1304   30s
    11    13  729.01974    8  364  246.00000  738.24245   200%   834   35s
    26    28  712.84612   23  372  246.00000  738.24245   200%   499   40s
    43    45  697.12431   40  357  246.00000  738.24245   200%   397   45s
    56    58  685.09922   52  349  246.00000  738.24245   200%   411   50s
    62    64  680.07229   58  336  246.00000  738.24245   200%   391   58s
    64    66  490.56889   59  251  246.00000  738.24245   200%   414   60s
    87    89  663.31144   82  323  246.00000  738.24245   200%   354   65s
    95    97  503.35622   88  264  246.00000  738.24245   200%   391   70s
   109   111  641.47519  101  334  246.00000  738.24245   200%   389   75s
   128   130  627.76575  119  341  246.00000  738.24245   200%   375   80s
   147   149  611.09244  138  324  246.00000  738.24245   200%   355   85s
   161   163  596.44625  151  319  246.00000  738.24245   200%   360   90s
   184   186  574.80281  174  308  246.00000  738.24245   200%   340   95s
   208   210  560.05378  198  299  246.00000  738.24245   200%   319  100s
   222   224  550.79758  212  294  246.00000  738.24245   200%   309  118s
   241   243  540.74030  231  291  246.00000  738.24245   200%   294  120s
   282   284  512.24838  272  278  246.00000  738.24245   200%   272  125s
   300   302  500.42771  289  264  246.00000  738.24245   200%   272  130s
   324   326  486.12552  313  265  246.00000  738.24245   200%   267  135s
   362   364  464.31976  351  251  246.00000  738.24245   200%   261  140s
   390   392  450.02742  379  244  246.00000  738.24245   200%   255  145s
   451   453  414.51705  440  206  246.00000  738.24245   200%   242  150s
   473   475  396.29483  462  183  246.00000  738.24245   200%   239  155s
   574   576  263.17687  561  120  246.00000  738.24245   200%   220  160s
   694   678  565.54273    4  271  246.00000  735.42224   199%   202  165s
   696   679  427.98635  415  376  246.00000  735.42224   199%   202  180s
   698   680  721.73080   17  370  246.00000  735.42224   199%   201  191s
   699   681  377.70052  496  366  246.00000  735.42224   199%   201  200s
   706   688  735.42224   14  373  246.00000  735.42224   199%   207  205s
   709   690  567.78127   15  277  246.00000  735.42224   199%   213  210s
   713   692  560.29349   17  288  246.00000  735.42224   199%   219  216s
   716   694  730.54848   19  371  246.00000  732.41158   198%   224  220s
   719   696  596.07825   20  301  246.00000  730.17321   197%   233  225s
   723   699  535.44949   22  272  246.00000  728.62113   196%   238  230s
   727   702  544.83460   24  279  246.00000  726.09847   195%   246  236s
   730   704  722.62146   26  371  246.00000  723.68648   194%   249  240s
   735   707  503.71552   28  261  246.00000  720.19788   193%   258  245s
   739   710  522.75204   30  274  246.00000  717.57081   192%   266  250s
   743   712  532.13391   32  254  246.00000  716.15244   191%   273  256s
   747   715  552.22328   34  272  246.00000  713.81583   190%   278  261s
   751   718  580.49491   36  279  246.00000  711.11124   189%   284  266s
   755   720  506.39741   38  243  246.00000  709.66206   188%   289  270s
   759   723  537.29281   40  270  246.00000  706.07169   187%   295  275s
   763   726  546.97068   42  278  246.00000  703.91356   186%   302  280s
   768   729  699.56525   45  366  246.00000  701.62674   185%   306  285s
   773   732  573.86114   47  271  246.00000  697.57447   184%   315  291s
   775   734  511.80160   48  262  246.00000  696.63763   183%   319  295s
   779   736  557.72806   50  268  246.00000  694.50751   182%   322  300s
   781   738  571.73117   51  290  246.00000  691.89430   181%   325  305s
   785   740  488.71107   53  261  246.00000  690.28608   181%   331  311s
   788   742  688.07544   55  371  246.00000  689.22707   180%   333  315s
   791   744  561.33927   56  267  246.00000  687.06655   179%   339  320s
   795   747  540.76150   58  262  246.00000  686.02338   179%   343  326s
   799   750  546.30401   60  268  246.00000  684.20876   178%   348  331s
   802   752  682.03630   62  363  246.00000  682.57680   177%   350  335s
   805   754  481.23547   63  242  246.00000  681.46784   177%   354  340s
   809   756  533.63243   65  271  246.00000  678.57948   176%   360  346s
   812   758  674.47486   67  360  246.00000  675.25229   174%   362  350s
   817   762  506.27551   69  260  246.00000  672.50025   173%   369  355s
   822   765  670.53531   72  360  246.00000  671.24486   173%   372  360s
   827   768  506.96039   74  275  246.00000  669.45632   172%   379  386s
   830   770  667.67763   76  354  246.00000  669.18032   172%   381  390s
   834   773  666.06616   78  346  246.00000  666.16865   171%   386  395s
   838   776  664.04748   80  350  246.00000  665.12288   170%   389  400s
   842   778  661.94898   82  345  246.00000  662.57756   169%   395  405s
   846   781  660.29553   84  340  246.00000  660.48342   168%   398  411s
   851   784  465.41203   86  242  246.00000  658.73282   168%   405  415s
   856   788  656.75307   89  344  246.00000  657.46888   167%   408  420s
   861   791  481.91725   91  235  246.00000  655.43228   166%   414  426s
   867   795  501.37448   94  236  246.00000  652.53386   165%   418  430s
   872   798  648.48669   97  344  246.00000  649.66945   164%   423  435s
   877   802  437.86129   99  231  246.00000  647.04848   163%   427  440s
   881   804  473.43838  101  247  246.00000  646.19506   163%   431  445s
   886   808  643.40181  104  340  246.00000  644.30537   162%   433  450s
   891   811  551.96156  106  257  246.00000  641.52689   161%   439  456s
   895   814  487.53919  108  259  246.00000  639.18623   160%   442  460s
   900   817  636.12974  111  338  246.00000  636.70399   159%   446  465s
   904   820  633.20041  113  332  246.00000  634.52952   158%   448  470s
   909   823  447.00862  115  240  246.00000  630.59814   156%   453  475s
   915   827  505.59850  118  229  246.00000  629.08639   156%   457  480s
   919   830  521.81540  120  254  246.00000  626.65868   155%   460  485s
   922   832  625.27338  122  328  246.00000  625.53028   154%   461  490s
   926   834  623.49847  124  336  246.00000  624.73052   154%   465  495s
   930   837  621.80130  126  332  246.00000  622.65728   153%   467  500s
   935   840  439.19415  128  233  246.00000  619.81173   152%   471  505s
   939   843  464.74046  130  226  246.00000  618.14766   151%   475  511s
   945   847  493.14642  133  243  246.00000  615.35522   150%   480  515s
   951   851  514.37716  136  270  246.00000  610.60166   148%   483  520s
   957   855  461.21264  139  248  246.00000  609.05654   148%   486  526s
   962   858  607.57324  142  332  246.00000  608.20953   147%   487  530s
   968   862  605.84184  145  332  246.00000  606.46040   147%   493  535s
   974   866  603.94692  148  329  246.00000  604.73229   146%   497  540s
   979   870  434.42715  150  216  246.00000  601.21423   144%   503  547s
   983   872  472.65914  152  248  246.00000  599.01276   144%   508  551s
   987   875  485.59243  154  252  246.00000  595.78142   142%   511  555s
   993   879  437.10742  157  238  246.00000  595.09895   142%   514  560s
   997   882  440.16435  159  242  246.00000  595.09895   142%   517  565s
  1002   885  588.79899  162  336  246.00000  595.09895   142%   519  570s
  1007   888  420.48139  164  231  246.00000  595.09895   142%   524  575s
  1014   893  584.41445  168  334  246.00000  595.09895   142%   527  580s
  1017   895  452.64728  169  219  246.00000  595.09895   142%   529  586s
  1021   898  376.00076  171  203  246.00000  595.09895   142%   532  590s
  1026   901  578.92599  174  337  246.00000  595.09895   142%   534  595s
  1032   905  577.66181  177  336  246.00000  595.09895   142%   536  600s
  1037   908  432.54516  179  213  246.00000  595.09895   142%   539  606s
  1041   911  429.38156  181  203  246.00000  595.09895   142%   540  610s
  1045   914  419.71708  183  226  246.00000  595.09895   142%   542  615s
  1051   918  416.72766  186  223  246.00000  595.09895   142%   546  621s
  1056   921  569.62860  189  331  246.00000  595.09895   142%   547  625s
  1061   924  414.95181  191  242  246.00000  595.09895   142%   550  630s
  1066   928  565.71932  194  322  246.00000  595.09895   142%   551  635s
  1073   932  434.65148  197  218  246.00000  595.09895   142%   554  640s
  1078   936  561.43416  200  308  246.00000  595.09895   142%   555  645s
  1083   939  433.30684  202  235  246.00000  595.09895   142%   558  650s
  1089   943  368.58305  205  214  246.00000  595.09895   142%   559  655s
  1095   947  436.15078  208  207  246.00000  595.09895   142%   562  662s
  1099   950  420.65023  210  232  246.00000  595.09895   142%   563  666s
  1103   952  411.16459  212  215  246.00000  595.09895   142%   564  670s
  1108   956  550.20810  215  302  246.00000  595.09895   142%   565  675s
  1113   959  363.69055  217  207  246.00000  595.09895   142%   567  680s
  1117   962  420.12938  219  219  246.00000  595.09895   142%   568  685s
  1121   964  400.34134  221  211  246.00000  595.09895   142%   570  690s
  1126   968  544.03079  224  299  246.00000  595.09895   142%   570  695s
  1130   970  542.13714  226  295  246.00000  595.09895   142%   571  700s
  1136   974  539.62706  229  292  246.00000  595.09895   142%   573  705s
  1141   978  417.90660  231  220  246.00000  595.09895   142%   575  711s
  1146   981  535.77359  234  286  246.00000  595.09895   142%   575  715s
  1150   984  534.47599  236  284  246.00000  595.09895   142%   577  720s
  1156   988  532.93862  239  288  246.00000  595.09895   142%   578  725s
  1163   992  354.90071  242  188  246.00000  595.09895   142%   580  731s
  1168   996  528.72737  245  288  246.00000  595.09895   142%   581  735s
  1173   999  371.82780  247  197  246.00000  595.09895   142%   582  745s
  1180  1004  525.19161  251  288  246.00000  595.09895   142%   583  750s
  1186  1008  522.34607  254  288  246.00000  595.09895   142%   584  755s
  1192  1012  520.56503  257  285  246.00000  595.09895   142%   586  760s
  1198  1016  517.97137  260  300  246.00000  595.09895   142%   587  765s
  1204  1020  514.26658  263  287  246.00000  595.09895   142%   588  770s
  1210  1024  512.44900  266  287  246.00000  595.09895   142%   589  775s
  1213  1026  353.24856  267  202  246.00000  595.09895   142%   590  780s
  1219  1030  391.13042  270  215  246.00000  595.09895   142%   591  786s
  1225  1034  338.93982  273  180  246.00000  595.09895   142%   592  790s
  1231  1038  368.09353  276  202  246.00000  595.09895   142%   594  795s
  1241  1044  366.42055  281  191  246.00000  595.09895   142%   596  800s
  1251  1051  369.99369  286  189  246.00000  595.09895   142%   598  811s
  1256  1054  493.31558  289  274  246.00000  595.09895   142%   598  815s
  1262  1058  490.45634  292  280  246.00000  595.09895   142%   600  820s
  1268  1062  488.08833  295  268  246.00000  595.09895   142%   600  825s
  1273  1066  322.74679  297  158  246.00000  595.09895   142%   601  832s
  1277  1068  340.81913  299  194  246.00000  595.09895   142%   602  835s
  1285  1074  323.62307  303  188  246.00000  595.09895   142%   603  840s
  1291  1078  305.97551  306  168  246.00000  595.09895   142%   604  845s
  1299  1083  313.80018  310  162  246.00000  595.09895   142%   605  850s
  1307  1088  319.21451  314  178  246.00000  595.09895   142%   606  855s
  1314  1093  470.40960  318  267  246.00000  595.09895   142%   607  860s
  1321  1098  282.92941  321  167  246.00000  595.09895   142%   608  865s
  1325  1100  304.42998  323  162  246.00000  595.09895   142%   609  872s
  1329  1103  284.19839  325  155  246.00000  595.09895   142%   609  889s
  1331  1104  308.11255  326  183  246.00000  595.09895   142%   610  890s
  1337  1108  315.03717  329  167  246.00000  595.09895   142%   610  895s
  1343  1112  325.01476  332  177  246.00000  595.09895   142%   611  900s
  1351  1118  326.03775  336  180  246.00000  595.09895   142%   611  905s
  1358  1122  456.63454  340  256  246.00000  595.09895   142%   612  910s
  1366  1128  454.48096  344  259  246.00000  595.09895   142%   612  915s
  1375  1134  310.29010  348  180  246.00000  595.09895   142%   614  920s
  1385  1140  315.23004  353  171  246.00000  595.09895   142%   614  925s
  1392  1145  444.65515  357  261  246.00000  595.09895   142%   615  930s
  1399  1150  258.90701  360  140  246.00000  595.09895   142%   615  935s
  1407  1153  309.95124  364  174  246.00000  595.09895   142%   617  940s
  1415  1158  271.91841  368  150  246.00000  595.09895   142%   617  945s
  1423  1164  301.27404  372  153  246.00000  595.09895   142%   618  950s
  1431  1169  298.32565  376  161  246.00000  595.09895   142%   618  955s
  1433  1170  311.28335  377  169  246.00000  595.09895   142%   618  960s
  1440  1175  424.31194  381  255  246.00000  595.09895   142%   618  965s
  1448  1180  420.97199  385  245  246.00000  595.09895   142%   619  970s
  1461  1188  254.03061  391  147  246.00000  595.09895   142%   620  975s
  1469  1193  287.76360  395  162  246.00000  595.09895   142%   620  980s
  1484  1200  404.72881  403  249  246.00000  595.09895   142%   620  985s
  1494  1204  400.41212  408  248  246.00000  595.09895   142%   620  990s
  1504  1209  395.65984  413  252  246.00000  595.09895   142%   620  995s
  1515  1215  254.99756  418  139  246.00000  595.09895   142%   621 1000s
  1525  1218     cutoff  423       246.00000  595.09895   142%   621 1005s
  1538  1222  384.87779  430  250  246.00000  595.09895   142%   621 1010s
  1540  1222  384.49041  431  242  246.00000  595.09895   142%   621 1021s
  1548  1223  380.91677  435  238  246.00000  595.09895   142%   621 1025s
  1559  1221  251.53040  440  125  246.00000  595.09895   142%   620 1030s
  1575  1224  267.87861  448  138  246.00000  595.09895   142%   620 1035s
  1601  1222     cutoff  461       246.00000  595.09895   142%   618 1040s
  1617  1222     cutoff  469       246.00000  595.09895   142%   618 1045s
  1638  1219  354.33133  480  214  246.00000  595.09895   142%   615 1050s
  1669  1212     cutoff  495       246.00000  595.09895   142%   612 1055s
  1691  1204     cutoff  506       246.00000  595.09895   142%   609 1060s
  1715  1199     cutoff  518       246.00000  595.09895   142%   605 1065s
  1742  1193  314.36576  532  191  246.00000  595.09895   142%   600 1070s
  1772  1183  304.15341  547  183  246.00000  595.09895   142%   594 1075s
  1817  1167     cutoff  569       246.00000  595.09895   142%   585 1080s
  1932  1130  252.26206  627  143  246.00000  595.09895   142%   557 1085s
  1948  1127  484.46918   19  245  246.00000  594.99738   142%   554 1090s
  1954  1131  392.77101   22  226  246.00000  594.99738   142%   555 1095s
  1962  1136  409.84119   26  196  246.00000  594.99738   142%   556 1100s
  1969  1141  564.43063   30  296  246.00000  594.99738   142%   556 1105s
  1975  1145  559.56066   33  299  246.00000  594.99738   142%   557 1172s
  1978  1147  450.32817   34  213  246.00000  594.99738   142%   557 1175s
  1986  1152  427.86148   38  240  246.00000  594.99738   142%   558 1180s
  1994  1157  361.63956   42  196  246.00000  594.99738   142%   558 1185s
  2002  1163  388.88255   46  198  246.00000  594.99738   142%   559 1190s
  2011  1169  538.75789   51  291  246.00000  594.99738   142%   559 1195s
  2020  1175  408.37229   55  213  246.00000  594.99738   142%   560 1200s
  2029  1181  525.80294   60  287  246.00000  594.99738   142%   561 1205s
  2046  1192  389.34517   68  209  246.00000  594.99738   142%   562 1210s
  2064  1204  383.93198   77  219  246.00000  594.99738   142%   563 1215s
  2076  1212  374.22176   83  199  246.00000  594.99738   142%   563 1220s
  2086  1219  334.98739   88  193  246.00000  594.99738   142%   564 1225s
  2094  1224  329.98986   92  198  246.00000  594.99738   142%   564 1236s
  2102  1229  344.46600   96  189  246.00000  594.99738   142%   564 1240s
  2115  1238  465.66072  103  273  246.00000  594.99738   142%   565 1245s
  2130  1248  318.36499  110  172  246.00000  594.99738   142%   565 1250s
  2146  1259  299.74783  118  167  246.00000  594.99738   142%   566 1255s
  2158  1267  290.76244  124  168  246.00000  594.99738   142%   566 1260s
  2172  1276  334.56401  131  180  246.00000  594.99738   142%   566 1265s
  2189  1287  428.35419  140  242  246.00000  594.99738   142%   566 1274s
  2192  1289  337.86896  141  190  246.00000  594.99738   142%   566 1275s
  2218  1307  310.90529  154  181  246.00000  594.99738   142%   566 1280s
  2234  1317  280.97193  162  151  246.00000  594.99738   142%   567 1285s
  2248  1325  290.53348  169  177  246.00000  594.99738   142%   567 1290s
  2268  1330  258.99982  179  143  246.00000  594.99738   142%   566 1295s
  2288  1332     cutoff  189       246.00000  594.99738   142%   566 1300s
  2308  1342  277.48092  199  165  246.00000  594.99738   142%   565 1305s
  2331  1341  354.20634  211  223  246.00000  594.99738   142%   564 1310s
  2352  1342  258.64022  221  143  246.00000  594.99738   142%   563 1315s
  2379  1339  327.85917  235  210  246.00000  594.99738   142%   561 1320s
  2411  1328  317.16144  251  205  246.00000  594.99738   142%   557 1325s
  2447  1316  307.22788  269  203  246.00000  594.99738   142%   553 1330s
  2498  1298     cutoff  294       246.00000  594.99738   142%   546 1335s
  2619  1259  251.21795  355  153  246.00000  594.99738   142%   525 1340s
  2652  1261  418.01827   25  247  246.00000  594.14833   142%   521 1345s
  2675  1276  278.80442   36  143  246.00000  594.14833   142%   520 1350s
  2700  1291  370.58731   49  226  246.00000  594.14833   142%   519 1355s
  2726  1301  350.94058   62  221  246.00000  594.14833   142%   518 1360s
  2767  1311  260.20136   82  138  246.00000  594.14833   142%   514 1365s
  2880  1312  471.84100   22  238  246.00000  587.35111   139%   500 1370s
  2894  1326  441.88639   29  223  246.00000  587.35111   139%   501 1375s
  2904  1336  436.00380   34  234  246.00000  587.35111   139%   502 1380s
  2912  1344  430.90323   38  220  246.00000  587.35111   139%   503 1385s
  2928  1360  373.06317   46  204  246.00000  587.35111   139%   504 1390s
  2938  1370  389.44615   51  217  246.00000  587.35111   139%   505 1395s
  2950  1382  390.09349   57  230  246.00000  587.35111   139%   505 1400s
  2960  1392  342.27224   62  176  246.00000  587.35111   139%   506 1405s
  2973  1405  507.00927   69  282  246.00000  587.35111   139%   507 1410s
  2986  1418  368.10524   75  224  246.00000  587.35111   139%   508 1415s
  2998  1430  340.15435   81  180  246.00000  587.35111   139%   508 1420s
  3010  1442  347.36647   87  200  246.00000  587.35111   139%   509 1425s
  3024  1456  356.20034   94  206  246.00000  587.35111   139%   510 1430s
  3038  1470  355.83660  101  176  246.00000  587.35111   139%   510 1435s
  3051  1483  467.94303  108  268  246.00000  587.35111   139%   510 1440s
  3066  1498  318.31296  115  176  246.00000  587.35111   139%   511 1445s
  3088  1520  354.14183  126  215  246.00000  587.35111   139%   512 1450s
  3110  1542  294.54136  137  151  246.00000  587.35111   139%   513 1455s
  3112  1544  318.76541  138  189  246.00000  587.35111   139%   513 1473s
  3118  1550  305.39186  141  189  246.00000  587.35111   139%   513 1475s
  3134  1564  289.49794  149  176  246.00000  587.35111   139%   513 1480s
  3150  1580  280.64892  157  150  246.00000  587.35111   139%   513 1485s
  3166  1596  282.57920  165  173  246.00000  587.35111   139%   514 1490s
  3182  1612  277.36272  173  167  246.00000  587.35111   139%   514 1495s
  3200  1626     cutoff  182       246.00000  587.35111   139%   514 1500s
  3218  1637  284.88893  191  167  246.00000  587.35111   139%   514 1505s
  3238  1655  287.66588  201  148  246.00000  587.35111   139%   514 1510s
  3259  1673  374.22255  212  225  246.00000  587.35111   139%   513 1515s
  3293  1694  352.65584  229  201  246.00000  587.35111   139%   513 1520s
  3332  1697     cutoff  248       246.00000  587.35111   139%   510 1525s
  3378  1699     cutoff  271       246.00000  587.35111   139%   507 1530s
  3444  1699     cutoff  304       246.00000  587.35111   139%   501 1535s
  3559  1698  448.86345   21  218  246.00000  586.27839   138%   488 1540s
  3581  1720  314.51633   32  166  246.00000  586.27839   138%   487 1545s
  3613  1750  292.80348   48  160  246.00000  586.27839   138%   486 1550s
  3647  1774  253.56309   65  132  246.00000  586.27839   138%   485 1555s
  3709  1781     cutoff   96       246.00000  586.27839   138%   480 1560s
  3794  1788  407.63380   19  227  246.00000  586.25595   138%   474 1565s
  3808  1802  411.92428   26  227  246.00000  586.25595   138%   474 1570s
  3824  1818  427.02861   34  240  246.00000  586.25595   138%   476 1575s
  3837  1831  534.91931   41  289  246.00000  586.25595   138%   476 1580s
  3846  1840  400.41671   45  214  246.00000  586.25595   138%   477 1597s
  3852  1846  417.97937   48  226  246.00000  586.25595   138%   477 1600s
  3866  1860  341.21281   55  193  246.00000  586.25595   138%   478 1605s
  3878  1872  360.30662   61  196  246.00000  586.25595   138%   479 1610s
  3891  1885  497.88013   68  274  246.00000  586.25595   138%   479 1615s
  3903  1897  489.26195   74  270  246.00000  586.25595   138%   480 1620s
  3918  1912  381.01028   81  220  246.00000  586.25595   138%   481 1625s
  3930  1924  318.97494   87  195  246.00000  586.25595   138%   481 1630s
  3944  1938  304.48787   94  181  246.00000  586.25595   138%   482 1635s
  3960  1954  311.22076  102  155  246.00000  586.25595   138%   482 1640s
  3984  1978  315.17126  114  177  246.00000  586.25595   138%   483 1645s
  4000  1994  332.90767  122  173  246.00000  586.25595   138%   484 1650s
  4014  2008  262.49146  129  176  246.00000  586.25595   138%   484 1655s
  4032  2026  291.61283  138  174  246.00000  586.25595   138%   484 1660s
  4050  2044  271.59261  147  169  246.00000  586.25595   138%   484 1665s
  4069  2062  413.04918  157  232  246.00000  586.25595   138%   485 1670s
  4088  2081  289.90333  166  182  246.00000  586.25595   138%   485 1675s
  4118  2105  275.82276  181  145  246.00000  586.25595   138%   485 1680s
  4141  2120  380.66016  193  219  246.00000  586.25595   138%   485 1685s
  4164  2129     cutoff  204       246.00000  586.25595   138%   485 1690s
  4194  2139     cutoff  219       246.00000  586.25595   138%   484 1695s
  4223  2142  337.26449  234  199  246.00000  586.25595   138%   483 1700s
  4295  2145  309.39171  270  172  246.00000  586.25595   138%   479 1705s
  4386  2144     cutoff  315       246.00000  586.25595   138%   472 1710s
  4492  2168  311.33746   28  187  246.00000  580.48797   136%   465 1715s
  4520  2194  270.49574   42  149  246.00000  580.48797   136%   465 1720s
  4552  2224  251.67897   58  141  246.00000  580.48797   136%   464 1725s
  4592  2232     cutoff   78       246.00000  580.48797   136%   463 1730s
  4634  2234     cutoff   99       246.00000  580.48797   136%   461 1735s
  4729  2235  257.66411  147  178  246.00000  580.48797   136%   454 1740s
  4773  2253  288.85979   48  136  246.00000  580.44790   136%   452 1745s
  4818  2274  320.69522   71  192  246.00000  580.44790   136%   450 1750s
  4938  2289  538.71517   54  284  246.00000  578.56713   135%   442 1755s
  4994  2345  457.44595  110  256  246.00000  578.56713   135%   439 1760s
  5048  2399  401.45068  164  233  246.00000  578.56713   135%   436 1765s
  5127  2478  334.38412  243  208  246.00000  578.56713   135%   431 1770s
  5245  2580  574.79506   27  297  246.00000  578.51295   135%   423 1775s
  5306  2641  479.97717   88  263  246.00000  578.51295   135%   420 1780s
  5369  2704  416.68188  151  247  246.00000  578.51295   135%   416 1785s
  5446  2781  338.33219  228  213  246.00000  578.51295   135%   412 1790s
  5584  2905  447.02207   27  227  246.00000  577.65404   135%   404 1795s
  5713  3024  454.74945   39  230  246.00000  576.07642   134%   396 1800s

Cutting planes:
  Gomory: 5

Explored 5714 nodes (2269325 simplex iterations) in 1800.01 seconds (1046.94 work units)
Thread count was 1 (of 12 available processors)

Solution count 10: 246 223 213 ... 159

Time limit reached
Best objective 2.460000000000e+02, best bound 5.760000000000e+02, gap 134.1463%
