
Gurobi 12.0.2 (linux64, C++) logging started Thu Jun 19 08:00:22 2025

Set parameter LogFile to value "log/instances/scenario2/correlated_sc2/800/kpfs_8.txt.log"

Gurobi 12.0.2 (linux64, C++) logging started Thu Jun 19 08:01:45 2025

Set parameter LogFile to value "log/instances/scenario2/correlated_sc2/800/kpfs_8.txt.log"

Gurobi 12.0.2 (linux64, C++) logging started Thu Jun 19 08:02:57 2025

Set parameter LogFile to value "log/instances/scenario2/correlated_sc2/800/kpfs_8.txt.log"

Gurobi 12.0.2 (linux64, C++) logging started Fri Jun 20 07:37:28 2025

Set parameter WLSAccessID
Set parameter WLSSecret
Set parameter LicenseID to value 2679381
Set parameter LogFile to value "log/instances/scenario2/correlated_sc2/800/kpfs_8.txt.log"
Academic license 2679381 - for non-commercial use only - registered to be___@poli.ufrj.br
Set parameter TimeLimit to value 1800
Set parameter Threads to value 1
Gurobi Optimizer version 12.0.2 build v12.0.2rc0 (linux64 - "Ubuntu 24.04.1 LTS")

CPU model: 13th Gen Intel(R) Core(TM) i7-1355U, instruction set [SSE2|AVX|AVX2]
Thread count: 6 physical cores, 12 logical processors, using up to 1 threads

Non-default parameters:
TimeLimit  1800
Threads  1

Academic license 2679381 - for non-commercial use only - registered to be___@poli.ufrj.br
Optimize a model with 2402 rows, 3200 columns and 54464 nonzeros
Model fingerprint: 0xe30efaac
Variable types: 0 continuous, 3200 integer (800 binary)
Coefficient statistics:
  Matrix range     [1e+00, 3e+01]
  Objective range  [1e+00, 4e+01]
  Bounds range     [1e+00, 4e+01]
  RHS range        [1e+00, 1e+03]
Found heuristic solution: objective 62.0000000
Presolve removed 0 rows and 15 columns
Presolve time: 0.18s
Presolved: 2402 rows, 3185 columns, 54434 nonzeros
Variable types: 0 continuous, 3185 integer (856 binary)

Root relaxation: objective 7.551881e+02, 5056 iterations, 2.46 seconds (2.20 work units)

    Nodes    |    Current Node    |     Objective Bounds      |     Work
 Expl Unexpl |  Obj  Depth IntInf | Incumbent    BestBd   Gap | It/Node Time

     0     0  755.18809    0  359   62.00000  755.18809  1118%     -    2s
H    0     0                      65.0000000  755.18809  1062%     -    2s
H    0     0                      67.0000000  755.18809  1027%     -    2s
H    0     0                     115.0000000  755.18809   557%     -    2s
H    0     0                     122.0000000  755.18809   519%     -    2s
H    0     0                     131.0000000  755.18809   476%     -    2s
H    0     0                     136.0000000  755.18809   455%     -    3s
H    0     0                     142.0000000  755.18809   432%     -    3s
H    0     0                     145.0000000  755.18809   421%     -    3s
H    0     0                     186.0000000  755.18809   306%     -    3s
H    0     0                     203.0000000  755.18809   272%     -    3s
H    0     0                     208.0000000  755.18809   263%     -    5s
H    0     0                     221.0000000  755.18809   242%     -    5s
H    0     0                     237.0000000  755.18809   219%     -    5s
     0     0  754.66572    0  358  237.00000  754.66572   218%     -    7s
     0     0  754.30572    0  358  237.00000  754.30572   218%     -   13s
     0     0  753.82810    0  352  237.00000  753.82810   218%     -   15s
     0     0  753.82382    0  354  237.00000  753.82382   218%     -   15s
     0     0  753.70419    0  351  237.00000  753.70419   218%     -   19s
     0     0  753.69193    0  357  237.00000  753.69193   218%     -   19s
     0     0  753.69073    0  359  237.00000  753.69073   218%     -   19s
     0     0  753.66017    0  357  237.00000  753.66017   218%     -   23s
     0     0  753.62961    0  362  237.00000  753.62961   218%     -   28s
     0     0  753.62813    0  362  237.00000  753.62813   218%     -   28s
     0     2  753.60054    0  362  237.00000  753.60054   218%     -   29s
     2     4  581.38590    1  275  237.00000  751.19174   217%  1330   30s
    33    35  613.42972   30  295  237.00000  748.62343   216%   432   35s
    69    71  693.11730   66  344  237.00000  748.62343   216%   316   40s
   100   102  666.68378   95  314  237.00000  748.62343   216%   322   45s
   126   128  641.90336  119  313  237.00000  748.62343   216%   330   68s
   157   159  620.48894  150  302  237.00000  748.62343   216%   296   70s
   216   218  575.38316  208  277  237.00000  748.62343   216%   285   75s
   285   287  438.13356  276  187  237.00000  748.62343   216%   267   80s
   361   363  495.20010  350  228  237.00000  748.62343   216%   241   85s
   438   440  450.94394  425  203  237.00000  748.62343   216%   220   90s
   481   483  420.75427  466  196  237.00000  748.62343   216%   213   95s
   520   522  399.02407  504  175  237.00000  748.62343   216%   204  100s
   703   699  260.02351  677   95  237.00000  748.62343   216%   175  105s
   735   720  372.20549  543  362  237.00000  746.86282   215%   171  114s
   737   721  289.06358  518  359  237.00000  746.86282   215%   171  121s
   738   722  555.45377  246  357  237.00000  746.86282   215%   171  128s
   744   726  541.33017  275  359  237.00000  746.85709   215%   169  136s
   748   731  632.99072   12  305  237.00000  746.85709   215%   183  140s
   755   735  740.37464   16  373  237.00000  741.03861   213%   192  145s
   762   740  603.72573   19  294  237.00000  733.57907   210%   206  150s
   767   743  730.27528   22  384  237.00000  731.66097   209%   214  155s
   772   747  543.55511   24  278  237.00000  726.75732   207%   224  160s
   778   751  549.59815   27  273  237.00000  722.21158   205%   232  165s
   784   755  561.07879   30  272  237.00000  715.00255   202%   241  170s
   790   759  536.59594   33  287  237.00000  712.84794   201%   251  175s
   800   765  556.35299   38  263  237.00000  708.15095   199%   263  180s
   810   772  518.21611   43  254  237.00000  702.11393   196%   277  185s
   818   777  586.57545   47  287  237.00000  698.12919   195%   286  190s
   826   783  494.66071   51  272  237.00000  693.51124   193%   297  196s
   832   787  545.97393   54  272  237.00000  690.61169   191%   305  200s
   838   791  536.87491   57  275  237.00000  686.85465   190%   312  205s
   845   795  682.97381   61  345  237.00000  683.95258   189%   318  210s
   854   801  441.09519   65  231  237.00000  679.19821   187%   330  215s
   864   808  476.25993   70  243  237.00000  674.48102   185%   340  220s
   866   809  533.26690   71  274  237.00000  673.38830   184%   342  239s
   867   810  672.42771   72  351  237.00000  673.34563   184%   341  240s
   874   815  488.74246   75  233  237.00000  671.17145   183%   350  245s
   885   822  666.19450   81  339  237.00000  666.77382   181%   359  250s
   896   829  460.92097   86  242  237.00000  662.09488   179%   370  255s
   908   837  515.82455   92  257  237.00000  657.15830   177%   384  260s
   918   844  469.22858   97  243  237.00000  654.22409   176%   392  265s
   926   849  469.02668  101  246  237.00000  649.15316   174%   400  270s
   934   855  487.69975  105  254  237.00000  646.14817   173%   405  275s
   942   860  449.57678  109  237  237.00000  644.42244   172%   412  280s
   951   866  640.00741  114  338  237.00000  640.89421   170%   418  285s
   958   871  462.22461  117  238  237.00000  635.18645   168%   424  290s
   964   875  450.60705  120  245  237.00000  632.93031   167%   435  296s
   971   879  627.19107  124  340  237.00000  632.93031   167%   440  300s
   978   884  492.44227  127  255  237.00000  632.93031   167%   447  305s
   985   889  621.34567  131  332  237.00000  632.93031   167%   450  310s
   995   895  618.49010  136  340  237.00000  632.93031   167%   457  315s
  1006   903  520.50588  141  269  237.00000  632.93031   167%   465  320s
  1018   911  475.52769  147  245  237.00000  632.93031   167%   471  325s
  1028   917  416.30164  152  226  237.00000  632.93031   167%   477  330s
  1034   921  448.65884  155  236  237.00000  632.93031   167%   482  336s
  1040   925  460.33521  158  242  237.00000  632.93031   167%   488  340s
  1049   931  597.16255  163  317  237.00000  632.93031   167%   491  345s
  1056   936  474.50193  166  248  237.00000  632.93031   167%   496  350s
  1065   942  591.27214  171  329  237.00000  632.93031   167%   500  355s
  1074   948  398.62175  175  228  237.00000  632.93031   167%   505  360s
  1083   954  585.58743  180  333  237.00000  632.93031   167%   507  365s
  1092   960  439.35426  184  209  237.00000  632.93031   167%   511  370s
  1100   965  442.60610  188  212  237.00000  632.93031   167%   514  375s
  1108   971  463.28539  192  228  237.00000  632.93031   167%   517  380s
  1119   978  571.37177  198  317  237.00000  632.93031   167%   520  385s
  1132   987  442.49373  204  225  237.00000  632.93031   167%   526  390s
  1146   996  453.12397  211  217  237.00000  632.93031   167%   530  395s
  1158  1004  430.09786  217  209  237.00000  632.93031   167%   534  400s
  1168  1011  370.84995  222  202  237.00000  632.93031   167%   537  405s
  1178  1017  423.98038  227  217  237.00000  632.93031   167%   540  410s
  1186  1023  395.89683  231  201  237.00000  632.93031   167%   542  418s
  1189  1025  545.02153  233  309  237.00000  632.93031   167%   542  420s
  1198  1031  369.13001  237  221  237.00000  632.93031   167%   546  425s
  1208  1037  412.43666  242  204  237.00000  632.93031   167%   549  430s
  1218  1044  420.60028  247  225  237.00000  632.93031   167%   552  435s
  1228  1051  445.07220  252  230  237.00000  632.93031   167%   554  440s
  1238  1057  354.83470  257  178  237.00000  632.93031   167%   556  445s
  1250  1065  386.38845  263  199  237.00000  632.93031   167%   559  450s
  1264  1075  419.48933  270  193  237.00000  632.93031   167%   562  462s
  1270  1079  406.48686  273  209  237.00000  632.93031   167%   563  465s
  1281  1086  508.71407  279  273  237.00000  632.93031   167%   564  470s
  1292  1093  403.99169  284  209  237.00000  632.93031   167%   567  475s
  1305  1102  501.49578  291  272  237.00000  632.93031   167%   568  480s
  1317  1110  498.13395  297  281  237.00000  632.93031   167%   570  485s
  1329  1118  495.57781  303  268  237.00000  632.93031   167%   572  490s
  1340  1125  386.23804  308  190  237.00000  632.93031   167%   574  495s
  1356  1136  345.18918  316  192  237.00000  632.93031   167%   576  500s
  1372  1147  337.41738  324  183  237.00000  632.93031   167%   579  505s
  1390  1159  338.28756  333  170  237.00000  632.93031   167%   581  510s
  1408  1171  363.17989  342  185  237.00000  632.93031   167%   583  515s
  1424  1181  335.85927  350  167  237.00000  632.93031   167%   584  520s
  1438  1191  326.55665  357  184  237.00000  632.93031   167%   586  525s
  1454  1201  362.05777  365  181  237.00000  632.93031   167%   587  530s
  1472  1213  350.88023  374  178  237.00000  632.93031   167%   589  535s
  1488  1224  339.41930  382  164  237.00000  632.93031   167%   589  540s
  1504  1235  327.63860  390  175  237.00000  632.93031   167%   590  545s
  1521  1246  425.98374  399  243  237.00000  632.93031   167%   590  550s
  1539  1258  420.77756  408  245  237.00000  632.93031   167%   591  555s
  1563  1274  413.21622  420  247  237.00000  632.93031   167%   592  560s
  1587  1290  401.03859  432  229  237.00000  632.93031   167%   593  565s
  1606  1303  250.42889  441  155  237.00000  632.93031   167%   594  571s
  1612  1307  303.55732  444  162  237.00000  632.93031   167%   594  587s
  1622  1313  296.00666  449  164  237.00000  632.93031   167%   594  590s
  1635  1322  373.79796  456  219  237.00000  632.93031   167%   594  598s
  1646  1324     cutoff  461       237.00000  632.93031   167%   594  600s
  1670  1334  263.50252  473  145  237.00000  632.93031   167%   594  605s
  1714  1344  246.56078  495  133  237.00000  632.93031   167%   592  610s
  1760  1336  240.57551  518  111  237.00000  632.93031   167%   588  615s
  1800  1335     cutoff  538       237.00000  632.93031   167%   583  620s
  1852  1318     cutoff  564       237.00000  632.93031   167%   576  625s
  1923  1295  286.73121  600  150  237.00000  632.93031   167%   563  630s
H 1975  1196                     250.0000000  632.93031   153%   552  647s
H 1975  1153                     252.0000000  632.93031   151%   552  667s
  2019  1144  491.27330   16  232  252.00000  632.73182   151%   544  670s
  2031  1152  423.69613   22  238  252.00000  632.73182   151%   546  675s
  2045  1161  467.50624   29  247  252.00000  632.73182   151%   547  680s
  2058  1170  571.77994   36  320  252.00000  632.73182   151%   549  685s
  2069  1177  414.07487   41  211  252.00000  632.73182   151%   551  696s
  2080  1185  555.92322   47  302  252.00000  632.73182   151%   552  700s
  2096  1195  541.73408   55  302  252.00000  632.73182   151%   553  705s
  2117  1209  370.14395   65  231  252.00000  632.73182   151%   556  710s
  2132  1219  522.74138   73  296  252.00000  632.73182   151%   557  715s
  2145  1228  380.67732   79  212  252.00000  632.73182   151%   558  720s
  2167  1243  390.24961   90  225  252.00000  632.73182   151%   560  725s
  2197  1263  362.96725  105  214  252.00000  632.73182   151%   562  730s
  2215  1275  373.17398  114  227  252.00000  632.73182   151%   563  735s
  2236  1289  475.26448  125  287  252.00000  632.73182   151%   563  740s
  2255  1301  359.05949  134  200  252.00000  632.73182   151%   565  745s
  2275  1315  350.86058  144  206  252.00000  632.73182   151%   565  750s
  2297  1329  314.94633  155  176  252.00000  632.73182   151%   566  755s
  2330  1351  431.17388  172  263  252.00000  632.73182   151%   567  760s
  2365  1375  319.17513  189  184  252.00000  632.73182   151%   568  765s
  2400  1396  396.02625  207  244  252.00000  632.73182   151%   568  770s
  2427  1411  257.49249  220  164  252.00000  632.73182   151%   568  775s
  2456  1420  378.17799  235  236  252.00000  632.73182   151%   567  780s
  2491  1431  277.79915  252  150  252.00000  632.73182   151%   566  785s
  2525  1438  254.19952  269  152  252.00000  632.73182   151%   565  790s
  2577  1425  268.06970  295  164  252.00000  632.73182   151%   560  795s
  2647  1402     cutoff  330       252.00000  632.73182   151%   552  800s
  2802  1381  509.47988   13  254  252.00000  617.97097   145%   528  805s
  2840  1419  345.13846   32  180  252.00000  617.97097   145%   528  810s
  2872  1451  325.57468   48  183  252.00000  617.97097   145%   527  815s
  2924  1501  290.51471   74  153  252.00000  617.97097   145%   526  820s
  2976  1546     cutoff  100       252.00000  617.97097   145%   523  825s
  3033  1564  316.87915  129  180  252.00000  617.97097   145%   518  830s
  3145  1571  458.85349   22  241  252.00000  617.70420   145%   505  835s
  3158  1584  585.01270   29  296  252.00000  617.70420   145%   506  840s
  3173  1599  449.58099   36  262  252.00000  617.70420   145%   508  845s
  3191  1617  434.62651   45  237  252.00000  617.70420   145%   509  850s
  3202  1628  547.49610   51  293  252.00000  617.70420   145%   510  885s
  3219  1645  375.44559   59  217  252.00000  617.70420   145%   511  890s
  3237  1663  398.19880   68  216  252.00000  617.70420   145%   512  895s
  3257  1683  397.78597   78  203  252.00000  617.70420   145%   513  900s
  3279  1705  318.13597   89  195  252.00000  617.70420   145%   514  905s
  3302  1728  485.47543  101  257  252.00000  617.70420   145%   515  910s
  3325  1751  362.57883  112  193  252.00000  617.70420   145%   516  915s
  3348  1774  460.93246  124  249  252.00000  617.70420   145%   516  920s
  3375  1801  308.19114  137  164  252.00000  617.70420   145%   517  925s
  3415  1841  313.45151  157  162  252.00000  617.70420   145%   518  930s
  3455  1881  292.48547  177  162  252.00000  617.70420   145%   519  935s
  3497  1919  269.58801  198  160  252.00000  617.70420   145%   519  940s
  3534  1949  374.77725  217  213  252.00000  617.70420   145%   518  945s
  3575  1978  265.53504  237  163  252.00000  617.70420   145%   517  950s
  3621  1994  254.06554  260  142  252.00000  617.70420   145%   516  955s
  3693  2002     cutoff  296       252.00000  617.70420   145%   511  960s
  3834  2003  261.90997  367  141  252.00000  617.70420   145%   498  965s
  3883  2026  433.22160   32  230  252.00000  615.91085   144%   495  970s
  3924  2066  287.61156   52  157  252.00000  615.91085   144%   495  975s
  3978  2114     cutoff   79       252.00000  615.91085   144%   493  980s
  4126  2135     cutoff  153       252.00000  615.91085   144%   483  985s
  4195  2158  429.87269   26  226  252.00000  615.83009   144%   480  990s
  4222  2185  565.10875   40  285  252.00000  615.83009   144%   482  995s
  4241  2204  416.23672   49  240  252.00000  615.83009   144%   483 1000s
  4263  2226  359.58367   60  200  252.00000  615.83009   144%   484 1005s
  4284  2247  521.35580   71  271  252.00000  615.83009   144%   485 1010s
  4307  2270  361.06704   82  190  252.00000  615.83009   144%   486 1015s
  4331  2294  384.01322   94  215  252.00000  615.83009   144%   487 1020s
  4366  2329  472.74039  112  267  252.00000  615.83009   144%   488 1025s
  4393  2356  340.98837  125  206  252.00000  615.83009   144%   489 1030s
  4417  2380  338.07550  137  189  252.00000  615.83009   144%   490 1035s
  4444  2407  429.04062  151  241  252.00000  615.83009   144%   490 1040s
  4477  2438  270.02600  167  136  252.00000  615.83009   144%   491 1045s
  4508  2467  403.97389  183  225  252.00000  615.83009   144%   491 1050s
  4543  2498  284.40009  200  175  252.00000  615.83009   144%   491 1055s
  4595  2527     cutoff  226       252.00000  615.83009   144%   491 1060s
H 4603  2520                     253.0000000  615.83009   143%   490 1066s
  4603  2522  280.26178  230  136  253.00000  615.83009   143%   490 1070s
  4661  2541     cutoff  259       253.00000  615.83009   143%   489 1075s
  4733  2543     cutoff  295       253.00000  615.83009   143%   485 1080s
  4886  2542  485.76649   14  248  253.00000  607.86731   140%   474 1085s
  4917  2573  449.41980   30  248  253.00000  607.86731   140%   473 1090s
  4956  2612  307.39095   49  176  253.00000  607.86731   140%   473 1095s
  5006  2654  269.58772   74  161  253.00000  607.86731   140%   472 1100s
  5072  2678     cutoff  107       253.00000  607.86731   140%   470 1105s
  5196  2681  484.22577   18  224  253.00000  607.84520   140%   462 1110s
  5210  2695  471.65482   25  248  253.00000  607.84520   140%   463 1115s
  5225  2710  565.81681   33  297  253.00000  607.84520   140%   464 1120s
  5249  2734  546.81691   45  286  253.00000  607.84520   140%   466 1125s
  5274  2759  426.88867   57  214  253.00000  607.84520   140%   467 1130s
  5302  2787  400.06147   71  206  253.00000  607.84520   140%   469 1135s
  5330  2815  367.43010   85  227  253.00000  607.84520   140%   470 1140s
  5350  2835  393.62564   95  199  253.00000  607.84520   140%   471 1145s
  5370  2855  301.92988  105  184  253.00000  607.84520   140%   471 1150s
  5390  2875  360.52812  115  196  253.00000  607.84520   140%   472 1155s
  5412  2897  342.44678  126  194  253.00000  607.84520   140%   473 1160s
  5434  2919  316.16858  137  190  253.00000  607.84520   140%   474 1165s
  5458  2943  328.85445  149  191  253.00000  607.84520   140%   474 1170s
  5480  2965  309.61922  160  192  253.00000  607.84520   140%   475 1175s
  5506  2989  284.20245  173  167  253.00000  607.84520   140%   476 1180s
  5532  3014  315.15919  186  188  253.00000  607.84520   140%   476 1185s
  5560  3034  293.20402  200  181  253.00000  607.84520   140%   477 1190s
  5588  3057  264.44829  214  156  253.00000  607.84520   140%   477 1195s
  5637  3083  359.69963  239  237  253.00000  607.84520   140%   478 1200s
  5704  3094     cutoff  272       253.00000  607.84520   140%   477 1205s
  5771  3095  311.00741  306  198  253.00000  607.84520   140%   474 1210s
  5872  3094     cutoff  356       253.00000  607.84520   140%   469 1215s
  6077  3217  263.29851  140  170  253.00000  606.88748   140%   457 1220s
  6148  3278  504.22270   93  274  253.00000  606.80106   140%   453 1225s
  6273  3403  369.91009  218  233  253.00000  606.80106   140%   447 1230s
  6551  3655  461.38331   31  237  253.00000  603.87718   139%   432 1235s
  6852  3935  574.49199   25  285  253.00000  603.78498   139%   417 1240s
  7025  4108  362.89562  198  234  253.00000  603.78498   139%   410 1245s
  7213  4280  402.05745   52  226  253.00000  603.71974   139%   401 1250s
  7410  4465  360.28031   91  202  253.00000  603.62075   139%   393 1255s
  7592  4621  369.70734   52  223  253.00000  600.93773   138%   386 1260s
  7701  4718     cutoff   49       253.00000  599.93392   137%   383 1265s
  7776  4748  316.01979   87  204  253.00000  599.93392   137%   382 1270s
  7924  4813  362.10940   99  233  253.00000  599.81971   137%   378 1275s
  8115  4982  358.46711   85  192  253.00000  597.71296   136%   371 1280s
  8297  5138  551.38974   45  272  253.00000  596.92385   136%   365 1285s
  8401  5242  425.96638  149  243  253.00000  596.92385   136%   362 1290s
  8619  5446  594.39887   26  310  253.00000  596.83718   136%   355 1295s
  8770  5543  586.15825   30  304  253.00000  595.22626   135%   352 1300s
  9022  5757  449.70736   27  239  253.00000  594.08354   135%   345 1305s
  9338  6050  442.09594   18  234  253.00000  593.42928   135%   336 1310s
  9616  6306  294.90982  141  195  253.00000  592.84053   134%   329 1315s
  9732  6398  362.82187   41  185  253.00000  591.42564   134%   327 1320s
  9776  6442  279.54000   63  117  253.00000  591.42564   134%   328 1325s
  9834  6490     cutoff   92       253.00000  591.42564   134%   328 1330s
  9938  6509     cutoff  144       253.00000  591.42564   134%   327 1335s
 10059  6537  441.19180   37  239  253.00000  590.64608   133%   325 1340s
 10203  6670  270.58867  177  362  253.00000  589.86623   133%   322 1558s
 10205  6671  359.41867   28  359  253.00000  589.86623   133%   322 1564s
 10206  6672  513.42078   71  368  253.00000  589.86623   133%   322 1571s
 10214  6677  344.04815  152  362  253.00000  589.86623   133%   322 1575s
 10218  6680  289.83018   41  365  253.00000  589.86623   133%   321 1582s
 10222  6683  388.22635  176  366  253.00000  589.86623   133%   321 1586s
 10226  6685  307.82194  380  369  253.00000  589.86623   133%   321 1591s
 10230  6688  272.42718  163  381  253.00000  589.86623   133%   321 1596s
 10234  6691  275.57223  255  370  253.00000  589.86623   133%   321 1602s
 10236  6692  300.44511   99  375  253.00000  589.86623   133%   321 1605s
 10240  6695  542.37105   56  374  253.00000  589.86623   133%   321 1612s
 10242  6696  398.92383   17  376  253.00000  589.86623   133%   321 1615s
 10245  6698  384.64444  179  370  253.00000  589.86623   133%   321 1620s
 10248  6700  441.14141   51  375  253.00000  589.86623   133%   321 1627s
 10250  6701  267.94067   31  374  253.00000  589.86623   133%   320 1630s
 10251  6702  348.82485   23  372  253.00000  589.86623   133%   320 1637s
 10252  6703  399.84938   72  371  253.00000  589.86623   133%   320 1640s
 10256  6705  443.77099   37  371  253.00000  589.86623   133%   320 1647s
 10258  6707  364.39087   80  370  253.00000  589.86623   133%   320 1651s
 10262  6709  279.09318   67  374  253.00000  589.86623   133%   320 1656s
 10266  6712  277.93029  139  377  253.00000  589.86623   133%   320 1660s
 10269  6714  356.47168   86  371  253.00000  589.86623   133%   320 1665s
 10272  6716  273.46946  241  373  253.00000  589.86623   133%   320 1671s
 10276  6719  386.12914  191  374  253.00000  589.86623   133%   320 1677s
 10278  6720  386.05131  125  372  253.00000  589.86623   133%   320 1680s
 10282  6723  289.12783  149  372  253.00000  589.86623   133%   319 1687s
 10284  6724  289.85610   40  377  253.00000  589.86623   133%   319 1690s
 10288  6727  262.82151  213  377  253.00000  589.86623   133%   319 1696s
 10292  6729  258.86984  232  372  253.00000  589.86623   133%   319 1702s
 10294  6731  353.63762  101  378  253.00000  589.86623   133%   319 1705s
 10298  6733  274.90880  161  368  253.00000  589.86623   133%   319 1711s
 10302  6736  483.04068   29  370  253.00000  589.86623   133%   319 1715s
 10305  6738  359.41867   28  367  253.00000  589.86623   133%   319 1721s
 10308  6740  314.01943  405  371  253.00000  589.86623   133%   319 1726s
 10312  6743  313.92394   40  377  253.00000  589.86623   133%   319 1730s
 10316  6745  497.52844   82  372  253.00000  589.86623   133%   318 1736s
 10319  6747  477.57324   37  374  253.00000  589.86623   133%   318 1740s
 10322  6749  388.22635  176  372  253.00000  589.86623   133%   318 1746s
 10326  6752  307.82194  380  381  253.00000  589.86623   133%   318 1752s
 10328  6753  413.51485   27  382  253.00000  589.86623   133%   318 1755s
 10332  6756  353.40846   67  380  253.00000  589.86623   133%   318 1761s
 10334  6757  275.57223  255  384  253.00000  589.86623   133%   318 1765s
 10338  6760  458.82692   26  384  253.00000  589.86623   133%   318 1770s
 10339  6761  396.52842   55  384  253.00000  589.86623   133%   318 1793s
 10340  6761  542.37105   56  381  253.00000  589.86623   133%   318 1796s

Cutting planes:
  Gomory: 62

Explored 10340 nodes (3309740 simplex iterations) in 1800.01 seconds (1806.43 work units)
Thread count was 1 (of 12 available processors)

Solution count 10: 253 252 250 ... 142

Time limit reached
Best objective 2.530000000000e+02, best bound 5.890000000000e+02, gap 132.8063%
