
Gurobi 12.0.2 (linux64, C++) logging started Thu Jun 19 08:00:22 2025

Set parameter LogFile to value "log/instances/scenario2/correlated_sc2/800/kpfs_1.txt.log"

Gurobi 12.0.2 (linux64, C++) logging started Thu Jun 19 08:01:44 2025

Set parameter LogFile to value "log/instances/scenario2/correlated_sc2/800/kpfs_1.txt.log"

Gurobi 12.0.2 (linux64, C++) logging started Thu Jun 19 08:02:56 2025

Set parameter LogFile to value "log/instances/scenario2/correlated_sc2/800/kpfs_1.txt.log"

Gurobi 12.0.2 (linux64, C++) logging started Fri Jun 20 03:37:26 2025

Set parameter WLSAccessID
Set parameter WLSSecret
Set parameter LicenseID to value 2679381
Set parameter LogFile to value "log/instances/scenario2/correlated_sc2/800/kpfs_1.txt.log"
Academic license 2679381 - for non-commercial use only - registered to be___@poli.ufrj.br
Set parameter TimeLimit to value 1800
Set parameter Threads to value 1
Gurobi Optimizer version 12.0.2 build v12.0.2rc0 (linux64 - "Ubuntu 24.04.1 LTS")

CPU model: 13th Gen Intel(R) Core(TM) i7-1355U, instruction set [SSE2|AVX|AVX2]
Thread count: 6 physical cores, 12 logical processors, using up to 1 threads

Non-default parameters:
TimeLimit  1800
Threads  1

Academic license 2679381 - for non-commercial use only - registered to be___@poli.ufrj.br
Optimize a model with 2402 rows, 3200 columns and 56148 nonzeros
Model fingerprint: 0xaa0a4cd7
Variable types: 0 continuous, 3200 integer (800 binary)
Coefficient statistics:
  Matrix range     [1e+00, 3e+01]
  Objective range  [1e+00, 4e+01]
  Bounds range     [1e+00, 4e+01]
  RHS range        [1e+00, 1e+03]
Found heuristic solution: objective 42.0000000
Presolve removed 0 rows and 16 columns
Presolve time: 0.30s
Presolved: 2402 rows, 3184 columns, 56116 nonzeros
Variable types: 0 continuous, 3184 integer (849 binary)

Root simplex log...

Iteration    Objective       Primal Inf.    Dual Inf.      Time
    4878    7.2668504e+02   2.022092e-01   0.000000e+00      5s
    4910    7.2667619e+02   0.000000e+00   0.000000e+00      5s

Root relaxation: objective 7.266762e+02, 4910 iterations, 4.78 seconds (2.23 work units)

    Nodes    |    Current Node    |     Objective Bounds      |     Work
 Expl Unexpl |  Obj  Depth IntInf | Incumbent    BestBd   Gap | It/Node Time

     0     0  726.67619    0  380   42.00000  726.67619  1630%     -    5s
H    0     0                      50.0000000  726.67619  1353%     -    5s
H    0     0                      56.0000000  726.67619  1198%     -    5s
H    0     0                      92.0000000  726.67619   690%     -    5s
H    0     0                     108.0000000  726.67619   573%     -    5s
H    0     0                     114.0000000  726.67619   537%     -    5s
H    0     0                     115.0000000  726.67619   532%     -    6s
H    0     0                     130.0000000  726.67619   459%     -    6s
     0     0  726.22856    0  372  130.00000  726.22856   459%     -    9s
H    0     0                     137.0000000  726.22453   430%     -   10s
H    0     0                     140.0000000  726.22453   419%     -   10s
H    0     0                     154.0000000  726.22453   372%     -   10s
H    0     0                     158.0000000  726.22453   360%     -   10s
H    0     0                     182.0000000  726.22453   299%     -   10s
H    0     0                     187.0000000  726.22453   288%     -   13s
H    0     0                     201.0000000  726.22453   261%     -   13s
H    0     0                     210.0000000  726.22453   246%     -   15s
     0     0  726.15722    0  375  210.00000  726.15722   246%     -   16s
     0     0  725.92254    0  370  210.00000  725.92254   246%     -   18s
     0     0  725.78049    0  372  210.00000  725.78049   246%     -   19s
     0     0  725.75398    0  372  210.00000  725.75398   246%     -   19s
     0     0  725.75054    0  372  210.00000  725.75054   246%     -   25s
     0     2  725.72158    0  372  210.00000  725.72158   246%     -   29s
     1     3  724.65805    1  385  210.00000  725.72158   246%   516   30s
     7     9  557.37476    4  277  210.00000  720.47858   243%  1181   36s
    18    20  700.96390   15  374  210.00000  720.47858   243%   638   40s
    41    43  681.18873   38  361  210.00000  720.47858   243%   400   45s
    54    56  670.30572   50  356  210.00000  720.47858   243%   397   50s
    70    72  657.79770   66  353  210.00000  720.47858   243%   359   55s
    86    88  515.72459   81  249  210.00000  720.47858   243%   365   60s
    98   100  636.11414   92  341  210.00000  720.47858   243%   367   65s
   116   118  482.05508  109  211  210.00000  720.47858   243%   367   70s
   130   132  610.66827  122  336  210.00000  720.47858   243%   363   75s
   156   158  591.37009  148  318  210.00000  720.47858   243%   334   80s
   194   196  571.43964  186  302  210.00000  720.47858   243%   298   85s
   222   224  556.65467  213  306  210.00000  720.47858   243%   289   90s
H  234   234                     213.0000000  720.47858   238%   285   92s
H  234   234                     214.0000000  720.47858   237%   285   92s
H  234   234                     216.0000000  720.47858   234%   285   92s
   245   247  544.19672  235  303  216.00000  720.47858   234%   293   95s
H  260   260                     222.0000000  720.47858   225%   289   98s
H  260   260                     225.0000000  720.47858   220%   289   98s
H  260   260                     244.0000000  720.47858   195%   289   98s
   266   268  532.81941  256  295  244.00000  720.47858   195%   287  120s
   280   282  519.30456  269  301  244.00000  720.47858   195%   296  125s
   294   296  388.95496  282  186  244.00000  720.47858   195%   302  130s
   306   308  498.51745  294  289  244.00000  720.47858   195%   302  135s
   333   335  484.42125  320  264  244.00000  720.47858   195%   301  140s
   384   386  452.75715  371  248  244.00000  720.47858   195%   289  145s
   417   419  433.49877  403  226  244.00000  720.47858   195%   285  150s
   458   460  405.48081  443  207  244.00000  720.47858   195%   278  155s
   504   506  369.92712  488  173  244.00000  720.47858   195%   270  160s
   579   577  324.32853  559  149  244.00000  720.47858   195%   259  165s
   662   654  264.21776  639  110  244.00000  720.47858   195%   241  170s
   692   676  337.20712  534  372  244.00000  713.90760   193%   238  188s
   694   677  497.92820  297  380  244.00000  713.90760   193%   238  198s
   695   678  332.29222  545  372  244.00000  713.90760   193%   237  209s
   698   680  686.72745   32  372  244.00000  713.90760   193%   236  210s
   703   685  598.56129   12  309  244.00000  713.90760   193%   247  215s
   706   687  713.90760   14  379  244.00000  713.90760   193%   250  220s
   709   689  549.74327   15  289  244.00000  713.90760   193%   255  225s
   712   691  711.18164   17  392  244.00000  713.12805   192%   261  230s
   715   693  569.96756   18  286  244.00000  710.14973   191%   268  235s
   718   695  706.41100   20  391  244.00000  708.15134   190%   274  240s
   721   697  524.13665   21  261  244.00000  704.75159   189%   279  245s
   725   700  503.89358   23  253  244.00000  700.65496   187%   286  252s
   727   701  507.87070   24  265  244.00000  700.05414   187%   289  255s
   731   704  544.15457   26  280  244.00000  697.28457   186%   296  261s
   733   705  544.50701   27  270  244.00000  696.14758   185%   298  265s
   737   708  534.47022   29  278  244.00000  693.07740   184%   304  271s
   741   711  534.34298   31  284  244.00000  691.29651   183%   311  277s
   744   713  689.51343   33  366  244.00000  690.76261   183%   313  280s
   746   714  688.43773   34  374  244.00000  689.51190   183%   317  285s
   749   716  514.20163   35  270  244.00000  687.99668   182%   322  290s
   753   719  531.79288   37  279  244.00000  684.83875   181%   329  297s
   755   720  504.07124   38  260  244.00000  683.46777   180%   331  301s
   758   722  680.90816   40  365  244.00000  682.57989   180%   333  312s
   760   723  680.08747   41  367  244.00000  680.79405   179%   337  315s
   763   725  531.09631   42  294  244.00000  679.85066   179%   341  322s
   765   727  501.69165   43  256  244.00000  677.62926   178%   345  326s
   768   729  674.21875   45  364  244.00000  675.86303   177%   349  330s
   771   731  505.77861   46  251  244.00000  673.29138   176%   355  336s
   773   732  492.70475   47  241  244.00000  672.70572   176%   357  340s
   777   735  505.74218   49  248  244.00000  671.44117   175%   361  347s
   779   736  486.98404   50  261  244.00000  670.97928   175%   363  351s
   782   738  668.91749   52  375  244.00000  669.17739   174%   367  355s
   785   740  503.99237   53  269  244.00000  667.50879   174%   372  361s
   788   742  665.51775   55  363  244.00000  665.93476   173%   376  365s
   791   744  541.07134   56  287  244.00000  664.68398   172%   379  371s
   795   747  530.58988   58  278  244.00000  662.14975   171%   385  377s
   797   748  499.26031   59  276  244.00000  661.33205   171%   387  381s
   800   750  659.63552   61  357  244.00000  660.21910   171%   388  385s
   803   752  479.67538   62  261  244.00000  658.35635   170%   392  391s
   805   753  487.83260   63  253  244.00000  657.52497   169%   396  395s
   809   756  529.91866   65  276  244.00000  656.05983   169%   400  401s
   811   757  514.48865   66  259  244.00000  655.19329   169%   401  405s
   813   759  485.49700   67  249  244.00000  654.76604   168%   405  433s
   815   760  497.36149   68  267  244.00000  654.25914   168%   406  435s
   819   763  433.73622   70  230  244.00000  652.69325   167%   412  441s
   823   765  452.00772   72  235  244.00000  651.05171   167%   416  446s
   825   767  509.29152   73  275  244.00000  649.81248   166%   417  450s
   829   769  523.74460   75  265  244.00000  646.95353   165%   422  455s
   833   772  510.15462   77  278  244.00000  645.35631   164%   427  460s
   837   775  504.13112   79  256  244.00000  643.59257   164%   430  465s
   841   777  496.30166   81  255  244.00000  641.46043   163%   434  470s
   845   780  458.38562   83  238  244.00000  639.67041   162%   439  475s
   849   783  526.44256   85  284  244.00000  636.78433   161%   444  481s
   852   785  634.67021   87  356  244.00000  634.74685   160%   446  485s
   856   787  631.62801   89  344  244.00000  633.21985   160%   452  490s
   859   789  451.56760   90  224  244.00000  630.75221   159%   455  495s
   863   792  420.84599   92  237  244.00000  629.50319   158%   458  500s
   867   795  452.15703   94  237  244.00000  627.49723   157%   463  506s
   871   797  467.35038   96  236  244.00000  626.15707   157%   465  511s
   874   799  624.86339   98  347  244.00000  625.47737   156%   466  515s
   877   801  490.04753   99  250  244.00000  623.98314   156%   471  521s
   881   804  487.81197  101  261  244.00000  621.99738   155%   474  526s
   885   807  467.17169  103  239  244.00000  620.15894   154%   479  532s
   887   808  471.46299  104  262  244.00000  619.06389   154%   480  535s
   891   811  456.08022  106  243  244.00000  617.19011   153%   483  540s
   895   813  430.12358  108  230  244.00000  615.96046   152%   487  546s
   897   815  431.05082  109  236  244.00000  615.28492   152%   488  550s
   900   817  613.72303  111  354  244.00000  614.65549   152%   491  555s
   903   819  472.63593  112  260  244.00000  613.35748   151%   494  560s
   907   821  492.23083  114  277  244.00000  612.22712   151%   496  566s
   909   823  425.25982  115  231  244.00000  611.19384   150%   499  570s
   913   825  461.76455  117  225  244.00000  607.46297   149%   502  576s
   917   828  483.72078  119  246  244.00000  606.40338   149%   504  581s
   920   830  605.19099  121  348  244.00000  605.76400   148%   505  585s
   923   832  467.43697  122  261  244.00000  604.46152   148%   509  590s
   927   835  455.82216  124  228  244.00000  603.44357   147%   511  596s
   930   837  602.06699  126  345  244.00000  602.52890   147%   512  600s
   933   839  438.06637  127  227  244.00000  601.53618   147%   516  605s
   937   841  462.59401  129  263  244.00000  600.67519   146%   518  611s
   940   843  599.55096  131  331  244.00000  600.67519   146%   521  615s
   945   847  455.86207  133  227  244.00000  600.67519   146%   524  620s
   949   849  447.87499  135  247  244.00000  600.67519   146%   526  626s
   953   852  433.05008  137  243  244.00000  600.67519   146%   530  630s
   959   856  433.12218  140  242  244.00000  600.67519   146%   533  635s
   963   859  432.31620  142  238  244.00000  600.67519   146%   537  640s
   968   862  588.39066  145  339  244.00000  600.67519   146%   538  645s
   973   865  454.33839  147  244  244.00000  600.67519   146%   542  651s
   975   867  429.52501  148  225  244.00000  600.67519   146%   543  655s
   980   870  585.20277  151  333  244.00000  600.67519   146%   544  660s
   984   873  584.16850  153  336  244.00000  600.67519   146%   546  665s
   987   875  446.08577  154  230  244.00000  600.67519   146%   548  671s
   991   877  419.75426  156  227  244.00000  600.67519   146%   551  676s
   995   880  415.68930  158  230  244.00000  600.67519   146%   553  681s
   999   883  440.16538  160  245  244.00000  600.67519   146%   554  686s
  1003   885  463.94860  162  246  244.00000  600.67519   146%   556  690s
  1010   890  576.77180  166  330  244.00000  600.67519   146%   558  695s
  1014   893  572.94757  168  327  244.00000  600.67519   146%   560  700s
  1019   896  482.38677  170  255  244.00000  600.67519   146%   563  706s
  1022   898  567.72025  172  327  244.00000  600.67519   146%   563  710s
  1025   900  374.08661  173  215  244.00000  600.67519   146%   567  715s
  1030   903  566.26254  176  325  244.00000  600.67519   146%   568  720s
  1034   906  565.30350  178  324  244.00000  600.67519   146%   569  725s
  1041   911  391.92093  181  214  244.00000  600.67519   146%   572  730s
  1045   913  427.67372  183  231  244.00000  600.67519   146%   574  735s
  1049   916  423.59438  185  218  244.00000  600.67519   146%   576  741s
  1051   917  434.84078  186  229  244.00000  600.67519   146%   577  745s
  1055   920  367.93507  188  190  244.00000  600.67519   146%   579  751s
  1059   923  379.97551  190  225  244.00000  600.67519   146%   580  756s
  1063   925  398.58397  192  201  244.00000  600.67519   146%   581  760s
  1065   927  390.79139  193  202  244.00000  600.67519   146%   582  765s
  1069   929  408.69148  195  229  244.00000  600.67519   146%   583  771s
  1073   932  370.22642  197  209  244.00000  600.67519   146%   585  776s
  1077   935  342.37612  199  198  244.00000  600.67519   146%   586  781s
  1081   937  357.69638  201  194  244.00000  600.67519   146%   588  785s
  1087   941  424.69885  204  222  244.00000  600.67519   146%   592  794s
  1089   943  396.57260  205  238  244.00000  600.67519   146%   592  796s
  1093   945  422.18954  207  229  244.00000  600.67519   146%   594  800s
  1099   949  350.20459  210  191  244.00000  600.67519   146%   595  805s
  1105   953  390.91561  213  218  244.00000  600.67519   146%   597  810s
  1109   956  403.25033  215  235  244.00000  600.67519   146%   598  815s
  1114   959  540.17067  218  305  244.00000  600.67519   146%   599  820s
  1119   963  438.59608  220  228  244.00000  600.67519   146%   601  825s
  1125   967  400.90447  223  192  244.00000  600.67519   146%   602  830s
  1130   970  534.21377  226  308  244.00000  600.67519   146%   603  835s
  1135   973  416.88008  228  227  244.00000  600.67519   146%   605  840s
  1143   979  412.60575  232  238  244.00000  600.67519   146%   607  851s
  1147   981  339.38303  234  194  244.00000  600.67519   146%   608  855s
  1153   985  390.80982  237  201  244.00000  600.67519   146%   609  860s
  1159   989  376.68536  240  206  244.00000  600.67519   146%   611  866s
  1164   993  523.28312  243  303  244.00000  600.67519   146%   611  870s
  1169   996  364.72863  245  214  244.00000  600.67519   146%   613  875s
  1174   999  519.36132  248  304  244.00000  600.67519   146%   613  880s
  1179  1003  365.21365  250  190  244.00000  600.67519   146%   615  885s
  1184  1006  517.29195  253  298  244.00000  600.67519   146%   616  890s
  1191  1011  378.03354  256  215  244.00000  600.67519   146%   618  895s
  1199  1016  356.73506  260  198  244.00000  600.67519   146%   619  900s
  1205  1020  357.98735  263  206  244.00000  600.67519   146%   620  905s
  1211  1024  424.88748  266  227  244.00000  600.67519   146%   621  910s
  1213  1025  363.20803  267  206  244.00000  600.67519   146%   621  918s
  1215  1027  359.67611  268  200  244.00000  600.67519   146%   622  920s
  1220  1030  508.62046  271  305  244.00000  600.67519   146%   622  925s
  1221  1031  368.84201  271  193  244.00000  600.67519   146%   623  934s
  1223  1032  409.32839  272  212  244.00000  600.67519   146%   623  935s
  1231  1037  298.22474  276  177  244.00000  600.67519   146%   625  940s
  1237  1041  352.36237  279  198  244.00000  600.67519   146%   626  946s
  1242  1045  499.33565  282  299  244.00000  600.67519   146%   626  950s
  1247  1048  346.72247  284  213  244.00000  600.67519   146%   629  955s
  1253  1052  361.39860  287  173  244.00000  600.67519   146%   630  960s
  1259  1056  366.23234  290  197  244.00000  600.67519   146%   631  965s
  1265  1060  309.08976  293  160  244.00000  600.67519   146%   632  970s
  1270  1063  489.99885  296  287  244.00000  600.67519   146%   632  975s
  1275  1067  327.49237  298  180  244.00000  600.67519   146%   633  980s
  1281  1071  313.60632  301  184  244.00000  600.67519   146%   634  985s
  1290  1077  481.79954  306  293  244.00000  600.67519   146%   635  990s
  1296  1081  478.00008  309  297  244.00000  600.67519   146%   636  995s
  1299  1083  368.69387  310  214  244.00000  600.67519   146%   637 1007s
  1303  1085  366.50127  312  197  244.00000  600.67519   146%   637 1010s
  1309  1089  360.65407  315  196  244.00000  600.67519   146%   638 1015s
  1313  1092  339.40320  317  184  244.00000  600.67519   146%   639 1023s
  1315  1093  355.15432  318  185  244.00000  600.67519   146%   639 1025s
  1321  1097  327.34217  321  187  244.00000  600.67519   146%   640 1030s
  1327  1101  338.18457  324  184  244.00000  600.67519   146%   640 1035s
  1333  1105  352.67259  327  202  244.00000  600.67519   146%   641 1040s
  1338  1109  461.13287  330  280  244.00000  600.67519   146%   641 1045s
  1345  1113  339.95742  333  198  244.00000  600.67519   146%   642 1050s
  1353  1119  310.12285  337  200  244.00000  600.67519   146%   643 1055s
  1363  1125  300.60702  342  165  244.00000  600.67519   146%   643 1060s
  1375  1131     cutoff  348       244.00000  600.67519   146%   644 1065s
  1387  1139  309.78454  354  174  244.00000  600.67519   146%   645 1070s
  1394  1144  441.85132  358  262  244.00000  600.67519   146%   646 1075s
  1398  1147  440.12053  360  258  244.00000  600.67519   146%   646 1099s
  1399  1147  331.23072  360  176  244.00000  600.67519   146%   646 1100s
  1405  1151  335.05471  363  192  244.00000  600.67519   146%   647 1105s
  1411  1155  320.60061  366  168  244.00000  600.67519   146%   647 1111s
  1417  1159  306.77297  369  172  244.00000  600.67519   146%   647 1115s
  1425  1165  307.55330  373  165  244.00000  600.67519   146%   648 1120s
  1432  1169  430.79227  377  249  244.00000  600.67519   146%   648 1125s
  1439  1172  334.76523  380  174  244.00000  600.67519   146%   648 1130s
  1447  1177  311.25724  384  183  244.00000  600.67519   146%   648 1135s
  1451  1180  308.28110  386  163  244.00000  600.67519   146%   648 1161s
  1457  1184  300.57158  389  178  244.00000  600.67519   146%   648 1166s
  1463  1188  271.39833  392  161  244.00000  600.67519   146%   648 1170s
  1469  1192  277.64657  395  168  244.00000  600.67519   146%   648 1175s
  1475  1196  263.18977  398  157  244.00000  600.67519   146%   649 1180s
  1483  1201  306.01774  402  171  244.00000  600.67519   146%   649 1185s
  1491  1207  308.39954  406  171  244.00000  600.67519   146%   649 1190s
  1499  1212  270.84875  410  151  244.00000  600.67519   146%   649 1195s
  1508  1218  403.59296  415  238  244.00000  600.67519   146%   648 1200s
  1515  1223  285.22987  418  150  244.00000  600.67519   146%   649 1205s
  1523  1228  286.11901  422  148  244.00000  600.67519   146%   649 1210s
  1537  1237  284.31752  429  143  244.00000  600.67519   146%   648 1215s
  1547  1244  281.95437  434  125  244.00000  600.67519   146%   648 1220s
  1554  1248  388.39038  438  244  244.00000  600.67519   146%   648 1225s
  1565  1249  265.50441  443  158  244.00000  600.67519   146%   647 1230s
  1573  1251  278.63799  447  142  244.00000  600.67519   146%   647 1235s
  1583  1256  302.67132  452  168  244.00000  600.67519   146%   647 1240s
  1595  1259  245.05772  458  145  244.00000  600.67519   146%   646 1245s
  1613  1264  283.34752  467  157  244.00000  600.67519   146%   645 1250s
  1628  1264  365.93283  475  213  244.00000  600.67519   146%   644 1255s
  1640  1263  358.04489  481  209  244.00000  600.67519   146%   643 1260s
  1654  1262  354.99283  488  207  244.00000  600.67519   146%   641 1265s
  1667  1261  248.02141  494  134  244.00000  600.67519   146%   640 1270s
  1684  1259  346.43035  503  196  244.00000  600.67519   146%   637 1275s
  1697  1260  252.58141  509  136  244.00000  600.67519   146%   637 1280s
  1711  1255     cutoff  516       244.00000  600.67519   146%   635 1285s
  1731  1251     cutoff  526       244.00000  600.67519   146%   632 1290s
  1775  1238     cutoff  548       244.00000  600.67519   146%   624 1295s
  1804  1229  304.30888  563  164  244.00000  600.67519   146%   618 1300s
  1841  1216     cutoff  581       244.00000  600.67519   146%   610 1305s
  1875  1205     cutoff  598       244.00000  600.67519   146%   602 1310s
  1952  1180  247.63061  637  129  244.00000  600.67519   146%   582 1315s
  1968  1178  591.93909   17  305  244.00000  600.67052   146%   579 1320s
  1975  1182  421.49577   20  226  244.00000  600.67052   146%   580 1400s
  1987  1190  464.56759   26  249  244.00000  600.67052   146%   582 1405s
  1993  1194  432.76617   29  225  244.00000  600.67052   146%   582 1410s
  2001  1200  383.44012   33  220  244.00000  600.67052   146%   583 1416s
  2007  1204  401.81692   36  196  244.00000  600.67052   146%   584 1420s
  2016  1210  551.49329   41  301  244.00000  600.67052   146%   584 1425s
  2023  1214  419.84701   44  218  244.00000  600.67052   146%   585 1430s
  2031  1220  395.30012   48  216  244.00000  600.67052   146%   586 1435s
  2039  1225  416.67454   52  234  244.00000  600.67052   146%   587 1440s
  2046  1230  530.19658   56  286  244.00000  600.67052   146%   587 1445s
  2054  1235  521.97942   60  288  244.00000  600.67052   146%   588 1450s
  2067  1244  371.57957   66  203  244.00000  600.67052   146%   589 1455s
  2080  1252  507.60286   73  285  244.00000  600.67052   146%   589 1473s
  2082  1254  505.81646   74  285  244.00000  600.67052   146%   589 1475s
  2092  1260  498.51693   79  271  244.00000  600.67052   146%   590 1480s
  2102  1267  488.97467   84  284  244.00000  600.67052   146%   591 1485s
  2113  1274  402.45082   89  236  244.00000  600.67052   146%   592 1490s
  2123  1281  349.21561   94  214  244.00000  600.67052   146%   592 1495s
  2133  1288  329.47980   99  195  244.00000  600.67052   146%   593 1500s
  2143  1294  301.71665  104  180  244.00000  600.67052   146%   594 1505s
  2153  1301  314.69494  109  195  244.00000  600.67052   146%   594 1510s
  2163  1308  288.55837  114  181  244.00000  600.67052   146%   594 1515s
  2176  1316  447.47368  121  265  244.00000  600.67052   146%   594 1520s
  2194  1328  433.02485  130  264  244.00000  600.67052   146%   595 1525s
  2208  1338  428.09992  137  256  244.00000  600.67052   146%   595 1530s
  2221  1344  258.47409  143  151  244.00000  600.67052   146%   595 1535s
  2243  1359  314.58674  154  174  244.00000  600.67052   146%   596 1540s
  2257  1368  274.67336  161  172  244.00000  600.67052   146%   595 1545s
  2271  1378  311.09170  168  174  244.00000  600.67052   146%   595 1550s
  2286  1388  397.07292  176  229  244.00000  600.67052   146%   595 1555s
  2303  1397  274.49840  184  152  244.00000  600.67052   146%   594 1560s
  2317  1406  262.77233  191  154  244.00000  600.67052   146%   594 1565s
  2335  1418  260.71332  200  143  244.00000  600.67052   146%   594 1570s
  2349  1423  247.35228  207  126  244.00000  600.67052   146%   593 1575s
  2367  1432  260.30098  216  148  244.00000  600.67052   146%   593 1580s
  2397  1439  252.04766  231  137  244.00000  600.67052   146%   591 1585s
  2425  1436  248.72518  245  141  244.00000  600.67052   146%   589 1590s
  2450  1436  333.21216  258  214  244.00000  600.67052   146%   587 1595s
  2481  1427     cutoff  273       244.00000  600.67052   146%   583 1600s
  2525  1412     cutoff  295       244.00000  600.67052   146%   578 1605s
  2571  1397     cutoff  318       244.00000  600.67052   146%   571 1610s
  2645  1372     cutoff  355       244.00000  600.67052   146%   559 1615s
  2738  1343  441.99098   16  229  244.00000  598.52185   145%   543 1620s
  2758  1360  414.21657   26  219  244.00000  598.52185   145%   542 1625s
  2781  1382  250.81707   37  128  244.00000  598.52185   145%   541 1630s
  2812  1408  363.94028   53  210  244.00000  598.52185   145%   539 1635s
  2851  1430     cutoff   72       244.00000  598.52185   145%   536 1640s
  2943  1441     cutoff  118       244.00000  598.52185   145%   525 1645s
  2990  1446  434.43855   16  239  244.00000  598.38347   145%   519 1650s
  2996  1452  450.15829   19  240  244.00000  598.38347   145%   520 1655s
  3004  1460  395.35756   23  229  244.00000  598.38347   145%   521 1660s
  3011  1467  559.04965   27  314  244.00000  598.38347   145%   521 1665s
  3018  1474  396.21277   30  231  244.00000  598.38347   145%   522 1670s
  3026  1482  414.39443   34  239  244.00000  598.38347   145%   523 1675s
  3034  1490  420.16265   38  217  244.00000  598.38347   145%   523 1680s
  3042  1498  397.57499   42  228  244.00000  598.38347   145%   524 1685s
  3052  1508  385.86335   47  207  244.00000  598.38347   145%   525 1690s
  3062  1518  401.50440   52  202  244.00000  598.38347   145%   526 1695s
  3072  1528  378.93778   57  198  244.00000  598.38347   145%   526 1700s
  3073  1529  507.73398   58  302  244.00000  598.38347   145%   526 1725s
  3080  1536  330.60371   61  196  244.00000  598.38347   145%   527 1730s
  3092  1548  335.85844   67  203  244.00000  598.38347   145%   528 1735s
  3100  1556  354.01910   71  205  244.00000  598.38347   145%   528 1740s
  3108  1564  375.59450   75  199  244.00000  598.38347   145%   529 1745s
  3118  1574  344.50872   80  188  244.00000  598.38347   145%   530 1750s
  3128  1584  343.10040   85  211  244.00000  598.38347   145%   530 1755s
  3138  1594  337.05132   90  192  244.00000  598.38347   145%   531 1760s
  3152  1608  345.04922   97  190  244.00000  598.38347   145%   532 1765s
  3166  1622  305.52718  104  192  244.00000  598.38347   145%   532 1770s
  3180  1636  333.14135  111  203  244.00000  598.38347   145%   533 1775s
  3194  1650  285.14752  118  173  244.00000  598.38347   145%   533 1780s
  3208  1664  295.45500  125  191  244.00000  598.38347   145%   534 1785s
  3220  1676  330.16419  131  191  244.00000  598.38347   145%   534 1790s
  3232  1688  303.59508  137  175  244.00000  598.38347   145%   534 1795s

Cutting planes:
  Gomory: 5

Explored 3246 nodes (1740652 simplex iterations) in 1800.01 seconds (926.07 work units)
Thread count was 1 (of 12 available processors)

Solution count 10: 244 225 222 ... 182

Time limit reached
Best objective 2.440000000000e+02, best bound 5.980000000000e+02, gap 145.0820%
