
Gurobi 12.0.2 (linux64, C++) logging started Thu Jun 19 08:00:19 2025

Set parameter LogFile to value "log/instances/scenario3/correlated_sc3/300/kpfs_9.txt.log"

Gurobi 12.0.2 (linux64, C++) logging started Thu Jun 19 08:01:42 2025

Set parameter LogFile to value "log/instances/scenario3/correlated_sc3/300/kpfs_9.txt.log"

Gurobi 12.0.2 (linux64, C++) logging started Thu Jun 19 08:02:53 2025

Set parameter LogFile to value "log/instances/scenario3/correlated_sc3/300/kpfs_9.txt.log"

Gurobi 12.0.2 (linux64, C++) logging started Thu Jun 19 08:03:57 2025

Set parameter LogFile to value "log/instances/scenario3/correlated_sc3/300/kpfs_9.txt.log"

Gurobi 12.0.2 (linux64, C++) logging started Thu Jun 19 14:51:36 2025

Set parameter WLSAccessID
Set parameter WLSSecret
Set parameter LicenseID to value 2679381
Set parameter LogFile to value "log/instances/scenario3/correlated_sc3/300/kpfs_9.txt.log"
Academic license 2679381 - for non-commercial use only - registered to be___@poli.ufrj.br
Set parameter TimeLimit to value 1800
Set parameter Threads to value 1
Gurobi Optimizer version 12.0.2 build v12.0.2rc0 (linux64 - "Ubuntu 24.04.1 LTS")

CPU model: 13th Gen Intel(R) Core(TM) i7-1355U, instruction set [SSE2|AVX|AVX2]
Thread count: 6 physical cores, 12 logical processors, using up to 1 threads

Non-default parameters:
TimeLimit  1800
Threads  1

Academic license 2679381 - for non-commercial use only - registered to be___@poli.ufrj.br
Optimize a model with 1502 rows, 1800 columns and 9365 nonzeros
Model fingerprint: 0xf6378b29
Variable types: 0 continuous, 1800 integer (300 binary)
Coefficient statistics:
  Matrix range     [1e+00, 3e+01]
  Objective range  [1e+00, 4e+01]
  Bounds range     [1e+00, 5e+00]
  RHS range        [1e+00, 5e+02]
Found heuristic solution: objective 754.0000000
Presolve removed 1 rows and 65 columns
Presolve time: 0.03s
Presolved: 1501 rows, 1735 columns, 9232 nonzeros
Variable types: 0 continuous, 1735 integer (661 binary)

Root relaxation: objective 1.005811e+03, 586 iterations, 0.06 seconds (0.04 work units)

    Nodes    |    Current Node    |     Objective Bounds      |     Work
 Expl Unexpl |  Obj  Depth IntInf | Incumbent    BestBd   Gap | It/Node Time

     0     0 1005.81095    0  155  754.00000 1005.81095  33.4%     -    0s
H    0     0                     756.0000000 1005.81095  33.0%     -    0s
H    0     0                     867.0000000 1005.81095  16.0%     -    0s
H    0     0                     876.0000000 1005.81095  14.8%     -    0s
H    0     0                     877.0000000 1005.81095  14.7%     -    0s
H    0     0                     880.0000000 1005.81095  14.3%     -    0s
H    0     0                     902.0000000 1005.81095  11.5%     -    0s
     0     0 1002.89839    0  164  902.00000 1002.89839  11.2%     -    0s
H    0     0                     914.0000000 1002.89624  9.73%     -    0s
H    0     0                     918.0000000 1002.89624  9.25%     -    0s
H    0     0                     919.0000000 1002.89624  9.13%     -    0s
     0     0 1002.87232    0  167  919.00000 1002.87232  9.13%     -    0s
     0     0 1001.92352    0  158  919.00000 1001.92352  9.02%     -    1s
     0     0 1001.71181    0  161  919.00000 1001.71181  9.00%     -    1s
     0     0 1001.02928    0  165  919.00000 1001.02928  8.93%     -    1s
     0     0 1000.99159    0  166  919.00000 1000.99159  8.92%     -    1s
     0     0 1000.89517    0  164  919.00000 1000.89517  8.91%     -    1s
     0     0 1000.70068    0  165  919.00000 1000.70068  8.89%     -    1s
     0     0 1000.66565    0  168  919.00000 1000.66565  8.89%     -    1s
     0     0 1000.66565    0  168  919.00000 1000.66565  8.89%     -    1s
     0     0 1000.55302    0  165  919.00000 1000.55302  8.87%     -    1s
     0     0 1000.53963    0  166  919.00000 1000.53963  8.87%     -    1s
     0     0 1000.52824    0  163  919.00000 1000.52824  8.87%     -    1s
     0     0 1000.49444    0  167  919.00000 1000.49444  8.87%     -    1s
     0     0 1000.47998    0  166  919.00000 1000.47998  8.87%     -    1s
     0     0 1000.45103    0  165  919.00000 1000.45103  8.86%     -    1s
H    0     0                     923.0000000 1000.44007  8.39%     -    1s
     0     0 1000.44007    0  164  923.00000 1000.44007  8.39%     -    1s
     0     0 1000.38921    0  165  923.00000 1000.38921  8.38%     -    1s
     0     0 1000.36966    0  168  923.00000 1000.36966  8.38%     -    1s
     0     0 1000.36942    0  167  923.00000 1000.36942  8.38%     -    1s
     0     0 1000.33799    0  169  923.00000 1000.33799  8.38%     -    1s
     0     0 1000.32992    0  168  923.00000 1000.32992  8.38%     -    1s
     0     0 1000.32138    0  166  923.00000 1000.32138  8.38%     -    1s
     0     0 1000.29743    0  168  923.00000 1000.29743  8.37%     -    1s
     0     0 1000.19218    0  167  923.00000 1000.19218  8.36%     -    2s
     0     0 1000.18957    0  169  923.00000 1000.18957  8.36%     -    2s
     0     0 1000.18913    0  168  923.00000 1000.18913  8.36%     -    2s
     0     0 1000.11190    0  166  923.00000 1000.11190  8.35%     -    2s
     0     0 1000.07330    0  167  923.00000 1000.07330  8.35%     -    2s
     0     0 1000.06938    0  171  923.00000 1000.06938  8.35%     -    2s
     0     0  999.96668    0  170  923.00000  999.96668  8.34%     -    2s
     0     0  999.96367    0  172  923.00000  999.96367  8.34%     -    2s
     0     0  999.94522    0  172  923.00000  999.94522  8.34%     -    2s
     0     0  999.94522    0  172  923.00000  999.94522  8.34%     -    2s
H    0     0                     924.0000000  999.94522  8.22%     -    2s
H    0     0                     926.0000000  999.94522  7.99%     -    2s
H    0     0                     927.0000000  999.94522  7.87%     -    2s
H    0     0                     928.0000000  999.94522  7.75%     -    2s
H    0     0                     949.0000000  999.94522  5.37%     -    2s
     0     2  999.81574    0  172  949.00000  999.81574  5.35%     -    2s
H  136   136                     955.0000000  998.64804  4.57%  51.8    3s
H  136   136                     959.0000000  998.64804  4.13%  51.8    3s
   403   362  976.37770   15  145  959.00000  996.93499  3.96%  54.0    5s
   620   526  969.05957   33  127  959.00000  996.38677  3.90%  62.2   10s
H  651   507                     960.0000000  996.38677  3.79%  61.9   10s
H  651   470                     967.0000000  996.38677  3.04%  61.9   10s
H  651   445                     968.0000000  996.38677  2.93%  61.9   10s
H  678   428                     971.0000000  996.38677  2.61%  64.1   11s
H  678   404                     972.0000000  996.38677  2.51%  64.1   11s
   798   421  980.25347   20  150  972.00000  995.45175  2.41%  69.0   16s
  1084   477  979.07206   22  154  972.00000  991.64052  2.02%  70.9   20s
  1359   504  975.52807   20  125  972.00000  989.71403  1.82%  68.4   25s
  1861   525  981.22905   18  144  972.00000  987.17658  1.56%  64.7   30s
  2383   676  974.25150   22  132  972.00000  985.55425  1.39%  62.8   35s
  2819   742  977.31073   20  131  972.00000  984.37007  1.27%  61.4   40s
  3346   805  973.21159   19  134  972.00000  983.02003  1.13%  60.1   45s
  3849   837  974.34344   26  139  972.00000  981.80952  1.01%  59.2   50s
  4540   874  977.05913   25  145  972.00000  980.71344  0.90%  57.8   55s
  4879   843  974.45743   24  128  972.00000  979.84236  0.81%  57.8   60s
  5439   803  973.63821   31  129  972.00000  978.98018  0.72%  56.8   65s
  5907   716  974.14050   18  125  972.00000  978.20063  0.64%  56.0   71s
  6361   614  973.68841   21  147  972.00000  977.40389  0.56%  55.2   75s
  6809   436  973.80432   23  144  972.00000  976.47143  0.46%  54.6   80s
  7351   182  974.20635   21   87  972.00000  975.11906  0.32%  53.3   85s

Cutting planes:
  Gomory: 2
  MIR: 14
  Flow cover: 1
  Zero half: 22
  RLT: 2

Explored 7633 nodes (399166 simplex iterations) in 86.94 seconds (34.02 work units)
Thread count was 1 (of 12 available processors)

Solution count 10: 972 971 968 ... 927

Optimal solution found (tolerance 1.00e-04)
Best objective 9.720000000000e+02, best bound 9.720000000000e+02, gap 0.0000%
