
Gurobi 12.0.2 (linux64, C++) logging started Thu Jun 19 08:00:19 2025

Set parameter LogFile to value "log/instances/scenario3/correlated_sc3/300/kpfs_4.txt.log"

Gurobi 12.0.2 (linux64, C++) logging started Thu Jun 19 08:01:42 2025

Set parameter LogFile to value "log/instances/scenario3/correlated_sc3/300/kpfs_4.txt.log"

Gurobi 12.0.2 (linux64, C++) logging started Thu Jun 19 08:02:53 2025

Set parameter LogFile to value "log/instances/scenario3/correlated_sc3/300/kpfs_4.txt.log"

Gurobi 12.0.2 (linux64, C++) logging started Thu Jun 19 08:03:57 2025

Set parameter LogFile to value "log/instances/scenario3/correlated_sc3/300/kpfs_4.txt.log"

Gurobi 12.0.2 (linux64, C++) logging started Thu Jun 19 14:02:26 2025

Set parameter WLSAccessID
Set parameter WLSSecret
Set parameter LicenseID to value 2679381
Set parameter LogFile to value "log/instances/scenario3/correlated_sc3/300/kpfs_4.txt.log"
Academic license 2679381 - for non-commercial use only - registered to be___@poli.ufrj.br
Set parameter TimeLimit to value 1800
Set parameter Threads to value 1
Gurobi Optimizer version 12.0.2 build v12.0.2rc0 (linux64 - "Ubuntu 24.04.1 LTS")

CPU model: 13th Gen Intel(R) Core(TM) i7-1355U, instruction set [SSE2|AVX|AVX2]
Thread count: 6 physical cores, 12 logical processors, using up to 1 threads

Non-default parameters:
TimeLimit  1800
Threads  1

Academic license 2679381 - for non-commercial use only - registered to be___@poli.ufrj.br
Optimize a model with 1502 rows, 1800 columns and 9180 nonzeros
Model fingerprint: 0x4d11b785
Variable types: 0 continuous, 1800 integer (300 binary)
Coefficient statistics:
  Matrix range     [1e+00, 3e+01]
  Objective range  [1e+00, 4e+01]
  Bounds range     [1e+00, 5e+00]
  RHS range        [1e+00, 5e+02]
Found heuristic solution: objective 775.0000000
Presolve removed 0 rows and 86 columns
Presolve time: 0.05s
Presolved: 1502 rows, 1714 columns, 9008 nonzeros
Variable types: 0 continuous, 1714 integer (705 binary)

Root relaxation: objective 1.022030e+03, 689 iterations, 0.15 seconds (0.04 work units)

    Nodes    |    Current Node    |     Objective Bounds      |     Work
 Expl Unexpl |  Obj  Depth IntInf | Incumbent    BestBd   Gap | It/Node Time

     0     0 1022.03004    0  163  775.00000 1022.03004  31.9%     -    0s
H    0     0                     776.0000000 1022.03004  31.7%     -    0s
H    0     0                     863.0000000 1022.03004  18.4%     -    0s
H    0     0                     873.0000000 1022.03004  17.1%     -    0s
H    0     0                     878.0000000 1022.03004  16.4%     -    0s
H    0     0                     890.0000000 1022.03004  14.8%     -    0s
H    0     0                     891.0000000 1022.03004  14.7%     -    0s
H    0     0                     933.0000000 1022.03004  9.54%     -    0s
H    0     0                     935.0000000 1022.03004  9.31%     -    0s
     0     0 1017.65454    0  169  935.00000 1017.65454  8.84%     -    0s
H    0     0                     937.0000000 1017.62317  8.60%     -    1s
H    0     0                     941.0000000 1017.62317  8.14%     -    1s
H    0     0                     953.0000000 1017.62317  6.78%     -    1s
H    0     0                     966.0000000 1017.62317  5.34%     -    1s
H    0     0                     968.0000000 1017.62317  5.13%     -    1s
H    0     0                     970.0000000 1017.62317  4.91%     -    1s
H    0     0                     971.0000000 1017.62317  4.80%     -    1s
     0     0 1017.61986    0  169  971.00000 1017.61986  4.80%     -    1s
     0     0 1016.36023    0  171  971.00000 1016.36023  4.67%     -    1s
     0     0 1016.32230    0  171  971.00000 1016.32230  4.67%     -    1s
     0     0 1014.76492    0  168  971.00000 1014.76492  4.51%     -    2s
     0     0 1014.45533    0  167  971.00000 1014.45533  4.48%     -    2s
     0     0 1014.43521    0  167  971.00000 1014.43521  4.47%     -    2s
     0     0 1014.43521    0  167  971.00000 1014.43521  4.47%     -    2s
     0     0 1014.35775    0  167  971.00000 1014.35775  4.47%     -    2s
     0     0 1014.35021    0  167  971.00000 1014.35021  4.46%     -    2s
     0     0 1014.34998    0  168  971.00000 1014.34998  4.46%     -    2s
     0     0 1014.14869    0  170  971.00000 1014.14869  4.44%     -    2s
     0     0 1014.04096    0  169  971.00000 1014.04096  4.43%     -    2s
     0     0 1014.04096    0  170  971.00000 1014.04096  4.43%     -    2s
     0     0 1014.04096    0  169  971.00000 1014.04096  4.43%     -    2s
     0     0 1014.03051    0  170  971.00000 1014.03051  4.43%     -    2s
     0     0 1014.00699    0  166  971.00000 1014.00699  4.43%     -    2s
     0     0 1013.92576    0  170  971.00000 1013.92576  4.42%     -    3s
     0     0 1013.91558    0  172  971.00000 1013.91558  4.42%     -    3s
     0     0 1013.76296    0  170  971.00000 1013.76296  4.40%     -    3s
     0     0 1013.74813    0  169  971.00000 1013.74813  4.40%     -    3s
     0     0 1013.74415    0  168  971.00000 1013.74415  4.40%     -    3s
     0     0 1013.74408    0  169  971.00000 1013.74408  4.40%     -    3s
     0     0 1013.73832    0  170  971.00000 1013.73832  4.40%     -    3s
     0     0 1013.70995    0  169  971.00000 1013.70995  4.40%     -    3s
     0     0 1013.70115    0  168  971.00000 1013.70115  4.40%     -    3s
     0     0 1013.69012    0  168  971.00000 1013.69012  4.40%     -    3s
     0     0 1013.65891    0  175  971.00000 1013.65891  4.39%     -    3s
     0     0 1013.65523    0  176  971.00000 1013.65523  4.39%     -    3s
     0     0 1013.60324    0  173  971.00000 1013.60324  4.39%     -    4s
     0     0 1013.59669    0  171  971.00000 1013.59669  4.39%     -    4s
     0     0 1013.56366    0  172  971.00000 1013.56366  4.38%     -    4s
     0     0 1013.55691    0  172  971.00000 1013.55691  4.38%     -    4s
     0     0 1013.55402    0  172  971.00000 1013.55402  4.38%     -    4s
     0     0 1013.55360    0  173  971.00000 1013.55360  4.38%     -    4s
     0     0 1013.28428    0  173  971.00000 1013.28428  4.35%     -    4s
     0     0 1013.24908    0  176  971.00000 1013.24908  4.35%     -    4s
     0     0 1013.18841    0  175  971.00000 1013.18841  4.34%     -    4s
     0     0 1013.17656    0  177  971.00000 1013.17656  4.34%     -    4s
     0     0 1013.12235    0  174  971.00000 1013.12235  4.34%     -    4s
     0     0 1013.11667    0  175  971.00000 1013.11667  4.34%     -    4s
     0     0 1012.91861    0  173  971.00000 1012.91861  4.32%     -    4s
     0     0 1012.90767    0  172  971.00000 1012.90767  4.32%     -    4s
     0     0 1012.90735    0  172  971.00000 1012.90735  4.32%     -    4s
     0     0 1012.68462    0  171  971.00000 1012.68462  4.29%     -    4s
     0     0 1012.27126    0  168  971.00000 1012.27126  4.25%     -    4s
     0     0 1012.26336    0  171  971.00000 1012.26336  4.25%     -    4s
     0     0 1011.93656    0  171  971.00000 1011.93656  4.22%     -    5s
     0     0 1011.91315    0  171  971.00000 1011.91315  4.21%     -    5s
     0     0 1011.91315    0  171  971.00000 1011.91315  4.21%     -    5s
     0     0 1011.90214    0  170  971.00000 1011.90214  4.21%     -    5s
     0     0 1011.90214    0  170  971.00000 1011.90214  4.21%     -    5s
     0     2 1011.79181    0  170  971.00000 1011.79181  4.20%     -    5s
H  125   109                     975.0000000 1010.11047  3.60%  59.0    7s
H  125    86                     979.0000000 1010.11047  3.18%  59.0    7s
H  125    75                     981.0000000 1010.11047  2.97%  59.0    7s
H  125    75                     982.0000000 1010.11047  2.86%  59.0    7s
   376   242 1003.37771    6  149  982.00000 1007.87555  2.63%  61.3   11s
   612   407  995.57048    6  170  982.00000 1006.94073  2.54%  62.7   15s
H  625   395                     983.0000000 1006.94073  2.44%  61.4   20s
   712   428 1006.94073   13  161  983.00000 1006.94073  2.44%  67.1   25s
   886   478 1005.03293   20  160  983.00000 1005.98529  2.34%  72.6   30s
  1098   538  990.85550   21  132  983.00000 1004.01811  2.14%  74.9   35s
  1518   544  997.19078   23  145  983.00000 1000.99048  1.83%  71.6   40s
  1883   537  987.24607   22  123  983.00000  999.52028  1.68%  69.3   45s
  2288   622  993.37740   19  126  983.00000  998.66548  1.59%  67.7   50s
  2584   692  984.78889   27  121  983.00000  997.92942  1.52%  66.5   55s
  3117   788  993.45264   25  140  983.00000  996.46774  1.37%  65.0   60s
  3767   872  988.13418   24  121  983.00000  995.30959  1.25%  63.4   65s
  4245   912  984.25891   26  145  983.00000  994.53014  1.17%  62.6   70s
  4791   935  984.80000   28   98  983.00000  993.57688  1.08%  61.5   75s
  5210   960     cutoff   32       983.00000  993.07755  1.03%  60.6   80s
  5828   977  986.53091   27  129  983.00000  992.49379  0.97%  59.9   85s
  6158   967  989.88084   22  144  983.00000  992.06296  0.92%  59.6   90s
  6863   925  984.64817   24  121  983.00000  991.17419  0.83%  58.9   95s
  7885   817     cutoff   27       983.00000  990.01041  0.71%  58.0  100s
  8891   604  987.36415   29  132  983.00000  988.74573  0.58%  57.1  105s
  9389   441  984.86801   30  134  983.00000  987.85284  0.49%  56.6  110s
  9841   213  984.16144   26  129  983.00000  986.59960  0.37%  56.1  115s

Cutting planes:
  Gomory: 1
  MIR: 26
  Flow cover: 29
  Zero half: 30
  RLT: 8

Explored 10112 nodes (562336 simplex iterations) in 116.84 seconds (43.45 work units)
Thread count was 1 (of 12 available processors)

Solution count 10: 983 982 981 ... 953

Optimal solution found (tolerance 1.00e-04)
Best objective 9.830000000000e+02, best bound 9.830000000000e+02, gap 0.0000%
