
Gurobi 12.0.2 (linux64, C++) logging started Thu Jun 19 08:00:19 2025

Set parameter LogFile to value "log/instances/scenario3/correlated_sc3/300/kpfs_2.txt.log"

Gurobi 12.0.2 (linux64, C++) logging started Thu Jun 19 08:01:42 2025

Set parameter LogFile to value "log/instances/scenario3/correlated_sc3/300/kpfs_2.txt.log"

Gurobi 12.0.2 (linux64, C++) logging started Thu Jun 19 08:02:53 2025

Set parameter LogFile to value "log/instances/scenario3/correlated_sc3/300/kpfs_2.txt.log"

Gurobi 12.0.2 (linux64, C++) logging started Thu Jun 19 08:03:57 2025

Set parameter LogFile to value "log/instances/scenario3/correlated_sc3/300/kpfs_2.txt.log"

Gurobi 12.0.2 (linux64, C++) logging started Thu Jun 19 13:07:44 2025

Set parameter WLSAccessID
Set parameter WLSSecret
Set parameter LicenseID to value 2679381
Set parameter LogFile to value "log/instances/scenario3/correlated_sc3/300/kpfs_2.txt.log"
Academic license 2679381 - for non-commercial use only - registered to be___@poli.ufrj.br
Set parameter TimeLimit to value 1800
Set parameter Threads to value 1
Gurobi Optimizer version 12.0.2 build v12.0.2rc0 (linux64 - "Ubuntu 24.04.1 LTS")

CPU model: 13th Gen Intel(R) Core(TM) i7-1355U, instruction set [SSE2|AVX|AVX2]
Thread count: 6 physical cores, 12 logical processors, using up to 1 threads

Non-default parameters:
TimeLimit  1800
Threads  1

Academic license 2679381 - for non-commercial use only - registered to be___@poli.ufrj.br
Optimize a model with 1502 rows, 1800 columns and 9243 nonzeros
Model fingerprint: 0x2a2843d1
Variable types: 0 continuous, 1800 integer (300 binary)
Coefficient statistics:
  Matrix range     [1e+00, 3e+01]
  Objective range  [1e+00, 4e+01]
  Bounds range     [1e+00, 5e+00]
  RHS range        [1e+00, 5e+02]
Found heuristic solution: objective 785.0000000
Presolve removed 1 rows and 121 columns
Presolve time: 0.07s
Presolved: 1501 rows, 1679 columns, 8998 nonzeros
Variable types: 0 continuous, 1679 integer (671 binary)

Root relaxation: objective 1.038317e+03, 665 iterations, 0.13 seconds (0.04 work units)

    Nodes    |    Current Node    |     Objective Bounds      |     Work
 Expl Unexpl |  Obj  Depth IntInf | Incumbent    BestBd   Gap | It/Node Time

     0     0 1038.31655    0  174  785.00000 1038.31655  32.3%     -    0s
H    0     0                     803.0000000 1038.31655  29.3%     -    0s
H    0     0                     810.0000000 1038.31655  28.2%     -    0s
H    0     0                     848.0000000 1038.31655  22.4%     -    0s
H    0     0                     864.0000000 1038.31655  20.2%     -    0s
H    0     0                     866.0000000 1038.31655  19.9%     -    0s
H    0     0                     867.0000000 1038.31655  19.8%     -    0s
H    0     0                     902.0000000 1038.31655  15.1%     -    0s
H    0     0                     905.0000000 1038.31655  14.7%     -    0s
H    0     0                     912.0000000 1038.31655  13.9%     -    0s
H    0     0                     913.0000000 1038.31655  13.7%     -    0s
     0     0 1035.19946    0  179  913.00000 1035.19946  13.4%     -    0s
H    0     0                     924.0000000 1035.17720  12.0%     -    0s
H    0     0                     932.0000000 1035.17720  11.1%     -    0s
H    0     0                     935.0000000 1035.17720  10.7%     -    0s
H    0     0                     941.0000000 1035.17720  10.0%     -    1s
H    0     0                     942.0000000 1035.17720  9.89%     -    1s
H    0     0                     943.0000000 1035.17720  9.77%     -    1s
     0     0 1035.17720    0  179  943.00000 1035.17720  9.77%     -    1s
     0     0 1034.48653    0  179  943.00000 1034.48653  9.70%     -    1s
     0     0 1034.48430    0  179  943.00000 1034.48430  9.70%     -    1s
     0     0 1033.47157    0  175  943.00000 1033.47157  9.59%     -    1s
     0     0 1033.18558    0  178  943.00000 1033.18558  9.56%     -    1s
     0     0 1033.15806    0  179  943.00000 1033.15806  9.56%     -    1s
     0     0 1033.15548    0  176  943.00000 1033.15548  9.56%     -    1s
     0     0 1032.62046    0  179  943.00000 1032.62046  9.50%     -    1s
     0     0 1032.57823    0  182  943.00000 1032.57823  9.50%     -    1s
     0     0 1032.57823    0  180  943.00000 1032.57823  9.50%     -    2s
     0     0 1032.53157    0  179  943.00000 1032.53157  9.49%     -    2s
     0     0 1032.51996    0  179  943.00000 1032.51996  9.49%     -    2s
     0     0 1032.38347    0  178  943.00000 1032.38347  9.48%     -    2s
     0     0 1032.37868    0  177  943.00000 1032.37868  9.48%     -    2s
     0     0 1032.20558    0  180  943.00000 1032.20558  9.46%     -    2s
     0     0 1032.10372    0  180  943.00000 1032.10372  9.45%     -    2s
     0     0 1032.09184    0  182  943.00000 1032.09184  9.45%     -    2s
     0     0 1031.65161    0  181  943.00000 1031.65161  9.40%     -    2s
     0     0 1031.62649    0  182  943.00000 1031.62649  9.40%     -    2s
     0     0 1031.62212    0  183  943.00000 1031.62212  9.40%     -    2s
     0     0 1031.59472    0  180  943.00000 1031.59472  9.39%     -    2s
     0     0 1031.59146    0  179  943.00000 1031.59146  9.39%     -    2s
     0     0 1031.54531    0  182  943.00000 1031.54531  9.39%     -    2s
     0     0 1031.53405    0  185  943.00000 1031.53405  9.39%     -    2s
     0     0 1031.52937    0  183  943.00000 1031.52937  9.39%     -    2s
     0     0 1031.51864    0  182  943.00000 1031.51864  9.39%     -    3s
     0     2 1031.49365    0  182  943.00000 1031.49365  9.38%     -    3s
   126   128  971.70283   88  112  943.00000 1029.23454  9.14%  76.9    5s
H  273   240                     953.0000000 1029.17098  7.99%  65.7    6s
H  273   235                     955.0000000 1029.17098  7.77%  65.7    6s
H  273   228                     958.0000000 1029.17098  7.43%  65.7    6s
H  273   203                     969.0000000 1029.17098  6.21%  65.7    6s
H  273   203                     970.0000000 1029.17098  6.10%  65.7    7s
H  273   198                     972.0000000 1029.17098  5.88%  65.7    7s
H  274   189                     973.0000000 1029.17098  5.77%  65.6    9s
   274   191  975.63593   43  126  973.00000 1029.17098  5.77%  66.1   11s
   504   377 1016.93882    6  165  973.00000 1028.63327  5.72%  68.1   15s
   551   420  995.16431   31  182  973.00000 1028.63327  5.72%  68.6   20s
   567   433 1014.10666   13  160  973.00000 1027.58135  5.61%  71.6   25s
   767   521 1019.14738   14  173  973.00000 1026.65579  5.51%  77.4   30s
  1008   627 1005.35862   15  154  973.00000 1026.42021  5.49%  83.6   35s
  1071   661 1009.73475   20  148  973.00000 1022.97975  5.14%  85.3   40s
  1553   879 1012.43219   19  159  973.00000 1019.11963  4.74%  84.2   45s
H 1597   861                     974.0000000 1019.11963  4.63%  83.6   45s
H 1597   810                     975.0000000 1019.11963  4.53%  83.6   45s
H 1842   925                     976.0000000 1018.01777  4.31%  81.9   46s
  2110  1090 1016.51972   20  170  976.00000 1017.20504  4.22%  80.1   50s
H 2379  1259                     977.0000000 1016.80102  4.07%  79.3   54s
H 2379  1178                     979.0000000 1016.80102  3.86%  79.3   54s
  2437  1204 1002.98769   23  161  979.00000 1016.70884  3.85%  79.1   55s
  2713  1386  994.75285   23  146  979.00000 1015.93351  3.77%  77.7   60s
  3051  1596  987.14693   25  142  979.00000 1014.92758  3.67%  77.6   65s
  3370  1779  980.10356   29  137  979.00000 1013.93422  3.57%  76.3   70s
  3712  1982  986.49516   36  138  979.00000 1013.22346  3.50%  75.5   75s
  4061  2194  993.94416   21  151  979.00000 1012.71212  3.44%  75.1   80s
  4446  2409 1007.14020   24  163  979.00000 1011.89633  3.36%  74.6   85s
  4754  2581  982.76388   32  144  979.00000 1011.64019  3.33%  74.1   90s
H 4924  2610                     980.0000000 1011.38439  3.20%  74.0   93s
  4924  2612  982.03038   30  105  980.00000 1011.38439  3.20%  74.0   95s
  5051  2688  994.82820   25  147  980.00000 1011.20931  3.18%  73.7  100s
  5377  2850 1002.67136   22  136  980.00000 1010.69908  3.13%  72.9  105s
  5694  3017 1004.34998   20  155  980.00000 1010.50957  3.11%  72.6  110s
  5977  3181  989.36773   35  142  980.00000 1010.19712  3.08%  72.4  115s
  6160  3272  993.20921   26  146  980.00000 1009.87280  3.05%  72.2  120s
  6518  3469  985.01072   28  138  980.00000 1009.63676  3.02%  72.0  125s
* 6919  3498              41     982.0000000 1009.22458  2.77%  71.4  129s
  6972  3517 1006.17219   20  156  982.00000 1009.15806  2.77%  71.5  130s
  7352  3721  984.29046   29  139  982.00000 1008.86396  2.74%  71.3  135s
  7811  3931  983.75086   35  136  982.00000 1008.55601  2.70%  71.0  140s
  8108  4079  983.64643   33  110  982.00000 1008.30180  2.68%  70.7  145s
  8418  4223  999.58333   23  143  982.00000 1007.90624  2.64%  70.5  150s
  8696  4358  986.13393   32  124  982.00000 1007.80274  2.63%  70.6  155s
  8912  4465  993.16984   20  149  982.00000 1007.68623  2.62%  70.4  160s
  9219  4591  997.12974   27  156  982.00000 1007.34286  2.58%  70.4  165s
  9531  4741  986.69619   22  141  982.00000 1007.13647  2.56%  70.3  170s
  9773  4840 1001.49355   25  160  982.00000 1006.91105  2.54%  70.3  179s
  9812  4864  992.48195   23  150  982.00000 1006.90602  2.54%  70.2  180s
 10134  5015  997.96828   17  150  982.00000 1006.71344  2.52%  69.9  185s
 10203  5056  988.76389   31  182  982.00000 1006.69810  2.52%  69.9  234s
 10205  5057  995.97782   21  174  982.00000 1006.69810  2.52%  69.9  235s
 10213  5063  993.97823   28  199  982.00000 1006.69810  2.52%  69.8  240s
 10219  5067  990.18870   23  197  982.00000 1006.69810  2.52%  69.8  245s
 10223  5069  989.94630   28  200  982.00000 1006.69810  2.52%  69.7  250s
 10227  5072  986.10256   26  199  982.00000 1006.69810  2.52%  69.7  255s
 10231  5075  998.90769   21  196  982.00000 1006.69810  2.52%  69.7  260s
 10236  5078  998.03378   23  202  982.00000 1006.69810  2.52%  69.6  265s
 10240  5081  983.04598   39  204  982.00000 1006.69810  2.52%  69.6  270s
 10245  5084  997.37500   18  203  982.00000 1006.69810  2.52%  69.6  275s
 10251  5088  992.32951   37  204  982.00000 1006.69810  2.52%  69.5  280s
 10258  5093  994.29237   20  201  982.00000 1006.69810  2.52%  69.5  285s
 10259  5093 1002.81895   23  199  982.00000 1006.69810  2.52%  69.5  291s
 10262  5095  998.98118   25  199  982.00000 1006.69810  2.52%  69.5  295s
 10266  5098  987.95122   35  201  982.00000 1006.69810  2.52%  69.4  300s
 10270  5101  993.29681   27  196  982.00000 1006.69810  2.52%  69.4  305s
 10275  5104  990.20854   33  204  982.00000 1006.69810  2.52%  69.4  310s
 10279  5107 1002.29915   22  201  982.00000 1006.69810  2.52%  69.4  315s
 10284  5110  996.89686   21  202  982.00000 1006.69810  2.52%  69.3  321s
 10288  5113  999.41697   24  206  982.00000 1006.69810  2.52%  69.3  325s
 10293  5116 1003.67325   21  206  982.00000 1006.69810  2.52%  69.3  330s
 10321  5135  998.93340   21  203  982.00000 1006.69810  2.52%  69.1  335s
 10345  5151  997.37500   18  207  982.00000 1006.69810  2.52%  68.9  340s
 10358  5161 1006.69810   19  165  982.00000 1006.69810  2.52%  69.5  345s
 10463  5207 1006.69810   23  160  982.00000 1006.69810  2.52%  70.1  350s
 10534  5245 1005.94899   32  157  982.00000 1006.69810  2.52%  70.5  355s
 10572  5262 1001.28854   27  141  982.00000 1006.69810  2.52%  70.7  362s
 10621  5288  990.66836   36  134  982.00000 1006.69810  2.52%  70.9  365s
 10714  5312 1003.66940   26  153  982.00000 1006.69810  2.52%  71.3  370s
 10823  5344 1006.69810   23  163  982.00000 1006.69810  2.52%  71.5  375s
 10989  5403 1002.52885   27  147  982.00000 1006.69810  2.52%  71.9  380s
 11266  5472  999.51696   28  153  982.00000 1006.69810  2.52%  72.2  385s
 11630  5547 1006.22232   30  180  982.00000 1006.69810  2.52%  72.4  390s
 11924  5605  988.74817   34  141  982.00000 1006.69810  2.52%  72.6  395s
 12331  5666 1003.53492   25  157  982.00000 1006.69810  2.52%  72.6  400s
 12575  5691  988.64411   33  136  982.00000 1006.69810  2.52%  72.6  405s
 12883  5752  985.82321   36  124  982.00000 1006.69810  2.52%  72.6  410s
 13306  5833  994.98810   33  148  982.00000 1006.69810  2.52%  72.6  415s
 13784  5888 1005.87893   27  173  982.00000 1006.69810  2.52%  72.7  420s
 14386  5951 1001.76230   29  160  982.00000 1006.69810  2.52%  72.6  425s
 14625  5969  984.82667   45  131  982.00000 1006.69810  2.52%  72.6  430s
 14844  5973  983.04956   40  139  982.00000 1006.60611  2.51%  72.6  435s
 15103  5988  988.76232   33  121  982.00000 1006.38563  2.48%  72.7  440s
 15369  6017  983.34883   43  126  982.00000 1006.03616  2.45%  72.7  445s
 15607  6041 1005.14416   28  159  982.00000 1005.76951  2.42%  72.7  450s
 15860  6068 1003.70532   26  146  982.00000 1005.55301  2.40%  72.7  455s
 16157  6101     cutoff   41       982.00000 1005.43433  2.39%  72.7  460s
 16361  6091 1001.77398   30  157  982.00000 1005.27154  2.37%  72.7  465s
 16714  6099     cutoff   38       982.00000 1004.99045  2.34%  72.7  470s
 17132  6104  985.58050   29  132  982.00000 1004.70208  2.31%  72.6  475s
 17580  6120  988.36690   35  134  982.00000 1004.40672  2.28%  72.5  480s
 17998  6125  997.53968   29  146  982.00000 1004.16233  2.26%  72.6  485s
 18357  6128  999.14662   35  153  982.00000 1003.99323  2.24%  72.6  490s
 18756  6157  992.01942   27  132  982.00000 1003.70344  2.21%  72.6  495s
 19049  6174  987.43426   41  144  982.00000 1003.54395  2.19%  72.5  500s
 19629  6141  988.53143   30  132  982.00000 1003.27157  2.17%  72.5  505s
 19917  6155  991.85484   31  143  982.00000 1003.11397  2.15%  72.5  510s
 20302  6133  988.81108   29  143  982.00000 1002.96319  2.13%  72.4  515s
 20758  6150     cutoff   47       982.00000 1002.76405  2.11%  72.3  520s
 21133  6156     cutoff   33       982.00000 1002.63316  2.10%  72.3  525s
 21539  6171  987.81259   38  158  982.00000 1002.42931  2.08%  72.3  531s
 21846  6153  985.43880   39  137  982.00000 1002.26081  2.06%  72.3  535s
 22292  6135  988.21347   38  131  982.00000 1002.07160  2.04%  72.2  540s
 22791  6116  986.19167   37  149  982.00000 1001.95427  2.03%  72.2  545s
 23370  6112  987.32270   36  137  982.00000 1001.78051  2.01%  72.1  550s
 24064  6075  997.19603   32  158  982.00000 1001.51653  1.99%  72.0  555s
 24488  6065  991.58084   32  137  982.00000 1001.26777  1.96%  71.9  560s
 24800  6056  994.96274   35  147  982.00000 1001.15955  1.95%  71.8  565s
 25159  6041  995.09917   30  141  982.00000 1001.06187  1.94%  71.8  570s
 25547  6034  983.53026   35  120  982.00000 1000.95076  1.93%  71.8  575s
 26029  6084  983.37433   36  125  982.00000 1000.79440  1.91%  71.7  580s
 26546  6239  985.66021   41  150  982.00000 1000.70259  1.90%  71.6  585s
 26927  6357  984.51745   37  150  982.00000 1000.59979  1.89%  71.6  590s
 27484  6548     cutoff   43       982.00000 1000.38658  1.87%  71.4  595s
 27881  6671  985.12538   42  145  982.00000 1000.27046  1.86%  71.3  600s
 28223  6750  994.25000   33  137  982.00000 1000.17935  1.85%  71.2  605s
 28516  6822  992.47631   34  150  982.00000 1000.08748  1.84%  71.2  613s
 28646  6860  985.16191   34  141  982.00000 1000.05543  1.84%  71.2  615s
 28953  6946  986.03321   34  120  982.00000  999.95817  1.83%  71.1  620s
 29190  6990  993.57107   31  150  982.00000  999.88975  1.82%  71.0  625s
 29495  7064     cutoff   43       982.00000  999.81446  1.81%  71.0  630s
 29718  7114  990.33496   31  144  982.00000  999.76239  1.81%  70.9  635s
 30032  7191  985.67716   38  146  982.00000  999.70245  1.80%  70.9  640s
 30364  7267  996.71957   24  136  982.00000  999.61424  1.79%  70.9  645s
 30689  7344  985.54975   37  125  982.00000  999.57639  1.79%  70.8  650s
 31008  7412  989.86424   33  127  982.00000  999.48282  1.78%  70.8  655s
 31327  7511  993.84323   34  139  982.00000  999.41977  1.77%  70.7  660s
 31629  7594  993.34596   31  137  982.00000  999.35797  1.77%  70.6  665s
 31869  7644     cutoff   30       982.00000  999.32475  1.76%  70.6  670s
 32491  7802  985.42937   30  124  982.00000  999.18927  1.75%  70.5  675s
 32815  7867  986.71549   27  142  982.00000  999.13402  1.74%  70.4  680s
 33154  7970  994.95668   34  145  982.00000  999.07484  1.74%  70.3  685s
 33440  8028  986.02198   27  117  982.00000  999.02949  1.73%  70.3  690s
 33804  8098  994.98011   31  161  982.00000  998.94042  1.73%  70.3  695s
 34127  8197  984.39641   40  139  982.00000  998.87049  1.72%  70.2  700s
 34386  8254  987.99000   36  115  982.00000  998.82500  1.71%  70.2  705s
 34714  8326  983.98458   44  141  982.00000  998.76319  1.71%  70.2  710s
 35027  8393     cutoff   34       982.00000  998.69664  1.70%  70.1  715s
 35408  8468  984.43077   31  140  982.00000  998.58911  1.69%  70.1  720s
 35755  8548     cutoff   35       982.00000  998.48194  1.68%  70.1  725s
 36148  8620  993.23983   31  139  982.00000  998.39698  1.67%  70.1  730s
 36492  8692  989.56991   32  143  982.00000  998.34694  1.66%  70.0  735s
 36783  8762  986.25017   45  129  982.00000  998.29557  1.66%  70.0  740s
 37253  8850  983.78142   36  121  982.00000  998.23387  1.65%  69.9  745s
 37747  8930  993.42467   33  148  982.00000  998.15849  1.65%  69.8  750s
 38237  9034  992.84848   33  117  982.00000  998.07943  1.64%  69.7  755s
 38533  9084     cutoff   36       982.00000  998.00476  1.63%  69.7  760s
 38844  9136  993.54531   34  170  982.00000  997.95238  1.62%  69.7  765s
 39045  9177  986.68082   34  151  982.00000  997.91612  1.62%  69.7  770s
 39321  9226  992.10762   41  161  982.00000  997.85608  1.61%  69.6  775s
 39633  9289  994.05564   36  146  982.00000  997.79916  1.61%  69.6  780s
 39953  9362  989.37708   35  142  982.00000  997.75024  1.60%  69.6  785s
 40320  9429     cutoff   40       982.00000  997.72390  1.60%  69.5  790s
 40672  9507  988.77091   39  148  982.00000  997.66693  1.60%  69.5  795s
 40960  9546  986.53410   36  124  982.00000  997.60691  1.59%  69.5  800s
 41164  9591  990.42120   27  125  982.00000  997.57831  1.59%  69.5  805s
 41465  9655  986.32918   40  144  982.00000  997.55677  1.58%  69.4  810s
 41793  9701  983.62359   32  143  982.00000  997.49552  1.58%  69.4  815s
 42124  9759  986.99751   29  141  982.00000  997.46948  1.58%  69.4  820s
 42474  9809  991.87214   32  137  982.00000  997.40149  1.57%  69.3  825s
 42830  9885  983.43343   37  115  982.00000  997.35397  1.56%  69.3  830s
 43147  9926  986.22121   37  139  982.00000  997.29096  1.56%  69.3  835s
 43261  9933  993.87269   37  154  982.00000  997.27294  1.56%  69.3  842s
 43603  9999  984.34168   37  136  982.00000  997.24093  1.55%  69.2  845s
 43904 10056  984.81421   35  121  982.00000  997.19185  1.55%  69.2  850s
 44251 10121  983.84894   37  132  982.00000  997.14416  1.54%  69.2  855s
 44676 10195  993.40201   37  150  982.00000  997.08093  1.54%  69.1  860s
 45158 10264     cutoff   36       982.00000  996.98879  1.53%  69.0  865s
 45776 10381  987.32207   33  129  982.00000  996.91657  1.52%  69.0  871s
 46074 10434  986.93396   41  164  982.00000  996.88865  1.52%  69.0  875s
 46543 10518  983.62850   31  123  982.00000  996.80952  1.51%  68.9  880s
 46941 10563  987.89286   32  132  982.00000  996.75275  1.50%  68.9  885s
 47410 10626  989.05639   33  154  982.00000  996.69333  1.50%  68.8  890s
 48062 10745  983.40624   38  143  982.00000  996.61507  1.49%  68.7  895s
 48517 10813     cutoff   36       982.00000  996.54633  1.48%  68.6  900s
 48860 10852  990.30778   32  143  982.00000  996.48936  1.48%  68.6  905s
 49262 10902  992.57149   35  148  982.00000  996.43210  1.47%  68.6  910s
 49711 10946     cutoff   40       982.00000  996.37996  1.46%  68.5  915s
 50150 10993  992.62523   34  142  982.00000  996.34058  1.46%  68.5  920s
 50556 11062  984.22219   34  125  982.00000  996.28704  1.45%  68.4  925s
 50892 11130  985.85710   40  136  982.00000  996.24235  1.45%  68.4  930s
 51253 11187  985.72226   33  123  982.00000  996.21875  1.45%  68.4  935s
 51499 11221  983.23776   37  112  982.00000  996.18385  1.44%  68.4  940s
 52088 11292  988.46177   39  134  982.00000  996.11019  1.44%  68.3  945s
 52488 11345  988.13935   37  146  982.00000  996.05046  1.43%  68.2  950s
 52834 11400     cutoff   47       982.00000  996.00939  1.43%  68.2  955s
 53251 11464  991.72084   36  141  982.00000  995.96914  1.42%  68.1  960s
 53645 11520     cutoff   32       982.00000  995.92137  1.42%  68.1  965s
 54083 11598  985.13828   36  131  982.00000  995.88850  1.41%  68.0  970s
 54470 11650  985.88920   38  129  982.00000  995.85122  1.41%  68.0  975s
 54615 11677  990.70528   31  135  982.00000  995.83509  1.41%  68.0  980s
 54965 11734  991.06604   30  123  982.00000  995.79611  1.40%  68.0  985s
 55119 11760  989.06751   38  148  982.00000  995.78028  1.40%  68.0  990s
 55463 11805  990.68542   35  128  982.00000  995.74783  1.40%  68.0  995s
 55828 11837  986.39264   38  137  982.00000  995.70803  1.40%  67.9 1000s
 56196 11881  992.14227   34  151  982.00000  995.66197  1.39%  67.9 1005s
 56406 11896  993.29023   34  139  982.00000  995.63230  1.39%  67.9 1010s
 56727 11947  986.27758   37  147  982.00000  995.59980  1.38%  67.9 1015s
 57050 11976  990.50089   35  152  982.00000  995.54623  1.38%  67.9 1020s
 57606 12042  987.24106   37  147  982.00000  995.48700  1.37%  67.8 1025s
 57990 12087  985.65044   37  135  982.00000  995.44903  1.37%  67.8 1030s
 58424 12137     cutoff   37       982.00000  995.40489  1.37%  67.8 1035s
 58820 12193     cutoff   39       982.00000  995.35696  1.36%  67.7 1041s
 58989 12207  988.82658   36  144  982.00000  995.33323  1.36%  67.7 1046s
 59239 12234  992.99253   32  126  982.00000  995.30052  1.35%  67.7 1050s
 59870 12299  990.40296   30  160  982.00000  995.23165  1.35%  67.6 1055s
 60280 12355  987.87422   41  145  982.00000  995.18282  1.34%  67.6 1060s
 60685 12405  984.66345   35  146  982.00000  995.14286  1.34%  67.5 1065s
 61085 12432  983.04756   38  120  982.00000  995.11184  1.34%  67.5 1070s
 61312 12439     cutoff   38       982.00000  995.09107  1.33%  67.5 1075s
 61683 12473  988.58300   39  136  982.00000  995.04442  1.33%  67.4 1080s
 62094 12517     cutoff   35       982.00000  994.99895  1.32%  67.4 1085s
 62487 12579  985.21455   34  147  982.00000  994.96140  1.32%  67.3 1090s
 62851 12621     cutoff   39       982.00000  994.92492  1.32%  67.3 1095s
 63228 12680  986.61560   35  140  982.00000  994.88883  1.31%  67.3 1100s
 63597 12715     cutoff   39       982.00000  994.85799  1.31%  67.2 1105s
 63820 12742  985.13333   34  135  982.00000  994.83400  1.31%  67.2 1110s
 64377 12818  985.11133   40  140  982.00000  994.76576  1.30%  67.1 1115s
 64775 12852  985.23027   45  144  982.00000  994.72044  1.30%  67.1 1120s
 65136 12886  983.70316   39  133  982.00000  994.69201  1.29%  67.1 1125s
 65513 12921  987.85952   40  141  982.00000  994.66017  1.29%  67.0 1130s
 65868 12942  990.13274   30  151  982.00000  994.61739  1.28%  67.0 1135s
 66213 12976  983.93202   43  152  982.00000  994.57417  1.28%  67.0 1140s
 66427 13000  984.34649   37  138  982.00000  994.55662  1.28%  67.0 1145s
 66788 13031  988.43836   38  148  982.00000  994.52351  1.28%  67.0 1150s
 67430 13091  988.61090   34  144  982.00000  994.46190  1.27%  66.9 1155s
 67861 13114  990.40869   39  145  982.00000  994.41513  1.26%  66.9 1160s
 68167 13134  990.76257   37  140  982.00000  994.37592  1.26%  66.9 1165s
 68560 13154     cutoff   39       982.00000  994.32143  1.25%  66.9 1170s
 68991 13189     cutoff   39       982.00000  994.28804  1.25%  66.8 1175s
 69254 13197  989.54247   34  142  982.00000  994.25972  1.25%  66.8 1180s
 69668 13242  985.38471   40  150  982.00000  994.21533  1.24%  66.8 1185s
 70066 13268  986.53106   32  123  982.00000  994.16744  1.24%  66.8 1190s
 70473 13314  990.24675   35  151  982.00000  994.12231  1.23%  66.7 1195s
 71119 13346  990.23637   34  123  982.00000  994.07313  1.23%  66.7 1200s
 71638 13403  990.06256   34  145  982.00000  994.02928  1.22%  66.6 1205s
 72115 13441     cutoff   43       982.00000  993.98400  1.22%  66.6 1211s
 72563 13470  987.98758   31  141  982.00000  993.94418  1.22%  66.5 1215s
 72958 13499  986.70320   35  158  982.00000  993.90810  1.21%  66.5 1220s
 73341 13524  990.17319   35  144  982.00000  993.86933  1.21%  66.5 1225s
 73738 13544  984.43730   35  121  982.00000  993.83843  1.21%  66.4 1230s
 74332 13568  983.08670   38  128  982.00000  993.77559  1.20%  66.4 1235s
 74717 13590  984.23291   39  131  982.00000  993.74218  1.20%  66.4 1241s
 74900 13596  985.15000   37  124  982.00000  993.73182  1.19%  66.4 1245s
 75051 13602  983.18443   35  132  982.00000  993.71585  1.19%  66.4 1250s
 75229 13607  990.09694   33  145  982.00000  993.69699  1.19%  66.4 1255s
 75504 13617  983.26481   37  125  982.00000  993.67169  1.19%  66.4 1260s
 75809 13627  992.14669   41  147  982.00000  993.64532  1.19%  66.4 1265s
 76215 13658  984.74186   34  116  982.00000  993.61079  1.18%  66.3 1270s
 76542 13677     cutoff   40       982.00000  993.58704  1.18%  66.3 1275s
 76787 13688  984.11119   38  134  982.00000  993.55931  1.18%  66.3 1280s
 77195 13721  989.63820   33  136  982.00000  993.52371  1.17%  66.2 1285s
 77604 13737  989.04530   39  143  982.00000  993.48411  1.17%  66.2 1290s
 78027 13761  987.60189   33  141  982.00000  993.44460  1.17%  66.2 1295s
 78782 13791  985.74296   34  129  982.00000  993.38478  1.16%  66.1 1300s
 79537 13830  983.25630   34  127  982.00000  993.32676  1.15%  66.1 1305s
 80300 13883  985.53998   35  144  982.00000  993.25000  1.15%  66.0 1310s
 80595 13907     cutoff   36       982.00000  993.22049  1.14%  66.0 1315s
 81066 13907  985.95720   33  121  982.00000  993.17246  1.14%  65.9 1320s
 81534 13905  984.32674   36  130  982.00000  993.13750  1.13%  65.9 1326s
 81998 13932  988.88408   39  151  982.00000  993.10861  1.13%  65.9 1330s
 82598 13950  989.91259   36  148  982.00000  993.07102  1.13%  65.8 1335s
 83060 13964  990.90360   30  146  982.00000  993.03571  1.12%  65.8 1340s
 83578 13989  984.85035   32  139  982.00000  992.99832  1.12%  65.8 1345s
 83919 14005  983.18478   35  120  982.00000  992.97381  1.12%  65.8 1350s
 84485 14004     cutoff   37       982.00000  992.92482  1.11%  65.7 1355s
 85125 14032  986.09794   35  138  982.00000  992.86161  1.11%  65.7 1360s
 85704 14028  990.08045   35  126  982.00000  992.80913  1.10%  65.6 1365s
 86225 14030     cutoff   37       982.00000  992.76630  1.10%  65.6 1370s
 86689 14039     cutoff   38       982.00000  992.73221  1.09%  65.6 1375s
 87229 14031  985.71022   44  125  982.00000  992.69614  1.09%  65.6 1380s
 87904 14055  987.07947   29  128  982.00000  992.63910  1.08%  65.5 1385s
 88784 14061  985.22418   33  129  982.00000  992.56592  1.08%  65.5 1390s
 89556 14047  987.57732   35  131  982.00000  992.49450  1.07%  65.4 1395s
 90183 14060  983.62687   47  141  982.00000  992.44584  1.06%  65.4 1400s
 90695 14055  985.73184   38  143  982.00000  992.39470  1.06%  65.3 1405s
 91303 14058  985.12441   35  130  982.00000  992.35741  1.05%  65.3 1410s
 91878 14054 infeasible   31       982.00000  992.31054  1.05%  65.3 1416s
 92144 14060     cutoff   35       982.00000  992.28903  1.05%  65.3 1420s
 92411 14070  983.82449   39  131  982.00000  992.26940  1.05%  65.2 1427s
 92626 14061  986.41048   37  143  982.00000  992.24515  1.04%  65.2 1430s
 93039 14063  985.30175   33  141  982.00000  992.22247  1.04%  65.2 1435s
 93680 14052  983.21065   40  107  982.00000  992.17205  1.04%  65.2 1440s
 94122 14048  987.70000   38  135  982.00000  992.13076  1.03%  65.1 1445s
 94452 14051  986.19743   36  134  982.00000  992.10000  1.03%  65.1 1450s
 94813 14060  987.92139   35  132  982.00000  992.08316  1.03%  65.1 1455s
 95214 14058  986.49268   34  142  982.00000  992.05455  1.02%  65.1 1460s
 95642 14042  983.34507   34  120  982.00000  992.01817  1.02%  65.0 1465s
 96053 14037  985.16018   39  124  982.00000  991.99147  1.02%  65.0 1470s
 96659 13988  988.23075   32  132  982.00000  991.92471  1.01%  65.0 1475s
 97087 13972  984.65814   33  115  982.00000  991.90012  1.01%  65.0 1480s
 97232 13965  983.13030   36  136  982.00000  991.88868  1.01%  65.0 1485s
 97656 13951  988.51118   32  146  982.00000  991.85784  1.00%  64.9 1490s
 98078 13948  989.15254   39  131  982.00000  991.83005  1.00%  64.9 1495s
 98496 13931  988.33063   37  139  982.00000  991.80399  1.00%  64.9 1500s
 98885 13916     cutoff   44       982.00000  991.78109  1.00%  64.8 1505s
 99279 13893  989.51995   39  145  982.00000  991.75000  0.99%  64.8 1510s
 99682 13886  988.55914   34  127  982.00000  991.72630  0.99%  64.8 1515s
 100063 13855  983.46753   41  107  982.00000  991.70000  0.99%  64.8 1520s
 100530 13830  985.18072   43  144  982.00000  991.66204  0.98%  64.8 1525s
 101072 13798     cutoff   44       982.00000  991.62552  0.98%  64.8 1530s
 101603 13788  989.14387   33  123  982.00000  991.58333  0.98%  64.7 1535s
 102188 13799  984.01106   37  136  982.00000  991.54741  0.97%  64.7 1540s
 102752 13784  987.49663   37  123  982.00000  991.51009  0.97%  64.6 1545s
 103311 13772  988.61279   29  146  982.00000  991.47471  0.96%  64.6 1550s
 103756 13751  985.50796   39  132  982.00000  991.44755  0.96%  64.6 1555s
 104476 13723  988.77145   31  153  982.00000  991.40301  0.96%  64.5 1560s
 105028 13696  988.74288   34  145  982.00000  991.35890  0.95%  64.5 1567s
 105356 13683  987.07281   42  150  982.00000  991.33270  0.95%  64.5 1570s
 105907 13669  985.56442   33  146  982.00000  991.29108  0.95%  64.4 1575s
 106556 13638  986.36344   34  127  982.00000  991.25000  0.94%  64.4 1580s
 107151 13602  984.68255   35  144  982.00000  991.20707  0.94%  64.4 1585s
 107581 13582  986.39363   35  146  982.00000  991.18213  0.94%  64.3 1590s
 108137 13543  986.63567   37  132  982.00000  991.13193  0.93%  64.3 1595s
 108931 13500  989.62636   37  141  982.00000  991.06541  0.92%  64.3 1600s
 109566 13461  984.02581   41  149  982.00000  991.02193  0.92%  64.2 1606s
 109983 13426  988.86726   38  147  982.00000  990.99567  0.92%  64.2 1610s
 110483 13406  987.95833   37   79  982.00000  990.95090  0.91%  64.2 1615s
 111005 13365  987.70439   36  136  982.00000  990.91426  0.91%  64.1 1621s
 111331 13345  985.55889   42  129  982.00000  990.89343  0.91%  64.1 1625s
 111758 13324  984.91243   39  149  982.00000  990.86037  0.90%  64.1 1630s
 112200 13291  983.30589   43  135  982.00000  990.83027  0.90%  64.1 1635s
 112797 13231     cutoff   37       982.00000  990.77932  0.89%  64.0 1640s
 113379 13189  984.17211   36  125  982.00000  990.74035  0.89%  64.0 1645s
 113983 13138     cutoff   38       982.00000  990.70018  0.89%  63.9 1650s
 114373 13103  984.91395   33  140  982.00000  990.67683  0.88%  63.9 1655s
 115020 13061  983.12622   33  114  982.00000  990.63755  0.88%  63.9 1661s
 115598 13013  987.25282   33  147  982.00000  990.59877  0.88%  63.9 1665s
 116480 12935     cutoff   37       982.00000  990.54314  0.87%  63.8 1670s
 117171 12871  987.47947   39  139  982.00000  990.49877  0.87%  63.8 1675s
 117800 12786     cutoff   41       982.00000  990.45455  0.86%  63.7 1680s
 118359 12718  986.62891   36  125  982.00000  990.42210  0.86%  63.7 1685s
 118785 12679     cutoff   41       982.00000  990.39567  0.85%  63.7 1690s
 119430 12600  984.30428   42  143  982.00000  990.35113  0.85%  63.6 1695s
 120011 12528  983.84156   34  140  982.00000  990.30816  0.85%  63.6 1700s
 120303 12498  984.15066   39  136  982.00000  990.28689  0.84%  63.6 1705s
 120909 12421  987.01194   42  144  982.00000  990.23411  0.84%  63.6 1710s
 121601 12337     cutoff   37       982.00000  990.18266  0.83%  63.5 1715s
 122077 12278  983.99163   40  135  982.00000  990.14751  0.83%  63.5 1720s
 122363 12249  988.27778   39  131  982.00000  990.12443  0.83%  63.5 1725s
 122822 12204  988.45799   37  125  982.00000  990.09639  0.82%  63.5 1730s
 123181 12152  984.29823   42  123  982.00000  990.06945  0.82%  63.4 1735s
 123628 12105  984.50896   41  135  982.00000  990.04158  0.82%  63.4 1740s
 124062 12045  984.34958   35  132  982.00000  990.00667  0.82%  63.4 1745s
 124509 11976  985.61161   39  141  982.00000  989.97024  0.81%  63.4 1750s
 125118 11907  989.28389   32  150  982.00000  989.92473  0.81%  63.3 1755s
 125513 11862  987.31034   40   89  982.00000  989.89579  0.80%  63.3 1760s
 125939 11793  987.49336   32  140  982.00000  989.85832  0.80%  63.3 1765s
 126420 11728  987.51371   36  108  982.00000  989.82488  0.80%  63.3 1770s
 126862 11671  986.55294   39  129  982.00000  989.79545  0.79%  63.2 1775s
 127442 11596  988.31089   41  126  982.00000  989.75000  0.79%  63.2 1780s
 127983 11530     cutoff   30       982.00000  989.70994  0.79%  63.2 1785s
 128396 11463  987.43887   35  131  982.00000  989.67792  0.78%  63.1 1791s
 128755 11413  984.31968   41  154  982.00000  989.65278  0.78%  63.1 1795s

Cutting planes:
  MIR: 7
  Flow cover: 101
  Zero half: 72
  RLT: 3

Explored 129162 nodes (8151578 simplex iterations) in 1800.02 seconds (623.10 work units)
Thread count was 1 (of 12 available processors)

Solution count 10: 982 980 979 ... 970

Time limit reached
Best objective 9.820000000000e+02, best bound 9.890000000000e+02, gap 0.7128%
