
Gurobi 12.0.2 (linux64, C++) logging started Thu Jun 19 08:00:21 2025

Set parameter LogFile to value "log/instances/scenario2/correlated_sc2/700/kpfs_10.txt.log"

Gurobi 12.0.2 (linux64, C++) logging started Thu Jun 19 08:01:43 2025

Set parameter LogFile to value "log/instances/scenario2/correlated_sc2/700/kpfs_10.txt.log"

Gurobi 12.0.2 (linux64, C++) logging started Thu Jun 19 08:02:54 2025

Set parameter LogFile to value "log/instances/scenario2/correlated_sc2/700/kpfs_10.txt.log"

Gurobi 12.0.2 (linux64, C++) logging started Thu Jun 19 08:03:58 2025

Set parameter LogFile to value "log/instances/scenario2/correlated_sc2/700/kpfs_10.txt.log"

Gurobi 12.0.2 (linux64, C++) logging started Thu Jun 19 23:07:25 2025

Set parameter WLSAccessID
Set parameter WLSSecret
Set parameter LicenseID to value 2679381
Set parameter LogFile to value "log/instances/scenario2/correlated_sc2/700/kpfs_10.txt.log"
Academic license 2679381 - for non-commercial use only - registered to be___@poli.ufrj.br
Set parameter TimeLimit to value 1800
Set parameter Threads to value 1
Gurobi Optimizer version 12.0.2 build v12.0.2rc0 (linux64 - "Ubuntu 24.04.1 LTS")

CPU model: 13th Gen Intel(R) Core(TM) i7-1355U, instruction set [SSE2|AVX|AVX2]
Thread count: 6 physical cores, 12 logical processors, using up to 1 threads

Non-default parameters:
TimeLimit  1800
Threads  1

Academic license 2679381 - for non-commercial use only - registered to be___@poli.ufrj.br
Optimize a model with 2102 rows, 2800 columns and 43481 nonzeros
Model fingerprint: 0xe5f87e8f
Variable types: 0 continuous, 2800 integer (700 binary)
Coefficient statistics:
  Matrix range     [1e+00, 3e+01]
  Objective range  [1e+00, 4e+01]
  Bounds range     [1e+00, 3e+01]
  RHS range        [1e+00, 1e+03]
Found heuristic solution: objective 83.0000000
Presolve removed 0 rows and 7 columns
Presolve time: 0.27s
Presolved: 2102 rows, 2793 columns, 43467 nonzeros
Variable types: 0 continuous, 2793 integer (737 binary)

Root relaxation: objective 7.271473e+02, 4210 iterations, 3.06 seconds (1.55 work units)

    Nodes    |    Current Node    |     Objective Bounds      |     Work
 Expl Unexpl |  Obj  Depth IntInf | Incumbent    BestBd   Gap | It/Node Time

     0     0  727.14734    0  341   83.00000  727.14734   776%     -    3s
H    0     0                      88.0000000  727.14734   726%     -    3s
H    0     0                      90.0000000  727.14734   708%     -    3s
H    0     0                     104.0000000  727.14734   599%     -    3s
H    0     0                     130.0000000  727.14734   459%     -    3s
H    0     0                     164.0000000  727.14734   343%     -    3s
H    0     0                     167.0000000  727.14734   335%     -    3s
H    0     0                     168.0000000  727.14734   333%     -    3s
H    0     0                     180.0000000  727.14734   304%     -    4s
H    0     0                     188.0000000  727.14734   287%     -    4s
H    0     0                     189.0000000  727.14734   285%     -    4s
H    0     0                     204.0000000  727.14734   256%     -    6s
H    0     0                     218.0000000  727.14734   234%     -    7s
H    0     0                     234.0000000  727.14734   211%     -    7s
     0     0  726.34814    0  333  234.00000  726.34814   210%     -    9s
     0     0  726.18711    0  330  234.00000  726.18711   210%     -   16s
     0     0  725.75374    0  336  234.00000  725.75374   210%     -   19s
     0     0  725.64690    0  329  234.00000  725.64690   210%     -   19s
     0     0  725.62678    0  326  234.00000  725.62678   210%     -   19s
     0     0  725.61184    0  330  234.00000  725.61184   210%     -   19s
     0     0  725.59729    0  330  234.00000  725.59729   210%     -   19s
     0     0  725.59158    0  329  234.00000  725.59158   210%     -   19s
     0     0  725.31540    0  335  234.00000  725.31540   210%     -   24s
     0     0  725.21960    0  331  234.00000  725.21960   210%     -   32s
     0     0  725.21626    0  327  234.00000  725.21626   210%     -   32s
     0     0  725.21549    0  328  234.00000  725.21549   210%     -   32s
     0     0  725.17586    0  327  234.00000  725.17586   210%     -   39s
     0     2  725.15832    0  327  234.00000  725.15832   210%     -   42s
     2     4  597.31898    1  267  234.00000  723.58687   209%  1238   45s
     7     9  586.07348    4  250  234.00000  721.60488   208%  1009   50s
    31    33  688.10407   28  332  234.00000  721.60488   208%   385   55s
    57    59  666.32725   53  315  234.00000  721.60488   208%   313   60s
    78    80  650.23090   74  303  234.00000  721.60488   208%   272   65s
    99   101  488.59940   94  234  234.00000  721.60488   208%   273   70s
   115   117  616.90518  108  292  234.00000  721.60488   208%   287  107s
   130   132  604.56827  123  290  234.00000  721.60488   208%   283  110s
   144   146  516.56969  135  241  234.00000  721.60488   208%   302  115s
   169   171  573.30414  158  278  234.00000  721.60488   208%   292  120s
   175   177  568.65174  164  273  234.00000  721.60488   208%   290  125s
   204   206  547.55314  193  266  234.00000  721.60488   208%   281  130s
   219   221  429.56703  207  203  234.00000  721.60488   208%   286  135s
   238   240  518.28704  224  274  234.00000  721.60488   208%   292  140s
   270   272  486.37884  255  245  234.00000  721.60488   208%   280  145s
   297   299  471.33628  281  239  234.00000  721.60488   208%   268  150s
   344   346  433.52440  327  224  234.00000  721.60488   208%   251  155s
   372   374  413.58983  354  204  234.00000  721.60488   208%   243  160s
   412   414  378.27414  392  205  234.00000  721.60488   208%   233  165s
   442   444  358.17482  420  182  234.00000  721.60488   208%   227  171s
   502   504  253.33501  477  125  234.00000  721.60488   208%   213  175s
   557   557     cutoff  531       234.00000  721.60488   208%   198  180s
   598   594  235.36253  570   90  234.00000  721.60488   208%   189  187s
   605   594  597.24123    2  327  234.00000  714.36693   205%   189  204s
   607   595  493.60582  107  341  234.00000  714.36693   205%   189  211s
   609   597  251.21425  552  341  234.00000  714.36693   205%   188  221s
   612   601  714.36693   11  333  234.00000  714.36693   205%   198  225s
   615   603  544.08879   12  264  234.00000  714.36693   205%   203  231s
   619   605  563.62948   14  255  234.00000  714.36693   205%   210  236s
   622   607  710.94479   16  334  234.00000  711.39934   204%   215  240s
   626   610  706.16513   18  330  234.00000  707.66024   202%   222  245s
   630   613  704.33737   20  329  234.00000  704.74038   201%   226  250s
   634   615  701.31464   22  330  234.00000  702.87901   200%   233  255s
   637   617  529.44738   23  239  234.00000  700.42505   199%   240  260s
   641   620  529.99007   25  239  234.00000  696.27782   198%   244  266s
   645   623  519.55733   27  249  234.00000  693.73249   196%   250  271s
   649   625  532.53295   29  261  234.00000  690.60423   195%   255  276s
   653   628  575.06996   31  250  234.00000  688.02743   194%   260  280s
   657   631  545.87011   33  247  234.00000  685.27864   193%   265  285s
   661   633  541.07003   35  255  234.00000  683.16044   192%   270  291s
   664   635  679.88834   37  326  234.00000  681.18460   191%   273  295s
   667   637  521.18281   38  264  234.00000  678.89654   190%   278  300s
   670   639  675.52501   40  331  234.00000  677.33474   189%   280  305s
   675   643  552.74470   42  248  234.00000  672.79223   188%   288  311s
   681   647  490.15702   45  237  234.00000  670.10119   186%   295  316s
   685   649  527.26843   47  255  234.00000  666.38914   185%   299  320s
   689   652  509.59264   49  227  234.00000  663.53677   184%   304  326s
   693   655  540.76924   51  253  234.00000  661.97710   183%   309  332s
   695   656  525.88291   52  247  234.00000  659.83646   182%   311  335s
   699   659  544.21518   54  253  234.00000  655.36479   180%   316  341s
   703   661  509.04525   56  242  234.00000  653.64540   179%   319  346s
   706   663  651.54982   58  320  234.00000  652.22001   179%   321  350s
   709   665  545.43537   59  249  234.00000  650.44863   178%   326  355s
   713   668  509.68728   61  245  234.00000  647.37824   177%   332  361s
   715   669  486.75262   62  248  234.00000  646.27457   176%   333  365s
   719   672  495.96938   64  223  234.00000  643.21133   175%   339  370s
   723   675  495.02425   66  240  234.00000  639.81875   173%   342  376s
   727   677  508.59233   68  228  234.00000  639.02498   173%   347  381s
   731   680  509.29205   70  244  234.00000  634.62899   171%   350  386s
   734   682  632.72983   72  320  234.00000  633.70840   171%   353  390s
   738   685  630.16229   74  319  234.00000  631.25724   170%   355  395s
   741   687  547.19116   75  257  234.00000  627.64810   168%   359  401s
   745   689  542.23930   77  230  234.00000  624.77231   167%   363  406s
   749   692  477.08071   79  224  234.00000  623.07422   166%   366  411s
   753   695  476.87626   81  216  234.00000  621.40793   166%   370  416s
   757   697  464.35563   83  228  234.00000  619.67368   165%   373  421s
   762   701  617.58811   86  305  234.00000  618.22987   164%   376  425s
   768   705  612.33489   89  308  234.00000  613.51629   162%   381  430s
   771   707  462.04599   90  222  234.00000  611.52156   161%   385  435s
   776   710  608.76091   93  298  234.00000  609.47299   160%   387  440s
   780   713  607.23548   95  298  234.00000  607.89007   160%   390  445s
   781   713  450.07252   95  214  234.00000  607.23333   160%   393  460s
   785   716  430.43736   97  237  234.00000  606.07447   159%   397  465s
   791   720  438.99444  100  227  234.00000  604.78952   158%   402  471s
   795   723  476.02084  102  219  234.00000  604.78952   158%   404  475s
   800   726  600.13430  105  307  234.00000  604.78952   158%   406  480s
   804   729  599.03444  107  305  234.00000  604.78952   158%   410  485s
   808   731  597.83436  109  302  234.00000  604.78952   158%   412  493s
   809   732  457.25725  109  228  234.00000  604.78952   158%   413  495s
   813   735  438.40927  111  219  234.00000  604.78952   158%   417  500s
   818   738  594.08528  114  302  234.00000  604.78952   158%   418  505s
   822   741  593.07474  116  297  234.00000  604.78952   158%   420  510s
   827   744  429.27067  118  203  234.00000  604.78952   158%   423  515s
   831   747  507.29611  120  256  234.00000  604.78952   158%   426  520s
   836   750  585.43545  123  304  234.00000  604.78952   158%   428  525s
   840   753  583.90915  125  299  234.00000  604.78952   158%   431  530s
   846   757  581.13897  128  298  234.00000  604.78952   158%   434  535s
   850   759  580.52400  130  293  234.00000  604.78952   158%   436  540s
   854   762  579.40293  132  294  234.00000  604.78952   158%   438  545s
   858   765  577.99682  134  307  234.00000  604.78952   158%   440  550s
   863   768  469.43058  136  231  234.00000  604.78952   158%   444  556s
   866   770  573.20896  138  293  234.00000  604.78952   158%   445  560s
   869   772  483.51311  139  221  234.00000  604.78952   158%   447  566s
   873   775  417.35439  141  205  234.00000  604.78952   158%   449  570s
   881   780  445.30263  145  228  234.00000  604.78952   158%   452  575s
   885   783  435.44431  147  211  234.00000  604.78952   158%   454  580s
   889   785  425.10203  149  207  234.00000  604.78952   158%   456  585s
   893   788  439.52321  151  194  234.00000  604.78952   158%   458  590s
   899   792  440.84037  154  206  234.00000  604.78952   158%   460  595s
   903   795  420.46096  156  205  234.00000  604.78952   158%   462  601s
   907   797  458.32971  158  225  234.00000  604.78952   158%   463  605s
   911   800  443.74560  160  228  234.00000  604.78952   158%   465  610s
   915   803  418.24888  162  177  234.00000  604.78952   158%   466  615s
   920   806  548.70309  165  289  234.00000  604.78952   158%   468  620s
   925   809  402.65236  167  207  234.00000  604.78952   158%   470  626s
   929   812  428.04293  169  195  234.00000  604.78952   158%   471  630s
   933   815  383.87899  171  185  234.00000  604.78952   158%   473  635s
   937   817  405.94714  173  208  234.00000  604.78952   158%   474  640s
   941   820  415.37427  175  205  234.00000  604.78952   158%   475  645s
   946   823  539.06119  178  270  234.00000  604.78952   158%   476  650s
   950   826  537.27325  180  274  234.00000  604.78952   158%   477  655s
   955   829  437.81924  182  205  234.00000  604.78952   158%   480  660s
   964   835  530.22051  187  272  234.00000  604.78952   158%   481  667s
   967   837  406.75075  188  199  234.00000  604.78952   158%   483  670s
   973   841  441.55274  191  212  234.00000  604.78952   158%   484  676s
   977   844  409.19834  193  194  234.00000  604.78952   158%   486  680s
   983   848  423.68833  196  207  234.00000  604.78952   158%   487  685s
   988   851  522.20815  199  272  234.00000  604.78952   158%   487  690s
   993   855  403.16230  201  208  234.00000  604.78952   158%   489  696s
   996   857  518.18830  203  272  234.00000  604.78952   158%   490  700s
  1001   860  429.52353  205  219  234.00000  604.78952   158%   492  705s
  1007   864  371.07425  208  173  234.00000  604.78952   158%   493  710s
  1013   868  415.11403  211  206  234.00000  604.78952   158%   495  715s
  1019   872  403.07408  214  180  234.00000  604.78952   158%   496  721s
  1024   875  506.40505  217  278  234.00000  604.78952   158%   497  725s
  1025   876  365.56999  217  195  234.00000  604.78952   158%   498  730s
  1029   879  340.69705  219  182  234.00000  604.78952   158%   499  735s
  1034   882  503.25930  222  280  234.00000  604.78952   158%   500  740s
  1039   885  376.14958  224  182  234.00000  604.78952   158%   501  745s
  1049   892  359.86427  229  189  234.00000  604.78952   158%   503  751s
  1053   895  386.23523  231  202  234.00000  604.78952   158%   504  755s
  1059   899  370.48405  234  177  234.00000  604.78952   158%   506  760s
  1064   902  493.78632  237  276  234.00000  604.78952   158%   506  765s
  1069   905  376.99903  239  195  234.00000  604.78952   158%   508  771s
  1074   909  489.92167  242  271  234.00000  604.78952   158%   508  776s
  1079   912  385.53187  244  181  234.00000  604.78952   158%   510  781s
  1084   915  485.37621  247  272  234.00000  604.78952   158%   510  785s
  1089   919  345.20894  249  182  234.00000  604.78952   158%   512  790s
  1092   921  482.92753  251  275  234.00000  604.78952   158%   512  822s
  1095   923  320.22553  252  136  234.00000  604.78952   158%   513  825s
  1100   926  480.66291  255  263  234.00000  604.78952   158%   513  830s
  1103   928  326.63940  256  159  234.00000  604.78952   158%   515  845s
  1108   931  478.34567  259  276  234.00000  604.78952   158%   515  850s
  1113   935  338.66293  261  165  234.00000  604.78952   158%   517  855s
  1123   941  395.49039  266  201  234.00000  604.78952   158%   518  860s
  1129   945  374.40525  269  188  234.00000  604.78952   158%   519  866s
  1134   949  469.89694  272  268  234.00000  604.78952   158%   520  870s
  1141   953  362.25199  275  192  234.00000  604.78952   158%   522  875s
  1149   959  330.68659  279  174  234.00000  604.78952   158%   523  880s
  1156   963  461.49159  283  263  234.00000  604.78952   158%   523  885s
  1163   968  359.35442  286  180  234.00000  604.78952   158%   524  890s
  1170   973  456.28019  290  249  234.00000  604.78952   158%   525  895s
  1175   976  311.55188  292  168  234.00000  604.78952   158%   526  900s
  1181   980  319.93062  295  175  234.00000  604.78952   158%   527  919s
  1182   981  451.17715  296  247  234.00000  604.78952   158%   527  920s
  1189   985  317.53022  299  181  234.00000  604.78952   158%   528  925s
  1199   992  340.70344  304  170  234.00000  604.78952   158%   529  930s
  1205   996  329.16732  307  160  234.00000  604.78952   158%   530  935s
  1213  1001  365.36837  311  168  234.00000  604.78952   158%   531  940s
  1227  1011  287.19404  318  162  234.00000  604.78952   158%   532  945s
  1242  1021  425.39205  326  235  234.00000  604.78952   158%   533  950s
  1252  1027  420.67692  331  231  234.00000  604.78952   158%   533  955s
  1261  1033  294.61999  335  138  234.00000  604.78952   158%   534  960s
  1269  1039  346.07728  339  156  234.00000  604.78952   158%   534  965s
  1277  1044  280.85906  343  136  234.00000  604.78952   158%   535  970s
  1287  1051  313.19731  348  173  234.00000  604.78952   158%   535  975s
  1298  1058  402.08464  354  222  234.00000  604.78952   158%   535  980s
  1307  1064  275.77822  358  135  234.00000  604.78952   158%   536  985s
  1318  1071  392.08643  364  225  234.00000  604.78952   158%   536  990s
  1329  1079  254.30804  369  149  234.00000  604.78952   158%   536  995s
  1341  1087  267.46618  375  142  234.00000  604.78952   158%   536 1000s
  1357  1097  275.50861  383  143  234.00000  604.78952   158%   537 1005s
  1375  1106  275.83913  392  156  234.00000  604.78952   158%   537 1010s
  1395  1117  263.29182  402  130  234.00000  604.78952   158%   536 1015s
  1415  1127  260.19786  412  123  234.00000  604.78952   158%   536 1020s
  1437  1134  238.86206  423  137  234.00000  604.78952   158%   534 1025s
  1456  1137  334.77281  433  187  234.00000  604.78952   158%   533 1030s
  1469  1137  238.24771  439  123  234.00000  604.78952   158%   532 1035s
  1489  1133     cutoff  449       234.00000  604.78952   158%   529 1040s
  1507  1131     cutoff  458       234.00000  604.78952   158%   527 1045s
  1549  1120     cutoff  479       234.00000  604.78952   158%   521 1050s
  1589  1107     cutoff  499       234.00000  604.78952   158%   513 1055s
  1637  1091     cutoff  523       234.00000  604.78952   158%   502 1060s
  1698  1074  484.91092   14  220  234.00000  604.78798   158%   488 1067s
  1702  1076  449.03541   16  229  234.00000  604.78798   158%   489 1071s
  1708  1080  437.93295   19  223  234.00000  604.78798   158%   489 1075s
  1718  1087  437.59089   24  227  234.00000  604.78798   158%   491 1080s
  1728  1094  451.26162   29  228  234.00000  604.78798   158%   491 1085s
  1740  1102  429.42564   35  216  234.00000  604.78798   158%   492 1090s
  1752  1110  431.31438   41  202  234.00000  604.78798   158%   493 1095s
  1758  1114  411.63984   44  216  234.00000  604.78798   158%   494 1100s
  1768  1120  431.79840   49  221  234.00000  604.78798   158%   495 1105s
  1786  1132  457.11291   58  218  234.00000  604.78798   158%   496 1110s
  1800  1142  394.21151   65  207  234.00000  604.78798   158%   497 1115s
  1814  1151  353.97940   72  201  234.00000  604.78798   158%   497 1120s
  1827  1160  490.66726   79  252  234.00000  604.78798   158%   497 1125s
  1851  1176  473.65250   91  254  234.00000  604.78798   158%   498 1130s
  1864  1184  317.78605   97  167  234.00000  604.78798   158%   499 1135s
  1882  1196  326.69955  106  194  234.00000  604.78798   158%   500 1140s
  1896  1206  353.32097  113  186  234.00000  604.78798   158%   500 1145s
  1914  1218  304.36056  122  164  234.00000  604.78798   158%   500 1150s
  1930  1228  351.97889  130  187  234.00000  604.78798   158%   501 1155s
  1947  1240  419.42411  139  249  234.00000  604.78798   158%   501 1160s
  1964  1251  331.93664  147  181  234.00000  604.78798   158%   501 1165s
H 1975  1198                     247.0000000  604.78798   145%   501 1179s
H 1975  1121                     264.0000000  604.78798   129%   501 1226s
  1986  1130  302.87366  158  159  264.00000  604.78798   129%   501 1230s
  1998  1136  295.83069  164  180  264.00000  604.78798   129%   501 1235s
  2012  1144  291.11735  171  160  264.00000  604.78798   129%   501 1240s
  2028  1154  293.41749  179  157  264.00000  604.78798   129%   501 1245s
  2044  1162  274.01664  187  162  264.00000  604.78798   129%   501 1250s
  2063  1171  360.77994  197  207  264.00000  604.78798   129%   500 1255s
  2083  1173  351.98304  207  202  264.00000  604.78798   129%   499 1260s
  2109  1167  343.80461  220  206  264.00000  604.78798   129%   496 1265s
  2132  1160     cutoff  231       264.00000  604.78798   129%   495 1270s
  2166  1151     cutoff  248       264.00000  604.78798   129%   491 1275s
  2210  1136     cutoff  270       264.00000  604.78798   129%   485 1280s
  2293  1131  440.17348   12  228  264.00000  597.22472   126%   471 1285s
  2309  1147  288.36515   20  170  264.00000  597.22472   126%   471 1290s
  2326  1164  398.27297   29  224  264.00000  597.22472   126%   470 1295s
  2361  1198  317.13840   46  173  264.00000  597.22472   126%   468 1301s
  2378  1209  363.24906   55  215  264.00000  597.22472   126%   466 1323s
  2389  1212  271.10579   60  143  264.00000  597.22472   126%   466 1325s
  2429  1229     cutoff   80       264.00000  597.22472   126%   462 1330s
  2496  1230  267.23623  114  181  264.00000  597.22472   126%   453 1335s
  2511  1235  584.90346   48  282  264.00000  597.01217   126%   452 1340s
  2518  1242  425.98448   51  227  264.00000  597.01217   126%   453 1345s
  2526  1250  454.57956   55  229  264.00000  597.01217   126%   454 1350s
  2532  1256  427.98386   58  215  264.00000  597.01217   126%   454 1355s
  2540  1264  454.15871   62  198  264.00000  597.01217   126%   455 1360s
  2548  1272  396.27718   66  177  264.00000  597.01217   126%   456 1365s
  2560  1284  420.08569   72  199  264.00000  597.01217   126%   457 1370s
  2564  1288  433.77139   74  226  264.00000  597.01217   126%   457 1382s
  2570  1294  408.25374   77  221  264.00000  597.01217   126%   458 1385s
  2578  1302  385.09578   81  212  264.00000  597.01217   126%   458 1390s
  2588  1312  415.32521   86  197  264.00000  597.01217   126%   459 1395s
  2599  1323  517.46220   92  261  264.00000  597.01217   126%   459 1400s
  2608  1332  370.20310   96  163  264.00000  597.01217   126%   460 1405s
  2620  1344  390.27283  102  202  264.00000  597.01217   126%   461 1410s
  2632  1356  398.41150  108  190  264.00000  597.01217   126%   461 1415s
  2644  1368  360.68174  114  189  264.00000  597.01217   126%   462 1420s
  2654  1378  388.62549  119  201  264.00000  597.01217   126%   463 1425s
  2664  1388  395.78751  124  210  264.00000  597.01217   126%   463 1430s
  2672  1396  364.82090  128  180  264.00000  597.01217   126%   464 1435s
  2684  1408  339.55768  134  170  264.00000  597.01217   126%   464 1440s
  2697  1421  458.01105  141  239  264.00000  597.01217   126%   465 1445s
  2710  1434  348.53404  147  177  264.00000  597.01217   126%   465 1450s
  2722  1446  349.52241  153  191  264.00000  597.01217   126%   466 1455s
  2736  1460  305.22030  160  155  264.00000  597.01217   126%   466 1460s
  2748  1472  322.65770  166  187  264.00000  597.01217   126%   467 1465s
  2758  1482  328.73093  171  198  264.00000  597.01217   126%   467 1470s
  2772  1496  326.91252  178  175  264.00000  597.01217   126%   468 1475s
  2790  1513  293.37180  187  153  264.00000  597.01217   126%   468 1480s
  2808  1531  292.77185  196  166  264.00000  597.01217   126%   468 1485s
  2820  1542  284.62459  202  156  264.00000  597.01217   126%   469 1490s
  2835  1555  391.64523  210  223  264.00000  597.01217   126%   469 1495s
  2850  1568  266.37373  217  149  264.00000  597.01217   126%   469 1500s
  2866  1578  295.14587  225  174  264.00000  597.01217   126%   470 1506s
  2882  1587  276.87282  233  148  264.00000  597.01217   126%   469 1510s
  2903  1597  356.56400  244  220  264.00000  597.01217   126%   469 1515s
  2926  1602     cutoff  255       264.00000  597.01217   126%   468 1520s
  2948  1607     cutoff  266       264.00000  597.01217   126%   467 1525s
  2976  1607     cutoff  280       264.00000  597.01217   126%   465 1530s
  3006  1607     cutoff  295       264.00000  597.01217   126%   463 1535s
  3060  1607     cutoff  322       264.00000  597.01217   126%   458 1540s
  3131  1608  338.66355   45  165  264.00000  589.49835   123%   450 1545s
  3157  1634  289.71391   58  141  264.00000  589.49835   123%   449 1550s
  3193  1658  306.46232   76  156  264.00000  589.49835   123%   448 1555s
  3229  1671  269.40194   94  147  264.00000  589.49835   123%   447 1560s
  3330  1672  587.89083   16  265  264.00000  587.89083   123%   437 1565s
  3335  1677  582.68284   19  257  264.00000  584.86839   122%   437 1588s
  3338  1680  454.95415   20  230  264.00000  582.96386   121%   437 1590s
  3348  1690  443.60496   25  221  264.00000  582.96386   121%   438 1595s
  3362  1704  429.32293   32  216  264.00000  582.96386   121%   439 1601s
  3372  1714  436.97457   37  221  264.00000  582.96386   121%   439 1605s
  3384  1726  426.08006   43  191  264.00000  582.96386   121%   440 1610s
  3398  1740  392.65798   50  214  264.00000  582.96386   121%   441 1615s
  3414  1756  407.31519   58  195  264.00000  582.96386   121%   441 1620s
  3434  1776  382.76410   68  182  264.00000  582.96386   121%   442 1625s
  3448  1790  392.22160   75  191  264.00000  582.96386   121%   442 1630s
  3462  1804  359.81999   82  166  264.00000  582.96386   121%   443 1635s
  3487  1829  469.38551   95  241  264.00000  582.96386   121%   443 1640s
  3514  1856  375.59373  108  198  264.00000  582.96386   121%   444 1645s
  3534  1876  321.43372  118  147  264.00000  582.96386   121%   445 1650s
  3556  1898  312.41691  129  161  264.00000  582.96386   121%   445 1655s
  3578  1920  319.07253  140  173  264.00000  582.96386   121%   445 1660s
  3603  1945  393.18853  153  208  264.00000  582.96386   121%   445 1665s
  3632  1967  287.07794  167  159  264.00000  582.96386   121%   445 1670s
  3685  1986  345.89959  194  200  264.00000  582.96386   121%   444 1675s
  3731  1988  322.00704  217  204  264.00000  582.96386   121%   442 1680s
  3809  1990  289.26205  256  167  264.00000  582.96386   121%   436 1685s
  3879  1996  398.50998   45  211  264.00000  582.90031   121%   431 1690s
  3891  2008  431.02972   51  206  264.00000  582.90031   121%   432 1695s
  3907  2024  431.12253   59  217  264.00000  582.90031   121%   432 1700s
  3917  2034  418.81759   64  210  264.00000  582.90031   121%   433 1705s
  3933  2050  431.37350   72  210  264.00000  582.90031   121%   434 1710s
  3949  2066  411.85569   80  196  264.00000  582.90031   121%   434 1715s
  3965  2082  360.27099   88  188  264.00000  582.90031   121%   435 1720s
  3981  2098  331.92856   96  170  264.00000  582.90031   121%   436 1725s
  3997  2114  390.92778  104  204  264.00000  582.90031   121%   437 1730s
  4013  2130  346.99974  112  203  264.00000  582.90031   121%   437 1736s
  4025  2142  343.27761  118  191  264.00000  582.90031   121%   438 1740s
  4051  2168  327.39620  131  177  264.00000  582.90031   121%   438 1745s
  4077  2194  292.43149  144  162  264.00000  582.90031   121%   439 1750s
  4097  2214  276.49044  154  190  264.00000  582.90031   121%   439 1755s
  4121  2236  301.30021  166  184  264.00000  582.90031   121%   440 1760s
  4145  2257  268.00247  178  150  264.00000  582.90031   121%   440 1765s
  4165  2276  265.38601  188  144  264.00000  582.90031   121%   440 1770s
  4191  2293  268.01513  201  151  264.00000  582.90031   121%   440 1775s
  4223  2304  265.66500  217  141  264.00000  582.90031   121%   440 1780s
  4263  2308     cutoff  237       264.00000  582.90031   121%   439 1785s
  4315  2310     cutoff  263       264.00000  582.90031   121%   436 1790s
  4384  2311  288.09749  298  173  264.00000  582.90031   121%   432 1795s
  4460  2323  324.43148   48  171  264.00000  582.09470   120%   427 1800s

Explored 4461 nodes (1910199 simplex iterations) in 1800.01 seconds (761.97 work units)
Thread count was 1 (of 12 available processors)

Solution count 10: 264 247 234 ... 167

Time limit reached
Best objective 2.640000000000e+02, best bound 5.820000000000e+02, gap 120.4545%
