
Gurobi 12.0.2 (linux64, C++) logging started Thu Jun 19 08:00:21 2025

Set parameter LogFile to value "log/instances/scenario2/correlated_sc2/700/kpfs_4.txt.log"

Gurobi 12.0.2 (linux64, C++) logging started Thu Jun 19 08:01:44 2025

Set parameter LogFile to value "log/instances/scenario2/correlated_sc2/700/kpfs_4.txt.log"

Gurobi 12.0.2 (linux64, C++) logging started Thu Jun 19 08:02:55 2025

Set parameter LogFile to value "log/instances/scenario2/correlated_sc2/700/kpfs_4.txt.log"

Gurobi 12.0.2 (linux64, C++) logging started Fri Jun 20 00:37:25 2025

Set parameter WLSAccessID
Set parameter WLSSecret
Set parameter LicenseID to value 2679381
Set parameter LogFile to value "log/instances/scenario2/correlated_sc2/700/kpfs_4.txt.log"
Academic license 2679381 - for non-commercial use only - registered to be___@poli.ufrj.br
Set parameter TimeLimit to value 1800
Set parameter Threads to value 1
Gurobi Optimizer version 12.0.2 build v12.0.2rc0 (linux64 - "Ubuntu 24.04.1 LTS")

CPU model: 13th Gen Intel(R) Core(TM) i7-1355U, instruction set [SSE2|AVX|AVX2]
Thread count: 6 physical cores, 12 logical processors, using up to 1 threads

Non-default parameters:
TimeLimit  1800
Threads  1

Academic license 2679381 - for non-commercial use only - registered to be___@poli.ufrj.br
Optimize a model with 2102 rows, 2800 columns and 44023 nonzeros
Model fingerprint: 0xa4f4350a
Variable types: 0 continuous, 2800 integer (700 binary)
Coefficient statistics:
  Matrix range     [1e+00, 3e+01]
  Objective range  [1e+00, 4e+01]
  Bounds range     [1e+00, 3e+01]
  RHS range        [1e+00, 1e+03]
Found heuristic solution: objective 62.0000000
Presolve removed 0 rows and 10 columns
Presolve time: 0.27s
Presolved: 2102 rows, 2790 columns, 44003 nonzeros
Variable types: 0 continuous, 2790 integer (753 binary)

Root relaxation: objective 7.358589e+02, 4029 iterations, 2.97 seconds (1.49 work units)

    Nodes    |    Current Node    |     Objective Bounds      |     Work
 Expl Unexpl |  Obj  Depth IntInf | Incumbent    BestBd   Gap | It/Node Time

     0     0  735.85887    0  339   62.00000  735.85887  1087%     -    3s
H    0     0                      76.0000000  735.85887   868%     -    3s
H    0     0                      79.0000000  735.85887   831%     -    3s
H    0     0                     120.0000000  735.85887   513%     -    3s
H    0     0                     134.0000000  735.85887   449%     -    3s
H    0     0                     140.0000000  735.85887   426%     -    3s
H    0     0                     147.0000000  735.85887   401%     -    3s
H    0     0                     153.0000000  735.85887   381%     -    3s
H    0     0                     177.0000000  735.85887   316%     -    3s
H    0     0                     179.0000000  735.85887   311%     -    4s
H    0     0                     181.0000000  735.85887   307%     -    4s
H    0     0                     188.0000000  735.85887   291%     -    4s
H    0     0                     234.0000000  735.85887   214%     -    7s
     0     0  734.79379    0  329  234.00000  734.79379   214%     -    9s
     0     0  734.60420    0  332  234.00000  734.60420   214%     -   16s
     0     0  734.54747    0  331  234.00000  734.54747   214%     -   16s
     0     0  734.51699    0  336  234.00000  734.51699   214%     -   16s
     0     0  734.26394    0  330  234.00000  734.26394   214%     -   19s
     0     0  734.19048    0  321  234.00000  734.19048   214%     -   19s
     0     0  734.17455    0  321  234.00000  734.17455   214%     -   19s
     0     0  734.17019    0  325  234.00000  734.17019   214%     -   19s
     0     0  734.15290    0  319  234.00000  734.15290   214%     -   19s
     0     0  734.05792    0  325  234.00000  734.05792   214%     -   24s
     0     0  734.04577    0  324  234.00000  734.04577   214%     -   24s
     0     0  734.04353    0  326  234.00000  734.04353   214%     -   24s
     0     0  733.98484    0  327  234.00000  733.98484   214%     -   30s
     0     0  733.97996    0  323  234.00000  733.97996   214%     -   30s
     0     0  733.94814    0  324  234.00000  733.94814   214%     -   36s
     0     0  733.94113    0  325  234.00000  733.94113   214%     -   36s
     0     0  733.93913    0  327  234.00000  733.93913   214%     -   36s
     0     2  733.93319    0  327  234.00000  733.93319   214%     -   39s
     1     3  730.18278    1  337  234.00000  733.93319   214%   691   40s
    14    16  710.67632   12  338  234.00000  724.90616   210%   490   45s
    32    34  693.67653   29  334  234.00000  724.90616   210%   409   50s
    47    49  678.11378   41  333  234.00000  724.90616   210%   465   55s
    85    87  647.90745   79  304  234.00000  724.90616   210%   337   60s
H  104   104                     242.0000000  724.90616   200%   330   63s
H  104   104                     246.0000000  724.90616   195%   330   63s
   124   126  615.71141  117  275  246.00000  724.90616   195%   298   65s
   151   153  584.72041  141  280  246.00000  724.90616   195%   304   70s
   186   188  557.27553  176  269  246.00000  724.90616   195%   291   75s
   209   211  535.78246  196  268  246.00000  724.90616   195%   311   80s
   248   250  394.07889  232  177  246.00000  724.90616   195%   295   85s
   291   293  479.66208  275  230  246.00000  724.90616   195%   269   90s
   357   359  431.97346  340  202  246.00000  724.90616   195%   242   95s
   397   399  398.82372  380  196  246.00000  724.90616   195%   229  100s
   499   501  336.40538  480  138  246.00000  724.90616   195%   200  105s
   627   615  296.31478  544  327  246.00000  721.80175   193%   171  119s
   629   616  267.83039  580  339  246.00000  721.80175   193%   170  128s
   631   618  512.43460  228  339  246.00000  721.80175   193%   169  139s
   632   620  721.80175   16  337  246.00000  721.80175   193%   176  141s
   637   624  562.51880   18  276  246.00000  721.80175   193%   184  145s
   643   628  530.77692   21  253  246.00000  715.83325   191%   196  151s
   647   630  546.30658   23  257  246.00000  712.00382   189%   203  155s
   653   634  550.49524   26  263  246.00000  708.59409   188%   212  161s
   657   637  571.43925   28  269  246.00000  703.27811   186%   217  166s
   661   640  504.22884   30  248  246.00000  699.45007   184%   224  170s
   665   642  535.16178   32  241  246.00000  694.92829   182%   230  175s
   671   646  475.91096   35  241  246.00000  692.26293   181%   237  181s
   676   650  687.37760   38  328  246.00000  688.78792   180%   243  185s
   681   653  530.78753   40  256  246.00000  685.37674   179%   250  190s
   685   656  567.70845   42  265  246.00000  682.92085   178%   256  195s
   691   660  561.29063   45  246  246.00000  680.52211   177%   263  200s
   695   662  502.33383   47  237  246.00000  678.67255   176%   268  206s
   700   666  672.34300   50  326  246.00000  676.05705   175%   274  210s
   707   670  489.10136   53  212  246.00000  667.32737   171%   284  215s
   713   674  539.02173   56  248  246.00000  661.65459   169%   292  221s
   717   677  500.48623   58  245  246.00000  659.60306   168%   297  225s
   723   681  461.35706   61  219  246.00000  656.36772   167%   304  230s
   729   685  525.61967   64  254  246.00000  653.89170   166%   308  235s
   734   688  651.15187   67  316  246.00000  651.78040   165%   313  240s
   740   692  649.18089   70  315  246.00000  649.77143   164%   319  245s
   746   696  646.39849   73  308  246.00000  647.91258   163%   326  250s
   753   701  463.62496   76  220  246.00000  644.92754   162%   333  255s
   760   706  640.19102   80  304  246.00000  641.32194   161%   339  260s
   767   710  563.56659   83  252  246.00000  632.51201   157%   347  265s
   773   714  490.12624   86  241  246.00000  628.92269   156%   352  270s
   777   717  487.64329   88  248  246.00000  625.60660   154%   357  275s
   783   721  490.93612   91  239  246.00000  623.13692   153%   362  280s
   790   726  620.13510   95  316  246.00000  620.13510   152%   366  285s
   793   728  486.93118   96  251  246.00000  619.67238   152%   371  309s
   795   729  460.75275   97  235  246.00000  618.42885   151%   372  311s
   801   733  460.43957  100  231  246.00000  615.38406   150%   378  315s
   807   737  503.40213  103  244  246.00000  615.38406   150%   383  320s
   813   741  461.87857  106  238  246.00000  615.38406   150%   386  325s
   817   744  415.16022  108  219  246.00000  615.38406   150%   390  330s
   821   746  481.63835  110  213  246.00000  615.38406   150%   392  335s
   825   749  457.65527  112  203  246.00000  615.38406   150%   394  341s
   829   752  433.21969  114  193  246.00000  615.38406   150%   397  345s
   833   754  513.22591  116  238  246.00000  615.38406   150%   399  350s
   837   757  440.44630  118  217  246.00000  615.38406   150%   403  355s
   843   761  463.62218  121  226  246.00000  615.38406   150%   406  360s
   851   766  456.86710  125  221  246.00000  615.38406   150%   412  366s
   853   768  445.47165  126  229  246.00000  615.38406   150%   413  372s
   856   770  592.99819  128  285  246.00000  615.38406   150%   414  375s
   861   773  446.39861  130  201  246.00000  615.38406   150%   418  380s
   866   776  589.11211  133  297  246.00000  615.38406   150%   421  385s
   870   779  586.95290  135  289  246.00000  615.38406   150%   422  390s
   875   782  417.96028  137  205  246.00000  615.38406   150%   425  395s
   880   786  583.68448  140  278  246.00000  615.38406   150%   427  400s
   884   788  580.63010  142  297  246.00000  615.38406   150%   430  405s
   889   792  426.91892  144  212  246.00000  615.38406   150%   433  410s
H  891   760                     252.0000000  615.38406   144%   432  412s
   895   765  457.48139  147  221  252.00000  615.38406   144%   437  416s
   900   768  574.39056  150  293  252.00000  615.38406   144%   438  420s
   905   771  432.13392  152  195  252.00000  615.38406   144%   442  426s
   909   774  421.42867  154  206  252.00000  615.38406   144%   443  430s
   915   778  427.22789  157  221  252.00000  615.38406   144%   446  435s
   919   781  426.88596  159  229  252.00000  615.38406   144%   448  441s
   924   784  559.78578  162  289  252.00000  615.38406   144%   450  445s
   930   788  556.41678  165  277  252.00000  615.38406   144%   452  450s
   935   791  399.94426  167  202  252.00000  615.38406   144%   455  455s
   940   795  551.73931  170  288  252.00000  615.38406   144%   455  460s
   946   799  548.82258  173  281  252.00000  615.38406   144%   457  466s
   953   803  454.18867  176  213  252.00000  615.38406   144%   460  470s
   960   808  544.01886  180  277  252.00000  615.38406   144%   462  475s
   969   814  410.74703  184  195  252.00000  615.38406   144%   465  480s
   975   818  401.09100  187  214  252.00000  615.38406   144%   467  486s
   979   821  359.21667  189  178  252.00000  615.38406   144%   468  490s
   985   825  384.26060  192  188  252.00000  615.38406   144%   470  496s
   990   828  530.42067  195  277  252.00000  615.38406   144%   471  500s
   995   831  377.15988  197  199  252.00000  615.38406   144%   473  507s
   998   833  525.14168  199  274  252.00000  615.38406   144%   473  510s
  1003   837  339.86409  201  181  252.00000  615.38406   144%   475  515s
  1009   841  378.74381  204  185  252.00000  615.38406   144%   477  520s
  1015   845  390.82541  207  180  252.00000  615.38406   144%   479  525s
  1020   848  514.87756  210  270  252.00000  615.38406   144%   479  530s
  1027   853  368.56169  213  165  252.00000  615.38406   144%   482  535s
  1034   857  507.95615  217  271  252.00000  615.38406   144%   483  540s
  1039   861  365.13172  219  174  252.00000  615.38406   144%   484  545s
  1045   865  403.36681  222  186  252.00000  615.38406   144%   486  550s
  1052   869  498.38141  226  266  252.00000  615.38406   144%   487  555s
  1060   875  495.75272  230  265  252.00000  615.38406   144%   488  560s
  1067   879  364.15385  233  189  252.00000  615.38406   144%   490  566s
  1073   883  357.26080  236  183  252.00000  615.38406   144%   492  574s
  1074   884  490.22137  237  261  252.00000  615.38406   144%   491  576s
  1079   887  373.39841  239  171  252.00000  615.38406   144%   493  580s
  1085   891  310.11799  242  170  252.00000  615.38406   144%   494  586s
  1089   894  359.07996  244  174  252.00000  615.38406   144%   495  590s
  1097   899  407.45747  248  199  252.00000  615.38406   144%   497  595s
  1103   903  347.08826  251  182  252.00000  615.38406   144%   498  600s
  1111   909  364.42874  255  165  252.00000  615.38406   144%   499  606s
  1119   914  360.14382  259  199  252.00000  615.38406   144%   500  610s
  1129   921  379.41870  264  197  252.00000  615.38406   144%   502  615s
  1144   931  458.72837  272  241  252.00000  615.38406   144%   504  620s
  1151   935  315.65056  275  128  252.00000  615.38406   144%   506  627s
  1157   939  334.94658  278  173  252.00000  615.38406   144%   506  630s
  1167   946  300.76302  283  129  252.00000  615.38406   144%   508  635s
  1174   951  448.36539  287  242  252.00000  615.38406   144%   508  640s
  1184   957  446.20511  292  244  252.00000  615.38406   144%   509  645s
  1194   964  442.38480  297  234  252.00000  615.38406   144%   511  650s
  1203   970  304.09204  301  150  252.00000  615.38406   144%   512  655s
  1213   977  331.43374  306  158  252.00000  615.38406   144%   513  660s
  1225   985  329.51935  312  159  252.00000  615.38406   144%   515  665s
  1229   987  325.06080  314  151  252.00000  615.38406   144%   515  674s
  1230   988  426.52840  315  238  252.00000  615.38406   144%   515  675s
  1241   995  303.16146  320  140  252.00000  615.38406   144%   516  680s
  1253  1003  322.49043  326  139  252.00000  615.38406   144%   516  685s
  1263  1010  287.52407  331  157  252.00000  615.38406   144%   517  690s
  1273  1017  310.83297  336  172  252.00000  615.38406   144%   518  695s
  1285  1025  320.66388  342  166  252.00000  615.38406   144%   518  700s
  1295  1031  260.04018  347  132  252.00000  615.38406   144%   519  705s
  1308  1040  394.57131  354  221  252.00000  615.38406   144%   519  710s
  1316  1045  391.03287  358  222  252.00000  615.38406   144%   519  720s
  1329  1054  292.05358  364  142  252.00000  615.38406   144%   520  725s
  1343  1061  269.49894  371  156  252.00000  615.38406   144%   520  730s
  1359  1068  259.23142  379  136  252.00000  615.38406   144%   520  735s
  1373  1069     cutoff  386       252.00000  615.38406   144%   520  740s
  1391  1073     cutoff  395       252.00000  615.38406   144%   519  745s
  1411  1074     cutoff  405       252.00000  615.38406   144%   518  750s
  1433  1072     cutoff  416       252.00000  615.38406   144%   517  755s
  1463  1064     cutoff  431       252.00000  615.38406   144%   513  760s
  1515  1050     cutoff  457       252.00000  615.38406   144%   505  765s
  1560  1036  297.12404  480  168  252.00000  615.38406   144%   497  770s
  1658  1003  261.65450  529  144  252.00000  615.38406   144%   475  775s
  1693   998  464.52631   21  202  252.00000  615.36052   144%   469  780s
  1702  1004  587.49987   26  271  252.00000  615.36052   144%   470  785s
  1712  1010  575.76874   31  254  252.00000  615.36052   144%   472  790s
  1722  1017  565.44020   36  253  252.00000  615.36052   144%   473  795s
  1733  1024  422.04405   41  192  252.00000  615.36052   144%   474  800s
  1741  1030  432.32497   45  203  252.00000  615.36052   144%   475  805s
  1752  1037  542.80047   51  254  252.00000  615.36052   144%   475  810s
  1755  1039  394.92025   52  201  252.00000  615.36052   144%   476  816s
  1763  1044  411.11859   56  200  252.00000  615.36052   144%   476  820s
  1775  1052  363.08105   62  174  252.00000  615.36052   144%   477  825s
  1789  1062  383.63453   69  178  252.00000  615.36052   144%   478  830s
  1803  1071  386.17527   76  194  252.00000  615.36052   144%   479  835s
  1813  1078  396.42426   81  209  252.00000  615.36052   144%   479  840s
  1831  1090  345.32754   90  164  252.00000  615.36052   144%   480  845s
  1849  1102  351.50726   99  164  252.00000  615.36052   144%   480  850s
  1865  1112  326.08812  107  153  252.00000  615.36052   144%   481  855s
  1883  1124  345.76374  116  160  252.00000  615.36052   144%   481  860s
  1915  1146  356.67048  132  184  252.00000  615.36052   144%   482  865s
  1950  1169  411.54454  150  219  252.00000  615.36052   144%   482  870s
  1969  1182  288.72581  159  136  252.00000  615.36052   144%   482  875s
  1975  1186  311.94148  162  173  252.00000  615.36052   144%   482  921s
  1976  1186  397.13982  163  208  252.00000  615.36052   144%   482  926s
  1989  1195  290.20545  169  153  252.00000  615.36052   144%   482  930s
  2015  1210  278.43637  182  157  252.00000  615.36052   144%   481  935s
  2035  1221  273.47109  192  131  252.00000  615.36052   144%   480  940s
  2063  1232  255.20145  206  154  252.00000  615.36052   144%   479  945s
  2123  1229     cutoff  236       252.00000  615.36052   144%   475  950s
  2232  1194  275.32794  291  141  252.00000  615.36052   144%   461  955s
  2304  1182  333.83607   24  160  252.00000  599.57035   138%   451  960s
  2307  1184  479.97279   26  215  252.00000  599.57035   138%   451  973s
  2311  1187  473.42950   28  218  252.00000  599.57035   138%   451  975s
  2334  1202  322.91983   39  151  252.00000  599.57035   138%   451  980s
  2366  1223  320.05408   55  147  252.00000  599.57035   138%   450  985s
  2396  1245  300.93969   70  153  252.00000  599.57035   138%   448  990s
  2430  1278  262.30288   87  128  252.00000  599.57035   138%   447  995s
  2476  1299  263.08344  110  133  252.00000  599.57035   138%   444 1000s
  2538  1305     cutoff  141       252.00000  599.57035   138%   437 1005s
  2594  1311  587.72754   32  280  252.00000  599.48082   138%   431 1010s
  2605  1322  441.64859   37  215  252.00000  599.48082   138%   432 1015s
  2615  1332  428.10595   42  200  252.00000  599.48082   138%   433 1020s
  2627  1344  377.63569   48  191  252.00000  599.48082   138%   434 1025s
  2649  1366  418.58030   59  206  252.00000  599.48082   138%   436 1030s
  2663  1380  413.71257   66  205  252.00000  599.48082   138%   436 1035s
  2673  1390  361.60965   71  190  252.00000  599.48082   138%   437 1040s
  2689  1406  411.42406   79  209  252.00000  599.48082   138%   438 1045s
  2703  1420  347.48484   86  193  252.00000  599.48082   138%   439 1050s
  2717  1434  403.37894   93  212  252.00000  599.48082   138%   440 1055s
  2731  1448  384.22553  100  206  252.00000  599.48082   138%   440 1060s
  2747  1464  365.82972  108  176  252.00000  599.48082   138%   441 1065s
  2761  1478  330.23179  115  165  252.00000  599.48082   138%   442 1070s
  2775  1492  347.66160  122  190  252.00000  599.48082   138%   443 1075s
  2791  1508  335.03674  130  184  252.00000  599.48082   138%   443 1080s
  2805  1522  322.76239  137  179  252.00000  599.48082   138%   445 1085s
  2825  1542  331.90553  147  177  252.00000  599.48082   138%   445 1090s
  2841  1558  325.03434  155  155  252.00000  599.48082   138%   445 1095s
  2859  1576  291.88254  164  164  252.00000  599.48082   138%   446 1100s
  2883  1600  302.29949  176  158  252.00000  599.48082   138%   446 1105s
  2905  1622  316.64621  187  158  252.00000  599.48082   138%   446 1110s
  2923  1639  287.42334  196  150  252.00000  599.48082   138%   447 1115s
  2929  1643  272.65199  199  134  252.00000  599.48082   138%   447 1126s
  2945  1657     cutoff  207       252.00000  599.48082   138%   447 1130s
  2969  1674     cutoff  219       252.00000  599.48082   138%   446 1135s
  2989  1688     cutoff  229       252.00000  599.48082   138%   446 1140s
  3018  1703  341.68607  244  193  252.00000  599.48082   138%   445 1145s
  3063  1702     cutoff  266       252.00000  599.48082   138%   443 1150s
  3129  1702     cutoff  299       252.00000  599.48082   138%   437 1155s
  3256  1715  334.24349   35  174  252.00000  595.75855   136%   426 1160s
  3285  1744  402.37830   50  208  252.00000  595.75855   136%   425 1165s
  3308  1766  264.36193   61  130  252.00000  595.75855   136%   424 1170s
  3342  1797  297.81829   78  142  252.00000  595.75855   136%   423 1175s
  3402  1811     cutoff  108       252.00000  595.75855   136%   420 1180s
  3510  1817  585.15855   21  272  252.00000  589.12175   134%   411 1185s
  3525  1832  452.43220   28  227  252.00000  589.12175   134%   412 1190s
  3539  1846  412.09967   35  192  252.00000  589.12175   134%   413 1195s
  3553  1860  430.64753   42  211  252.00000  589.12175   134%   414 1200s
  3564  1871  537.45531   48  262  252.00000  589.12175   134%   414 1205s
  3579  1886  389.58829   55  199  252.00000  589.12175   134%   415 1210s
  3595  1902  386.50552   63  179  252.00000  589.12175   134%   416 1215s
  3601  1908  401.92042   66  186  252.00000  589.12175   134%   416 1220s
  3615  1922  371.46057   73  171  252.00000  589.12175   134%   417 1225s
  3631  1938  358.97423   81  169  252.00000  589.12175   134%   418 1230s
  3651  1958  346.43245   91  166  252.00000  589.12175   134%   419 1235s
  3665  1972  363.25136   98  173  252.00000  589.12175   134%   419 1240s
  3683  1990  342.98302  107  182  252.00000  589.12175   134%   420 1245s
  3701  2008  329.54765  116  144  252.00000  589.12175   134%   420 1250s
  3723  2030  331.06770  127  170  252.00000  589.12175   134%   421 1255s
  3755  2062  343.34782  143  180  252.00000  589.12175   134%   422 1260s
  3779  2086  312.14150  155  163  252.00000  589.12175   134%   422 1265s
  3801  2108  310.18670  166  173  252.00000  589.12175   134%   422 1270s
  3825  2131  260.12849  178  138  252.00000  589.12175   134%   422 1275s
  3853  2155  257.38683  192  142  252.00000  589.12175   134%   422 1280s
  3876  2168  364.06946  204  201  252.00000  589.12175   134%   422 1285s
  3905  2183     cutoff  218       252.00000  589.12175   134%   422 1290s
  3948  2192  327.72593  240  173  252.00000  589.12175   134%   420 1295s
  4018  2192  299.51536  275  159  252.00000  589.12175   134%   416 1300s
  4122  2190  492.26750   18  245  252.00000  588.88545   134%   409 1305s
  4143  2211  453.28429   29  233  252.00000  588.88545   134%   409 1310s
  4170  2238  320.81914   42  163  252.00000  588.88545   134%   409 1315s
  4198  2266  283.70445   56  152  252.00000  588.88545   134%   409 1320s
  4234  2300  292.27021   74  144  252.00000  588.88545   134%   409 1325s
  4274  2333  260.32434   94  172  252.00000  588.88545   134%   408 1330s
  4386  2347     cutoff  150       252.00000  588.88545   134%   403 1335s
  4480  2352  465.89904   35  225  252.00000  588.85887   134%   397 1340s
  4492  2364  432.73098   41  225  252.00000  588.85887   134%   398 1345s
  4514  2386  432.11469   52  213  252.00000  588.85887   134%   399 1350s
  4530  2402  378.26448   60  191  252.00000  588.85887   134%   400 1355s
  4544  2416  381.69356   67  188  252.00000  588.85887   134%   400 1360s
  4558  2430  362.48998   74  195  252.00000  588.85887   134%   401 1365s
  4571  2443  495.24264   81  255  252.00000  588.85887   134%   402 1370s
  4586  2458  339.93332   88  182  252.00000  588.85887   134%   402 1375s
  4602  2474  350.21047   96  172  252.00000  588.85887   134%   403 1380s
  4620  2492  356.12232  105  192  252.00000  588.85887   134%   404 1393s
  4624  2496  331.85803  107  173  252.00000  588.85887   134%   404 1395s
  4642  2514  350.86768  116  164  252.00000  588.85887   134%   404 1400s
  4658  2530  330.81776  124  196  252.00000  588.85887   134%   405 1405s
  4674  2546  347.19177  132  194  252.00000  588.85887   134%   406 1410s
  4690  2562  289.85346  140  153  252.00000  588.85887   134%   406 1415s
  4708  2580  293.00415  149  167  252.00000  588.85887   134%   407 1420s
  4727  2599  408.35789  159  221  252.00000  588.85887   134%   407 1425s
  4748  2620  291.22003  169  150  252.00000  588.85887   134%   407 1430s
  4766  2636     cutoff  178       252.00000  588.85887   134%   408 1435s
  4783  2651  377.75278  187  219  252.00000  588.85887   134%   408 1448s
  4790  2657  328.31827  190  182  252.00000  588.85887   134%   408 1450s
  4813  2671  360.06261  202  228  252.00000  588.85887   134%   408 1455s
  4836  2680     cutoff  213       252.00000  588.85887   134%   409 1460s
  4869  2696  333.87185  230  204  252.00000  588.85887   134%   408 1466s
  4896  2695     cutoff  243       252.00000  588.85887   134%   408 1470s
  4938  2696     cutoff  264       252.00000  588.85887   134%   407 1475s
  5006  2696     cutoff  298       252.00000  588.85887   134%   403 1480s
  5119  2697  254.07852  355  132  252.00000  588.85887   134%   397 1485s
  5206  2775  299.10204  112  172  252.00000  583.19681   131%   392 1490s
  5262  2819  541.94928   44  251  252.00000  583.11738   131%   388 1495s
  5327  2884  455.66867  109  222  252.00000  583.11738   131%   385 1500s
  5422  2979  348.69771  204  183  252.00000  583.11738   131%   381 1505s
  5586  3129  307.89120   73  166  252.00000  580.02035   130%   372 1510s
  5748  3271  458.34010   32  214  252.00000  573.63821   128%   364 1515s
  5851  3374  289.92664  135  175  252.00000  573.63821   128%   359 1520s
  6003  3504  481.48877   29  238  252.00000  571.41714   127%   352 1525s
  6107  3608  302.01873  133  178  252.00000  571.41714   127%   348 1530s
  6207  3697  483.30072   77  252  252.00000  570.28515   126%   344 1535s
  6278  3768  407.38679  148  224  252.00000  570.28515   126%   341 1540s
  6385  3875  307.54892  255  183  252.00000  570.28515   126%   337 1545s
  6513  3977  463.13932   30  201  252.00000  567.66648   125%   332 1550s
  6652  4106  420.33997   43  213  252.00000  567.62260   125%   327 1555s
  6668  4122  310.83640   51  142  252.00000  567.62260   125%   327 1560s
  6700  4154  268.03086   67  123  252.00000  567.62260   125%   327 1565s
  6743  4174  329.90199   89  181  252.00000  567.62260   125%   327 1570s
  6835  4175  270.10274  135  165  252.00000  567.62260   125%   324 1575s
  6911  4217  495.43390   87  256  252.00000  566.65944   125%   322 1580s
  6986  4292  409.07152  162  244  252.00000  566.65944   125%   320 1585s
  7019  4325  374.54061  195  223  252.00000  566.65944   125%   319 1595s
  7186  4478  321.11459   40  177  252.00000  566.64169   125%   314 1600s
  7387  4659  278.99224   62  178  252.00000  565.28399   124%   308 1605s
  7565  4815  549.96731   88  249  252.00000  563.40013   124%   303 1610s
  7635  4851  401.02640   84  181  252.00000  563.32830   124%   301 1615s
  7760  4958  284.39156   57  150  252.00000  562.48818   123%   298 1620s
  7828  5005  426.89837   19  216  252.00000  561.76059   123%   296 1625s
  7875  5052  321.84437   66  185  252.00000  561.76059   123%   295 1630s
  8013  5164  375.55751   64  205  252.00000  561.34998   123%   292 1635s
  8173  5314  330.38412   94  184  252.00000  561.24944   123%   287 1640s
  8288  5419  466.23491  100  236  252.00000  561.20252   123%   285 1645s
  8381  5512  363.99325  193  211  252.00000  561.20252   123%   283 1650s
  8533  5650  328.23688   50  167  252.00000  560.91526   123%   279 1655s
  8694  5788  461.38406   73  243  252.00000  560.68155   122%   276 1660s
  8732  5818  380.64391   35  213  252.00000  560.63555   122%   276 1665s
  8748  5834  409.88197   43  235  252.00000  560.63555   122%   277 1671s
  8758  5844  384.51889   48  217  252.00000  560.63555   122%   277 1675s
  8768  5854  379.55183   53  192  252.00000  560.63555   122%   278 1680s
  8778  5864  347.05771   58  193  252.00000  560.63555   122%   278 1685s
  8792  5878  354.60391   65  203  252.00000  560.63555   122%   279 1690s
  8804  5890  365.64344   71  189  252.00000  560.63555   122%   279 1695s
  8816  5902  364.15513   77  196  252.00000  560.63555   122%   280 1700s
  8826  5912  325.31078   82  199  252.00000  560.63555   122%   280 1705s
  8838  5924  352.12918   88  208  252.00000  560.63555   122%   280 1710s
  8841  5927  457.72183   90  246  252.00000  560.63555   122%   280 1726s
  8850  5936  363.56318   94  183  252.00000  560.63555   122%   281 1730s
  8863  5949  443.17142  101  252  252.00000  560.63555   122%   281 1735s
  8874  5960  309.17838  106  188  252.00000  560.63555   122%   281 1740s
  8884  5970  335.47218  111  204  252.00000  560.63555   122%   282 1745s
  8896  5982  281.97615  117  160  252.00000  560.63555   122%   282 1750s
  8909  5995  412.11222  124  254  252.00000  560.63555   122%   282 1755s
  8926  6012  271.87447  132  184  252.00000  560.63555   122%   283 1760s
  8940  6026  276.97963  139  183  252.00000  560.63555   122%   283 1765s
  8954  6039  293.83512  146  166  252.00000  560.63555   122%   284 1770s
  8968  6049  271.87872  153  180  252.00000  560.63555   122%   284 1775s
  8982  6063  281.57979  160  194  252.00000  560.63555   122%   284 1780s
  8999  6074  362.41530  169  242  252.00000  560.63555   122%   285 1785s
  9018  6080     cutoff  178       252.00000  560.63555   122%   285 1790s
  9038  6089  256.35423  188  155  252.00000  560.63555   122%   285 1795s

Explored 9062 nodes (2591607 simplex iterations) in 1800.01 seconds (920.96 work units)
Thread count was 1 (of 12 available processors)

Solution count 10: 252 246 242 ... 147

Time limit reached
Best objective 2.520000000000e+02, best bound 5.600000000000e+02, gap 122.2222%
