
Gurobi 12.0.2 (linux64, C++) logging started Thu Jun 19 08:00:21 2025

Set parameter LogFile to value "log/instances/scenario2/correlated_sc2/700/kpfs_9.txt.log"

Gurobi 12.0.2 (linux64, C++) logging started Thu Jun 19 08:01:44 2025

Set parameter LogFile to value "log/instances/scenario2/correlated_sc2/700/kpfs_9.txt.log"

Gurobi 12.0.2 (linux64, C++) logging started Thu Jun 19 08:02:56 2025

Set parameter LogFile to value "log/instances/scenario2/correlated_sc2/700/kpfs_9.txt.log"

Gurobi 12.0.2 (linux64, C++) logging started Fri Jun 20 03:07:26 2025

Set parameter WLSAccessID
Set parameter WLSSecret
Set parameter LicenseID to value 2679381
Set parameter LogFile to value "log/instances/scenario2/correlated_sc2/700/kpfs_9.txt.log"
Academic license 2679381 - for non-commercial use only - registered to be___@poli.ufrj.br
Set parameter TimeLimit to value 1800
Set parameter Threads to value 1
Gurobi Optimizer version 12.0.2 build v12.0.2rc0 (linux64 - "Ubuntu 24.04.1 LTS")

CPU model: 13th Gen Intel(R) Core(TM) i7-1355U, instruction set [SSE2|AVX|AVX2]
Thread count: 6 physical cores, 12 logical processors, using up to 1 threads

Non-default parameters:
TimeLimit  1800
Threads  1

Academic license 2679381 - for non-commercial use only - registered to be___@poli.ufrj.br
Optimize a model with 2102 rows, 2800 columns and 44912 nonzeros
Model fingerprint: 0x0c9290bd
Variable types: 0 continuous, 2800 integer (700 binary)
Coefficient statistics:
  Matrix range     [1e+00, 3e+01]
  Objective range  [1e+00, 4e+01]
  Bounds range     [1e+00, 3e+01]
  RHS range        [1e+00, 1e+03]
Found heuristic solution: objective 113.0000000
Presolve removed 0 rows and 9 columns
Presolve time: 0.28s
Presolved: 2102 rows, 2791 columns, 44894 nonzeros
Variable types: 0 continuous, 2791 integer (738 binary)

Root relaxation: objective 7.238691e+02, 4112 iterations, 4.48 seconds (1.51 work units)

    Nodes    |    Current Node    |     Objective Bounds      |     Work
 Expl Unexpl |  Obj  Depth IntInf | Incumbent    BestBd   Gap | It/Node Time

     0     0  723.86914    0  331  113.00000  723.86914   541%     -    4s
H    0     0                     117.0000000  723.86914   519%     -    4s
H    0     0                     148.0000000  723.86914   389%     -    5s
H    0     0                     173.0000000  723.86914   318%     -    5s
H    0     0                     184.0000000  723.86914   293%     -    6s
H    0     0                     190.0000000  723.86914   281%     -    8s
H    0     0                     223.0000000  723.86914   225%     -    8s
     0     0  722.58929    0  326  223.00000  722.58929   224%     -   11s
     0     0  722.46002    0  333  223.00000  722.46002   224%     -   18s
     0     0  722.44278    0  331  223.00000  722.44278   224%     -   18s
     0     0  722.43846    0  330  223.00000  722.43846   224%     -   18s
     0     0  722.08551    0  316  223.00000  722.08551   224%     -   20s
     0     0  722.00946    0  319  223.00000  722.00946   224%     -   20s
     0     0  721.99981    0  317  223.00000  721.99981   224%     -   20s
     0     0  721.99238    0  321  223.00000  721.99238   224%     -   21s
     0     0  721.90602    0  322  223.00000  721.90602   224%     -   26s
     0     0  721.89663    0  323  223.00000  721.89663   224%     -   26s
     0     0  721.84144    0  324  223.00000  721.84144   224%     -   32s
     0     0  721.83488    0  322  223.00000  721.83488   224%     -   32s
     0     0  721.79757    0  319  223.00000  721.79757   224%     -   37s
     0     0  721.79641    0  318  223.00000  721.79641   224%     -   37s
     0     0  721.79483    0  325  223.00000  721.79483   224%     -   37s
     0     0  721.79387    0  322  223.00000  721.79387   224%     -   37s
     0     0  721.79067    0  322  223.00000  721.79067   224%     -   38s
     0     2  721.76950    0  322  223.00000  721.76950   224%     -   40s
     7     9  713.45010    5  334  223.00000  719.20628   223%   736   45s
    33    35  689.51766   31  307  223.00000  719.20628   223%   304   50s
    67    69  666.11391   65  292  223.00000  719.20628   223%   222   55s
    93    95  642.56232   90  294  223.00000  719.20628   223%   223   60s
   122   124  622.44527  118  281  223.00000  719.20628   223%   227   65s
   149   151  599.34727  144  273  223.00000  719.20628   223%   236   99s
   150   152  599.02898  145  277  223.00000  719.20628   223%   236  100s
   178   180  578.75561  172  275  223.00000  719.20628   223%   242  105s
   191   193  567.14853  183  258  223.00000  719.20628   223%   249  110s
   205   207  553.70555  197  256  223.00000  719.20628   223%   248  115s
   235   237  531.51267  226  247  223.00000  719.20628   223%   241  120s
   260   262  507.61382  251  239  223.00000  719.20628   223%   231  125s
   290   292  484.45954  279  229  223.00000  719.20628   223%   226  130s
   326   328  459.16965  313  204  223.00000  719.20628   223%   219  135s
   366   368  435.32236  351  190  223.00000  719.20628   223%   210  140s
   428   430  272.05334  410  136  223.00000  719.20628   223%   195  145s
   494   496  336.99516  470  138  223.00000  719.20628   223%   185  154s
   518   520  239.84010  492  103  223.00000  719.20628   223%   180  155s
   648   624  534.66036    3  253  223.00000  715.94048   221%   157  160s
   650   625  529.80339  230  322  223.00000  715.94048   221%   157  175s
   652   626  264.35210  564  331  223.00000  715.94048   221%   156  188s
   654   628  259.32309  574  331  223.00000  715.93506   221%   156  212s
   656   631  559.26855   15  256  223.00000  715.93506   221%   165  215s
   660   634  579.17850   17  271  223.00000  714.52817   220%   170  220s
   664   636  555.07196   19  263  223.00000  709.47706   218%   178  225s
   668   639  590.18268   21  271  223.00000  706.35267   217%   185  230s
   674   643  538.37027   24  249  223.00000  701.13661   214%   195  235s
   680   647  536.41645   27  242  223.00000  693.54050   211%   204  241s
   684   650  533.12363   29  248  223.00000  687.82884   208%   211  245s
   689   653  682.79402   32  322  223.00000  684.81199   207%   216  250s
   694   656  510.44562   34  247  223.00000  680.78502   205%   224  255s
   699   660  676.92795   37  319  223.00000  678.64410   204%   230  260s
   704   663  538.65034   39  264  223.00000  674.73099   203%   238  266s
   709   666  670.49640   42  315  223.00000  671.47568   201%   242  270s
   714   670  554.30452   44  264  223.00000  666.97545   199%   250  275s
   720   674  502.21685   47  247  223.00000  663.05035   197%   258  281s
   726   678  497.00004   50  259  223.00000  657.58546   195%   266  285s
   732   682  517.40317   53  235  223.00000  653.23764   193%   273  290s
   738   686  536.53273   56  253  223.00000  647.81655   191%   280  296s
   742   688  465.07575   58  225  223.00000  645.54107   189%   285  300s
   748   692  491.01713   61  245  223.00000  642.16788   188%   291  305s
   754   696  511.42426   64  246  223.00000  638.51699   186%   298  310s
   762   702  478.21656   68  228  223.00000  632.66083   184%   308  316s
   767   705  630.95124   71  316  223.00000  631.66639   183%   311  320s
   772   708  471.30985   73  233  223.00000  629.35489   182%   318  325s
   778   712  476.38837   76  218  223.00000  627.19961   181%   324  331s
   784   716  460.72747   79  237  223.00000  625.12133   180%   330  335s
   790   720  461.61366   82  222  223.00000  621.98762   179%   336  340s
   796   724  488.33583   85  248  223.00000  618.08444   177%   343  346s
   802   728  452.92114   88  228  223.00000  615.55116   176%   348  351s
   807   732  613.90363   91  314  223.00000  614.18791   175%   351  355s
   811   734  612.15357   93  320  223.00000  612.79845   175%   355  360s
   815   737  610.99728   95  320  223.00000  611.26376   174%   358  365s
   820   740  501.00668   97  221  223.00000  608.70945   173%   363  370s
   826   744  485.06776  100  230  223.00000  606.56008   172%   368  375s
   829   746  605.30978  102  308  223.00000  606.04779   172%   372  407s
   832   748  455.00601  103  207  223.00000  603.94740   171%   377  410s
   837   752  601.79897  106  310  223.00000  602.38672   170%   379  415s
   841   754  600.50360  108  314  223.00000  600.98080   169%   381  420s
   847   758  597.89640  111  314  223.00000  598.49113   168%   386  425s
   855   764  595.10058  115  310  223.00000  595.93577   167%   392  430s
   862   768  467.28981  118  239  223.00000  592.44024   166%   399  435s
   870   774  436.18955  122  224  223.00000  590.17367   165%   405  441s
   875   777  586.81015  125  306  223.00000  590.17367   165%   408  445s
   881   781  585.02597  128  309  223.00000  590.17367   165%   411  450s
   887   785  582.67891  131  307  223.00000  590.17367   165%   415  455s
   893   789  580.76999  134  309  223.00000  590.17367   165%   419  460s
   898   792  456.41387  136  227  223.00000  590.17367   165%   423  465s
   903   796  576.91211  139  309  223.00000  590.17367   165%   425  470s
   909   800  573.14467  142  302  223.00000  590.17367   165%   429  475s
   914   803  429.52055  144  218  223.00000  590.17367   165%   433  480s
   920   807  405.61934  147  204  223.00000  590.17367   165%   435  485s
   926   811  395.95517  150  191  223.00000  590.17367   165%   439  490s
   932   815  445.71846  153  217  223.00000  590.17367   165%   441  495s
   937   818  560.63374  156  302  223.00000  590.17367   165%   443  500s
   942   822  429.41960  158  236  223.00000  590.17367   165%   446  505s
   950   827  373.23102  162  188  223.00000  590.17367   165%   449  510s
   958   832  426.56479  166  218  223.00000  590.17367   165%   452  515s
   964   836  425.43164  169  203  223.00000  590.17367   165%   454  520s
   971   841  545.50205  173  281  223.00000  590.17367   165%   458  525s
   976   844  419.39563  175  221  223.00000  590.17367   165%   460  530s
   982   848  411.66558  178  199  223.00000  590.17367   165%   462  536s
   987   852  540.04219  181  292  223.00000  590.17367   165%   464  540s
   992   855  412.62475  183  197  223.00000  590.17367   165%   467  547s
   995   857  536.42966  185  288  223.00000  590.17367   165%   467  550s
  1001   861  534.28831  188  285  223.00000  590.17367   165%   469  555s
  1006   864  406.99503  190  205  223.00000  590.17367   165%   472  560s
  1011   868  528.68160  193  280  223.00000  590.17367   165%   473  565s
  1017   872  526.63990  196  292  223.00000  590.17367   165%   475  570s
  1022   875  422.23252  198  210  223.00000  590.17367   165%   477  575s
  1029   880  521.97895  202  282  223.00000  590.17367   165%   478  580s
  1035   884  518.84361  205  285  223.00000  590.17367   165%   480  585s
  1041   888  516.88598  208  284  223.00000  590.17367   165%   482  590s
  1049   893  513.31128  212  277  223.00000  590.17367   165%   484  595s
  1056   898  382.46204  215  193  223.00000  590.17367   165%   486  600s
  1063   902  507.58755  219  275  223.00000  590.17367   165%   488  605s
  1068   906  393.64785  221  195  223.00000  590.17367   165%   490  610s
  1072   908  354.97763  223  177  223.00000  590.17367   165%   490  615s
  1079   913  500.64455  227  275  223.00000  590.17367   165%   491  620s
  1085   917  497.97119  230  279  223.00000  590.17367   165%   493  625s
  1090   920  358.63058  232  189  223.00000  590.17367   165%   495  630s
  1098   926  372.38046  236  208  223.00000  590.17367   165%   497  635s
  1105   930  490.82983  240  271  223.00000  590.17367   165%   498  640s
  1113   936  487.74571  244  280  223.00000  590.17367   165%   500  645s
  1122   942  355.58707  248  182  223.00000  590.17367   165%   502  650s
  1134   950  331.60630  254  166  223.00000  590.17367   165%   504  655s
  1147   958  471.28089  261  269  223.00000  590.17367   165%   506  660s
  1151   961  469.99894  263  270  223.00000  590.17367   165%   507  665s
  1158   966  350.13523  266  191  223.00000  590.17367   165%   509  670s
  1168   972  362.40535  271  188  223.00000  590.17367   165%   510  675s
  1176   978  306.84392  275  164  223.00000  590.17367   165%   512  680s
  1185   984  455.19796  280  257  223.00000  590.17367   165%   513  685s
  1194   990  370.60619  284  201  223.00000  590.17367   165%   515  690s
  1201   994  445.78877  288  251  223.00000  590.17367   165%   515  695s
  1210  1000  323.49347  292  161  223.00000  590.17367   165%   517  700s
  1220  1007  313.33781  297  163  223.00000  590.17367   165%   518  705s
  1226  1011  270.89324  300  150  223.00000  590.17367   165%   519  718s
  1229  1013  436.91472  302  253  223.00000  590.17367   165%   519  720s
  1238  1019  326.72613  306  164  223.00000  590.17367   165%   521  725s
  1246  1024  305.88437  310  152  223.00000  590.17367   165%   521  730s
  1258  1032  313.34008  316  166  223.00000  590.17367   165%   522  735s
  1268  1039  303.49262  321  137  223.00000  590.17367   165%   523  740s
  1280  1047  325.75953  327  146  223.00000  590.17367   165%   523  745s
  1292  1055  302.32619  333  153  223.00000  590.17367   165%   525  750s
  1304  1063  249.63704  339  147  223.00000  590.17367   165%   525  766s
  1320  1074  272.85186  347  153  223.00000  590.17367   165%   526  770s
  1344  1090  287.10612  359  166  223.00000  590.17367   165%   527  775s
  1366  1100  264.30850  370  133  223.00000  590.17367   165%   527  780s
  1382  1111  261.62634  378  139  223.00000  590.17367   165%   527  785s
  1396  1120  233.94485  385  139  223.00000  590.17367   165%   528  790s
  1408  1128  241.46332  391  129  223.00000  590.17367   165%   528  795s
  1426  1134     cutoff  400       223.00000  590.17367   165%   528  800s
  1446  1144  258.19875  410  121  223.00000  590.17367   165%   528  805s
  1466  1152  233.36147  420  142  223.00000  590.17367   165%   527  810s
  1486  1159  236.84701  430  134  223.00000  590.17367   165%   526  815s
  1512  1159  227.78076  443  107  223.00000  590.17367   165%   524  820s
  1541  1159  313.54129  458  179  223.00000  590.17367   165%   520  825s
  1569  1153  303.10602  472  163  223.00000  590.17367   165%   516  830s
  1619  1138  280.64681  497  160  223.00000  590.17367   165%   508  835s
  1746  1096  489.05431   23  234  223.00000  590.14552   165%   481  840s
  1753  1100  569.70476   27  271  223.00000  590.14552   165%   481  846s
  1759  1104  563.31711   30  263  223.00000  590.14552   165%   482  850s
  1768  1110  464.65679   34  227  223.00000  590.14552   165%   483  855s
  1777  1116  544.22777   39  265  223.00000  590.14552   165%   484  860s
  1786  1122  403.03104   43  214  223.00000  590.14552   165%   486  865s
  1796  1129  403.08052   48  196  223.00000  590.14552   165%   487  870s
  1808  1137  337.50242   54  173  223.00000  590.14552   165%   488  875s
  1820  1145  394.51683   60  202  223.00000  590.14552   165%   489  880s
  1828  1150  378.66015   64  184  223.00000  590.14552   165%   489  885s
  1842  1160  342.10867   71  183  223.00000  590.14552   165%   490  890s
  1862  1173  359.11621   81  197  223.00000  590.14552   165%   491  895s
  1878  1184  346.53358   89  177  223.00000  590.14552   165%   492  900s
  1892  1193  361.79105   96  190  223.00000  590.14552   165%   493  905s
  1906  1202  329.20368  103  192  223.00000  590.14552   165%   494  910s
  1920  1212  328.26879  110  179  223.00000  590.14552   165%   494  915s
  1936  1222  327.40074  118  188  223.00000  590.14552   165%   495  920s
  1950  1232  272.49061  125  160  223.00000  590.14552   165%   496  925s
  1964  1241  297.99843  132  171  223.00000  590.14552   165%   496  930s
  1975  1248  413.88025  138  241  223.00000  590.14552   165%   496  975s
  1992  1260  270.83073  146  154  223.00000  590.14552   165%   497  980s
  2010  1272  270.68347  155  143  223.00000  590.14552   165%   497  985s
  2029  1284  389.41951  165  231  223.00000  590.14552   165%   497  990s
  2038  1290  274.42994  169  153  223.00000  590.14552   165%   497  995s
  2058  1304  288.28907  179  150  223.00000  590.14552   165%   497 1000s
  2080  1317  258.36511  190  164  223.00000  590.14552   165%   497 1005s
  2104  1333  277.18642  202  149  223.00000  590.14552   165%   497 1010s
  2127  1344  339.56182  214  220  223.00000  590.14552   165%   496 1015s
  2154  1352  224.83284  227  126  223.00000  590.14552   165%   495 1020s
  2179  1362  313.98235  240  193  223.00000  590.14552   165%   494 1025s
  2223  1362  298.48066  262  185  223.00000  590.14552   165%   490 1030s
  2271  1352  277.98320  286  179  223.00000  590.14552   165%   485 1035s
  2356  1323     cutoff  328       223.00000  590.14552   165%   474 1040s
  2447  1318  280.72022   35  145  223.00000  579.14076   160%   462 1045s
  2475  1337  287.73829   49  149  223.00000  579.14076   160%   461 1054s
  2477  1338  295.20339   50  166  223.00000  579.14076   160%   461 1055s
  2505  1357  264.14201   64  140  223.00000  579.14076   160%   460 1060s
  2545  1378  233.87123   84  123  223.00000  579.14076   160%   457 1065s
  2626  1389  256.91114  125  168  223.00000  579.14076   160%   449 1070s
  2711  1394  561.97741   22  260  223.00000  579.09457   160%   438 1075s
  2721  1404  550.84643   27  266  223.00000  579.09457   160%   439 1080s
  2732  1415  409.85837   32  225  223.00000  579.09457   160%   440 1085s
  2746  1429  394.88069   39  201  223.00000  579.09457   160%   442 1090s
  2764  1447  353.66583   48  197  223.00000  579.09457   160%   443 1110s
  2778  1461  359.16527   55  197  223.00000  579.09457   160%   443 1115s
  2794  1477  344.10605   63  216  223.00000  579.09457   160%   444 1120s
  2809  1492  477.55054   71  233  223.00000  579.09457   160%   445 1125s
  2821  1504  468.07051   77  249  223.00000  579.09457   160%   445 1145s
  2836  1519  325.55385   84  178  223.00000  579.09457   160%   446 1150s
  2854  1537  325.46916   93  160  223.00000  579.09457   160%   447 1155s
  2870  1553  325.25602  101  158  223.00000  579.09457   160%   447 1160s
  2890  1573  318.65158  111  180  223.00000  579.09457   160%   448 1165s
  2908  1591  320.31920  120  182  223.00000  579.09457   160%   448 1170s
  2928  1611  307.07362  130  180  223.00000  579.09457   160%   449 1175s
  2962  1645  291.50764  147  175  223.00000  579.09457   160%   449 1180s
  2998  1679  270.72180  165  159  223.00000  579.09457   160%   449 1185s
  3036  1714  234.19457  184  141  223.00000  579.09457   160%   449 1190s
  3056  1730  245.76253  194  149  223.00000  579.09457   160%   449 1195s
  3083  1751  332.42384  208  207  223.00000  579.09457   160%   449 1200s
  3112  1768  226.79751  222  140  223.00000  579.09457   160%   448 1205s
  3146  1782     cutoff  239       223.00000  579.09457   160%   447 1210s
  3191  1785  282.69631  262  187  223.00000  579.09457   160%   444 1215s
  3272  1784     cutoff  302       223.00000  579.09457   160%   437 1220s
  3341  1792  436.90965   23  208  223.00000  571.96998   156%   431 1225s
  3370  1821  314.98685   37  163  223.00000  571.96998   156%   430 1230s
  3402  1853  299.24701   53  134  223.00000  571.96998   156%   430 1235s
  3438  1889  237.04927   71  135  223.00000  571.96998   156%   428 1240s
  3488  1918     cutoff   96       223.00000  571.96998   156%   426 1245s
  3625  1924  569.37319   17  288  223.00000  571.60860   156%   414 1250s
  3635  1934  413.93414   22  202  223.00000  571.60860   156%   415 1255s
  3643  1942  403.68571   26  204  223.00000  571.60860   156%   415 1260s
  3655  1954  412.23477   32  223  223.00000  571.60860   156%   416 1265s
  3669  1968  402.81902   39  209  223.00000  571.60860   156%   417 1270s
  3683  1982  365.32101   46  207  223.00000  571.60860   156%   418 1275s
  3699  1998  368.14025   54  197  223.00000  571.60860   156%   418 1280s
  3713  2012  374.48399   61  191  223.00000  571.60860   156%   419 1285s
  3727  2026  344.56311   68  209  223.00000  571.60860   156%   420 1290s
  3739  2038  319.07025   74  184  223.00000  571.60860   156%   421 1295s
  3755  2054  325.62994   82  175  223.00000  571.60860   156%   421 1300s
  3771  2070  323.39768   90  178  223.00000  571.60860   156%   422 1305s
  3789  2088  338.89878   99  184  223.00000  571.60860   156%   422 1310s
  3805  2104  322.04575  107  182  223.00000  571.60860   156%   423 1315s
  3823  2122  311.49361  116  179  223.00000  571.60860   156%   424 1320s
  3837  2136  303.77524  123  173  223.00000  571.60860   156%   424 1325s
  3854  2153  401.12647  132  231  223.00000  571.60860   156%   425 1330s
  3873  2172  271.28197  141  155  223.00000  571.60860   156%   426 1335s
  3893  2192  280.17512  151  168  223.00000  571.60860   156%   426 1340s
  3915  2214  253.06769  162  158  223.00000  571.60860   156%   427 1345s
  3936  2235  369.84765  173  221  223.00000  571.60860   156%   427 1350s
  3959  2258  247.41725  184  147  223.00000  571.60860   156%   427 1355s
  3979  2278  240.95986  194  147  223.00000  571.60860   156%   427 1360s
  4007  2298  225.98602  208  140  223.00000  571.60860   156%   427 1365s
  4035  2318  233.66532  222  141  223.00000  571.60860   156%   428 1370s
  4069  2333  241.82853  239  156  223.00000  571.60860   156%   427 1375s
  4109  2340     cutoff  259       223.00000  571.60860   156%   426 1380s
  4143  2340     cutoff  276       223.00000  571.60860   156%   424 1385s
  4203  2340     cutoff  306       223.00000  571.60860   156%   421 1390s
  4334  2338     cutoff  372       223.00000  571.60860   156%   411 1395s
  4360  2364  426.08925   30  233  223.00000  570.86009   156%   411 1400s
  4395  2399  269.96348   47  135  223.00000  570.86009   156%   411 1405s
  4430  2432  358.17793   65  209  223.00000  570.86009   156%   410 1410s
  4474  2473  329.08290   87  197  223.00000  570.86009   156%   409 1415s
  4526  2493  286.88238  113  182  223.00000  570.86009   156%   408 1420s
  4632  2495  405.31096   33  198  223.00000  570.78416   156%   402 1425s
  4644  2507  434.80168   39  229  223.00000  570.78416   156%   402 1430s
  4658  2521  412.43885   46  208  223.00000  570.78416   156%   403 1435s
  4671  2534  525.81460   53  274  223.00000  570.78416   156%   404 1440s
  4684  2547  395.31809   59  213  223.00000  570.78416   156%   405 1445s
  4696  2559  373.51236   65  186  223.00000  570.78416   156%   405 1450s
  4707  2570  498.02055   71  261  223.00000  570.78416   156%   406 1455s
  4718  2581  369.41179   76  198  223.00000  570.78416   156%   406 1460s
  4731  2594  485.39648   83  250  223.00000  570.78416   156%   407 1465s
  4748  2611  320.50236   91  178  223.00000  570.78416   156%   408 1470s
  4764  2627  297.85868   99  152  223.00000  570.78416   156%   408 1475s
  4782  2645  329.27641  108  161  223.00000  570.78416   156%   409 1480s
  4800  2663  354.49058  117  199  223.00000  570.78416   156%   409 1485s
  4816  2679  335.31633  125  164  223.00000  570.78416   156%   410 1490s
  4832  2695  312.40153  133  179  223.00000  570.78416   156%   411 1495s
  4852  2715  308.41498  143  163  223.00000  570.78416   156%   411 1500s
  4872  2735  292.81204  153  174  223.00000  570.78416   156%   412 1505s
  4894  2757  296.59529  164  179  223.00000  570.78416   156%   412 1510s
  4911  2774  390.98230  173  216  223.00000  570.78416   156%   412 1515s
  4930  2793  258.08926  182  140  223.00000  570.78416   156%   413 1520s
  4946  2809  259.50044  190  142  223.00000  570.78416   156%   413 1525s
  4966  2828  262.66438  200  141  223.00000  570.78416   156%   413 1530s
  4986  2848  270.05190  210  158  223.00000  570.78416   156%   413 1541s
  5010  2865  235.28871  222  146  223.00000  570.78416   156%   413 1545s
  5037  2887  332.23393  236  188  223.00000  570.78416   156%   413 1550s
  5069  2905  319.54191  252  183  223.00000  570.78416   156%   413 1555s
  5101  2915  307.50506  268  176  223.00000  570.78416   156%   412 1560s
  5149  2916  286.53667  292  166  223.00000  570.78416   156%   411 1565s
  5240  2916     cutoff  337       223.00000  570.78416   156%   406 1570s
  5375  2995  277.44374  112  148  223.00000  568.87309   155%   398 1575s
  5449  3060  532.05804   47  280  223.00000  568.86378   155%   394 1580s
  5486  3097  482.47606   84  256  223.00000  568.86378   155%   392 1585s
  5533  3144  430.99359  131  257  223.00000  568.86378   155%   390 1590s
  5594  3205  370.63208  192  226  223.00000  568.86378   155%   387 1595s
  5694  3305  283.47492  292  178  223.00000  568.86378   155%   382 1600s
  5799  3392  344.56042   42  199  223.00000  567.68864   155%   377 1605s
  5836  3429  288.23320   79  168  223.00000  567.68864   155%   375 1626s
  5910  3493  335.75328   55  199  223.00000  566.40330   154%   371 1630s
  6014  3585  396.95726   39  219  223.00000  563.06456   152%   366 1635s
  6147  3708  419.40594   30  213  223.00000  560.09393   151%   360 1640s
  6262  3823  239.66612  145  155  223.00000  560.09393   151%   355 1645s
  6385  3936  269.11276  135  180  223.00000  558.24255   150%   350 1650s
  6457  3994  518.67794   31  241  223.00000  557.45223   150%   347 1655s
  6525  4062  420.96068   99  226  223.00000  557.45223   150%   344 1660s
  6626  4163  312.15562  200  173  223.00000  557.45223   150%   340 1665s
  6753  4268  380.62130   23  198  223.00000  555.07040   149%   336 1670s
  6845  4350  541.81937   24  244  223.00000  555.03530   149%   333 1675s
  6858  4363  392.13394   30  206  223.00000  555.03530   149%   333 1680s
  6872  4377  410.75402   37  208  223.00000  555.03530   149%   334 1685s
  6875  4380  519.16517   39  265  223.00000  555.03530   149%   334 1719s
  6877  4382  516.88137   40  252  223.00000  555.03530   149%   334 1720s
  6888  4393  370.11364   45  180  223.00000  555.03530   149%   335 1725s
  6904  4409  384.85617   53  192  223.00000  555.03530   149%   335 1730s
  6919  4424  478.72279   61  247  223.00000  555.03530   149%   336 1735s
  6934  4439  348.70774   68  172  223.00000  555.03530   149%   336 1740s
  6952  4457  323.43092   77  177  223.00000  555.03530   149%   337 1745s
  6970  4475  321.40556   86  176  223.00000  555.03530   149%   338 1750s
  6986  4491  323.59676   94  191  223.00000  555.03530   149%   338 1755s
  7006  4511  310.03750  104  163  223.00000  555.03530   149%   339 1760s
  7025  4530  414.67132  114  222  223.00000  555.03530   149%   339 1765s
  7046  4551  281.84725  124  162  223.00000  555.03530   149%   340 1770s
  7072  4577  264.74347  137  172  223.00000  555.03530   149%   340 1775s
  7094  4599  257.90841  148  134  223.00000  555.03530   149%   341 1780s
  7122  4627  253.21847  162  155  223.00000  555.03530   149%   341 1785s
  7148  4650  252.79495  175  120  223.00000  555.03530   149%   341 1790s
  7180  4669  228.37471  191  140  223.00000  555.03530   149%   341 1795s

Explored 7212 nodes (2468817 simplex iterations) in 1800.00 seconds (921.67 work units)
Thread count was 1 (of 12 available processors)

Solution count 7: 223 190 184 ... 113

Time limit reached
Best objective 2.230000000000e+02, best bound 5.550000000000e+02, gap 148.8789%
