
Gurobi 12.0.2 (linux64, C++) logging started Thu Jun 19 08:00:20 2025

Set parameter LogFile to value "log/instances/scenario2/not_correlated_sc2/500/kpfs_6.txt.log"

Gurobi 12.0.2 (linux64, C++) logging started Thu Jun 19 08:01:43 2025

Set parameter LogFile to value "log/instances/scenario2/not_correlated_sc2/500/kpfs_6.txt.log"

Gurobi 12.0.2 (linux64, C++) logging started Thu Jun 19 08:02:54 2025

Set parameter LogFile to value "log/instances/scenario2/not_correlated_sc2/500/kpfs_6.txt.log"

Gurobi 12.0.2 (linux64, C++) logging started Thu Jun 19 08:03:58 2025

Set parameter LogFile to value "log/instances/scenario2/not_correlated_sc2/500/kpfs_6.txt.log"

Gurobi 12.0.2 (linux64, C++) logging started Thu Jun 19 17:50:24 2025

Set parameter WLSAccessID
Set parameter WLSSecret
Set parameter LicenseID to value 2679381
Set parameter LogFile to value "log/instances/scenario2/not_correlated_sc2/500/kpfs_6.txt.log"
Academic license 2679381 - for non-commercial use only - registered to be___@poli.ufrj.br
Set parameter TimeLimit to value 1800
Set parameter Threads to value 1
Gurobi Optimizer version 12.0.2 build v12.0.2rc0 (linux64 - "Ubuntu 24.04.1 LTS")

CPU model: 13th Gen Intel(R) Core(TM) i7-1355U, instruction set [SSE2|AVX|AVX2]
Thread count: 6 physical cores, 12 logical processors, using up to 1 threads

Non-default parameters:
TimeLimit  1800
Threads  1

Academic license 2679381 - for non-commercial use only - registered to be___@poli.ufrj.br
Optimize a model with 1502 rows, 2000 columns and 23795 nonzeros
Model fingerprint: 0xc98aae2a
Variable types: 0 continuous, 2000 integer (500 binary)
Coefficient statistics:
  Matrix range     [1e+00, 3e+01]
  Objective range  [1e+00, 3e+01]
  Bounds range     [1e+00, 2e+01]
  RHS range        [1e+00, 8e+02]
Found heuristic solution: objective 55.0000000
Presolve removed 0 rows and 46 columns
Presolve time: 0.13s
Presolved: 1502 rows, 1954 columns, 23703 nonzeros
Variable types: 0 continuous, 1954 integer (534 binary)

Root relaxation: objective 5.013074e+02, 2466 iterations, 1.42 seconds (0.50 work units)

    Nodes    |    Current Node    |     Objective Bounds      |     Work
 Expl Unexpl |  Obj  Depth IntInf | Incumbent    BestBd   Gap | It/Node Time

     0     0  501.30739    0  243   55.00000  501.30739   811%     -    1s
H    0     0                      60.0000000  501.30739   736%     -    1s
H    0     0                      68.0000000  501.30739   637%     -    1s
H    0     0                      72.0000000  501.30739   596%     -    1s
H    0     0                      80.0000000  501.30739   527%     -    1s
H    0     0                      91.0000000  501.30739   451%     -    1s
H    0     0                     101.0000000  501.30739   396%     -    1s
H    0     0                     151.0000000  501.30739   232%     -    1s
H    0     0                     157.0000000  501.30739   219%     -    1s
H    0     0                     159.0000000  501.30739   215%     -    2s
H    0     0                     173.0000000  501.30739   190%     -    3s
H    0     0                     177.0000000  501.30739   183%     -    3s
H    0     0                     179.0000000  501.30739   180%     -    3s
     0     0  499.62383    0  231  179.00000  499.62383   179%     -    5s
     0     0  499.60817    0  230  179.00000  499.60817   179%     -    9s
     0     0  499.27617    0  233  179.00000  499.27617   179%     -   11s
     0     0  499.01321    0  229  179.00000  499.01321   179%     -   13s
     0     0  498.97232    0  241  179.00000  498.97232   179%     -   16s
     0     0  498.97116    0  240  179.00000  498.97116   179%     -   16s
     0     0  498.96505    0  236  179.00000  498.96505   179%     -   18s
     0     2  498.96087    0  236  179.00000  498.96087   179%     -   19s
     1     3  424.07148    1  183  179.00000  498.96087   179%   990   20s
    47    49  458.69655   44  211  179.00000  497.52152   178%   200   25s
    89    91  415.11190   80  195  179.00000  497.52152   178%   234   30s
   128   130  372.07144  117  179  179.00000  497.52152   178%   204   46s
   202   204  249.50764  187  119  179.00000  497.52152   178%   170   50s
   280   280  246.26070  257  117  179.00000  497.52152   178%   157   55s
   364   350  182.41125  332   79  179.00000  497.52152   178%   136   60s
   394   374  358.99020   19  180  179.00000  494.27608   176%   136   65s
   476   454  269.86301   93  158  179.00000  494.27608   176%   134   70s
   527   502  201.70683  115  236  179.00000  494.27608   176%   129   78s
   529   503  371.48729   67  243  179.00000  494.27608   176%   129   82s
H  530   478                     183.0000000  494.27608   170%   128   86s
H  530   454                     189.0000000  494.20307   161%   128   88s
   531   455  301.53151  202  243  189.00000  494.20307   161%   128   93s
   534   459  493.99236   12  241  189.00000  494.20307   161%   135   95s
   541   463  407.31522   15  182  189.00000  486.29074   157%   142  100s
   549   469  397.10503   19  185  189.00000  480.21303   154%   151  105s
   557   474  371.72613   23  181  189.00000  474.77901   151%   160  111s
   563   478  407.38037   26  202  189.00000  471.91256   150%   165  115s
   571   483  336.46540   30  161  189.00000  465.41358   146%   171  120s
   578   488  456.07006   34  220  189.00000  459.53609   143%   177  125s
   585   493  388.76271   37  175  189.00000  453.03885   140%   183  131s
   591   497  373.24005   40  169  189.00000  446.86138   136%   188  135s
   599   502  367.21285   44  151  189.00000  438.70853   132%   194  140s
   609   509  335.02888   49  160  189.00000  435.66409   131%   201  145s
   618   515  429.00114   54  212  189.00000  429.93940   127%   207  150s
   627   521  348.66123   58  149  189.00000  429.35192   127%   213  155s
   635   526  344.70623   62  178  189.00000  429.35192   127%   218  160s
   642   531  415.67931   66  214  189.00000  429.35192   127%   222  165s
   651   537  327.26663   70  151  189.00000  429.35192   127%   229  170s
   659   542  322.44418   74  131  189.00000  429.35192   127%   234  175s
   666   547  403.78232   78  208  189.00000  429.35192   127%   237  180s
   675   553  279.89797   82  132  189.00000  429.35192   127%   242  185s
   677   554  304.04298   83  133  189.00000  429.35192   127%   243  195s
   687   561  343.98154   88  172  189.00000  429.35192   127%   248  200s
   697   567  309.85458   93  144  189.00000  429.35192   127%   256  205s
   709   575  294.65495   99  162  189.00000  429.35192   127%   260  210s
   723   585  296.72544  106  137  189.00000  429.35192   127%   267  215s
   736   593  366.98724  113  193  189.00000  429.35192   127%   272  220s
   747   601  274.68817  118  135  189.00000  429.35192   127%   279  225s
   760   609  356.88721  125  190  189.00000  429.35192   127%   285  230s
   771   617  264.91491  130  137  189.00000  429.35192   127%   291  235s
   783   625  250.57888  136  127  189.00000  429.35192   127%   297  240s
   794   632  335.69350  142  174  189.00000  429.35192   127%   301  245s
   811   643  252.61526  150  134  189.00000  429.35192   127%   307  250s
   827   654  267.44191  158  131  189.00000  429.35192   127%   313  255s
   843   665  233.79509  166  109  189.00000  429.35192   127%   319  260s
   855   673  247.40697  172  119  189.00000  429.35192   127%   323  265s
   869   681  215.88262  179  132  189.00000  429.35192   127%   327  270s
   888   693  285.37901  189  159  189.00000  429.35192   127%   331  275s
   909   707  206.54375  199  112  189.00000  429.35192   127%   337  280s
   930   711  261.86222  210  151  189.00000  429.35192   127%   339  285s
   949   714  191.54396  219   90  189.00000  429.35192   127%   342  290s
   981   709     cutoff  235       189.00000  429.35192   127%   342  295s
  1026   695  200.41438  258  128  189.00000  429.35192   127%   335  300s
  1063   691  408.88419   20  174  189.00000  429.21633   127%   331  305s
  1082   704  286.25587   29  112  189.00000  429.21633   127%   336  310s
  1102   717  309.32940   39  137  189.00000  429.21633   127%   340  315s
  1104   719  276.09334   40  124  189.00000  429.21633   127%   340  328s
  1110   723  301.19204   43  139  189.00000  429.21633   127%   341  331s
  1131   737  326.84479   54  164  189.00000  429.21633   127%   344  335s
  1159   755  301.69735   68  158  189.00000  429.21633   127%   348  340s
  1188   775  207.61603   82  109  189.00000  429.21633   127%   351  345s
  1226   793  192.44210  101   97  189.00000  429.21633   127%   352  350s
  1288   786     cutoff  132       189.00000  429.21633   127%   349  355s
  1388   774  247.29070   24   87  189.00000  425.55674   125%   335  360s
  1442   790     cutoff   51       189.00000  425.55674   125%   332  365s
  1524   797  277.02603   30  132  189.00000  425.52703   125%   326  371s
  1561   812  193.38129   48   90  189.00000  425.52703   125%   326  375s
  1651   799  408.36469   16  194  189.00000  411.10672   118%   317  380s
  1672   813  282.54853   26  150  189.00000  407.37975   116%   321  385s
  1696   829  293.78027   38  151  189.00000  407.37975   116%   324  390s
  1714   841  251.46401   47  136  189.00000  407.37975   116%   326  395s
  1730   852  255.45795   55  130  189.00000  407.37975   116%   328  400s
  1753   867  312.92584   67  156  189.00000  407.37975   116%   331  405s
  1782   887  221.96983   81  134  189.00000  407.37975   116%   333  410s
  1815   907  264.76373   98  157  189.00000  407.37975   116%   335  415s
  1855   917  240.08185  118  143  189.00000  407.37975   116%   336  420s
  1961   910  324.88311   28  150  189.00000  407.32318   116%   327  425s
  1975   924  315.81250   35  153  189.00000  407.32318   116%   330  448s
  1976   925  383.98713   36  194  189.00000  407.32318   116%   330  459s
  1979   928  283.13099   37  129  189.00000  407.32318   116%   330  460s
  1994   943  368.10458   45  190  189.00000  407.32318   116%   332  465s
  2017   966  266.89952   56  139  189.00000  407.32318   116%   336  470s
  2045   994  267.92902   70  131  189.00000  407.32318   116%   339  475s
  2078  1027  306.98540   87  161  189.00000  407.32318   116%   342  480s
  2113  1061  221.89227  104   97  189.00000  407.32318   116%   345  485s
  2154  1101  266.15630  125  150  189.00000  407.32318   116%   346  490s
  2205  1135     cutoff  150       189.00000  407.32318   116%   347  495s
  2278  1136  200.14385  187  116  189.00000  407.32318   116%   342  500s
  2334  1170  224.67968   45  104  189.00000  407.30149   116%   341  505s
  2410  1220     cutoff   83       189.00000  407.30149   116%   339  510s
  2501  1239  295.22732   25  136  189.00000  407.19078   115%   333  515s
  2539  1277  282.06303   44  117  189.00000  407.19078   115%   335  520s
  2583  1320  235.85871   66   95  189.00000  407.19078   115%   337  525s
  2633  1365  201.27447   91   94  189.00000  407.19078   115%   338  531s
  2697  1388     cutoff  123       189.00000  407.19078   115%   335  535s
  2855  1483  323.48056   62  166  189.00000  400.35665   112%   322  540s
  2996  1599  264.04576   38  130  189.00000  399.99999   112%   311  545s
  3129  1719  256.38935   94  151  189.00000  399.89837   112%   301  550s
  3281  1839  317.57371   23  145  189.00000  397.05505   110%   291  555s
  3453  1983  371.64602   28  171  189.00000  395.49049   109%   280  560s
  3536  2065  192.51612  107  113  189.00000  395.49049   109%   276  565s
  3712  2211  304.52050   22  137  189.00000  392.75779   108%   266  570s
  3827  2261  364.77225   36  173  189.00000  392.75643   108%   264  575s
  3969  2391  312.02457   25  125  189.00000  392.70007   108%   257  580s
  4110  2503  364.27121   28  187  189.00000  392.15579   107%   251  585s
  4258  2639  382.35531   32  178  189.00000  392.13526   107%   245  590s
* 4313  2673              36     190.0000000  391.70533   106%   244  593s
  4359  2693  200.54565   30  107  190.00000  390.65443   106%   242  595s
  4474  2775  287.11342   23  147  190.00000  390.22950   105%   238  600s
  4644  2915  236.24109   40  116  190.00000  389.38844   105%   232  605s
  4806  3040  247.38568   34  103  190.00000  388.74727   105%   227  610s
  4950  3088  385.32714   38  178  190.00000  388.65068   105%   226  615s
  5133  3250  326.75391   27  153  190.00000  387.61923   104%   221  620s
  5330  3390  317.21129   29  150  190.00000  386.30003   103%   216  625s
  5565  3573     cutoff   23       190.00000  384.98337   103%   211  630s
* 5592  3549              32     192.0000000  384.98337   101%   210  631s
* 5593  3534              32     193.0000000  384.98337  99.5%   210  631s
  5758  3648  215.84432   37   85  193.00000  384.49067  99.2%   207  635s
  5962  3783  200.10786   74   94  193.00000  384.04320  99.0%   204  640s
  6116  3897  331.16995   56  166  193.00000  382.55217  98.2%   201  645s
  6315  4048  268.90856   40  116  193.00000  382.10461  98.0%   198  650s
  6554  4227  236.97166   54  106  193.00000  381.15565  97.5%   194  655s
  6644  4298  288.25281   39  139  193.00000  381.04064  97.4%   194  660s
  6688  4342  227.64884   61  109  193.00000  381.04064  97.4%   196  665s
  6724  4374  228.20376   79  125  193.00000  381.04064  97.4%   197  670s
  6826  4404     cutoff  130       193.00000  381.04064  97.4%   198  675s
  6969  4475  282.61990   27  127  193.00000  380.63080  97.2%   196  680s
  7228  4673  195.17388   51  104  193.00000  379.35066  96.6%   192  685s
  7513  4888  281.46487   23  107  193.00000  378.71363  96.2%   188  690s
  7743  5077  215.13602   40   91  193.00000  377.92605  95.8%   186  695s
  7926  5204  306.45724   78  169  193.00000  376.66328  95.2%   183  700s
  8122  5364  271.06375   53  129  193.00000  376.11126  94.9%   181  705s
  8363  5529  215.10435   58  111  193.00000  374.78507  94.2%   178  710s
  8546  5657  201.24762   39   88  193.00000  373.19713  93.4%   177  715s
  8603  5690  219.80132   68  113  193.00000  373.19713  93.4%   178  727s
  8712  5760  239.81113   58  135  193.00000  373.14164  93.3%   177  730s
  8880  5882  256.08435   54  137  193.00000  372.67861  93.1%   175  735s
  9115  6066  222.86574   59  116  193.00000  372.30113  92.9%   173  740s
  9347  6229  195.37659   84  109  193.00000  371.70837  92.6%   170  745s
  9565  6363  287.52313   29  135  193.00000  371.40299  92.4%   169  750s
  9737  6499  289.56098   28  147  193.00000  370.94074  92.2%   168  755s
  9977  6685  215.26087   32  103  193.00000  370.13570  91.8%   166  760s
 10151  6807  228.93541   68  129  193.00000  369.26993  91.3%   164  765s
 10203  6847  286.11025   19  236  193.00000  369.12762  91.3%   164  904s
 10205  6848  265.17730   38  243  193.00000  369.12762  91.3%   164  907s
 10206  6849  195.58012  106  238  193.00000  369.12762  91.3%   164  910s
 10218  6857  241.70882  107  245  193.00000  369.12762  91.3%   163  916s
 10222  6860  221.05644   64  244  193.00000  369.12762  91.3%   163  920s
 10226  6862  248.36184   67  238  193.00000  369.12762  91.3%   163  925s
 10232  6866  208.13884   93  243  193.00000  369.12762  91.3%   163  933s
 10234  6868  260.63525   48  241  193.00000  369.12762  91.3%   163  935s
 10237  6870  283.16557   35  242  193.00000  369.12762  91.3%   163  941s
 10240  6872  206.81676   68  237  193.00000  369.12762  91.3%   163  947s
 10243  6874  312.87611   33  248  193.00000  369.12762  91.3%   163  950s
 10246  6876  220.65894  147  250  193.00000  369.12762  91.3%   163  956s
 10250  6878  270.81994   37  253  193.00000  369.12762  91.3%   163  961s
 10252  6880  206.48207  138  250  193.00000  369.12762  91.3%   163  966s
 10256  6882  248.11945   59  253  193.00000  369.12762  91.3%   163  970s
 10259  6884  211.14889   63  249  193.00000  369.12762  91.3%   163  975s
 10264  6888  257.45699  103  249  193.00000  369.12762  91.3%   163  980s
 10268  6890  227.79488   71  247  193.00000  369.12762  91.3%   163  985s
 10274  6894  252.18130   32  246  193.00000  369.12762  91.3%   163  991s
 10278  6897  265.01925   40  243  193.00000  369.12762  91.3%   162  995s
 10282  6900  229.38134   35  243  193.00000  369.12762  91.3%   162 1001s
 10286  6902  357.53381   27  253  193.00000  369.12762  91.3%   162 1005s
 10290  6905  207.46600   36  249  193.00000  369.12762  91.3%   162 1010s
 10295  6908  222.55760   29  251  193.00000  369.12762  91.3%   162 1031s
 10297  6910  209.22927  142  250  193.00000  369.12762  91.3%   162 1038s
 10298  6910  252.44889   43  253  193.00000  369.12762  91.3%   162 1040s
 10301  6912  216.06569   35  252  193.00000  369.12762  91.3%   162 1045s
 10304  6914  304.86073   23  249  193.00000  369.12762  91.3%   162 1051s
 10307  6916  204.14973   75  246  193.00000  369.12762  91.3%   162 1056s
 10311  6919  226.16236   62  248  193.00000  369.12762  91.3%   162 1060s
 10315  6922  198.72441   91  248  193.00000  369.12762  91.3%   162 1067s
 10319  6924  240.87340   48  247  193.00000  369.12762  91.3%   162 1071s
 10323  6927  206.76252   75  251  193.00000  369.12762  91.3%   162 1076s
 10327  6930  318.41231   67  252  193.00000  369.12762  91.3%   162 1081s
 10331  6932  231.12364   74  249  193.00000  369.12762  91.3%   162 1085s
 10335  6935  199.46941   99  247  193.00000  369.12762  91.3%   162 1090s
 10340  6938  206.81676   68  250  193.00000  369.12762  91.3%   162 1095s
 10343  6940  312.87611   33  245  193.00000  369.12762  91.3%   161 1101s
 10347  6943  243.38412   53  248  193.00000  369.12762  91.3%   161 1105s
 10351  6946  216.27909   86  248  193.00000  369.12762  91.3%   161 1110s
 10365  6957  369.12762   23  230  193.00000  369.12762  91.3%   163 1115s
 10378  6966  369.12762   29  179  193.00000  369.12762  91.3%   163 1120s
 10390  6974  369.12762   35  182  193.00000  369.12762  91.3%   164 1125s
 10404  6983  360.39820   42  175  193.00000  369.12762  91.3%   165 1130s
 10414  6990  358.40003   47  160  193.00000  369.12762  91.3%   165 1135s
 10428  6999  357.96928   54  155  193.00000  369.12762  91.3%   166 1140s
 10438  7006  338.25526   59  158  193.00000  369.12762  91.3%   166 1147s
 10447  7012  369.12762   64  208  193.00000  369.12762  91.3%   167 1150s
 10460  7020  333.54114   70  137  193.00000  369.12762  91.3%   167 1155s
 10472  7028  311.93912   76  152  193.00000  369.12762  91.3%   168 1160s
 10486  7038  338.01538   83  151  193.00000  369.12762  91.3%   169 1165s
 10495  7044  369.12762   88  201  193.00000  369.12762  91.3%   169 1170s
 10508  7052  300.65543   94  140  193.00000  369.12762  91.3%   169 1175s
 10521  7061  369.12762  101  202  193.00000  369.12762  91.3%   170 1180s
 10538  7072  307.97358  109  133  193.00000  369.12762  91.3%   170 1185s
 10554  7083  286.07676  117  137  193.00000  369.12762  91.3%   171 1190s
 10569  7093  353.47138  125  198  193.00000  369.12762  91.3%   172 1195s
 10584  7103  254.39123  132  136  193.00000  369.12762  91.3%   172 1201s
 10599  7113  339.01419  140  185  193.00000  369.12762  91.3%   173 1205s
 10615  7124  331.45331  148  184  193.00000  369.12762  91.3%   174 1210s
 10634  7136  256.64761  157  105  193.00000  369.12762  91.3%   175 1215s
 10654  7150  207.85551  167  110  193.00000  369.12762  91.3%   176 1220s
 10673  7162  305.73221  177  160  193.00000  369.12762  91.3%   176 1225s
 10695  7177  293.07245  188  160  193.00000  369.12762  91.3%   177 1230s
 10709  7186  284.63147  195  160  193.00000  369.12762  91.3%   178 1235s
 10722  7192  235.77818  201  123  193.00000  369.12762  91.3%   178 1240s
 10738  7199  207.35166  209  110  193.00000  369.12762  91.3%   179 1245s
 10756  7202     cutoff  218       193.00000  369.12762  91.3%   179 1250s
 10763  7206  257.87915  222  154  193.00000  369.12762  91.3%   179 1258s
 10770  7207  202.36215  225  101  193.00000  369.12762  91.3%   180 1260s
 10792  7202     cutoff  236       193.00000  369.12762  91.3%   180 1265s
 10808  7200     cutoff  244       193.00000  369.12762  91.3%   180 1270s
 10847  7188  210.19817  264  136  193.00000  369.12762  91.3%   181 1275s
 10889  7194  240.44185   36   97  193.00000  369.12762  91.3%   181 1280s
 10928  7214  245.45792   56  128  193.00000  369.12762  91.3%   181 1285s
 10990  7200  346.61137   27  141  193.00000  369.12762  91.3%   181 1290s
 11010  7213  306.96736   37  136  193.00000  369.12762  91.3%   182 1295s
 11030  7226  287.18848   47  121  193.00000  369.12762  91.3%   182 1300s
 11046  7237  256.96709   55  129  193.00000  369.12762  91.3%   183 1305s
 11069  7252  315.02812   67  164  193.00000  369.12762  91.3%   183 1310s
 11092  7268  204.00890   78  114  193.00000  369.12762  91.3%   184 1315s
 11120  7285  195.10810   92  111  193.00000  369.12762  91.3%   185 1320s
 11147  7295  260.58160  106  135  193.00000  369.12762  91.3%   185 1325s
 11182  7292     cutoff  123       193.00000  369.12762  91.3%   186 1330s
 11227  7281  216.24428  146  134  193.00000  369.12762  91.3%   186 1335s
 11287  7268  369.12762   28  190  193.00000  369.12762  91.3%   186 1340s
 11307  7281  369.12762   38  189  193.00000  369.12762  91.3%   187 1345s
 11332  7298  280.24266   50  140  193.00000  369.12762  91.3%   187 1350s
 11359  7316  328.39667   64  174  193.00000  369.12762  91.3%   188 1355s
 11387  7334  309.88433   78  155  193.00000  369.12762  91.3%   189 1360s
 11414  7352  241.74764   91  118  193.00000  369.12762  91.3%   190 1365s
 11437  7368  272.84969  103  148  193.00000  369.12762  91.3%   190 1370s
 11477  7388  248.49924  123  140  193.00000  369.12762  91.3%   191 1375s
 11541  7370  216.62745  155  134  193.00000  369.12762  91.3%   191 1380s
 11616  7371  229.22662   37  119  193.00000  369.12762  91.3%   191 1385s
 11675  7400  246.43741   67  114  193.00000  369.12762  91.3%   192 1390s
 11751  7393  316.78600   31  134  193.00000  369.12762  91.3%   192 1395s
 11778  7411  361.69374   45  158  193.00000  369.12762  91.3%   192 1400s
 11799  7425  284.18170   55  112  193.00000  369.12762  91.3%   193 1405s
 11805  7429  281.35546   58  119  193.00000  369.12762  91.3%   193 1452s
 11824  7442  327.93629   68  143  193.00000  369.12762  91.3%   193 1455s
 11858  7464  295.10494   85  132  193.00000  369.12762  91.3%   194 1471s
 11889  7481  205.70553  100  104  193.00000  369.12762  91.3%   194 1475s
 12016  7459  278.42342   28  108  193.00000  369.12762  91.3%   194 1480s
 12130  7472  369.12762   28  182  193.00000  369.12762  91.3%   194 1485s
 12153  7487  280.79396   39  134  193.00000  369.12762  91.3%   195 1490s
 12159  7491  280.43863   42  124  193.00000  369.12762  91.3%   195 1496s
 12177  7503  257.40902   51  127  193.00000  369.12762  91.3%   196 1500s
 12201  7519  246.83596   63  115  193.00000  369.12762  91.3%   196 1505s
 12239  7544  215.36851   82  107  193.00000  369.12762  91.3%   197 1510s
 12283  7558  202.93480  104  101  193.00000  369.12762  91.3%   198 1515s
 12376  7534  196.98022  151  115  193.00000  369.12762  91.3%   198 1520s
 12464  7571  369.12762   39  174  193.00000  369.12762  91.3%   197 1525s
 12512  7603  313.52738   87  162  193.00000  369.12762  91.3%   197 1530s
 12613  7657  205.16843  178  123  193.00000  369.12762  91.3%   196 1535s
 12702  7696  214.55251   98  108  193.00000  369.12762  91.3%   195 1540s
 12762  7720  314.40797   60  156  193.00000  369.12762  91.3%   195 1545s
 12873  7786  197.17963  163  120  193.00000  369.12762  91.3%   194 1550s
 12991  7847  313.89179   62  158  193.00000  369.12762  91.3%   193 1555s
 13124  7919  198.51079   45   79  193.00000  369.12762  91.3%   192 1560s
 13267  7988  290.62886   33  146  193.00000  369.12762  91.3%   191 1565s
 13354  8030  232.60398   38  101  193.00000  369.12762  91.3%   191 1570s
 13489  8028  307.92281   39  131  193.00000  369.12762  91.3%   191 1575s
 13621  8098  223.58990   81  107  193.00000  369.12762  91.3%   190 1580s
 13730  8136  302.42914   43  162  193.00000  369.12762  91.3%   189 1585s
 13855  8189  284.66073   34  134  193.00000  369.12762  91.3%   188 1590s
 13936  8220  352.52302   44  180  193.00000  369.12762  91.3%   188 1595s
 14068  8307  194.59889  176   98  193.00000  369.12762  91.3%   187 1600s
 14110  8316  349.90262   50  159  193.00000  369.12762  91.3%   187 1605s
 14255  8400  309.56040   41  147  193.00000  369.12762  91.3%   186 1610s
 14425  8477  266.07035   51  130  193.00000  369.12762  91.3%   184 1615s
 14512  8521  270.43722   46  142  193.00000  369.12762  91.3%   184 1620s
 14628  8524  257.20947   62  122  193.00000  369.12762  91.3%   184 1625s
 14761  8573  296.50238   46  136  193.00000  369.12762  91.3%   183 1630s
 14891  8638  246.99692   62  130  193.00000  369.12762  91.3%   182 1635s
 15022  8698  294.03635   26  154  193.00000  369.12762  91.3%   182 1640s
 15204  8748  259.75516   46  144  193.00000  369.12762  91.3%   180 1645s
 15370  8829  212.80702   53   98  193.00000  369.12762  91.3%   180 1650s
 15647  8909  367.25384   38  174  193.00000  369.12762  91.3%   178 1655s
 15877  9007  344.48303   54  184  193.00000  369.12762  91.3%   177 1660s
 16011  9077  304.55794   40  126  193.00000  369.12762  91.3%   177 1665s
 16165  9133  364.60283   47  176  193.00000  369.12762  91.3%   176 1670s
 16292  9217  200.88579  174  130  193.00000  369.12762  91.3%   175 1675s
 16460  9305  206.48450  154  122  193.00000  369.12762  91.3%   174 1680s
 16635  9335  267.63607   59  129  193.00000  369.12762  91.3%   174 1685s
 16855  9401  297.45210   93  162  193.00000  369.12762  91.3%   173 1690s
 17072  9499  258.08513   38  130  193.00000  369.12762  91.3%   171 1695s
 17263  9573     cutoff   35       193.00000  369.12762  91.3%   171 1700s
 17380  9640  234.25994  127  132  193.00000  369.12762  91.3%   170 1705s
 17565  9719  287.51692   32  130  193.00000  369.12762  91.3%   169 1710s
 17711  9746  201.76826   96  102  193.00000  369.12762  91.3%   169 1715s
 17882  9804  297.29018   67  161  193.00000  369.12762  91.3%   168 1720s
 17952  9840  220.62173  130  134  193.00000  369.12762  91.3%   168 1725s
 17968  9843  205.90997  142  134  193.00000  369.12762  91.3%   168 1730s
 18155  9925  255.37979   49  133  193.00000  369.12762  91.3%   167 1735s
 18285  9950  220.31018   77  116  193.00000  369.12762  91.3%   167 1740s
 18443 10015  243.53706   76  135  193.00000  369.12762  91.3%   166 1745s
 18616 10089  235.83360   41  113  193.00000  369.12762  91.3%   165 1750s
 18711 10103  204.35793   89  116  193.00000  369.12762  91.3%   166 1755s
 18909 10163  293.61937   32  142  193.00000  369.12762  91.3%   165 1760s
 19100 10263  207.36941   82  119  193.00000  369.12762  91.3%   164 1765s
 19276 10323  209.46412   42   97  193.00000  369.11376  91.3%   163 1771s
 19433 10369  201.92030   80  109  193.00000  367.36150  90.3%   163 1775s
*19649  9527              35     204.0000000  367.12971  80.0%   162 1779s
 19655  9525  362.84951   32  166  204.00000  367.10215  80.0%   162 1780s
 19787  9571  273.13992   53  123  204.00000  366.73766  79.8%   161 1785s
 19947  9619  259.24327   59  125  204.00000  366.47177  79.6%   161 1790s
 20119  9697  232.61332   61  116  204.00000  365.98025  79.4%   160 1795s
 20220  9733  214.98610   54   91  204.00000  365.63843  79.2%   160 1800s

Cutting planes:
  Gomory: 55
  MIR: 1

Explored 20221 nodes (3244332 simplex iterations) in 1800.02 seconds (685.33 work units)
Thread count was 1 (of 12 available processors)

Solution count 10: 204 193 192 ... 159

Time limit reached
Best objective 2.040000000000e+02, best bound 3.650000000000e+02, gap 78.9216%
