
Gurobi 12.0.2 (linux64, C++) logging started Thu Jun 19 08:00:20 2025

Set parameter LogFile to value "log/instances/scenario2/not_correlated_sc2/500/kpfs_2.txt.log"

Gurobi 12.0.2 (linux64, C++) logging started Thu Jun 19 08:01:43 2025

Set parameter LogFile to value "log/instances/scenario2/not_correlated_sc2/500/kpfs_2.txt.log"

Gurobi 12.0.2 (linux64, C++) logging started Thu Jun 19 08:02:54 2025

Set parameter LogFile to value "log/instances/scenario2/not_correlated_sc2/500/kpfs_2.txt.log"

Gurobi 12.0.2 (linux64, C++) logging started Thu Jun 19 08:03:58 2025

Set parameter LogFile to value "log/instances/scenario2/not_correlated_sc2/500/kpfs_2.txt.log"

Gurobi 12.0.2 (linux64, C++) logging started Thu Jun 19 15:50:23 2025

Set parameter WLSAccessID
Set parameter WLSSecret
Set parameter LicenseID to value 2679381
Set parameter LogFile to value "log/instances/scenario2/not_correlated_sc2/500/kpfs_2.txt.log"
Academic license 2679381 - for non-commercial use only - registered to be___@poli.ufrj.br
Set parameter TimeLimit to value 1800
Set parameter Threads to value 1
Gurobi Optimizer version 12.0.2 build v12.0.2rc0 (linux64 - "Ubuntu 24.04.1 LTS")

CPU model: 13th Gen Intel(R) Core(TM) i7-1355U, instruction set [SSE2|AVX|AVX2]
Thread count: 6 physical cores, 12 logical processors, using up to 1 threads

Non-default parameters:
TimeLimit  1800
Threads  1

Academic license 2679381 - for non-commercial use only - registered to be___@poli.ufrj.br
Optimize a model with 1502 rows, 2000 columns and 23991 nonzeros
Model fingerprint: 0x60e8c769
Variable types: 0 continuous, 2000 integer (500 binary)
Coefficient statistics:
  Matrix range     [1e+00, 3e+01]
  Objective range  [1e+00, 3e+01]
  Bounds range     [1e+00, 2e+01]
  RHS range        [1e+00, 8e+02]
Found heuristic solution: objective 49.0000000
Presolve removed 0 rows and 29 columns
Presolve time: 0.16s
Presolved: 1502 rows, 1971 columns, 23933 nonzeros
Variable types: 0 continuous, 1971 integer (529 binary)

Root relaxation: objective 5.083091e+02, 2603 iterations, 1.15 seconds (0.49 work units)

    Nodes    |    Current Node    |     Objective Bounds      |     Work
 Expl Unexpl |  Obj  Depth IntInf | Incumbent    BestBd   Gap | It/Node Time

     0     0  508.30913    0  248   49.00000  508.30913   937%     -    1s
H    0     0                      58.0000000  508.30913   776%     -    1s
H    0     0                      63.0000000  508.30913   707%     -    1s
H    0     0                      93.0000000  508.30913   447%     -    1s
H    0     0                     104.0000000  508.30913   389%     -    1s
H    0     0                     135.0000000  508.30913   277%     -    1s
H    0     0                     154.0000000  508.30913   230%     -    1s
H    0     0                     169.0000000  508.30913   201%     -    1s
H    0     0                     185.0000000  508.30913   175%     -    2s
H    0     0                     196.0000000  508.30913   159%     -    2s
H    0     0                     202.0000000  508.30913   152%     -    3s
     0     0  507.02205    0  247  202.00000  507.02205   151%     -    4s
H    0     0                     203.0000000  506.99411   150%     -    6s
H    0     0                     213.0000000  506.99411   138%     -    6s
     0     0  506.88431    0  240  213.00000  506.88431   138%     -    6s
     0     0  506.77075    0  243  213.00000  506.77075   138%     -    6s
     0     0  506.71815    0  243  213.00000  506.71815   138%     -    7s
     0     0  506.69859    0  246  213.00000  506.69859   138%     -    7s
     0     0  506.69580    0  245  213.00000  506.69580   138%     -    7s
     0     0  506.20669    0  242  213.00000  506.20669   138%     -    7s
     0     0  506.03742    0  240  213.00000  506.03742   138%     -   14s
     0     0  506.02300    0  242  213.00000  506.02300   138%     -   14s
     0     0  506.02300    0  243  213.00000  506.02300   138%     -   14s
     0     0  505.95635    0  240  213.00000  505.95635   138%     -   16s
     0     0  505.94452    0  240  213.00000  505.94452   138%     -   16s
     0     0  505.94288    0  243  213.00000  505.94288   138%     -   16s
     0     0  505.94246    0  241  213.00000  505.94246   138%     -   16s
     0     0  505.91911    0  243  213.00000  505.91911   138%     -   17s
     0     0  505.91805    0  244  213.00000  505.91805   138%     -   17s
     0     0  505.90166    0  241  213.00000  505.90166   138%     -   18s
     0     2  505.89970    0  241  213.00000  505.89970   138%     -   18s
     6     8  496.51086    4  240  213.00000  500.10115   135%   511   20s
    65    67  442.19698   61  200  213.00000  500.10115   135%   203   25s
   147   149  304.16892  135  128  213.00000  500.10115   135%   175   30s
   197   199  324.88997  180  152  213.00000  500.10115   135%   170   35s
   336   318  386.89835    3  198  213.00000  497.42459   134%   141   40s
   440   420  252.67454   99  129  213.00000  497.42459   134%   135   45s
   534   497  221.05037  205  241  213.00000  496.47618   133%   128   52s
   536   498  433.19073   77  248  213.00000  496.47618   133%   128   55s
   540   503  410.59257   14  188  213.00000  496.47618   133%   134   60s
   559   516  484.62229   24  236  213.00000  486.01783   128%   153   65s
   568   522  402.21151   28  185  213.00000  477.10248   124%   162   70s
   588   535  385.13925   38  188  213.00000  457.90000   115%   178   75s
   605   546  443.37072   47  228  213.00000  444.88866   109%   192   80s
   622   558  339.98804   55  163  213.00000  444.34561   109%   204   85s
   636   567  328.79730   62  165  213.00000  444.34561   109%   214   90s
   652   578  315.79766   70  157  213.00000  444.34561   109%   222   95s
   666   587  320.34600   77  155  213.00000  444.34561   109%   230  101s
   669   589  401.83430   79  204  213.00000  444.34561   109%   231  108s
   674   592  317.29782   81  161  213.00000  444.34561   109%   234  110s
   688   602  308.73501   88  144  213.00000  444.34561   109%   241  115s
   703   612  385.26471   96  205  213.00000  444.34561   109%   247  120s
   729   629  368.89752  109  207  213.00000  444.34561   109%   256  125s
   746   640  285.44913  117  129  213.00000  444.34561   109%   261  130s
   762   651  273.00131  125  125  213.00000  444.34561   109%   264  135s
   778   662  246.34204  133  124  213.00000  444.34561   109%   267  140s
   796   674  275.89577  142  131  213.00000  444.34561   109%   271  145s
   814   686  264.86127  151  126  213.00000  444.34561   109%   275  150s
   834   696  235.31545  161  111  213.00000  444.34561   109%   278  155s
   856   706  238.08560  172  120  213.00000  444.34561   109%   281  160s
   876   710  228.84350  182  106  213.00000  444.34561   109%   282  165s
   882   710  226.44386  185  114  213.00000  444.34561   109%   283  175s
   917   708  253.32579  203  161  213.00000  444.34561   109%   282  180s
   963   695  231.11874  226  146  213.00000  444.34561   109%   277  185s
  1019   689  424.87215   24  214  213.00000  439.97399   107%   271  190s
H 1033   663                     218.0000000  439.97399   102%   273  196s
  1056   680  337.59661   42  151  218.00000  439.97399   102%   277  200s
  1074   692  282.71977   51  128  218.00000  439.97399   102%   278  205s
  1106   713  301.10926   67  140  218.00000  439.97399   102%   281  210s
  1142   737  258.47513   85  108  218.00000  439.97399   102%   283  215s
  1192   766     cutoff  110       218.00000  439.97399   102%   284  220s
  1314   746  251.26622   18  115  218.00000  428.97907  96.8%   272  225s
  1396   782  222.76480   59  114  218.00000  428.97907  96.8%   270  231s
  1466   776  405.92311   38  183  218.00000  428.73856  96.7%   265  235s
  1505   802  292.52252   57  128  218.00000  428.73856  96.7%   269  240s
  1571   844  241.81748   90  124  218.00000  428.73856  96.7%   274  245s
  1605   867  233.98121  107  129  218.00000  428.73856  96.7%   276  250s
  1669   878     cutoff  139       218.00000  428.73856  96.7%   276  255s
  1775   864  278.93126   44  130  218.00000  424.48941  94.7%   268  260s
  1917   845  354.02996   28  169  218.00000  418.25469  91.9%   259  265s
  1949   866  296.51770   44  146  218.00000  413.31763  89.6%   261  270s
  1977   891  296.01980   58  154  218.00000  413.31763  89.6%   263  275s
  2022   936  320.94472   81  162  218.00000  413.31763  89.6%   265  280s
  2083   986  224.79091  111  127  218.00000  413.31763  89.6%   266  285s
  2191  1011  330.67809   43  164  218.00000  413.23268  89.6%   261  294s
  2193  1013  313.21039   44  142  218.00000  413.23268  89.6%   261  295s
  2234  1054  356.02456   65  178  218.00000  413.23268  89.6%   263  300s
  2269  1089  274.39533   82  135  218.00000  413.23268  89.6%   265  305s
  2309  1128  223.91667  102  109  218.00000  413.23268  89.6%   266  310s
  2481  1174  297.45883   52  147  218.00000  409.44465  87.8%   260  315s
  2812  1463  307.45094   30  148  218.00000  405.64329  86.1%   239  320s
  3027  1653  290.37788   90  156  218.00000  401.96742  84.4%   228  325s
  3040  1666  238.14573  102  117  218.00000  401.96742  84.4%   228  331s
  3188  1787  228.85160   40  119  218.00000  400.60644  83.8%   222  335s
  3259  1819  249.35466   76  140  218.00000  400.60644  83.8%   221  340s
  3423  1933  333.21659   31  164  218.00000  396.91960  82.1%   215  345s
  3651  2095  389.60188   37  181  218.00000  394.13409  80.8%   207  350s
  3886  2272  236.76349   80  136  218.00000  392.18420  79.9%   200  355s
  4100  2424  339.78230   21  151  218.00000  389.53213  78.7%   194  360s
  4160  2474  224.96610   51  116  218.00000  389.53213  78.7%   195  365s
  4437  2604  274.67468   74  146  218.00000  387.84555  77.9%   189  370s
  4610  2725  258.16525   54  131  218.00000  385.63468  76.9%   185  375s
  4850  2874  383.15239   39  184  218.00000  384.75757  76.5%   180  380s
  5012  3009     cutoff   39       218.00000  384.18522  76.2%   178  385s
  5140  3068  366.46315   47  171  218.00000  383.25743  75.8%   176  393s
  5187  3115  281.38534   94  145  218.00000  383.25743  75.8%   175  395s
  5481  3335  243.74689   66  125  218.00000  382.46200  75.4%   170  400s
  5674  3453  282.05838   28  136  218.00000  380.73905  74.7%   167  405s
  5735  3497  330.66339   46  138  218.00000  380.01537  74.3%   167  410s
  5789  3548  227.40896   73  128  218.00000  380.01537  74.3%   169  415s
  5894  3576  227.95049  126  118  218.00000  380.01537  74.3%   169  420s
  6128  3715  313.57455   42  161  218.00000  379.60069  74.1%   166  425s
  6311  3864  245.31327   66  129  218.00000  379.07150  73.9%   163  430s
  6472  3989  285.49652   72  143  218.00000  377.77479  73.3%   161  435s
  6652  4141  327.78547   45  158  218.00000  376.73209  72.8%   159  441s
  6770  4229     cutoff   55       218.00000  376.52058  72.7%   158  445s
  6992  4356  230.69657   71  113  218.00000  375.97216  72.5%   156  450s
  7221  4511  294.24072   71  170  218.00000  375.34434  72.2%   154  455s
  7392  4652  219.66666   48  114  218.00000  374.58152  71.8%   152  460s
  7518  4756  330.11021   32  147  218.00000  374.51537  71.8%   151  465s
  7641  4843  233.35428   53  125  218.00000  374.04369  71.6%   150  470s
  7742  4866  362.42831   24  170  218.00000  373.59098  71.4%   150  475s
H 7767  4806                     222.0000000  373.59098  68.3%   149  477s
H 7767  4764                     223.0000000  373.59098  67.5%   149  477s
  7831  4817  295.25036   28  158  223.00000  373.33720  67.4%   149  480s
  7873  4838  293.24899   22  114  223.00000  373.29100  67.4%   149  502s
  7938  4896  235.99622   66  116  223.00000  373.21896  67.4%   148  505s
  8036  4976  347.77199   48  176  223.00000  372.36948  67.0%   148  510s
  8284  5176  252.72907   35  112  223.00000  372.04854  66.8%   146  515s
  8601  5344  290.75043   46  140  223.00000  370.64487  66.2%   144  520s
  8795  5468  232.08720   75  132  223.00000  370.20912  66.0%   142  525s
  8959  5586  292.80868  102  163  223.00000  369.49485  65.7%   142  530s
  9130  5729  249.96070  106  142  223.00000  369.36835  65.6%   140  535s
  9326  5869  253.15785   44  106  223.00000  368.79859  65.4%   139  540s
  9361  5901  296.85472   62  161  223.00000  368.79859  65.4%   140  545s
  9443  5925  242.48775  103  126  223.00000  368.79859  65.4%   140  551s
  9607  5993     cutoff   61       223.00000  368.23452  65.1%   139  555s
  9820  6130  302.29486   48  148  223.00000  367.29113  64.7%   138  560s
 10066  6267  282.03740   33  148  223.00000  366.36247  64.3%   137  565s
 10203  6331  266.18907   51  241  223.00000  366.24048  64.2%   137  702s
 10206  6333  300.38991   35  251  223.00000  366.24048  64.2%   137  705s
 10214  6338  274.50626   36  242  223.00000  366.24048  64.2%   137  711s
 10218  6341  336.03409   69  242  223.00000  366.24048  64.2%   136  716s
 10222  6344  236.20439   33  249  223.00000  366.24048  64.2%   136  721s
 10225  6346  334.48225   32  251  223.00000  366.24048  64.2%   136  726s
 10228  6348  298.99710   88  249  223.00000  366.24048  64.2%   136  730s
 10232  6350  329.15969   28  248  223.00000  366.24048  64.2%   136  735s
 10236  6353  278.81274   48  257  223.00000  366.24048  64.2%   136  740s
 10239  6355  291.40759   32  256  223.00000  366.24048  64.2%   136  745s
 10242  6357  339.91443   53  256  223.00000  366.24048  64.2%   136  750s
 10247  6360  257.48513   94  253  223.00000  366.24048  64.2%   136  757s
 10250  6362  301.44865   45  255  223.00000  366.24048  64.2%   136  760s
 10254  6365  268.24999   38  260  223.00000  366.24048  64.2%   136  766s
 10258  6368  240.98184   61  259  223.00000  366.24048  64.2%   136  771s
 10262  6370  230.33536   53  257  223.00000  366.24048  64.2%   136  777s
 10265  6372  293.40603   31  247  223.00000  366.24048  64.2%   136  780s
 10269  6375  256.68597   34  248  223.00000  366.24048  64.2%   136  785s
 10271  6376  289.35677   30  243  223.00000  366.24048  64.2%   136  802s
 10273  6378  347.28411   44  246  223.00000  366.24048  64.2%   136  808s
 10274  6378  350.20812   69  246  223.00000  366.24048  64.2%   136  811s
 10278  6381  271.27514   63  249  223.00000  366.24048  64.2%   136  816s
 10281  6383  265.18819   32  250  223.00000  366.24048  64.2%   136  821s
 10283  6384  306.41374   40  254  223.00000  366.24048  64.2%   136  825s
 10287  6387  291.88191   28  250  223.00000  366.24048  64.2%   136  832s
 10288  6388  240.40635   48  255  223.00000  366.24048  64.2%   136  835s
 10291  6390  288.56004   38  252  223.00000  366.24048  64.2%   135  841s
 10293  6391  252.48922   85  253  223.00000  366.24048  64.2%   135  845s
 10297  6394  292.63691   53  250  223.00000  366.24048  64.2%   135  851s
 10301  6396  283.82937  114  254  223.00000  366.24048  64.2%   135  856s
 10305  6399  298.10382   34  248  223.00000  366.24048  64.2%   135  861s
 10309  6402  231.56728   79  251  223.00000  366.24048  64.2%   135  867s
 10312  6404  335.80062   36  252  223.00000  366.24048  64.2%   135  870s
 10315  6406  235.70626   71  253  223.00000  366.24048  64.2%   135  875s
 10317  6407  242.85018   66  256  223.00000  366.24048  64.2%   135  880s
 10321  6410  246.16275   87  254  223.00000  366.24048  64.2%   135  885s
 10324  6412  246.65706   66  257  223.00000  366.24048  64.2%   135  891s
 10328  6414  298.99710   88  257  223.00000  366.24048  64.2%   135  896s
 10331  6416  271.52114   36  254  223.00000  366.24048  64.2%   135  900s
 10334  6418  232.66577   43  253  223.00000  366.24048  64.2%   135  905s
 10338  6421  332.24757   65  256  223.00000  366.24048  64.2%   135  911s
 10342  6424  339.91443   53  255  223.00000  366.24048  64.2%   135  916s
 10346  6426  274.72917   57  255  223.00000  366.24048  64.2%   135  920s
 10352  6430  249.68770  104  255  223.00000  366.24048  64.2%   135  926s
 10356  6433  304.41082   44  255  223.00000  366.24048  64.2%   135  931s
 10366  6442  366.24048   28  206  223.00000  366.24048  64.2%   136  935s
 10374  6447  356.50941   32  175  223.00000  366.24048  64.2%   136  940s
 10381  6452  366.24048   36  240  223.00000  366.24048  64.2%   137  945s
 10389  6457  366.24048   40  244  223.00000  366.24048  64.2%   137  950s
 10396  6462  366.24048   43  176  223.00000  366.24048  64.2%   138  955s
 10404  6467  366.24048   47  178  223.00000  366.24048  64.2%   138  960s
 10412  6472  333.05921   51  156  223.00000  366.24048  64.2%   138  965s
 10420  6478  366.24048   55  184  223.00000  366.24048  64.2%   139  970s
 10430  6484  357.23830   60  180  223.00000  366.24048  64.2%   139  975s
 10440  6491  354.46275   65  179  223.00000  366.24048  64.2%   140  983s
 10444  6494  355.79471   67  175  223.00000  366.24048  64.2%   140  985s
 10456  6502  325.20779   73  157  223.00000  366.24048  64.2%   141  990s
 10466  6508  317.32340   78  148  223.00000  366.24048  64.2%   141  995s
 10475  6514  366.24048   83  214  223.00000  366.24048  64.2%   142 1000s
 10482  6519  344.54322   86  159  223.00000  366.24048  64.2%   142 1005s
 10492  6526  298.83135   91  147  223.00000  366.24048  64.2%   142 1010s
 10498  6530  288.42238   94  135  223.00000  366.24048  64.2%   143 1015s
 10508  6536  301.60231   99  139  223.00000  366.24048  64.2%   143 1020s
 10517  6542  366.24048  104  203  223.00000  366.24048  64.2%   144 1025s
 10530  6551  283.28515  110  139  223.00000  366.24048  64.2%   144 1030s
 10534  6554  284.90886  112  128  223.00000  366.24048  64.2%   145 1035s
 10544  6560  281.79474  117  135  223.00000  366.24048  64.2%   145 1040s
 10551  6565  359.24161  121  195  223.00000  366.24048  64.2%   145 1045s
 10561  6572  354.43341  126  191  223.00000  366.24048  64.2%   145 1050s
 10573  6580  349.26146  132  185  223.00000  366.24048  64.2%   146 1055s
 10587  6589  342.22592  139  192  223.00000  366.24048  64.2%   146 1060s
 10600  6598  265.76846  145  113  223.00000  366.24048  64.2%   146 1065s
 10619  6608  323.64798  155  172  223.00000  366.24048  64.2%   147 1070s
 10642  6624  240.52544  166  120  223.00000  366.24048  64.2%   147 1075s
 10654  6631  238.22290  172  111  223.00000  366.24048  64.2%   148 1080s
 10674  6636  234.17591  182  116  223.00000  366.24048  64.2%   148 1085s
 10692  6639  257.32063  191  121  223.00000  366.24048  64.2%   148 1090s
 10710  6638     cutoff  200       223.00000  366.24048  64.2%   149 1095s
 10734  6635     cutoff  212       223.00000  366.24048  64.2%   149 1100s
 10765  6628  246.72541  228  139  223.00000  366.24048  64.2%   149 1105s
 10802  6616  366.24048   31  201  223.00000  366.24048  64.2%   149 1110s
 10818  6627  366.24048   39  191  223.00000  366.24048  64.2%   149 1115s
 10837  6640  322.20890   48  149  223.00000  366.24048  64.2%   150 1120s
 10862  6656  361.47330   61  178  223.00000  366.24048  64.2%   150 1125s
 10899  6681  255.47461   79  124  223.00000  366.24048  64.2%   151 1130s
 10937  6702  251.27809   98  131  223.00000  366.24048  64.2%   152 1135s
 10975  6713  229.50269  117   95  223.00000  366.24048  64.2%   152 1140s
 11004  6712  269.67035  132  130  223.00000  366.24048  64.2%   152 1149s
 11012  6709  265.40481  136  137  223.00000  366.24048  64.2%   152 1150s
 11081  6688  358.41134   29  165  223.00000  366.24048  64.2%   152 1155s
 11116  6710  299.34034   47  145  223.00000  366.24048  64.2%   153 1160s
 11174  6708  237.31314   76  122  223.00000  366.24048  64.2%   153 1165s
 11200  6711  366.24048   35  191  223.00000  366.24048  64.2%   153 1170s
 11220  6724  366.24048   45  197  223.00000  366.24048  64.2%   153 1175s
 11235  6734  283.85306   52  131  223.00000  366.24048  64.2%   154 1180s
 11256  6748  349.28651   63  186  223.00000  366.24048  64.2%   154 1185s
 11279  6763  261.28555   74  135  223.00000  366.24048  64.2%   155 1190s
 11307  6782  261.62032   88  130  223.00000  366.24048  64.2%   155 1195s
 11337  6798  233.88433  103  131  223.00000  366.24048  64.2%   155 1200s
 11370  6803  272.20564  120  141  223.00000  366.24048  64.2%   156 1205s
 11430  6785  243.57539  150  127  223.00000  366.24048  64.2%   156 1210s
 11483  6782  321.06436   37  155  223.00000  366.24048  64.2%   156 1215s
 11536  6791     cutoff   63       223.00000  366.24048  64.2%   156 1220s
 11592  6784  366.24048   44  197  223.00000  366.24048  64.2%   156 1225s
 11621  6803  297.59890   58  128  223.00000  366.24048  64.2%   157 1230s
 11647  6821  321.77869   71  159  223.00000  366.24048  64.2%   157 1235s
 11681  6843  234.09151   88  123  223.00000  366.24048  64.2%   158 1240s
 11699  6855  242.69974   97  106  223.00000  366.24048  64.2%   158 1245s
 11718  6868  304.10205  107  173  223.00000  366.24048  64.2%   159 1250s
 11744  6876  287.46084  120  166  223.00000  366.24048  64.2%   159 1255s
 11783  6869     cutoff  139       223.00000  366.24048  64.2%   159 1260s
 11853  6854  259.19746   41  122  223.00000  366.24048  64.2%   159 1265s
 11938  6868  244.12091   84  129  223.00000  366.24048  64.2%   159 1270s
 11989  6867  336.81146   50  162  223.00000  366.24048  64.2%   160 1275s
 12011  6881  281.44634   61  136  223.00000  366.24048  64.2%   160 1283s
 12018  6886  366.24048   65  192  223.00000  366.24048  64.2%   160 1285s
 12039  6900  303.58355   75  154  223.00000  366.24048  64.2%   161 1290s
 12073  6923  271.16069   92  125  223.00000  366.24048  64.2%   161 1295s
 12109  6945  239.63685  110  115  223.00000  366.24048  64.2%   162 1300s
 12149  6954     cutoff  130       223.00000  366.24048  64.2%   162 1305s
 12223  6942     cutoff  167       223.00000  366.24048  64.2%   162 1310s
 12326  6965  264.41606  100  132  223.00000  366.24048  64.2%   162 1315s
 12440  7017  296.56780  102  159  223.00000  366.24048  64.2%   161 1320s
 12723  7164  253.55378  105  138  223.00000  366.24048  64.2%   160 1325s
 12788  7197  284.04049   68  147  223.00000  366.24048  64.2%   159 1353s
 12828  7215  312.04695   38  157  223.00000  366.24048  64.2%   159 1355s
 12947  7286  313.26657   97  164  223.00000  366.24048  64.2%   159 1360s
 13109  7368  263.86132   63  123  223.00000  366.24048  64.2%   158 1365s
 13167  7399  295.78025   49  139  223.00000  366.24048  64.2%   158 1370s
 13199  7420  268.83862   65  122  223.00000  366.24048  64.2%   158 1375s
 13228  7440  314.19498   80  151  223.00000  366.24048  64.2%   159 1380s
 13283  7449     cutoff  107       223.00000  366.24048  64.2%   159 1385s
 13414  7417  282.69792   50  149  223.00000  366.24048  64.2%   159 1390s
 13588  7494  272.43479   68  142  223.00000  366.24048  64.2%   158 1395s
 13791  7561  306.02200   50  150  223.00000  366.24048  64.2%   157 1400s
 13970  7619  269.39308   64  122  223.00000  366.24048  64.2%   156 1405s
 14116  7701  297.72806   81  155  223.00000  366.24048  64.2%   155 1410s
 14240  7756  328.72627   43  169  223.00000  366.24048  64.2%   155 1415s
 14310  7782  236.67921   68  110  223.00000  366.24048  64.2%   155 1420s
 14457  7789  234.62391   99  132  223.00000  366.24048  64.2%   154 1425s
 14593  7819  288.58081   58  148  223.00000  366.24048  64.2%   154 1430s
 14772  7901  366.24048   58  192  223.00000  366.24048  64.2%   153 1435s
 14824  7936  302.06735  110  175  223.00000  366.24048  64.2%   153 1443s
 14857  7958  260.86262  143  142  223.00000  366.24048  64.2%   153 1445s
 14964  7983     cutoff   47       223.00000  366.24048  64.2%   152 1450s
 15137  8026  318.46101   50  136  223.00000  366.24048  64.2%   151 1455s
 15229  8070  265.12542   46  126  223.00000  366.24048  64.2%   151 1460s
 15271  8098  238.78002   67  120  223.00000  366.24048  64.2%   152 1465s
 15333  8102     cutoff   98       223.00000  366.24048  64.2%   152 1470s
 15484  8116  288.44047   50  137  223.00000  366.24048  64.2%   152 1475s
 15592  8173  299.76488   80  164  223.00000  366.24048  64.2%   151 1480s
 15822  8248  342.84510   49  154  223.00000  366.24048  64.2%   150 1485s
 16046  8352  234.32143  117  109  223.00000  366.24048  64.2%   149 1490s
 16198  8405  228.26546   57  120  223.00000  366.24048  64.2%   149 1495s
 16323  8407  313.27706   51  137  223.00000  366.24048  64.2%   148 1500s
 16519  8492  287.80238   96  159  223.00000  366.24048  64.2%   148 1505s
 16812  8616  297.80881   53  125  223.00000  366.24048  64.2%   146 1510s
 16992  8697  251.93984   36  120  223.00000  366.24048  64.2%   146 1515s
 17146  8711  316.16635   53  149  223.00000  366.24048  64.2%   146 1520s
 17354  8772  244.97741   45  124  223.00000  366.24048  64.2%   145 1525s
 17546  8836  285.05566   54  136  223.00000  366.24048  64.2%   144 1530s
 17719  8897  239.12620   56  100  223.00000  366.24048  64.2%   144 1535s
 17857  8909  244.73478   64  124  223.00000  366.24048  64.2%   143 1540s
 18018  8952  299.01188   55  154  223.00000  366.24048  64.2%   143 1545s
 18149  9005  311.40525   52  168  223.00000  366.24048  64.2%   142 1550s
 18321  9069  280.60443   56  134  223.00000  366.24048  64.2%   142 1555s
 18540  9113  315.47840   35  148  223.00000  366.24048  64.2%   141 1560s
 18725  9166  249.71763   72  120  223.00000  366.24048  64.2%   140 1565s
 18919  9234  366.24048   61  180  223.00000  366.24048  64.2%   140 1570s
 19103  9324     cutoff   61       223.00000  366.24048  64.2%   139 1575s
 19337  9357  250.51157   49  111  223.00000  366.24048  64.2%   139 1581s
 19554  9426  256.88024   77  140  223.00000  366.24048  64.2%   138 1585s
 19779  9494     cutoff   52       223.00000  366.24048  64.2%   138 1590s
 19971  9504  254.09977   57  115  223.00000  366.24048  64.2%   137 1595s
 20126  9569  307.10839   82  155  223.00000  366.24048  64.2%   137 1605s
 20292  9639  283.78399   57  141  223.00000  366.24048  64.2%   136 1610s
 20425  9692  250.78253   84  124  223.00000  366.24048  64.2%   136 1615s
 20628  9788  226.55413   84  109  223.00000  366.24048  64.2%   135 1620s
 20800  9838  274.95243   55  123  223.00000  366.24048  64.2%   135 1625s
 20977  9899  306.80891   92  170  223.00000  366.24048  64.2%   134 1630s
 21185  9968  254.09894   57  117  223.00000  366.24048  64.2%   134 1635s
 21479 10048  283.73067   40  127  223.00000  366.24048  64.2%   133 1640s
 21702 10115  253.73340   71  126  223.00000  366.24048  64.2%   133 1645s
 21926 10187  226.40784   94  119  223.00000  365.74993  64.0%   132 1650s
 22115 10221  278.00490   52  138  223.00000  364.82098  63.6%   132 1655s
 22314 10262  287.44808   50  143  223.00000  364.36097  63.4%   131 1660s
 22509 10318  257.78474   70  118  223.00000  364.11481  63.3%   131 1665s
 22695 10389     cutoff  131       223.00000  363.94937  63.2%   130 1670s
 22859 10436  238.10875   67  136  223.00000  363.08825  62.8%   130 1675s
 23041 10452     cutoff   76       223.00000  362.94078  62.8%   130 1680s
 23191 10473  284.64485   43  151  223.00000  362.53118  62.6%   129 1685s
 23336 10498  252.65334   58  126  223.00000  362.46533  62.5%   129 1690s
 23558 10591  241.59298   46  117  223.00000  362.08304  62.4%   129 1695s
 23767 10655  239.30309   73  101  223.00000  361.68297  62.2%   128 1700s
 24066 10733  226.81717  105  110  223.00000  361.05685  61.9%   128 1705s
 24236 10783  330.89773   65  160  223.00000  360.71106  61.8%   127 1710s
 24359 10805  291.56803   44  133  223.00000  360.42136  61.6%   127 1716s
 24498 10863  265.98513   82  145  223.00000  360.37813  61.6%   127 1720s
 24605 10850     cutoff  109       223.00000  360.37670  61.6%   127 1725s
 24759 10901  311.84937   42  141  223.00000  359.94937  61.4%   126 1730s
 24896 10912     cutoff   66       223.00000  359.64827  61.3%   126 1735s
 25052 10939     cutoff   70       223.00000  359.40515  61.2%   126 1740s
 25257 11017  246.43655   48  112  223.00000  359.10700  61.0%   126 1745s
 25350 11020  236.21057   75  110  223.00000  359.04928  61.0%   126 1750s
 25504 11029  229.98753   62  104  223.00000  358.80227  60.9%   125 1755s
 25646 11060  277.41145   47  119  223.00000  358.28569  60.7%   125 1760s
 25811 11099  274.71185   53  143  223.00000  357.71225  60.4%   125 1765s
 25945 11133  277.13592   59  134  223.00000  357.54287  60.3%   125 1770s
 26100 11198  253.05118   48  113  223.00000  357.30368  60.2%   124 1775s
 26194 11210  289.37039   53  145  223.00000  357.20475  60.2%   124 1780s
 26246 11212  259.36511   67  120  223.00000  357.09758  60.1%   124 1785s
 26455 11247  274.79242   49  132  223.00000  356.70178  60.0%   124 1790s
 26514 11278  315.92571   60  164  223.00000  356.65292  59.9%   124 1795s

Cutting planes:
  Gomory: 51
  MIR: 1

Explored 26554 nodes (3296595 simplex iterations) in 1800.01 seconds (782.80 work units)
Thread count was 1 (of 12 available processors)

Solution count 10: 223 222 218 ... 154

Time limit reached
Best objective 2.230000000000e+02, best bound 3.560000000000e+02, gap 59.6413%
