
Gurobi 12.0.2 (linux64, C++) logging started Thu Jun 19 08:00:20 2025

Set parameter LogFile to value "log/instances/scenario2/not_correlated_sc2/500/kpfs_7.txt.log"

Gurobi 12.0.2 (linux64, C++) logging started Thu Jun 19 08:01:43 2025

Set parameter LogFile to value "log/instances/scenario2/not_correlated_sc2/500/kpfs_7.txt.log"

Gurobi 12.0.2 (linux64, C++) logging started Thu Jun 19 08:02:54 2025

Set parameter LogFile to value "log/instances/scenario2/not_correlated_sc2/500/kpfs_7.txt.log"

Gurobi 12.0.2 (linux64, C++) logging started Thu Jun 19 08:03:58 2025

Set parameter LogFile to value "log/instances/scenario2/not_correlated_sc2/500/kpfs_7.txt.log"

Gurobi 12.0.2 (linux64, C++) logging started Thu Jun 19 18:20:24 2025

Set parameter WLSAccessID
Set parameter WLSSecret
Set parameter LicenseID to value 2679381
Set parameter LogFile to value "log/instances/scenario2/not_correlated_sc2/500/kpfs_7.txt.log"
Academic license 2679381 - for non-commercial use only - registered to be___@poli.ufrj.br
Set parameter TimeLimit to value 1800
Set parameter Threads to value 1
Gurobi Optimizer version 12.0.2 build v12.0.2rc0 (linux64 - "Ubuntu 24.04.1 LTS")

CPU model: 13th Gen Intel(R) Core(TM) i7-1355U, instruction set [SSE2|AVX|AVX2]
Thread count: 6 physical cores, 12 logical processors, using up to 1 threads

Non-default parameters:
TimeLimit  1800
Threads  1

Academic license 2679381 - for non-commercial use only - registered to be___@poli.ufrj.br
Optimize a model with 1502 rows, 2000 columns and 24033 nonzeros
Model fingerprint: 0xed171991
Variable types: 0 continuous, 2000 integer (500 binary)
Coefficient statistics:
  Matrix range     [1e+00, 3e+01]
  Objective range  [1e+00, 3e+01]
  Bounds range     [1e+00, 2e+01]
  RHS range        [1e+00, 8e+02]
Found heuristic solution: objective 48.0000000
Presolve removed 0 rows and 35 columns
Presolve time: 0.16s
Presolved: 1502 rows, 1965 columns, 23963 nonzeros
Variable types: 0 continuous, 1965 integer (535 binary)

Root relaxation: objective 5.231694e+02, 2558 iterations, 1.45 seconds (0.48 work units)

    Nodes    |    Current Node    |     Objective Bounds      |     Work
 Expl Unexpl |  Obj  Depth IntInf | Incumbent    BestBd   Gap | It/Node Time

     0     0  523.16937    0  237   48.00000  523.16937   990%     -    1s
H    0     0                      51.0000000  523.16937   926%     -    1s
H    0     0                      53.0000000  523.16937   887%     -    1s
H    0     0                      76.0000000  523.16937   588%     -    1s
H    0     0                      78.0000000  523.16937   571%     -    1s
H    0     0                      85.0000000  523.16937   515%     -    1s
H    0     0                     106.0000000  523.16937   394%     -    1s
H    0     0                     131.0000000  523.16937   299%     -    1s
H    0     0                     138.0000000  523.16937   279%     -    1s
H    0     0                     156.0000000  523.16937   235%     -    1s
H    0     0                     159.0000000  523.16937   229%     -    1s
H    0     0                     163.0000000  523.16937   221%     -    2s
H    0     0                     168.0000000  523.16937   211%     -    2s
H    0     0                     176.0000000  523.16937   197%     -    2s
H    0     0                     186.0000000  523.16937   181%     -    2s
H    0     0                     233.0000000  523.16937   125%     -    5s
     0     0  521.85569    0  238  233.00000  521.85569   124%     -    6s
     0     0  521.59624    0  239  233.00000  521.59624   124%     -   10s
     0     0  521.52737    0  238  233.00000  521.52737   124%     -   10s
     0     0  521.46169    0  239  233.00000  521.46169   124%     -   10s
     0     0  521.40824    0  236  233.00000  521.40824   124%     -   10s
     0     0  520.84850    0  235  233.00000  520.84850   124%     -   12s
     0     0  520.84452    0  234  233.00000  520.84452   124%     -   12s
     0     0  520.39121    0  240  233.00000  520.39121   123%     -   14s
     0     0  520.34278    0  239  233.00000  520.34278   123%     -   14s
     0     0  520.32780    0  236  233.00000  520.32780   123%     -   14s
     0     0  520.32474    0  239  233.00000  520.32474   123%     -   14s
     0     0  519.97400    0  238  233.00000  519.97400   123%     -   17s
     0     0  519.95867    0  236  233.00000  519.95867   123%     -   17s
     0     0  519.86939    0  238  233.00000  519.86939   123%     -   18s
     0     0  519.86420    0  237  233.00000  519.86420   123%     -   18s
     0     0  519.86420    0  235  233.00000  519.86420   123%     -   18s
     0     0  519.83539    0  240  233.00000  519.83539   123%     -   20s
     0     0  519.83178    0  242  233.00000  519.83178   123%     -   20s
     0     0  519.81829    0  241  233.00000  519.81829   123%     -   21s
     0     2  519.81306    0  241  233.00000  519.81306   123%     -   23s
     6     8  505.87399    4  234  233.00000  510.60143   119%   512   25s
    65    67  451.84051   59  195  233.00000  510.60143   119%   211   30s
   126   128  319.16047  114  144  233.00000  510.60143   119%   226   35s
   177   179  330.42535  158  158  233.00000  510.60143   119%   237   40s
   286   274  439.52982    3  213  233.00000  506.20673   117%   215   45s
H  312   291                     237.0000000  506.20673   114%   224   49s
   313   294  378.91816   26  189  237.00000  506.20673   114%   224   50s
   429   405  252.49396  132  136  237.00000  506.20673   114%   212   55s
   532   492  360.43507   39  241  237.00000  505.49674   113%   197   62s
   536   495  270.23558  106  237  237.00000  505.49674   113%   195   67s
   540   499  441.05211   12  216  237.00000  505.49674   113%   203   70s
   548   505  418.11885   16  174  237.00000  493.43545   108%   211   75s
   559   512  479.50815   22  222  237.00000  481.48912   103%   221   80s
   570   519  385.49174   27  181  237.00000  473.86549   100%   231   85s
   581   527  462.19720   33  220  237.00000  463.09280  95.4%   238   90s
   593   535  454.17045   39  216  237.00000  455.16252  92.1%   246   95s
   604   542  315.61393   44  158  237.00000  454.33018  91.7%   254  100s
   613   548  442.09382   49  219  237.00000  454.33018  91.7%   260  105s
   624   555  360.99175   54  166  237.00000  454.33018  91.7%   268  110s
   634   562  321.88594   59  155  237.00000  454.33018  91.7%   274  120s
   646   570  348.99844   65  159  237.00000  454.33018  91.7%   282  125s
   658   578  326.78717   71  159  237.00000  454.33018  91.7%   288  130s
   669   585  403.07203   77  217  237.00000  454.33018  91.7%   293  135s
   678   591  318.30994   81  154  237.00000  454.33018  91.7%   298  140s
   688   598  254.65080   86  146  237.00000  454.33018  91.7%   303  147s
   695   603  387.15243   90  206  237.00000  454.33018  91.7%   306  150s
   708   611  316.96178   96  157  237.00000  454.33018  91.7%   313  155s
   727   624  370.95338  106  201  237.00000  454.33018  91.7%   317  160s
   745   636  363.79782  115  205  237.00000  454.33018  91.7%   321  165s
   759   645  352.46710  122  189  237.00000  454.33018  91.7%   324  170s
   770   652  273.00332  127  131  237.00000  454.33018  91.7%   327  175s
   785   661  339.23277  135  189  237.00000  454.33018  91.7%   329  180s
   800   668  260.78795  142  132  237.00000  454.33018  91.7%   331  185s
   817   678  320.39105  151  172  237.00000  454.33018  91.7%   333  190s
   838   681  259.15323  161  132  237.00000  454.33018  91.7%   336  195s
   865   682  294.15553  175  177  237.00000  454.33018  91.7%   335  200s
   896   673     cutoff  190       237.00000  454.33018  91.7%   333  206s
   924   664     cutoff  204       237.00000  454.33018  91.7%   330  210s
   955   655  248.01261  220  148  237.00000  454.33018  91.7%   323  215s
   999   658  320.42636   22  132  237.00000  454.25653  91.7%   318  220s
  1029   678  263.99222   37  122  237.00000  454.25653  91.7%   317  225s
  1031   680  270.98322   38  120  237.00000  454.25653  91.7%   317  230s
  1048   689  329.47664   47  154  237.00000  454.25653  91.7%   317  235s
  1085   699  242.36871   65  127  237.00000  454.25653  91.7%   315  240s
  1183   678  444.22728   12  198  237.00000  447.98682  89.0%   300  245s
  1207   694  338.60015   24  162  237.00000  447.98682  89.0%   302  250s
  1233   711  300.27231   37  139  237.00000  447.98682  89.0%   305  255s
  1261   729  249.14659   51  113  237.00000  447.98682  89.0%   308  260s
  1291   749  272.44318   66  128  237.00000  447.98682  89.0%   309  265s
  1327   769  247.82611   84  142  237.00000  447.98682  89.0%   311  270s
  1357   772     cutoff   99       237.00000  447.98682  89.0%   311  275s
  1470   739  361.59308   15  150  237.00000  442.04302  86.5%   298  280s
  1480   746  370.53307   20  157  237.00000  442.04302  86.5%   299  286s
  1498   758  324.32697   29  161  237.00000  442.04302  86.5%   300  290s
  1525   776  383.22358   43  194  237.00000  442.04302  86.5%   302  295s
  1552   794  287.05160   56  139  237.00000  442.04302  86.5%   304  300s
  1580   811     cutoff   70       237.00000  442.04302  86.5%   305  305s
  1604   823  250.20482   82  134  237.00000  442.04302  86.5%   306  310s
  1642   836  249.67165  101  113  237.00000  442.04302  86.5%   307  315s
  1697   829  269.08788  129  147  237.00000  442.04302  86.5%   305  320s
  1778   822  264.99631   25  120  237.00000  441.03998  86.1%   298  325s
  1811   831  277.14924   42  140  237.00000  441.03998  86.1%   297  332s
  1882   810  422.79464   15  206  237.00000  441.00206  86.1%   290  335s
  1900   822  404.27056   24  206  237.00000  441.00206  86.1%   291  340s
  1923   837  300.08970   35  142  237.00000  441.00206  86.1%   293  345s
  1951   856  289.01637   49  137  237.00000  441.00206  86.1%   295  350s
  1975   871  255.99531   61  130  237.00000  441.00206  86.1%   296  369s
  1976   872  340.00152   62  188  237.00000  441.00206  86.1%   296  376s
  2003   886  265.36202   75  140  237.00000  441.00206  86.1%   297  380s
  2044   898  297.21024   96  165  237.00000  441.00206  86.1%   297  385s
  2113   900     cutoff  130       237.00000  441.00206  86.1%   294  390s
  2196   929  273.83232   28  108  237.00000  420.93635  77.6%   290  395s
  2244   966  260.55512   52  136  237.00000  420.93635  77.6%   289  400s
  2349   974  409.93942   22  178  237.00000  420.91753  77.6%   282  405s
  2370   995  357.56036   32  154  237.00000  420.91753  77.6%   284  410s
  2399  1024  365.62771   47  169  237.00000  420.91753  77.6%   285  415s
  2430  1055  265.46813   62  124  237.00000  420.91753  77.6%   286  420s
  2468  1081  242.06239   81  114  237.00000  420.91753  77.6%   286  425s
  2524  1090     cutoff  109       237.00000  420.91753  77.6%   285  430s
  2640  1130  403.47977   20  194  237.00000  419.78703  77.1%   277  435s
  2748  1229     cutoff  120       237.00000  419.78703  77.1%   270  441s
  2830  1297  344.21103   49  163  237.00000  417.96042  76.4%   265  445s
  2964  1408  354.48145   18  162  237.00000  414.19322  74.8%   257  450s
  3128  1544  403.52566   19  185  237.00000  411.68445  73.7%   248  455s
  3240  1637  302.37176   30  145  237.00000  410.71517  73.3%   244  460s
  3358  1689  298.90112   34  146  237.00000  409.33287  72.7%   239  465s
  3506  1805  252.29656   60  131  237.00000  407.39531  71.9%   232  470s
  3596  1847  374.43052   33  170  237.00000  405.69096  71.2%   229  475s
  3688  1916  329.06557   61  180  237.00000  404.07591  70.5%   226  480s
  3815  2027  246.90766   66  126  237.00000  403.96003  70.4%   222  485s
  3915  2099  297.11503   27  140  237.00000  401.76630  69.5%   218  490s
  4060  2226  283.35802   81  155  237.00000  400.74836  69.1%   213  495s
  4154  2299  323.12237   44  165  237.00000  399.54895  68.6%   212  500s
  4276  2332  337.53646   21  160  237.00000  398.57454  68.2%   210  505s
  4406  2419  247.13198   69  137  237.00000  398.08554  68.0%   207  510s
  4519  2497  323.61220   33  161  237.00000  396.41700  67.3%   205  515s
  4658  2605  300.62729   28  146  237.00000  394.33586  66.4%   201  520s
  4744  2659     cutoff   44       237.00000  394.11409  66.3%   200  525s
  4819  2694  321.26285   35  149  237.00000  394.08509  66.3%   198  533s
  4865  2732  298.01792   30  137  237.00000  394.06641  66.3%   197  535s
  4956  2800  365.71683   47  179  237.00000  393.85980  66.2%   195  540s
  4977  2821  280.99142   57  131  237.00000  393.85980  66.2%   196  545s
  5009  2849  248.40836   73  132  237.00000  393.85980  66.2%   197  550s
  5057  2861     cutoff   97       237.00000  393.85980  66.2%   198  555s
  5182  2894  391.20924   33  184  237.00000  393.44912  66.0%   196  560s
  5324  3005  284.25710   50  138  237.00000  392.63769  65.7%   193  565s
  5456  3088  270.21010   34  132  237.00000  391.20715  65.1%   190  570s
  5564  3160  333.24326   25  150  237.00000  390.72917  64.9%   188  575s
  5676  3246  305.11708   44  137  237.00000  390.02420  64.6%   186  580s
  5798  3320  362.95940   29  179  237.00000  389.13475  64.2%   184  585s
  5910  3415  384.95217   37  181  237.00000  388.73872  64.0%   182  590s
  6019  3504     cutoff   28       237.00000  388.40799  63.9%   181  595s
  6192  3584  320.30993   26  152  237.00000  387.46928  63.5%   178  600s
  6340  3699  367.87478   40  181  237.00000  386.81455  63.2%   176  605s
  6451  3788     cutoff   49       237.00000  386.64726  63.1%   175  610s
  6584  3875  335.87600   44  180  237.00000  384.99632  62.4%   173  618s
  6612  3903  291.13446   71  170  237.00000  384.99632  62.4%   173  620s
  6789  4039  367.53056   46  174  237.00000  384.80263  62.4%   171  625s
  6962  4194  256.97581   70  130  237.00000  384.46014  62.2%   168  630s
  7153  4319  238.12318   86  103  237.00000  383.36453  61.8%   166  635s
  7330  4446  263.76625   37  146  237.00000  382.82098  61.5%   164  640s
  7433  4508  265.20862   36  153  237.00000  381.40172  60.9%   163  645s
  7586  4633  267.71304   84  154  237.00000  381.21628  60.9%   162  650s
  7741  4741  275.41188   40  133  237.00000  380.74688  60.7%   160  655s
  7783  4782  264.28886   61  137  237.00000  380.74688  60.7%   161  660s
  7853  4796     cutoff   96       237.00000  380.74688  60.7%   162  665s
  8031  4866     cutoff   59       237.00000  379.78196  60.2%   160  670s
  8208  4998  290.28262   64  168  237.00000  379.04514  59.9%   159  675s
  8354  5099  248.49141   62  117  237.00000  378.58617  59.7%   157  680s
  8522  5199  367.05907   77  176  237.00000  377.90561  59.5%   156  685s
  8688  5294  299.77730   41  141  237.00000  376.63175  58.9%   155  690s
  8876  5438  277.26991   59  148  237.00000  376.14535  58.7%   154  695s
  9103  5598  300.51776   58  150  237.00000  375.84884  58.6%   152  700s
  9217  5653     cutoff   64       237.00000  375.62370  58.5%   152  705s
  9368  5728  269.15909   38  130  237.00000  375.09866  58.3%   151  710s
  9485  5792  314.65128   32  169  237.00000  374.33595  57.9%   150  715s
  9717  5970  308.51555   32  141  237.00000  373.76043  57.7%   148  721s
  9858  6059  240.10437   62  135  237.00000  373.32711  57.5%   147  725s
  9917  6089  283.21152   84  138  237.00000  373.28194  57.5%   148  732s
 10021  6106  301.87938   20  148  237.00000  373.24530  57.5%   147  735s
 10199  6196     cutoff   29       237.00000  372.93530  57.4%   146  740s
 10202  6197  285.49889   30  143  237.00000  372.93530  57.4%   146  876s
 10288  6250  264.12668   71  141  237.00000  372.35742  57.1%   146  880s
 10475  6379  302.65069   29  151  237.00000  371.95181  56.9%   145  885s
 10643  6468  320.87924   82  153  237.00000  371.77130  56.9%   144  890s
 10819  6586  259.46904   31  147  237.00000  371.56501  56.8%   143  895s
 10989  6706  276.65409   33  151  237.00000  370.96871  56.5%   142  900s
 11169  6833  269.12162   39  133  237.00000  370.75371  56.4%   142  905s
 11317  6934  328.31903   26  167  237.00000  370.70332  56.4%   141  910s
 11434  7012  272.07720   44  142  237.00000  370.56031  56.4%   140  915s
 11608  7143  250.50732   32  119  237.00000  370.42022  56.3%   139  920s
 11850  7312     cutoff   40       237.00000  370.25445  56.2%   139  925s
 12021  7399  242.14209   69  120  237.00000  370.02318  56.1%   138  930s
 12194  7521  243.59428   33   97  237.00000  369.61172  56.0%   137  935s
 12351  7590  328.06443   28  166  237.00000  368.93737  55.7%   137  940s
 12476  7676  292.82816   52  143  237.00000  368.62445  55.5%   136  946s
 12612  7760  248.96399   61  136  237.00000  368.45819  55.5%   136  950s
 12675  7807  240.74138   81  121  237.00000  368.22007  55.4%   135  957s
 12772  7863  294.97541   34  147  237.00000  367.94171  55.2%   135  960s
 12966  7973  275.79592   76  145  237.00000  367.52602  55.1%   134  965s
 13156  8088  259.27416   69  113  237.00000  367.15584  54.9%   134  970s
 13354  8212  311.87853   34  163  237.00000  366.76394  54.8%   133  975s
 13487  8317  314.73652   52  175  237.00000  366.57824  54.7%   132  980s
 13668  8444  263.34198   67  147  237.00000  366.34267  54.6%   132  985s
 13868  8544  263.59145   38  139  237.00000  366.07476  54.5%   131  990s
 14065  8681  251.06944   29  116  237.00000  365.48118  54.2%   130  995s
 14230  8796     cutoff   27       237.00000  365.29295  54.1%   130 1000s
 14394  8909  334.31992   41  188  237.00000  364.72423  53.9%   130 1005s
 14435  8935  245.86047   61  126  237.00000  364.72423  53.9%   130 1010s
 14491  8937     cutoff   89       237.00000  364.72423  53.9%   130 1015s
 14798  9111  288.65341   32  159  237.00000  363.98230  53.6%   129 1020s
 15038  9281  282.89618   50  120  237.00000  363.66992  53.4%   129 1025s
 15235  9371  238.17334   32   95  237.00000  363.30942  53.3%   128 1030s
 15436  9490  288.67635   47  153  237.00000  362.65269  53.0%   128 1035s
 15634  9627     cutoff   61       237.00000  362.28861  52.9%   127 1040s
 15813  9716  254.34601   74  147  237.00000  362.17134  52.8%   127 1045s
 15966  9805  324.04889   18  138  237.00000  361.61618  52.6%   126 1050s
 16172  9907  256.99636   62  141  237.00000  361.47487  52.5%   126 1055s
 16372 10034  304.06627   43  152  237.00000  361.33087  52.5%   125 1060s
 16555 10177  266.61430  137  136  237.00000  361.16475  52.4%   125 1065s
 16720 10287  242.27248   55  133  237.00000  360.99632  52.3%   124 1091s
 16815 10348  308.72708   73  162  237.00000  360.88592  52.3%   124 1095s
 16990 10461     cutoff   62       237.00000  360.70661  52.2%   124 1100s
 17144 10529  261.91257   51  137  237.00000  360.34533  52.0%   123 1105s
 17343 10680     cutoff   43       237.00000  360.21812  52.0%   123 1110s
 17457 10736  257.36615   58  142  237.00000  359.80883  51.8%   123 1115s
 17627 10850  253.64224   63  148  237.00000  359.66418  51.8%   122 1120s
 17821 10971  301.30658   29  142  237.00000  359.28906  51.6%   122 1125s
 18023 11115  274.17997   24  108  237.00000  358.84415  51.4%   122 1130s
 18185 11211  252.01402   58  138  237.00000  358.67054  51.3%   121 1135s
 18366 11308  353.84929   44  165  237.00000  357.94336  51.0%   121 1140s
 18507 11437  254.15880  112  137  237.00000  357.92740  51.0%   121 1145s
 18606 11499  288.58554   86  154  237.00000  357.79803  51.0%   120 1150s
 18763 11615  260.16451   40  138  237.00000  357.55033  50.9%   120 1155s
 18827 11653     cutoff   72       237.00000  357.55033  50.9%   121 1160s
 19004 11712  261.63301   65  128  237.00000  357.34877  50.8%   120 1165s
 19156 11784  246.07466   43  126  237.00000  357.02038  50.6%   120 1170s
 19290 11869  270.08192   70  129  237.00000  356.71787  50.5%   120 1175s
 19438 11930  300.82037   18  126  237.00000  356.39411  50.4%   120 1181s
 19550 12005  302.29287   99  166  237.00000  356.37691  50.4%   119 1185s
 19697 12094  286.26009   59  147  237.00000  356.16153  50.3%   119 1190s
 19824 12145  254.38591   29  111  237.00000  356.10962  50.3%   119 1195s
 19950 12232     cutoff   43       237.00000  356.08449  50.2%   119 1200s
 20098 12308     cutoff   27       237.00000  355.99105  50.2%   119 1205s
 20301 12381  293.18139   33  146  237.00000  355.82486  50.1%   118 1210s
 20529 12525 infeasible   37       237.00000  355.54482  50.0%   118 1215s
 20748 12680  292.27412   65  145  237.00000  355.28746  49.9%   118 1220s
 20937 12829  250.20663   68  148  237.00000  354.99937  49.8%   117 1225s
 21112 12907  244.30094   75  132  237.00000  354.80943  49.7%   117 1230s
 21264 12992  288.58994   73  146  237.00000  354.54996  49.6%   117 1235s
 21431 13061  259.98812   53  116  237.00000  354.26424  49.5%   117 1240s
 21608 13137  272.57847   56  126  237.00000  354.02477  49.4%   116 1245s
 21756 13229  286.71812   49  140  237.00000  353.57255  49.2%   116 1250s
 21906 13294  245.53625   46  117  237.00000  353.49238  49.2%   116 1255s
 22089 13408  268.92420   22  145  237.00000  353.12622  49.0%   116 1260s
 22281 13516  260.56110   32  149  237.00000  352.53425  48.7%   115 1265s
 22479 13636  282.04034   66  143  237.00000  352.24681  48.6%   115 1270s
 22811 13799  277.62801   29  149  237.00000  351.79933  48.4%   115 1275s
 22984 13869  266.63373   89  140  237.00000  351.64313  48.4%   114 1280s
 23124 13945  269.43626   73  130  237.00000  351.31341  48.2%   114 1285s
 23317 14037  302.83480   32  157  237.00000  351.01436  48.1%   114 1290s
 23506 14159  293.51214   59  132  237.00000  350.78889  48.0%   114 1295s
 23700 14251  287.74369   59  155  237.00000  350.49345  47.9%   114 1300s
 23878 14342     cutoff   32       237.00000  350.16559  47.7%   113 1305s
 24035 14427  273.03342   86  117  237.00000  349.86871  47.6%   113 1310s
 24185 14526  314.02677   74  144  237.00000  349.70796  47.6%   113 1315s
 24340 14602  289.07240   41  136  237.00000  349.64132  47.5%   113 1320s
 24497 14691  270.87826   29  129  237.00000  349.39197  47.4%   113 1325s
 24670 14792  266.91897   23  134  237.00000  349.12885  47.3%   112 1330s
 24827 14853  244.87786   76  117  237.00000  348.96596  47.2%   112 1335s
 25011 14938  259.21057   48  122  237.00000  348.34117  47.0%   112 1340s
 25170 14987  257.95910   77  116  237.00000  348.09572  46.9%   112 1352s
 25277 15045  264.88843   59  140  237.00000  347.82742  46.8%   112 1355s
 25458 15148     cutoff   34       237.00000  347.63338  46.7%   112 1360s
 25615 15241  289.22804   38  124  237.00000  347.51604  46.6%   112 1365s
 25788 15319  268.68094   28  112  237.00000  347.27736  46.5%   111 1370s
 25906 15385  331.41299   62  173  237.00000  347.21001  46.5%   111 1375s
 26049 15500  298.01211   45  148  237.00000  347.07617  46.4%   111 1380s
 26169 15564  273.50323   41  116  237.00000  346.96432  46.4%   111 1385s
 26285 15622  240.50832   83  141  237.00000  346.86912  46.4%   111 1390s
 26327 15643     cutoff  104       237.00000  346.86912  46.4%   111 1395s
 26459 15689  241.86531   96  129  237.00000  346.81704  46.3%   111 1400s
 26762 15879  343.74379   31  182  237.00000  346.54682  46.2%   111 1405s
 26902 15970  252.02427   44  131  237.00000  346.43132  46.2%   111 1410s
 27021 15992  291.36095   23  147  237.00000  346.37205  46.1%   111 1416s
 27096 16050  258.16242   66  141  237.00000  346.36880  46.1%   111 1420s
 27261 16161  268.99196   56  137  237.00000  346.20812  46.1%   110 1425s
 27450 16283  275.84692   30  128  237.00000  345.96932  46.0%   110 1430s
 27596 16334  283.08895   45  149  237.00000  345.87922  45.9%   110 1435s
 27789 16457  282.12469   24  131  237.00000  345.79906  45.9%   110 1440s
 27961 16567  243.11604   33  102  237.00000  345.53901  45.8%   110 1445s
 28076 16635  275.32886   55  150  237.00000  345.43234  45.8%   109 1450s
 28202 16693  256.61686   85  145  237.00000  345.25493  45.7%   109 1455s
 28375 16785  300.01247   62  168  237.00000  345.12824  45.6%   109 1460s
 28558 16900  324.41046   32  155  237.00000  344.97071  45.6%   109 1465s
 28723 16964  302.60878   42  147  237.00000  344.73587  45.5%   109 1470s
 28877 17070     cutoff   42       237.00000  344.62336  45.4%   109 1475s
 29022 17135     cutoff   80       237.00000  344.34255  45.3%   109 1480s
 29112 17174  281.28525   53  117  237.00000  344.20055  45.2%   109 1485s
 29295 17261  287.61757   70  143  237.00000  343.91612  45.1%   109 1490s
 29511 17341  271.13970   34  106  237.00000  343.73072  45.0%   108 1495s
 29789 17522  259.84755   67  147  237.00000  343.58675  45.0%   108 1500s
 29977 17608     cutoff   67       237.00000  343.47304  44.9%   108 1505s
 30247 17774  267.38652   44  114  237.00000  343.30147  44.9%   108 1510s
 30502 17909  302.23397   53  160  237.00000  342.84485  44.7%   107 1515s
 30611 17939  244.70078   62  125  237.00000  342.79644  44.6%   108 1520s
 30812 18083  270.28500   59  152  237.00000  342.74039  44.6%   107 1525s
 31029 18193  250.00258   36  122  237.00000  342.56826  44.5%   107 1530s
 31235 18287  278.55481   70  146  237.00000  342.42893  44.5%   107 1535s
 31459 18405  251.58528   40  113  237.00000  342.21933  44.4%   107 1540s
 31591 18488  286.88535   55  144  237.00000  342.00229  44.3%   107 1545s
 31748 18539  277.47555   38  144  237.00000  341.88489  44.3%   107 1550s
 31962 18638  280.09767   48  142  237.00000  341.71156  44.2%   107 1555s
 32195 18743  249.18232   71  140  237.00000  341.51712  44.1%   107 1560s
 32398 18850  273.50597   49  114  237.00000  341.30140  44.0%   106 1565s
 32550 18926  261.93543   42  124  237.00000  341.17816  44.0%   106 1570s
 32763 19050     cutoff   36       237.00000  340.93642  43.9%   106 1575s
 32992 19146     cutoff   46       237.00000  340.58037  43.7%   106 1580s
 33177 19209  252.29704   31  133  237.00000  340.28388  43.6%   106 1585s
 33402 19318  303.44540   39  154  237.00000  340.00272  43.5%   106 1590s
 33605 19421  264.66074   66  128  237.00000  339.74733  43.4%   106 1595s
 33841 19549     cutoff   38       237.00000  339.50105  43.2%   106 1600s
 34075 19661  263.28676   52  121  237.00000  339.19965  43.1%   105 1605s
 34295 19784  277.73802   35  160  237.00000  339.00326  43.0%   105 1610s
 34580 19946     cutoff   82       237.00000  338.76865  42.9%   105 1615s
 34819 20046  246.09599   69  130  237.00000  338.50527  42.8%   105 1620s
 35102 20183  268.50027   73  155  237.00000  338.17448  42.7%   105 1625s
 35334 20289  289.98274   44  143  237.00000  337.87408  42.6%   104 1630s
 35561 20407     cutoff   82       237.00000  337.61805  42.5%   104 1635s
 35782 20507  286.75133   22  124  237.00000  337.15620  42.3%   104 1640s
 36061 20626  265.17331   42  116  237.00000  337.04820  42.2%   104 1645s
 36247 20727     cutoff   52       237.00000  336.94744  42.2%   104 1651s
 36330 20737  278.03474   64  135  237.00000  336.88938  42.1%   104 1655s
 36471 20792  261.76319   33  142  237.00000  336.73883  42.1%   104 1660s
 36649 20881  250.55882   92  128  237.00000  336.57187  42.0%   104 1665s
 36792 20942  245.77641   94  129  237.00000  336.49505  42.0%   104 1670s
 36957 21013  264.17462   32  130  237.00000  336.26315  41.9%   104 1675s
 37099 21069  248.47826   33  114  237.00000  336.09986  41.8%   104 1680s
 37184 21125  251.17989   93  144  237.00000  336.04984  41.8%   104 1685s
 37352 21213  242.99200   55  130  237.00000  335.83981  41.7%   104 1690s
 37495 21258  303.04165   34  151  237.00000  335.65329  41.6%   103 1695s
 37676 21344  253.87445   72  149  237.00000  335.49415  41.6%   103 1700s
 37851 21412  262.04319   54  133  237.00000  335.31606  41.5%   103 1705s
 38015 21513  316.98059   59  175  237.00000  335.21781  41.4%   103 1710s
 38156 21600  251.90252   74  156  237.00000  335.15550  41.4%   103 1715s
 38265 21668  269.89851   93  131  237.00000  335.04715  41.4%   103 1720s
 38420 21728  287.70411   63  137  237.00000  334.81277  41.3%   103 1725s
 38562 21782     cutoff   85       237.00000  334.71930  41.2%   103 1730s
 38739 21863  252.37213   45  123  237.00000  334.62256  41.2%   103 1735s
 38902 21918  254.55338   76  123  237.00000  334.46445  41.1%   103 1740s
 39031 21978  271.20677   34  126  237.00000  334.34008  41.1%   103 1745s
 39274 22111  248.89789   28  126  237.00000  334.03547  40.9%   102 1750s
 39451 22168  277.93062   73  144  237.00000  333.72205  40.8%   102 1755s
 39632 22259     cutoff   54       237.00000  333.69175  40.8%   102 1760s
 39805 22380  308.69324   40  152  237.00000  333.60212  40.8%   102 1765s
 39981 22492  273.00250   46  126  237.00000  333.40465  40.7%   102 1770s
 40122 22549  282.58593   52  122  237.00000  333.27659  40.6%   102 1775s
 40272 22649  265.25311   21  107  237.00000  333.20150  40.6%   102 1780s
 40425 22707  243.92785   45  109  237.00000  332.91237  40.5%   102 1785s
 40569 22750  303.70963   30  136  237.00000  332.76349  40.4%   102 1790s
 40734 22809  272.13182   74  125  237.00000  332.55046  40.3%   102 1795s

Cutting planes:
  Flow cover: 1

Explored 40881 nodes (4156951 simplex iterations) in 1800.02 seconds (656.17 work units)
Thread count was 1 (of 12 available processors)

Solution count 10: 237 233 186 ... 131

Time limit reached
Best objective 2.370000000000e+02, best bound 3.320000000000e+02, gap 40.0844%
