
Gurobi 12.0.2 (linux64, C++) logging started Thu Jun 19 08:00:18 2025

Set parameter LogFile to value "log/instances/scenario2/fully_correlated_sc2/1000/kpfs_8.txt.log"

Gurobi 12.0.2 (linux64, C++) logging started Thu Jun 19 08:01:42 2025

Set parameter LogFile to value "log/instances/scenario2/fully_correlated_sc2/1000/kpfs_8.txt.log"

Gurobi 12.0.2 (linux64, C++) logging started Thu Jun 19 08:02:53 2025

Set parameter LogFile to value "log/instances/scenario2/fully_correlated_sc2/1000/kpfs_8.txt.log"

Gurobi 12.0.2 (linux64, C++) logging started Thu Jun 19 08:03:57 2025

Set parameter LogFile to value "log/instances/scenario2/fully_correlated_sc2/1000/kpfs_8.txt.log"

Gurobi 12.0.2 (linux64, C++) logging started Thu Jun 19 11:37:19 2025

Set parameter WLSAccessID
Set parameter WLSSecret
Set parameter LicenseID to value 2679381
Set parameter LogFile to value "log/instances/scenario2/fully_correlated_sc2/1000/kpfs_8.txt.log"
Academic license 2679381 - for non-commercial use only - registered to be___@poli.ufrj.br
Set parameter TimeLimit to value 1800
Set parameter Threads to value 1
Gurobi Optimizer version 12.0.2 build v12.0.2rc0 (linux64 - "Ubuntu 24.04.1 LTS")

CPU model: 13th Gen Intel(R) Core(TM) i7-1355U, instruction set [SSE2|AVX|AVX2]
Thread count: 6 physical cores, 12 logical processors, using up to 1 threads

Non-default parameters:
TimeLimit  1800
Threads  1

Academic license 2679381 - for non-commercial use only - registered to be___@poli.ufrj.br
Optimize a model with 3002 rows, 4000 columns and 85305 nonzeros
Model fingerprint: 0x90de8ad6
Variable types: 0 continuous, 4000 integer (1000 binary)
Coefficient statistics:
  Matrix range     [1e+00, 3e+01]
  Objective range  [1e+00, 4e+01]
  Bounds range     [1e+00, 5e+01]
  RHS range        [1e+00, 2e+03]
Found heuristic solution: objective 65.0000000
Presolve removed 0 rows and 72 columns
Presolve time: 0.40s
Presolved: 3002 rows, 3928 columns, 85161 nonzeros
Variable types: 0 continuous, 3928 integer (1000 binary)

Root simplex log...

Iteration    Objective       Primal Inf.    Dual Inf.      Time
    3939    8.3513583e+02   2.548643e+02   0.000000e+00      5s
    6419    7.9270341e+02   1.431333e+02   0.000000e+00     10s
    6847    7.9167150e+02   0.000000e+00   0.000000e+00     11s

Root relaxation: objective 7.916715e+02, 6847 iterations, 10.46 seconds (4.83 work units)

    Nodes    |    Current Node    |     Objective Bounds      |     Work
 Expl Unexpl |  Obj  Depth IntInf | Incumbent    BestBd   Gap | It/Node Time

     0     0  791.67150    0  552   65.00000  791.67150  1118%     -   11s
H    0     0                      68.0000000  791.67150  1064%     -   11s
H    0     0                      80.0000000  791.67150   890%     -   11s
H    0     0                      83.0000000  791.67150   854%     -   11s
H    0     0                      88.0000000  791.67150   800%     -   11s
H    0     0                     120.0000000  791.67150   560%     -   11s
H    0     0                     142.0000000  791.67150   458%     -   11s
H    0     0                     150.0000000  791.67150   428%     -   11s
H    0     0                     157.0000000  791.67150   404%     -   11s
H    0     0                     169.0000000  791.67150   368%     -   14s
H    0     0                     184.0000000  791.67150   330%     -   14s
     0     0  791.05846    0  546  184.00000  791.05846   330%     -   20s
H    0     0                     203.0000000  791.05531   290%     -   23s
H    0     0                     217.0000000  791.05531   265%     -   36s
     0     0  791.04122    0  544  217.00000  791.04122   265%     -   36s
     0     0  790.82334    0  539  217.00000  790.82334   264%     -   43s
H    0     0                     220.0000000  790.81615   259%     -   43s
H    0     0                     224.0000000  790.81615   253%     -   43s
     0     0  790.79410    0  547  224.00000  790.79410   253%     -   43s
     0     0  790.79378    0  547  224.00000  790.79378   253%     -   57s
     0     2  790.79279    0  547  224.00000  790.79279   253%     -   59s
     1     3  789.46651    1  549  224.00000  790.77925   253%   702   60s
     2     4  709.48975    1  426  224.00000  789.46517   252%  1683   65s
     5     7  784.68303    3  555  224.00000  786.66889   251%  1431   70s
     8    10  651.65977    4  371  224.00000  783.58022   250%  1767   80s
    14    16  777.97478   10  547  224.00000  783.44031   250%  1155   86s
    21    23  772.63694   17  552  224.00000  783.44031   250%   884   90s
    23    25  672.82972   18  382  224.00000  783.44031   250%  1031   98s
    25    27  770.34711   20  546  224.00000  783.44031   250%   977  100s
    33    35  764.58433   28  550  224.00000  783.44031   250%   818  105s
    41    43  760.72149   36  556  224.00000  783.44031   250%   707  110s
    47    49  757.61044   42  544  224.00000  783.44031   250%   660  115s
H   52    52                     236.0000000  783.44031   232%   614  117s
H   52    52                     263.0000000  783.44031   198%   614  117s
H   52    52                     285.0000000  783.44031   175%   614  117s
    57    59  753.18473   52  547  285.00000  783.44031   175%   589  120s
    58    60  672.91953   52  401  285.00000  783.44031   175%   661  126s
    62    64  750.70450   56  543  285.00000  783.44031   175%   637  130s
    68    70  748.39382   62  539  285.00000  783.44031   175%   601  135s
    74    76  656.81509   67  384  285.00000  783.44031   175%   610  144s
    76    78  745.10092   69  524  285.00000  783.44031   175%   601  145s
    85    87  741.17965   78  533  285.00000  783.44031   175%   564  150s
    90    92  737.22146   83  529  285.00000  783.44031   175%   551  162s
    96    98  734.97155   89  529  285.00000  783.44031   175%   533  167s
   100   102  732.21398   93  522  285.00000  783.44031   175%   525  170s
   101   103  648.73420   93  372  285.00000  783.44031   175%   543  175s
   104   106  730.37049   96  518  285.00000  783.44031   175%   541  182s
   108   110  727.80406  100  531  285.00000  783.44031   175%   532  185s
   109   111  611.92722  100  344  285.00000  783.44031   175%   554  190s
   117   119  625.31045  107  353  285.00000  783.44031   175%   575  198s
   121   123  722.68000  111  529  285.00000  783.44031   175%   564  202s
   127   129  720.06839  117  517  285.00000  783.44031   175%   550  205s
   131   133  631.83704  120  391  285.00000  783.44031   175%   559  213s
   134   136  715.33067  123  525  285.00000  783.44031   175%   555  215s
   136   138  714.87065  124  520  285.00000  783.44031   175%   569  220s
   146   148  708.67097  134  510  285.00000  783.44031   175%   548  226s
   149   151  629.13231  136  397  285.00000  783.44031   175%   569  232s
   152   154  703.78967  139  516  285.00000  783.44031   175%   562  236s
   158   160  699.65993  145  508  285.00000  783.44031   175%   553  240s
   169   171  695.28919  156  510  285.00000  783.44031   175%   533  245s
   184   186  690.16722  171  498  285.00000  783.44031   175%   506  250s
   200   202  683.58052  187  488  285.00000  783.44031   175%   484  255s
H  208   208                     298.0000000  783.44031   163%   472  262s
   208   210  681.42533  195  481  298.00000  783.44031   163%   472  265s
   216   218  677.75300  203  481  298.00000  783.44031   163%   463  270s
   228   230  673.00295  215  471  298.00000  783.44031   163%   448  275s
   239   241  588.17968  225  359  298.00000  783.44031   163%   446  281s
   260   262  660.02108  246  462  298.00000  783.44031   163%   423  285s
   272   274  653.28823  257  462  298.00000  783.44031   163%   421  290s
   289   291  646.78249  274  447  298.00000  783.44031   163%   407  305s
   291   293  645.54246  276  449  298.00000  783.44031   163%   406  314s
   294   296  643.60779  279  437  298.00000  783.44031   163%   404  315s
   313   315  637.94097  298  433  298.00000  783.44031   163%   389  320s
   329   331  631.50024  314  432  298.00000  783.44031   163%   379  325s
   337   339  626.80957  321  430  298.00000  783.44031   163%   380  330s
   344   346  623.67244  327  427  298.00000  783.44031   163%   382  335s
   356   358  552.87494  338  311  298.00000  783.44031   163%   379  342s
   365   367  615.04724  347  420  298.00000  783.44031   163%   373  345s
   374   376  525.33099  355  290  298.00000  783.44031   163%   374  350s
   388   390  601.85153  369  396  298.00000  783.44031   163%   368  355s
   395   397  521.41861  373  298  298.00000  783.44031   163%   377  360s
   427   429  583.84779  404  389  298.00000  783.44031   163%   364  365s
   451   453  517.39011  426  303  298.00000  783.44031   163%   361  370s
   473   475  561.35855  448  374  298.00000  783.44031   163%   352  375s
   515   517  546.45185  489  362  298.00000  783.44031   163%   336  380s
   543   545  537.78054  515  339  298.00000  783.44031   163%   329  385s
   559   561  528.82955  529  345  298.00000  783.44031   163%   329  393s
   568   570  466.05457  537  249  298.00000  783.44031   163%   328  395s
   598   600  509.31199  566  337  298.00000  783.44031   163%   321  400s
   623   625  499.57997  589  318  298.00000  783.44031   163%   317  405s
   639   641  432.94311  603  243  298.00000  783.44031   163%   315  410s
   674   676  481.03742  637  298  298.00000  783.44031   163%   306  415s
   717   719  413.37484  677  216  298.00000  783.44031   163%   298  420s
   777   779  383.60437  733  191  298.00000  783.44031   163%   285  425s
   904   906  356.39428  854  153  298.00000  783.44031   163%   258  430s
   984   976  684.61607    5  393  298.00000  782.14987   162%   246  436s
   986   977  402.30306  812  547  298.00000  782.14987   162%   245  472s
   988   978  694.61499  158  552  298.00000  782.14987   162%   245  484s
   989   979  618.55739  124  544  298.00000  782.14987   162%   244  498s
   991   980  681.61348  195  547  298.00000  782.14987   162%   244  500s
   993   982  618.63539  339  547  298.00000  782.14987   162%   243  511s
   995   985  704.91526   15  414  298.00000  782.14987   162%   254  518s
   996   986  782.14987   16  547  298.00000  782.14987   162%   254  520s
   997   986  703.00090   16  425  298.00000  782.14987   162%   257  525s
   999   988  704.82385   17  424  298.00000  782.14987   162%   260  531s
  1001   989  651.65977   18  371  298.00000  782.14987   162%   264  538s
  1002   990  781.87659   19  547  298.00000  782.14987   162%   264  540s
  1003   990  677.67733   19  386  298.00000  781.87555   162%   269  549s
  1004   991  780.38305   20  550  298.00000  781.82326   162%   269  551s
  1005   992  684.60757   20  389  298.00000  780.37976   162%   274  557s
  1007   993  697.98616   21  396  298.00000  777.31305   161%   277  564s
  1008   994  775.43436   22  554  298.00000  777.21091   161%   277  566s
  1009   994  680.26576   22  395  298.00000  775.43423   160%   282  572s
  1011   996  673.04120   23  394  298.00000  773.94900   160%   284  580s
  1013   997  676.61029   24  396  298.00000  772.76847   159%   287  586s
  1015   998  665.38134   25  380  298.00000  771.33281   159%   290  594s
  1016   999  769.98119   26  543  298.00000  771.30649   159%   291  596s
  1017  1000  687.76895   26  416  298.00000  769.97274   158%   295  603s
  1018  1000  769.42170   27  544  298.00000  769.95798   158%   295  605s
  1019  1001  670.63648   27  394  298.00000  769.41952   158%   298  610s
  1021  1002  684.39709   28  399  298.00000  768.87953   158%   300  618s
  1023  1004  669.31552   29  386  298.00000  768.48652   158%   304  625s
  1025  1005  681.68330   30  422  298.00000  767.19092   157%   307  633s
  1026  1006  766.38362   31  549  298.00000  767.19053   157%   307  636s
  1027  1006  661.12379   31  407  298.00000  766.38159   157%   310  642s
  1029  1008  668.03173   32  396  298.00000  765.66724   157%   314  652s
  1031  1009  642.03149   33  380  298.00000  764.93490   157%   317  661s
  1033  1010  683.51963   34  423  298.00000  763.83856   156%   319  669s
  1034  1011  762.71229   35  547  298.00000  763.75692   156%   319  671s
  1035  1012  662.96121   35  393  298.00000  762.71210   156%   322  677s
  1037  1013  675.66466   36  381  298.00000  761.89871   156%   327  688s
  1038  1014  761.28181   37  555  298.00000  761.88809   156%   327  691s
  1039  1014  661.89510   37  390  298.00000  761.27526   155%   329  697s
  1041  1016  655.57006   38  383  298.00000  760.58903   155%   332  703s
  1043  1017  663.81490   39  389  298.00000  760.24856   155%   336  710s
  1045  1018  650.57400   40  394  298.00000  758.30584   154%   338  719s
  1046  1019  757.09952   41  530  298.00000  758.30023   154%   338  720s
  1047  1020  671.86401   41  404  298.00000  757.09791   154%   340  725s
  1049  1021  661.94414   42  385  298.00000  756.51574   154%   345  732s
  1051  1022  685.53897   43  421  298.00000  755.02387   153%   347  739s
  1052  1023  754.36292   44  532  298.00000  755.01634   153%   347  740s
  1053  1024  660.64544   44  413  298.00000  754.36045   153%   349  746s
  1055  1025  632.84563   45  357  298.00000  753.57384   153%   354  756s
  1057  1026  659.18868   46  396  298.00000  752.77254   153%   356  761s
  1059  1028  655.14986   47  390  298.00000  752.01884   152%   359  767s
  1061  1029  649.38828   48  375  298.00000  751.54772   152%   361  772s
  1063  1030  671.24069   49  405  298.00000  750.98807   152%   365  782s
  1064  1031  749.80905   50  530  298.00000  750.97402   152%   365  785s
  1065  1032  646.02596   50  397  298.00000  749.80265   152%   367  793s
  1066  1032  748.46276   51  540  298.00000  749.75022   152%   367  795s
  1067  1033  654.43557   51  408  298.00000  748.46009   151%   369  802s
  1069  1034  641.85867   52  374  298.00000  747.83516   151%   374  811s
  1071  1036  635.79326   53  381  298.00000  746.95008   151%   380  829s
  1072  1036  746.35074   54  536  298.00000  746.94902   151%   380  831s
  1073  1037  619.05452   54  353  298.00000  746.34934   150%   385  839s
  1074  1038  745.52210   55  528  298.00000  746.29361   150%   385  841s
  1075  1038  660.18783   55  420  298.00000  745.51772   150%   387  847s
  1077  1040  649.06225   56  377  298.00000  744.40102   150%   390  857s
  1079  1041  647.21573   57  408  298.00000  743.83200   150%   395  904s
  1080  1042  742.31580   58  531  298.00000  743.80719   150%   395  907s
  1081  1042  656.78740   58  400  298.00000  742.31334   149%   397  913s
  1083  1044  642.28714   59  365  298.00000  741.60438   149%   399  922s
  1085  1045  660.16111   60  402  298.00000  741.08795   149%   401  928s
  1087  1046  645.11063   61  384  298.00000  740.13278   148%   405  933s
  1089  1048  660.86085   62  402  298.00000  739.42444   148%   407  938s
  1091  1049  657.42200   63  405  298.00000  738.94237   148%   408  945s
  1093  1050  652.18649   64  389  298.00000  738.00516   148%   410  951s
  1095  1052  634.67494   65  395  298.00000  737.01643   147%   415  962s
  1097  1053  654.09106   66  413  298.00000  736.54324   147%   417  970s
  1099  1054  649.60993   67  390  298.00000  735.20278   147%   419  977s
  1101  1056  642.60352   68  397  298.00000  733.14421   146%   421  984s
  1102  1056  732.60346   69  529  298.00000  733.14421   146%   421  986s
  1103  1057  614.20400   69  358  298.00000  732.60215   146%   426  994s
  1104  1058  731.47876   70  528  298.00000  732.59609   146%   426  996s
  1105  1058  636.75342   70  410  298.00000  731.47730   145%   428 1001s
  1107  1060  653.18510   71  407  298.00000  730.59885   145%   430 1006s
  1109  1061  642.18053   72  415  298.00000  730.20717   145%   434 1015s
  1111  1062  655.43245   73  399  298.00000  729.90900   145%   436 1023s
  1112  1063  729.11929   74  529  298.00000  729.90765   145%   436 1025s
  1113  1064  625.51430   74  385  298.00000  729.11641   145%   438 1031s
  1115  1065  647.71277   75  402  298.00000  728.27900   144%   440 1037s
  1117  1066  628.11145   76  388  298.00000  726.84492   144%   444 1045s
  1119  1068  615.53663   77  379  298.00000  726.36529   144%   446 1050s
  1121  1069  622.27513   78  384  298.00000  725.93545   144%   449 1055s
  1123  1070  647.09603   79  400  298.00000  724.68534   143%   450 1061s
  1125  1072  629.53943   80  394  298.00000  723.80610   143%   455 1069s
  1126  1072  722.76315   81  522  298.00000  723.80564   143%   454 1070s
  1127  1073  658.64327   81  410  298.00000  722.75903   143%   456 1075s
  1129  1074  621.89407   82  380  298.00000  722.26223   142%   458 1080s
  1131  1076  597.58654   83  366  298.00000  721.75820   142%   460 1087s
  1133  1077  606.24287   84  376  298.00000  720.18405   142%   462 1095s
  1135  1078  632.23162   85  397  298.00000  718.85594   141%   467 1102s
  1137  1080  593.52003   86  354  298.00000  718.33668   141%   468 1107s
  1139  1081  611.47767   87  376  298.00000  717.75028   141%   470 1112s
  1141  1082  616.19354   88  368  298.00000  717.32404   141%   472 1116s
  1143  1084  610.42859   89  372  298.00000  716.76311   141%   476 1123s
  1144  1084  715.71854   90  520  298.00000  716.73875   141%   476 1125s
  1145  1085  631.91567   90  408  298.00000  715.71804   140%   478 1131s
  1147  1086  613.56108   91  373  298.00000  715.15768   140%   480 1138s
  1148  1087  713.71594   92  526  298.00000  715.15768   140%   480 1140s
  1150  1088  713.05892   93  521  298.00000  713.71587   140%   482 1145s
  1151  1089  615.64016   93  374  298.00000  713.05709   139%   486 1150s
  1153  1090  625.88988   94  399  298.00000  712.33924   139%   488 1155s
  1155  1092  635.45788   95  404  298.00000  712.01990   139%   489 1163s
  1156  1092  710.88261   96  536  298.00000  712.00311   139%   489 1165s
  1157  1093  613.55286   96  385  298.00000  710.88181   139%   491 1170s
  1159  1094  619.97080   97  413  298.00000  709.95478   138%   495 1176s
  1161  1096  631.29173   98  392  298.00000  709.84737   138%   497 1182s
  1163  1097  603.42037   99  368  298.00000  709.64338   138%   499 1186s
  1165  1098  569.45487  100  351  298.00000  709.16327   138%   501 1192s
  1167  1100  606.06173  101  372  298.00000  708.53203   138%   505 1200s
  1169  1101  619.69546  102  405  298.00000  707.06599   137%   507 1206s
  1171  1102  624.40419  103  411  298.00000  705.96537   137%   509 1212s
  1173  1104  603.52123  104  364  298.00000  705.46407   137%   510 1217s
  1175  1105  600.23437  105  381  298.00000  704.91043   137%   514 1223s
  1177  1106  599.68299  106  393  298.00000  704.91043   137%   516 1230s
  1179  1108  616.86246  107  404  298.00000  704.91043   137%   519 1238s
  1181  1109  621.06037  108  390  298.00000  704.91043   137%   522 1243s
  1182  1110  702.57299  109  529  298.00000  704.91043   137%   522 1245s
  1183  1110  623.53287  109  419  298.00000  704.91043   137%   524 1250s
  1185  1112  625.44442  110  421  298.00000  704.91043   137%   526 1256s
  1187  1113  602.89206  111  390  298.00000  704.91043   137%   530 1264s
  1188  1114  700.62193  112  522  298.00000  704.91043   137%   529 1265s
  1190  1115  700.14469  113  519  298.00000  704.91043   137%   531 1270s
  1191  1116  568.15364  113  367  298.00000  704.91043   137%   533 1276s
  1193  1117  586.16036  114  366  298.00000  704.91043   137%   535 1284s
  1194  1118  698.97969  115  529  298.00000  704.91043   137%   535 1286s
  1195  1118  571.09171  115  344  298.00000  704.91043   137%   537 1291s
  1197  1120  600.64724  116  380  298.00000  704.91043   137%   540 1300s
  1199  1121  618.53942  117  414  298.00000  704.91043   137%   542 1308s
  1201  1122  610.34730  118  395  298.00000  704.91043   137%   544 1316s
  1203  1124  599.14732  119  386  298.00000  704.91043   137%   547 1322s
  1205  1125  601.94956  120  380  298.00000  704.91043   137%   549 1327s
  1207  1126  583.46686  121  362  298.00000  704.91043   137%   550 1334s
  1208  1127  694.65790  122  517  298.00000  704.91043   137%   550 1335s
  1209  1128  623.25241  122  403  298.00000  704.91043   137%   552 1340s
  1211  1129  590.51849  123  367  298.00000  704.91043   137%   555 1348s
  1213  1130  597.84123  124  369  298.00000  704.91043   137%   557 1355s
  1215  1132  586.98010  125  360  298.00000  704.91043   137%   558 1362s
  1217  1133  625.68759  126  413  298.00000  704.91043   137%   560 1373s
  1219  1134  550.43883  127  326  298.00000  704.91043   137%   564 1379s
  1220  1135  692.18039  128  529  298.00000  704.91043   137%   563 1381s
  1221  1136  584.89820  128  372  298.00000  704.91043   137%   566 1386s
  1223  1137  578.60557  129  349  298.00000  704.91043   137%   567 1392s
  1225  1138  583.27805  130  359  298.00000  704.91043   137%   570 1402s
  1227  1140  606.28632  131  401  298.00000  704.91043   137%   572 1411s
  1229  1141  599.37876  132  361  298.00000  704.91043   137%   573 1418s
  1230  1142  688.72029  133  531  298.00000  704.91043   137%   573 1420s
  1231  1142  622.22555  133  424  298.00000  704.91043   137%   574 1427s
  1233  1144  581.40913  134  364  298.00000  704.91043   137%   578 1438s
  1234  1144  688.02964  135  534  298.00000  704.91043   137%   577 1440s
  1235  1145  589.70882  135  380  298.00000  704.91043   137%   579 1447s
  1237  1146  617.44454  136  405  298.00000  704.91043   137%   581 1455s
  1239  1148  594.09260  137  375  298.00000  704.91043   137%   582 1464s
  1240  1148  685.06847  138  520  298.00000  704.91043   137%   582 1466s
  1241  1149  571.61564  138  362  298.00000  704.91043   137%   586 1474s
  1242  1150  684.53336  139  513  298.00000  704.91043   137%   586 1475s
  1244  1151  684.06829  140  518  298.00000  704.91043   137%   587 1480s
  1245  1152  565.96184  140  357  298.00000  704.91043   137%   589 1487s
  1247  1153  586.35589  141  357  298.00000  704.91043   137%   590 1492s
  1249  1154  590.22788  142  359  298.00000  704.91043   137%   592 1498s
  1251  1156  605.00205  143  397  298.00000  704.91043   137%   593 1508s
  1252  1156  681.92715  144  526  298.00000  704.91043   137%   593 1510s
  1253  1157  598.25332  144  378  298.00000  704.91043   137%   597 1530s
  1255  1158  592.71195  145  362  298.00000  704.91043   137%   598 1538s
  1256  1159  680.35114  146  527  298.00000  704.91043   137%   598 1540s
  1257  1160  590.29576  146  380  298.00000  704.91043   137%   599 1545s
  1259  1161  594.42198  147  394  298.00000  704.91043   137%   601 1550s
  1261  1162  572.84677  148  360  298.00000  704.91043   137%   602 1557s
  1263  1164  579.15643  149  341  298.00000  704.91043   137%   605 1565s
  1265  1165  598.72909  150  388  298.00000  704.91043   137%   607 1575s
  1267  1166  575.06087  151  396  298.00000  704.91043   137%   608 1583s
  1269  1168  585.02219  152  363  298.00000  704.91043   137%   609 1589s
  1270  1168  676.05478  153  525  298.00000  704.91043   137%   609 1590s
  1271  1169  575.10525  153  385  298.00000  704.91043   137%   613 1595s
  1273  1170  589.92210  154  389  298.00000  704.91043   137%   614 1601s
  1275  1172  599.70259  155  391  298.00000  704.91043   137%   616 1610s
  1277  1173  580.76192  156  363  298.00000  704.91043   137%   617 1616s
  1279  1174  576.42884  157  376  298.00000  704.91043   137%   620 1635s
  1281  1176  582.14646  158  362  298.00000  704.91043   137%   622 1643s
  1283  1177  580.83906  159  352  298.00000  704.91043   137%   623 1649s
  1284  1178  670.05759  160  516  298.00000  704.91043   137%   623 1650s
  1287  1180  584.89288  161  358  298.00000  704.91043   137%   625 1659s
  1288  1180  668.98284  162  517  298.00000  704.91043   137%   625 1660s
  1289  1181  568.87946  162  371  298.00000  704.91043   137%   627 1665s
  1291  1182  567.09888  163  353  298.00000  704.91043   137%   630 1674s
  1292  1183  667.94991  164  518  298.00000  704.91043   137%   630 1675s
  1294  1184  667.26131  165  518  298.00000  704.91043   137%   631 1682s
  1295  1185  587.57779  165  393  298.00000  704.91043   137%   632 1687s
  1297  1186  597.49224  166  382  298.00000  704.91043   137%   633 1693s
  1299  1188  539.51873  167  329  298.00000  704.91043   137%   635 1700s
  1301  1189  545.22716  168  331  298.00000  704.91043   137%   636 1706s
  1303  1190  593.66406  169  403  298.00000  704.91043   137%   639 1734s
  1304  1191  663.52310  170  517  298.00000  704.91043   137%   639 1736s
  1305  1192  578.08560  170  353  298.00000  704.91043   137%   642 1746s
  1307  1193  569.28645  171  366  298.00000  704.91043   137%   643 1754s
  1308  1194  662.80451  172  511  298.00000  704.91043   137%   642 1755s
  1309  1194  553.10913  172  348  298.00000  704.91043   137%   644 1761s
  1311  1196  561.42227  173  349  298.00000  704.91043   137%   645 1768s
  1312  1196  662.27080  174  509  298.00000  704.91043   137%   645 1770s
  1313  1197  555.79314  174  355  298.00000  704.91043   137%   648 1779s
  1314  1198  662.06651  175  508  298.00000  704.91043   137%   648 1781s
  1315  1198  527.67695  175  329  298.00000  704.91043   137%   650 1785s
  1318  1200  660.10122  177  526  298.00000  704.91043   137%   651 1790s
  1321  1202  570.40925  178  367  298.00000  704.91043   137%   653 1798s

Cutting planes:
  Gomory: 5

Explored 1323 nodes (871194 simplex iterations) in 1800.01 seconds (745.00 work units)
Thread count was 1 (of 12 available processors)

Solution count 10: 298 285 263 ... 169

Time limit reached
Best objective 2.980000000000e+02, best bound 7.040000000000e+02, gap 136.2416%
