
Gurobi 12.0.2 (linux64, C++) logging started Thu Jun 19 08:00:18 2025

Set parameter LogFile to value "log/instances/scenario2/fully_correlated_sc2/1000/kpfs_10.txt.log"

Gurobi 12.0.2 (linux64, C++) logging started Thu Jun 19 08:01:41 2025

Set parameter LogFile to value "log/instances/scenario2/fully_correlated_sc2/1000/kpfs_10.txt.log"

Gurobi 12.0.2 (linux64, C++) logging started Thu Jun 19 08:02:52 2025

Set parameter LogFile to value "log/instances/scenario2/fully_correlated_sc2/1000/kpfs_10.txt.log"

Gurobi 12.0.2 (linux64, C++) logging started Thu Jun 19 08:03:56 2025

Set parameter LogFile to value "log/instances/scenario2/fully_correlated_sc2/1000/kpfs_10.txt.log"

Gurobi 12.0.2 (linux64, C++) logging started Thu Jun 19 08:07:15 2025

Set parameter WLSAccessID
Set parameter WLSSecret
Set parameter LicenseID to value 2679381
Set parameter LogFile to value "log/instances/scenario2/fully_correlated_sc2/1000/kpfs_10.txt.log"
Academic license 2679381 - for non-commercial use only - registered to be___@poli.ufrj.br
Set parameter TimeLimit to value 1800
Set parameter Threads to value 1
Gurobi Optimizer version 12.0.2 build v12.0.2rc0 (linux64 - "Ubuntu 24.04.1 LTS")

CPU model: 13th Gen Intel(R) Core(TM) i7-1355U, instruction set [SSE2|AVX|AVX2]
Thread count: 6 physical cores, 12 logical processors, using up to 1 threads

Non-default parameters:
TimeLimit  1800
Threads  1

Academic license 2679381 - for non-commercial use only - registered to be___@poli.ufrj.br
Optimize a model with 3002 rows, 4000 columns and 84954 nonzeros
Model fingerprint: 0x30290035
Variable types: 0 continuous, 4000 integer (1000 binary)
Coefficient statistics:
  Matrix range     [1e+00, 3e+01]
  Objective range  [1e+00, 4e+01]
  Bounds range     [1e+00, 5e+01]
  RHS range        [1e+00, 2e+03]
Found heuristic solution: objective 83.0000000
Presolve removed 0 rows and 62 columns
Presolve time: 1.15s
Presolved: 3002 rows, 3938 columns, 84830 nonzeros
Variable types: 0 continuous, 3938 integer (1000 binary)

Root simplex log...

Iteration    Objective       Primal Inf.    Dual Inf.      Time
    2312    9.1650933e+02   7.465205e+02   0.000000e+00      5s
    3722    8.3576854e+02   5.502789e+02   0.000000e+00     10s
    5462    8.0001873e+02   2.170483e+02   0.000000e+00     15s
    7090    7.8952908e+02   0.000000e+00   0.000000e+00     19s

Root relaxation: objective 7.895291e+02, 7090 iterations, 17.82 seconds (5.60 work units)

    Nodes    |    Current Node    |     Objective Bounds      |     Work
 Expl Unexpl |  Obj  Depth IntInf | Incumbent    BestBd   Gap | It/Node Time

     0     0  789.52908    0  583   83.00000  789.52908   851%     -   19s
H    0     0                      86.0000000  789.52908   818%     -   19s
H    0     0                      93.0000000  789.52908   749%     -   19s
H    0     0                     120.0000000  789.52908   558%     -   19s
H    0     0                     141.0000000  789.52908   460%     -   19s
H    0     0                     144.0000000  789.52908   448%     -   19s
H    0     0                     148.0000000  789.52908   433%     -   19s
H    0     0                     173.0000000  789.52908   356%     -   20s
H    0     0                     177.0000000  789.52908   346%     -   21s
H    0     0                     183.0000000  789.52908   331%     -   21s
H    0     0                     220.0000000  789.52908   259%     -   23s
     0     0  788.95746    0  579  220.00000  788.95746   259%     -   30s
     0     0  788.85500    0  575  220.00000  788.85500   259%     -   55s
     0     0  788.67031    0  568  220.00000  788.67031   258%     -   73s
     0     0  788.63662    0  573  220.00000  788.63662   258%     -   73s
     0     0  788.62206    0  576  220.00000  788.62206   258%     -   74s
     0     0  788.62078    0  576  220.00000  788.62078   258%     -  103s
H    0     0                     238.0000000  788.62065   231%     -  108s
H    0     0                     243.0000000  788.62065   225%     -  108s
H    0     0                     244.0000000  788.62065   223%     -  108s
H    0     0                     249.0000000  788.62065   217%     -  108s
H    0     0                     252.0000000  788.62065   213%     -  108s
H    0     0                     257.0000000  788.62065   207%     -  108s
H    0     0                     277.0000000  788.62065   185%     -  108s
     0     2  788.61670    0  576  277.00000  788.61670   185%     -  108s
     1     3  712.93616    1  428  277.00000  788.61540   185%  2669  116s
     3     5  785.38627    2  573  277.00000  786.90171   184%  1314  121s
     4     6  705.40868    2  428  277.00000  785.38339   184%  1696  128s
     6     8  701.29826    3  421  277.00000  783.73365   183%  1677  137s
     7     9  705.41054    4  445  277.00000  783.73365   183%  1873  147s
     8    10  781.85808    4  573  277.00000  781.85808   182%  1706  150s
    11    13  778.34394    7  581  277.00000  781.81659   182%  1366  155s
    12    14  653.95996    7  399  277.00000  781.81659   182%  1731  164s
    13    15  777.98352    8  582  277.00000  781.81659   182%  1626  165s
    19    21  773.64183   14  572  277.00000  781.81659   182%  1223  171s
    23    25  659.08847   17  389  277.00000  781.81659   182%  1280  186s
H   26    26                     286.0000000  781.81659   173%  1156  189s
    27    29  768.46067   21  567  286.00000  781.81659   173%  1146  190s
    31    33  766.24449   25  570  286.00000  781.81659   173%  1071  196s
    36    38  764.25931   30  564  286.00000  781.81659   173%   958  200s
    40    42  762.42123   34  574  286.00000  781.81659   173%   892  205s
    44    46  759.55102   38  580  286.00000  781.81659   173%   845  210s
    45    47  665.45525   38  429  286.00000  781.81659   173%   940  232s
    49    51  757.52297   42  562  286.00000  781.81659   173%   890  235s
    56    58  753.62064   49  566  286.00000  781.81659   173%   816  240s
    62    64  749.45183   55  553  286.00000  781.81659   173%   771  247s
    63    65  650.11532   55  408  286.00000  781.81659   173%   805  255s
    69    71  745.75999   61  569  286.00000  781.81659   173%   764  260s
    74    76  742.60012   66  561  286.00000  781.81659   173%   734  265s
    80    82  739.72050   72  564  286.00000  781.81659   173%   700  271s
    86    88  736.09944   78  547  286.00000  781.81659   173%   674  275s
    87    89  656.91425   78  413  286.00000  781.81659   173%   695  281s
    91    93  733.72835   82  541  286.00000  781.81659   173%   680  285s
    98   100  728.29045   89  543  286.00000  781.81659   173%   655  290s
H  104   104                     287.0000000  781.81659   172%   631  295s
   111   113  611.69696  101  368  287.00000  781.81659   172%   641  305s
   114   116  617.74783  103  389  287.00000  781.81659   172%   675  313s
   115   117  719.14345  104  521  287.00000  781.81659   172%   674  316s
   116   118  655.83388  104  395  287.00000  781.81659   172%   687  322s
   120   122  717.52653  108  524  287.00000  781.81659   172%   672  325s
   126   128  616.08672  113  378  287.00000  781.81659   172%   673  336s
   130   132  640.60582  116  390  287.00000  781.81659   172%   678  354s
   131   133  710.43204  117  516  287.00000  781.81659   172%   678  355s
   132   134  612.75277  117  375  287.00000  781.81659   172%   708  362s
   135   137  708.07584  120  518  287.00000  781.81659   172%   698  365s
   141   143  634.98378  125  405  287.00000  781.81659   172%   696  376s
   145   147  625.33089  128  410  287.00000  781.81659   172%   701  387s
   149   151  700.90728  132  499  287.00000  781.81659   172%   688  390s
   156   158  696.43697  139  504  287.00000  781.81659   172%   670  399s
   157   159  696.03806  140  517  287.00000  781.81659   172%   667  400s
   164   166  693.62344  147  509  287.00000  781.81659   172%   648  405s
   171   173  690.46406  154  521  287.00000  781.81659   172%   631  410s
   178   180  687.49750  161  501  287.00000  781.81659   172%   615  415s
   185   187  684.90636  168  494  287.00000  781.81659   172%   600  420s
   193   195  680.28473  176  499  287.00000  781.81659   172%   586  425s
   195   197  588.27918  177  347  287.00000  781.81659   172%   593  430s
   202   204  675.28504  184  496  287.00000  781.81659   172%   582  435s
   212   214  671.41487  194  487  287.00000  781.81659   172%   565  440s
   222   224  665.73208  204  492  287.00000  781.81659   172%   551  445s
   225   227  591.67351  206  398  287.00000  781.81659   172%   556  454s
   227   229  663.53925  208  488  287.00000  781.81659   172%   553  455s
H  234   234                     288.0000000  781.81659   171%   543  467s
H  234   234                     289.0000000  781.81659   171%   543  467s
H  234   234                     292.0000000  781.81659   168%   543  468s
   234   236  660.58392  215  485  292.00000  781.81659   168%   543  470s
   235   237  660.32752  216  488  292.00000  781.81659   168%   542  496s
   244   246  578.03041  224  369  292.00000  781.81659   168%   539  502s
   251   253  651.91988  231  464  292.00000  781.81659   168%   530  505s
   266   268  644.69633  246  455  292.00000  781.81659   168%   511  510s
   273   275  640.92432  252  456  292.00000  781.81659   168%   512  515s
   274   276  640.79353  253  459  292.00000  781.81659   168%   510  522s
   282   284  638.28770  261  453  292.00000  781.81659   168%   500  528s
   286   288  636.32531  265  453  292.00000  781.81659   168%   496  530s
   290   292  634.03099  268  464  292.00000  781.81659   168%   501  535s
   296   298  557.49644  273  334  292.00000  781.81659   168%   503  540s
   302   304  572.76423  278  361  292.00000  781.81659   168%   504  545s
   317   319  616.17835  293  447  292.00000  781.81659   168%   490  550s
   324   326  534.75609  299  344  292.00000  781.81659   168%   489  556s
   338   340  608.10739  313  428  292.00000  781.81659   168%   476  560s
   348   350  601.58270  322  425  292.00000  781.81659   168%   473  565s
   360   362  595.48737  333  434  292.00000  781.81659   168%   467  570s
   370   372  591.85739  342  423  292.00000  781.81659   168%   464  575s
   378   380  588.64046  350  418  292.00000  781.81659   168%   458  580s
   400   402  580.52659  372  395  292.00000  781.81659   168%   441  585s
   409   411  498.46822  380  296  292.00000  781.81659   168%   439  591s
   419   421  525.83658  389  337  292.00000  781.81659   168%   436  595s
   429   431  565.96885  398  380  292.00000  781.81659   168%   433  600s
   453   455  559.20119  422  396  292.00000  781.81659   168%   417  605s
   473   475  550.02735  442  371  292.00000  781.81659   168%   406  610s
   487   489  457.93836  455  269  292.00000  781.81659   168%   402  616s
   495   497  471.99913  462  292  292.00000  781.81659   168%   401  621s
   516   518  527.41386  483  341  292.00000  781.81659   168%   390  625s
   535   537  521.06269  501  332  292.00000  781.81659   168%   382  630s
   553   555  516.75168  518  323  292.00000  781.81659   168%   376  635s
   568   570  444.63251  532  253  292.00000  781.81659   168%   372  640s
   580   582  446.38170  542  251  292.00000  781.81659   168%   372  646s
   596   598  490.47355  558  318  292.00000  781.81659   168%   365  650s
   609   611  425.16019  569  246  292.00000  781.81659   168%   364  655s
   619   621  406.89190  577  244  292.00000  781.81659   168%   364  660s
   634   636  467.88050  591  310  292.00000  781.81659   168%   360  665s
   661   663  408.89256  617  229  292.00000  781.81659   168%   351  670s
   683   685  448.28352  638  295  292.00000  781.81659   168%   344  675s
   703   705  391.88482  656  228  292.00000  781.81659   168%   340  680s
   712   714  390.00677  664  229  292.00000  781.81659   168%   338  685s
   732   734  422.72656  683  284  292.00000  781.81659   168%   333  690s
   754   756  410.07780  704  280  292.00000  781.81659   168%   328  740s
   768   770  356.12887  716  221  292.00000  781.81659   168%   327  745s
   800   802  387.86083  747  249  292.00000  781.81659   168%   319  750s
   829   831  374.49769  773  259  292.00000  781.81659   168%   313  755s
   864   866  359.44697  807  239  292.00000  781.81659   168%   304  760s
   903   905  334.39688  842  213  292.00000  781.81659   168%   296  765s
   980   968  694.48591    5  438  292.00000  780.17763   167%   281  776s
   982   969  673.12578  191  576  292.00000  780.17763   167%   280  847s
   984   970  763.48716   32  583  292.00000  780.17763   167%   279  868s
   985   971  765.47200   28  579  292.00000  780.17763   167%   279  900s
   990   974  457.92757  456  576  292.00000  780.17763   167%   278  915s
   992   978  708.57593   15  441  292.00000  780.17763   167%   289  926s
   993   978  780.17763   16  576  292.00000  780.17763   167%   289  930s
   994   979  710.24406   16  431  292.00000  780.17763   167%   292  936s
   996   980  705.08913   17  435  292.00000  780.17763   167%   294  945s
   998   982  657.25728   18  404  292.00000  780.17763   167%   298  955s
  1000   983  692.20687   19  439  292.00000  780.17763   167%   303  966s
  1002   984  698.60070   20  429  292.00000  778.82766   167%   308  975s
  1004   986  682.77343   21  411  292.00000  777.11165   166%   312  985s
  1006   987  659.92246   22  380  292.00000  776.34620   166%   317  993s
  1007   988  775.51719   23  579  292.00000  776.34494   166%   317  997s
  1008   988  661.82068   23  414  292.00000  775.51180   166%   320 1005s
  1010   990  666.23996   24  394  292.00000  774.96284   165%   322 1016s
  1012   991  654.77919   25  395  292.00000  773.54551   165%   326 1028s
  1013   992  771.45540   26  567  292.00000  773.54551   165%   326 1033s
  1014   992  665.28518   26  399  292.00000  771.45109   164%   331 1044s
  1015   993  769.98639   27  577  292.00000  771.39663   164%   332 1047s
  1016   994  689.42721   27  421  292.00000  769.96269   164%   334 1055s
  1018   995  679.12418   28  426  292.00000  769.21582   163%   337 1069s
  1019   996  768.28405   29  586  292.00000  769.21582   163%   337 1072s
  1020   996  671.01032   29  419  292.00000  768.28395   163%   340 1080s
  1022   998  672.10313   30  390  292.00000  768.00787   163%   345 1093s
  1023   998  767.27945   31  572  292.00000  768.00416   163%   345 1095s
  1024   999  684.08659   31  444  292.00000  767.27525   163%   348 1104s
  1025  1000  765.96775   32  575  292.00000  767.14042   163%   348 1106s
  1026  1000  699.81355   32  452  292.00000  765.96755   162%   350 1184s
  1027  1001  763.44591   33  575  292.00000  765.96346   162%   351 1188s
  1028  1002  674.10157   33  413  292.00000  763.44101   161%   355 1195s
  1030  1003  665.32472   34  424  292.00000  762.80490   161%   358 1205s
  1032  1004  637.06458   35  382  292.00000  762.49060   161%   360 1212s
  1034  1006  659.07921   36  407  292.00000  761.66648   161%   365 1222s
  1036  1007  666.30671   37  416  292.00000  759.66993   160%   368 1230s
  1038  1008  680.07118   38  422  292.00000  758.83796   160%   370 1241s
  1040  1010  669.02182   39  407  292.00000  758.53257   160%   372 1248s
  1041  1010  757.15130   40  578  292.00000  758.53164   160%   373 1250s
  1042  1011  674.39174   40  432  292.00000  757.14815   159%   377 1260s
  1044  1012  624.47889   41  365  292.00000  756.64767   159%   379 1274s
  1045  1013  756.36829   42  572  292.00000  756.59162   159%   379 1275s
  1046  1014  658.01817   42  393  292.00000  756.36732   159%   382 1284s
  1047  1014  755.21290   43  563  292.00000  756.35929   159%   382 1288s
  1048  1015  639.71387   43  391  292.00000  755.20599   159%   385 1297s
  1050  1016  646.30078   44  406  292.00000  754.68657   158%   389 1310s
  1052  1018  637.74491   45  398  292.00000  754.17852   158%   392 1319s
  1053  1018  753.00539   46  566  292.00000  754.15798   158%   392 1320s
  1054  1019  679.15780   46  436  292.00000  753.00509   158%   394 1326s
  1056  1020  661.57064   47  411  292.00000  752.34717   158%   399 1334s
  1057  1021  751.54158   48  565  292.00000  752.32521   158%   399 1337s
  1058  1022  657.23644   48  408  292.00000  751.53571   157%   401 1344s
  1059  1022  751.01901   49  569  292.00000  751.50152   157%   401 1346s
  1060  1023  648.10607   49  414  292.00000  751.01833   157%   403 1351s
  1062  1024  648.20175   50  401  292.00000  750.14063   157%   408 1360s
  1064  1026  662.37667   51  435  292.00000  749.31251   157%   410 1368s
  1065  1026  748.69153   52  564  292.00000  749.30763   157%   410 1370s
  1066  1027  613.30345   52  371  292.00000  748.68567   156%   413 1376s
  1068  1028  642.52004   53  391  292.00000  748.45336   156%   415 1385s
  1070  1030  640.03348   54  382  292.00000  747.46991   156%   420 1394s
  1071  1030  747.12884   55  565  292.00000  747.45920   156%   420 1396s
  1072  1031  636.53610   55  388  292.00000  747.12820   156%   422 1404s
  1073  1032  746.38952   56  557  292.00000  747.09618   156%   422 1405s
  1074  1032  647.64979   56  399  292.00000  746.38405   156%   424 1412s
  1076  1034  634.87031   57  387  292.00000  744.39046   155%   427 1421s
  1078  1035  648.03578   58  402  292.00000  743.71919   155%   432 1429s
  1079  1036  743.11783   59  553  292.00000  743.70663   155%   432 1431s
  1080  1036  644.96904   59  395  292.00000  743.11484   154%   434 1436s
  1082  1038  642.84023   60  384  292.00000  742.55704   154%   436 1443s
  1084  1039  652.30597   61  412  292.00000  741.63719   154%   441 1451s
  1086  1040  650.03391   62  390  292.00000  741.28273   154%   443 1458s
  1087  1041  740.34927   63  564  292.00000  741.24517   154%   443 1460s
  1088  1042  633.57627   63  396  292.00000  740.34915   154%   445 1467s
  1090  1043  628.42329   64  371  292.00000  739.57136   153%   449 1478s
  1092  1044  630.44713   65  384  292.00000  739.12695   153%   452 1485s
  1094  1046  669.86347   66  437  292.00000  738.27153   153%   453 1491s
  1096  1047  629.66083   67  389  292.00000  737.50527   153%   456 1498s
  1097  1048  736.16847   68  562  292.00000  737.50527   153%   456 1501s
  1098  1048  646.55471   68  399  292.00000  736.14116   152%   460 1508s
  1100  1050  646.46224   69  391  292.00000  735.43148   152%   462 1515s
  1102  1051  637.17305   70  391  292.00000  735.19976   152%   464 1524s
  1103  1052  734.64463   71  567  292.00000  735.19976   152%   464 1526s
  1104  1052  623.70501   71  385  292.00000  734.64445   152%   466 1534s
  1105  1053  733.89110   72  555  292.00000  734.63137   152%   466 1536s
  1106  1054  631.15778   72  389  292.00000  733.88407   151%   468 1546s
  1108  1055  647.34026   73  419  292.00000  733.04313   151%   472 1558s
  1109  1056  732.52317   74  558  292.00000  733.04070   151%   472 1560s
  1110  1056  613.37864   74  379  292.00000  732.52099   151%   474 1568s
  1111  1057  732.25355   75  560  292.00000  732.43186   151%   474 1570s
  1112  1058  608.67146   75  362  292.00000  732.23995   151%   476 1579s
  1113  1058  730.91302   76  560  292.00000  732.18974   151%   476 1581s
  1114  1059  642.01532   76  396  292.00000  730.91022   150%   478 1589s
  1115  1060  730.39781   77  564  292.00000  730.90555   150%   478 1592s
  1116  1060  628.98099   77  377  292.00000  730.39720   150%   482 1604s
  1117  1061  729.53236   78  567  292.00000  730.38760   150%   482 1606s
  1118  1062  642.91797   78  400  292.00000  729.53013   150%   485 1615s
  1120  1063  604.02896   79  358  292.00000  729.06395   150%   487 1626s
  1122  1064  616.50584   80  375  292.00000  728.57886   150%   488 1635s
  1124  1066  648.47461   81  411  292.00000  727.41024   149%   493 1648s
  1125  1066  726.66665   82  555  292.00000  727.41024   149%   493 1651s
  1126  1067  617.43547   82  389  292.00000  726.66400   149%   495 1659s
  1127  1068  725.79253   83  567  292.00000  726.64761   149%   495 1661s
  1128  1068  611.74890   83  370  292.00000  725.79221   149%   497 1668s
  1130  1070  627.69585   84  404  292.00000  725.37022   148%   499 1675s
  1132  1071  621.48704   85  368  292.00000  724.33359   148%   504 1684s
  1133  1072  723.26255   86  564  292.00000  724.30393   148%   504 1685s
  1134  1072  644.69052   86  407  292.00000  723.24436   148%   506 1690s
  1136  1074  613.51338   87  378  292.00000  722.36255   147%   507 1698s
  1137  1074  721.63133   88  557  292.00000  722.35185   147%   507 1700s
  1138  1075  638.27134   88  417  292.00000  721.62458   147%   509 1706s
  1140  1076  604.98943   89  350  292.00000  721.06392   147%   513 1716s
  1142  1078  625.89981   90  388  292.00000  720.48257   147%   515 1723s
  1144  1079  641.87965   91  392  292.00000  719.80695   147%   517 1730s
  1146  1080  610.16950   92  371  292.00000  719.53152   146%   521 1740s
  1148  1082  649.83315   93  431  292.00000  718.53932   146%   522 1749s
  1149  1082  717.91084   94  550  292.00000  718.53888   146%   522 1751s
  1150  1083  596.58051   94  366  292.00000  717.89952   146%   524 1756s
  1152  1084  619.52639   95  409  292.00000  717.31932   146%   526 1764s
  1153  1085  716.60249   96  546  292.00000  717.31456   146%   526 1767s
  1154  1086  629.54697   96  398  292.00000  716.59892   145%   530 1777s
  1155  1086  716.20714   97  544  292.00000  716.57491   145%   530 1780s
  1156  1087  608.63177   97  370  292.00000  716.20447   145%   532 1788s
  1157  1088  715.42180   98  542  292.00000  716.19694   145%   532 1790s
  1158  1088  612.22675   98  384  292.00000  715.41721   145%   534 1798s

Cutting planes:
  Gomory: 5

Explored 1160 nodes (626155 simplex iterations) in 1800.02 seconds (590.17 work units)
Thread count was 1 (of 12 available processors)

Solution count 10: 292 289 288 ... 244

Time limit reached
Best objective 2.920000000000e+02, best bound 7.150000000000e+02, gap 144.8630%
