
Gurobi 12.0.2 (linux64, C++) logging started Thu Jun 19 08:00:20 2025

Set parameter LogFile to value "log/instances/scenario1/fully_correlated_sc1/500/kpfs_9.txt.log"

Gurobi 12.0.2 (linux64, C++) logging started Thu Jun 19 08:01:43 2025

Set parameter LogFile to value "log/instances/scenario1/fully_correlated_sc1/500/kpfs_9.txt.log"

Gurobi 12.0.2 (linux64, C++) logging started Thu Jun 19 08:02:54 2025

Set parameter LogFile to value "log/instances/scenario1/fully_correlated_sc1/500/kpfs_9.txt.log"

Gurobi 12.0.2 (linux64, C++) logging started Thu Jun 19 08:03:58 2025

Set parameter LogFile to value "log/instances/scenario1/fully_correlated_sc1/500/kpfs_9.txt.log"

Gurobi 12.0.2 (linux64, C++) logging started Thu Jun 19 22:07:24 2025

Set parameter WLSAccessID
Set parameter WLSSecret
Set parameter LicenseID to value 2679381
Set parameter LogFile to value "log/instances/scenario1/fully_correlated_sc1/500/kpfs_9.txt.log"
Academic license 2679381 - for non-commercial use only - registered to be___@poli.ufrj.br
Set parameter TimeLimit to value 1800
Set parameter Threads to value 1
Gurobi Optimizer version 12.0.2 build v12.0.2rc0 (linux64 - "Ubuntu 24.04.1 LTS")

CPU model: 13th Gen Intel(R) Core(TM) i7-1355U, instruction set [SSE2|AVX|AVX2]
Thread count: 6 physical cores, 12 logical processors, using up to 1 threads

Non-default parameters:
TimeLimit  1800
Threads  1

Academic license 2679381 - for non-commercial use only - registered to be___@poli.ufrj.br
Optimize a model with 2502 rows, 3000 columns and 20455 nonzeros
Model fingerprint: 0x2105ae7f
Variable types: 0 continuous, 3000 integer (500 binary)
Coefficient statistics:
  Matrix range     [1e+00, 3e+01]
  Objective range  [5e+00, 4e+01]
  Bounds range     [1e+00, 9e+00]
  RHS range        [1e+00, 8e+02]
Found heuristic solution: objective 432.0000000
Presolve removed 0 rows and 281 columns
Presolve time: 0.11s
Presolved: 2502 rows, 2719 columns, 19893 nonzeros
Variable types: 0 continuous, 2719 integer (500 binary)

Root simplex log...

Iteration    Objective       Primal Inf.    Dual Inf.      Time
    4077    1.3173745e+03   0.000000e+00   0.000000e+00      5s

Root relaxation: objective 1.317374e+03, 4077 iterations, 4.87 seconds (1.47 work units)

    Nodes    |    Current Node    |     Objective Bounds      |     Work
 Expl Unexpl |  Obj  Depth IntInf | Incumbent    BestBd   Gap | It/Node Time

     0     0 1317.37447    0  429  432.00000 1317.37447   205%     -    5s
H    0     0                     435.0000000 1317.37447   203%     -    5s
H    0     0                     490.0000000 1317.37447   169%     -    5s
H    0     0                     493.0000000 1317.37447   167%     -    5s
H    0     0                     500.0000000 1317.37447   163%     -    5s
     0     0 1316.97997    0  434  500.00000 1316.97997   163%     -    8s
H    0     0                     545.0000000 1316.97861   142%     -    9s
H    0     0                     575.0000000 1316.97861   129%     -    9s
H    0     0                     605.0000000 1316.97861   118%     -    9s
H    0     0                     622.0000000 1316.97861   112%     -   11s
H    0     0                     649.0000000 1316.97861   103%     -   12s
H    0     0                     763.0000000 1316.97861  72.6%     -   13s
     0     0 1316.94586    0  428  763.00000 1316.94586  72.6%     -   13s
     0     0 1316.80877    0  429  763.00000 1316.80877  72.6%     -   14s
     0     0 1316.80409    0  429  763.00000 1316.80409  72.6%     -   17s
H    0     0                     785.0000000 1316.80409  67.7%     -   20s
H    0     0                     794.0000000 1316.80409  65.8%     -   20s
     0     2 1316.80409    0  429  794.00000 1316.80409  65.8%     -   20s
     6     8 1263.78045    3  318  794.00000 1315.98002  65.7%  1051   25s
    23    25 1307.67403   19  419  794.00000 1315.97877  65.7%   556   30s
H   26    26                     809.0000000 1315.97877  62.7%   510   30s
H   26    26                     815.0000000 1315.97877  61.5%   510   30s
H   52    52                     819.0000000 1315.97877  60.7%   374   34s
H   52    52                     824.0000000 1315.97877  59.7%   374   34s
    53    55 1295.54553   48  398  824.00000 1315.97877  59.7%   378   35s
H   59    59                     829.0000000 1315.97877  58.7%   353   37s
    59    61 1293.54082   54  389  829.00000 1315.97877  58.7%   355   49s
    64    66 1290.29664   59  388  829.00000 1315.97877  58.7%   343   50s
    87    89 1275.38594   79  373  829.00000 1315.97877  58.7%   354   55s
   107   109 1203.70280   95  298  829.00000 1315.97877  58.7%   379   60s
   129   131 1172.80434  112  301  829.00000 1315.97877  58.7%   391   65s
   145   147 1164.68809  124  305  829.00000 1315.97877  58.7%   410   70s
   168   170 1153.51110  141  309  829.00000 1315.97877  58.7%   413   75s
   183   185 1110.28744  149  310  829.00000 1315.97877  58.7%   441   80s
   200   202 1096.31755  159  309  829.00000 1315.97877  58.7%   454   85s
   215   217 1122.05072  167  310  829.00000 1315.97877  58.7%   465   90s
   239   241 1033.88970  182  296  829.00000 1315.97877  58.7%   474   95s
   262   264 1049.60786  197  290  829.00000 1315.97877  58.7%   473  100s
   282   284 1005.92941  209  278  829.00000 1315.97877  58.7%   470  105s
   301   303  978.91181  219  268  829.00000 1315.97877  58.7%   476  110s
   344   346  861.77254  247  235  829.00000 1315.97877  58.7%   458  115s
   414   387 1279.60630    4  357  829.00000 1315.52186  58.7%   419  120s
   442   415 1261.64666   32  338  829.00000 1315.52186  58.7%   402  127s
   465   438 1244.10818   54  332  829.00000 1315.52186  58.7%   392  146s
   468   441 1242.20511   57  327  829.00000 1315.52186  58.7%   390  150s
   492   465 1218.27779   80  335  829.00000 1315.52186  58.7%   380  155s
   520   493 1113.64516  103  293  829.00000 1315.52186  58.7%   378  160s
   529   501 1273.77340   14  429  829.00000 1315.52186  58.7%   375  176s
   532   503 1083.19954  165  434  829.00000 1315.52186  58.7%   373  182s
   536   506 1269.41372   24  429  829.00000 1315.46950  58.7%   371  197s
   538   509 1252.79509   14  310  829.00000 1315.46950  58.7%   382  200s
   543   512 1315.46950   17  426  829.00000 1315.46950  58.7%   385  205s
   548   516 1261.12568   19  315  829.00000 1315.04536  58.6%   397  210s
   554   520 1263.14636   22  319  829.00000 1313.10942  58.4%   406  215s
   560   524 1281.28547   25  358  829.00000 1311.79087  58.2%   415  221s
   564   526 1263.22927   27  322  829.00000 1311.21331  58.2%   421  244s
   566   528 1264.09170   28  343  829.00000 1310.77153  58.1%   423  246s
   571   531 1308.36470   31  416  829.00000 1308.74241  57.9%   429  250s
   576   534 1270.01026   33  334  829.00000 1307.57430  57.7%   437  255s
   585   540 1305.24886   38  411  829.00000 1305.70438  57.5%   445  260s
   593   546 1302.88877   42  418  829.00000 1303.47023  57.2%   454  265s
   598   549 1262.51607   44  328  829.00000 1301.86609  57.0%   463  272s
   600   550 1259.68708   45  328  829.00000 1300.88211  56.9%   470  275s
   606   554 1266.24042   48  340  829.00000 1299.29446  56.7%   478  280s
   612   558 1249.42238   51  336  829.00000 1297.33768  56.5%   484  286s
   617   562 1295.22265   54  413  829.00000 1297.33768  56.5%   487  290s
   622   565 1251.84618   56  323  829.00000 1297.33768  56.5%   494  295s
   627   568 1293.07445   59  402  829.00000 1297.33768  56.5%   498  300s
   632   572 1234.53287   61  318  829.00000 1297.33768  56.5%   504  305s
   638   576 1243.65785   64  337  829.00000 1297.33768  56.5%   510  310s
   644   580 1257.49067   67  341  829.00000 1297.33768  56.5%   514  315s
   651   584 1287.08175   71  404  829.00000 1297.33768  56.5%   518  320s
   657   588 1284.65662   74  392  829.00000 1297.33768  56.5%   523  325s
   664   593 1244.56273   77  311  829.00000 1297.33768  56.5%   531  331s
   670   597 1230.80439   80  323  829.00000 1297.33768  56.5%   535  336s
   675   600 1278.67743   83  388  829.00000 1297.33768  56.5%   537  340s
   682   605 1218.20931   86  301  829.00000 1297.33768  56.5%   543  345s
   689   610 1273.40659   90  381  829.00000 1297.33768  56.5%   547  350s
   695   614 1269.19350   93  375  829.00000 1297.33768  56.5%   552  355s
   701   618 1267.46124   96  373  829.00000 1297.33768  56.5%   556  360s
   708   622 1197.73441   99  297  829.00000 1297.33768  56.5%   561  365s
   714   626 1215.50921  102  301  829.00000 1297.33768  56.5%   564  370s
   722   632 1207.93373  106  321  829.00000 1297.33768  56.5%   569  375s
   729   636 1253.23665  110  354  829.00000 1297.33768  56.5%   571  380s
   737   642 1246.66427  114  350  829.00000 1297.33768  56.5%   573  385s
   746   648 1179.76542  118  307  829.00000 1297.33768  56.5%   576  390s
   757   655 1228.40908  124  348  829.00000 1297.33768  56.5%   579  395s
   764   660 1106.77862  127  314  829.00000 1297.33768  56.5%   584  400s
H  770   636                     831.0000000 1297.33768  56.1%   584  402s
   776   642 1162.75250  133  317  831.00000 1297.33768  56.1%   587  405s
   785   648 1204.43347  138  336  831.00000 1297.33768  56.1%   587  413s
   788   650 1156.03391  139  318  831.00000 1297.33768  56.1%   588  415s
   798   656 1148.03960  144  314  831.00000 1297.33768  56.1%   588  420s
   809   664 1177.15487  150  330  831.00000 1297.33768  56.1%   589  425s
   820   671 1094.11170  155  317  831.00000 1297.33768  56.1%   591  430s
   831   678 1145.76093  161  326  831.00000 1297.33768  56.1%   591  435s
   842   686 1047.06769  166  311  831.00000 1297.33768  56.1%   593  440s
   853   693 1119.57530  172  318  831.00000 1297.33768  56.1%   593  445s
   864   700 1040.17195  177  305  831.00000 1297.33768  56.1%   594  450s
   876   708 1041.57602  183  300  831.00000 1297.33768  56.1%   594  455s
   889   717 1069.40850  190  304  831.00000 1297.33768  56.1%   593  460s
   902   726  957.47565  196  295  831.00000 1297.33768  56.1%   593  465s
   915   734 1023.72407  203  293  831.00000 1297.33768  56.1%   591  470s
   928   743  942.46302  209  286  831.00000 1297.33768  56.1%   591  475s
   940   751  927.54776  215  274  831.00000 1297.33768  56.1%   590  485s
   951   758  968.53881  221  275  831.00000 1297.33768  56.1%   590  490s
   964   767  896.51459  227  268  831.00000 1297.33768  56.1%   588  495s
   979   777  937.54285  235  263  831.00000 1297.33768  56.1%   587  519s
   982   779  867.41812  236  249  831.00000 1297.33768  56.1%   587  520s
   999   788  904.58222  245  255  831.00000 1297.33768  56.1%   585  525s
  1009   792  891.90971  250  258  831.00000 1297.33768  56.1%   583  554s
  1010   793  851.26555  250  247  831.00000 1297.33768  56.1%   583  555s
  1024   793     cutoff  257       831.00000 1297.33768  56.1%   580  560s
  1034   791     cutoff  262       831.00000 1297.33768  56.1%   577  565s
  1060   781 1296.31744   17  360  831.00000 1297.33398  56.1%   565  570s
  1064   784 1239.27458   19  281  831.00000 1297.33398  56.1%   567  575s
  1070   788 1256.66610   22  293  831.00000 1297.33398  56.1%   568  581s
  1074   790 1236.62585   24  292  831.00000 1297.33398  56.1%   569  585s
  1080   794 1248.18815   27  296  831.00000 1297.33398  56.1%   570  590s
  1086   798 1242.59143   30  309  831.00000 1297.33398  56.1%   572  595s
  1090   801 1217.08222   32  295  831.00000 1297.33398  56.1%   574  600s
  1095   804 1280.70080   35  352  831.00000 1297.33398  56.1%   575  605s
  1104   810 1213.96165   39  287  831.00000 1297.33398  56.1%   577  610s
  1109   814 1276.31268   42  347  831.00000 1297.33398  56.1%   578  621s
  1113   816 1275.63070   44  340  831.00000 1297.33398  56.1%   579  625s
  1118   820 1226.49980   46  300  831.00000 1297.33398  56.1%   582  630s
  1123   823 1270.95535   49  356  831.00000 1297.33398  56.1%   582  635s
  1128   826 1247.11530   51  302  831.00000 1297.33398  56.1%   584  640s
  1135   831 1266.16025   55  349  831.00000 1297.33398  56.1%   584  645s
  1141   835 1264.24215   58  345  831.00000 1297.33398  56.1%   585  650s
  1148   840 1225.18299   61  296  831.00000 1297.33398  56.1%   587  656s
  1154   844 1208.83001   64  283  831.00000 1297.33398  56.1%   588  661s
  1158   846 1207.97421   66  288  831.00000 1297.33398  56.1%   590  665s
  1164   850 1190.64717   69  294  831.00000 1297.33398  56.1%   591  670s
  1170   854 1201.78441   72  296  831.00000 1297.33398  56.1%   591  675s
  1177   859 1248.27327   76  346  831.00000 1297.33398  56.1%   592  680s
  1184   864 1202.96242   79  313  831.00000 1297.33398  56.1%   593  685s
  1187   866 1243.12558   81  344  831.00000 1297.33398  56.1%   593  706s
  1193   870 1238.22966   84  334  831.00000 1297.33398  56.1%   594  710s
  1200   874 1183.68864   87  304  831.00000 1297.33398  56.1%   595  715s
  1207   879 1232.62802   91  333  831.00000 1297.33398  56.1%   596  720s
  1218   886 1144.62255   96  294  831.00000 1297.33398  56.1%   597  725s
  1226   892 1190.42156  100  294  831.00000 1297.33398  56.1%   598  730s
  1232   896 1190.06420  103  301  831.00000 1297.33398  56.1%   598  735s
  1241   902 1211.38103  108  318  831.00000 1297.33398  56.1%   598  740s
  1250   908 1132.06137  112  288  831.00000 1297.33398  56.1%   600  745s
  1258   913 1138.63174  116  310  831.00000 1297.33398  56.1%   600  750s
  1266   918 1113.33548  120  306  831.00000 1297.33398  56.1%   600  755s
  1274   924 1144.98619  124  295  831.00000 1297.33398  56.1%   601  760s
  1283   930 1179.32402  129  325  831.00000 1297.33398  56.1%   601  766s
  1290   934 1089.29328  132  297  831.00000 1297.33398  56.1%   602  770s
  1303   943 1148.47306  139  330  831.00000 1297.33398  56.1%   602  775s
  1312   949 1094.45072  143  324  831.00000 1297.33398  56.1%   602  780s
  1326   958 1078.38240  150  319  831.00000 1297.33398  56.1%   602  785s
  1337   966 1103.33876  156  325  831.00000 1297.33398  56.1%   602  790s
  1347   972 1089.01696  161  318  831.00000 1297.33398  56.1%   602  795s
  1356   978 1010.46301  165  304  831.00000 1297.33398  56.1%   602  800s
  1366   985  992.88403  170  299  831.00000 1297.33398  56.1%   602  805s
  1378   993  998.82788  176  300  831.00000 1297.33398  56.1%   601  810s
  1389  1000 1025.64880  182  305  831.00000 1297.33398  56.1%   600  815s
  1401  1008 1001.17032  188  295  831.00000 1297.33398  56.1%   599  820s
  1414  1017  940.33974  194  269  831.00000 1297.33398  56.1%   598  825s
  1427  1026  972.85248  201  286  831.00000 1297.33398  56.1%   597  830s
  1438  1033  920.18578  206  281  831.00000 1297.33398  56.1%   597  835s
  1449  1040  941.79545  212  278  831.00000 1297.33398  56.1%   595  851s
  1450  1041  914.75736  212  248  831.00000 1297.33398  56.1%   595  875s
  1465  1051  911.44836  220  274  831.00000 1297.33398  56.1%   594  880s
  1481  1060  898.28781  228  270  831.00000 1297.33398  56.1%   592  885s
  1506  1060     cutoff  240       831.00000 1297.33398  56.1%   588  890s
  1542  1050 1268.41019   19  319  831.00000 1284.29475  54.5%   579  895s
  1549  1055 1211.94723   22  272  831.00000 1284.29475  54.5%   580  900s
  1557  1060 1166.19737   26  260  831.00000 1284.29475  54.5%   581  905s
  1567  1067 1216.47591   31  272  831.00000 1284.29475  54.5%   582  910s
  1575  1072 1175.32553   35  276  831.00000 1284.29475  54.5%   583  915s
  1583  1078 1188.39334   39  281  831.00000 1284.29475  54.5%   584  920s
  1593  1084 1211.40227   44  287  831.00000 1284.29475  54.5%   585  925s
  1601  1090 1196.76782   48  274  831.00000 1284.29475  54.5%   585  930s
  1611  1096 1172.05089   53  278  831.00000 1284.29475  54.5%   586  935s
  1627  1107 1140.70880   61  274  831.00000 1284.29475  54.5%   587  940s
  1639  1115 1151.72707   67  276  831.00000 1284.29475  54.5%   588  945s
  1648  1121 1202.07911   72  322  831.00000 1284.29475  54.5%   588  950s
  1657  1127 1141.43091   76  294  831.00000 1284.29475  54.5%   588  955s
  1665  1132 1147.25962   80  298  831.00000 1284.29475  54.5%   589  960s
  1673  1138 1127.55862   84  278  831.00000 1284.29475  54.5%   589  965s
  1685  1146 1126.82274   90  295  831.00000 1284.29475  54.5%   589  970s
  1699  1155 1115.28318   97  296  831.00000 1284.29475  54.5%   589  975s
  1713  1164 1114.03410  104  291  831.00000 1284.29475  54.5%   590  980s
  1727  1174 1083.20560  111  302  831.00000 1284.29475  54.5%   590  985s
  1741  1183 1077.10124  118  308  831.00000 1284.29475  54.5%   590  990s
  1753  1191 1086.90833  124  323  831.00000 1284.29475  54.5%   590  995s
  1763  1198 1014.22825  129  324  831.00000 1284.29475  54.5%   590 1000s
  1777  1207  997.51815  136  315  831.00000 1284.29475  54.5%   590 1005s
  1797  1220 1013.43141  146  314  831.00000 1284.29475  54.5%   590 1010s
  1815  1232 1002.19589  155  315  831.00000 1284.29475  54.5%   590 1015s
  1833  1244  951.27341  164  285  831.00000 1284.29475  54.5%   589 1020s
  1853  1258  929.94487  174  279  831.00000 1284.29475  54.5%   588 1025s
  1875  1272  929.07046  185  292  831.00000 1284.29475  54.5%   587 1030s
  1887  1280  889.94780  191  280  831.00000 1284.29475  54.5%   586 1035s
  1907  1292  846.85283  201  273  831.00000 1284.29475  54.5%   585 1040s
  1931  1301     cutoff  213       831.00000 1284.29475  54.5%   583 1045s
  1957  1296     cutoff  226       831.00000 1284.29475  54.5%   579 1050s
  1991  1292 1223.25129   33  308  831.00000 1284.29196  54.5%   572 1055s
  1998  1299 1171.00411   36  287  831.00000 1284.29196  54.5%   572 1060s
  2004  1305 1161.38973   39  283  831.00000 1284.29196  54.5%   573 1065s
  2012  1313 1161.76662   43  300  831.00000 1284.29196  54.5%   573 1070s
  2022  1323 1118.97861   48  307  831.00000 1284.29196  54.5%   573 1075s
  2030  1331 1147.78661   52  296  831.00000 1284.29196  54.5%   573 1080s
  2043  1344 1169.36082   59  330  831.00000 1284.29196  54.5%   574 1085s
  2056  1357 1083.12103   65  309  831.00000 1284.29196  54.5%   575 1090s
  2065  1366 1145.34204   70  336  831.00000 1284.29196  54.5%   575 1095s
  2072  1373 1073.12072   73  302  831.00000 1284.29196  54.5%   575 1100s
  2078  1379 1067.35169   76  300  831.00000 1284.29196  54.5%   575 1105s
  2086  1387 1082.57861   80  323  831.00000 1284.29196  54.5%   576 1110s
  2094  1395 1072.32875   84  308  831.00000 1284.29196  54.5%   576 1115s
  2102  1403 1023.63514   88  311  831.00000 1284.29196  54.5%   576 1120s
  2109  1410 1101.45277   92  331  831.00000 1284.29196  54.5%   576 1125s
  2116  1417 1045.52459   95  322  831.00000 1284.29196  54.5%   576 1131s
  2122  1423 1008.33980   98  315  831.00000 1284.29196  54.5%   577 1135s
  2130  1431  989.99298  102  326  831.00000 1284.29196  54.5%   577 1140s
  2136  1437 1025.76309  105  338  831.00000 1284.29196  54.5%   578 1145s
  2144  1445 1012.67909  109  323  831.00000 1284.29196  54.5%   578 1150s
  2152  1453  992.16936  113  331  831.00000 1284.29196  54.5%   578 1155s
  2160  1461 1020.20573  117  334  831.00000 1284.29196  54.5%   578 1160s
  2167  1468 1037.43279  121  350  831.00000 1284.29196  54.5%   578 1165s
  2176  1477  989.09264  125  324  831.00000 1284.29196  54.5%   578 1170s
  2189  1490 1008.59152  132  339  831.00000 1284.29196  54.5%   578 1175s
  2202  1503  922.35212  138  318  831.00000 1284.29196  54.5%   578 1180s
  2212  1513  945.68623  143  334  831.00000 1284.29196  54.5%   578 1185s
  2221  1522  969.53663  148  320  831.00000 1284.29196  54.5%   578 1190s
  2229  1530  957.13683  152  326  831.00000 1284.29196  54.5%   579 1195s
  2238  1539  875.87892  156  305  831.00000 1284.29196  54.5%   579 1200s
  2250  1551  868.27916  162  314  831.00000 1284.29196  54.5%   578 1205s
  2260  1561  871.45645  167  311  831.00000 1284.29196  54.5%   578 1210s
  2272  1572  868.37899  173  293  831.00000 1284.29196  54.5%   578 1215s
  2286  1580  847.82945  180  291  831.00000 1284.29196  54.5%   577 1220s
  2304  1582     cutoff  189       831.00000 1284.29196  54.5%   575 1225s
  2333  1583 1282.98301   31  352  831.00000 1284.02458  54.5%   570 1230s
  2339  1589 1235.61896   34  280  831.00000 1284.02458  54.5%   571 1235s
  2345  1595 1247.57004   37  306  831.00000 1284.02458  54.5%   571 1240s
  2355  1605 1179.53914   42  298  831.00000 1284.02458  54.5%   572 1245s
  2363  1613 1227.17173   46  322  831.00000 1284.02458  54.5%   573 1250s
  2373  1623 1202.52821   51  288  831.00000 1284.02458  54.5%   574 1255s
  2382  1632 1249.51081   56  357  831.00000 1284.02458  54.5%   574 1260s
  2391  1641 1172.29877   60  297  831.00000 1284.02458  54.5%   575 1265s
  2403  1653 1209.33127   66  303  831.00000 1284.02458  54.5%   576 1270s
  2421  1671 1160.64243   75  290  831.00000 1284.02458  54.5%   577 1275s
  2433  1683 1167.81606   81  315  831.00000 1284.02458  54.5%   578 1280s
  2443  1693 1150.05526   86  318  831.00000 1284.02458  54.5%   579 1285s
  2453  1703 1163.95172   91  321  831.00000 1284.02458  54.5%   579 1290s
  2461  1711 1112.84326   95  321  831.00000 1284.02458  54.5%   580 1295s
  2471  1721 1119.36615  100  303  831.00000 1284.02458  54.5%   580 1300s
  2479  1729 1078.54796  104  319  831.00000 1284.02458  54.5%   581 1305s
  2489  1739 1136.80503  109  317  831.00000 1284.02458  54.5%   581 1310s
  2501  1751 1099.65342  115  322  831.00000 1284.02458  54.5%   582 1315s
  2513  1763 1050.64054  121  332  831.00000 1284.02458  54.5%   582 1320s
  2523  1773 1051.57010  126  322  831.00000 1284.02458  54.5%   583 1325s
  2533  1783 1045.42505  131  328  831.00000 1284.02458  54.5%   583 1330s
  2545  1795 1036.50537  137  338  831.00000 1284.02458  54.5%   584 1335s
  2561  1811 1025.45828  145  331  831.00000 1284.02458  54.5%   584 1340s
  2573  1823 1005.12816  151  322  831.00000 1284.02458  54.5%   584 1345s
  2590  1840 1035.52103  160  324  831.00000 1284.02458  54.5%   584 1350s
  2605  1855  940.49264  167  298  831.00000 1284.02458  54.5%   584 1355s
  2619  1869  958.25199  174  292  831.00000 1284.02458  54.5%   584 1360s
  2633  1883  909.68937  181  288  831.00000 1284.02458  54.5%   584 1365s
  2649  1899  922.73472  189  295  831.00000 1284.02458  54.5%   583 1370s
  2671  1921  885.34034  200  281  831.00000 1284.02458  54.5%   583 1375s
  2697  1945  835.37934  213  273  831.00000 1284.02458  54.5%   582 1380s
  2723  1959     cutoff  226       831.00000 1284.02458  54.5%   580 1385s
  2773  1962 1180.73412   19  262  831.00000 1284.02219  54.5%   573 1390s
  2785  1974 1177.58142   25  260  831.00000 1284.02219  54.5%   573 1396s
  2797  1986 1195.69124   31  265  831.00000 1284.02219  54.5%   574 1400s
  2809  1998 1174.27648   37  278  831.00000 1284.02219  54.5%   574 1405s
  2823  2012 1176.58307   44  284  831.00000 1284.02219  54.5%   575 1410s
  2835  2024 1134.43669   50  272  831.00000 1284.02219  54.5%   575 1415s
  2854  2043 1188.28379   60  317  831.00000 1284.02219  54.5%   575 1420s
  2871  2060 1138.51167   68  292  831.00000 1284.02219  54.5%   575 1425s
  2881  2070 1128.75968   73  283  831.00000 1284.02219  54.5%   576 1430s
  2896  2085 1158.82661   81  316  831.00000 1284.02219  54.5%   576 1435s
  2911  2100 1098.52679   88  290  831.00000 1284.02219  54.5%   576 1440s
  2923  2112 1094.84806   94  302  831.00000 1284.02219  54.5%   576 1445s
  2936  2125 1127.86995  101  312  831.00000 1284.02219  54.5%   576 1450s
  2951  2140 1049.85361  108  294  831.00000 1284.02219  54.5%   576 1455s
  2958  2147 1106.72750  112  324  831.00000 1284.02219  54.5%   576 1504s
  2961  2150 1047.21994  113  316  831.00000 1284.02219  54.5%   576 1505s
  2975  2164 1031.81336  120  312  831.00000 1284.02219  54.5%   576 1510s
  2991  2180 1023.34529  128  301  831.00000 1284.02219  54.5%   576 1515s
  3007  2196  994.86720  136  314  831.00000 1284.02219  54.5%   576 1520s
  3023  2212  969.10206  144  311  831.00000 1284.02219  54.5%   576 1525s
  3037  2226  978.95246  151  306  831.00000 1284.02219  54.5%   576 1530s
  3055  2244  953.66711  160  294  831.00000 1284.02219  54.5%   576 1535s
  3075  2264  913.35307  170  294  831.00000 1284.02219  54.5%   575 1540s
  3095  2284  900.04301  180  283  831.00000 1284.02219  54.5%   574 1545s
  3115  2304  887.72966  190  281  831.00000 1284.02219  54.5%   574 1550s
  3139  2328  856.36562  202  260  831.00000 1284.02219  54.5%   573 1555s
  3179  2340     cutoff  222       831.00000 1284.02219  54.5%   569 1560s
  3226  2347 1221.83788   22  305  831.00000 1281.26317  54.2%   565 1565s
  3238  2359 1214.98273   28  290  831.00000 1281.26317  54.2%   565 1570s
  3248  2369 1222.55648   33  306  831.00000 1281.26317  54.2%   566 1575s
  3258  2379 1193.89128   38  295  831.00000 1281.26317  54.2%   567 1580s
  3266  2387 1222.58957   42  295  831.00000 1281.26317  54.2%   569 1585s
  3278  2399 1221.81512   48  303  831.00000 1281.26317  54.2%   569 1590s
  3287  2408 1245.28624   53  350  831.00000 1281.26317  54.2%   570 1595s
  3298  2419 1201.42881   58  302  831.00000 1281.26317  54.2%   570 1600s
  3312  2433 1187.88249   65  300  831.00000 1281.26317  54.2%   571 1605s
  3324  2445 1144.78027   71  311  831.00000 1281.26317  54.2%   571 1610s
  3336  2457 1167.87982   77  309  831.00000 1281.26317  54.2%   572 1615s
  3346  2467 1149.89661   82  311  831.00000 1281.26317  54.2%   573 1620s
  3358  2479 1157.38118   88  315  831.00000 1281.26317  54.2%   573 1625s
  3367  2488 1184.96319   93  343  831.00000 1281.26317  54.2%   573 1630s
  3380  2501 1104.12788   99  303  831.00000 1281.26317  54.2%   574 1635s
  3398  2519 1124.54614  108  321  831.00000 1281.26317  54.2%   574 1640s
  3410  2531 1079.14560  114  325  831.00000 1281.26317  54.2%   575 1645s
  3424  2545 1065.57051  121  321  831.00000 1281.26317  54.2%   575 1650s
  3436  2557 1048.67361  127  329  831.00000 1281.26317  54.2%   575 1655s
  3450  2571 1032.13402  134  334  831.00000 1281.26317  54.2%   576 1660s
  3460  2581 1023.10264  139  334  831.00000 1281.26317  54.2%   576 1665s
  3476  2597 1026.37160  147  324  831.00000 1281.26317  54.2%   576 1670s
  3492  2613  988.97112  155  322  831.00000 1281.26317  54.2%   576 1675s
  3510  2631  979.07897  164  309  831.00000 1281.26317  54.2%   576 1680s
  3527  2648 1002.22437  173  313  831.00000 1281.26317  54.2%   576 1685s
  3544  2665  935.61633  181  292  831.00000 1281.26317  54.2%   576 1690s
  3556  2677  922.57671  187  285  831.00000 1281.26317  54.2%   576 1695s
  3576  2697  875.48463  197  290  831.00000 1281.26317  54.2%   575 1700s
  3580  2701  894.60792  199  279  831.00000 1281.26317  54.2%   575 1715s
  3600  2721  841.09770  209  261  831.00000 1281.26317  54.2%   575 1720s
  3623  2744  896.23888  221  267  831.00000 1281.26317  54.2%   574 1725s
  3646  2756     cutoff  232       831.00000 1281.26317  54.2%   573 1730s
  3709  2760 1222.29064   28  306  831.00000 1281.10184  54.2%   566 1735s
  3719  2770 1203.77036   33  300  831.00000 1281.10184  54.2%   567 1740s
  3729  2780 1210.23266   38  295  831.00000 1281.10184  54.2%   567 1745s
  3743  2794 1205.52448   45  303  831.00000 1281.10184  54.2%   568 1750s
  3753  2804 1199.54672   50  314  831.00000 1281.10184  54.2%   569 1755s
  3761  2812 1187.26497   54  287  831.00000 1281.10184  54.2%   569 1761s
  3769  2820 1191.67847   58  297  831.00000 1281.10184  54.2%   570 1766s
  3777  2828 1210.87119   62  307  831.00000 1281.10184  54.2%   570 1770s
  3787  2838 1181.94880   67  303  831.00000 1281.10184  54.2%   570 1775s
  3795  2846 1169.43224   71  296  831.00000 1281.10184  54.2%   571 1780s
  3805  2856 1163.91852   76  296  831.00000 1281.10184  54.2%   571 1785s
  3813  2864 1182.49281   80  306  831.00000 1281.10184  54.2%   572 1790s
  3819  2870 1153.05993   83  313  831.00000 1281.10184  54.2%   572 1795s
  3828  2879 1207.53031   88  339  831.00000 1281.10184  54.2%   572 1800s

Cutting planes:
  Gomory: 3

Explored 3829 nodes (2194414 simplex iterations) in 1800.02 seconds (902.29 work units)
Thread count was 1 (of 12 available processors)

Solution count 10: 831 829 824 ... 649

Time limit reached
Best objective 8.310000000000e+02, best bound 1.281000000000e+03, gap 54.1516%
