
Gurobi 12.0.2 (linux64, C++) logging started Thu Jun 19 08:00:20 2025

Set parameter LogFile to value "log/instances/scenario1/fully_correlated_sc1/500/kpfs_2.txt.log"

Gurobi 12.0.2 (linux64, C++) logging started Thu Jun 19 08:01:43 2025

Set parameter LogFile to value "log/instances/scenario1/fully_correlated_sc1/500/kpfs_2.txt.log"

Gurobi 12.0.2 (linux64, C++) logging started Thu Jun 19 08:02:54 2025

Set parameter LogFile to value "log/instances/scenario1/fully_correlated_sc1/500/kpfs_2.txt.log"

Gurobi 12.0.2 (linux64, C++) logging started Thu Jun 19 08:03:58 2025

Set parameter LogFile to value "log/instances/scenario1/fully_correlated_sc1/500/kpfs_2.txt.log"

Gurobi 12.0.2 (linux64, C++) logging started Thu Jun 19 18:37:23 2025

Set parameter WLSAccessID
Set parameter WLSSecret
Set parameter LicenseID to value 2679381
Set parameter LogFile to value "log/instances/scenario1/fully_correlated_sc1/500/kpfs_2.txt.log"
Academic license 2679381 - for non-commercial use only - registered to be___@poli.ufrj.br
Set parameter TimeLimit to value 1800
Set parameter Threads to value 1
Gurobi Optimizer version 12.0.2 build v12.0.2rc0 (linux64 - "Ubuntu 24.04.1 LTS")

CPU model: 13th Gen Intel(R) Core(TM) i7-1355U, instruction set [SSE2|AVX|AVX2]
Thread count: 6 physical cores, 12 logical processors, using up to 1 threads

Non-default parameters:
TimeLimit  1800
Threads  1

Academic license 2679381 - for non-commercial use only - registered to be___@poli.ufrj.br
Optimize a model with 2502 rows, 3000 columns and 20452 nonzeros
Model fingerprint: 0xb865c3f6
Variable types: 0 continuous, 3000 integer (500 binary)
Coefficient statistics:
  Matrix range     [1e+00, 3e+01]
  Objective range  [5e+00, 4e+01]
  Bounds range     [1e+00, 9e+00]
  RHS range        [1e+00, 8e+02]
Found heuristic solution: objective 386.0000000
Presolve removed 0 rows and 299 columns
Presolve time: 0.08s
Presolved: 2502 rows, 2701 columns, 19854 nonzeros
Variable types: 0 continuous, 2701 integer (500 binary)

Root relaxation: objective 1.325705e+03, 4521 iterations, 2.95 seconds (1.91 work units)

    Nodes    |    Current Node    |     Objective Bounds      |     Work
 Expl Unexpl |  Obj  Depth IntInf | Incumbent    BestBd   Gap | It/Node Time

     0     0 1325.70481    0  456  386.00000 1325.70481   243%     -    3s
H    0     0                     405.0000000 1325.70481   227%     -    3s
H    0     0                     455.0000000 1325.70481   191%     -    3s
H    0     0                     463.0000000 1325.70481   186%     -    3s
H    0     0                     496.0000000 1325.70481   167%     -    3s
H    0     0                     518.0000000 1325.70481   156%     -    3s
H    0     0                     532.0000000 1325.70481   149%     -    3s
H    0     0                     553.0000000 1325.70481   140%     -    4s
H    0     0                     640.0000000 1325.70481   107%     -    7s
H    0     0                     671.0000000 1325.70481  97.6%     -    7s
H    0     0                     716.0000000 1325.70481  85.2%     -    7s
     0     0 1325.41344    0  453  716.00000 1325.41344  85.1%     -   10s
H    0     0                     717.0000000 1325.40037  84.9%     -   12s
H    0     0                     721.0000000 1325.40037  83.8%     -   12s
H    0     0                     729.0000000 1325.40037  81.8%     -   12s
H    0     0                     730.0000000 1325.40037  81.6%     -   14s
H    0     0                     734.0000000 1325.40037  80.6%     -   20s
     0     0 1325.36556    0  451  734.00000 1325.36556  80.6%     -   20s
     0     0 1325.36239    0  452  734.00000 1325.36239  80.6%     -   20s
     0     0 1325.27085    0  452  734.00000 1325.27085  80.6%     -   24s
     0     0 1325.20535    0  453  734.00000 1325.20535  80.5%     -   24s
     0     0 1325.19290    0  453  734.00000 1325.19290  80.5%     -   24s
     0     0 1325.18581    0  455  734.00000 1325.18581  80.5%     -   24s
     0     0 1325.18099    0  455  734.00000 1325.18099  80.5%     -   25s
     0     0 1325.17847    0  455  734.00000 1325.17847  80.5%     -   25s
     0     0 1325.17697    0  455  734.00000 1325.17697  80.5%     -   33s
     0     2 1325.17610    0  455  734.00000 1325.17610  80.5%     -   35s
     4     6 1276.98855    2  360  734.00000 1323.61543  80.3%  1112   40s
    15    17 1317.29474   12  450  734.00000 1322.44713  80.2%   564   45s
    24    26 1312.18866   19  441  734.00000 1322.44713  80.2%   638   50s
    41    43 1301.11782   34  419  734.00000 1322.44713  80.2%   555   55s
    58    60 1289.59820   49  397  734.00000 1322.44713  80.2%   499   60s
    67    69 1284.46439   56  390  734.00000 1322.44713  80.2%   507   65s
    79    81 1218.43090   65  338  734.00000 1322.44713  80.2%   519   70s
    92    94 1199.04009   75  330  734.00000 1322.44713  80.2%   525  104s
    96    98 1255.62092   79  358  734.00000 1322.44713  80.2%   511  105s
   110   112 1238.17412   90  345  734.00000 1322.44713  80.2%   499  110s
   122   124 1152.45782   98  325  734.00000 1322.44713  80.2%   513  116s
   132   134 1209.21447  105  344  734.00000 1322.44713  80.2%   518  120s
   144   146 1150.48401  113  346  734.00000 1322.44713  80.2%   524  125s
   154   156 1119.36350  120  335  734.00000 1322.44713  80.2%   517  130s
   172   174 1153.48796  135  324  734.00000 1322.44713  80.2%   504  135s
   188   190 1050.24249  147  322  734.00000 1322.44713  80.2%   494  140s
   204   206 1100.25194  159  306  734.00000 1322.44713  80.2%   484  145s
   219   221  992.14851  168  290  734.00000 1322.44713  80.2%   487  150s
   236   238  982.11679  180  281  734.00000 1322.44713  80.2%   479  155s
   259   261  970.97300  196  285  734.00000 1322.44713  80.2%   465  160s
H  260   260                     740.0000000 1322.44713  78.7%   463  160s
H  260   260                     747.0000000 1322.44713  77.0%   463  162s
   270   272  971.92254  204  275  747.00000 1322.44713  77.0%   460  165s
   287   289  933.99153  216  251  747.00000 1322.44713  77.0%   450  170s
H  300   300                     752.0000000 1322.44713  75.9%   443  173s
   306   308  905.38795  229  243  752.00000 1322.44713  75.9%   440  175s
   331   333  903.58091  246  225  752.00000 1322.44713  75.9%   427  180s
   368   370  817.66548  273  226  752.00000 1322.44713  75.9%   408  185s
   397   399  788.50265  296  196  752.00000 1322.44713  75.9%   390  191s
   462   438 1232.01009   21  347  752.00000 1321.91726  75.8%   359  195s
H  471   440                     758.0000000 1321.91726  74.4%   355  199s
H  471   440                     759.0000000 1321.91726  74.2%   355  199s
   471   442 1190.65275   29  319  759.00000 1321.91726  74.2%   357  207s
   489   460 1155.33854   46  321  759.00000 1321.91726  74.2%   353  210s
   497   468 1184.70875   53  348  759.00000 1321.91726  74.2%   352  215s
   524   495 1066.50827   77  320  759.00000 1321.91726  74.2%   349  230s
   527   497  788.50252  297  455  759.00000 1321.91726  74.2%   347  245s
   530   499 1071.03237  171  453  759.00000 1321.91726  74.2%   345  252s
   539   505 1296.53609   41  455  759.00000 1321.89360  74.2%   340  267s
   543   510 1267.26616   17  368  759.00000 1321.89360  74.2%   355  271s
   547   512 1287.49027   19  369  759.00000 1321.89360  74.2%   359  275s
   551   515 1269.12265   21  350  759.00000 1319.21467  73.8%   370  280s
   557   519 1262.14711   24  350  759.00000 1316.14753  73.4%   378  285s
   563   523 1266.87078   27  360  759.00000 1314.50196  73.2%   386  291s
   568   526 1311.52626   30  436  759.00000 1312.41964  72.9%   392  295s
   571   528 1254.74863   31  353  759.00000 1310.83429  72.7%   397  321s
   575   531 1268.16727   33  346  759.00000 1309.47687  72.5%   405  325s
   580   534 1307.81753   36  434  759.00000 1308.79378  72.4%   411  330s
   585   538 1241.40786   38  354  759.00000 1305.70689  72.0%   417  335s
   591   542 1217.86371   41  339  759.00000 1303.30128  71.7%   424  341s
   597   546 1220.82177   44  362  759.00000 1301.99284  71.5%   432  346s
   603   550 1262.62073   47  371  759.00000 1299.55531  71.2%   438  351s
   609   554 1236.36130   50  370  759.00000 1297.41434  70.9%   446  356s
   615   558 1224.28992   53  348  759.00000 1296.41659  70.8%   454  364s
   616   558 1295.60141   54  418  759.00000 1296.41365  70.8%   454  365s
   621   562 1232.22046   56  345  759.00000 1294.20843  70.5%   460  370s
   627   566 1208.40640   59  336  759.00000 1292.72685  70.3%   466  376s
   633   570 1214.39407   62  336  759.00000 1289.53959  69.9%   472  381s
   640   574 1286.86305   66  398  759.00000 1289.53959  69.9%   478  385s
   648   580 1283.17697   70  395  759.00000 1289.53959  69.9%   485  390s
   654   584 1279.76586   73  390  759.00000 1289.53959  69.9%   490  395s
   658   586 1277.36463   75  385  759.00000 1289.53959  69.9%   493  400s
   664   590 1274.62498   78  383  759.00000 1289.53959  69.9%   498  405s
   671   595 1219.37705   81  336  759.00000 1289.53959  69.9%   504  410s
   677   599 1180.61492   84  345  759.00000 1289.53959  69.9%   509  415s
   684   604 1258.37819   88  366  759.00000 1289.53959  69.9%   512  420s
   690   608 1252.42617   91  367  759.00000 1289.53959  69.9%   517  425s
   697   612 1185.26889   94  335  759.00000 1289.53959  69.9%   520  432s
   701   615 1193.89874   96  347  759.00000 1289.53959  69.9%   523  435s
   709   620 1159.25722  100  340  759.00000 1289.53959  69.9%   529  441s
   717   626 1142.81824  104  326  759.00000 1289.53959  69.9%   532  445s
   725   631 1139.65551  108  338  759.00000 1289.53959  69.9%   535  450s
   733   636 1140.46338  112  338  759.00000 1289.53959  69.9%   539  455s
   741   642 1136.08469  116  337  759.00000 1289.53959  69.9%   541  460s
   747   646 1129.86006  119  336  759.00000 1289.53959  69.9%   542  465s
   756   652 1184.27945  124  344  759.00000 1289.53959  69.9%   543  470s
   768   660 1164.93814  130  337  759.00000 1289.53959  69.9%   550  475s
   780   668 1139.45531  136  330  759.00000 1289.53959  69.9%   555  480s
   785   671 1066.33211  138  325  759.00000 1289.53959  69.9%   557  490s
   793   676 1028.17882  142  329  759.00000 1289.53959  69.9%   559  495s
   801   682 1063.47771  146  315  759.00000 1289.53959  69.9%   559  500s
   809   687 1022.07181  150  309  759.00000 1289.53959  69.9%   560  505s
   816   692 1090.01169  154  331  759.00000 1289.53959  69.9%   561  510s
   822   696 1082.11203  157  325  759.00000 1289.53959  69.9%   562  515s
   827   699  993.22432  159  306  759.00000 1289.53959  69.9%   562  520s
   832   702 1064.04131  162  321  759.00000 1289.53959  69.9%   563  525s
   839   707  990.55490  165  303  759.00000 1289.53959  69.9%   564  530s
   843   710  977.52103  167  295  759.00000 1289.53959  69.9%   564  535s
   851   715  948.01816  171  301  759.00000 1289.53959  69.9%   565  541s
   857   719  961.79023  174  298  759.00000 1289.53959  69.9%   566  545s
   863   723  971.05841  177  303  759.00000 1289.53959  69.9%   566  550s
   873   730  942.26424  182  286  759.00000 1289.53959  69.9%   566  555s
   883   736  950.03173  187  294  759.00000 1289.53959  69.9%   565  560s
   892   742  985.11606  192  298  759.00000 1289.53959  69.9%   566  565s
   900   748  961.84108  196  290  759.00000 1289.53959  69.9%   566  570s
   905   751  911.25348  198  269  759.00000 1289.53959  69.9%   566  575s
   913   756  923.73935  202  286  759.00000 1289.53959  69.9%   565  580s
   921   762  880.38000  206  280  759.00000 1289.53959  69.9%   565  585s
   931   768  858.79366  211  258  759.00000 1289.53959  69.9%   564  590s
   941   775  827.51664  216  258  759.00000 1289.53959  69.9%   563  595s
   950   781  890.94414  221  275  759.00000 1289.53959  69.9%   562  600s
   964   790  870.65875  228  261  759.00000 1289.53959  69.9%   561  605s
   973   796  800.19283  232  264  759.00000 1289.53959  69.9%   561  610s
   981   802  799.39997  236  258  759.00000 1289.53959  69.9%   560  616s
   990   808  834.52226  241  262  759.00000 1289.53959  69.9%   558  620s
  1003   813  760.43932  247  236  759.00000 1289.53959  69.9%   557  625s
  1020   813  801.07414  256  239  759.00000 1289.53959  69.9%   552  630s
  1031   811     cutoff  261       759.00000 1289.53959  69.9%   549  635s
  1052   805  769.03566  272  230  759.00000 1289.53959  69.9%   541  640s
  1060   800 1288.59949   23  371  759.00000 1289.51499  69.9%   538  652s
  1062   802 1231.63627   24  312  759.00000 1289.51499  69.9%   539  655s
  1067   805 1283.84908   27  363  759.00000 1289.51499  69.9%   540  660s
  1070   807 1235.75144   28  319  759.00000 1289.51499  69.9%   541  666s
  1074   810 1234.58883   30  309  759.00000 1289.51499  69.9%   542  673s
  1076   811 1243.36518   31  327  759.00000 1289.51499  69.9%   542  675s
  1081   814 1276.73257   34  358  759.00000 1289.51499  69.9%   543  680s
  1086   818 1234.47968   36  322  759.00000 1289.51499  69.9%   545  686s
  1090   820 1215.10099   38  306  759.00000 1289.51499  69.9%   546  690s
  1094   823 1194.81398   40  324  759.00000 1289.51499  69.9%   547  696s
  1096   824 1234.19169   41  318  759.00000 1289.51499  69.9%   547  700s
  1100   827 1187.91217   43  321  759.00000 1289.51499  69.9%   549  705s
  1106   831 1199.08280   46  325  759.00000 1289.51499  69.9%   550  710s
  1111   834 1259.06734   49  356  759.00000 1289.51499  69.9%   550  715s
  1116   838 1216.42650   51  321  759.00000 1289.51499  69.9%   552  721s
  1119   840 1255.14102   53  367  759.00000 1289.51499  69.9%   552  725s
  1124   843 1177.13320   55  341  759.00000 1289.51499  69.9%   554  730s
  1130   847 1167.24307   58  309  759.00000 1289.51499  69.9%   555  735s
  1136   851 1172.22091   61  314  759.00000 1289.51499  69.9%   556  740s
  1142   855 1190.06042   64  309  759.00000 1289.51499  69.9%   557  765s
  1146   858 1191.62145   66  330  759.00000 1289.51499  69.9%   559  771s
  1150   860 1160.30549   68  324  759.00000 1289.51499  69.9%   559  775s
  1155   864 1232.07001   71  365  759.00000 1289.51499  69.9%   560  780s
  1160   867 1157.98173   73  337  759.00000 1289.51499  69.9%   561  786s
  1164   870 1162.16059   75  334  759.00000 1289.51499  69.9%   562  790s
  1169   873 1219.18104   78  352  759.00000 1289.51499  69.9%   562  795s
  1174   876 1126.06976   80  335  759.00000 1289.51499  69.9%   563  802s
  1178   879 1161.54100   82  333  759.00000 1289.51499  69.9%   564  805s
  1184   883 1149.38252   85  337  759.00000 1289.51499  69.9%   565  810s
  1188   886 1119.71067   87  339  759.00000 1289.51499  69.9%   565  815s
  1194   890 1131.01481   90  322  759.00000 1289.51499  69.9%   566  820s
  1200   894 1133.48852   93  334  759.00000 1289.51499  69.9%   566  825s
  1208   899 1103.77971   97  326  759.00000 1289.51499  69.9%   567  831s
  1212   902 1119.81258   99  341  759.00000 1289.51499  69.9%   568  835s
  1221   908 1157.81585  104  346  759.00000 1289.51499  69.9%   568  840s
  1228   912 1092.38770  107  342  759.00000 1289.51499  69.9%   569  845s
  1235   917 1136.96411  111  349  759.00000 1289.51499  69.9%   569  850s
  1242   922 1059.09911  114  332  759.00000 1289.51499  69.9%   570  855s
  1251   928 1114.44349  119  346  759.00000 1289.51499  69.9%   570  860s
  1259   933 1097.55987  123  339  759.00000 1289.51499  69.9%   571  865s
  1266   938 1049.17675  126  318  759.00000 1289.51499  69.9%   572  870s
  1274   943 1022.33279  130  338  759.00000 1289.51499  69.9%   573  875s
  1282   948  989.65731  134  317  759.00000 1289.51499  69.9%   573  880s
  1289   953 1043.11862  138  329  759.00000 1289.51499  69.9%   573  885s
  1300   960  946.33585  143  307  759.00000 1289.51499  69.9%   574  890s
  1309   966 1017.71296  148  318  759.00000 1289.51499  69.9%   574  895s
  1319   973 1006.72408  153  316  759.00000 1289.51499  69.9%   574  900s
  1326   978  939.59363  156  308  759.00000 1289.51499  69.9%   574  905s
  1336   984  926.74929  161  300  759.00000 1289.51499  69.9%   574  910s
  1346   991  924.37051  166  301  759.00000 1289.51499  69.9%   574  915s
  1357   998  959.34402  172  301  759.00000 1289.51499  69.9%   574  920s
  1368  1006  877.39217  177  284  759.00000 1289.51499  69.9%   573  925s
  1382  1015  895.23824  184  287  759.00000 1289.51499  69.9%   572  930s
  1390  1020  843.94984  188  275  759.00000 1289.51499  69.9%   573  935s
  1405  1030  895.73977  196  288  759.00000 1289.51499  69.9%   571  940s
  1420  1040  816.50688  203  266  759.00000 1289.51499  69.9%   571  945s
  1436  1051  812.10820  211  268  759.00000 1289.51499  69.9%   570  950s
  1455  1064  836.89316  221  259  759.00000 1289.51499  69.9%   568  955s
  1485  1073  793.10085  236  257  759.00000 1289.51499  69.9%   564  960s
  1524  1061 1244.17449   24  323  759.00000 1287.49013  69.6%   554  965s
  1529  1064 1166.17597   26  288  759.00000 1287.49013  69.6%   555  970s
  1537  1069 1194.76430   30  287  759.00000 1287.49013  69.6%   556  975s
  1545  1075 1174.31585   34  287  759.00000 1287.49013  69.6%   557  980s
  1553  1080 1147.22137   38  302  759.00000 1287.49013  69.6%   559  985s
  1560  1085 1221.34647   42  321  759.00000 1287.49013  69.6%   559  990s
  1569  1091 1146.01306   46  296  759.00000 1287.49013  69.6%   560  995s
  1577  1096 1164.67459   50  288  759.00000 1287.49013  69.6%   561 1000s
  1583  1100 1121.26369   53  291  759.00000 1287.49013  69.6%   561 1005s
  1591  1105 1158.84917   57  294  759.00000 1287.49013  69.6%   561 1010s
  1599  1111 1127.34611   61  302  759.00000 1287.49013  69.6%   562 1016s
  1606  1115 1187.91915   65  329  759.00000 1287.49013  69.6%   562 1020s
  1613  1120 1113.75607   68  320  759.00000 1287.49013  69.6%   562 1025s
  1621  1125 1093.52880   72  315  759.00000 1287.49013  69.6%   563 1030s
  1627  1129 1091.44824   75  312  759.00000 1287.49013  69.6%   563 1036s
  1635  1135 1088.41585   79  324  759.00000 1287.49013  69.6%   564 1041s
  1641  1139 1080.70711   82  323  759.00000 1287.49013  69.6%   564 1045s
  1649  1144 1088.90639   86  330  759.00000 1287.49013  69.6%   564 1050s
  1657  1149 1050.72911   90  327  759.00000 1287.49013  69.6%   564 1056s
  1664  1154 1118.36104   94  338  759.00000 1287.49013  69.6%   564 1060s
  1675  1161 1034.00896   99  340  759.00000 1287.49013  69.6%   565 1065s
  1679  1164 1040.18500  101  341  759.00000 1287.49013  69.6%   565 1070s
  1686  1169 1073.69516  105  338  759.00000 1287.49013  69.6%   565 1075s
  1693  1173 1012.19294  108  332  759.00000 1287.49013  69.6%   565 1080s
  1701  1179 1011.72561  112  317  759.00000 1287.49013  69.6%   565 1085s
  1709  1184  955.08436  116  321  759.00000 1287.49013  69.6%   566 1090s
  1719  1191  960.90730  121  308  759.00000 1287.49013  69.6%   566 1096s
  1726  1195 1018.22823  125  322  759.00000 1287.49013  69.6%   566 1100s
  1733  1200  947.28397  128  330  759.00000 1287.49013  69.6%   566 1105s
  1743  1207  924.73563  133  306  759.00000 1287.49013  69.6%   566 1110s
  1757  1216  884.27194  140  304  759.00000 1287.49013  69.6%   565 1115s
  1771  1225  909.70330  147  298  759.00000 1287.49013  69.6%   565 1120s
  1785  1235  863.61904  154  300  759.00000 1287.49013  69.6%   565 1125s
  1801  1245  850.62566  162  287  759.00000 1287.49013  69.6%   565 1130s
  1817  1256  871.13673  170  266  759.00000 1287.49013  69.6%   564 1135s
  1829  1264  809.28381  176  277  759.00000 1287.49013  69.6%   563 1140s
  1847  1276  806.98850  185  270  759.00000 1287.49013  69.6%   562 1145s
  1865  1288  777.53895  194  270  759.00000 1287.49013  69.6%   561 1150s
  1885  1299  786.32877  204  247  759.00000 1287.49013  69.6%   559 1155s
  1919  1301     cutoff  221       759.00000 1287.49013  69.6%   554 1160s
  1945  1297 1192.19963   23  277  759.00000 1287.48246  69.6%   550 1165s
  1951  1301 1198.78340   26  279  759.00000 1287.48246  69.6%   551 1171s
  1953  1303 1155.08039   27  281  759.00000 1287.48246  69.6%   551 1201s
  1957  1305 1196.43995   29  284  759.00000 1287.48246  69.6%   551 1205s
  1963  1309 1163.81060   32  304  759.00000 1287.48246  69.6%   552 1210s
  1971  1315 1189.52302   36  284  759.00000 1287.48246  69.6%   553 1215s
  1975  1317 1200.11146   38  291  759.00000 1287.48246  69.6%   554 1263s
  1979  1320 1145.90737   40  297  759.00000 1287.48246  69.6%   554 1265s
  1991  1328 1171.53628   46  304  759.00000 1287.48246  69.6%   555 1271s
  1997  1332 1154.97799   49  303  759.00000 1287.48246  69.6%   556 1275s
  2005  1337 1141.91622   53  298  759.00000 1287.48246  69.6%   556 1280s
  2013  1343 1136.09196   57  286  759.00000 1287.48246  69.6%   557 1285s
  2021  1348 1130.73716   61  315  759.00000 1287.48246  69.6%   557 1290s
  2031  1355 1129.82034   66  301  759.00000 1287.48246  69.6%   557 1295s
  2041  1361 1098.12557   71  333  759.00000 1287.48246  69.6%   558 1301s
  2047  1365 1107.83024   74  328  759.00000 1287.48246  69.6%   558 1305s
  2056  1372 1154.51883   79  337  759.00000 1287.48246  69.6%   559 1310s
  2066  1382 1143.56779   84  336  759.00000 1287.48246  69.6%   559 1315s
  2077  1393 1089.41941   89  315  759.00000 1287.48246  69.6%   559 1320s
  2089  1405 1068.27130   95  347  759.00000 1287.48246  69.6%   560 1325s
  2101  1417 1022.95768  101  324  759.00000 1287.48246  69.6%   560 1330s
  2111  1427 1028.76753  106  322  759.00000 1287.48246  69.6%   560 1335s
  2119  1435 1013.95026  110  321  759.00000 1287.48246  69.6%   560 1340s
  2131  1447 1014.04997  116  329  759.00000 1287.48246  69.6%   560 1345s
  2144  1460 1024.24995  123  326  759.00000 1287.48246  69.6%   560 1350s
  2157  1473  954.89536  129  323  759.00000 1287.48246  69.6%   560 1355s
  2169  1485  927.77194  135  316  759.00000 1287.48246  69.6%   560 1360s
  2183  1499  936.50944  142  312  759.00000 1287.48246  69.6%   560 1365s
  2197  1513  887.48602  149  305  759.00000 1287.48246  69.6%   560 1370s
  2207  1523  884.69546  154  291  759.00000 1287.48246  69.6%   559 1375s
  2223  1539  849.36453  162  282  759.00000 1287.48246  69.6%   559 1380s
  2237  1553  846.33544  169  288  759.00000 1287.48246  69.6%   558 1385s
  2255  1571  875.87580  178  261  759.00000 1287.48246  69.6%   557 1390s
  2273  1589  797.01340  187  267  759.00000 1287.48246  69.6%   557 1395s
  2293  1609  788.74987  197  281  759.00000 1287.48246  69.6%   556 1400s
  2313  1627     cutoff  207       759.00000 1287.48246  69.6%   554 1406s
  2331  1639     cutoff  216       759.00000 1287.48246  69.6%   552 1410s
  2386  1648 1238.51045   23  320  759.00000 1284.61500  69.3%   545 1415s
  2394  1656 1247.65074   27  315  759.00000 1284.61500  69.3%   546 1420s
  2402  1664 1214.24458   31  313  759.00000 1284.61500  69.3%   547 1425s
  2410  1672 1178.94592   35  319  759.00000 1284.61500  69.3%   548 1430s
  2416  1678 1174.40326   38  338  759.00000 1284.61500  69.3%   549 1435s
  2423  1685 1250.14403   42  366  759.00000 1284.61500  69.3%   549 1440s
  2434  1696 1179.62652   47  326  759.00000 1284.61500  69.3%   550 1445s
  2444  1706 1167.61429   52  333  759.00000 1284.61500  69.3%   551 1450s
  2454  1716 1153.75112   57  337  759.00000 1284.61500  69.3%   552 1455s
  2464  1726 1150.08538   62  326  759.00000 1284.61500  69.3%   553 1460s
  2477  1739 1211.58048   69  355  759.00000 1284.61500  69.3%   553 1465s
  2490  1752 1122.67587   75  322  759.00000 1284.61500  69.3%   555 1470s
  2502  1764 1132.80749   81  341  759.00000 1284.61500  69.3%   556 1475s
  2514  1776 1121.92409   87  336  759.00000 1284.61500  69.3%   556 1480s
  2526  1788 1093.60441   93  332  759.00000 1284.61500  69.3%   557 1485s
  2538  1800 1074.78468   99  339  759.00000 1284.61500  69.3%   558 1490s
  2551  1813 1126.56323  106  352  759.00000 1284.61500  69.3%   558 1495s
  2566  1828 1049.93509  113  336  759.00000 1284.61500  69.3%   559 1500s
  2573  1835 1096.86469  117  341  759.00000 1284.61500  69.3%   559 1518s
  2577  1839 1091.48474  119  341  759.00000 1284.61500  69.3%   559 1520s
  2592  1854  999.49050  126  324  759.00000 1284.61500  69.3%   560 1525s
  2608  1870 1014.87412  134  319  759.00000 1284.61500  69.3%   560 1530s
  2625  1887 1025.27610  143  317  759.00000 1284.61500  69.3%   560 1535s
  2640  1902  951.04758  150  299  759.00000 1284.61500  69.3%   560 1541s
  2654  1916  924.69101  157  310  759.00000 1284.61500  69.3%   560 1545s
  2670  1932  902.16708  165  300  759.00000 1284.61500  69.3%   560 1550s
  2686  1948  873.15385  173  281  759.00000 1284.61500  69.3%   560 1555s
  2705  1967  917.17854  183  300  759.00000 1284.61500  69.3%   560 1560s
  2726  1988  825.74636  193  269  759.00000 1284.61500  69.3%   560 1565s
  2750  2012  827.09800  205  268  759.00000 1284.61500  69.3%   558 1570s
  2766  2028  794.90155  213  252  759.00000 1284.61500  69.3%   558 1575s
  2794  2053  775.73673  227  253  759.00000 1284.61500  69.3%   556 1580s
  2847  2056 1207.61146   20  301  759.00000 1284.59503  69.2%   549 1585s
  2857  2066 1213.91909   25  320  759.00000 1284.59503  69.2%   550 1590s
  2867  2076 1213.33813   30  313  759.00000 1284.59503  69.2%   551 1595s
  2878  2087 1256.63963   36  349  759.00000 1284.59503  69.2%   552 1600s
  2895  2104 1203.62858   44  317  759.00000 1284.59503  69.2%   554 1605s
  2906  2115 1236.96383   50  347  759.00000 1284.59503  69.2%   554 1610s
  2917  2126 1146.81467   55  325  759.00000 1284.59503  69.2%   555 1615s
  2927  2136 1103.14044   60  323  759.00000 1284.59503  69.2%   556 1620s
  2939  2148 1134.88517   66  344  759.00000 1284.59503  69.2%   557 1625s
  2949  2158 1120.61126   71  345  759.00000 1284.59503  69.2%   558 1630s
  2958  2167 1179.91565   76  364  759.00000 1284.59503  69.2%   558 1663s
  2961  2170 1110.78016   77  343  759.00000 1284.59503  69.2%   558 1665s
  2972  2181 1161.38895   83  366  759.00000 1284.59503  69.2%   559 1670s
  2982  2191 1145.94871   88  360  759.00000 1284.59503  69.2%   560 1676s
  2990  2199 1132.84780   92  360  759.00000 1284.59503  69.2%   560 1680s
  3001  2210 1024.64083   97  343  759.00000 1284.59503  69.2%   561 1685s
  3013  2222 1013.70583  103  324  759.00000 1284.59503  69.2%   561 1690s
  3027  2236 1014.63968  110  331  759.00000 1284.59503  69.2%   562 1695s
  3041  2250 1006.76606  117  334  759.00000 1284.59503  69.2%   562 1700s
  3055  2264  991.32768  124  331  759.00000 1284.59503  69.2%   562 1705s
  3067  2276  976.03907  130  333  759.00000 1284.59503  69.2%   562 1710s
  3083  2292  919.08565  138  317  759.00000 1284.59503  69.2%   562 1715s
  3097  2306  895.03967  145  299  759.00000 1284.59503  69.2%   562 1720s
  3115  2324  896.07760  154  301  759.00000 1284.59503  69.2%   562 1725s
  3131  2340  880.90253  162  299  759.00000 1284.59503  69.2%   562 1730s
  3149  2358  858.94796  171  293  759.00000 1284.59503  69.2%   562 1735s
  3169  2378  868.19598  181  278  759.00000 1284.59503  69.2%   562 1740s
  3181  2390  853.11857  187  272  759.00000 1284.59503  69.2%   562 1745s
  3196  2405  866.22505  195  277  759.00000 1284.59503  69.2%   561 1750s
  3212  2421  850.11674  203  265  759.00000 1284.59503  69.2%   561 1755s
  3223  2432  785.01359  208  264  759.00000 1284.59503  69.2%   561 1773s
  3229  2437  792.53372  211  261  759.00000 1284.59503  69.2%   560 1775s
  3253  2457  768.75134  223  245  759.00000 1284.59503  69.2%   559 1780s
  3292  2464 1169.69886   21  263  759.00000 1283.52974  69.1%   555 1785s
  3302  2474 1188.68842   26  283  759.00000 1283.52974  69.1%   555 1790s
  3312  2484 1167.43660   31  295  759.00000 1283.52974  69.1%   556 1795s

Cutting planes:
  Gomory: 8

Explored 3322 nodes (1851474 simplex iterations) in 1800.01 seconds (788.42 work units)
Thread count was 1 (of 12 available processors)

Solution count 10: 759 758 752 ... 717

Time limit reached
Best objective 7.590000000000e+02, best bound 1.283000000000e+03, gap 69.0382%
