
Gurobi 12.0.2 (linux64, C++) logging started Thu Jun 19 08:00:20 2025

Set parameter LogFile to value "log/instances/scenario2/correlated_sc2/300/kpfs_9.txt.log"

Gurobi 12.0.2 (linux64, C++) logging started Thu Jun 19 08:01:43 2025

Set parameter LogFile to value "log/instances/scenario2/correlated_sc2/300/kpfs_9.txt.log"

Gurobi 12.0.2 (linux64, C++) logging started Thu Jun 19 08:02:54 2025

Set parameter LogFile to value "log/instances/scenario2/correlated_sc2/300/kpfs_9.txt.log"

Gurobi 12.0.2 (linux64, C++) logging started Thu Jun 19 08:03:58 2025

Set parameter LogFile to value "log/instances/scenario2/correlated_sc2/300/kpfs_9.txt.log"

Gurobi 12.0.2 (linux64, C++) logging started Thu Jun 19 17:07:22 2025

Set parameter WLSAccessID
Set parameter WLSSecret
Set parameter LicenseID to value 2679381
Set parameter LogFile to value "log/instances/scenario2/correlated_sc2/300/kpfs_9.txt.log"
Academic license 2679381 - for non-commercial use only - registered to be___@poli.ufrj.br
Set parameter TimeLimit to value 1800
Set parameter Threads to value 1
Gurobi Optimizer version 12.0.2 build v12.0.2rc0 (linux64 - "Ubuntu 24.04.1 LTS")

CPU model: 13th Gen Intel(R) Core(TM) i7-1355U, instruction set [SSE2|AVX|AVX2]
Thread count: 6 physical cores, 12 logical processors, using up to 1 threads

Non-default parameters:
TimeLimit  1800
Threads  1

Academic license 2679381 - for non-commercial use only - registered to be___@poli.ufrj.br
Optimize a model with 902 rows, 1200 columns and 9644 nonzeros
Model fingerprint: 0x81c80af2
Variable types: 0 continuous, 1200 integer (300 binary)
Coefficient statistics:
  Matrix range     [1e+00, 3e+01]
  Objective range  [1e+00, 4e+01]
  Bounds range     [1e+00, 1e+01]
  RHS range        [1e+00, 5e+02]
Found heuristic solution: objective 196.0000000
Presolve removed 0 rows and 15 columns
Presolve time: 0.13s
Presolved: 902 rows, 1185 columns, 9614 nonzeros
Variable types: 0 continuous, 1185 integer (348 binary)

Root relaxation: objective 6.725898e+02, 1922 iterations, 0.73 seconds (0.25 work units)

    Nodes    |    Current Node    |     Objective Bounds      |     Work
 Expl Unexpl |  Obj  Depth IntInf | Incumbent    BestBd   Gap | It/Node Time

     0     0  672.58985    0  206  196.00000  672.58985   243%     -    0s
H    0     0                     203.0000000  672.58985   231%     -    0s
H    0     0                     219.0000000  672.58985   207%     -    0s
H    0     0                     251.0000000  672.58985   168%     -    0s
H    0     0                     278.0000000  672.58985   142%     -    0s
H    0     0                     295.0000000  672.58985   128%     -    1s
H    0     0                     300.0000000  672.58985   124%     -    1s
H    0     0                     349.0000000  672.58985  92.7%     -    1s
     0     0  669.71387    0  204  349.00000  669.71387  91.9%     -    2s
H    0     0                     355.0000000  669.68543  88.6%     -    3s
H    0     0                     376.0000000  669.68543  78.1%     -    3s
     0     0  669.68543    0  202  376.00000  669.68543  78.1%     -    3s
     0     0  668.10083    0  201  376.00000  668.10083  77.7%     -    4s
     0     0  668.06611    0  200  376.00000  668.06611  77.7%     -    4s
     0     0  668.06611    0  199  376.00000  668.06611  77.7%     -    4s
     0     0  667.63512    0  205  376.00000  667.63512  77.6%     -    5s
     0     0  667.63086    0  203  376.00000  667.63086  77.6%     -    5s
     0     0  667.43209    0  209  376.00000  667.43209  77.5%     -    5s
     0     0  667.39807    0  210  376.00000  667.39807  77.5%     -    5s
     0     0  667.39678    0  208  376.00000  667.39678  77.5%     -    5s
     0     0  667.36671    0  207  376.00000  667.36671  77.5%     -    6s
     0     0  667.36240    0  209  376.00000  667.36240  77.5%     -    6s
     0     0  667.36096    0  212  376.00000  667.36096  77.5%     -    6s
     0     0  667.35443    0  208  376.00000  667.35443  77.5%     -    6s
     0     0  667.34825    0  208  376.00000  667.34825  77.5%     -    6s
H    0     0                     380.0000000  667.34787  75.6%     -    7s
H    0     0                     396.0000000  667.34787  68.5%     -    7s
H    0     0                     402.0000000  667.34787  66.0%     -    7s
     0     2  667.34608    0  208  402.00000  667.34608  66.0%     -    7s
    34    36  618.53426   27  195  402.00000  652.41921  62.3%   221   10s
   130   132  491.82282  109  146  402.00000  652.41921  62.3%   160   20s
H  203   199                     404.0000000  652.41921  61.5%   127   21s
   326   299  574.63755   10  192  404.00000  642.44250  59.0%   111   25s
   471   424  568.04517   22  184  404.00000  641.92346  58.9%   102   30s
   543   494  617.98209   29  206  404.00000  641.92346  58.9%   102   35s
   556   505  641.92346   19  206  404.00000  641.92346  58.9%   111   40s
   578   520  610.31681   30  187  404.00000  625.85555  54.9%   122   45s
   601   535  538.91045   41  164  404.00000  625.85555  54.9%   132   50s
   624   550  552.21954   53  176  404.00000  625.85555  54.9%   140   55s
   647   566  483.26260   64  149  404.00000  625.85555  54.9%   146   60s
   668   580  507.04558   75  166  404.00000  625.85555  54.9%   150   65s
   696   598  477.94503   89  163  404.00000  625.85555  54.9%   155   70s
   732   611  432.80727  107  147  404.00000  625.85555  54.9%   158   75s
   785   608  493.06918   25  160  404.00000  625.79092  54.9%   156   80s
H  786   578                     409.0000000  625.79092  53.0%   156   82s
H  786   552                     415.0000000  625.79092  50.8%   156   82s
   819   574  433.48111   42  121  415.00000  625.79092  50.8%   158   85s
   894   583  505.46076   27  162  415.00000  624.64492  50.5%   156   90s
   948   619  430.12289   54  138  415.00000  624.64492  50.5%   161   95s
   986   626  432.66253   73  134  415.00000  624.64492  50.5%   162  100s
  1041   607  575.62328   20  164  415.00000  624.52314  50.5%   158  105s
  1087   638  434.46520   43  128  415.00000  624.52314  50.5%   160  110s
  1170   649  534.17842   28  163  415.00000  609.59149  46.9%   160  115s
  1210   676  490.82733   48  160  415.00000  609.59149  46.9%   165  120s
  1256   707  439.92775   71  152  415.00000  609.59149  46.9%   169  125s
  1302   714  420.08938   94  128  415.00000  609.59149  46.9%   169  130s
  1366   719  560.84131   36  183  415.00000  609.33973  46.8%   169  135s
  1425   758  450.53991   65  151  415.00000  609.33973  46.8%   173  140s
  1512   770  531.39541   33  180  415.00000  605.15500  45.8%   172  145s
  1564   800  458.20633   59  149  415.00000  605.15500  45.8%   174  150s
  1592   797  567.03892   17  185  415.00000  604.62796  45.7%   173  156s
  1619   815  552.58489   31  188  415.00000  604.62796  45.7%   175  160s
  1658   841  435.89432   50  166  415.00000  604.62796  45.7%   177  165s
  1755   847  517.32970   22  160  415.00000  604.52367  45.7%   176  170s
  1915   932  487.22409   38  164  415.00000  598.64877  44.3%   170  175s
  1975   984  464.56683   31  140  415.00000  598.64467  44.3%   167  180s
  2134  1113  575.15792   24  180  415.00000  596.81543  43.8%   162  185s
  2342  1287  466.71853   35  149  415.00000  594.09483  43.2%   156  190s
  2527  1419  448.54757   69  138  415.00000  589.75104  42.1%   152  195s
  2669  1519  426.78721   49  147  415.00000  587.21573  41.5%   148  200s
  2838  1617  560.88043   31  187  415.00000  584.89396  40.9%   145  205s
  3051  1779     cutoff  105       415.00000  583.86875  40.7%   141  210s
  3264  1950  521.14049   29  168  415.00000  583.05790  40.5%   138  215s
  3425  2054  438.49572   81  143  415.00000  582.73326  40.4%   138  220s
  3588  2171  470.07575   26  174  415.00000  580.93423  40.0%   136  225s
  3713  2269  524.68130   18  161  415.00000  580.11096  39.8%   134  230s
  3790  2331  421.15918   46  156  415.00000  579.96609  39.8%   133  235s
  3954  2417  485.01997   34  155  415.00000  577.89951  39.3%   132  240s
  4042  2479  448.13460   57  157  415.00000  577.39191  39.1%   132  245s
  4206  2568  519.88246   31  174  415.00000  576.51302  38.9%   131  250s
  4375  2691  455.72635   48  162  415.00000  575.78044  38.7%   130  255s
  4574  2835  512.02003   26  181  415.00000  574.30552  38.4%   128  260s
  4721  2949  482.33070   44  153  415.00000  573.73721  38.2%   127  265s
  4838  3010     cutoff   32       415.00000  573.19165  38.1%   127  270s
  5070  3148  511.06133   38  162  415.00000  571.26835  37.7%   125  275s
  5272  3284     cutoff   41       415.00000  570.11623  37.4%   123  280s
  5406  3361  514.21767   26  163  415.00000  568.98122  37.1%   123  286s
  5546  3456  516.28370   20  181  415.00000  567.99291  36.9%   123  290s
  5749  3575  483.23329   47  142  415.00000  567.26741  36.7%   122  295s
  5900  3690  469.85847   52  154  415.00000  567.02737  36.6%   120  300s
  5907  3697  454.82612   59  152  415.00000  567.02737  36.6%   120  306s
  6038  3787  522.24763   36  161  415.00000  566.79983  36.6%   120  310s
  6146  3850  468.92030   36  177  415.00000  566.37045  36.5%   120  315s
  6340  3993  429.75650   59  156  415.00000  565.72611  36.3%   119  320s
  6565  4140  548.42633   23  174  415.00000  564.84486  36.1%   118  325s
  6775  4282  447.29765   46  142  415.00000  562.59036  35.6%   117  330s
  6949  4387  461.70446   58  147  415.00000  561.41773  35.3%   116  335s
  7171  4553  424.12041   72  148  415.00000  560.79159  35.1%   115  340s
  7338  4663  482.97499   44  168  415.00000  559.67440  34.9%   115  345s
  7501  4758  429.52334   32  113  415.00000  559.15397  34.7%   114  350s
  7704  4894  488.55984   22  175  415.00000  558.63857  34.6%   114  357s
  7817  4979  421.26333   38  122  415.00000  558.25323  34.5%   113  360s
  7997  5065  418.35584   51  139  415.00000  557.55327  34.4%   113  365s
  8142  5167  463.52419   39  149  415.00000  556.84351  34.2%   113  370s
  8302  5279  445.42494   38  143  415.00000  556.44936  34.1%   112  375s
  8391  5346  429.55130   74  144  415.00000  556.28670  34.0%   112  380s
  8588  5485     cutoff   31       415.00000  555.60978  33.9%   111  385s
  8752  5574  489.11904   25  149  415.00000  555.03996  33.7%   111  390s
  8967  5731  443.78495   40  134  415.00000  553.92643  33.5%   110  395s
  9144  5837  510.95821   39  174  415.00000  553.34556  33.3%   110  400s
  9262  5916  491.20421   34  151  415.00000  552.76152  33.2%   109  405s
  9458  6053  488.20560   35  155  415.00000  552.16831  33.1%   109  410s
  9648  6177  455.26131   48  166  415.00000  551.67193  32.9%   108  415s
  9749  6246  446.78312   41  141  415.00000  551.20175  32.8%   108  420s
  9929  6351     cutoff   46       415.00000  550.56257  32.7%   108  425s
 10082  6426  515.53245   36  166  415.00000  549.82822  32.5%   108  430s
 10203  6505  531.34601   43  208  415.00000  549.74796  32.5%   107  549s
 10205  6506  487.21282   35  206  415.00000  549.74796  32.5%   107  550s
 10212  6511  453.12031   47  231  415.00000  549.74796  32.5%   107  555s
 10216  6514  475.35672   54  225  415.00000  549.74796  32.5%   107  560s
 10220  6516  472.95939   26  231  415.00000  549.74796  32.5%   107  566s
 10224  6519  468.89732   66  230  415.00000  549.74796  32.5%   107  571s
 10228  6522  447.79457   37  236  415.00000  549.74796  32.5%   107  577s
 10230  6523  471.13815   56  230  415.00000  549.74796  32.5%   107  580s
 10233  6525  509.72879   36  228  415.00000  549.74796  32.5%   107  586s
 10235  6526  526.79448   24  235  415.00000  549.74796  32.5%   107  590s
 10238  6528  458.21056   38  232  415.00000  549.74796  32.5%   107  598s
 10240  6530  427.00678   52  238  415.00000  549.74796  32.5%   107  605s
 10244  6532  536.06994   29  234  415.00000  549.74796  32.5%   107  611s
 10246  6534  457.72075   30  237  415.00000  549.74796  32.5%   107  615s
 10250  6536  490.61915   42  237  415.00000  549.74796  32.5%   107  621s
 10251  6537  499.41255   25  237  415.00000  549.74796  32.5%   107  625s
 10253  6540  549.74796   27  220  415.00000  549.74796  32.5%   107  630s
 10267  6550  549.74796   34  210  415.00000  549.74796  32.5%   108  635s
 10278  6557  532.47657   39  166  415.00000  549.74796  32.5%   108  640s
 10282  6560  549.74796   41  199  415.00000  549.74796  32.5%   108  645s
 10300  6572  525.94337   50  164  415.00000  549.74796  32.5%   109  650s
 10320  6585  479.98732   60  144  415.00000  549.74796  32.5%   109  655s
 10335  6595  529.84763   68  177  415.00000  549.74796  32.5%   110  660s
 10349  6604  513.11343   75  182  415.00000  549.74796  32.5%   110  665s
 10363  6614  496.34270   82  163  415.00000  549.74796  32.5%   110  670s
 10385  6626  475.72798   93  157  415.00000  549.74796  32.5%   111  675s
 10407  6631  458.24851  104  164  415.00000  549.74796  32.5%   111  680s
 10432  6626     cutoff  116       415.00000  549.74796  32.5%   111  685s
 10457  6622  549.74796   31  167  415.00000  549.74796  32.5%   112  690s
 10460  6624  549.74796   33  189  415.00000  549.74796  32.5%   112  696s
 10472  6632  549.74796   39  174  415.00000  549.74796  32.5%   112  700s
 10499  6650  478.11984   52  148  415.00000  549.74796  32.5%   113  705s
 10513  6660  455.85621   59  129  415.00000  549.74796  32.5%   113  717s
 10533  6671  439.19821   69  126  415.00000  549.74796  32.5%   114  720s
 10595  6666  538.06057   32  186  415.00000  549.74796  32.5%   114  725s
 10638  6691     cutoff   53       415.00000  549.74796  32.5%   115  730s
 10689  6696  549.74796   42  172  415.00000  549.74796  32.5%   115  735s
 10711  6711  536.45105   53  167  415.00000  549.74796  32.5%   116  740s
 10741  6731  456.82587   68  165  415.00000  549.74796  32.5%   117  745s
 10768  6748  484.73757   82  177  415.00000  549.74796  32.5%   118  750s
 10797  6755     cutoff   96       415.00000  549.74796  32.5%   118  755s
 10822  6750  432.87742  109  139  415.00000  549.74796  32.5%   119  760s
 10868  6760  441.13681   50  147  415.00000  549.74796  32.5%   119  765s
 10888  6774  443.06199   60  143  415.00000  549.74796  32.5%   120  770s
 10920  6778     cutoff   76       415.00000  549.74796  32.5%   120  775s
 10961  6772  549.74796   33  191  415.00000  549.74796  32.5%   120  780s
 10974  6781  525.76812   39  173  415.00000  549.74796  32.5%   121  785s
 10998  6797  494.38257   51  163  415.00000  549.74796  32.5%   121  790s
 11026  6816  458.79070   65  157  415.00000  549.74796  32.5%   122  795s
 11062  6824  421.50216   83  143  415.00000  549.74796  32.5%   123  800s
 11122  6817  501.86461   35  150  415.00000  549.74796  32.5%   123  805s
 11173  6848  460.38076   61  151  415.00000  549.74796  32.5%   124  810s
 11234  6849  539.79272   42  173  415.00000  549.74796  32.5%   124  815s
 11270  6873  447.07612   60  151  415.00000  549.74796  32.5%   125  820s
 11318  6887  418.75593   84  133  415.00000  549.74796  32.5%   126  825s
 11421  6900  418.44606   80  148  415.00000  549.74796  32.5%   126  830s
 11492  6926  549.74796   35  174  415.00000  549.74796  32.5%   126  835s
 11515  6942  512.57826   52  164  415.00000  549.74796  32.5%   126  843s
 11547  6959     cutoff   79       415.00000  549.74796  32.5%   126  845s
 11620  6977  549.74796   38  190  415.00000  549.74796  32.5%   126  850s
 11680  7017  431.15000   88  152  415.00000  549.74796  32.5%   127  855s
 11776  7049  544.74040   42  182  415.00000  549.74796  32.5%   127  860s
 11805  7068  494.89563   67  167  415.00000  549.74796  32.5%   127  866s
 11863  7085  548.03701   36  176  415.00000  549.74796  32.5%   127  870s
 11951  7123  549.74796   38  168  415.00000  549.74796  32.5%   127  875s
 12035  7171  433.45025   52  151  415.00000  549.74796  32.5%   127  880s
 12141  7188  457.30186   63  147  415.00000  549.74796  32.5%   128  885s
 12286  7248  445.47175   67  148  415.00000  549.74796  32.5%   128  890s
 12392  7265  481.02273   44  164  415.00000  549.74796  32.5%   128  895s
 12545  7320  532.14435   48  176  415.00000  549.74796  32.5%   127  900s
 12631  7370  466.94951   56  155  415.00000  549.74796  32.5%   127  905s
 12758  7420  535.65217   46  188  415.00000  549.74796  32.5%   127  910s
 12873  7473  469.95467   43  161  415.00000  549.74796  32.5%   127  915s
 12989  7485  547.11215   52  185  415.00000  549.74796  32.5%   128  920s
 13134  7544  549.74796   42  190  415.00000  549.74796  32.5%   127  925s
 13168  7567  489.10140   72  163  415.00000  549.74796  32.5%   127  930s
 13326  7627  529.21807   37  164  415.00000  549.74796  32.5%   127  935s
 13460  7688  515.48010   37  167  415.00000  549.74796  32.5%   127  940s
 13628  7731  478.37142   55  173  415.00000  549.74796  32.5%   127  945s
 13823  7786  502.62192   44  162  415.00000  549.74796  32.5%   127  950s
 14031  7863  487.63515   44  151  415.00000  549.74796  32.5%   126  955s
 14186  7891  549.74796   40  177  415.00000  549.74796  32.5%   126  960s
 14385  7968  530.72957   35  157  415.00000  549.74796  32.5%   126  965s
 14515  8015     cutoff   47       415.00000  549.74796  32.5%   126  971s
 14654  8072  458.09712   65  143  415.00000  549.74796  32.5%   126  975s
 14763  8113  518.35256   53  176  415.00000  549.74796  32.5%   126  983s
 14815  8140  506.70202   53  165  415.00000  549.74796  32.5%   126  985s
 14990  8206  478.30634   50  155  415.00000  549.74796  32.5%   126  990s
 15194  8279  517.69221   37  163  415.00000  549.74796  32.5%   125  995s
 15397  8363  455.26901   48  147  415.00000  549.74796  32.5%   125 1000s
 15548  8413  468.44870   54  164  415.00000  549.74796  32.5%   125 1005s
 15613  8429  516.56763   32  192  415.00000  549.74796  32.5%   125 1010s
 15737  8475  473.28409   43  143  415.00000  549.74796  32.5%   125 1017s
 15799  8496  496.32419   43  154  415.00000  549.74796  32.5%   125 1020s
 15901  8517  425.56704   60  159  415.00000  549.74796  32.5%   126 1025s
 16062  8566  487.41601   51  164  415.00000  549.74796  32.5%   125 1030s
 16261  8645  516.27245   56  161  415.00000  549.74796  32.5%   125 1035s
 16395  8696  462.02788   44  161  415.00000  549.74796  32.5%   125 1040s
 16566  8742  516.59438   49  153  415.00000  549.74796  32.5%   124 1045s
 16751  8815  423.37238   59  161  415.00000  549.74796  32.5%   124 1050s
 16912  8879  485.42379   65  175  415.00000  549.74796  32.5%   124 1055s
 17110  8955  521.54043   50  171  415.00000  549.74796  32.5%   123 1060s
 17224  9001     cutoff   66       415.00000  549.74796  32.5%   124 1065s
 17357  9025  488.99992   49  145  415.00000  549.74796  32.5%   124 1070s
 17498  9082  492.45622   47  134  415.00000  549.74796  32.5%   123 1075s
 17699  9156  528.07447   36  169  415.00000  549.74796  32.5%   123 1080s
 17864  9201  483.43866   77  158  415.00000  549.74796  32.5%   123 1085s
 18017  9268  438.05766   63  145  415.00000  549.74796  32.5%   123 1090s
 18209  9309  476.86537   41  169  415.00000  549.74796  32.5%   123 1095s
 18404  9388  526.91010   46  159  415.00000  549.74796  32.5%   122 1100s
 18539  9411  420.03356   56  136  415.00000  549.74796  32.5%   122 1105s
 18786  9480  421.66971   84  131  415.00000  549.74796  32.5%   122 1110s
 19006  9562  429.96895   83  155  415.00000  549.74796  32.5%   122 1115s
 19221  9614  505.24824   44  173  415.00000  549.74796  32.5%   122 1120s
 19412  9683  482.37506   49  138  415.00000  549.32414  32.4%   121 1125s
 19587  9725  481.09683   45  157  415.00000  549.02782  32.3%   121 1130s
 19751  9771  432.11012   66  122  415.00000  548.85824  32.3%   121 1135s
 19890  9808  471.54344   36  152  415.00000  548.52068  32.2%   121 1140s
 20014  9820  502.94009   48  151  415.00000  548.26066  32.1%   121 1145s
 20196  9893  435.41542   81  154  415.00000  547.95705  32.0%   121 1150s
 20380  9946  484.99632   38  167  415.00000  547.49877  31.9%   120 1155s
 20560 10015  482.07709   55  177  415.00000  547.01108  31.8%   120 1160s
 20734 10073  490.92457   44  150  415.00000  546.58686  31.7%   120 1165s
 20941 10138  522.04127   51  170  415.00000  546.26165  31.6%   120 1170s
 21083 10185  494.81800   39  146  415.00000  545.72227  31.5%   120 1175s
 21274 10245  517.34871   41  170  415.00000  545.17177  31.4%   120 1180s
 21486 10323  503.23477   41  169  415.00000  544.86293  31.3%   119 1185s
 21642 10358  418.04637   63  138  415.00000  544.74594  31.3%   119 1190s
 21822 10417  420.82837   82  132  415.00000  544.53525  31.2%   119 1195s
 21990 10455  508.65142   39  180  415.00000  544.05987  31.1%   119 1200s
 22117 10512  447.94139   78  142  415.00000  543.93173  31.1%   119 1205s
 22275 10546  491.98237   47  154  415.00000  543.80288  31.0%   119 1210s
 22481 10601  499.86759   56  167  415.00000  543.07037  30.9%   119 1215s
 22618 10663  440.82892   67  148  415.00000  542.84735  30.8%   118 1224s
 22639 10663  459.67024   44  145  415.00000  542.84146  30.8%   118 1225s
 22865 10720  456.96384   39  149  415.00000  542.55043  30.7%   119 1230s
 23111 10794  419.09971   57  135  415.00000  541.69149  30.5%   118 1235s
 23294 10830  442.81270   70  169  415.00000  541.55417  30.5%   118 1240s
 23439 10866     cutoff   84       415.00000  541.39100  30.5%   119 1245s
 23708 10936  427.93166   60  138  415.00000  540.86516  30.3%   118 1250s
 23952 11007     cutoff   85       415.00000  540.40062  30.2%   118 1255s
 24173 11074  498.08149   60  182  415.00000  540.13275  30.2%   118 1260s
 24416 11176     cutoff   68       415.00000  539.48179  30.0%   118 1265s
 24677 11228  498.05347   44  146  415.00000  538.86006  29.8%   118 1270s
 24844 11250  484.70902   36  162  415.00000  538.61034  29.8%   118 1275s
 25064 11299  433.48972   59  136  415.00000  538.27724  29.7%   117 1280s
 25297 11378  420.23718   60  114  415.00000  537.82364  29.6%   117 1285s
 25554 11443  493.33412   38  157  415.00000  537.65096  29.6%   117 1290s
 25772 11517  495.03255   40  135  415.00000  537.55461  29.5%   117 1295s
 25960 11584  448.41578   59  158  415.00000  537.15546  29.4%   117 1300s
 26145 11654  452.54295   80  140  415.00000  536.90919  29.4%   116 1305s
 26256 11654  488.57247   48  168  415.00000  536.55227  29.3%   116 1310s
 26452 11700  468.33187   52  177  415.00000  536.40310  29.3%   116 1315s
 26657 11771  460.82467   47  146  415.00000  536.15240  29.2%   116 1320s
 26857 11821     cutoff   62       415.00000  535.86328  29.1%   116 1325s
 27097 11912  530.45833   49  166  415.00000  535.59429  29.1%   116 1330s
 27304 11979  486.07801   51  163  415.00000  535.28975  29.0%   116 1335s
 27444 12005  434.32799   44  134  415.00000  535.25251  29.0%   116 1340s
 27696 12057     cutoff   52       415.00000  534.91670  28.9%   116 1345s
 27946 12118     cutoff   49       415.00000  534.49858  28.8%   116 1350s
 28216 12220  422.91936   71  127  415.00000  534.40872  28.8%   116 1355s
 28471 12293  464.58657   63  133  415.00000  534.10544  28.7%   115 1360s
 28693 12353  427.34152   49  138  415.00000  533.67543  28.6%   115 1365s
 28907 12413  443.54132   72  146  415.00000  533.32279  28.5%   115 1370s
 29126 12463  501.57956   56  163  415.00000  532.92528  28.4%   115 1375s
 29356 12535  446.09998   58  143  415.00000  532.76416  28.4%   115 1380s
 29519 12579  437.00019   75  138  415.00000  532.57739  28.3%   115 1385s
 29820 12666  483.49539   40  152  415.00000  532.34964  28.3%   115 1390s
 30099 12809  460.26479   57  143  415.00000  532.03834  28.2%   115 1395s
 30342 12956  486.92749   50  147  415.00000  531.76622  28.1%   115 1400s
 30618 13143  428.15071   80  143  415.00000  531.49245  28.1%   114 1405s
 30788 13246  416.69979   94  133  415.00000  531.35848  28.0%   114 1410s
 31004 13371  432.42199   61  139  415.00000  531.14434  28.0%   114 1415s
 31208 13481  468.42713   62  150  415.00000  530.80869  27.9%   114 1420s
 31352 13563  472.94806   56  150  415.00000  530.73873  27.9%   114 1425s
 31551 13679  431.22770   67  147  415.00000  530.61652  27.9%   114 1430s
 31748 13799  479.49759   45  156  415.00000  530.18062  27.8%   114 1435s
 31954 13933  463.23646   42  164  415.00000  529.97380  27.7%   114 1441s
 32129 14052  523.63325   55  173  415.00000  529.78731  27.7%   114 1445s
 32318 14184  416.17045   71  128  415.00000  529.65583  27.6%   114 1450s
 32539 14279     cutoff   49       415.00000  529.43365  27.6%   114 1455s
 32758 14404  458.41860   58  151  415.00000  529.22957  27.5%   114 1460s
 32954 14513  511.33829   41  160  415.00000  528.94389  27.5%   114 1465s
 33163 14650  450.72723   52  139  415.00000  528.71595  27.4%   113 1470s
 33300 14710  438.51649   53  161  415.00000  528.55026  27.4%   113 1475s
 33431 14798  427.82958   79  128  415.00000  528.45513  27.3%   113 1486s
 33583 14883  460.54977   58  141  415.00000  528.24462  27.3%   113 1490s
 33799 15021  471.82088   53  168  415.00000  527.98253  27.2%   113 1495s
 34022 15130  461.34235   48  139  415.00000  527.72776  27.2%   113 1500s
 34198 15231  460.57147   47  148  415.00000  527.50632  27.1%   113 1505s
 34327 15310  469.92267   56  150  415.00000  527.29303  27.1%   113 1510s
 34531 15441  426.95903   42  133  415.00000  527.17313  27.0%   113 1515s
 34727 15554  446.92458   53  136  415.00000  526.98044  27.0%   113 1520s
 34968 15732  418.82160   58  136  415.00000  526.75497  26.9%   112 1525s
 35199 15835  471.17006   65  163  415.00000  526.53126  26.9%   112 1530s
 35402 15978  430.51953   70  135  415.00000  526.33987  26.8%   112 1535s
 35611 16082  477.68628   45  168  415.00000  526.26494  26.8%   112 1540s
 35757 16174  420.28125   60  139  415.00000  526.13491  26.8%   112 1545s
 35957 16283  478.40003   55  139  415.00000  525.87402  26.7%   112 1550s
 36142 16406  498.17172   55  159  415.00000  525.78227  26.7%   112 1555s
 36281 16476  425.03919   74  134  415.00000  525.76691  26.7%   112 1560s
 36519 16602  447.32750   50  150  415.00000  525.37581  26.6%   112 1565s
 36711 16714  418.54986   91  141  415.00000  525.24508  26.6%   112 1570s
 36896 16826  426.48697   72  155  415.00000  524.99504  26.5%   112 1575s
 37052 16900  455.45455   57  145  415.00000  524.87315  26.5%   112 1580s
 37246 17012  464.47117   52  152  415.00000  524.76483  26.4%   112 1585s
 37482 17167  459.40478   41  147  415.00000  524.53982  26.4%   112 1590s
 37692 17308  426.90398   85  124  415.00000  524.38412  26.4%   112 1595s
 37898 17413  448.99920   49  174  415.00000  524.19811  26.3%   112 1600s
 38104 17545     cutoff   63       415.00000  524.04584  26.3%   111 1605s
 38254 17609  447.30058   59  150  415.00000  523.79922  26.2%   112 1610s
 38457 17733  480.03006   45  144  415.00000  523.46931  26.1%   111 1615s
 38655 17838  424.43995   50  140  415.00000  523.26656  26.1%   111 1620s
 38900 17964  483.93418   49  160  415.00000  522.98012  26.0%   111 1625s
 39082 18066  459.67109   69  172  415.00000  522.77623  26.0%   111 1630s
 39293 18184  427.88616   62  133  415.00000  522.68287  25.9%   111 1635s
 39474 18286  417.57631   73  139  415.00000  522.34994  25.9%   111 1640s
 39517 18315     cutoff   77       415.00000  522.32008  25.9%   111 1645s
 39643 18369  438.85574   78  140  415.00000  522.24237  25.8%   111 1650s
 39870 18537  480.80167   58  156  415.00000  522.05604  25.8%   111 1655s
 40060 18629  460.17179   62  180  415.00000  521.97278  25.8%   111 1660s
 40267 18781  458.64428   48  110  415.00000  521.90567  25.8%   111 1665s
 40502 18917  518.39069   44  170  415.00000  521.72028  25.7%   111 1670s
 40701 19021  459.76174   53  144  415.00000  521.61967  25.7%   111 1675s
 40827 19092  441.25013   46  127  415.00000  521.47769  25.7%   111 1680s
 41045 19221  450.63316   47  149  415.00000  521.29946  25.6%   111 1685s
 41256 19310  499.87263   53  156  415.00000  521.16632  25.6%   111 1690s
 41451 19429  476.38977   44  167  415.00000  520.93433  25.5%   111 1695s
 41677 19561     cutoff   91       415.00000  520.76871  25.5%   110 1700s
 41899 19665  489.11963   52  156  415.00000  520.58201  25.4%   110 1705s
 42107 19784  423.71334   41  114  415.00000  520.35099  25.4%   110 1710s
 42235 19877  438.76467   58  148  415.00000  520.31839  25.4%   110 1717s
 42350 19945  450.69452   34  148  415.00000  520.21727  25.4%   110 1720s
 42493 20028  459.33133   51  147  415.00000  520.08229  25.3%   110 1725s
 42664 20122  417.98484   65  132  415.00000  519.99647  25.3%   110 1730s
 42852 20234  452.30241   43  147  415.00000  519.74022  25.2%   110 1735s
 42989 20299  448.52086   66  150  415.00000  519.67791  25.2%   110 1740s
 43126 20380  472.43893   47  152  415.00000  519.60911  25.2%   110 1745s
 43273 20457  462.51640   72  157  415.00000  519.56874  25.2%   110 1750s
 43425 20553  472.64525   45  148  415.00000  519.44776  25.2%   110 1755s
 43634 20665  472.57396   54  179  415.00000  519.23889  25.1%   110 1760s
 43837 20771  464.78020   43  147  415.00000  519.13863  25.1%   110 1765s
 44047 20889     cutoff   59       415.00000  518.98655  25.1%   110 1770s
 44282 21044  439.15619   55  147  415.00000  518.75157  25.0%   110 1775s
 44440 21150  497.78834   47  159  415.00000  518.66373  25.0%   110 1780s
 44619 21220  468.66380   56  161  415.00000  518.54084  24.9%   110 1785s
 44796 21309  486.36488   70  163  415.00000  518.34872  24.9%   110 1790s
 44964 21401  453.55306   62  155  415.00000  518.25718  24.9%   110 1795s
 44992 21415  481.03696   52  156  415.00000  518.25717  24.9%   110 1800s

Cutting planes:
  Gomory: 26
  MIR: 9
  Flow cover: 24
  Zero half: 5

Explored 44993 nodes (4932487 simplex iterations) in 1800.04 seconds (529.83 work units)
Thread count was 1 (of 12 available processors)

Solution count 10: 415 409 404 ... 300

Time limit reached
Best objective 4.150000000000e+02, best bound 5.180000000000e+02, gap 24.8193%
