
Gurobi 12.0.2 (linux64, C++) logging started Thu Jun 19 08:00:19 2025

Set parameter LogFile to value "log/instances/scenario2/correlated_sc2/300/kpfs_8.txt.log"

Gurobi 12.0.2 (linux64, C++) logging started Thu Jun 19 08:01:42 2025

Set parameter LogFile to value "log/instances/scenario2/correlated_sc2/300/kpfs_8.txt.log"

Gurobi 12.0.2 (linux64, C++) logging started Thu Jun 19 08:02:53 2025

Set parameter LogFile to value "log/instances/scenario2/correlated_sc2/300/kpfs_8.txt.log"

Gurobi 12.0.2 (linux64, C++) logging started Thu Jun 19 08:03:57 2025

Set parameter LogFile to value "log/instances/scenario2/correlated_sc2/300/kpfs_8.txt.log"

Gurobi 12.0.2 (linux64, C++) logging started Thu Jun 19 16:37:22 2025

Set parameter WLSAccessID
Set parameter WLSSecret
Set parameter LicenseID to value 2679381
Set parameter LogFile to value "log/instances/scenario2/correlated_sc2/300/kpfs_8.txt.log"
Academic license 2679381 - for non-commercial use only - registered to be___@poli.ufrj.br
Set parameter TimeLimit to value 1800
Set parameter Threads to value 1
Gurobi Optimizer version 12.0.2 build v12.0.2rc0 (linux64 - "Ubuntu 24.04.1 LTS")

CPU model: 13th Gen Intel(R) Core(TM) i7-1355U, instruction set [SSE2|AVX|AVX2]
Thread count: 6 physical cores, 12 logical processors, using up to 1 threads

Non-default parameters:
TimeLimit  1800
Threads  1

Academic license 2679381 - for non-commercial use only - registered to be___@poli.ufrj.br
Optimize a model with 902 rows, 1200 columns and 9673 nonzeros
Model fingerprint: 0x0ffe8fe9
Variable types: 0 continuous, 1200 integer (300 binary)
Coefficient statistics:
  Matrix range     [1e+00, 3e+01]
  Objective range  [1e+00, 4e+01]
  Bounds range     [1e+00, 1e+01]
  RHS range        [1e+00, 5e+02]
Found heuristic solution: objective 184.0000000
Presolve removed 0 rows and 3 columns
Presolve time: 0.12s
Presolved: 902 rows, 1197 columns, 9667 nonzeros
Variable types: 0 continuous, 1197 integer (349 binary)

Root relaxation: objective 7.024555e+02, 1586 iterations, 0.46 seconds (0.22 work units)

    Nodes    |    Current Node    |     Objective Bounds      |     Work
 Expl Unexpl |  Obj  Depth IntInf | Incumbent    BestBd   Gap | It/Node Time

     0     0  702.45546    0  200  184.00000  702.45546   282%     -    0s
H    0     0                     185.0000000  702.45546   280%     -    0s
H    0     0                     188.0000000  702.45546   274%     -    0s
H    0     0                     208.0000000  702.45546   238%     -    0s
H    0     0                     254.0000000  702.45546   177%     -    0s
H    0     0                     255.0000000  702.45546   175%     -    0s
H    0     0                     308.0000000  702.45546   128%     -    0s
H    0     0                     314.0000000  702.45546   124%     -    0s
H    0     0                     321.0000000  702.45546   119%     -    0s
H    0     0                     324.0000000  702.45546   117%     -    0s
H    0     0                     351.0000000  702.45546   100%     -    0s
H    0     0                     356.0000000  702.45546  97.3%     -    0s
H    0     0                     413.0000000  702.45546  70.1%     -    0s
H    0     0                     427.0000000  702.45546  64.5%     -    0s
H    0     0                     428.0000000  702.45546  64.1%     -    0s
     0     0  701.87664    0  208  428.00000  701.87664  64.0%     -    1s
H    0     0                     430.0000000  701.86593  63.2%     -    1s
H    0     0                     440.0000000  701.86593  59.5%     -    2s
     0     0  701.86593    0  208  440.00000  701.86593  59.5%     -    2s
     0     0  701.51705    0  212  440.00000  701.51705  59.4%     -    2s
     0     0  701.24187    0  212  440.00000  701.24187  59.4%     -    3s
     0     0  701.23238    0  211  440.00000  701.23238  59.4%     -    3s
     0     0  701.14553    0  212  440.00000  701.14553  59.4%     -    4s
     0     0  701.13980    0  209  440.00000  701.13980  59.3%     -    4s
     0     0  701.13980    0  210  440.00000  701.13980  59.3%     -    4s
     0     0  701.11009    0  210  440.00000  701.11009  59.3%     -    4s
     0     0  701.10462    0  210  440.00000  701.10462  59.3%     -    4s
     0     0  701.09166    0  207  440.00000  701.09166  59.3%     -    5s
H    0     0                     443.0000000  701.08858  58.3%     -    5s
H    0     0                     447.0000000  701.08858  56.8%     -    5s
     0     0  701.08823    0  210  447.00000  701.08823  56.8%     -    5s
     0     0  701.08786    0  211  447.00000  701.08786  56.8%     -    5s
     0     0  701.08200    0  209  447.00000  701.08200  56.8%     -    5s
     0     0  701.07824    0  209  447.00000  701.07824  56.8%     -    5s
     0     2  701.07117    0  209  447.00000  701.07117  56.8%     -    6s
H  104   104                     451.0000000  695.14981  54.1%   159    9s
H  104   104                     452.0000000  695.14981  53.8%   159    9s
   107   109  588.93693   90  143  452.00000  695.14981  53.8%   161   10s
   244   228  524.87007   36  163  452.00000  692.59168  53.2%   159   15s
   440   388  457.21112   92  130  452.00000  691.42816  53.0%   146   20s
   557   489  668.17233   28  200  452.00000  691.04057  52.9%   144   26s
   585   509  596.13254   27  176  452.00000  674.88805  49.3%   161   30s
   630   539  617.71331   50  179  452.00000  672.87468  48.9%   176   35s
   669   565  489.44370   69  141  452.00000  672.87468  48.9%   184   40s
   727   599  471.87579   98  143  452.00000  672.87468  48.9%   191   45s
   766   593  629.99727   17  160  452.00000  668.94878  48.0%   189   50s
   785   606  632.30855   27  187  452.00000  668.94878  48.0%   191   55s
   818   628  540.23063   43  160  452.00000  668.94878  48.0%   195   60s
   855   652  539.01237   62  163  452.00000  668.94878  48.0%   197   65s
   917   662  467.20728   93  140  452.00000  668.94878  48.0%   195   70s
   975   678  506.00380   34  146  452.00000  653.14909  44.5%   194   76s
  1014   697  500.47904   54  146  452.00000  653.14909  44.5%   194   80s
  1067   705  604.86058   27  179  452.00000  651.41465  44.1%   192   85s
  1105   730  543.81001   46  170  452.00000  651.41465  44.1%   195   91s
  1150   756     cutoff   68       452.00000  651.41465  44.1%   197   95s
  1235   777  488.18052   40  150  452.00000  650.23701  43.9%   197  100s
  1323   784  575.27865   17  161  452.00000  649.73144  43.7%   195  105s
  1418   813  527.04002   27  171  452.00000  642.33559  42.1%   193  110s
  1478   813  582.23569   20  192  452.00000  642.26017  42.1%   191  115s
  1530   847  482.66635   46  169  452.00000  642.26017  42.1%   194  120s
  1562   861     cutoff   62       452.00000  642.26017  42.1%   195  125s
  1720   898  469.20477   84  143  452.00000  638.21836  41.2%   187  130s
  1919   984  606.39401   21  172  452.00000  633.32166  40.1%   177  135s
  2057  1061  598.82502   31  173  452.00000  632.65470  40.0%   171  140s
  2235  1201  573.74277   27  168  452.00000  629.98536  39.4%   165  145s
  2326  1245  626.13106   19  167  452.00000  629.90912  39.4%   164  150s
  2566  1429  519.91203   34  167  452.00000  626.82575  38.7%   158  155s
  2807  1582  540.79326   25  158  452.00000  625.42195  38.4%   152  160s
  2958  1690  484.26800   29  162  452.00000  622.67137  37.8%   150  165s
  3013  1705  572.41878   24  182  452.00000  622.37098  37.7%   149  171s
  3215  1841  488.63040   50  152  452.00000  620.93213  37.4%   145  175s
  3440  2011  485.59718   71  156  452.00000  618.32619  36.8%   141  180s
  3599  2119  501.55994   55  165  452.00000  616.86718  36.5%   139  185s
  3763  2228  510.96509   43  162  452.00000  615.98740  36.3%   138  190s
  3979  2391  471.94993   60  153  452.00000  615.16653  36.1%   135  195s
  4195  2515  557.60580   31  154  452.00000  613.59911  35.8%   133  200s
  4314  2609  470.43412   61  159  452.00000  613.23225  35.7%   132  205s
  4467  2689  577.68910   32  195  452.00000  611.81917  35.4%   131  210s
  4636  2803  537.45425   37  150  452.00000  611.13489  35.2%   129  216s
  4765  2904  508.57096   43  137  452.00000  610.35502  35.0%   128  220s
  4940  3017  560.51308   19  153  452.00000  609.12253  34.8%   127  225s
  5095  3103  531.81921   26  162  452.00000  607.85433  34.5%   126  230s
  5301  3221  540.70564   34  168  452.00000  606.74269  34.2%   125  235s
  5498  3365  500.45203   32  159  452.00000  606.10298  34.1%   124  240s
  5597  3411     cutoff   50       452.00000  606.06104  34.1%   124  245s
  5719  3478  455.98084   31  154  452.00000  605.64700  34.0%   123  250s
  5907  3599  548.89412   26  161  452.00000  604.54545  33.7%   122  259s
  5925  3617  481.25091   44  151  452.00000  604.54545  33.7%   122  260s
  6134  3737  536.56660   32  143  452.00000  603.92852  33.6%   120  265s
  6257  3822  473.29424   48  148  452.00000  602.97817  33.4%   120  271s
  6416  3900  569.21210   30  160  452.00000  602.48421  33.3%   119  275s
  6576  4020  512.90723   30  142  452.00000  601.99792  33.2%   118  280s
  6685  4095  528.91216   31  154  452.00000  601.53406  33.1%   117  285s
  6831  4177  534.48578   33  158  452.00000  600.68736  32.9%   117  290s
  6993  4280  553.41772   33  174  452.00000  600.29755  32.8%   116  295s
  7156  4397  497.76570   43  153  452.00000  599.88107  32.7%   116  300s
  7339  4498  477.00728   56  160  452.00000  599.10767  32.5%   115  305s
  7506  4603  468.97915   48  130  452.00000  598.71403  32.5%   114  310s
  7625  4683  547.85418   34  178  452.00000  598.20489  32.3%   114  315s
  7773  4788  499.45177   72  171  452.00000  597.20134  32.1%   113  320s
  7974  4926  507.38455   34  161  452.00000  596.67261  32.0%   112  325s
  8130  5019  529.73966   23  151  452.00000  596.32714  31.9%   113  330s
  8363  5162  530.39138   36  157  452.00000  595.57510  31.8%   112  335s
  8577  5321  483.90693   43  152  452.00000  595.13606  31.7%   111  340s
  8858  5483  537.47823   36  153  452.00000  594.36492  31.5%   110  345s
  9096  5624  546.54819   24  156  452.00000  593.56026  31.3%   110  351s
  9246  5729     cutoff   36       452.00000  593.27005  31.3%   110  355s
  9536  5915  454.58666   72  142  452.00000  592.08259  31.0%   109  360s
  9817  6078  530.02582   25  167  452.00000  591.05513  30.8%   108  365s
 10152  6289  465.41566   32  121  452.00000  590.33937  30.6%   107  370s
 10203  6317  484.79473   58  209  452.00000  590.20171  30.6%   107  435s
 10215  6325  490.57346   53  218  452.00000  590.20171  30.6%   107  440s
 10221  6329  463.84050   77  218  452.00000  590.20171  30.6%   107  445s
 10227  6333  543.41246   28  216  452.00000  590.20171  30.6%   107  453s
 10229  6334  460.46383   44  221  452.00000  590.20171  30.6%   107  455s
 10235  6338  468.93827   42  225  452.00000  590.20171  30.6%   107  461s
 10238  6340  468.53893   45  223  452.00000  590.20171  30.6%   107  466s
 10241  6342  511.28427   41  226  452.00000  590.20171  30.6%   107  472s
 10245  6345  467.61600   46  217  452.00000  590.20171  30.6%   107  475s
 10249  6348  561.20553   42  225  452.00000  590.20171  30.6%   107  480s
 10255  6352  469.57725   63  231  452.00000  590.20171  30.6%   107  488s
 10257  6353  586.41611   19  228  452.00000  590.20171  30.6%   107  490s
 10262  6356  511.75769   32  228  452.00000  590.20171  30.6%   107  495s
 10267  6360  459.48311   84  218  452.00000  590.20171  30.6%   107  500s
 10270  6362  507.67876   35  222  452.00000  590.20171  30.6%   107  506s
 10272  6363  463.33434   83  224  452.00000  590.20171  30.6%   107  523s
 10273  6364  508.55067   34  225  452.00000  590.20171  30.6%   107  527s
 10274  6364  557.89498   36  221  452.00000  590.20171  30.6%   107  539s
 10276  6366  542.82979   55  223  452.00000  590.20171  30.6%   107  541s
 10279  6368  519.86316   31  215  452.00000  590.20171  30.6%   107  546s
 10282  6370  483.87292   47  221  452.00000  590.20171  30.6%   107  550s
 10287  6373  490.02322   77  219  452.00000  590.20171  30.6%   107  555s
 10300  6382  532.09117   26  223  452.00000  590.20171  30.6%   106  577s
 10310  6390  590.20171   31  190  452.00000  590.20171  30.6%   107  580s
 10332  6405  590.20171   42  186  452.00000  590.20171  30.6%   108  585s
 10348  6416  573.01558   50  171  452.00000  590.20171  30.6%   109  590s
 10358  6422  515.62299   55  166  452.00000  590.20171  30.6%   109  595s
 10373  6432  583.41764   63  182  452.00000  590.20171  30.6%   109  600s
 10384  6440  504.20218   68  149  452.00000  590.20171  30.6%   109  605s
 10394  6446  472.22133   73  163  452.00000  590.20171  30.6%   110  610s
 10412  6458  499.47878   82  158  452.00000  590.20171  30.6%   110  615s
 10431  6468  526.44688   92  157  452.00000  590.20171  30.6%   111  625s
 10448  6471  465.21025  100  142  452.00000  590.20171  30.6%   111  630s
 10478  6468     cutoff  115       452.00000  590.20171  30.6%   112  635s
 10514  6465  588.23431   33  170  452.00000  590.20171  30.6%   112  640s
 10533  6478  590.20171   43  176  452.00000  590.20171  30.6%   113  645s
 10556  6493  511.25416   54  152  452.00000  590.20171  30.6%   113  650s
 10583  6511  524.94678   68  170  452.00000  590.20171  30.6%   114  655s
 10604  6519  471.89588   78  152  452.00000  590.20171  30.6%   114  660s
 10649  6514  464.03109  101  165  452.00000  590.20171  30.6%   115  665s
 10712  6531  511.54836   49  134  452.00000  590.20171  30.6%   116  670s
 10782  6546  508.46301   45  155  452.00000  590.20171  30.6%   117  675s
 10834  6559     cutoff   71       452.00000  590.20171  30.6%   117  680s
 10880  6568  550.63759   46  170  452.00000  590.20171  30.6%   118  685s
 10910  6588  493.89602   61  144  452.00000  590.20171  30.6%   119  690s
 10932  6603  505.04981   72  161  452.00000  590.20171  30.6%   120  695s
 10958  6618  508.12802   85  146  452.00000  590.20171  30.6%   120  700s
 11005  6614  465.28339  109  148  452.00000  590.20171  30.6%   121  705s
 11040  6622  563.63786   40  157  452.00000  590.20171  30.6%   121  710s
 11066  6639  490.03217   53  151  452.00000  590.20171  30.6%   122  715s
 11090  6655  499.61869   65  152  452.00000  590.20171  30.6%   123  720s
 11107  6666  505.84672   74  165  452.00000  590.20171  30.6%   123  725s
 11151  6661  471.23085   96  150  452.00000  590.20171  30.6%   123  730s
 11204  6665  529.00802   41  153  452.00000  590.20171  30.6%   124  735s
 11273  6682  470.97308   76  143  452.00000  590.20171  30.6%   125  740s
 11313  6687  533.13454   42  163  452.00000  590.20171  30.6%   125  745s
 11353  6710  460.17729   62  159  452.00000  590.20171  30.6%   126  750s
 11423  6709  590.20171   38  190  452.00000  590.20171  30.6%   126  755s
 11493  6754  463.55510  102  142  452.00000  590.20171  30.6%   126  760s
 11562  6782  498.37192   81  141  452.00000  590.20171  30.6%   126  776s
 11648  6813  590.20171   33  188  452.00000  590.20171  30.6%   126  780s
 11713  6845  590.20171   44  189  452.00000  590.20171  30.6%   127  785s
 11805  6886  488.18335   51  167  452.00000  590.20171  30.6%   127  794s
 11835  6894  566.46907   40  174  452.00000  590.20171  30.6%   127  795s
 11950  6945  507.10469   49  161  452.00000  590.20171  30.6%   127  800s
 12053  6994  590.20171   39  180  452.00000  590.20171  30.6%   127  805s
 12100  7026  472.53754   62  165  452.00000  590.20171  30.6%   128  810s
 12197  7023  545.45053   53  173  452.00000  590.20171  30.6%   128  815s
 12365  7088  505.14020   56  160  452.00000  590.20171  30.6%   128  820s
 12467  7117  581.95559   35  164  452.00000  590.20171  30.6%   128  826s
 12489  7122  541.21907   44  148  452.00000  590.20171  30.6%   128  830s
 12669  7207  473.56199   84  134  452.00000  590.20171  30.6%   127  835s
 12815  7261  542.23077   47  173  452.00000  590.20171  30.6%   127  840s
 12913  7309  481.60659   49  142  452.00000  590.20171  30.6%   127  845s
 12972  7320  466.37745   79  150  452.00000  590.20171  30.6%   128  850s
 13138  7359  580.36184   31  145  452.00000  590.20171  30.6%   127  855s
 13236  7394  585.50644   37  186  452.00000  590.20171  30.6%   127  860s
 13352  7445  534.65691   50  171  452.00000  590.20171  30.6%   127  865s
 13517  7510  590.20171   42  187  452.00000  590.20171  30.6%   126  870s
 13608  7529  590.20171   48  170  452.00000  590.20171  30.6%   126  875s
 13690  7571  537.10961   42  167  452.00000  590.20171  30.6%   127  880s
 13771  7591  493.12672   51  152  452.00000  590.20171  30.6%   127  888s
 13829  7609  590.20171   35  186  452.00000  590.20171  30.6%   127  890s
 14000  7685  474.35468   67  146  452.00000  590.20171  30.6%   126  895s
 14151  7718  530.83706   60  174  452.00000  590.20171  30.6%   126  900s
 14360  7789  590.20171   40  170  452.00000  590.20171  30.6%   126  905s
 14542  7833  465.39862   42  115  452.00000  590.20171  30.6%   126  910s
 14771  7894  574.04286   37  171  452.00000  590.20171  30.6%   126  915s
 15000  7982  479.88440   45  156  452.00000  590.20171  30.6%   125  920s
 15110  8030  463.26891   57  150  452.00000  590.20171  30.6%   126  925s
 15198  8040  464.84736   67  145  452.00000  590.20171  30.6%   126  930s
 15326  8071  470.91394   80  155  452.00000  590.20171  30.6%   126  935s
 15500  8125  585.74170   33  174  452.00000  590.20171  30.6%   125  940s
 15662  8197  457.21008   82  145  452.00000  590.20171  30.6%   125  945s
 15758  8227  512.92155   55  159  452.00000  590.20171  30.6%   126  950s
 15930  8254  590.20171   44  181  452.00000  590.20171  30.6%   126  955s
 16077  8329  515.69751   58  157  452.00000  590.20171  30.6%   125  961s
 16182  8368  523.95204   46  167  452.00000  590.20171  30.6%   125  965s
 16370  8439  581.98171   41  182  452.00000  590.20171  30.6%   125  970s
 16543  8480  554.77866   41  177  452.00000  590.20171  30.6%   125  975s
 16710  8517  501.70272   43  143  452.00000  590.20171  30.6%   125  980s
 16720  8524  475.67262   53  143  452.00000  590.20171  30.6%   125  985s
 16722  8525  473.56540   55  145  452.00000  590.20171  30.6%   125  990s
 16878  8573  462.05644   46  134  452.00000  590.20171  30.6%   125  995s
 17064  8650  469.21405   44  141  452.00000  590.20171  30.6%   124 1000s
 17252  8673  550.13379   39  168  452.00000  590.20171  30.6%   124 1005s
 17506  8769  548.13643   48  171  452.00000  590.20171  30.6%   124 1010s
 17706  8845  461.33562   47  140  452.00000  590.20171  30.6%   124 1015s
 17928  8894  505.64075   58  140  452.00000  590.20171  30.6%   124 1020s
 18158  8952  552.41278   46  157  452.00000  590.20171  30.6%   124 1025s
 18319  9022  492.72483   35  134  452.00000  590.20171  30.6%   123 1030s
 18517  9076  550.73737   40  161  452.00000  590.20171  30.6%   123 1035s
 18696  9116  525.87435   45  152  452.00000  590.20171  30.6%   123 1040s
 18894  9173  469.16246   59  155  452.00000  590.20171  30.6%   123 1045s
 19114  9235  556.95430   36  167  452.00000  590.20171  30.6%   123 1050s
 19335  9302  551.81397   40  158  452.00000  590.20171  30.6%   122 1055s
 19525  9367  478.76834   53  153  452.00000  589.93134  30.5%   122 1060s
 19689  9399  458.01752   71  159  452.00000  589.41572  30.4%   122 1065s
 19907  9446  542.55321   34  172  452.00000  588.86555  30.3%   122 1070s
 20090  9517  470.84658   70  158  452.00000  588.56359  30.2%   122 1075s
 20271  9581  460.59877   61  148  452.00000  588.07176  30.1%   122 1080s
 20438  9633  499.28567   39  132  452.00000  587.65935  30.0%   121 1085s
 20632  9649  582.87504   42  164  452.00000  587.32118  29.9%   121 1090s
 20818  9694  537.06334   41  172  452.00000  586.80369  29.8%   121 1095s
 20998  9744     cutoff   51       452.00000  585.69936  29.6%   121 1100s
 21234  9781  553.65622   43  164  452.00000  585.54789  29.5%   121 1105s
 21441  9845  468.64556   39  127  452.00000  584.98208  29.4%   121 1110s
 21675  9915  486.80713   56  158  452.00000  584.48050  29.3%   120 1115s
 21857  9971  462.49401   83  142  452.00000  584.25815  29.3%   120 1120s
 22046  9992  489.90461   52  166  452.00000  583.95090  29.2%   120 1125s
 22233 10053  477.68131   52  153  452.00000  583.41614  29.1%   120 1130s
 22387 10074  496.99016   53  162  452.00000  583.17853  29.0%   120 1135s
 22593 10141  530.01054   39  151  452.00000  582.42222  28.9%   120 1140s
 22618 10142  462.96535   55  138  452.00000  582.40471  28.9%   120 1146s
 22734 10167  459.14834   49  164  452.00000  582.02536  28.8%   120 1150s
 22912 10203  500.37092   60  154  452.00000  581.88361  28.7%   120 1155s
 23116 10239  560.76912   40  155  452.00000  581.28739  28.6%   120 1160s
 23321 10319  483.79578   57  147  452.00000  581.03491  28.5%   120 1165s
 23557 10357  502.21743   48  161  452.00000  580.40892  28.4%   120 1170s
 23793 10409  520.33508   41  157  452.00000  579.99898  28.3%   120 1175s
 24018 10482  491.77012   45  163  452.00000  579.74392  28.3%   120 1180s
 24237 10534  483.18496   64  140  452.00000  579.27233  28.2%   119 1185s
 24447 10577  483.10427   48  141  452.00000  578.67596  28.0%   119 1190s
 24634 10616  540.43258   47  159  452.00000  578.36328  28.0%   119 1195s
 24793 10664  468.86876   41  148  452.00000  577.92501  27.9%   119 1200s
 25005 10690  530.75758   39  163  452.00000  577.51437  27.8%   119 1205s
 25196 10768  463.11657   53  146  452.00000  577.25732  27.7%   119 1210s
 25365 10802  480.94185   47  145  452.00000  576.89828  27.6%   119 1215s
 25505 10810  537.42269   34  157  452.00000  576.68649  27.6%   119 1220s
 25681 10856  550.28415   44  173  452.00000  576.61998  27.6%   118 1225s
 25823 10905     cutoff   75       452.00000  576.44107  27.5%   118 1230s
 26001 10945  522.57874   36  151  452.00000  575.59924  27.3%   118 1235s
 26202 10999  455.85771   57  129  452.00000  575.06483  27.2%   118 1240s
 26364 11041  513.45196   44  169  452.00000  574.85350  27.2%   118 1245s
 26538 11051  506.60654   56  150  452.00000  574.71447  27.1%   118 1250s
 26755 11073  542.45661   53  161  452.00000  574.24263  27.0%   118 1255s
 26916 11111  525.85514   49  162  452.00000  574.04667  27.0%   118 1260s
 27086 11178  512.57164   48  148  452.00000  573.83003  27.0%   117 1265s
 27249 11215  464.32721   53  138  452.00000  573.59706  26.9%   118 1270s
 27452 11273  473.80557   61  141  452.00000  573.37740  26.9%   117 1275s
 27611 11287  509.99879   37  161  452.00000  573.08863  26.8%   117 1280s
 27757 11337  490.61994   55  145  452.00000  572.88514  26.7%   117 1285s
 27943 11381  547.32149   62  176  452.00000  572.71457  26.7%   117 1290s
 28081 11435  468.90154   65  147  452.00000  572.66977  26.7%   117 1295s
 28234 11483  518.69235   50  153  452.00000  572.41735  26.6%   117 1300s
 28422 11529  490.46848   43  150  452.00000  572.04833  26.6%   117 1305s
 28595 11562     cutoff   54       452.00000  571.84489  26.5%   117 1310s
 28795 11589  509.84144   41  157  452.00000  571.60139  26.5%   117 1315s
 28992 11611  549.19747   44  161  452.00000  571.22278  26.4%   117 1320s
 29168 11658  505.96039   62  155  452.00000  570.81827  26.3%   116 1325s
 29321 11683  462.54947   62  134  452.00000  570.48223  26.2%   116 1330s
 29482 11720  485.59364   54  145  452.00000  570.19893  26.2%   116 1335s
 29669 11818  454.29967   57  124  452.00000  569.87541  26.1%   116 1340s
 29848 11922     cutoff   49       452.00000  569.77614  26.1%   116 1345s
 30072 12049  534.03466   52  159  452.00000  569.48842  26.0%   116 1350s
 30292 12176     cutoff   61       452.00000  569.27501  25.9%   116 1355s
 30532 12310  545.14321   43  155  452.00000  569.05421  25.9%   116 1360s
 30734 12435  525.68882   44  165  452.00000  568.85882  25.9%   116 1365s
 30898 12528  492.59479   48  141  452.00000  568.73343  25.8%   116 1370s
 31132 12612  469.33223   56  137  452.00000  568.34745  25.7%   116 1375s
 31365 12751  524.50452   40  161  452.00000  567.93757  25.6%   116 1380s
 31580 12864  540.07901   45  155  452.00000  567.59711  25.6%   116 1385s
 31733 12963  483.70818   57  155  452.00000  567.50642  25.6%   116 1390s
 31927 13044  517.65458   39  166  452.00000  567.34011  25.5%   116 1395s
 32160 13134  532.56683   42  166  452.00000  567.02203  25.4%   116 1400s
 32341 13224  491.43347   44  156  452.00000  566.82565  25.4%   116 1405s
 32448 13291  515.07050   45  169  452.00000  566.68347  25.4%   116 1412s
 32549 13362  453.83100   70  142  452.00000  566.52076  25.3%   115 1415s
 32762 13468  469.93348   49  164  452.00000  566.28542  25.3%   115 1420s
 32950 13572  537.07768   42  155  452.00000  566.08681  25.2%   115 1425s
 33108 13627  519.46241   54  141  452.00000  565.95243  25.2%   115 1430s
 33313 13762  487.15458   55  161  452.00000  565.68956  25.2%   115 1435s
 33521 13856  537.27372   53  173  452.00000  565.17212  25.0%   115 1440s
 33747 13979  530.21485   53  153  452.00000  564.86224  25.0%   115 1445s
 33971 14099  475.50516   38  137  452.00000  564.55780  24.9%   115 1450s
 34194 14199  499.79058   48  152  452.00000  564.19143  24.8%   115 1455s
 34481 14359  492.78669   51  141  452.00000  563.84223  24.7%   114 1460s
 34659 14420  520.55987   36  156  452.00000  563.62278  24.7%   114 1465s
 34825 14522     cutoff   60       452.00000  563.52605  24.7%   115 1470s
 35082 14629  487.75969   38  174  452.00000  563.21824  24.6%   114 1475s
 35336 14750  493.36053   46  145  452.00000  562.83783  24.5%   114 1480s
 35534 14854  460.94791   63  150  452.00000  562.71038  24.5%   114 1485s
 35736 14945  454.48251   48  155  452.00000  562.43424  24.4%   114 1490s
 35920 15039  477.31144   52  147  452.00000  562.16896  24.4%   114 1495s
 36143 15137  489.29408   42  141  452.00000  561.89998  24.3%   114 1500s
 36401 15259  498.59556   40  140  452.00000  561.53817  24.2%   114 1505s
 36680 15382  526.73105   44  169  452.00000  561.34409  24.2%   114 1510s
 36928 15488  506.87433   52  159  452.00000  561.12310  24.1%   114 1515s
 37196 15619  485.03687   41  132  452.00000  560.88166  24.1%   114 1520s
 37449 15736  458.18541   54  139  452.00000  560.47614  24.0%   114 1525s
 37684 15832  510.06951   51  140  452.00000  560.20455  23.9%   114 1530s
 37985 15980  483.60287   44  139  452.00000  559.86004  23.9%   113 1535s
 38220 16082  492.58865   63  162  452.00000  559.60254  23.8%   113 1540s
 38472 16210  509.37947   48  137  452.00000  559.25470  23.7%   113 1545s
 38733 16308  458.71718   59  142  452.00000  559.03064  23.7%   113 1550s
 38919 16420  515.51693   48  174  452.00000  558.70989  23.6%   113 1555s
 39077 16488     cutoff   45       452.00000  558.64664  23.6%   113 1560s
 39218 16555  503.77963   40  157  452.00000  558.39912  23.5%   113 1565s
 39398 16646     cutoff   53       452.00000  558.19029  23.5%   113 1570s
 39590 16738  525.41992   49  159  452.00000  557.90916  23.4%   113 1575s
 39779 16839  489.96283   43  147  452.00000  557.75017  23.4%   113 1580s
 39972 16934  482.30543   47  142  452.00000  557.64066  23.4%   113 1585s
 40220 17041  463.69209   53  143  452.00000  557.44396  23.3%   113 1590s
 40411 17120  532.50514   36  156  452.00000  557.26903  23.3%   113 1595s
 40594 17211  495.92729   45  145  452.00000  557.15951  23.3%   113 1600s
 40818 17325     cutoff   44       452.00000  556.77857  23.2%   113 1605s
 41061 17442  457.85976   56  135  452.00000  556.59381  23.1%   113 1610s
 41278 17529     cutoff   45       452.00000  556.33544  23.1%   113 1615s
 41295 17533  460.46898   61  133  452.00000  556.21772  23.1%   113 1622s
 41432 17593     cutoff   57       452.00000  556.05937  23.0%   113 1625s
 41623 17690  481.53260   51  138  452.00000  555.90968  23.0%   113 1630s
 41884 17809  480.37177   53  146  452.00000  555.76333  23.0%   113 1635s
 42137 17914  472.69325   63  140  452.00000  555.55719  22.9%   112 1640s
 42381 18026  530.51693   55  168  452.00000  555.27645  22.8%   112 1645s
 42644 18144  477.71911   51  144  452.00000  555.05870  22.8%   112 1650s
 42909 18265  493.03619   52  138  452.00000  554.85796  22.8%   112 1655s
 43171 18379  504.79086   70  168  452.00000  554.66622  22.7%   112 1660s
 43321 18451  496.68357   39  157  452.00000  554.47702  22.7%   112 1665s
 43566 18562  453.94558   70  123  452.00000  554.24860  22.6%   112 1670s
 43842 18693  453.32109   65  115  452.00000  553.99831  22.6%   112 1675s
 44081 18783  516.68227   35  140  452.00000  553.70197  22.5%   112 1680s
 44347 18897  517.56512   45  163  452.00000  553.43482  22.4%   112 1685s
 44619 19022  500.16282   47  152  452.00000  553.25037  22.4%   112 1690s
 44843 19115     cutoff   52       452.00000  553.07007  22.4%   112 1695s
 45076 19237  463.24288   49  140  452.00000  552.99112  22.3%   112 1700s
 45343 19340  497.57698   58  152  452.00000  552.85944  22.3%   112 1705s
 45618 19493  459.44228   81  151  452.00000  552.63410  22.3%   112 1710s
 45890 19591  545.47927   33  153  452.00000  552.35311  22.2%   111 1715s
 46107 19681  456.47224   42  142  452.00000  552.25980  22.2%   111 1720s
 46329 19777  458.34338   62  133  452.00000  552.15336  22.2%   111 1725s
 46526 19885  473.80207   55  142  452.00000  551.95825  22.1%   111 1730s
 46827 20002  454.30427   47  146  452.00000  551.70666  22.1%   111 1735s
 47090 20128  520.51256   35  145  452.00000  551.45300  22.0%   111 1740s
 47286 20206     cutoff   55       452.00000  551.24345  22.0%   111 1745s
 47520 20325  496.49418   62  144  452.00000  551.07356  21.9%   111 1750s
 47792 20444  454.62687   53  118  452.00000  550.78682  21.9%   111 1755s
 48010 20542  492.49216   47  147  452.00000  550.66383  21.8%   111 1760s
 48194 20620  481.35066   47  165  452.00000  550.47866  21.8%   111 1765s
 48416 20694  531.66178   41  159  452.00000  550.17989  21.7%   111 1770s
 48681 20803  457.70082   74  120  452.00000  550.00324  21.7%   111 1775s
 48908 20911  464.47279   63  155  452.00000  549.86697  21.7%   111 1780s
 49147 21025  477.82111   42  119  452.00000  549.69923  21.6%   111 1785s
 49405 21107  543.43615   47  167  452.00000  549.48150  21.6%   111 1790s
 49629 21218  464.63433   59  161  452.00000  549.32671  21.5%   111 1796s

Cutting planes:
  Gomory: 28
  MIR: 3
  Flow cover: 17

Explored 49836 nodes (5517742 simplex iterations) in 1800.03 seconds (574.05 work units)
Thread count was 1 (of 12 available processors)

Solution count 10: 452 451 447 ... 356

Time limit reached
Best objective 4.520000000000e+02, best bound 5.490000000000e+02, gap 21.4602%
