
Gurobi 12.0.2 (linux64, C++) logging started Thu Jun 19 08:00:19 2025

Set parameter LogFile to value "log/instances/scenario2/correlated_sc2/300/kpfs_1.txt.log"

Gurobi 12.0.2 (linux64, C++) logging started Thu Jun 19 08:01:42 2025

Set parameter LogFile to value "log/instances/scenario2/correlated_sc2/300/kpfs_1.txt.log"

Gurobi 12.0.2 (linux64, C++) logging started Thu Jun 19 08:02:53 2025

Set parameter LogFile to value "log/instances/scenario2/correlated_sc2/300/kpfs_1.txt.log"

Gurobi 12.0.2 (linux64, C++) logging started Thu Jun 19 08:03:57 2025

Set parameter LogFile to value "log/instances/scenario2/correlated_sc2/300/kpfs_1.txt.log"

Gurobi 12.0.2 (linux64, C++) logging started Thu Jun 19 12:37:19 2025

Set parameter WLSAccessID
Set parameter WLSSecret
Set parameter LicenseID to value 2679381
Set parameter LogFile to value "log/instances/scenario2/correlated_sc2/300/kpfs_1.txt.log"
Academic license 2679381 - for non-commercial use only - registered to be___@poli.ufrj.br
Set parameter TimeLimit to value 1800
Set parameter Threads to value 1
Gurobi Optimizer version 12.0.2 build v12.0.2rc0 (linux64 - "Ubuntu 24.04.1 LTS")

CPU model: 13th Gen Intel(R) Core(TM) i7-1355U, instruction set [SSE2|AVX|AVX2]
Thread count: 6 physical cores, 12 logical processors, using up to 1 threads

Non-default parameters:
TimeLimit  1800
Threads  1

Academic license 2679381 - for non-commercial use only - registered to be___@poli.ufrj.br
Optimize a model with 902 rows, 1200 columns and 9877 nonzeros
Model fingerprint: 0xa81b7e7f
Variable types: 0 continuous, 1200 integer (300 binary)
Coefficient statistics:
  Matrix range     [1e+00, 3e+01]
  Objective range  [1e+00, 4e+01]
  Bounds range     [1e+00, 1e+01]
  RHS range        [1e+00, 5e+02]
Found heuristic solution: objective 98.0000000
Presolve removed 0 rows and 14 columns
Presolve time: 0.15s
Presolved: 902 rows, 1186 columns, 9849 nonzeros
Variable types: 0 continuous, 1186 integer (356 binary)

Root relaxation: objective 6.905137e+02, 1908 iterations, 0.82 seconds (0.28 work units)

    Nodes    |    Current Node    |     Objective Bounds      |     Work
 Expl Unexpl |  Obj  Depth IntInf | Incumbent    BestBd   Gap | It/Node Time

     0     0  690.51372    0  212   98.00000  690.51372   605%     -    1s
H    0     0                      99.0000000  690.51372   597%     -    1s
H    0     0                     113.0000000  690.51372   511%     -    1s
H    0     0                     128.0000000  690.51372   439%     -    1s
H    0     0                     211.0000000  690.51372   227%     -    1s
H    0     0                     250.0000000  690.51372   176%     -    1s
H    0     0                     274.0000000  690.51372   152%     -    1s
H    0     0                     280.0000000  690.51372   147%     -    1s
H    0     0                     308.0000000  690.51372   124%     -    1s
H    0     0                     365.0000000  690.51372  89.2%     -    1s
     0     0  688.57435    0  213  365.00000  688.57435  88.7%     -    2s
     0     0  688.53039    0  212  365.00000  688.53039  88.6%     -    6s
     0     0  688.53039    0  215  365.00000  688.53039  88.6%     -    6s
     0     0  687.92631    0  214  365.00000  687.92631  88.5%     -    7s
     0     0  687.91637    0  213  365.00000  687.91637  88.5%     -    7s
     0     0  687.28044    0  218  365.00000  687.28044  88.3%     -    8s
     0     0  687.22225    0  212  365.00000  687.22225  88.3%     -    9s
     0     0  687.05147    0  216  365.00000  687.05147  88.2%     -   10s
     0     0  687.04777    0  218  365.00000  687.04777  88.2%     -   12s
     0     0  687.04733    0  219  365.00000  687.04733  88.2%     -   12s
     0     0  686.99966    0  219  365.00000  686.99966  88.2%     -   12s
     0     0  686.97344    0  218  365.00000  686.97344  88.2%     -   13s
     0     0  686.97181    0  218  365.00000  686.97181  88.2%     -   13s
     0     2  686.95809    0  218  365.00000  686.95809  88.2%     -   13s
    23    25  659.73675   18  217  365.00000  674.62099  84.8%   231   15s
   123   125  477.05625  100  140  365.00000  674.62099  84.8%   184   20s
   259   239  565.92508   17  174  365.00000  673.55122  84.5%   165   25s
H  263   235                     369.0000000  673.55122  82.5%   165   26s
H  263   192                     425.0000000  673.55122  58.5%   165   26s
   382   295  447.95461   47  136  425.00000  670.87502  57.9%   160   30s
   561   432  479.74504   46  218  425.00000  667.51987  57.1%   150   36s
   565   435  479.01657   52  212  425.00000  667.51987  57.1%   149   40s
   586   451  656.54681   21  212  425.00000  658.93996  55.0%   162   45s
   609   466  544.50565   32  170  425.00000  640.92768  50.8%   171   50s
   649   493  533.14921   52  156  425.00000  640.92768  50.8%   184   55s
   689   519  489.05335   72  152  425.00000  640.92768  50.8%   193   60s
   731   547  438.51377   93  159  425.00000  640.92768  50.8%   200   65s
   786   548  447.90074  121  143  425.00000  640.92768  50.8%   199   70s
   824   548  531.54218   21  165  425.00000  640.91224  50.8%   197   75s
   882   575  444.38098   50  144  425.00000  640.91224  50.8%   196   80s
H  904   544                     428.0000000  639.07104  49.3%   193   81s
   916   554  577.38102   20  183  428.00000  629.59565  47.1%   195   85s
   951   577  554.57339   38  185  428.00000  629.59565  47.1%   198   90s
  1008   614  468.63854   66  138  428.00000  629.59565  47.1%   202   95s
  1087   616  465.02904   23  146  428.00000  629.42431  47.1%   200  102s
  1169   624  574.56633   18  168  428.00000  620.92243  45.1%   195  105s
  1209   651  489.87948   38  165  428.00000  619.23243  44.7%   198  110s
  1283   689     cutoff   75       428.00000  619.23243  44.7%   200  115s
  1368   690  517.43805   24  178  428.00000  614.67945  43.6%   196  120s
  1440   735  448.29440   60  135  428.00000  614.67945  43.6%   199  125s
  1544   737  484.55554   33  150  428.00000  614.39228  43.5%   196  130s
  1641   773  455.69858   82  143  428.00000  614.39228  43.5%   198  135s
  1815   819  478.75402   58  143  428.00000  612.40357  43.1%   191  140s
  1975   939  577.90983   33  190  428.00000  608.78551  42.2%   182  148s
  2055  1009  435.56179  105  144  428.00000  608.78551  42.2%   179  150s
  2317  1212  469.66364   35  166  428.00000  604.70676  41.3%   170  155s
  2571  1381  454.28247   47  148  428.00000  602.97988  40.9%   162  160s
  2793  1513  451.51860   29  145  428.00000  598.16376  39.8%   156  165s
  3077  1724  587.80347   25  178  428.00000  595.18886  39.1%   149  170s
  3329  1889  510.38616   25  174  428.00000  592.22487  38.4%   146  176s
  3509  2024  482.25401   63  155  428.00000  591.19827  38.1%   143  180s
  3668  2120  587.03687   28  185  428.00000  589.93929  37.8%   140  185s
  3939  2317  553.99120   24  162  428.00000  588.94075  37.6%   137  190s
  4145  2451  438.75552   44  141  428.00000  587.11448  37.2%   135  195s
  4421  2638  477.06896   58  156  428.00000  585.31631  36.8%   131  200s
  4594  2768  433.43680   59  136  428.00000  584.86421  36.7%   131  205s
  4736  2823  478.31258   38  155  428.00000  583.34086  36.3%   130  210s
  4936  2958  490.48786   45  151  428.00000  581.68579  35.9%   128  215s
  5233  3175  474.01160   27  143  428.00000  580.73065  35.7%   126  220s
  5629  3438  537.35273   25  157  428.00000  578.96440  35.3%   123  225s
  6072  3725     cutoff   40       428.00000  575.68759  34.5%   121  230s
  6430  3930  456.28839   53  142  428.00000  574.22047  34.2%   119  235s
  6641  4057  431.32537   28  144  428.00000  573.77570  34.1%   118  240s
  6761  4154     cutoff   86       428.00000  573.34587  34.0%   117  245s
  7056  4350  474.21930   57  159  428.00000  572.27892  33.7%   116  250s
  7305  4521  437.59635   56  147  428.00000  571.42033  33.5%   115  255s
  7468  4638     cutoff   60       428.00000  571.31127  33.5%   115  260s
  7675  4736  470.23946   37  162  428.00000  570.61197  33.3%   114  265s
  7852  4860  531.69928   33  163  428.00000  570.17255  33.2%   113  270s
  7873  4881  461.53844   53  146  428.00000  570.17255  33.2%   113  276s
  7967  4948     cutoff   45       428.00000  569.83655  33.1%   113  280s
  8113  5023     cutoff   64       428.00000  569.37974  33.0%   113  285s
  8280  5116  449.47231   41  166  428.00000  568.81972  32.9%   112  291s
  8468  5222  505.51748   21  153  428.00000  568.33426  32.8%   112  295s
  8669  5362     cutoff   45       428.00000  567.46560  32.6%   111  300s
  9043  5598  459.58886   34  163  428.00000  566.26490  32.3%   110  305s
  9267  5727  439.20281   34  144  428.00000  565.47902  32.1%   109  310s
  9496  5888  472.43974   32  168  428.00000  565.03733  32.0%   109  315s
  9804  6071  453.41273   55  125  428.00000  563.82903  31.7%   108  320s
  9997  6173  524.30591   46  166  428.00000  563.48235  31.7%   108  325s
 10203  6320  468.20018   64  218  428.00000  562.97549  31.5%   108  423s
 10206  6322  470.09494   37  221  428.00000  562.97549  31.5%   108  425s
 10217  6329  470.53412   39  226  428.00000  562.97549  31.5%   107  430s
 10223  6333  474.37491   33  230  428.00000  562.97549  31.5%   107  436s
 10227  6336  508.78886   30  230  428.00000  562.97549  31.5%   107  441s
 10230  6338  538.23922   54  227  428.00000  562.97549  31.5%   107  445s
 10233  6340  531.51245   43  232  428.00000  562.97549  31.5%   107  450s
 10237  6343  461.82708   33  232  428.00000  562.97549  31.5%   107  455s
 10241  6345  446.79425   28  228  428.00000  562.97549  31.5%   107  461s
 10243  6347  459.83634   60  232  428.00000  562.97549  31.5%   107  467s
 10245  6348  513.80945   32  228  428.00000  562.97549  31.5%   107  470s
 10249  6351  471.83366   40  232  428.00000  562.97549  31.5%   107  475s
 10254  6354  473.36893   47  231  428.00000  562.97549  31.5%   107  480s
 10258  6357  477.59347   26  234  428.00000  562.97549  31.5%   107  486s
 10261  6359  460.97434   56  236  428.00000  562.97549  31.5%   107  490s
 10267  6363  456.05122   40  238  428.00000  562.97549  31.5%   107  496s
 10271  6365  477.71801   40  234  428.00000  562.97549  31.5%   107  502s
 10275  6368  471.43392   28  234  428.00000  562.97549  31.5%   107  506s
 10279  6371  444.53681   73  236  428.00000  562.97549  31.5%   107  511s
 10281  6372  430.01590   51  239  428.00000  562.97549  31.5%   107  515s
 10286  6375  449.90212   28  240  428.00000  562.97549  31.5%   107  520s
 10299  6384  445.05524   46  238  428.00000  562.97549  31.5%   107  526s
 10311  6394  562.97549   26  186  428.00000  562.97549  31.5%   108  530s
 10326  6404  562.97549   34  204  428.00000  562.97549  31.5%   108  536s
 10343  6415  551.90512   42  183  428.00000  562.97549  31.5%   109  540s
 10364  6429  562.97549   53  193  428.00000  562.97549  31.5%   109  545s
 10386  6444  562.97549   64  176  428.00000  562.97549  31.5%   110  550s
 10408  6459  543.26044   75  172  428.00000  562.97549  31.5%   110  555s
 10431  6474  497.37935   86  165  428.00000  562.97549  31.5%   111  560s
 10453  6484  457.36395   97  147  428.00000  562.97549  31.5%   111  566s
 10473  6481     cutoff  107       428.00000  562.97549  31.5%   112  570s
 10517  6465  562.97549   26  194  428.00000  562.97549  31.5%   112  575s
 10569  6500  443.09672   52  150  428.00000  562.97549  31.5%   113  580s
 10634  6497  562.97549   30  201  428.00000  562.97549  31.5%   114  585s
 10671  6522  509.22440   48  149  428.00000  562.97549  31.5%   115  590s
 10727  6555  440.02691   76  144  428.00000  562.97549  31.5%   117  595s
 10807  6559  507.40759   29  163  428.00000  562.97549  31.5%   118  600s
 10822  6568  488.13684   37  170  428.00000  562.97549  31.5%   118  605s
 10897  6564  562.97549   26  200  428.00000  562.97549  31.5%   119  610s
 10920  6579  517.60251   37  157  428.00000  562.97549  31.5%   119  621s
 10947  6597  528.27508   51  170  428.00000  562.97549  31.5%   120  625s
 10996  6620  436.02783   75  135  428.00000  562.97549  31.5%   121  630s
 11074  6615  547.23775   35  169  428.00000  562.97549  31.5%   122  636s
 11113  6638     cutoff   54       428.00000  562.97549  31.5%   122  640s
 11196  6637  562.97549   34  190  428.00000  562.97549  31.5%   123  645s
 11225  6656  485.67600   48  141  428.00000  562.97549  31.5%   124  650s
 11262  6677  487.93396   67  149  428.00000  562.97549  31.5%   125  655s
 11338  6673  562.97549   36  182  428.00000  562.97549  31.5%   125  660s
 11386  6705  500.17131   60  164  428.00000  562.97549  31.5%   126  665s
 11467  6702  562.97549   28  179  428.00000  562.97549  31.5%   127  670s
 11591  6770     cutoff   82       428.00000  562.97549  31.5%   127  675s
 11704  6814  562.97549   39  187  428.00000  562.97549  31.5%   127  680s
 11838  6867  562.97549   27  174  428.00000  562.97549  31.5%   127  685s
 12028  6954     cutoff   47       428.00000  562.97549  31.5%   127  690s
 12176  6999  562.97549   35  183  428.00000  562.97549  31.5%   128  695s
 12298  7063  455.33213   60  159  428.00000  562.97549  31.5%   128  700s
 12407  7098  557.85999   31  170  428.00000  562.97549  31.5%   127  705s
 12585  7160  442.32882   80  147  428.00000  562.97549  31.5%   127  710s
 12734  7224  501.72318   41  163  428.00000  562.97549  31.5%   127  715s
 12788  7244  525.31528   35  179  428.00000  562.97549  31.5%   127  721s
 12789  7245  522.26656   36  177  428.00000  562.97549  31.5%   127  726s
 12884  7284  461.88664   41  152  428.00000  562.97549  31.5%   127  730s
 12977  7287     cutoff   40       428.00000  562.97549  31.5%   128  735s
 13121  7340  440.62635   62  151  428.00000  562.97549  31.5%   127  740s
 13265  7406  443.89292   87  160  428.00000  562.97549  31.5%   127  752s
 13373  7448  562.97549   28  174  428.00000  562.97549  31.5%   127  755s
 13523  7506  431.67017   43  147  428.00000  562.97549  31.5%   127  760s
 13695  7576  542.61888   31  174  428.00000  562.97549  31.5%   126  765s
 13797  7593  538.71328   27  175  428.00000  562.97549  31.5%   127  770s
 13950  7661  464.01038   69  159  428.00000  562.97549  31.5%   127  775s
 14240  7773  438.17600   53  145  428.00000  562.97549  31.5%   126  780s
 14510  7861  521.07290   30  162  428.00000  562.97549  31.5%   126  785s
 14760  7965  430.49134   53  139  428.00000  562.97549  31.5%   125  790s
 14918  8016  471.45211   42  143  428.00000  562.97549  31.5%   125  795s
 14981  8048  491.32385   54  163  428.00000  562.97549  31.5%   125  803s
 15049  8079  554.79845   31  168  428.00000  562.97549  31.5%   125  805s
 15191  8141  501.07174   46  153  428.00000  562.97549  31.5%   125  810s
 15297  8170  475.24518   62  153  428.00000  562.97549  31.5%   125  815s
 15453  8224  497.52886   38  168  428.00000  562.97549  31.5%   125  820s
 15599  8263  562.97549   32  187  428.00000  562.97549  31.5%   125  825s
 15753  8334  539.82181   36  170  428.00000  562.97549  31.5%   125  830s
 15887  8382  539.35775   31  156  428.00000  562.97549  31.5%   125  835s
 15929  8399     cutoff   52       428.00000  562.97549  31.5%   125  840s
 16083  8436  448.93588   75  157  428.00000  562.97549  31.5%   125  845s
 16270  8492  493.74898   54  172  428.00000  562.97549  31.5%   125  850s
 16542  8574  530.24059   30  174  428.00000  562.97549  31.5%   124  855s
 16782  8639  466.64459   50  156  428.00000  562.97549  31.5%   124  860s
 16963  8717  438.98890   76  148  428.00000  562.97549  31.5%   124  865s
 17177  8806  444.81547   53  131  428.00000  562.97549  31.5%   124  870s
 17410  8849  439.83792   65  144  428.00000  562.97549  31.5%   124  875s
 17659  8942  431.36524   49  142  428.00000  562.97549  31.5%   123  880s
 17856  8987  432.63401   58  157  428.00000  562.97549  31.5%   124  885s
 18024  9009  508.13807   39  160  428.00000  562.97549  31.5%   124  890s
 18256  9081  517.93403   35  151  428.00000  562.97549  31.5%   123  895s
 18491  9165  436.68770   58  153  428.00000  562.97549  31.5%   123  900s
 18686  9198  431.09438   44  124  428.00000  562.97549  31.5%   123  908s
 18797  9229  455.32600   52  136  428.00000  562.97549  31.5%   123  910s
 19197  9341  486.26235   51  158  428.00000  562.97549  31.5%   122  915s
 19581  9478  487.31592   58  169  428.00000  562.97549  31.5%   122  920s
 19842  9562  434.42995   54  145  428.00000  562.97549  31.5%   121  925s
 20081  9615  486.86563   53  153  428.00000  562.97549  31.5%   121  930s
 20349  9708  439.43625   62  116  428.00000  562.97549  31.5%   121  935s
 20612  9796  450.59123   47  146  428.00000  562.97549  31.5%   120  940s
 20870  9845  462.69439   54  147  428.00000  562.97549  31.5%   120  945s
 21100  9913  463.00522   58  156  428.00000  562.97549  31.5%   120  950s
 21337  9979  458.83391   41  144  428.00000  562.97549  31.5%   120  955s
 21666 10051  542.26419   38  183  428.00000  562.63424  31.5%   120  960s
 21990 10147  450.41738   60  139  428.00000  562.01065  31.3%   119  965s
 22218 10198  513.22188   59  160  428.00000  561.52229  31.2%   119  970s
 22493 10274  502.62367   67  169  428.00000  561.15101  31.1%   119  975s
 22777 10335  457.24917   41  156  428.00000  560.46566  30.9%   119  980s
 23231 10413  481.33833   48  169  428.00000  558.80504  30.6%   119  985s
 23427 10466     cutoff   47       428.00000  558.59166  30.5%   119  990s
 23706 10511     cutoff   49       428.00000  558.10308  30.4%   119  995s
 23920 10570  438.10972   44  143  428.00000  557.49117  30.3%   119 1000s
 24139 10635  440.68296   53  128  428.00000  557.15005  30.2%   119 1005s
 24336 10651  507.00197   48  152  428.00000  556.92991  30.1%   119 1010s
 24557 10724  466.79643   44  162  428.00000  556.61781  30.1%   119 1015s
 24739 10758  534.18174   35  166  428.00000  556.36102  30.0%   119 1020s
 24876 10806  454.51546   52  152  428.00000  556.17084  29.9%   119 1025s
 25219 10879  485.54496   40  149  428.00000  555.57820  29.8%   118 1030s
 25399 10924  466.48983   60  147  428.00000  555.24046  29.7%   118 1035s
 25565 10982  484.03753   50  150  428.00000  554.85488  29.6%   118 1040s
 25756 11019  434.64704   62  160  428.00000  554.63643  29.6%   118 1045s
 25964 11052  504.80541   45  161  428.00000  554.31839  29.5%   118 1050s
 26250 11152  491.35940   46  162  428.00000  553.94654  29.4%   118 1055s
 26369 11155  451.96727   61  139  428.00000  553.88775  29.4%   118 1060s
 26548 11202  498.43426   37  152  428.00000  553.41858  29.3%   118 1065s
 26747 11262  444.91208   41  147  428.00000  553.17653  29.2%   117 1070s
 26882 11298     cutoff   54       428.00000  553.09716  29.2%   118 1075s
 27086 11317  507.92082   40  175  428.00000  552.85735  29.2%   118 1080s
 27288 11383  470.18317   32  141  428.00000  552.65942  29.1%   117 1085s
 27496 11417  442.27277   46  150  428.00000  552.47143  29.1%   117 1090s
 27707 11489  464.64965   50  165  428.00000  552.31242  29.0%   117 1095s
 28000 11568  442.42071   54  154  428.00000  552.12772  29.0%   117 1100s
 28138 11604  501.02206   46  172  428.00000  551.78468  28.9%   117 1105s
 28363 11650  512.75543   37  158  428.00000  551.58381  28.9%   117 1110s
 28516 11690  480.85627   40  151  428.00000  551.07715  28.8%   117 1121s
 28831 11784  451.11150   66  142  428.00000  550.52085  28.6%   116 1125s
 29026 11815  503.16519   46  166  428.00000  550.14462  28.5%   116 1130s
 29278 11878  459.36714   55  144  428.00000  549.94300  28.5%   116 1135s
 29450 11905  514.54155   47  151  428.00000  549.71102  28.4%   116 1140s
 29684 12013  499.88828   36  167  428.00000  549.34542  28.4%   116 1145s
 29934 12176  462.48880   44  157  428.00000  549.07858  28.3%   116 1150s
 30057 12249  457.71850   62  169  428.00000  548.92579  28.3%   116 1155s
 30378 12419  499.43930   44  151  428.00000  548.63348  28.2%   116 1160s
 30766 12629  470.03842   54  154  428.00000  548.36461  28.1%   116 1165s
 31147 12837  471.13619   79  164  428.00000  547.86730  28.0%   116 1170s
 31329 12936  452.18548   37  162  428.00000  547.63049  28.0%   116 1175s
 31557 13057  480.30713   39  152  428.00000  547.31023  27.9%   116 1180s
 31793 13183  490.86337   45  157  428.00000  546.99489  27.8%   116 1185s
 32034 13305  541.23948   41  165  428.00000  546.77824  27.8%   116 1190s
 32280 13438  491.20480   42  144  428.00000  546.46189  27.7%   116 1195s
 32515 13583     cutoff   47       428.00000  546.31760  27.6%   116 1200s
 32758 13705  432.50769   43  131  428.00000  546.16679  27.6%   116 1205s
 32941 13769  494.48335   46  149  428.00000  545.92840  27.6%   116 1210s
 33184 13892  527.31967   32  152  428.00000  545.49454  27.5%   116 1215s
 33393 14004     cutoff   51       428.00000  545.33087  27.4%   116 1220s
 33651 14138  475.24346   42  168  428.00000  545.01610  27.3%   116 1225s
 33933 14312  439.76775   49  147  428.00000  544.70631  27.3%   115 1230s
 34325 14545  477.03226   50  155  428.00000  544.21444  27.2%   115 1235s
 34532 14635  474.86814   49  144  428.00000  544.03783  27.1%   115 1241s
 34745 14770  447.48771   62  135  428.00000  543.97070  27.1%   115 1245s
 34981 14879  459.38810   48  143  428.00000  543.63129  27.0%   115 1250s
 35213 15007     cutoff   48       428.00000  543.31261  26.9%   115 1255s
 35492 15153  467.04804   37  179  428.00000  542.82986  26.8%   115 1260s
 35719 15276  439.40398   58  156  428.00000  542.54007  26.8%   115 1265s
 36055 15461  492.87930   54  166  428.00000  542.29017  26.7%   115 1270s
 36368 15630  481.90466   49  165  428.00000  542.03811  26.6%   115 1275s
 36763 15884     cutoff   66       428.00000  541.70239  26.6%   115 1280s
 37065 16024  452.65318   56  153  428.00000  541.29953  26.5%   115 1285s
 37295 16110  469.47211   35  152  428.00000  541.11403  26.4%   115 1290s
 37617 16272  451.93116   57  147  428.00000  540.62302  26.3%   115 1295s
 37867 16372  485.08861   47  133  428.00000  540.41499  26.3%   115 1300s
 38211 16557  443.05151   57  153  428.00000  540.07166  26.2%   115 1305s
 38586 16790  442.51888   50  119  428.00000  539.67086  26.1%   115 1310s
 38915 16933  513.10199   37  162  428.00000  539.24251  26.0%   114 1315s
 39206 17059  470.24454   40  149  428.00000  538.94497  25.9%   114 1320s
 39520 17233  431.71583   85  139  428.00000  538.65297  25.9%   114 1325s
 39881 17430  526.13682   54  157  428.00000  538.30064  25.8%   114 1330s
 40165 17569  494.78255   41  155  428.00000  538.00438  25.7%   114 1335s
 40437 17729  471.07136   49  164  428.00000  537.83032  25.7%   114 1340s
 40552 17796     cutoff   69       428.00000  537.74116  25.6%   114 1345s
 40992 17997  459.61600   63  160  428.00000  537.31052  25.5%   114 1350s
 41323 18157  440.53117   41  144  428.00000  537.02542  25.5%   114 1355s
 41640 18316  483.66412   36  155  428.00000  536.64809  25.4%   114 1360s
 41967 18474  503.93498   55  158  428.00000  536.35834  25.3%   114 1365s
 42498 18727  478.21108   48  145  428.00000  535.95425  25.2%   113 1370s
 42757 18881  488.48675   34  142  428.00000  535.68925  25.2%   113 1375s
 42979 18985  437.46559   53  146  428.00000  535.41039  25.1%   113 1380s
 43260 19119     cutoff   55       428.00000  535.19723  25.0%   113 1385s
 43553 19271  466.77497   50  139  428.00000  534.92925  25.0%   113 1390s
 43900 19444  483.86043   37  167  428.00000  534.67442  24.9%   113 1395s
 44203 19588  497.86202   39  147  428.00000  534.47603  24.9%   113 1400s
 44326 19648  492.60665   48  171  428.00000  534.31833  24.8%   113 1405s
 44586 19795  503.51964   54  160  428.00000  534.07755  24.8%   113 1410s
 44843 19950  477.78860   42  156  428.00000  533.92491  24.7%   113 1415s
 45164 20115  441.93149   58  130  428.00000  533.62163  24.7%   113 1420s
 45452 20230  433.37388   49  147  428.00000  533.37983  24.6%   113 1425s
 45803 20392  526.60607   53  169  428.00000  533.01352  24.5%   113 1430s
 46326 20650  439.63592   40  135  428.00000  532.59538  24.4%   113 1435s
 46653 20803  471.76326   42  171  428.00000  532.24981  24.4%   113 1440s
 46899 20944  481.71986   57  165  428.00000  532.17172  24.3%   113 1445s
 47037 21001  463.67881   48  151  428.00000  532.01782  24.3%   113 1452s
 47133 21025  442.20431   61  139  428.00000  531.88571  24.3%   113 1455s
 47387 21145  448.66472   54  146  428.00000  531.71722  24.2%   113 1460s
 47618 21258  465.21962   38  125  428.00000  531.55007  24.2%   113 1465s
 47897 21383  439.29926   46  143  428.00000  531.17294  24.1%   113 1470s
 48204 21525  435.41143   77  137  428.00000  530.97520  24.1%   112 1475s
 48514 21655     cutoff   45       428.00000  530.79090  24.0%   112 1480s
 48940 21832  448.55219   49  131  428.00000  530.26402  23.9%   112 1485s
 49415 22036  502.79296   38  161  428.00000  529.71929  23.8%   112 1490s
 49711 22182  502.46882   29  147  428.00000  529.50574  23.7%   112 1495s
 49987 22316  431.13615   72  146  428.00000  529.38856  23.7%   112 1500s
 50253 22438  498.63418   45  165  428.00000  529.20535  23.6%   112 1505s
 50508 22568  436.03728   34  145  428.00000  529.02765  23.6%   112 1510s
 50743 22692  469.36158   50  170  428.00000  528.89200  23.6%   112 1515s
 51031 22824  431.61469   69  129  428.00000  528.64060  23.5%   112 1520s
 51322 22942  474.51627   37  153  428.00000  528.36308  23.4%   112 1525s
 51600 23052  506.42314   52  163  428.00000  528.06752  23.4%   112 1530s
 51871 23138  452.13530   43  143  428.00000  527.81416  23.3%   112 1535s
 52197 23287  504.06358   49  158  428.00000  527.54315  23.3%   112 1540s
 52383 23395  468.55631   44  162  428.00000  527.47490  23.2%   112 1545s
 52528 23455  436.33525   79  147  428.00000  527.34314  23.2%   112 1550s
 52947 23655  459.87909   30  148  428.00000  527.06928  23.1%   111 1555s
 53434 23862  487.56039   42  135  428.00000  526.78757  23.1%   111 1560s
 53744 23997  449.09332   44  134  428.00000  526.55365  23.0%   111 1565s
 54021 24114  480.45298   33  155  428.00000  526.36724  23.0%   111 1570s
 54268 24229  477.64683   40  144  428.00000  526.19068  22.9%   111 1575s
 54465 24331  477.23480   56  159  428.00000  525.96710  22.9%   111 1580s
 54780 24493  469.51106   44  151  428.00000  525.68645  22.8%   111 1585s
 54892 24539  442.99402   41  135  428.00000  525.58596  22.8%   111 1590s
 55172 24635     cutoff   48       428.00000  525.44006  22.8%   111 1595s
 55440 24735  485.31292   43  155  428.00000  525.22180  22.7%   111 1600s
 55725 24862  482.03910   32  154  428.00000  525.10001  22.7%   111 1605s
 56136 25064  486.18143   41  152  428.00000  524.90554  22.6%   111 1610s
 56391 25181  473.53898   35  140  428.00000  524.72049  22.6%   111 1615s
 56674 25292  444.86090   38  134  428.00000  524.57926  22.6%   111 1620s
 56899 25377  466.06171   57  149  428.00000  524.33984  22.5%   111 1625s
 57202 25503  453.35186   40  139  428.00000  524.17934  22.5%   111 1630s
 57454 25573  458.28306   57  151  428.00000  524.03344  22.4%   111 1635s
 57717 25718  441.53346   41  139  428.00000  523.89330  22.4%   111 1640s
 58101 25914  452.45013   68  144  428.00000  523.72403  22.4%   111 1645s
 58381 26065  441.43128   51  142  428.00000  523.52897  22.3%   111 1650s
 58826 26263  475.00360   32  149  428.00000  523.31886  22.3%   110 1655s
 59157 26409  468.45560   31  157  428.00000  522.98598  22.2%   110 1660s
 59433 26519  473.08251   50  156  428.00000  522.80754  22.2%   110 1665s
 59690 26655  454.44770   40  134  428.00000  522.65834  22.1%   110 1670s
 59956 26774  470.26383   44  153  428.00000  522.42336  22.1%   110 1675s
 59972 26782  471.76954   34  160  428.00000  522.40425  22.1%   110 1683s
 60061 26798  450.37650   52  155  428.00000  522.34882  22.0%   110 1685s
 60439 26941  478.13789   41  150  428.00000  522.03256  22.0%   110 1690s
 60795 27109     cutoff   59       428.00000  521.83456  21.9%   110 1695s
 61045 27200  432.98469   53  124  428.00000  521.67224  21.9%   110 1700s
 61302 27329  441.62681   66  143  428.00000  521.48414  21.8%   110 1705s
 61452 27402  460.93217   62  138  428.00000  521.44222  21.8%   110 1713s
 61540 27416  479.59237   34  155  428.00000  521.41940  21.8%   110 1715s
 61774 27501 infeasible   45       428.00000  521.32571  21.8%   110 1720s
 61977 27602     cutoff   57       428.00000  521.18196  21.8%   110 1725s
 62204 27690     cutoff   51       428.00000  521.03391  21.7%   110 1730s
 62439 27776  468.48641   53  168  428.00000  520.91105  21.7%   110 1735s
 62686 27872  479.53363   32  151  428.00000  520.79985  21.7%   110 1740s
 63038 28026  474.71990   48  151  428.00000  520.61006  21.6%   110 1745s
 63239 28082  438.03057   61  148  428.00000  520.50126  21.6%   110 1750s
 63466 28167  450.16677   48  154  428.00000  520.38108  21.6%   110 1755s
 63653 28253  439.18306   64  140  428.00000  520.23511  21.6%   110 1760s
 63885 28360  449.38994   54  142  428.00000  520.10622  21.5%   110 1765s
 64130 28472  436.69631   45  152  428.00000  519.97931  21.5%   110 1770s
 64469 28600  433.86748   68  141  428.00000  519.85849  21.5%   110 1775s
 64753 28714  463.17985   59  144  428.00000  519.66093  21.4%   110 1780s
 65133 28874     cutoff   71       428.00000  519.49173  21.4%   110 1785s
 65441 28987  469.21328   41  158  428.00000  519.30361  21.3%   110 1790s
 65530 29028  439.07644   51  141  428.00000  519.27810  21.3%   110 1800s

Cutting planes:
  Gomory: 43
  MIR: 4
  Flow cover: 18

Explored 65531 nodes (7187562 simplex iterations) in 1800.03 seconds (725.47 work units)
Thread count was 1 (of 12 available processors)

Solution count 10: 428 425 369 ... 128

Time limit reached
Best objective 4.280000000000e+02, best bound 5.190000000000e+02, gap 21.2617%
