
Gurobi 12.0.2 (linux64, C++) logging started Thu Jun 19 08:00:19 2025

Set parameter LogFile to value "log/instances/scenario2/correlated_sc2/300/kpfs_5.txt.log"

Gurobi 12.0.2 (linux64, C++) logging started Thu Jun 19 08:01:42 2025

Set parameter LogFile to value "log/instances/scenario2/correlated_sc2/300/kpfs_5.txt.log"

Gurobi 12.0.2 (linux64, C++) logging started Thu Jun 19 08:02:53 2025

Set parameter LogFile to value "log/instances/scenario2/correlated_sc2/300/kpfs_5.txt.log"

Gurobi 12.0.2 (linux64, C++) logging started Thu Jun 19 08:03:57 2025

Set parameter LogFile to value "log/instances/scenario2/correlated_sc2/300/kpfs_5.txt.log"

Gurobi 12.0.2 (linux64, C++) logging started Thu Jun 19 15:07:21 2025

Set parameter WLSAccessID
Set parameter WLSSecret
Set parameter LicenseID to value 2679381
Set parameter LogFile to value "log/instances/scenario2/correlated_sc2/300/kpfs_5.txt.log"
Academic license 2679381 - for non-commercial use only - registered to be___@poli.ufrj.br
Set parameter TimeLimit to value 1800
Set parameter Threads to value 1
Gurobi Optimizer version 12.0.2 build v12.0.2rc0 (linux64 - "Ubuntu 24.04.1 LTS")

CPU model: 13th Gen Intel(R) Core(TM) i7-1355U, instruction set [SSE2|AVX|AVX2]
Thread count: 6 physical cores, 12 logical processors, using up to 1 threads

Non-default parameters:
TimeLimit  1800
Threads  1

Academic license 2679381 - for non-commercial use only - registered to be___@poli.ufrj.br
Optimize a model with 902 rows, 1200 columns and 9696 nonzeros
Model fingerprint: 0x47a9df10
Variable types: 0 continuous, 1200 integer (300 binary)
Coefficient statistics:
  Matrix range     [1e+00, 3e+01]
  Objective range  [1e+00, 4e+01]
  Bounds range     [1e+00, 1e+01]
  RHS range        [1e+00, 5e+02]
Found heuristic solution: objective 143.0000000
Presolve removed 0 rows and 8 columns
Presolve time: 0.07s
Presolved: 902 rows, 1192 columns, 9680 nonzeros
Variable types: 0 continuous, 1192 integer (358 binary)

Root relaxation: objective 7.028760e+02, 1633 iterations, 0.34 seconds (0.23 work units)

    Nodes    |    Current Node    |     Objective Bounds      |     Work
 Expl Unexpl |  Obj  Depth IntInf | Incumbent    BestBd   Gap | It/Node Time

     0     0  702.87601    0  208  143.00000  702.87601   392%     -    0s
H    0     0                     163.0000000  702.87601   331%     -    0s
H    0     0                     176.0000000  702.87601   299%     -    0s
H    0     0                     212.0000000  702.87601   232%     -    0s
H    0     0                     318.0000000  702.87601   121%     -    0s
H    0     0                     320.0000000  702.87601   120%     -    0s
H    0     0                     343.0000000  702.87601   105%     -    0s
H    0     0                     349.0000000  702.87601   101%     -    0s
H    0     0                     357.0000000  702.87601  96.9%     -    0s
H    0     0                     409.0000000  702.87601  71.9%     -    0s
     0     0  702.23145    0  207  409.00000  702.23145  71.7%     -    1s
H    0     0                     415.0000000  702.22028  69.2%     -    1s
H    0     0                     418.0000000  702.22028  68.0%     -    2s
     0     0  702.08840    0  212  418.00000  702.08840  68.0%     -    2s
     0     0  702.07315    0  213  418.00000  702.07315  68.0%     -    2s
     0     0  701.75269    0  214  418.00000  701.75269  67.9%     -    2s
     0     0  701.74666    0  214  418.00000  701.74666  67.9%     -    2s
     0     0  701.74471    0  216  418.00000  701.74471  67.9%     -    2s
     0     0  701.62505    0  215  418.00000  701.62505  67.9%     -    2s
     0     0  701.62119    0  211  418.00000  701.62119  67.9%     -    3s
     0     0  701.62081    0  212  418.00000  701.62081  67.9%     -    3s
     0     0  701.53743    0  212  418.00000  701.53743  67.8%     -    3s
     0     0  701.52965    0  213  418.00000  701.52965  67.8%     -    3s
     0     0  701.52965    0  213  418.00000  701.52965  67.8%     -    3s
     0     0  701.51663    0  213  418.00000  701.51663  67.8%     -    4s
     0     0  701.51292    0  212  418.00000  701.51292  67.8%     -    4s
     0     0  701.51271    0  212  418.00000  701.51271  67.8%     -    4s
     0     0  701.51264    0  212  418.00000  701.51264  67.8%     -    4s
     0     2  701.50730    0  212  418.00000  701.50730  67.8%     -    5s
    59    61  621.30110   51  170  418.00000  699.89716  67.4%   209   10s
H  130   130                     419.0000000  699.89716  67.0%   160   12s
H  130   130                     435.0000000  699.89716  60.9%   160   12s
   246   235  570.12655   17  162  435.00000  698.59674  60.6%   128   15s
   451   424  506.87668   70  130  435.00000  696.75272  60.2%   111   20s
   543   493  624.30211   10  212  435.00000  696.14739  60.0%   101   26s
   547   496  561.07925   38  208  435.00000  696.14739  60.0%   100   32s
   561   507  632.85204   18  188  435.00000  689.48936  58.5%   112   35s
   594   529  665.86540   35  180  435.00000  673.06001  54.7%   128   40s
   634   556  631.00164   55  169  435.00000  673.06001  54.7%   141   45s
   672   581  590.12903   74  165  435.00000  673.06001  54.7%   151   50s
   713   608  509.15695   94  148  435.00000  673.06001  54.7%   157   55s
   763   625  438.78528  119  119  435.00000  673.06001  54.7%   162   60s
   822   619  654.16080   19  182  435.00000  667.45641  53.4%   160   65s
   849   637  594.27243   32  158  435.00000  667.45641  53.4%   165   70s
   952   704  493.47443   84  151  435.00000  667.45641  53.4%   175   75s
  1069   720  483.36503   33  137  435.00000  654.08240  50.4%   173   80s
  1200   753  535.03847   38  152  435.00000  653.68006  50.3%   172   85s
  1351   792  593.77997   17  163  435.00000  648.29208  49.0%   172   90s
  1483   831  560.47490   28  168  435.00000  648.18920  49.0%   172   95s
  1521   856  481.19236   47  149  435.00000  648.18920  49.0%   174  100s
  1653   883  526.65664   26  161  435.00000  637.20672  46.5%   173  105s
  1756   892  607.78006   26  188  435.00000  636.69325  46.4%   172  111s
  1809   927  479.72920   52  147  435.00000  636.69325  46.4%   174  115s
  1940   943  551.56948   27  173  435.00000  635.94309  46.2%   174  120s
H 1975   931                     438.0000000  635.94309  45.2%   172  122s
H 1975   927                     439.0000000  635.94309  44.9%   172  125s
  2253  1158  580.20564   36  172  439.00000  633.60494  44.3%   162  130s
  2583  1434  443.04577   56  135  439.00000  632.08514  44.0%   153  135s
  2991  1725  588.18332   20  160  439.00000  628.41225  43.1%   146  140s
  3336  2001  443.80653   80  122  439.00000  626.50752  42.7%   139  145s
  3704  2239  511.07487   62  144  439.00000  624.35903  42.2%   136  150s
  4040  2503  484.71091   65  138  439.00000  620.83912  41.4%   131  155s
  4291  2693  527.35906   43  150  439.00000  619.55082  41.1%   128  160s
  4519  2880  445.36037   59  118  439.00000  619.22808  41.1%   128  165s
  4616  2921  458.04665   53  138  439.00000  618.83424  41.0%   127  170s
  4984  3187  570.66298   19  172  439.00000  615.71747  40.3%   123  175s
  5191  3343  594.04588   31  191  439.00000  615.01842  40.1%   121  185s
  5461  3535     cutoff  111       439.00000  614.86489  40.1%   120  190s
H 5779  3732                     442.0000000  612.29455  38.5%   118  197s
  5881  3805  562.96277   29  167  442.00000  611.98590  38.5%   117  200s
  6091  3969  444.98082   52  137  442.00000  611.47259  38.3%   117  205s
  6424  4190  461.32925   59  148  442.00000  610.45963  38.1%   115  210s
  6784  4439  527.87635   20  155  442.00000  608.92427  37.8%   113  215s
  7225  4742  558.42174   41  169  442.00000  607.52421  37.4%   112  220s
  7495  4920  588.25911   32  171  442.00000  605.89792  37.1%   111  225s
  7689  5070  560.21975   27  165  442.00000  605.61988  37.0%   110  230s
  7834  5162  572.65760   50  179  442.00000  604.96157  36.9%   110  235s
  8025  5326  496.68060   35  148  442.00000  604.70354  36.8%   109  240s
  8272  5490  447.25774   30  126  442.00000  604.16942  36.7%   108  245s
  8443  5580  556.78453   26  171  442.00000  603.34570  36.5%   108  250s
  8664  5722  554.88874   47  161  442.00000  601.90225  36.2%   107  255s
  9013  5982  507.17811   20  135  442.00000  601.00866  36.0%   106  260s
  9189  6082  503.99180   37  167  442.00000  600.39692  35.8%   106  265s
  9465  6296  514.85973   26  151  442.00000  599.80020  35.7%   105  270s
  9860  6567  453.60123   80  145  442.00000  599.32283  35.6%   104  275s
*10123  6686              23     443.0000000  598.14448  35.0%   103  279s
 10159  6696  531.26087   35  153  443.00000  598.09851  35.0%   103  280s
H10202  6111                     454.0000000  598.07521  31.7%   103  353s
 10203  6112  481.80662   30  212  454.00000  598.07521  31.7%   103  367s
 10206  6114  526.30771   30  211  454.00000  598.07521  31.7%   103  371s
 10220  6123  461.47976   58  213  454.00000  598.07521  31.7%   103  375s
 10226  6127  542.79326   38  215  454.00000  598.07521  31.7%   103  381s
 10230  6130  470.51910   64  211  454.00000  598.07521  31.7%   103  385s
 10234  6133  540.37321   39  220  454.00000  598.07521  31.7%   103  390s
 10240  6137  482.34662   62  213  454.00000  598.07521  31.7%   103  397s
 10244  6139  483.97873   45  220  454.00000  598.07521  31.7%   103  401s
 10246  6141  517.95325   40  217  454.00000  598.07521  31.7%   103  405s
 10252  6145  460.73957   45  218  454.00000  598.07521  31.7%   103  410s
 10261  6151  471.53119   53  223  454.00000  598.07521  31.7%   103  415s
 10269  6156  495.09553   70  223  454.00000  598.07521  31.7%   103  421s
 10274  6159  553.66639   26  227  454.00000  598.07521  31.7%   103  425s
 10281  6164  505.59771   44  225  454.00000  598.07521  31.7%   102  430s
 10285  6167  483.32278   65  228  454.00000  598.07521  31.7%   102  435s
 10289  6169  505.33925   40  222  454.00000  598.07521  31.7%   102  441s
 10293  6172  527.90369   21  228  454.00000  598.07521  31.7%   102  446s
 10297  6175  456.75258   54  225  454.00000  598.07521  31.7%   102  450s
 10298  6175  486.91012   40  227  454.00000  598.07521  31.7%   102  456s
 10300  6177  523.20122   36  224  454.00000  598.07521  31.7%   102  461s
 10303  6179  481.80662   30  227  454.00000  598.07521  31.7%   102  465s
 10309  6183  535.31289   41  225  454.00000  598.07521  31.7%   102  470s
 10312  6185  526.30771   30  224  454.00000  598.07521  31.7%   102  475s
 10316  6187  496.26765   30  223  454.00000  598.07521  31.7%   102  480s
 10327  6195  544.08334   39  228  454.00000  598.07521  31.7%   102  487s
 10328  6197  598.07521   23  212  454.00000  598.07521  31.7%   103  504s
 10332  6200  598.07521   25  202  454.00000  598.07521  31.7%   103  505s
 10353  6214  598.07521   35  184  454.00000  598.07521  31.7%   103  510s
 10382  6233  598.07521   50  188  454.00000  598.07521  31.7%   104  515s
 10406  6249  591.43215   62  178  454.00000  598.07521  31.7%   105  520s
 10431  6266  496.82186   74  155  454.00000  598.07521  31.7%   105  525s
 10459  6281  498.54484   88  157  454.00000  598.07521  31.7%   106  530s
 10488  6290  509.89017  103  156  454.00000  598.07521  31.7%   107  535s
 10536  6280  463.30352  127  146  454.00000  598.07521  31.7%   107  541s
 10566  6292  562.69410   36  181  454.00000  598.07521  31.7%   108  545s
 10612  6323  504.94183   59  158  454.00000  598.07521  31.7%   109  550s
 10675  6343  486.75003   91  147  454.00000  598.07521  31.7%   111  555s
H10701  6016                     459.0000000  598.07521  30.3%   111  558s
H10701  5715                     464.0000000  598.07521  28.9%   111  558s
 10730  5734  542.96003   38  159  464.00000  598.07521  28.9%   111  560s
 10837  5771  518.05027   41  148  464.00000  598.07521  28.9%   113  565s
 10914  5775  570.94101   31  173  464.00000  598.07521  28.9%   114  570s
 10939  5792  593.45625   44  176  464.00000  598.07521  28.9%   115  575s
 10972  5814  491.69179   60  152  464.00000  598.07521  28.9%   115  580s
 11020  5818     cutoff   84       464.00000  598.07521  28.9%   116  585s
 11100  5828  503.73824   47  160  464.00000  598.07521  28.9%   117  590s
 11165  5835  548.48679   40  166  464.00000  598.07521  28.9%   118  595s
 11210  5862  525.03145   63  164  464.00000  598.07521  28.9%   119  600s
 11302  5868  508.74946   43  134  464.00000  598.07521  28.9%   120  605s
 11372  5864  598.07521   31  181  464.00000  598.07521  28.9%   120  610s
 11465  5912  582.09176   47  172  464.00000  598.07521  28.9%   120  615s
 11599  5975  471.52081   84  128  464.00000  598.07521  28.9%   120  620s
 11805  6067  472.61833   86  128  464.00000  598.07521  28.9%   120  625s
 11934  6128  485.23953   83  140  464.00000  598.07521  28.9%   120  630s
 12066  6187  535.43149   51  147  464.00000  598.07521  28.9%   121  635s
 12171  6187  570.09059   35  169  464.00000  598.07521  28.9%   121  640s
 12262  6226  505.05214   61  149  464.00000  598.07521  28.9%   121  645s
 12472  6298  516.28529   33  154  464.00000  598.07521  28.9%   121  650s
 12693  6385  468.84708   47  142  464.00000  598.07521  28.9%   121  655s
 12867  6454  536.52239   52  158  464.00000  598.07521  28.9%   121  660s
 12939  6484     cutoff   88       464.00000  598.07521  28.9%   122  665s
 13121  6529  497.82176   41  147  464.00000  598.07521  28.9%   122  670s
 13327  6620  500.71243   59  132  464.00000  598.07521  28.9%   122  675s
 13468  6675  472.65289   46  132  464.00000  598.07521  28.9%   122  680s
 13656  6733     cutoff   43       464.00000  598.07521  28.9%   122  685s
 13771  6762  565.43300   36  177  464.00000  598.07521  28.9%   122  690s
 14121  6877  469.64603   40  156  464.00000  598.07521  28.9%   121  695s
 14523  6980  578.27595   34  175  464.00000  598.07521  28.9%   121  700s
 14776  7078  537.09670   38  153  464.00000  598.07521  28.9%   120  705s
 14975  7157  521.38968   69  164  464.00000  598.07521  28.9%   120  711s
 15041  7187  518.47911   56  160  464.00000  598.07521  28.9%   121  715s
 15221  7208  552.20621   31  154  464.00000  598.07521  28.9%   121  720s
 15419  7253  597.04748   30  163  464.00000  598.07521  28.9%   121  725s
 15634  7335  523.08350   49  153  464.00000  598.07521  28.9%   120  730s
 15838  7383  494.36061   38  145  464.00000  598.07521  28.9%   120  735s
 16089  7470  548.73174   32  161  464.00000  598.07521  28.9%   120  740s
 16249  7522  489.24427   43  137  464.00000  598.07521  28.9%   120  745s
 16471  7580  548.48416   37  176  464.00000  598.07521  28.9%   119  750s
 16707  7658  498.25353   68  162  464.00000  598.07521  28.9%   119  755s
 17051  7764  573.13659   36  161  464.00000  598.07521  28.9%   119  760s
 17441  7894  553.93394   31  147  464.00000  598.07521  28.9%   118  765s
 17566  7919  542.83372   36  163  464.00000  598.07521  28.9%   118  777s
 17598  7926  480.46435   52  145  464.00000  598.07521  28.9%   118  780s
 17866  8003  536.17705   42  149  464.00000  598.07521  28.9%   118  785s
 18108  8080  484.71776   42  120  464.00000  598.07521  28.9%   118  790s
 18324  8135  481.81996   41  148  464.00000  598.07521  28.9%   118  795s
 18589  8240  471.75171   64  147  464.00000  598.07521  28.9%   117  800s
 18841  8305  532.06830   45  166  464.00000  598.07521  28.9%   117  805s
 19042  8374  503.11646   57  156  464.00000  598.07521  28.9%   117  810s
 19199  8400  487.02731   50  151  464.00000  597.99950  28.9%   117  815s
 19434  8470     cutoff   56       464.00000  597.59745  28.8%   117  820s
 19669  8518  497.37625   48  160  464.00000  597.11481  28.7%   116  826s
 19817  8566  481.47325   77  136  464.00000  596.13080  28.5%   116  830s
 20042  8631  546.69609   46  173  464.00000  595.78857  28.4%   116  835s
 20254  8713  486.86587   35  132  464.00000  595.29824  28.3%   116  840s
 20455  8752  506.15419   39  154  464.00000  594.87716  28.2%   115  845s
 20585  8786  556.24518   39  154  464.00000  594.43438  28.1%   115  850s
 20795  8882  469.84319   66  123  464.00000  594.19876  28.1%   115  855s
 21032  8972  476.80618   78  138  464.00000  593.48188  27.9%   115  860s
 21370  9053  544.48212   36  157  464.00000  592.48285  27.7%   114  865s
 21775  9145  471.52882   58  127  464.00000  591.45250  27.5%   114  870s
 22292  9290  494.79917   44  135  464.00000  590.36605  27.2%   114  875s
 22612  9376  510.66514   50  149  464.00000  589.77518  27.1%   114  880s
 22781  9405  541.15739   41  168  464.00000  589.37276  27.0%   114  885s
 23061  9483  482.08867   36  117  464.00000  588.45298  26.8%   114  890s
 23070  9481  543.25508   39  163  464.00000  588.43032  26.8%   114  895s
 23348  9533     cutoff   47       464.00000  587.89980  26.7%   114  900s
 23662  9595  542.90101   32  163  464.00000  587.26893  26.6%   113  905s
 23965  9650  515.60798   45  147  464.00000  586.22434  26.3%   113  910s
 24199  9710  521.45171   44  161  464.00000  586.03267  26.3%   113  916s
 24445  9778  516.90269   48  160  464.00000  585.33292  26.1%   113  920s
 24760  9839  502.91958   40  141  464.00000  584.60045  26.0%   113  925s
 25196  9956  519.63523   37  150  464.00000  583.93298  25.8%   112  930s
 25489 10027  530.86590   43  164  464.00000  583.64181  25.8%   112  935s
 25722 10084  526.28001   47  166  464.00000  582.60665  25.6%   112  940s
 25919 10117  519.10665   48  145  464.00000  582.15549  25.5%   112  945s
 26097 10174  509.88529   41  155  464.00000  582.01356  25.4%   112  950s
 26338 10238  502.12077   47  142  464.00000  581.77404  25.4%   112  955s
 26550 10299  492.71209   99  142  464.00000  581.54572  25.3%   112  963s
 26690 10316  527.73964   49  153  464.00000  581.13950  25.2%   112  965s
 27155 10455  495.12884   63  147  464.00000  580.60677  25.1%   111  970s
 27484 10666  515.61611   40  150  464.00000  579.84177  25.0%   111  975s
 27763 10813  531.02830   38  159  464.00000  579.54807  24.9%   111  980s
 27936 10921  534.90603   41  166  464.00000  579.15696  24.8%   111  985s
 28189 11060  572.49106   32  163  464.00000  578.77003  24.7%   111  990s
 28484 11248  525.53619   41  165  464.00000  578.30700  24.6%   110  995s
 28724 11377  483.19016   60  148  464.00000  578.02101  24.6%   110 1000s
 28932 11498  538.10506   38  155  464.00000  577.80024  24.5%   110 1005s
 29162 11610  504.17369   53  148  464.00000  577.31193  24.4%   110 1010s
 29515 11812  466.50631   46  129  464.00000  576.79992  24.3%   110 1015s
 29763 11962  468.96565   41  137  464.00000  576.64754  24.3%   110 1020s
 30079 12143  482.39472   47  137  464.00000  576.23520  24.2%   110 1025s
 30314 12248  501.93916   41  154  464.00000  575.96103  24.1%   110 1030s
 30576 12375  535.74913   37  157  464.00000  575.25404  24.0%   110 1035s
 30813 12513     cutoff   56       464.00000  574.89582  23.9%   109 1040s
 31048 12609  528.90817   32  152  464.00000  574.69794  23.9%   109 1045s
 31254 12707  473.67453   37  138  464.00000  574.51717  23.8%   109 1050s
 31440 12802  563.11413   32  165  464.00000  574.26623  23.8%   109 1055s
 31698 12952  529.58571   39  148  464.00000  573.92480  23.7%   109 1060s
 31872 13050  467.02772   55  140  464.00000  573.57794  23.6%   109 1065s
 32088 13178  476.60421   56  152  464.00000  573.43047  23.6%   109 1070s
 32302 13299  481.02760   47  132  464.00000  573.02491  23.5%   109 1075s
 32495 13398  471.61087   68  137  464.00000  572.89900  23.5%   109 1080s
 32723 13539  480.23988   66  141  464.00000  572.68463  23.4%   109 1086s
 32911 13619  491.23397   48  134  464.00000  572.45279  23.4%   109 1090s
 33238 13817  524.87314   31  176  464.00000  572.21508  23.3%   108 1095s
 33453 13913  506.69912   31  130  464.00000  571.88100  23.3%   108 1100s
 33672 14031  511.16169   58  164  464.00000  571.50324  23.2%   108 1105s
 33850 14122  468.25000   48  126  464.00000  571.37418  23.1%   108 1110s
 34068 14239  480.48443   39  140  464.00000  571.21441  23.1%   108 1115s
 34216 14291  492.10847   45  153  464.00000  570.84511  23.0%   108 1120s
 34414 14400  490.69939   43  137  464.00000  570.70864  23.0%   108 1126s
 34836 14630     cutoff   46       464.00000  570.32818  22.9%   108 1130s
 35277 14837  511.35520   43  151  464.00000  569.86060  22.8%   108 1135s
 35668 15043  478.46359   51  129  464.00000  569.46146  22.7%   107 1140s
 36089 15242  485.45695   50  142  464.00000  569.06792  22.6%   107 1145s
 36375 15384  478.23181   59  149  464.00000  568.75094  22.6%   107 1150s
 36586 15463  506.49001   45  154  464.00000  568.45866  22.5%   107 1155s
 36862 15575  536.94585   40  160  464.00000  568.02446  22.4%   107 1160s
 37195 15742     cutoff   47       464.00000  567.65802  22.3%   107 1165s
 37528 15933     cutoff   62       464.00000  567.33262  22.3%   107 1170s
 37845 16102  485.47749   37  134  464.00000  566.95434  22.2%   107 1175s
 38169 16266  466.89530   60  136  464.00000  566.58493  22.1%   107 1180s
 38545 16477  487.77275   69  150  464.00000  566.26288  22.0%   106 1185s
 38775 16583     cutoff   43       464.00000  566.03475  22.0%   106 1190s
 39129 16749  501.71426   39  145  464.00000  565.63269  21.9%   106 1195s
 39528 16963  559.72046   33  161  464.00000  565.33910  21.8%   106 1200s
 39851 17120  491.03779   39  144  464.00000  565.18433  21.8%   106 1205s
 40190 17289  482.38689   76  141  464.00000  564.82488  21.7%   106 1210s
 40503 17443  502.57817   44  149  464.00000  564.65946  21.7%   106 1215s
 40950 17693  497.98673   45  148  464.00000  564.32169  21.6%   106 1220s
 41260 17853  520.60020   47  155  464.00000  564.05632  21.6%   105 1225s
 41556 17959  528.04081   34  163  464.00000  563.84124  21.5%   105 1230s
 41860 18103  476.36253   40  150  464.00000  563.60929  21.5%   105 1235s
 42279 18266  510.03858   35  146  464.00000  563.31304  21.4%   105 1240s
 42830 18549     cutoff   51       464.00000  562.85019  21.3%   105 1245s
 43298 18763  491.01044   55  155  464.00000  562.60272  21.3%   105 1250s
 43635 18947  498.41787   44  161  464.00000  562.29635  21.2%   105 1255s
 43916 19119  520.16756   40  163  464.00000  562.06229  21.1%   105 1260s
 44294 19306  525.84192   37  167  464.00000  561.77578  21.1%   105 1265s
 44644 19470     cutoff   54       464.00000  561.64414  21.0%   105 1270s
 44985 19660  470.73659   52  155  464.00000  561.41657  21.0%   104 1275s
 45227 19797  470.55888   53  161  464.00000  561.20017  20.9%   104 1281s
 45551 19947     cutoff   43       464.00000  560.96787  20.9%   104 1285s
 45809 20098  489.35090   65  138  464.00000  560.74829  20.9%   104 1290s
 46127 20242  528.69862   66  169  464.00000  560.49733  20.8%   104 1295s
 46529 20446  533.02672   62  148  464.00000  560.28834  20.8%   104 1300s
 46894 20635  521.67781   41  144  464.00000  560.06392  20.7%   104 1305s
 47385 20838  479.09462   52  149  464.00000  559.69147  20.6%   104 1310s
 47875 21065  480.47998   60  156  464.00000  559.46024  20.6%   104 1315s
 48165 21204  481.66975   39  145  464.00000  559.29936  20.5%   104 1320s
 48427 21320  484.74531   50  148  464.00000  559.10430  20.5%   104 1325s
 48823 21507     cutoff   66       464.00000  558.90760  20.5%   104 1330s
 49287 21737  551.83784   50  170  464.00000  558.57227  20.4%   103 1335s
 49654 21939  467.85488   50  146  464.00000  558.29499  20.3%   103 1340s
 49995 22097  487.30173   34  139  464.00000  558.08482  20.3%   103 1345s
 50400 22292  481.10912   47  134  464.00000  557.79903  20.2%   103 1350s
 50797 22469  512.47743   33  154  464.00000  557.50512  20.2%   103 1355s
 51050 22581  484.52884   53  140  464.00000  557.36409  20.1%   103 1360s
 51562 22759  496.27534   54  151  464.00000  557.05065  20.1%   103 1365s
 51961 22968  487.89161   42  141  464.00000  556.86243  20.0%   103 1370s
 52268 23064  477.40206   67  138  464.00000  556.51655  19.9%   103 1375s
 52649 23272  475.42754   63  133  464.00000  556.23790  19.9%   103 1380s
 53022 23442  465.98697   58  133  464.00000  556.03687  19.8%   103 1385s
 53297 23558     cutoff   58       464.00000  555.81005  19.8%   103 1390s
 53527 23656  511.54257   33  140  464.00000  555.67017  19.8%   103 1395s
 53802 23796  477.42931   54  147  464.00000  555.56921  19.7%   103 1400s
 54188 23943  481.44365   58  133  464.00000  555.35828  19.7%   103 1405s
 54671 24161  488.84666   57  155  464.00000  555.00153  19.6%   103 1412s
 54840 24215  476.55658   53  134  464.00000  554.88689  19.6%   103 1415s
 55057 24315  482.48930   49  153  464.00000  554.66861  19.5%   103 1420s
 55269 24389  512.06674   37  149  464.00000  554.49333  19.5%   102 1425s
 55559 24560  487.72557   49  143  464.00000  554.27580  19.5%   102 1430s
 55875 24716  544.74144   44  151  464.00000  554.10174  19.4%   102 1435s
 56176 24839  493.19087   49  143  464.00000  553.91537  19.4%   102 1440s
 56537 25013  530.68239   60  154  464.00000  553.77502  19.3%   102 1445s
 56843 25145  491.50862   50  138  464.00000  553.60334  19.3%   102 1450s
 57162 25259  471.53028   39  144  464.00000  553.47894  19.3%   102 1455s
 57398 25358  511.35334   52  151  464.00000  553.27433  19.2%   102 1460s
 57753 25537     cutoff   46       464.00000  553.06742  19.2%   102 1465s
 58258 25741  520.77569   38  142  464.00000  552.77602  19.1%   102 1470s
 58570 25867  479.36377   48  129  464.00000  552.59301  19.1%   102 1475s
 58850 25985  510.96580   40  158  464.00000  552.47052  19.1%   102 1480s
 59140 26092     cutoff   41       464.00000  552.22072  19.0%   102 1485s
 59448 26210  526.85460   40  143  464.00000  552.07521  19.0%   102 1490s
 59664 26346  506.32142   43  135  464.00000  551.93388  19.0%   101 1495s
 59978 26470  469.10091   61  137  464.00000  551.79379  18.9%   101 1500s
 60308 26585  482.19001   42  121  464.00000  551.59088  18.9%   101 1505s
 60619 26672  492.36522   36  140  464.00000  551.28064  18.8%   101 1510s
 60954 26822  500.65287   50  147  464.00000  550.98567  18.7%   101 1515s
 61214 26944  502.14194   44  143  464.00000  550.93376  18.7%   101 1520s
 61591 27082  487.73984   35  143  464.00000  550.69221  18.7%   101 1525s
 61955 27224  519.91530   39  147  464.00000  550.38574  18.6%   101 1530s
 62468 27414  483.33632   51  146  464.00000  550.00680  18.5%   101 1535s
 62961 27609     cutoff   44       464.00000  549.72081  18.5%   101 1540s
 63251 27694  512.71087   38  144  464.00000  549.57044  18.4%   101 1545s
 63563 27832  493.82645   46  166  464.00000  549.32788  18.4%   101 1550s
 63788 27931     cutoff   57       464.00000  549.19017  18.4%   101 1555s
 64084 28057  479.24218   33  141  464.00000  549.00109  18.3%   101 1561s
 64304 28138  500.55769   52  146  464.00000  548.77574  18.3%   101 1565s
 64625 28257     cutoff   55       464.00000  548.63379  18.2%   101 1570s
 64887 28379  468.51888   46  124  464.00000  548.51491  18.2%   101 1579s
 64919 28393  493.06588   37  133  464.00000  548.49985  18.2%   101 1580s
 65182 28470  469.51280   52  136  464.00000  548.40916  18.2%   101 1585s
 65451 28584  533.87904   38  160  464.00000  548.26822  18.2%   101 1590s
 65725 28733  513.20677   50  143  464.00000  548.18656  18.1%   101 1595s
 66005 28851  508.31368   49  151  464.00000  548.09440  18.1%   101 1600s
 66274 28954  466.69569   55  129  464.00000  547.90316  18.1%   101 1605s
 66625 29097     cutoff   40       464.00000  547.76862  18.1%   101 1610s
 67328 29367  508.23937   39  159  464.00000  547.33569  18.0%   100 1615s
 67880 29581     cutoff   39       464.00000  547.08471  17.9%   100 1620s
 68265 29737  496.54663   61  150  464.00000  546.81680  17.8%   100 1625s
 68479 29801  491.94260   41  147  464.00000  546.64683  17.8%   100 1630s
 68841 29945  475.65567   55  143  464.00000  546.45608  17.8%   100 1635s
 69268 30111  497.80966   43  167  464.00000  546.15970  17.7%   100 1640s
 69691 30329  478.25465   51  147  464.00000  546.00558  17.7%   100 1645s
 70067 30481  504.99885   38  154  464.00000  545.69688  17.6%   100 1650s
 70454 30625  491.10769   38  142  464.00000  545.47848  17.6%   100 1655s
 70917 30833  507.70173   35  120  464.00000  545.24899  17.5%   100 1660s
 71342 31020  506.46278   39  147  464.00000  545.09085  17.5%   100 1665s
 71721 31137  492.47131   49  139  464.00000  544.89049  17.4%   100 1670s
 72304 31350  505.30158   37  134  464.00000  544.63743  17.4%   100 1675s
 72722 31515  529.54288   38  154  464.00000  544.42742  17.3%   100 1680s
 73055 31629  497.29726   44  147  464.00000  544.21257  17.3%  99.5 1685s
 73381 31734     cutoff   63       464.00000  543.99577  17.2%  99.5 1690s
 73760 31882  470.60771   42  145  464.00000  543.76184  17.2%  99.4 1695s
 74036 32004  473.44062   43  137  464.00000  543.61404  17.2%  99.4 1700s
 74326 32144  484.45907   35  138  464.00000  543.48468  17.1%  99.4 1705s
 74672 32232  498.36016   48  145  464.00000  543.22216  17.1%  99.3 1710s
 74987 32349  494.17888   70  154  464.00000  543.05713  17.0%  99.3 1715s
 75269 32451     cutoff   54       464.00000  542.89797  17.0%  99.3 1720s
 75524 32549  518.12630   37  141  464.00000  542.78355  17.0%  99.2 1725s
 75757 32670     cutoff   62       464.00000  542.67593  17.0%  99.2 1731s
 75888 32695     cutoff   58       464.00000  542.60582  16.9%  99.2 1735s
 76339 32839     cutoff   57       464.00000  542.32914  16.9%  99.1 1740s
 76630 32940  469.13603   48  125  464.00000  542.12681  16.8%  99.1 1745s
 76882 33017  476.06318   47  153  464.00000  542.03984  16.8%  99.1 1750s
 77153 33107     cutoff   52       464.00000  541.91729  16.8%  99.1 1755s
 77480 33218  497.38654   43  135  464.00000  541.72554  16.8%  99.1 1760s
 77824 33351  502.43604   43  148  464.00000  541.62392  16.7%  99.0 1765s
 78226 33508  479.82542   73  137  464.00000  541.49359  16.7%  99.0 1770s
 78514 33612  469.75046   36  149  464.00000  541.34203  16.7%  99.0 1775s
 78768 33677  490.61615   38  140  464.00000  541.25550  16.6%  98.9 1780s
 79031 33769  509.11115   33  155  464.00000  541.13520  16.6%  98.9 1785s
 79306 33865  517.71249   34  140  464.00000  541.01917  16.6%  98.9 1790s
 79563 33976  500.32933   66  164  464.00000  540.89935  16.6%  98.8 1795s

Cutting planes:
  Gomory: 40
  MIR: 1
  Flow cover: 11
  Zero half: 1

Explored 79724 nodes (7879646 simplex iterations) in 1800.02 seconds (773.52 work units)
Thread count was 1 (of 12 available processors)

Solution count 10: 464 459 454 ... 418

Time limit reached
Best objective 4.640000000000e+02, best bound 5.400000000000e+02, gap 16.3793%
