
Gurobi 12.0.2 (linux64, C++) logging started Thu Jun 19 08:00:19 2025

Set parameter LogFile to value "log/instances/scenario3/fully_correlated_sc3/300/kpfs_7.txt.log"

Gurobi 12.0.2 (linux64, C++) logging started Thu Jun 19 08:01:42 2025

Set parameter LogFile to value "log/instances/scenario3/fully_correlated_sc3/300/kpfs_7.txt.log"

Gurobi 12.0.2 (linux64, C++) logging started Thu Jun 19 08:02:53 2025

Set parameter LogFile to value "log/instances/scenario3/fully_correlated_sc3/300/kpfs_7.txt.log"

Gurobi 12.0.2 (linux64, C++) logging started Thu Jun 19 08:03:57 2025

Set parameter LogFile to value "log/instances/scenario3/fully_correlated_sc3/300/kpfs_7.txt.log"

Gurobi 12.0.2 (linux64, C++) logging started Thu Jun 19 14:45:21 2025

Set parameter WLSAccessID
Set parameter WLSSecret
Set parameter LicenseID to value 2679381
Set parameter LogFile to value "log/instances/scenario3/fully_correlated_sc3/300/kpfs_7.txt.log"
Academic license 2679381 - for non-commercial use only - registered to be___@poli.ufrj.br
Set parameter TimeLimit to value 1800
Set parameter Threads to value 1
Gurobi Optimizer version 12.0.2 build v12.0.2rc0 (linux64 - "Ubuntu 24.04.1 LTS")

CPU model: 13th Gen Intel(R) Core(TM) i7-1355U, instruction set [SSE2|AVX|AVX2]
Thread count: 6 physical cores, 12 logical processors, using up to 1 threads

Non-default parameters:
TimeLimit  1800
Threads  1

Academic license 2679381 - for non-commercial use only - registered to be___@poli.ufrj.br
Optimize a model with 1502 rows, 1800 columns and 9296 nonzeros
Model fingerprint: 0x87407260
Variable types: 0 continuous, 1800 integer (300 binary)
Coefficient statistics:
  Matrix range     [1e+00, 3e+01]
  Objective range  [6e+00, 4e+01]
  Bounds range     [1e+00, 5e+00]
  RHS range        [1e+00, 5e+02]
Found heuristic solution: objective 785.0000000
Presolve removed 6 rows and 448 columns
Presolve time: 0.04s
Presolved: 1496 rows, 1352 columns, 8386 nonzeros
Variable types: 0 continuous, 1352 integer (300 binary)

Root relaxation: objective 1.008939e+03, 619 iterations, 0.07 seconds (0.04 work units)

    Nodes    |    Current Node    |     Objective Bounds      |     Work
 Expl Unexpl |  Obj  Depth IntInf | Incumbent    BestBd   Gap | It/Node Time

     0     0 1008.93942    0  166  785.00000 1008.93942  28.5%     -    0s
H    0     0                     791.0000000 1008.93942  27.6%     -    0s
H    0     0                     809.0000000 1008.93942  24.7%     -    0s
H    0     0                     831.0000000 1008.93942  21.4%     -    0s
H    0     0                     885.0000000 1008.93942  14.0%     -    0s
H    0     0                     891.0000000 1008.93942  13.2%     -    0s
H    0     0                     906.0000000 1008.93942  11.4%     -    0s
H    0     0                     931.0000000 1008.93942  8.37%     -    0s
     0     0 1007.64739    0  166  931.00000 1007.64739  8.23%     -    0s
H    0     0                     935.0000000 1007.64073  7.77%     -    0s
     0     0 1007.64073    0  167  935.00000 1007.64073  7.77%     -    0s
     0     0 1007.23785    0  163  935.00000 1007.23785  7.73%     -    1s
     0     0 1007.22727    0  164  935.00000 1007.22727  7.72%     -    1s
     0     0 1006.30200    0  169  935.00000 1006.30200  7.63%     -    1s
     0     0 1003.62388    0  171  935.00000 1003.62388  7.34%     -    1s
     0     0 1003.59650    0  171  935.00000 1003.59650  7.34%     -    1s
     0     0 1003.42710    0  166  935.00000 1003.42710  7.32%     -    1s
     0     0 1003.39442    0  168  935.00000 1003.39442  7.31%     -    1s
     0     0 1003.36575    0  167  935.00000 1003.36575  7.31%     -    1s
     0     0 1003.36575    0  167  935.00000 1003.36575  7.31%     -    1s
     0     0 1003.21369    0  171  935.00000 1003.21369  7.30%     -    1s
     0     0 1003.20036    0  173  935.00000 1003.20036  7.29%     -    1s
     0     0 1003.07034    0  170  935.00000 1003.07034  7.28%     -    1s
     0     0 1003.03294    0  175  935.00000 1003.03294  7.28%     -    1s
     0     0 1003.03105    0  175  935.00000 1003.03105  7.28%     -    1s
     0     0 1002.88108    0  172  935.00000 1002.88108  7.26%     -    1s
     0     0 1002.87320    0  174  935.00000 1002.87320  7.26%     -    2s
     0     0 1002.85835    0  172  935.00000 1002.85835  7.26%     -    2s
     0     0 1002.75693    0  169  935.00000 1002.75693  7.25%     -    2s
     0     0 1002.75091    0  164  935.00000 1002.75091  7.25%     -    2s
     0     0 1002.73176    0  167  935.00000 1002.73176  7.24%     -    2s
     0     0 1002.44511    0  166  935.00000 1002.44511  7.21%     -    2s
     0     0 1002.41409    0  170  935.00000 1002.41409  7.21%     -    2s
     0     0 1002.41409    0  173  935.00000 1002.41409  7.21%     -    2s
     0     0 1002.34166    0  169  935.00000 1002.34166  7.20%     -    2s
     0     0 1002.33857    0  169  935.00000 1002.33857  7.20%     -    2s
     0     0 1002.26466    0  173  935.00000 1002.26466  7.19%     -    2s
     0     0 1002.26351    0  172  935.00000 1002.26351  7.19%     -    2s
     0     0 1002.22250    0  169  935.00000 1002.22250  7.19%     -    2s
     0     0 1002.21131    0  172  935.00000 1002.21131  7.19%     -    2s
     0     0 1002.21131    0  171  935.00000 1002.21131  7.19%     -    2s
     0     2 1002.20887    0  171  935.00000 1002.20887  7.19%     -    2s
   188   180  937.89256  157  106  935.00000 1001.13281  7.07%  56.9    6s
   221   207  961.11913   31  118  935.00000 1001.03055  7.06%  59.6   10s
   550   489  938.73871   42  166  935.00000  999.51725  6.90%  60.0   15s
   566   500  944.47059   59  172  935.00000  999.46108  6.89%  58.4   20s
   643   553  956.19608   52  128  935.00000  996.66539  6.60%  71.1   25s
   777   608  960.36770   29  116  935.00000  996.60133  6.59%  74.9   30s
H  814   590                     939.0000000  996.60133  6.13%  76.1   31s
H  814   562                     940.0000000  996.60133  6.02%  76.1   31s
H  814   526                     945.0000000  996.60133  5.46%  76.1   31s
   947   569  994.84834   19  161  945.00000  995.19313  5.31%  80.4   35s
  1213   668  974.92060   28  135  945.00000  992.14081  4.99%  83.2   40s
  1539   800  954.18608   32  117  945.00000  988.82676  4.64%  82.2   45s
  1952   933  950.01921   28   87  945.00000  986.80047  4.42%  78.3   50s
  2375  1154  957.89418   24  106  945.00000  985.32073  4.27%  75.8   55s
  2656  1321  968.68764   26  130  945.00000  984.17986  4.15%  75.3   60s
  3325  1684  969.54673   30  129  945.00000  982.66283  3.99%  72.7   65s
  3882  1977  960.30584   31  112  945.00000  981.39354  3.85%  71.2   70s
  4763  2416  946.63880   38  121  945.00000  979.51468  3.65%  69.3   76s
  5085  2563  946.03849   33  110  945.00000  979.07505  3.61%  68.8   80s
  5610  2811  964.43739   20  131  945.00000  978.18896  3.51%  68.0   85s
  5954  2984  961.70964   34  137  945.00000  977.65495  3.46%  67.5   90s
  6316  3164  953.00054   39  125  945.00000  977.14605  3.40%  66.9   95s
  6668  3315  964.60086   28  143  945.00000  976.77515  3.36%  66.5  101s
  7097  3523  964.24446   23  123  945.00000  976.04077  3.28%  66.1  105s
  7625  3782  965.90315   26  123  945.00000  975.46430  3.22%  65.4  110s
  8112  3985  964.99310   25  126  945.00000  974.91958  3.17%  65.2  115s
  8736  4240  968.20327   27  136  945.00000  974.17061  3.09%  64.4  120s
  9310  4511  952.30670   31  115  945.00000  973.69916  3.04%  63.8  125s
  9690  4676  946.15385   32  110  945.00000  973.43110  3.01%  63.7  130s
 10202  4874  951.86667   38   98  945.00000  972.89250  2.95%  63.4  162s
 10717  5073  962.78722   27  127  945.00000  972.50005  2.91%  63.3  165s
 11380  5304     cutoff   39       945.00000  972.15208  2.87%  62.9  170s
 12066  5578  955.06752   30  122  945.00000  971.80923  2.84%  62.7  175s
 12448  5700  962.81232   25  115  945.00000  971.56879  2.81%  62.5  180s
 12962  5884  964.83380   28  138  945.00000  971.27437  2.78%  62.3  185s
 13256  5962  949.54814   28  130  945.00000  971.04134  2.76%  62.3  190s
 13624  6115  956.43602   31  136  945.00000  970.89154  2.74%  62.2  195s
 13876  6206  961.25820   28  123  945.00000  970.72242  2.72%  62.2  200s
 14180  6292  946.63333   37  113  945.00000  970.58531  2.71%  62.2  205s
 14532  6385  964.33455   29  138  945.00000  970.40543  2.69%  62.3  210s
 14888  6485  949.60851   35  125  945.00000  970.20665  2.67%  62.3  215s
 15323  6620  958.50802   26  129  945.00000  969.92363  2.64%  62.3  220s
 15794  6795  962.45068   24  128  945.00000  969.70085  2.61%  62.2  225s
 16138  6905  949.58600   31  132  945.00000  969.47146  2.59%  62.1  230s
 16615  7050  960.30069   27  133  945.00000  969.17907  2.56%  62.1  235s
 17310  7288  948.44828   33  120  945.00000  968.85157  2.52%  62.0  240s
 18210  7565  947.50543   33   97  945.00000  968.36580  2.47%  61.8  245s
 19050  7848  954.07019   27  133  945.00000  968.03838  2.44%  61.6  250s
 19669  8041  948.34529   37  121  945.00000  967.77610  2.41%  61.5  256s
 20044  8134  951.32970   27  101  945.00000  967.61067  2.39%  61.5  260s
 20391  8237  954.60576   23  125  945.00000  967.49455  2.38%  61.3  265s
 20938  8382  956.67578   35  127  945.00000  967.29133  2.36%  61.3  270s
 21492  8513  959.64276   27  116  945.00000  967.03434  2.33%  61.2  275s
 22050  8678  957.61189   21  121  945.00000  966.82441  2.31%  61.2  280s
 22645  8824     cutoff   29       945.00000  966.57446  2.28%  61.2  285s
 23280  8958  952.67000   33  132  945.00000  966.32211  2.26%  61.3  290s
 23894  9107  948.68421   27  127  945.00000  966.05495  2.23%  61.3  295s
 24230  9185  946.63371   30  110  945.00000  965.97049  2.22%  61.2  300s
 24916  9362  949.07223   27  108  945.00000  965.73095  2.19%  61.1  305s
 25523  9485  951.55278   32  130  945.00000  965.48329  2.17%  61.1  310s
 26153  9620  946.58305   38  119  945.00000  965.30570  2.15%  61.0  315s
 26776  9759  947.16655   37  111  945.00000  965.06857  2.12%  61.0  320s
 27533  9916  958.75157   22  130  945.00000  964.78090  2.09%  61.0  325s
 28176 10056  960.54164   32  121  945.00000  964.57155  2.07%  60.8  331s
 28585 10157  950.65457   41  134  945.00000  964.45875  2.06%  60.8  335s
 29341 10338  951.46842   33  129  945.00000  964.22163  2.03%  60.7  340s
 30195 10473  954.80447   34  132  945.00000  963.97305  2.01%  60.7  345s
 30840 10568  957.53247   28  111  945.00000  963.73775  1.98%  60.7  350s
 31445 10692  951.60962   32  130  945.00000  963.58641  1.97%  60.7  355s
 32074 10776     cutoff   35       945.00000  963.35070  1.94%  60.7  360s
 32469 10848  951.15036   34  106  945.00000  963.24993  1.93%  60.6  365s
 33018 10927  953.49137   27  122  945.00000  963.13141  1.92%  60.6  370s
 33564 11006     cutoff   30       945.00000  962.99338  1.90%  60.5  375s
 34542 11178  949.75703   30  121  945.00000  962.68889  1.87%  60.4  380s
 35559 11323  953.77058   29  127  945.00000  962.42553  1.84%  60.4  385s
 36277 11383  949.76339   35  108  945.00000  962.21558  1.82%  60.4  390s
 36951 11457     cutoff   26       945.00000  962.06522  1.81%  60.4  395s
 37368 11514  957.78678   26  113  945.00000  961.96736  1.80%  60.4  400s
 37944 11615  947.75528   37  117  945.00000  961.84242  1.78%  60.3  405s
 38403 11696  957.63346   38  136  945.00000  961.74968  1.77%  60.3  410s
 39090 11811  949.14288   36  121  945.00000  961.60761  1.76%  60.2  415s
 39723 11919  946.92757   32  132  945.00000  961.44497  1.74%  60.1  420s
 40220 11989  951.69660   31  123  945.00000  961.33370  1.73%  60.0  425s
 40634 12018     cutoff   33       945.00000  961.21876  1.72%  60.0  430s
 40944 12045  949.51646   30  100  945.00000  961.14887  1.71%  60.0  435s
 41383 12095  947.15385   43   93  945.00000  961.03443  1.70%  60.0  440s
 42138 12206     cutoff   31       945.00000  960.84879  1.68%  59.9  445s
 42760 12289  946.42316   28  108  945.00000  960.69510  1.66%  59.8  450s
 43154 12338  948.26339   29  128  945.00000  960.60443  1.65%  59.8  455s
 43591 12375  958.06091   27  136  945.00000  960.52832  1.64%  59.8  460s
 44018 12424  957.13325   26  126  945.00000  960.44818  1.63%  59.8  465s
 44292 12430  953.25709   27  116  945.00000  960.36491  1.63%  59.8  470s
 44758 12461  951.81900   27  118  945.00000  960.25444  1.61%  59.8  475s
 45225 12526  951.72950   31  107  945.00000  960.13314  1.60%  59.7  480s
 45428 12539  948.92873   23  118  945.00000  960.08969  1.60%  59.7  485s
 45982 12602     cutoff   53       945.00000  959.98599  1.59%  59.7  490s
 46552 12677  956.08372   31   96  945.00000  959.88462  1.58%  59.6  495s
 47018 12701     cutoff   44       945.00000  959.76970  1.56%  59.6  500s
 47485 12746     cutoff   42       945.00000  959.69065  1.55%  59.5  505s
 48115 12799  950.65706   34  112  945.00000  959.55705  1.54%  59.5  510s
 48687 12844  948.60584   28   94  945.00000  959.45563  1.53%  59.4  515s
 49159 12850  950.36808   34  120  945.00000  959.34724  1.52%  59.4  522s
 49482 12861     cutoff   35       945.00000  959.28910  1.51%  59.4  525s
 50050 12906     cutoff   27       945.00000  959.17929  1.50%  59.4  530s
 50372 12928  947.48292   28  111  945.00000  959.10322  1.49%  59.3  535s
 50782 12942  949.64270   36  120  945.00000  959.01795  1.48%  59.3  540s
 51248 12953  947.62594   26   93  945.00000  958.94347  1.48%  59.3  545s
 51885 13023  955.87108   33  105  945.00000  958.85730  1.47%  59.2  550s
 52437 13093  953.08825   32  120  945.00000  958.77976  1.46%  59.1  555s
 53019 13127  956.71390   35  125  945.00000  958.67611  1.45%  59.0  560s
 53591 13185     cutoff   37       945.00000  958.58601  1.44%  58.9  565s
 53924 13206  948.50674   44  101  945.00000  958.51441  1.43%  58.9  570s
 54438 13243  950.25854   33  103  945.00000  958.43516  1.42%  58.8  575s
 54984 13269  947.26280   29  126  945.00000  958.31981  1.41%  58.8  580s
 55505 13297  949.62578   35  100  945.00000  958.21150  1.40%  58.7  585s
 56075 13304  952.02571   38  102  945.00000  958.11373  1.39%  58.7  590s
 56860 13291     cutoff   29       945.00000  957.96909  1.37%  58.6  595s
 57408 13290     cutoff   33       945.00000  957.88153  1.36%  58.6  600s
 58199 13303     cutoff   36       945.00000  957.74843  1.35%  58.6  605s
 58855 13309  955.56117   31   88  945.00000  957.61146  1.33%  58.5  610s
 59512 13324  948.85682   25  123  945.00000  957.50367  1.32%  58.5  615s
 60184 13312  950.86688   31  109  945.00000  957.38481  1.31%  58.4  620s
 60879 13307  946.52894   45  138  945.00000  957.28766  1.30%  58.4  625s
 61569 13308     cutoff   45       945.00000  957.18328  1.29%  58.3  630s
 62089 13303  950.94349   31  118  945.00000  957.09549  1.28%  58.3  635s
 62591 13297  946.10053   34  108  945.00000  957.01278  1.27%  58.2  640s
 63005 13284  955.46243   32  115  945.00000  956.94388  1.26%  58.2  649s
 63048 13283  948.31962   26  120  945.00000  956.93625  1.26%  58.2  650s
 63644 13291     cutoff   31       945.00000  956.85185  1.25%  58.1  655s
 64218 13298  948.42672   30  125  945.00000  956.77304  1.25%  58.1  660s
 64903 13263  952.72864   26   80  945.00000  956.64465  1.23%  58.0  665s
 65510 13240  953.53515   30  132  945.00000  956.54430  1.22%  58.0  670s
 66349 13214  946.55023   33  107  945.00000  956.41547  1.21%  57.9  675s
 66900 13175  948.04491   30  121  945.00000  956.34952  1.20%  57.9  680s
 67487 13174  951.60035   36  118  945.00000  956.26560  1.19%  57.8  685s
 67848 13179     cutoff   31       945.00000  956.21770  1.19%  57.8  690s
 68375 13153  951.42866   27  122  945.00000  956.14367  1.18%  57.7  695s
 68903 13126  947.74040   35  116  945.00000  956.03611  1.17%  57.7  700s
 69345 13102     cutoff   32       945.00000  955.96851  1.16%  57.7  705s
 70223 13065     cutoff   33       945.00000  955.85398  1.15%  57.6  710s
 70872 13023  947.79861   30  119  945.00000  955.73645  1.14%  57.6  715s
 71263 13015  955.03293   34  123  945.00000  955.69218  1.13%  57.5  720s
 71918 12964     cutoff   39       945.00000  955.59814  1.12%  57.5  725s
 72588 12936  953.49919   31  134  945.00000  955.50585  1.11%  57.4  730s
 73420 12875  946.26767   31  117  945.00000  955.38890  1.10%  57.3  735s
 73912 12827     cutoff   33       945.00000  955.32236  1.09%  57.3  740s
 74728 12751  950.11497   35  127  945.00000  955.20867  1.08%  57.3  745s
 75536 12670  947.30677   31  131  945.00000  955.09651  1.07%  57.2  750s
 76111 12641  950.20190   40  111  945.00000  955.03241  1.06%  57.1  755s
 76834 12542     cutoff   31       945.00000  954.92845  1.05%  57.1  760s
 77772 12454     cutoff   38       945.00000  954.80269  1.04%  57.0  765s
 78438 12384  948.40000   32  103  945.00000  954.71826  1.03%  56.9  771s
 78908 12324  949.42762   32   99  945.00000  954.65206  1.02%  56.9  775s
 79504 12259  949.76596   25  109  945.00000  954.58333  1.01%  56.8  780s
 80136 12186     cutoff   25       945.00000  954.50353  1.01%  56.8  785s
 80757 12112  946.98282   37  125  945.00000  954.43182  1.00%  56.7  790s
 81350 12040  953.77948   32  112  945.00000  954.36536  0.99%  56.7  795s
 81995 11975     cutoff   30       945.00000  954.28000  0.98%  56.6  800s
 82386 11913     cutoff   35       945.00000  954.22887  0.98%  56.6  805s
 82949 11849     cutoff   49       945.00000  954.16069  0.97%  56.6  810s
 83518 11769  947.67270   32   98  945.00000  954.08564  0.96%  56.5  815s
 84092 11706     cutoff   29       945.00000  954.02308  0.95%  56.4  820s
 84673 11625  946.24931   33  120  945.00000  953.94286  0.95%  56.4  825s
 85448 11527  947.76543   28   96  945.00000  953.84551  0.94%  56.3  830s
 86456 11392  951.81481   33   91  945.00000  953.71795  0.92%  56.2  835s
 87073 11302     cutoff   40       945.00000  953.63609  0.91%  56.2  840s
 87739 11204  949.70000   29  106  945.00000  953.55125  0.90%  56.1  845s
 88266 11125  949.39524   35  104  945.00000  953.48136  0.90%  56.1  850s
 88747 11033  948.81198   38  131  945.00000  953.41351  0.89%  56.0  855s
 89356 10950  947.18750   35  112  945.00000  953.36430  0.89%  56.0  860s
 89970 10842  947.23740   37  118  945.00000  953.28111  0.88%  55.9  865s
 90552 10730  948.38876   36  109  945.00000  953.19374  0.87%  55.9  870s
 90871 10664     cutoff   40       945.00000  953.15090  0.86%  55.8  875s
 91500 10567  947.15294   37  101  945.00000  953.07372  0.85%  55.7  880s
 91922 10490  946.99001   41  128  945.00000  953.02220  0.85%  55.7  885s
 92542 10351     cutoff   32       945.00000  952.94461  0.84%  55.7  890s
 93463 10181  948.32308   35  127  945.00000  952.83438  0.83%  55.6  895s
 94145 10038  949.07641   30  118  945.00000  952.73959  0.82%  55.5  900s
 95172  9801     cutoff   28       945.00000  952.61281  0.81%  55.4  905s
 95678  9711  952.24486   38  130  945.00000  952.55435  0.80%  55.4  910s
 96196  9596  947.69924   42  140  945.00000  952.48299  0.79%  55.3  915s
 96767  9458  947.85466   29  110  945.00000  952.39872  0.78%  55.3  920s
 97330  9344     cutoff   38       945.00000  952.34099  0.78%  55.2  925s
 97886  9204     cutoff   32       945.00000  952.27117  0.77%  55.1  930s
 98309  9115  948.75326   33  105  945.00000  952.21868  0.76%  55.1  937s
 98642  9019     cutoff   36       945.00000  952.17123  0.76%  55.1  941s
 99044  8894  949.20210   36  122  945.00000  952.10926  0.75%  55.0  945s
 99860  8680  949.26601   45   92  945.00000  952.00000  0.74%  54.9  950s
 100342  8548  947.22552   29  107  945.00000  951.93804  0.73%  54.9  955s
 100787  8405     cutoff   31       945.00000  951.88107  0.73%  54.9  960s
 101341  8256  947.89090   44  116  945.00000  951.78787  0.72%  54.8  965s
 101932  8084  948.07692   35  101  945.00000  951.70290  0.71%  54.7  970s
 102374  7942     cutoff   54       945.00000  951.63654  0.70%  54.7  975s
 102881  7784  948.88407   36  110  945.00000  951.56037  0.69%  54.6  980s
 103477  7601     cutoff   40       945.00000  951.46992  0.68%  54.6  985s
 104089  7383  948.69200   37  116  945.00000  951.36897  0.67%  54.5  990s
 104611  7223     cutoff   32       945.00000  951.29471  0.67%  54.4  995s
 105147  7051     cutoff   35       945.00000  951.20969  0.66%  54.4 1000s
 105668  6865     cutoff   33       945.00000  951.13287  0.65%  54.4 1005s
 106080  6728     cutoff   38       945.00000  951.07234  0.64%  54.3 1010s
 107094  6364  947.14416   40  126  945.00000  950.91241  0.63%  54.2 1015s
 108064  5986  947.46385   31  119  945.00000  950.74507  0.61%  54.1 1020s
 108801  5698     cutoff   33       945.00000  950.62651  0.60%  54.0 1025s
 109713  5291     cutoff   38       945.00000  950.45600  0.58%  53.9 1030s
 110327  4998     cutoff   36       945.00000  950.33134  0.56%  53.8 1035s
 110777  4788     cutoff   34       945.00000  950.23607  0.55%  53.8 1040s
 111217  4587  946.92052   32  116  945.00000  950.15723  0.55%  53.7 1045s
 111804  4287     cutoff   32       945.00000  950.03341  0.53%  53.6 1050s
 112071  4135  947.32684   32  109  945.00000  949.97105  0.53%  53.6 1055s
 112574  3880  946.55303   40   67  945.00000  949.85194  0.51%  53.6 1060s
 113180  3538  946.15549   37   93  945.00000  949.69136  0.50%  53.5 1065s
 113843  3154     cutoff   32       945.00000  949.51198  0.48%  53.4 1070s
 114487  2742     cutoff   37       945.00000  949.30128  0.46%  53.3 1075s
 114895  2469     cutoff   38       945.00000  949.12824  0.44%  53.2 1080s
 115579  2043     cutoff   45       945.00000  948.89706  0.41%  53.1 1085s
 116222  1579  946.01623   40  108  945.00000  948.55309  0.38%  53.0 1090s
 117436   657     cutoff   37       945.00000  947.56967  0.27%  52.7 1095s

Cutting planes:
  MIR: 11
  Flow cover: 96
  Zero half: 29
  RLT: 4

Explored 118175 nodes (6204976 simplex iterations) in 1098.35 seconds (387.68 work units)
Thread count was 1 (of 12 available processors)

Solution count 10: 945 940 939 ... 809

Optimal solution found (tolerance 1.00e-04)
Best objective 9.450000000000e+02, best bound 9.450000000000e+02, gap 0.0000%
