
Gurobi 12.0.2 (linux64, C++) logging started Thu Jun 19 08:00:19 2025

Set parameter LogFile to value "log/instances/scenario3/fully_correlated_sc3/300/kpfs_5.txt.log"

Gurobi 12.0.2 (linux64, C++) logging started Thu Jun 19 08:01:42 2025

Set parameter LogFile to value "log/instances/scenario3/fully_correlated_sc3/300/kpfs_5.txt.log"

Gurobi 12.0.2 (linux64, C++) logging started Thu Jun 19 08:02:53 2025

Set parameter LogFile to value "log/instances/scenario3/fully_correlated_sc3/300/kpfs_5.txt.log"

Gurobi 12.0.2 (linux64, C++) logging started Thu Jun 19 08:03:57 2025

Set parameter LogFile to value "log/instances/scenario3/fully_correlated_sc3/300/kpfs_5.txt.log"

Gurobi 12.0.2 (linux64, C++) logging started Thu Jun 19 14:09:17 2025

Set parameter WLSAccessID
Set parameter WLSSecret
Set parameter LicenseID to value 2679381
Set parameter LogFile to value "log/instances/scenario3/fully_correlated_sc3/300/kpfs_5.txt.log"
Academic license 2679381 - for non-commercial use only - registered to be___@poli.ufrj.br
Set parameter TimeLimit to value 1800
Set parameter Threads to value 1
Gurobi Optimizer version 12.0.2 build v12.0.2rc0 (linux64 - "Ubuntu 24.04.1 LTS")

CPU model: 13th Gen Intel(R) Core(TM) i7-1355U, instruction set [SSE2|AVX|AVX2]
Thread count: 6 physical cores, 12 logical processors, using up to 1 threads

Non-default parameters:
TimeLimit  1800
Threads  1

Academic license 2679381 - for non-commercial use only - registered to be___@poli.ufrj.br
Optimize a model with 1502 rows, 1800 columns and 9372 nonzeros
Model fingerprint: 0x25f1e239
Variable types: 0 continuous, 1800 integer (300 binary)
Coefficient statistics:
  Matrix range     [1e+00, 3e+01]
  Objective range  [7e+00, 4e+01]
  Bounds range     [1e+00, 5e+00]
  RHS range        [1e+00, 5e+02]
Found heuristic solution: objective 782.0000000
Presolve removed 10 rows and 439 columns
Presolve time: 0.05s
Presolved: 1492 rows, 1361 columns, 8472 nonzeros
Variable types: 0 continuous, 1361 integer (300 binary)

Root relaxation: objective 1.015944e+03, 761 iterations, 0.09 seconds (0.05 work units)

    Nodes    |    Current Node    |     Objective Bounds      |     Work
 Expl Unexpl |  Obj  Depth IntInf | Incumbent    BestBd   Gap | It/Node Time

     0     0 1015.94441    0  163  782.00000 1015.94441  29.9%     -    0s
H    0     0                     784.0000000 1015.94441  29.6%     -    0s
H    0     0                     844.0000000 1015.94441  20.4%     -    0s
H    0     0                     854.0000000 1015.94441  19.0%     -    0s
H    0     0                     879.0000000 1015.94441  15.6%     -    0s
H    0     0                     905.0000000 1015.94441  12.3%     -    0s
     0     0 1013.37074    0  165  905.00000 1013.37074  12.0%     -    0s
H    0     0                     915.0000000 1013.36162  10.7%     -    0s
H    0     0                     920.0000000 1013.36162  10.1%     -    1s
     0     0 1012.87070    0  163  920.00000 1012.87070  10.1%     -    1s
H    0     0                     924.0000000 1012.86278  9.62%     -    1s
     0     0 1012.86278    0  165  924.00000 1012.86278  9.62%     -    1s
     0     0 1012.86278    0  165  924.00000 1012.86278  9.62%     -    1s
     0     0 1012.50140    0  168  924.00000 1012.50140  9.58%     -    1s
     0     0 1011.35938    0  167  924.00000 1011.35938  9.45%     -    1s
     0     0 1011.30876    0  168  924.00000 1011.30876  9.45%     -    1s
     0     0 1011.06930    0  166  924.00000 1011.06930  9.42%     -    1s
     0     0 1011.05973    0  169  924.00000 1011.05973  9.42%     -    1s
     0     0 1010.96638    0  166  924.00000 1010.96638  9.41%     -    1s
     0     0 1010.96498    0  166  924.00000 1010.96498  9.41%     -    1s
     0     0 1010.68085    0  170  924.00000 1010.68085  9.38%     -    2s
     0     0 1010.67087    0  171  924.00000 1010.67087  9.38%     -    2s
     0     0 1010.66910    0  170  924.00000 1010.66910  9.38%     -    2s
     0     0 1010.59807    0  168  924.00000 1010.59807  9.37%     -    2s
     0     0 1010.58734    0  166  924.00000 1010.58734  9.37%     -    2s
     0     0 1010.32206    0  166  924.00000 1010.32206  9.34%     -    2s
     0     0 1010.30928    0  167  924.00000 1010.30928  9.34%     -    2s
     0     0 1010.29267    0  169  924.00000 1010.29267  9.34%     -    2s
     0     0 1010.27254    0  169  924.00000 1010.27254  9.34%     -    2s
     0     0 1010.26587    0  168  924.00000 1010.26587  9.34%     -    2s
     0     0 1010.26587    0  169  924.00000 1010.26587  9.34%     -    2s
     0     0 1010.25469    0  166  924.00000 1010.25469  9.33%     -    2s
     0     0 1010.25077    0  166  924.00000 1010.25077  9.33%     -    2s
     0     0 1010.25010    0  167  924.00000 1010.25010  9.33%     -    2s
     0     0 1010.19598    0  170  924.00000 1010.19598  9.33%     -    2s
     0     0 1010.19478    0  170  924.00000 1010.19478  9.33%     -    2s
     0     0 1010.17559    0  170  924.00000 1010.17559  9.33%     -    2s
     0     0 1010.15504    0  167  924.00000 1010.15504  9.32%     -    2s
     0     0 1010.14591    0  168  924.00000 1010.14591  9.32%     -    2s
     0     0 1010.12188    0  170  924.00000 1010.12188  9.32%     -    2s
     0     0 1010.11466    0  170  924.00000 1010.11466  9.32%     -    2s
     0     2 1010.09811    0  170  924.00000 1010.09811  9.32%     -    3s
H   31    31                     925.0000000 1009.55973  9.14%  97.3    4s
    31    33  991.38311   22  144  925.00000 1009.55973  9.14%   105    5s
H   78    78                     935.0000000 1009.55973  7.97%  90.6    6s
   233   223  953.69446   35  116  935.00000 1008.97604  7.91%  61.0   10s
   551   484  947.86521   34  112  935.00000 1008.21158  7.83%  57.9   15s
   561   490  979.60416   21  167  935.00000 1008.21158  7.83%  56.8   20s
   573   498  937.76132   51  176  935.00000 1008.16422  7.83%  55.6   26s
   612   526  986.20738   29  149  935.00000 1003.81208  7.36%  64.3   30s
   706   571  981.86823   18  126  935.00000 1003.80621  7.36%  69.4   35s
H  911   630                     938.0000000 1003.28964  6.96%  74.3   40s
H  911   569                     945.0000000 1003.28964  6.17%  74.3   41s
   973   591  948.40741   33   98  945.00000 1002.43326  6.08%  75.7   45s
  1013   609  979.33218   26  143  945.00000 1002.38028  6.07%  77.3   50s
  1256   700  998.96382   14  156  945.00000 1000.53299  5.88%  80.0   55s
  1577   846  959.83000   35  111  945.00000  998.80790  5.69%  78.3   60s
  1894   963  957.94337   37  117  945.00000  996.29265  5.43%  75.9   65s
  2175  1143  977.36176   18  146  945.00000  995.30398  5.32%  74.1   70s
  2548  1412  973.22537   26  141  945.00000  993.91088  5.18%  73.8   75s
  2876  1624  962.56098   39  110  945.00000  993.39718  5.12%  72.2   80s
  3194  1844  971.49931   29  129  945.00000  992.44011  5.02%  71.3   85s
  3769  2229  979.02503   25  136  945.00000  991.18798  4.89%  69.6   90s
  4132  2463  970.28168   18  131  945.00000  990.53425  4.82%  68.6   95s
  4481  2678  965.82786   28  122  945.00000  989.79394  4.74%  68.2  100s
  5076  3049  952.00180   35  101  945.00000  989.07770  4.66%  67.1  105s
  5172  3105  971.69105   24  128  945.00000  989.03893  4.66%  67.0  114s
  5193  3117  985.53899   24  154  945.00000  988.98010  4.65%  66.8  115s
  5550  3339  948.51675   35  100  945.00000  988.34288  4.59%  66.5  120s
  5898  3522  986.21587   15  154  945.00000  987.96366  4.55%  66.2  125s
  6228  3706  946.47979   32  119  945.00000  987.53585  4.50%  66.0  130s
  6596  3905  948.08044   31  107  945.00000  987.03959  4.45%  65.7  135s
  6890  4074  951.73388   31  118  945.00000  986.78534  4.42%  65.7  140s
  7322  4321  971.30328   22  138  945.00000  986.36288  4.38%  65.1  145s
  7525  4443  961.25565   27  104  945.00000  986.21287  4.36%  65.0  150s
  7848  4617  948.29741   27   99  945.00000  985.94601  4.33%  65.1  155s
  8150  4761  965.10802   23  113  945.00000  985.69351  4.31%  64.7  160s
  8526  4960     cutoff   41       945.00000  985.46882  4.28%  64.5  165s
  8896  5159  960.59053   30  121  945.00000  985.30387  4.26%  64.3  170s
  9262  5364  955.40681   32  116  945.00000  985.07823  4.24%  64.1  175s
  9555  5538  958.17697   29  121  945.00000  984.97382  4.23%  63.9  180s
  9810  5683  973.46930   31  141  945.00000  984.83755  4.22%  63.8  187s
 10203  5893  968.02632   30  170  945.00000  984.59512  4.19%  63.7  221s
 10213  5900  950.99848   42  184  945.00000  984.59512  4.19%  63.6  225s
 10222  5906  983.65320   16  185  945.00000  984.59512  4.19%  63.6  230s
 10227  5909  952.39118   25  178  945.00000  984.59512  4.19%  63.6  235s
 10233  5913  961.39133   40  180  945.00000  984.59512  4.19%  63.5  240s
 10238  5916  973.24517   22  183  945.00000  984.59512  4.19%  63.5  245s
 10241  5918  951.33987   33  185  945.00000  984.59512  4.19%  63.5  252s
 10246  5922  947.85165   36  180  945.00000  984.59512  4.19%  63.4  255s
 10253  5926  959.63331   49  181  945.00000  984.59512  4.19%  63.4  260s
 10259  5930  974.01863   31  184  945.00000  984.59512  4.19%  63.4  267s
 10262  5932  977.95843   24  186  945.00000  984.59512  4.19%  63.3  270s
 10268  5936  952.26092   53  187  945.00000  984.59512  4.19%  63.3  275s
 10275  5943  984.59512   21  169  945.00000  984.59512  4.19%  63.7  280s
 10310  5964  948.67901   38   95  945.00000  984.59512  4.19%  64.0  285s
 10380  6001  947.67380   54  111  945.00000  984.59512  4.19%  64.4  290s
*10420  5713              39     947.0000000  984.59512  3.97%  64.5  291s
 10523  5753  969.64844   31  127  947.00000  984.59512  3.97%  65.1  295s
 10638  5799  958.12018   50  117  947.00000  984.59512  3.97%  65.6  300s
 10832  5861  975.20767   33  125  947.00000  984.59512  3.97%  66.0  305s
 11358  6042     cutoff   57       947.00000  984.59512  3.97%  66.4  310s
 11726  6128  984.37923   33  141  947.00000  984.59512  3.97%  66.6  315s
 11991  6193  978.01105   31  147  947.00000  984.59512  3.97%  66.6  320s
 12354  6294  958.12194   34  115  947.00000  984.59512  3.97%  66.8  325s
 12813  6391  961.80722   50  131  947.00000  984.59512  3.97%  66.9  330s
 13073  6448  961.82518   44  122  947.00000  984.59512  3.97%  66.9  335s
 13513  6525  967.45301   31  129  947.00000  984.59512  3.97%  66.9  340s
 13968  6588  954.83460   40  132  947.00000  983.99225  3.91%  66.9  345s
 14388  6653  955.39058   49  121  947.00000  983.47729  3.85%  67.0  350s
 14560  6683  965.02760   32  135  947.00000  983.16970  3.82%  67.0  355s
 14966  6748  950.65650   26  119  947.00000  982.78763  3.78%  67.1  360s
 15672  6870  962.26849   33  117  947.00000  981.98108  3.69%  67.1  365s
 16459  6985  977.16382   28  138  947.00000  981.39330  3.63%  67.2  370s
 16962  7079     cutoff   41       947.00000  981.00693  3.59%  67.2  375s
 17413  7121  954.40282   43  107  947.00000  980.76479  3.57%  67.1  380s
 17757  7183  969.42578   34  143  947.00000  980.63962  3.55%  67.2  385s
 17881  7200  977.66766   27  148  947.00000  980.54287  3.54%  67.1  390s
 18327  7267  949.31564   43  121  947.00000  980.24784  3.51%  67.2  395s
 18835  7341  972.76368   30  124  947.00000  979.94368  3.48%  67.2  400s
 19304  7391  948.63931   42  114  947.00000  979.67265  3.45%  67.2  405s
 19728  7449  958.58032   33  123  947.00000  979.46897  3.43%  67.2  410s
 20160  7495     cutoff   36       947.00000  979.24316  3.40%  67.2  415s
 20467  7537  976.52380   35  124  947.00000  979.06589  3.39%  67.2  420s
 20921  7601  951.25455   47  110  947.00000  978.86359  3.36%  67.1  425s
 21382  7648  949.15580   43   84  947.00000  978.64814  3.34%  67.1  430s
 21806  7684  959.89499   33  129  947.00000  978.38286  3.31%  67.1  435s
 22591  7741  963.37907   38  136  947.00000  978.14449  3.29%  67.0  440s
 23234  7802  965.79479   40  133  947.00000  977.95814  3.27%  67.0  445s
 23755  7884  962.04523   35  113  947.00000  977.79505  3.25%  66.9  450s
 24095  7908  952.96791   36  111  947.00000  977.63815  3.24%  66.8  455s
 24576  7930  964.62712   33  116  947.00000  977.48926  3.22%  66.8  460s
 25117  7985  972.90487   35  134  947.00000  977.35558  3.21%  66.9  465s
 25697  8042  958.13754   34  127  947.00000  977.14439  3.18%  66.8  470s
 26269  8103     cutoff   36       947.00000  976.99337  3.17%  66.7  475s
 26779  8126  969.32733   37  135  947.00000  976.82065  3.15%  66.7  480s
 27329  8220     cutoff   44       947.00000  976.62602  3.13%  66.7  485s
 27721  8379  962.20708   37  123  947.00000  976.51280  3.12%  66.7  490s
 28312  8598  971.00906   31  140  947.00000  976.27809  3.09%  66.6  495s
 28892  8824     cutoff   47       947.00000  976.13635  3.08%  66.5  500s
 29717  9104  965.11024   38  124  947.00000  975.89955  3.05%  66.3  505s
 30303  9368  958.72500   31  116  947.00000  975.77418  3.04%  66.2  510s
 30741  9550  969.08438   26  123  947.00000  975.64818  3.03%  66.2  515s
 31264  9762  959.90386   27  128  947.00000  975.51890  3.01%  66.1  520s
 31465  9843  961.20000   36  119  947.00000  975.44542  3.00%  66.1  525s
 32175 10114  951.18012   43  110  947.00000  975.26736  2.98%  66.0  530s
 32807 10374  954.76398   38  121  947.00000  975.09686  2.97%  66.0  535s
 33618 10681  966.98423   31  131  947.00000  974.91950  2.95%  65.9  540s
 34257 10918  963.27294   35  130  947.00000  974.74974  2.93%  65.9  545s
 34731 11111  970.79988   38  129  947.00000  974.60846  2.92%  65.9  550s
 35207 11276  968.15625   37  118  947.00000  974.51744  2.91%  65.9  555s
 35645 11454  949.98374   39  103  947.00000  974.42687  2.90%  65.9  560s
 36182 11618  948.55609   46  115  947.00000  974.31713  2.88%  65.9  565s
 36660 11784  969.34419   38  126  947.00000  974.20385  2.87%  65.9  570s
 37133 11964  949.95138   42  118  947.00000  974.04992  2.86%  65.8  575s
 37534 12108  952.33017   41  116  947.00000  973.93716  2.84%  65.7  580s
 37996 12275  960.61778   30  122  947.00000  973.84596  2.83%  65.7  585s
 38306 12385  972.56371   30  145  947.00000  973.78546  2.83%  65.7  590s
 38911 12600  961.36983   42  141  947.00000  973.68524  2.82%  65.7  595s
 39462 12790     cutoff   45       947.00000  973.56963  2.81%  65.6  600s
 39938 12947  962.52950   38  122  947.00000  973.49272  2.80%  65.6  605s
 40309 13084  949.05506   48  118  947.00000  973.44754  2.79%  65.5  610s
 40724 13244  966.02447   38  127  947.00000  973.39449  2.79%  65.5  615s
 41156 13383  967.56846   32  115  947.00000  973.28012  2.78%  65.4  620s
 41588 13543  952.60318   35  121  947.00000  973.19535  2.77%  65.4  625s
 42122 13685  951.31335   36  105  947.00000  973.11578  2.76%  65.3  630s
 42483 13808  964.20000   39  108  947.00000  973.01216  2.75%  65.3  635s
 42837 13939  965.32265   37  136  947.00000  972.95183  2.74%  65.3  640s
 43236 14075  951.12234   48  120  947.00000  972.89551  2.73%  65.2  645s
 43634 14209  963.83426   41  127  947.00000  972.83006  2.73%  65.2  650s
 44023 14319  948.80779   37   94  947.00000  972.76843  2.72%  65.2  655s
 44244 14394  951.14277   32  103  947.00000  972.74149  2.72%  65.2  660s
 44430 14464  949.14287   39  114  947.00000  972.71429  2.72%  65.2  666s
 44627 14532  959.77174   38  112  947.00000  972.68654  2.71%  65.1  670s
 44993 14641  961.42364   35  128  947.00000  972.62184  2.71%  65.1  675s
 45402 14771  956.51882   33  118  947.00000  972.55318  2.70%  65.1  680s
 45757 14912  958.55117   32  126  947.00000  972.48329  2.69%  65.0  685s
 46152 15044     cutoff   37       947.00000  972.41897  2.68%  65.0  690s
 46400 15127  953.80705   35  104  947.00000  972.37955  2.68%  65.0  695s
 46745 15248  969.58571   26  109  947.00000  972.34064  2.68%  65.0  700s
 47123 15375  948.40794   33  106  947.00000  972.29556  2.67%  65.0  705s
 47669 15550  961.51042   31  117  947.00000  972.21713  2.66%  64.9  710s
 48256 15762  956.42416   38  112  947.00000  972.12886  2.65%  64.9  715s
 48812 15958  954.52197   42  125  947.00000  972.05119  2.65%  64.8  720s
 49340 16123  959.90775   38  132  947.00000  971.96300  2.64%  64.8  725s
 49766 16229  970.08472   35  132  947.00000  971.88796  2.63%  64.7  730s
 50167 16342  961.61228   37  119  947.00000  971.83785  2.62%  64.7  735s
 50627 16520  949.00000   48  100  947.00000  971.77176  2.62%  64.7  740s
 50907 16618  950.82396   37  119  947.00000  971.70386  2.61%  64.7  745s
 51347 16769  951.73799   47  115  947.00000  971.62015  2.60%  64.6  750s
 51802 16930  951.75926   33   98  947.00000  971.56434  2.59%  64.6  755s
 52052 17003  958.96000   37  115  947.00000  971.53745  2.59%  64.6  760s
 52678 17206     cutoff   45       947.00000  971.43789  2.58%  64.5  765s
 53281 17374  961.96434   33  113  947.00000  971.37544  2.57%  64.5  770s
 53755 17556  952.64706   39  122  947.00000  971.30472  2.57%  64.4  775s
 54200 17703  955.03486   39  109  947.00000  971.25914  2.56%  64.4  780s
 54667 17875  949.20568   36  113  947.00000  971.18308  2.55%  64.4  785s
 55057 17980  948.74181   49  122  947.00000  971.12971  2.55%  64.3  794s
 55119 17987  967.69862   36  131  947.00000  971.11461  2.55%  64.3  795s
 55553 18110  961.91532   28  128  947.00000  971.04963  2.54%  64.3  800s
 56183 18326  957.45037   35  113  947.00000  970.97037  2.53%  64.3  805s
 56944 18550  961.68915   34  130  947.00000  970.87697  2.52%  64.3  810s
 57614 18767  956.50348   37  130  947.00000  970.78474  2.51%  64.3  815s
 58062 18914  969.19569   33  129  947.00000  970.71769  2.50%  64.2  820s
 58541 19026     cutoff   31       947.00000  970.67202  2.50%  64.2  825s
 58706 19072  957.90307   44  119  947.00000  970.64306  2.50%  64.2  830s
 59216 19238  961.24675   37  124  947.00000  970.58738  2.49%  64.2  835s
 59755 19384  969.60121   34  134  947.00000  970.49488  2.48%  64.1  840s
 60274 19551  954.88992   46  123  947.00000  970.44724  2.48%  64.1  845s
 60874 19743  949.12330   50  102  947.00000  970.39011  2.47%  64.1  850s
 61429 19922  948.37713   40   96  947.00000  970.32186  2.46%  64.1  855s
 61957 20105  956.45692   39  119  947.00000  970.25910  2.46%  64.0  861s
 62370 20246  959.15236   38  118  947.00000  970.22216  2.45%  64.0  865s
 62779 20377  952.92379   42  129  947.00000  970.18659  2.45%  64.0  870s
 63166 20491     cutoff   36       947.00000  970.13879  2.44%  64.0  875s
 63677 20655  951.48170   43  122  947.00000  970.09243  2.44%  64.0  880s
 64101 20783  958.64774   38  121  947.00000  970.04808  2.43%  63.9  885s
 64468 20883  950.12183   35  113  947.00000  970.00758  2.43%  63.9  890s
 64798 20954     cutoff   48       947.00000  969.96418  2.42%  63.9  895s
 65103 21045     cutoff   51       947.00000  969.93921  2.42%  63.9  900s
 65668 21192  959.15595   41  135  947.00000  969.88154  2.42%  63.9  905s
 66165 21324  949.09622   44  123  947.00000  969.84205  2.41%  63.8  910s
 67032 21563  952.48837   38  115  947.00000  969.77214  2.40%  63.8  915s
 67689 21740  948.45165   45  109  947.00000  969.70900  2.40%  63.7  920s
 68284 21905  952.76088   52  116  947.00000  969.65483  2.39%  63.7  925s
 68713 22022  961.11651   41  125  947.00000  969.61538  2.39%  63.6  930s
 68963 22081  952.01984   46  126  947.00000  969.59201  2.39%  63.6  935s
 69528 22241  956.32140   33  113  947.00000  969.53416  2.38%  63.6  940s
 70152 22405  954.43853   33  101  947.00000  969.47764  2.37%  63.5  945s
 70933 22615  952.56193   42  124  947.00000  969.40150  2.37%  63.5  950s
 71715 22837  962.02462   42  139  947.00000  969.33167  2.36%  63.5  955s
 72352 22986  961.20391   42  115  947.00000  969.28431  2.35%  63.4  960s
 73091 23180  959.30391   33  124  947.00000  969.21568  2.35%  63.4  965s
 73869 23400  951.37019   45  118  947.00000  969.13510  2.34%  63.3  970s
 74434 23548  949.20455   44  106  947.00000  969.07480  2.33%  63.3  975s
 75013 23713  950.70645   39  107  947.00000  969.03506  2.33%  63.3  980s
 75618 23904  953.01434   47  116  947.00000  968.98013  2.32%  63.2  985s
 76157 24059  949.62308   40  111  947.00000  968.94129  2.32%  63.2  990s
 76761 24216  951.37813   36  111  947.00000  968.90625  2.31%  63.2  995s
 77188 24313  949.62094   47  109  947.00000  968.86162  2.31%  63.2 1000s
 77691 24438  958.74265   34  127  947.00000  968.81510  2.30%  63.1 1005s
 78308 24599  961.79934   41  137  947.00000  968.75400  2.30%  63.1 1010s
 78953 24759  951.66069   44  111  947.00000  968.69901  2.29%  63.1 1015s
 79581 24953  957.18960   43  134  947.00000  968.65939  2.29%  63.0 1020s
 80237 25124  964.39937   38  120  947.00000  968.59087  2.28%  63.0 1025s
 81108 25348  957.53998   35  105  947.00000  968.53333  2.27%  63.0 1030s
 81654 25487  953.04744   44  122  947.00000  968.48755  2.27%  63.0 1035s
 82300 25622  957.84568   38  124  947.00000  968.41327  2.26%  62.9 1040s
 83162 25838  961.50000   37  102  947.00000  968.33333  2.25%  62.9 1045s
 84013 26065  965.59763   29  133  947.00000  968.28452  2.25%  62.8 1050s
 84613 26219  955.68514   45  116  947.00000  968.23603  2.24%  62.8 1055s
 85149 26347  949.42864   30  102  947.00000  968.19691  2.24%  62.8 1060s
 85675 26484     cutoff   46       947.00000  968.15962  2.23%  62.8 1065s
 85845 26521  963.30674   33  127  947.00000  968.14091  2.23%  62.8 1071s
 86269 26657  949.43811   42   99  947.00000  968.10979  2.23%  62.8 1075s
 86912 26820  961.76536   35  136  947.00000  968.04218  2.22%  62.7 1080s
 87433 26948     cutoff   34       947.00000  968.01609  2.22%  62.7 1085s
 87496 26965  959.06052   34  104  947.00000  968.00680  2.22%  62.7 1090s
 87869 27022  951.62335   48  136  947.00000  967.98657  2.22%  62.7 1095s
 88117 27103  948.46366   36  102  947.00000  967.97254  2.21%  62.7 1100s
 88535 27208  953.70400   35  101  947.00000  967.93941  2.21%  62.7 1105s
 89077 27323     cutoff   41       947.00000  967.88889  2.21%  62.7 1110s
 89623 27464  948.62237   47   99  947.00000  967.83431  2.20%  62.7 1115s
 90327 27633  958.68564   37  122  947.00000  967.77993  2.19%  62.6 1120s
 91052 27809  952.48703   43  115  947.00000  967.72130  2.19%  62.6 1125s
 91641 27936     cutoff   39       947.00000  967.66953  2.18%  62.6 1130s
 92026 28054     cutoff   39       947.00000  967.64222  2.18%  62.6 1135s
 92598 28191  960.70241   33  113  947.00000  967.59527  2.17%  62.5 1140s
 93202 28308     cutoff   40       947.00000  967.54863  2.17%  62.5 1145s
 93851 28458     cutoff   44       947.00000  967.50836  2.17%  62.5 1150s
 94479 28590  959.03493   35  132  947.00000  967.45368  2.16%  62.4 1155s
 95071 28760  963.97302   33  131  947.00000  967.40025  2.15%  62.4 1160s
 95492 28863     cutoff   45       947.00000  967.38063  2.15%  62.4 1165s
 95757 28929  950.10573   42  113  947.00000  967.35511  2.15%  62.4 1170s
 96174 29044  957.87835   43  122  947.00000  967.32733  2.15%  62.4 1175s
 96715 29177  961.39677   34  134  947.00000  967.29818  2.14%  62.4 1180s
 97285 29307  953.14526   47  117  947.00000  967.25531  2.14%  62.3 1185s
 97878 29452  961.58537   40  132  947.00000  967.21868  2.14%  62.3 1190s
 98287 29535  964.22495   38  142  947.00000  967.18935  2.13%  62.3 1195s
 98800 29639  963.45601   42  127  947.00000  967.15781  2.13%  62.3 1200s
 99135 29716  955.70498   38   99  947.00000  967.13712  2.13%  62.3 1205s
 99499 29786  962.07078   43  120  947.00000  967.11171  2.12%  62.3 1210s
 100014 29885  951.03355   43  121  947.00000  967.08055  2.12%  62.2 1215s
 100521 29996  949.17645   42  119  947.00000  967.03805  2.12%  62.2 1220s
 100996 30103  964.87839   44  133  947.00000  967.00512  2.11%  62.3 1225s
 101577 30245  957.68377   34  111  947.00000  966.96697  2.11%  62.2 1230s
 102072 30345  957.40375   37  124  947.00000  966.93416  2.10%  62.2 1235s
 102421 30408  958.64177   35  120  947.00000  966.91357  2.10%  62.2 1240s
 103013 30526  955.03893   42  129  947.00000  966.86667  2.10%  62.2 1245s
 103301 30570  959.05331   43  123  947.00000  966.84926  2.10%  62.2 1250s
 104242 30774  957.90289   40  136  947.00000  966.80152  2.09%  62.1 1255s
 105045 30949  957.46923   36  121  947.00000  966.75802  2.09%  62.1 1260s
 105634 31031  959.96887   35  121  947.00000  966.72241  2.08%  62.1 1265s
 106070 31109  950.15338   39  127  947.00000  966.70381  2.08%  62.1 1270s
 106680 31239  950.01667   43  112  947.00000  966.67003  2.08%  62.0 1275s
 107301 31377  951.74872   38  109  947.00000  966.62906  2.07%  62.0 1280s
 107923 31511  953.52796   37  106  947.00000  966.59664  2.07%  61.9 1285s
 108528 31646  958.18558   41  118  947.00000  966.55660  2.07%  61.9 1290s
 109265 31800  951.55684   50  129  947.00000  966.52015  2.06%  61.9 1295s
 109918 31932  962.35833   38  135  947.00000  966.48347  2.06%  61.9 1300s
 110298 32028  956.02443   48   96  947.00000  966.45571  2.05%  61.8 1305s
 110992 32178  962.50241   32  122  947.00000  966.40560  2.05%  61.8 1310s
 111535 32282     cutoff   42       947.00000  966.36434  2.04%  61.8 1315s
 112224 32445  960.97644   37  122  947.00000  966.32319  2.04%  61.8 1320s
 113054 32606  959.41759   40  130  947.00000  966.27469  2.04%  61.7 1325s
 113867 32806  953.61247   42  106  947.00000  966.21212  2.03%  61.7 1330s
 114934 33028  957.85176   39  122  947.00000  966.15106  2.02%  61.7 1335s
 115585 33151  954.47020   35   88  947.00000  966.11524  2.02%  61.6 1344s
 115666 33164  963.52336   30  124  947.00000  966.11183  2.02%  61.6 1345s
 116346 33292  960.39011   39  112  947.00000  966.08097  2.01%  61.6 1350s
 116799 33374  951.14610   43  117  947.00000  966.06093  2.01%  61.6 1355s
 117451 33500  963.18141   30  118  947.00000  966.02451  2.01%  61.6 1360s
 118147 33607  956.01723   41  123  947.00000  965.97599  2.00%  61.6 1365s
 118859 33763  948.65158   38  116  947.00000  965.93717  2.00%  61.5 1370s
 119321 33855  952.00076   32  119  947.00000  965.91846  2.00%  61.5 1375s
 119935 33975  950.99277   37  107  947.00000  965.88374  1.99%  61.5 1382s
 120317 34048  948.44548   43  112  947.00000  965.86667  1.99%  61.5 1385s
 121042 34186  953.20820   41  102  947.00000  965.82653  1.99%  61.4 1390s
 121728 34338  961.68514   40  149  947.00000  965.78100  1.98%  61.4 1395s
 122334 34460     cutoff   40       947.00000  965.74419  1.98%  61.4 1400s
 123039 34621  949.33516   47  105  947.00000  965.69801  1.97%  61.4 1406s
 123880 34786     cutoff   49       947.00000  965.64727  1.97%  61.3 1410s
 124987 35003  960.02222   42  120  947.00000  965.59087  1.96%  61.3 1415s
 125936 35176  958.86349   38  136  947.00000  965.53900  1.96%  61.2 1420s
 126614 35304  954.97015   38  103  947.00000  965.50030  1.95%  61.2 1425s
 127254 35424     cutoff   41       947.00000  965.46072  1.95%  61.2 1430s
 127983 35540  959.04762   33  110  947.00000  965.42262  1.95%  61.2 1435s
 128484 35652  958.26461   34  121  947.00000  965.39331  1.94%  61.1 1440s
 129234 35824  957.98942   37  100  947.00000  965.35920  1.94%  61.1 1445s
 129867 35919  949.48846   45  101  947.00000  965.32656  1.94%  61.1 1450s
 130487 36013  960.06497   42  144  947.00000  965.28818  1.93%  61.1 1457s
 130852 36085  960.96815   30  121  947.00000  965.26962  1.93%  61.0 1460s
 131437 36182  956.43279   43  117  947.00000  965.23430  1.93%  61.0 1465s
 132011 36274  948.06000   45   94  947.00000  965.19952  1.92%  61.0 1470s
 132423 36358  956.47473   44  131  947.00000  965.18323  1.92%  61.0 1475s
 133194 36496     cutoff   39       947.00000  965.14420  1.92%  61.0 1480s
 133719 36603     cutoff   46       947.00000  965.11696  1.91%  61.0 1485s
 134247 36717  956.65912   43  118  947.00000  965.08818  1.91%  60.9 1490s
 134789 36801  949.05206   42   99  947.00000  965.05974  1.91%  60.9 1495s
 135263 36880     cutoff   46       947.00000  965.02874  1.90%  60.9 1500s
 135982 37009  955.64749   43  114  947.00000  964.99400  1.90%  60.9 1505s
 136322 37077  950.81027   37  101  947.00000  964.97501  1.90%  60.9 1510s
 136893 37194  963.26554   29  123  947.00000  964.94346  1.89%  60.8 1515s
 137445 37303  957.05952   30  101  947.00000  964.91667  1.89%  60.8 1520s
 138168 37457  949.20403   41  119  947.00000  964.88047  1.89%  60.8 1525s
 138679 37536     cutoff   33       947.00000  964.85693  1.89%  60.8 1530s
 139202 37650  952.82813   36  104  947.00000  964.83335  1.88%  60.8 1535s
 139595 37719  951.53139   43  118  947.00000  964.81516  1.88%  60.8 1545s
 140037 37792  954.31085   38  111  947.00000  964.79449  1.88%  60.7 1550s
 140611 37905     cutoff   42       947.00000  964.77414  1.88%  60.7 1555s
 141252 38002 infeasible   36       947.00000  964.73952  1.87%  60.7 1560s
 142016 38154     cutoff   41       947.00000  964.70588  1.87%  60.7 1565s
 142560 38254  952.50851   41  114  947.00000  964.68000  1.87%  60.7 1570s
 143024 38345  948.94841   40  107  947.00000  964.66154  1.86%  60.6 1575s
 143359 38386  953.62984   36  111  947.00000  964.64024  1.86%  60.6 1580s
 143900 38473     cutoff   42       947.00000  964.62182  1.86%  60.6 1585s
 144523 38579  948.69382   43   92  947.00000  964.58967  1.86%  60.6 1590s
 145352 38716  952.53909   43   95  947.00000  964.55074  1.85%  60.6 1595s
 145933 38806     cutoff   41       947.00000  964.52285  1.85%  60.5 1600s
 146721 38920     cutoff   42       947.00000  964.48138  1.85%  60.5 1605s
 147154 38979  955.03477   36  116  947.00000  964.45740  1.84%  60.5 1611s
 147574 39057  956.09535   41  118  947.00000  964.44393  1.84%  60.5 1615s
 148108 39118     cutoff   46       947.00000  964.41259  1.84%  60.5 1620s
 148674 39225     cutoff   45       947.00000  964.37500  1.83%  60.5 1625s
 149242 39340  954.38862   37  123  947.00000  964.35319  1.83%  60.4 1630s
 149781 39434  955.00663   38  119  947.00000  964.32920  1.83%  60.4 1635s
 150407 39550  956.86263   35  109  947.00000  964.30414  1.83%  60.4 1640s
 150819 39610  955.95102   38  126  947.00000  964.28415  1.83%  60.4 1645s
 151378 39681  949.70250   50  118  947.00000  964.25675  1.82%  60.4 1650s
 151962 39752  955.30930   45  125  947.00000  964.23236  1.82%  60.3 1655s
 152754 39909  953.32266   49  119  947.00000  964.19521  1.82%  60.3 1660s
 153366 40007  960.62349   34  112  947.00000  964.16667  1.81%  60.3 1665s
 154221 40111  963.67365   39  132  947.00000  964.12885  1.81%  60.3 1670s
 154898 40215  950.95389   45   93  947.00000  964.10003  1.81%  60.2 1675s
 155240 40261  961.40822   30  127  947.00000  964.08633  1.80%  60.2 1680s
 155897 40391  954.39150   42  129  947.00000  964.05724  1.80%  60.2 1685s
 156477 40458  948.03571   44   72  947.00000  964.03588  1.80%  60.2 1690s
 157052 40518  951.45889   47  119  947.00000  964.00723  1.80%  60.2 1696s
 157533 40595  954.25374   32  118  947.00000  963.98936  1.79%  60.2 1700s
 157985 40675  950.92182   44  102  947.00000  963.97561  1.79%  60.2 1705s
 158462 40751  958.39506   40   85  947.00000  963.96205  1.79%  60.1 1710s
 158725 40793  955.11189   46   99  947.00000  963.95035  1.79%  60.1 1715s
 159122 40872  948.17558   49  105  947.00000  963.93511  1.79%  60.1 1720s
 159621 40952  950.95910   50  133  947.00000  963.91401  1.79%  60.1 1725s
 160140 41028  953.06467   44  111  947.00000  963.89170  1.78%  60.1 1730s
 160521 41073  957.59023   35  116  947.00000  963.87294  1.78%  60.1 1735s
 160940 41125  948.50166   45  110  947.00000  963.85532  1.78%  60.1 1740s
 161399 41173  957.93458   35  127  947.00000  963.83433  1.78%  60.1 1745s
 161923 41266  948.91249   38  114  947.00000  963.80986  1.78%  60.0 1750s
 162241 41327  956.99118   35  114  947.00000  963.80115  1.77%  60.0 1755s
 162993 41432  952.51953   53  131  947.00000  963.77982  1.77%  60.0 1760s
 163438 41502  949.99371   42  105  947.00000  963.75753  1.77%  60.0 1765s
 163887 41551  959.99585   45  130  947.00000  963.73785  1.77%  60.0 1770s
 164297 41630  951.77658   36  112  947.00000  963.71513  1.77%  60.0 1775s
 164635 41661  953.99310   35  118  947.00000  963.69911  1.76%  60.0 1780s
 164886 41697  959.68770   40  130  947.00000  963.69136  1.76%  60.0 1785s
 165345 41787  961.40725   28  111  947.00000  963.67197  1.76%  59.9 1790s
 165798 41852  958.47999   36  120  947.00000  963.65913  1.76%  59.9 1795s

Cutting planes:
  Gomory: 2
  MIR: 6
  Flow cover: 66
  Zero half: 53
  RLT: 2
  Relax-and-lift: 1

Explored 166240 nodes (9960211 simplex iterations) in 1800.04 seconds (717.30 work units)
Thread count was 1 (of 12 available processors)

Solution count 10: 947 945 938 ... 879

Time limit reached
Best objective 9.470000000000e+02, best bound 9.630000000000e+02, gap 1.6895%
