
Gurobi 12.0.2 (linux64, C++) logging started Thu Jun 19 08:00:20 2025

Set parameter LogFile to value "log/instances/scenario1/correlated_sc1/500/kpfs_6.txt.log"

Gurobi 12.0.2 (linux64, C++) logging started Thu Jun 19 08:01:43 2025

Set parameter LogFile to value "log/instances/scenario1/correlated_sc1/500/kpfs_6.txt.log"

Gurobi 12.0.2 (linux64, C++) logging started Thu Jun 19 08:02:54 2025

Set parameter LogFile to value "log/instances/scenario1/correlated_sc1/500/kpfs_6.txt.log"

Gurobi 12.0.2 (linux64, C++) logging started Thu Jun 19 08:03:58 2025

Set parameter LogFile to value "log/instances/scenario1/correlated_sc1/500/kpfs_6.txt.log"

Gurobi 12.0.2 (linux64, C++) logging started Thu Jun 19 20:37:24 2025

Set parameter WLSAccessID
Set parameter WLSSecret
Set parameter LicenseID to value 2679381
Set parameter LogFile to value "log/instances/scenario1/correlated_sc1/500/kpfs_6.txt.log"
Academic license 2679381 - for non-commercial use only - registered to be___@poli.ufrj.br
Set parameter TimeLimit to value 1800
Set parameter Threads to value 1
Gurobi Optimizer version 12.0.2 build v12.0.2rc0 (linux64 - "Ubuntu 24.04.1 LTS")

CPU model: 13th Gen Intel(R) Core(TM) i7-1355U, instruction set [SSE2|AVX|AVX2]
Thread count: 6 physical cores, 12 logical processors, using up to 1 threads

Non-default parameters:
TimeLimit  1800
Threads  1

Academic license 2679381 - for non-commercial use only - registered to be___@poli.ufrj.br
Optimize a model with 2502 rows, 3000 columns and 20472 nonzeros
Model fingerprint: 0xca20b33d
Variable types: 0 continuous, 3000 integer (500 binary)
Coefficient statistics:
  Matrix range     [1e+00, 3e+01]
  Objective range  [1e+00, 4e+01]
  Bounds range     [1e+00, 9e+00]
  RHS range        [1e+00, 8e+02]
Found heuristic solution: objective 347.0000000
Presolve removed 0 rows and 47 columns
Presolve time: 0.12s
Presolved: 2502 rows, 2953 columns, 20378 nonzeros
Variable types: 0 continuous, 2953 integer (731 binary)

Root relaxation: objective 1.337883e+03, 5075 iterations, 4.03 seconds (2.08 work units)

    Nodes    |    Current Node    |     Objective Bounds      |     Work
 Expl Unexpl |  Obj  Depth IntInf | Incumbent    BestBd   Gap | It/Node Time

     0     0 1337.88299    0  463  347.00000 1337.88299   286%     -    4s
H    0     0                     348.0000000 1337.88299   284%     -    4s
H    0     0                     351.0000000 1337.88299   281%     -    4s
H    0     0                     438.0000000 1337.88299   205%     -    4s
H    0     0                     448.0000000 1337.88299   199%     -    4s
H    0     0                     454.0000000 1337.88299   195%     -    4s
H    0     0                     457.0000000 1337.88299   193%     -    4s
H    0     0                     459.0000000 1337.88299   191%     -    4s
H    0     0                     479.0000000 1337.88299   179%     -    4s
H    0     0                     480.0000000 1337.88299   179%     -    4s
H    0     0                     482.0000000 1337.88299   178%     -    4s
H    0     0                     486.0000000 1337.88299   175%     -    5s
H    0     0                     501.0000000 1337.88299   167%     -    5s
H    0     0                     525.0000000 1337.88299   155%     -    5s
H    0     0                     529.0000000 1337.88299   153%     -    6s
H    0     0                     549.0000000 1337.88299   144%     -    7s
H    0     0                     636.0000000 1337.88299   110%     -    9s
H    0     0                     644.0000000 1337.88299   108%     -   10s
H    0     0                     649.0000000 1337.88299   106%     -   10s
     0     0 1337.48083    0  466  649.00000 1337.48083   106%     -   12s
H    0     0                     675.0000000 1337.46958  98.1%     -   13s
H    0     0                     676.0000000 1337.46958  97.9%     -   23s
     0     0 1337.46371    0  465  676.00000 1337.46371  97.8%     -   23s
     0     0 1337.44573    0  465  676.00000 1337.44573  97.8%     -   24s
     0     0 1337.29647    0  459  676.00000 1337.29647  97.8%     -   28s
     0     0 1337.29102    0  459  676.00000 1337.29102  97.8%     -   36s
     0     2 1337.28616    0  459  676.00000 1337.28616  97.8%     -   38s
     1     3 1302.15573    1  396  676.00000 1337.28616  97.8%  1859   40s
     6     8 1300.53437    3  409  676.00000 1333.88021  97.3%  1058   46s
    13    15 1328.00979    9  464  676.00000 1333.88021  97.3%   845   50s
H   26    26                     677.0000000 1333.88021  97.0%   533   54s
    30    32 1317.70914   25  445  677.00000 1333.88021  97.0%   552   55s
    42    44 1257.79459   35  375  677.00000 1333.88021  97.0%   546   60s
    51    53 1303.65483   42  428  677.00000 1333.88021  97.0%   584   65s
    60    62 1295.54487   48  424  677.00000 1333.88021  97.0%   624   70s
    75    77 1219.61904   61  351  677.00000 1333.88021  97.0%   577   75s
    90    92 1241.44016   73  377  677.00000 1333.88021  97.0%   557   80s
H  104   104                     688.0000000 1333.88021  93.9%   537   83s
   109   111 1186.11460   89  346  688.00000 1333.88021  93.9%   533  106s
   114   116 1162.85176   92  343  688.00000 1333.88021  93.9%   538  110s
   130   132 1104.86763  105  340  688.00000 1333.88021  93.9%   531  115s
   145   147 1123.98440  114  347  688.00000 1333.88021  93.9%   549  120s
H  156   156                     700.0000000 1333.88021  90.6%   535  122s
H  156   156                     702.0000000 1333.88021  90.0%   535  122s
   170   172 1077.79516  131  305  702.00000 1333.88021  90.0%   535  125s
H  182   182                     705.0000000 1333.88021  89.2%   535  128s
H  182   182                     709.0000000 1333.88021  88.1%   535  128s
   186   188 1137.01129  143  342  709.00000 1333.88021  88.1%   533  130s
   200   202 1049.11579  153  318  709.00000 1333.88021  88.1%   526  135s
   211   213 1082.01468  159  315  709.00000 1333.88021  88.1%   533  140s
   235   237 1067.85682  179  309  709.00000 1333.88021  88.1%   505  145s
   262   264  986.24504  197  274  709.00000 1333.88021  88.1%   493  150s
   286   288  927.09956  213  277  709.00000 1333.88021  88.1%   483  155s
   307   309  875.72605  226  247  709.00000 1333.88021  88.1%   476  160s
   355   357  862.03130  262  244  709.00000 1333.88021  88.1%   446  165s
   413   407     cutoff  302       709.00000 1333.88021  88.1%   416  170s
H  468   436                     716.0000000 1332.45760  86.1%   385  175s
H  468   430                     722.0000000 1332.45760  84.6%   385  179s
   468   432 1268.45215   15  400  722.00000 1332.45760  84.6%   385  184s
   469   433 1267.43658   16  401  722.00000 1332.45760  84.6%   385  185s
   494   458 1235.76474   40  403  722.00000 1332.45760  84.6%   378  198s
   500   464 1221.92225   45  403  722.00000 1332.45760  84.6%   379  200s
   505   469 1216.89091   49  397  722.00000 1332.45760  84.6%   379  205s
   529   492 1076.74197  172  459  722.00000 1332.45760  84.6%   373  223s
   531   493 1215.72896   51  463  722.00000 1332.45760  84.6%   372  228s
   532   494 1327.97811   10  466  722.00000 1332.45760  84.6%   371  235s
   537   497 1276.10191   66  459  722.00000 1332.45760  84.6%   368  247s
   539   501 1277.15233   10  379  722.00000 1332.45760  84.6%   381  250s
   543   503 1290.45915   12  397  722.00000 1332.45760  84.6%   387  255s
   547   506 1275.47934   14  363  722.00000 1332.45760  84.6%   395  260s
   551   509 1275.40761   16  368  722.00000 1331.74931  84.5%   404  265s
   556   512 1328.36835   19  467  722.00000 1330.27005  84.2%   411  270s
   560   515 1325.11357   21  470  722.00000 1327.12512  83.8%   416  275s
   563   517 1272.47097   22  383  722.00000 1324.26677  83.4%   423  280s
   568   520 1320.75181   25  459  722.00000 1321.64258  83.1%   429  285s
   573   523 1266.25389   27  371  722.00000 1319.41666  82.7%   436  291s
   577   526 1283.74991   29  391  722.00000 1317.16509  82.4%   441  295s
   581   529 1251.62634   31  373  722.00000 1315.90393  82.3%   448  322s
   584   531 1314.00575   33  468  722.00000 1314.51867  82.1%   450  325s
   589   534 1251.62280   35  373  722.00000 1312.74536  81.8%   459  331s
   593   537 1253.73331   37  382  722.00000 1311.60278  81.7%   463  335s
   598   540 1308.29564   40  455  722.00000 1309.50398  81.4%   468  340s
   604   544 1305.54260   43  448  722.00000 1307.24847  81.1%   474  345s
   609   547 1265.95114   45  381  722.00000 1307.24847  81.1%   481  350s
   615   551 1240.04688   48  391  722.00000 1307.24847  81.1%   489  356s
   619   554 1252.38488   50  368  722.00000 1307.24847  81.1%   492  361s
   623   557 1241.61871   52  381  722.00000 1307.24847  81.1%   496  365s
   628   560 1292.02152   55  437  722.00000 1307.24847  81.1%   499  370s
   633   563 1258.22009   57  393  722.00000 1307.24847  81.1%   505  376s
   635   565 1208.89483   58  358  722.00000 1307.24847  81.1%   506  380s
   639   567 1234.20871   60  374  722.00000 1307.24847  81.1%   510  386s
   643   570 1222.20227   62  381  722.00000 1307.24847  81.1%   514  391s
   646   572 1281.06670   64  430  722.00000 1307.24847  81.1%   517  395s
   650   575 1279.16858   66  433  722.00000 1307.24847  81.1%   519  400s
   653   577 1212.41588   67  376  722.00000 1307.24847  81.1%   524  405s
   657   579 1218.95414   69  376  722.00000 1307.24847  81.1%   526  412s
   660   581 1272.41104   71  407  722.00000 1307.24847  81.1%   527  415s
   663   583 1208.00887   72  373  722.00000 1307.24847  81.1%   532  420s
   667   586 1192.45520   74  382  722.00000 1307.24847  81.1%   534  425s
   671   589 1203.95459   76  369  722.00000 1307.24847  81.1%   537  430s
   676   592 1254.70654   79  406  722.00000 1307.24847  81.1%   539  435s
   681   595 1213.16360   81  370  722.00000 1307.24847  81.1%   544  440s
   685   598 1186.04455   83  386  722.00000 1307.24847  81.1%   545  446s
   689   601 1183.94234   85  362  722.00000 1307.24847  81.1%   549  450s
   698   607 1233.89094   90  401  722.00000 1307.24847  81.1%   551  455s
   707   613 1127.35306   94  351  722.00000 1307.24847  81.1%   556  464s
   708   613 1219.04593   95  395  722.00000 1307.24847  81.1%   556  465s
   713   617 1151.96124   97  352  722.00000 1307.24847  81.1%   558  470s
   719   621 1131.73869  100  371  722.00000 1307.24847  81.1%   560  476s
   722   623 1199.55361  102  391  722.00000 1307.24847  81.1%   560  480s
   727   626 1131.21504  104  368  722.00000 1307.24847  81.1%   564  485s
   733   630 1115.72351  107  357  722.00000 1307.24847  81.1%   566  491s
   738   633 1177.97888  110  371  722.00000 1307.24847  81.1%   567  495s
   745   638 1114.18703  113  368  722.00000 1307.24847  81.1%   570  500s
   751   642 1085.31146  116  333  722.00000 1307.24847  81.1%   571  505s
   757   646 1086.83382  119  364  722.00000 1307.24847  81.1%   572  510s
   761   649 1069.77252  121  350  722.00000 1307.24847  81.1%   572  516s
   766   652 1136.08848  124  375  722.00000 1307.24847  81.1%   572  520s
   771   655 1062.38620  126  338  722.00000 1307.24847  81.1%   574  525s
   777   659 1059.46601  129  339  722.00000 1307.24847  81.1%   575  531s
   782   663 1113.78285  132  353  722.00000 1307.24847  81.1%   576  535s
   785   665 1021.78588  133  335  722.00000 1307.24847  81.1%   577  548s
   787   666 1037.39414  134  327  722.00000 1307.24847  81.1%   577  550s
   797   673 1046.46835  139  334  722.00000 1307.24847  81.1%   579  555s
   806   679 1080.95257  144  340  722.00000 1307.24847  81.1%   580  560s
   813   683 1009.52804  147  312  722.00000 1307.24847  81.1%   581  566s
   818   687 1065.13358  150  338  722.00000 1307.24847  81.1%   581  570s
   823   690 1002.09882  152  323  722.00000 1307.24847  81.1%   582  575s
   829   694  997.10264  155  327  722.00000 1307.24847  81.1%   582  580s
   835   698  945.13994  158  299  722.00000 1307.24847  81.1%   583  585s
   841   702  972.36464  161  315  722.00000 1307.24847  81.1%   582  590s
   849   707  934.10932  165  317  722.00000 1307.24847  81.1%   584  596s
   855   711  956.53900  168  300  722.00000 1307.24847  81.1%   584  600s
   861   715  905.12495  171  284  722.00000 1307.24847  81.1%   584  605s
   868   720  989.14649  175  318  722.00000 1307.24847  81.1%   584  610s
   873   723  923.83441  177  304  722.00000 1307.24847  81.1%   585  615s
   880   728  971.32979  181  310  722.00000 1307.24847  81.1%   584  620s
   887   733  922.26850  184  293  722.00000 1307.24847  81.1%   584  625s
   899   741  870.76343  190  284  722.00000 1307.24847  81.1%   584  630s
   910   748  932.07248  196  302  722.00000 1307.24847  81.1%   583  635s
   922   756  921.64561  202  293  722.00000 1307.24847  81.1%   582  640s
   934   764  907.25173  208  297  722.00000 1307.24847  81.1%   581  645s
   945   771  830.46341  213  272  722.00000 1307.24847  81.1%   581  650s
   961   782  826.57230  221  258  722.00000 1307.24847  81.1%   579  655s
   977   793  807.63546  229  242  722.00000 1307.24847  81.1%   578  660s
   992   803  825.62685  237  255  722.00000 1307.24847  81.1%   575  665s
   993   803  745.40467  237  244  722.00000 1307.24847  81.1%   575  672s
  1003   810  760.67418  242  229  722.00000 1307.24847  81.1%   573  675s
  1019   818  745.22950  250  236  722.00000 1307.24847  81.1%   571  680s
  1037   824  738.60940  259  223  722.00000 1307.24847  81.1%   567  685s
H 1059   788                     723.0000000 1307.24847  80.8%   559  697s
H 1059   762                     724.0000000 1307.24847  80.6%   559  697s
H 1059   736                     730.0000000 1307.24847  79.1%   559  698s
  1061   740 1267.01240   21  352  730.00000 1307.22920  79.1%   559  700s
  1068   744 1298.66428   25  407  730.00000 1307.22920  79.1%   561  705s
  1074   748 1294.79796   28  404  730.00000 1307.22920  79.1%   563  710s
  1081   753 1228.03821   31  349  730.00000 1307.22920  79.1%   566  715s
  1085   756 1198.27720   33  344  730.00000 1307.22920  79.1%   567  730s
  1091   760 1244.24285   36  355  730.00000 1307.22920  79.1%   569  735s
  1097   764 1221.02618   39  364  730.00000 1307.22920  79.1%   571  740s
  1103   768 1228.66571   42  370  730.00000 1307.22920  79.1%   572  745s
  1109   772 1225.08246   45  367  730.00000 1307.22920  79.1%   573  750s
  1115   776 1199.67575   48  350  730.00000 1307.22920  79.1%   575  755s
  1121   780 1210.49028   51  363  730.00000 1307.22920  79.1%   576  760s
  1127   784 1195.31365   54  353  730.00000 1307.22920  79.1%   578  765s
  1134   788 1242.54906   58  397  730.00000 1307.22920  79.1%   579  770s
  1140   792 1237.38054   61  404  730.00000 1307.22920  79.1%   580  775s
  1147   797 1146.54458   64  362  730.00000 1307.22920  79.1%   582  781s
  1153   801 1153.43751   67  360  730.00000 1307.22920  79.1%   583  786s
  1160   806 1210.76978   71  384  730.00000 1307.22920  79.1%   584  790s
  1168   811 1203.89891   75  381  730.00000 1307.22920  79.1%   585  795s
  1171   813 1154.57109   76  369  730.00000 1307.22920  79.1%   586  809s
  1173   814 1144.59938   77  372  730.00000 1307.22920  79.1%   586  811s
  1178   818 1189.50071   80  387  730.00000 1307.22920  79.1%   587  815s
  1187   824 1117.84814   84  367  730.00000 1307.22920  79.1%   588  820s
  1196   830 1160.92582   89  381  730.00000 1307.22920  79.1%   588  825s
  1205   836 1088.23301   93  348  730.00000 1307.22920  79.1%   589  830s
  1214   842 1129.45933   98  376  730.00000 1307.22920  79.1%   590  835s
  1223   848 1033.71880  102  334  730.00000 1307.22920  79.1%   591  840s
  1233   854 1027.23971  107  329  730.00000 1307.22920  79.1%   592  845s
  1241   860 1050.13234  111  334  730.00000 1307.22920  79.1%   593  850s
  1251   866 1022.88614  116  332  730.00000 1307.22920  79.1%   593  855s
  1263   874 1028.95868  122  352  730.00000 1307.22920  79.1%   594  860s
  1275   882  995.98089  128  339  730.00000 1307.22920  79.1%   595  865s
  1287   890  969.83042  134  321  730.00000 1307.22920  79.1%   595  870s
  1299   898  972.64005  140  310  730.00000 1307.22920  79.1%   595  875s
  1313   908  958.74591  147  315  730.00000 1307.22920  79.1%   595  881s
H 1317   886                     732.0000000 1307.22920  78.6%   594  891s
  1317   888  936.49007  149  319  732.00000 1307.22920  78.6%   595  898s
  1323   892  915.55873  152  290  732.00000 1307.22920  78.6%   595  900s
  1337   902  906.44434  159  302  732.00000 1307.22920  78.6%   594  905s
  1353   912  868.72987  167  300  732.00000 1307.22920  78.6%   594  910s
  1368   922  917.03374  175  294  732.00000 1307.22920  78.6%   594  915s
  1390   937  891.62303  186  283  732.00000 1307.22920  78.6%   592  920s
  1407   948  831.12656  194  272  732.00000 1307.22920  78.6%   591  925s
  1425   960  811.01252  203  247  732.00000 1307.22920  78.6%   590  930s
  1440   970  832.37211  211  262  732.00000 1307.22920  78.6%   588  935s
  1465   986  746.24092  223  218  732.00000 1307.22920  78.6%   586  940s
  1489   995  735.45324  235  208  732.00000 1307.22920  78.6%   582  945s
  1513   993  740.22188  247  222  732.00000 1307.22920  78.6%   577  950s
  1540   987 1218.25864   22  313  732.00000 1297.42945  77.2%   571  955s
  1548   992 1190.15872   26  313  732.00000 1297.42945  77.2%   572  960s
  1556   998 1175.97981   30  328  732.00000 1297.42945  77.2%   573  965s
  1564  1003 1184.38160   34  327  732.00000 1297.42945  77.2%   574  970s
  1572  1008 1156.23314   38  319  732.00000 1297.42945  77.2%   575  975s
  1579  1013 1207.41998   42  356  732.00000 1297.42945  77.2%   575  980s
  1586  1018 1158.41704   45  332  732.00000 1297.42945  77.2%   576  985s
  1595  1024 1188.93981   50  352  732.00000 1297.42945  77.2%   576  990s
  1604  1030 1127.18853   54  352  732.00000 1297.42945  77.2%   577  995s
  1614  1036 1099.55323   59  316  732.00000 1297.42945  77.2%   578 1000s
  1624  1043 1079.68075   64  328  732.00000 1297.42945  77.2%   579 1005s
  1634  1050 1084.52547   69  353  732.00000 1297.42945  77.2%   579 1010s
  1642  1055 1074.94637   73  338  732.00000 1297.42945  77.2%   579 1016s
  1650  1060 1087.16161   77  346  732.00000 1297.42945  77.2%   580 1020s
  1658  1066 1019.05544   81  322  732.00000 1297.42945  77.2%   580 1025s
  1668  1072 1036.87667   86  341  732.00000 1297.42945  77.2%   580 1030s
  1684  1083 1013.97232   94  329  732.00000 1297.42945  77.2%   581 1035s
  1696  1091 1024.68416  100  329  732.00000 1297.42945  77.2%   580 1040s
  1707  1098 1053.96732  106  363  732.00000 1297.42945  77.2%   580 1045s
  1716  1104  994.84920  110  305  732.00000 1297.42945  77.2%   580 1050s
  1730  1114  952.99800  117  307  732.00000 1297.42945  77.2%   580 1055s
  1742  1122  920.71148  123  317  732.00000 1297.42945  77.2%   580 1060s
  1754  1131  933.28111  129  296  732.00000 1297.42945  77.2%   579 1065s
  1768  1145  870.50062  136  303  732.00000 1297.42945  77.2%   579 1070s
  1782  1159  882.49658  143  285  732.00000 1297.42945  77.2%   579 1075s
  1796  1173  882.17223  150  297  732.00000 1297.42945  77.2%   578 1080s
  1808  1185  875.76325  156  272  732.00000 1297.42945  77.2%   577 1085s
  1824  1201  821.57648  164  268  732.00000 1297.42945  77.2%   576 1090s
  1840  1217  799.01887  172  265  732.00000 1297.42945  77.2%   575 1095s
  1858  1235  814.69309  181  265  732.00000 1297.42945  77.2%   573 1100s
  1878  1254  768.92465  191  249  732.00000 1297.42945  77.2%   572 1105s
  1904  1271  738.23828  204  239  732.00000 1297.42945  77.2%   569 1110s
  1955  1274 1295.13202   12  396  732.00000 1297.29489  77.2%   558 1116s
  1960  1279 1286.94927   15  393  732.00000 1297.29489  77.2%   559 1120s
  1968  1287 1278.72596   19  397  732.00000 1297.29489  77.2%   560 1125s
H 1975  1233                     750.0000000 1297.29489  73.0%   560 1156s
H 1975  1211                     758.0000000 1297.29489  71.1%   560 1169s
  1975  1213 1235.89954   22  339  758.00000 1297.29489  71.1%   561 1170s
  1985  1223 1168.43426   27  329  758.00000 1297.29489  71.1%   562 1176s
  1991  1229 1179.75686   30  358  758.00000 1297.29489  71.1%   563 1180s
  1995  1233 1201.60021   32  336  758.00000 1297.29489  71.1%   563 1185s
  2002  1240 1247.83388   36  386  758.00000 1297.29489  71.1%   564 1190s
  2008  1246 1243.15567   39  386  758.00000 1297.29489  71.1%   565 1195s
  2013  1251 1206.13766   41  353  758.00000 1297.29489  71.1%   566 1200s
  2019  1257 1157.47304   44  340  758.00000 1297.29489  71.1%   566 1205s
  2025  1263 1196.27820   47  354  758.00000 1297.29489  71.1%   567 1210s
  2031  1269 1164.85235   50  357  758.00000 1297.29489  71.1%   568 1217s
  2033  1271 1151.27188   51  352  758.00000 1297.29489  71.1%   568 1220s
  2039  1277 1149.31308   54  351  758.00000 1297.29489  71.1%   569 1225s
  2044  1282 1202.88716   57  384  758.00000 1297.29489  71.1%   569 1230s
  2051  1289 1117.55229   60  338  758.00000 1297.29489  71.1%   570 1235s
  2057  1295 1106.81477   63  355  758.00000 1297.29489  71.1%   570 1240s
  2063  1301 1123.41481   66  349  758.00000 1297.29489  71.1%   571 1245s
  2069  1307 1128.85712   69  373  758.00000 1297.29489  71.1%   572 1252s
  2073  1311 1127.84582   71  346  758.00000 1297.29489  71.1%   572 1255s
  2079  1317 1094.76363   74  348  758.00000 1297.29489  71.1%   572 1260s
  2085  1323 1071.68183   77  360  758.00000 1297.29489  71.1%   572 1266s
  2091  1329 1067.55885   80  357  758.00000 1297.29489  71.1%   573 1271s
  2095  1333 1098.37869   82  365  758.00000 1297.29489  71.1%   573 1275s
  2101  1339 1044.57380   85  357  758.00000 1297.29489  71.1%   573 1280s
  2105  1343 1059.31741   87  347  758.00000 1297.29489  71.1%   574 1285s
  2113  1351 1047.24283   91  349  758.00000 1297.29489  71.1%   574 1291s
  2119  1357 1070.65360   94  348  758.00000 1297.29489  71.1%   574 1295s
  2129  1367 1036.75882   99  342  758.00000 1297.29489  71.1%   575 1300s
  2137  1375 1017.92050  103  349  758.00000 1297.29489  71.1%   575 1305s
  2143  1381  977.70724  106  329  758.00000 1297.29489  71.1%   575 1310s
  2151  1389 1039.40151  110  329  758.00000 1297.29489  71.1%   575 1315s
  2159  1397 1005.69174  114  335  758.00000 1297.29489  71.1%   575 1320s
  2169  1407  992.69339  119  337  758.00000 1297.29489  71.1%   576 1325s
  2179  1417  952.89757  124  327  758.00000 1297.29489  71.1%   576 1330s
  2191  1429  955.22748  130  317  758.00000 1297.29489  71.1%   576 1335s
  2200  1438  988.14570  135  342  758.00000 1297.29489  71.1%   576 1340s
  2211  1449  911.02285  140  327  758.00000 1297.29489  71.1%   576 1345s
  2223  1461  870.59278  146  302  758.00000 1297.29489  71.1%   576 1350s
  2231  1469  885.87747  150  292  758.00000 1297.29489  71.1%   576 1355s
  2243  1481  873.71197  156  302  758.00000 1297.29489  71.1%   576 1360s
  2255  1493  875.32818  162  309  758.00000 1297.29489  71.1%   576 1365s
  2268  1506  895.84191  169  301  758.00000 1297.29489  71.1%   576 1370s
  2281  1519  841.05084  175  282  758.00000 1297.29489  71.1%   576 1375s
  2297  1535  816.35960  183  280  758.00000 1297.29489  71.1%   575 1380s
  2313  1551  783.25511  191  265  758.00000 1297.29489  71.1%   574 1385s
  2335  1567     cutoff  202       758.00000 1297.29489  71.1%   573 1390s
  2373  1569     cutoff  221       758.00000 1297.29489  71.1%   567 1395s
  2387  1573 1247.54107   15  361  758.00000 1296.38534  71.0%   567 1400s
  2396  1582 1186.06590   19  311  758.00000 1296.38534  71.0%   567 1405s
  2404  1590 1202.72142   23  326  758.00000 1296.38534  71.0%   568 1410s
  2412  1598 1186.03054   27  326  758.00000 1296.38534  71.0%   569 1415s
  2418  1604 1164.35813   30  343  758.00000 1296.38534  71.0%   569 1420s
  2427  1613 1201.79973   35  360  758.00000 1296.38534  71.0%   569 1425s
  2436  1622 1141.07659   39  340  758.00000 1296.38534  71.0%   570 1430s
  2444  1630 1108.97821   43  345  758.00000 1296.38534  71.0%   571 1435s
  2452  1638 1130.69636   47  350  758.00000 1296.38534  71.0%   572 1440s
  2464  1650 1107.55480   53  339  758.00000 1296.38534  71.0%   572 1445s
  2476  1662 1071.57377   59  353  758.00000 1296.38534  71.0%   573 1450s
  2484  1670 1001.81685   63  340  758.00000 1296.38534  71.0%   573 1455s
  2493  1679 1108.05040   68  376  758.00000 1296.38534  71.0%   574 1460s
  2504  1690 1026.48303   73  351  758.00000 1296.38534  71.0%   574 1465s
  2514  1700 1015.75242   78  345  758.00000 1296.38534  71.0%   575 1470s
  2524  1710 1011.44858   83  348  758.00000 1296.38534  71.0%   575 1475s
  2534  1720  982.18043   88  350  758.00000 1296.38534  71.0%   575 1480s
  2546  1732  959.77397   94  330  758.00000 1296.38534  71.0%   575 1486s
  2554  1740  964.82757   98  313  758.00000 1296.38534  71.0%   575 1490s
  2567  1753 1000.56330  105  340  758.00000 1296.38534  71.0%   575 1495s
  2580  1766  882.69781  111  303  758.00000 1296.38534  71.0%   576 1501s
  2588  1774  927.35567  115  320  758.00000 1296.38534  71.0%   576 1505s
  2606  1792  914.76583  124  318  758.00000 1296.38534  71.0%   576 1510s
  2626  1812  896.61650  134  275  758.00000 1296.38534  71.0%   576 1515s
  2636  1822  849.78268  139  304  758.00000 1296.38534  71.0%   576 1520s
  2652  1838  868.56383  147  299  758.00000 1296.38534  71.0%   575 1525s
  2668  1854  835.61887  155  295  758.00000 1296.38534  71.0%   575 1530s
  2694  1880  818.51608  168  288  758.00000 1296.38534  71.0%   573 1535s
  2714  1895  771.44516  178  252  758.00000 1296.38534  71.0%   572 1540s
  2738  1907  775.70960  190  254  758.00000 1296.38534  71.0%   570 1545s
  2785  1910 1242.25789   25  390  758.00000 1296.37362  71.0%   563 1550s
  2789  1914 1254.01410   27  360  758.00000 1296.37362  71.0%   564 1556s
  2795  1920 1222.30475   30  357  758.00000 1296.37362  71.0%   565 1561s
  2800  1925 1280.13879   33  406  758.00000 1296.37362  71.0%   565 1565s
  2807  1932 1222.96534   36  374  758.00000 1296.37362  71.0%   566 1570s
  2813  1938 1215.19543   39  373  758.00000 1296.37362  71.0%   567 1575s
  2819  1944 1204.92505   42  352  758.00000 1296.37362  71.0%   568 1580s
  2825  1950 1200.48941   45  380  758.00000 1296.37362  71.0%   568 1585s
  2830  1955 1250.50123   48  404  758.00000 1296.37362  71.0%   569 1590s
  2837  1962 1142.23484   51  345  758.00000 1296.37362  71.0%   570 1595s
  2843  1968 1205.96154   54  384  758.00000 1296.37362  71.0%   570 1600s
  2851  1976 1183.46941   58  371  758.00000 1296.37362  71.0%   571 1605s
  2857  1982 1176.46814   61  385  758.00000 1296.37362  71.0%   571 1610s
  2863  1988 1153.50847   64  372  758.00000 1296.37362  71.0%   572 1615s
  2869  1994 1144.23469   67  372  758.00000 1296.37362  71.0%   572 1620s
  2877  2002 1145.03874   71  396  758.00000 1296.37362  71.0%   573 1625s
  2883  2008 1100.23127   74  374  758.00000 1296.37362  71.0%   573 1630s
  2889  2014 1121.86700   77  352  758.00000 1296.37362  71.0%   574 1635s
  2896  2021 1180.10882   81  390  758.00000 1296.37362  71.0%   574 1640s
  2903  2028 1098.37278   84  369  758.00000 1296.37362  71.0%   575 1645s
  2911  2036 1109.82462   88  374  758.00000 1296.37362  71.0%   575 1650s
  2915  2040 1106.51570   90  378  758.00000 1296.37362  71.0%   575 1655s
  2923  2048 1068.75244   94  379  758.00000 1296.37362  71.0%   575 1660s
  2929  2054 1073.59057   97  370  758.00000 1296.37362  71.0%   576 1665s
  2937  2062 1020.72514  101  340  758.00000 1296.37362  71.0%   576 1670s
  2945  2070 1049.23652  105  347  758.00000 1296.37362  71.0%   576 1675s
  2953  2078 1032.06774  109  343  758.00000 1296.37362  71.0%   577 1680s
  2958  2083 1082.46453  112  354  758.00000 1296.37362  71.0%   577 1736s
  2963  2088  989.80657  114  355  758.00000 1296.37362  71.0%   577 1740s
  2971  2096  982.73002  118  336  758.00000 1296.37362  71.0%   577 1745s
  2981  2106  987.23128  123  330  758.00000 1296.37362  71.0%   577 1750s
  2988  2113 1034.95968  127  352  758.00000 1296.37362  71.0%   578 1755s
  2999  2124  974.30156  132  317  758.00000 1296.37362  71.0%   578 1760s
  3009  2134  939.43283  137  331  758.00000 1296.37362  71.0%   578 1765s
  3019  2144  939.61959  142  333  758.00000 1296.37362  71.0%   579 1770s
  3031  2156  910.92330  148  324  758.00000 1296.37362  71.0%   579 1775s
  3046  2171  949.36559  156  331  758.00000 1296.37362  71.0%   579 1780s
  3065  2190  868.45086  165  291  758.00000 1296.37362  71.0%   579 1785s
  3075  2200  886.46821  170  298  758.00000 1296.37362  71.0%   578 1790s
  3083  2208  858.75304  174  298  758.00000 1296.37362  71.0%   578 1800s

Cutting planes:
  Gomory: 4

Explored 3084 nodes (1788914 simplex iterations) in 1800.01 seconds (787.60 work units)
Thread count was 1 (of 12 available processors)

Solution count 10: 758 750 732 ... 705

Time limit reached
Best objective 7.580000000000e+02, best bound 1.296000000000e+03, gap 70.9763%
