
Gurobi 12.0.2 (linux64, C++) logging started Thu Jun 19 08:00:20 2025

Set parameter LogFile to value "log/instances/scenario1/correlated_sc1/500/kpfs_4.txt.log"

Gurobi 12.0.2 (linux64, C++) logging started Thu Jun 19 08:01:43 2025

Set parameter LogFile to value "log/instances/scenario1/correlated_sc1/500/kpfs_4.txt.log"

Gurobi 12.0.2 (linux64, C++) logging started Thu Jun 19 08:02:54 2025

Set parameter LogFile to value "log/instances/scenario1/correlated_sc1/500/kpfs_4.txt.log"

Gurobi 12.0.2 (linux64, C++) logging started Thu Jun 19 08:03:58 2025

Set parameter LogFile to value "log/instances/scenario1/correlated_sc1/500/kpfs_4.txt.log"

Gurobi 12.0.2 (linux64, C++) logging started Thu Jun 19 19:37:23 2025

Set parameter WLSAccessID
Set parameter WLSSecret
Set parameter LicenseID to value 2679381
Set parameter LogFile to value "log/instances/scenario1/correlated_sc1/500/kpfs_4.txt.log"
Academic license 2679381 - for non-commercial use only - registered to be___@poli.ufrj.br
Set parameter TimeLimit to value 1800
Set parameter Threads to value 1
Gurobi Optimizer version 12.0.2 build v12.0.2rc0 (linux64 - "Ubuntu 24.04.1 LTS")

CPU model: 13th Gen Intel(R) Core(TM) i7-1355U, instruction set [SSE2|AVX|AVX2]
Thread count: 6 physical cores, 12 logical processors, using up to 1 threads

Non-default parameters:
TimeLimit  1800
Threads  1

Academic license 2679381 - for non-commercial use only - registered to be___@poli.ufrj.br
Optimize a model with 2502 rows, 3000 columns and 20553 nonzeros
Model fingerprint: 0x34491a64
Variable types: 0 continuous, 3000 integer (500 binary)
Coefficient statistics:
  Matrix range     [1e+00, 3e+01]
  Objective range  [1e+00, 4e+01]
  Bounds range     [1e+00, 9e+00]
  RHS range        [1e+00, 8e+02]
Found heuristic solution: objective 304.0000000
Presolve removed 0 rows and 58 columns
Presolve time: 0.16s
Presolved: 2502 rows, 2942 columns, 20437 nonzeros
Variable types: 0 continuous, 2942 integer (720 binary)

Root relaxation: objective 1.325606e+03, 4736 iterations, 4.34 seconds (1.87 work units)

    Nodes    |    Current Node    |     Objective Bounds      |     Work
 Expl Unexpl |  Obj  Depth IntInf | Incumbent    BestBd   Gap | It/Node Time

     0     0 1325.60631    0  455  304.00000 1325.60631   336%     -    4s
H    0     0                     318.0000000 1325.60631   317%     -    4s
H    0     0                     331.0000000 1325.60631   300%     -    4s
H    0     0                     343.0000000 1325.60631   286%     -    4s
H    0     0                     487.0000000 1325.60631   172%     -    4s
H    0     0                     497.0000000 1325.60631   167%     -    4s
H    0     0                     519.0000000 1325.60631   155%     -    5s
H    0     0                     522.0000000 1325.60631   154%     -    5s
H    0     0                     533.0000000 1325.60631   149%     -    7s
H    0     0                     534.0000000 1325.60631   148%     -    7s
H    0     0                     665.0000000 1325.60631  99.3%     -    9s
H    0     0                     672.0000000 1325.60631  97.3%     -    9s
H    0     0                     680.0000000 1325.60631  94.9%     -    9s
     0     0 1325.29579    0  452  680.00000 1325.29579  94.9%     -   12s
H    0     0                     685.0000000 1325.28801  93.5%     -   14s
H    0     0                     705.0000000 1325.28801  88.0%     -   14s
H    0     0                     709.0000000 1325.28801  86.9%     -   15s
H    0     0                     754.0000000 1325.28801  75.8%     -   22s
     0     0 1325.28135    0  449  754.00000 1325.28135  75.8%     -   23s
     0     0 1325.19127    0  454  754.00000 1325.19127  75.8%     -   27s
     0     0 1325.18683    0  454  754.00000 1325.18683  75.8%     -   35s
     0     2 1325.18542    0  454  754.00000 1325.18542  75.8%     -   37s
     2     4 1277.16265    1  370  754.00000 1324.06768  75.6%  1850   40s
    10    12 1320.53827    7  458  754.00000 1322.31353  75.4%   861   45s
    25    27 1312.90408   21  443  754.00000 1322.31353  75.4%   590   50s
H   26    26                     759.0000000 1322.31353  74.2%   567   50s
H   26    26                     766.0000000 1322.31353  72.6%   567   50s
    36    38 1252.57620   30  354  766.00000 1322.31353  72.6%   578   56s
    49    51 1298.00297   43  422  766.00000 1322.31353  72.6%   475   60s
    70    72 1226.65896   62  353  766.00000 1322.31353  72.6%   431   65s
    93    95 1266.69342   84  395  766.00000 1322.31353  72.6%   384   70s
H  104   104                     769.0000000 1322.31353  72.0%   397   72s
H  104   104                     785.0000000 1322.31353  68.4%   397   72s
H  104   104                     795.0000000 1322.31353  66.3%   397   72s
   115   117 1202.39923  101  343  795.00000 1322.31353  66.3%   413   75s
   121   123 1161.68260  105  329  795.00000 1322.31353  66.3%   429  106s
   136   138 1162.75951  116  336  795.00000 1322.31353  66.3%   436  110s
   144   146 1133.43109  120  347  795.00000 1322.31353  66.3%   456  115s
   155   157 1080.54575  127  328  795.00000 1322.31353  66.3%   469  120s
H  156   156                     796.0000000 1322.31353  66.1%   466  120s
H  156   156                     800.0000000 1322.31353  65.3%   466  120s
   170   172 1086.13355  138  343  800.00000 1322.31353  65.3%   467  126s
H  182   182                     803.0000000 1322.31353  64.7%   461  130s
   193   195 1012.93559  153  300  803.00000 1322.31353  64.7%   476  135s
   205   207 1031.33471  160  304  803.00000 1322.31353  64.7%   482  140s
   226   228  998.26616  175  298  803.00000 1322.31353  64.7%   471  145s
   242   244  986.96230  185  286  803.00000 1322.31353  64.7%   468  150s
   262   264  941.30890  199  273  803.00000 1322.31353  64.7%   461  155s
   273   275  937.03064  205  275  803.00000 1322.31353  64.7%   461  160s
   289   291  949.46340  215  265  803.00000 1322.31353  64.7%   458  165s
   312   314  834.61454  232  258  803.00000 1322.31353  64.7%   444  170s
   339   339  874.91967  250  235  803.00000 1322.31353  64.7%   431  175s
   376   364  818.30355  274  222  803.00000 1322.31353  64.7%   411  180s
H  394   366                     804.0000000 1322.31353  64.5%   395  193s
H  394   363                     806.0000000 1322.31353  64.1%   395  196s
   398   369 1283.09062    8  381  806.00000 1321.61115  64.0%   398  200s
H  420   389                     807.0000000 1321.61115  63.8%   387  209s
   420   391 1255.99850   30  368  807.00000 1321.61115  63.8%   387  213s
   427   398 1246.70967   37  375  807.00000 1321.61115  63.8%   385  215s
   454   425 1203.03991   63  373  807.00000 1321.61115  63.8%   377  220s
   475   446 1125.99089   82  337  807.00000 1321.61115  63.8%   372  226s
   506   477 1131.30912  109  367  807.00000 1321.61115  63.8%   366  230s
   528   498 1114.71408  159  454  807.00000 1321.61115  63.8%   370  250s
   531   500 1057.43674  143  452  807.00000 1321.61115  63.8%   368  262s
   535   503  940.51427  203  454  807.00000 1321.61115  63.8%   365  281s
   537   506 1281.19658   12  376  807.00000 1321.61115  63.8%   377  285s
   542   509 1321.48478   15  451  807.00000 1321.61115  63.8%   382  290s
   545   511 1282.63212   16  384  807.00000 1320.83076  63.7%   389  296s
   548   513 1319.55603   18  446  807.00000 1320.34844  63.6%   394  300s
   551   515 1276.31483   19  382  807.00000 1318.98471  63.4%   401  305s
   556   519 1317.13373   22  454  807.00000 1317.82956  63.3%   406  310s
   559   521 1269.40892   23  368  807.00000 1316.42747  63.1%   414  315s
   563   523 1286.82893   25  380  807.00000 1315.54467  63.0%   418  321s
   567   526 1273.50469   27  384  807.00000 1313.96537  62.8%   425  351s
   571   529 1270.15692   29  358  807.00000 1312.68899  62.7%   429  356s
   574   531 1311.32211   31  448  807.00000 1311.67677  62.5%   432  361s
   577   533 1280.39806   32  377  807.00000 1310.85192  62.4%   436  365s
   581   535 1272.76122   34  380  807.00000 1309.12175  62.2%   443  371s
   585   538 1276.81506   36  397  807.00000 1308.23620  62.1%   447  377s
   587   539 1252.77885   37  365  807.00000 1307.42242  62.0%   451  380s
   591   542 1218.69300   39  334  807.00000 1305.50185  61.8%   456  385s
   595   545 1260.15430   41  375  807.00000 1304.13467  61.6%   462  390s
   597   546 1222.72778   42  340  807.00000 1303.70947  61.6%   464  395s
   602   549 1301.73862   45  438  807.00000 1302.31185  61.4%   469  400s
   607   553 1272.66591   47  386  807.00000 1299.85846  61.1%   477  406s
   611   555 1244.47322   49  375  807.00000 1297.48187  60.8%   480  411s
   613   557 1239.24824   50  359  807.00000 1297.28584  60.8%   484  415s
   617   559 1244.48180   52  331  807.00000 1297.28584  60.8%   487  420s
   621   562 1235.77060   54  346  807.00000 1297.28584  60.8%   493  428s
   623   563 1251.14754   55  360  807.00000 1297.28584  60.8%   494  430s
   627   566 1268.13764   57  386  807.00000 1297.28584  60.8%   499  435s
   631   569 1246.65619   59  363  807.00000 1297.28584  60.8%   503  441s
   635   571 1246.49137   61  379  807.00000 1297.28584  60.8%   507  446s
   639   574 1239.91941   63  363  807.00000 1297.28584  60.8%   512  451s
   643   577 1238.23670   65  374  807.00000 1297.28584  60.8%   514  455s
   647   579 1236.32723   67  352  807.00000 1297.28584  60.8%   518  462s
   650   581 1283.54852   69  426  807.00000 1297.28584  60.8%   519  465s
   654   584 1282.03829   71  432  807.00000 1297.28584  60.8%   524  470s
   658   587 1280.57310   73  433  807.00000 1297.28584  60.8%   526  475s
   663   590 1208.79355   75  354  807.00000 1297.28584  60.8%   533  481s
   667   593 1224.80791   77  385  807.00000 1297.28584  60.8%   537  486s
   673   597 1228.38575   80  379  807.00000 1297.28584  60.8%   540  490s
   677   599 1224.09298   82  367  807.00000 1297.28584  60.8%   544  496s
   681   602 1231.00216   84  358  807.00000 1297.28584  60.8%   545  500s
   685   605 1172.15200   86  331  807.00000 1297.28584  60.8%   549  505s
   689   607 1213.36575   88  368  807.00000 1297.28584  60.8%   552  510s
   694   611 1262.55467   91  408  807.00000 1297.28584  60.8%   556  515s
   699   614 1204.11653   93  347  807.00000 1297.28584  60.8%   560  521s
   704   617 1257.61452   96  414  807.00000 1297.28584  60.8%   561  525s
   707   619 1176.91644   97  333  807.00000 1297.28584  60.8%   566  533s
   709   621 1217.41095   98  360  807.00000 1297.28584  60.8%   566  535s
   714   624 1253.36331  101  394  807.00000 1297.28584  60.8%   567  540s
   719   627 1204.16661  103  347  807.00000 1297.28584  60.8%   572  545s
   725   631 1176.92549  106  336  807.00000 1297.28584  60.8%   574  550s
   731   635 1199.32480  109  340  807.00000 1297.28584  60.8%   576  555s
   736   639 1241.64387  112  375  807.00000 1297.28584  60.8%   577  560s
   740   641 1234.27389  114  376  807.00000 1297.28584  60.8%   580  565s
   745   645 1171.76275  116  358  807.00000 1297.28584  60.8%   582  570s
   752   649 1218.01807  120  358  807.00000 1297.28584  60.8%   583  576s
   761   655 1177.83506  124  342  807.00000 1297.28584  60.8%   585  580s
   769   661 1099.19393  128  341  807.00000 1297.28584  60.8%   586  585s
   779   667 1135.44054  133  338  807.00000 1297.28584  60.8%   587  590s
   785   671 1073.48681  136  342  807.00000 1297.28584  60.8%   588  600s
   794   677 1164.89409  141  344  807.00000 1297.28584  60.8%   588  605s
   801   682 1109.19552  144  325  807.00000 1297.28584  60.8%   589  610s
   813   690 1050.15849  150  316  807.00000 1297.28584  60.8%   590  615s
   822   696 1114.33503  155  342  807.00000 1297.28584  60.8%   590  620s
   829   701 1030.04257  158  311  807.00000 1297.28584  60.8%   592  625s
   835   705 1001.92356  161  320  807.00000 1297.28584  60.8%   592  630s
   845   711 1028.89022  166  312  807.00000 1297.28584  60.8%   592  635s
   853   717 1039.08601  170  311  807.00000 1297.28584  60.8%   592  640s
   862   723 1054.56472  175  317  807.00000 1297.28584  60.8%   592  645s
   872   729 1037.51663  180  314  807.00000 1297.28584  60.8%   592  650s
   881   735  995.16435  184  296  807.00000 1297.28584  60.8%   591  655s
   882   736 1021.06384  185  316  807.00000 1297.28584  60.8%   591  673s
   885   738  953.02623  186  289  807.00000 1297.28584  60.8%   591  675s
   896   745 1000.35322  192  303  807.00000 1297.28584  60.8%   590  680s
   903   750  950.43913  195  292  807.00000 1297.28584  60.8%   590  685s
   911   755  907.14565  199  283  807.00000 1297.28584  60.8%   589  690s
   919   761  910.79104  203  283  807.00000 1297.28584  60.8%   588  695s
   926   765  964.53706  207  290  807.00000 1297.28584  60.8%   587  700s
   935   771  900.64217  211  266  807.00000 1297.28584  60.8%   587  705s
   948   780  934.58241  218  279  807.00000 1297.28584  60.8%   586  710s
   961   789  867.19268  224  270  807.00000 1297.28584  60.8%   585  715s
   969   794  846.00824  228  263  807.00000 1297.28584  60.8%   585  720s
   977   799  819.72207  232  251  807.00000 1297.28584  60.8%   584  725s
   986   801  883.45904  237  267  807.00000 1297.28584  60.8%   583  731s
   997   803     cutoff  242       807.00000 1297.28584  60.8%   582  735s
  1012   805  848.43773  250  256  807.00000 1297.28584  60.8%   578  740s
  1033   797 1296.20855   14  398  807.00000 1297.26243  60.8%   571  745s
  1037   799 1253.29420   16  330  807.00000 1297.26243  60.8%   572  750s
  1041   802 1269.17930   18  358  807.00000 1297.26243  60.8%   573  755s
  1046   805 1288.84732   21  397  807.00000 1297.26243  60.8%   573  760s
  1049   807 1242.70197   22  337  807.00000 1297.26243  60.8%   575  766s
  1053   810 1232.26829   24  326  807.00000 1297.26243  60.8%   576  770s
  1056   812 1284.19862   26  398  807.00000 1297.26243  60.8%   576  799s
  1057   813 1225.50594   26  332  807.00000 1297.26243  60.8%   577  801s
  1061   815 1206.37959   28  322  807.00000 1297.26243  60.8%   578  806s
  1065   818 1224.78310   30  346  807.00000 1297.26243  60.8%   580  810s
  1067   819 1205.74783   31  319  807.00000 1297.26243  60.8%   585  815s
  1073   823 1241.27812   34  349  807.00000 1297.26243  60.8%   586  821s
  1077   826 1221.44755   36  333  807.00000 1297.26243  60.8%   587  825s
  1083   830 1210.15875   39  314  807.00000 1297.26243  60.8%   588  832s
  1087   833 1241.80492   41  342  807.00000 1297.26243  60.8%   589  835s
  1093   837 1178.77704   44  304  807.00000 1297.26243  60.8%   591  840s
  1099   841 1220.76231   47  341  807.00000 1297.26243  60.8%   592  845s
  1105   845 1193.91472   50  329  807.00000 1297.26243  60.8%   594  851s
  1110   848 1262.08790   53  376  807.00000 1297.26243  60.8%   594  855s
  1115   851 1184.54770   55  316  807.00000 1297.26243  60.8%   596  860s
  1120   855 1257.49677   58  361  807.00000 1297.26243  60.8%   597  865s
  1127   859 1212.20847   61  319  807.00000 1297.26243  60.8%   598  870s
  1135   865 1200.10630   65  311  807.00000 1297.26243  60.8%   599  875s
  1143   870 1188.93349   69  327  807.00000 1297.26243  60.8%   601  881s
  1149   874 1155.62042   72  345  807.00000 1297.26243  60.8%   602  886s
  1155   878 1196.46660   75  336  807.00000 1297.26243  60.8%   602  890s
  1160   881 1224.95155   78  379  807.00000 1297.26243  60.8%   602  895s
  1165   885 1170.46662   80  344  807.00000 1297.26243  60.8%   603  900s
  1171   889 1157.76491   83  341  807.00000 1297.26243  60.8%   604  905s
  1179   894 1139.90683   87  348  807.00000 1297.26243  60.8%   605  910s
  1185   898 1149.92690   90  344  807.00000 1297.26243  60.8%   606  915s
  1193   903 1144.59909   94  325  807.00000 1297.26243  60.8%   607  920s
  1199   907 1133.95381   97  352  807.00000 1297.26243  60.8%   607  925s
  1207   913 1134.66815  101  344  807.00000 1297.26243  60.8%   608  930s
  1211   915 1114.30630  103  356  807.00000 1297.26243  60.8%   608  935s
  1219   921 1128.20286  107  350  807.00000 1297.26243  60.8%   609  940s
  1227   926 1095.31715  111  353  807.00000 1297.26243  60.8%   609  945s
  1238   933 1144.29334  117  368  807.00000 1297.26243  60.8%   610  950s
  1249   941 1062.06181  122  328  807.00000 1297.26243  60.8%   610  955s
  1258   947 1115.43679  127  347  807.00000 1297.26243  60.8%   609  960s
  1266   952 1104.97919  131  349  807.00000 1297.26243  60.8%   609  966s
  1274   957 1093.17995  135  337  807.00000 1297.26243  60.8%   609  970s
  1283   963 1049.80334  139  318  807.00000 1297.26243  60.8%   609  975s
  1295   971 1030.85055  145  321  807.00000 1297.26243  60.8%   608  980s
  1305   978 1001.30535  150  299  807.00000 1297.26243  60.8%   608  985s
  1317   986  961.57017  156  316  807.00000 1297.26243  60.8%   608  990s
  1327   993  971.54436  161  311  807.00000 1297.26243  60.8%   608  995s
  1335   998  980.26601  165  305  807.00000 1297.26243  60.8%   607 1000s
  1345  1005  924.57021  170  300  807.00000 1297.26243  60.8%   606 1005s
  1355  1011  897.46600  175  297  807.00000 1297.26243  60.8%   606 1010s
  1364  1017  964.57249  180  300  807.00000 1297.26243  60.8%   605 1015s
  1375  1025  911.13170  185  290  807.00000 1297.26243  60.8%   604 1020s
  1386  1032  931.16351  191  298  807.00000 1297.26243  60.8%   603 1025s
  1397  1039  877.98994  196  273  807.00000 1297.26243  60.8%   603 1030s
  1405  1045  844.77693  200  273  807.00000 1297.26243  60.8%   602 1035s
  1417  1051  808.67033  206  260  807.00000 1297.26243  60.8%   601 1040s
  1431  1056     cutoff  213       807.00000 1297.26243  60.8%   599 1045s
  1449  1058  808.08994  222  261  807.00000 1297.26243  60.8%   596 1050s
  1480  1052  822.85514  238  253  807.00000 1297.26243  60.8%   588 1055s
  1503  1046 1202.36879   16  280  807.00000 1292.34033  60.1%   583 1061s
  1511  1051 1193.07636   20  287  807.00000 1292.34033  60.1%   584 1065s
  1519  1057 1196.75996   24  298  807.00000 1292.34033  60.1%   585 1070s
  1530  1064 1231.37620   30  325  807.00000 1292.34033  60.1%   586 1075s
  1538  1069 1224.00262   34  326  807.00000 1292.34033  60.1%   586 1080s
  1545  1074 1171.19694   37  296  807.00000 1292.34033  60.1%   587 1085s
  1555  1081 1168.09372   42  297  807.00000 1292.34033  60.1%   587 1090s
  1563  1086 1165.08814   46  292  807.00000 1292.34033  60.1%   587 1095s
  1569  1090 1130.24671   49  297  807.00000 1292.34033  60.1%   588 1101s
  1576  1095 1191.33528   53  333  807.00000 1292.34033  60.1%   588 1105s
  1583  1099 1152.53143   56  314  807.00000 1292.34033  60.1%   589 1110s
  1591  1105 1156.66313   60  316  807.00000 1292.34033  60.1%   589 1115s
  1598  1109 1168.64809   64  344  807.00000 1292.34033  60.1%   589 1120s
  1606  1115 1161.60618   68  342  807.00000 1292.34033  60.1%   589 1125s
  1615  1121 1110.95266   72  324  807.00000 1292.34033  60.1%   590 1130s
  1621  1125 1077.88757   75  321  807.00000 1292.34033  60.1%   590 1135s
  1623  1126 1100.91152   76  312  807.00000 1292.34033  60.1%   590 1178s
  1626  1128 1141.78385   78  339  807.00000 1292.34033  60.1%   590 1180s
  1633  1133 1081.41076   81  339  807.00000 1292.34033  60.1%   590 1185s
  1642  1139 1124.58708   86  341  807.00000 1292.34033  60.1%   590 1190s
  1649  1143 1064.49343   89  322  807.00000 1292.34033  60.1%   590 1195s
  1657  1149 1068.83550   93  336  807.00000 1292.34033  60.1%   590 1201s
  1663  1153 1039.69887   96  331  807.00000 1292.34033  60.1%   590 1205s
  1679  1163 1009.85575  104  336  807.00000 1292.34033  60.1%   589 1210s
  1697  1175  999.53918  113  329  807.00000 1292.34033  60.1%   589 1215s
  1717  1189  928.00348  123  316  807.00000 1292.34033  60.1%   589 1220s
  1735  1201  929.21931  132  327  807.00000 1292.34033  60.1%   588 1225s
  1753  1213  908.34151  141  304  807.00000 1292.34033  60.1%   587 1230s
  1767  1222  867.43717  148  301  807.00000 1292.34033  60.1%   587 1235s
  1783  1233  861.96824  156  288  807.00000 1292.34033  60.1%   586 1240s
  1801  1245  863.45514  165  288  807.00000 1292.34033  60.1%   586 1245s
  1823  1255  823.61213  176  277  807.00000 1292.34033  60.1%   584 1250s
  1852  1261  831.08890  191  278  807.00000 1292.34033  60.1%   580 1255s
  1876  1257 1249.34318   32  356  807.00000 1292.33857  60.1%   577 1260s
  1882  1261 1238.31097   35  328  807.00000 1292.33857  60.1%   578 1265s
  1888  1265 1225.36871   38  324  807.00000 1292.33857  60.1%   579 1271s
  1894  1269 1226.87011   41  333  807.00000 1292.33857  60.1%   580 1275s
  1902  1274 1198.73293   45  325  807.00000 1292.33857  60.1%   582 1280s
  1910  1279 1224.19130   49  333  807.00000 1292.33857  60.1%   583 1285s
  1922  1287 1211.11304   55  341  807.00000 1292.33857  60.1%   585 1290s
  1930  1293 1222.08093   59  343  807.00000 1292.33857  60.1%   586 1295s
  1940  1299 1173.04249   64  329  807.00000 1292.33857  60.1%   588 1302s
  1944  1302 1197.29738   66  348  807.00000 1292.33857  60.1%   588 1305s
  1954  1309 1185.80089   71  356  807.00000 1292.33857  60.1%   589 1310s
  1962  1314 1147.44263   75  337  807.00000 1292.33857  60.1%   589 1316s
  1968  1318 1183.64159   78  333  807.00000 1292.33857  60.1%   590 1320s
  1975  1323 1223.43035   82  383  807.00000 1292.33857  60.1%   590 1358s
  1978  1325 1183.11087   83  355  807.00000 1292.33857  60.1%   591 1360s
  1984  1329 1171.64928   86  344  807.00000 1292.33857  60.1%   591 1365s
  1990  1333 1171.93174   89  342  807.00000 1292.33857  60.1%   591 1370s
  1998  1338 1122.79849   93  353  807.00000 1292.33857  60.1%   592 1376s
  2004  1342 1166.73232   96  355  807.00000 1292.33857  60.1%   592 1380s
  2005  1343 1196.78101   97  378  807.00000 1292.33857  60.1%   592 1403s
  2007  1344 1195.21633   98  380  807.00000 1292.33857  60.1%   592 1405s
  2014  1349 1145.05767  101  365  807.00000 1292.33857  60.1%   593 1410s
  2023  1355 1179.55631  106  376  807.00000 1292.33857  60.1%   593 1415s
  2031  1360 1171.20423  110  376  807.00000 1292.33857  60.1%   594 1420s
  2040  1366 1108.12223  114  357  807.00000 1292.33857  60.1%   595 1425s
  2050  1375 1043.11952  119  343  807.00000 1292.33857  60.1%   595 1431s
  2058  1383 1101.41555  123  342  807.00000 1292.33857  60.1%   595 1437s
  2064  1389 1031.99082  126  343  807.00000 1292.33857  60.1%   596 1440s
  2074  1399 1067.32262  131  324  807.00000 1292.33857  60.1%   596 1445s
  2084  1409 1059.87040  136  338  807.00000 1292.33857  60.1%   596 1450s
  2094  1419 1036.58962  141  338  807.00000 1292.33857  60.1%   596 1455s
  2104  1429 1011.02915  146  314  807.00000 1292.33857  60.1%   597 1460s
  2118  1443  996.79031  153  304  807.00000 1292.33857  60.1%   597 1465s
  2132  1457  964.09968  160  311  807.00000 1292.33857  60.1%   597 1470s
  2144  1469  966.14406  166  305  807.00000 1292.33857  60.1%   596 1475s
  2156  1481  948.82853  172  298  807.00000 1292.33857  60.1%   596 1480s
  2168  1493  915.23423  178  297  807.00000 1292.33857  60.1%   596 1485s
  2182  1507  946.46888  185  290  807.00000 1292.33857  60.1%   596 1491s
  2192  1517  887.98586  190  283  807.00000 1292.33857  60.1%   596 1495s
  2206  1531  875.62121  197  267  807.00000 1292.33857  60.1%   595 1500s
  2216  1541  840.51727  202  272  807.00000 1292.33857  60.1%   595 1505s
  2230  1555  826.48863  209  265  807.00000 1292.33857  60.1%   595 1510s
  2248  1573  823.43862  218  261  807.00000 1292.33857  60.1%   594 1515s
  2282  1585     cutoff  235       807.00000 1292.33857  60.1%   590 1520s
  2309  1588 1177.45243   31  315  807.00000 1286.80650  59.5%   586 1525s
  2318  1597 1221.59599   36  337  807.00000 1286.80650  59.5%   586 1530s
  2328  1607 1212.80419   41  336  807.00000 1286.80650  59.5%   586 1535s
  2335  1614 1168.13831   44  307  807.00000 1286.80650  59.5%   587 1540s
  2345  1624 1146.13262   49  290  807.00000 1286.80650  59.5%   587 1545s
  2355  1634 1136.00124   54  314  807.00000 1286.80650  59.5%   588 1550s
  2365  1644 1127.72823   59  310  807.00000 1286.80650  59.5%   588 1555s
  2375  1654 1124.43214   64  317  807.00000 1286.80650  59.5%   588 1560s
  2385  1664 1108.38569   69  310  807.00000 1286.80650  59.5%   589 1565s
  2395  1674 1095.45697   74  321  807.00000 1286.80650  59.5%   589 1571s
  2405  1684 1045.75336   79  312  807.00000 1286.80650  59.5%   589 1575s
  2416  1695 1119.56998   85  363  807.00000 1286.80650  59.5%   589 1580s
  2427  1706 1036.70617   90  333  807.00000 1286.80650  59.5%   590 1585s
  2443  1722 1011.59712   98  320  807.00000 1286.80650  59.5%   590 1590s
  2454  1733 1068.57640  104  357  807.00000 1286.80650  59.5%   590 1595s
  2465  1744 1012.93657  109  324  807.00000 1286.80650  59.5%   590 1600s
  2473  1752 1007.81735  113  320  807.00000 1286.80650  59.5%   590 1605s
  2485  1764  975.48274  119  321  807.00000 1286.80650  59.5%   590 1610s
  2497  1776  943.80024  125  299  807.00000 1286.80650  59.5%   590 1615s
  2511  1790  937.72551  132  317  807.00000 1286.80650  59.5%   589 1620s
  2525  1804  926.97187  139  295  807.00000 1286.80650  59.5%   589 1625s
  2539  1818  923.02215  146  290  807.00000 1286.80650  59.5%   589 1630s
  2557  1836  924.49912  155  291  807.00000 1286.80650  59.5%   588 1635s
  2569  1848  896.18857  161  288  807.00000 1286.80650  59.5%   587 1640s
  2601  1880  854.85268  177  256  807.00000 1286.80650  59.5%   585 1645s
  2635  1896     cutoff  194       807.00000 1286.80650  59.5%   581 1650s
  2654  1901 1235.87763   29  340  807.00000 1286.80163  59.5%   579 1655s
  2662  1909 1212.89297   33  324  807.00000 1286.80163  59.5%   580 1660s
  2670  1917 1190.89134   37  320  807.00000 1286.80163  59.5%   581 1665s
  2678  1925 1226.26096   41  328  807.00000 1286.80163  59.5%   582 1672s
  2682  1929 1218.56818   43  341  807.00000 1286.80163  59.5%   582 1675s
  2690  1937 1215.92161   47  332  807.00000 1286.80163  59.5%   583 1680s
  2698  1945 1204.87640   51  331  807.00000 1286.80163  59.5%   584 1685s
  2706  1953 1188.17248   55  331  807.00000 1286.80163  59.5%   584 1690s
  2714  1961 1176.11416   59  341  807.00000 1286.80163  59.5%   585 1696s
  2720  1967 1192.44457   62  350  807.00000 1286.80163  59.5%   585 1700s
  2726  1973 1176.64438   65  345  807.00000 1286.80163  59.5%   586 1705s
  2740  1987 1168.44453   72  332  807.00000 1286.80163  59.5%   587 1710s
  2754  2001 1181.14775   79  357  807.00000 1286.80163  59.5%   588 1715s
  2764  2011 1129.90567   84  331  807.00000 1286.80163  59.5%   588 1720s
  2774  2021 1151.12854   89  336  807.00000 1286.80163  59.5%   588 1725s
  2783  2030 1191.21863   94  364  807.00000 1286.80163  59.5%   589 1730s
  2792  2039 1124.35773   98  341  807.00000 1286.80163  59.5%   589 1735s
  2798  2045 1130.71478  101  334  807.00000 1286.80163  59.5%   590 1740s
  2808  2055 1098.04847  106  328  807.00000 1286.80163  59.5%   590 1745s
  2818  2065 1084.13590  111  333  807.00000 1286.80163  59.5%   590 1750s
  2827  2074 1147.02370  116  347  807.00000 1286.80163  59.5%   590 1755s
  2838  2085 1100.14437  121  343  807.00000 1286.80163  59.5%   590 1760s
  2850  2097 1075.71719  127  338  807.00000 1286.80163  59.5%   591 1765s
  2864  2111 1038.88675  134  335  807.00000 1286.80163  59.5%   590 1770s
  2872  2119 1040.83105  138  327  807.00000 1286.80163  59.5%   590 1775s
  2886  2133  988.80814  145  311  807.00000 1286.80163  59.5%   590 1780s
  2898  2145  998.30656  151  312  807.00000 1286.80163  59.5%   590 1785s
  2911  2158 1032.36715  158  323  807.00000 1286.80163  59.5%   590 1790s
  2926  2173  963.79088  165  310  807.00000 1286.80163  59.5%   590 1795s

Cutting planes:
  Gomory: 3

Explored 2940 nodes (1736382 simplex iterations) in 1800.01 seconds (758.66 work units)
Thread count was 1 (of 12 available processors)

Solution count 10: 807 806 804 ... 766

Time limit reached
Best objective 8.070000000000e+02, best bound 1.286000000000e+03, gap 59.3556%
