
Gurobi 12.0.2 (linux64, C++) logging started Thu Jun 19 08:00:20 2025

Set parameter LogFile to value "log/instances/scenario1/correlated_sc1/500/kpfs_5.txt.log"

Gurobi 12.0.2 (linux64, C++) logging started Thu Jun 19 08:01:43 2025

Set parameter LogFile to value "log/instances/scenario1/correlated_sc1/500/kpfs_5.txt.log"

Gurobi 12.0.2 (linux64, C++) logging started Thu Jun 19 08:02:54 2025

Set parameter LogFile to value "log/instances/scenario1/correlated_sc1/500/kpfs_5.txt.log"

Gurobi 12.0.2 (linux64, C++) logging started Thu Jun 19 08:03:58 2025

Set parameter LogFile to value "log/instances/scenario1/correlated_sc1/500/kpfs_5.txt.log"

Gurobi 12.0.2 (linux64, C++) logging started Thu Jun 19 20:07:23 2025

Set parameter WLSAccessID
Set parameter WLSSecret
Set parameter LicenseID to value 2679381
Set parameter LogFile to value "log/instances/scenario1/correlated_sc1/500/kpfs_5.txt.log"
Academic license 2679381 - for non-commercial use only - registered to be___@poli.ufrj.br
Set parameter TimeLimit to value 1800
Set parameter Threads to value 1
Gurobi Optimizer version 12.0.2 build v12.0.2rc0 (linux64 - "Ubuntu 24.04.1 LTS")

CPU model: 13th Gen Intel(R) Core(TM) i7-1355U, instruction set [SSE2|AVX|AVX2]
Thread count: 6 physical cores, 12 logical processors, using up to 1 threads

Non-default parameters:
TimeLimit  1800
Threads  1

Academic license 2679381 - for non-commercial use only - registered to be___@poli.ufrj.br
Optimize a model with 2502 rows, 3000 columns and 20623 nonzeros
Model fingerprint: 0x263c3ef1
Variable types: 0 continuous, 3000 integer (500 binary)
Coefficient statistics:
  Matrix range     [1e+00, 3e+01]
  Objective range  [1e+00, 4e+01]
  Bounds range     [1e+00, 9e+00]
  RHS range        [1e+00, 8e+02]
Found heuristic solution: objective 382.0000000
Presolve removed 0 rows and 40 columns
Presolve time: 0.08s
Presolved: 2502 rows, 2960 columns, 20543 nonzeros
Variable types: 0 continuous, 2960 integer (729 binary)

Root relaxation: objective 1.324010e+03, 5178 iterations, 4.03 seconds (2.29 work units)

    Nodes    |    Current Node    |     Objective Bounds      |     Work
 Expl Unexpl |  Obj  Depth IntInf | Incumbent    BestBd   Gap | It/Node Time

     0     0 1324.00963    0  480  382.00000 1324.00963   247%     -    4s
H    0     0                     394.0000000 1324.00963   236%     -    4s
H    0     0                     423.0000000 1324.00963   213%     -    4s
H    0     0                     431.0000000 1324.00963   207%     -    4s
H    0     0                     455.0000000 1324.00963   191%     -    5s
H    0     0                     528.0000000 1324.00963   151%     -    5s
H    0     0                     537.0000000 1324.00963   147%     -    5s
H    0     0                     543.0000000 1324.00963   144%     -    5s
H    0     0                     610.0000000 1324.00963   117%     -    8s
H    0     0                     629.0000000 1324.00963   110%     -    8s
     0     0 1323.59083    0  481  629.00000 1323.59083   110%     -   10s
H    0     0                     632.0000000 1323.58274   109%     -   12s
H    0     0                     637.0000000 1323.58274   108%     -   12s
H    0     0                     639.0000000 1323.58274   107%     -   13s
H    0     0                     658.0000000 1323.58274   101%     -   19s
     0     0 1323.57902    0  482  658.00000 1323.57902   101%     -   19s
     0     0 1323.57136    0  482  658.00000 1323.57136   101%     -   19s
     0     0 1323.39800    0  480  658.00000 1323.39800   101%     -   23s
H    0     0                     661.0000000 1323.39341   100%     -   23s
     0     2 1323.38634    0  480  661.00000 1323.38634   100%     -   32s
     3     5 1289.16696    2  403  661.00000 1322.91927   100%  1403   36s
    10    12 1279.36492    7  407  661.00000 1322.25380   100%   854   40s
    26    28 1307.63550   22  460  661.00000 1322.25380   100%   539   45s
    47    49 1249.52411   41  371  661.00000 1322.25380   100%   473   50s
    63    65 1234.36465   55  364  661.00000 1322.25380   100%   454   55s
    87    89 1187.34666   77  342  661.00000 1322.25380   100%   431   60s
   110   112 1231.64603   97  370  661.00000 1322.25380   100%   426   65s
   126   128 1148.10571  107  333  661.00000 1322.25380   100%   465   85s
   144   146 1066.38903  119  336  661.00000 1322.25380   100%   489   90s
   169   171 1087.13201  138  329  661.00000 1322.25380   100%   481   95s
   192   194 1114.11386  155  318  661.00000 1322.25380   100%   467  100s
   221   223 1012.56460  175  311  661.00000 1322.25380   100%   461  105s
   242   244 1030.16370  189  283  661.00000 1322.25380   100%   455  110s
   268   270  939.92997  203  268  661.00000 1322.25380   100%   458  115s
   288   290  882.01051  215  261  661.00000 1322.25380   100%   456  120s
   312   314  896.77417  231  245  661.00000 1322.25380   100%   447  125s
   341   343  861.88851  251  243  661.00000 1322.25380   100%   434  130s
H  390   390                     664.0000000 1322.25380  99.1%   410  134s
H  390   390                     683.0000000 1322.25380  93.6%   410  134s
   392   394  720.30081  285  189  683.00000 1322.25380  93.6%   411  135s
   397   399  769.15330  289  201  683.00000 1322.25380  93.6%   409  141s
   455   433 1265.46632    3  388  683.00000 1321.97243  93.6%   378  146s
   479   457 1239.97417   27  366  683.00000 1321.97243  93.6%   369  150s
H  494   468                     688.0000000 1321.97243  92.1%   366  154s
H  494   463                     693.0000000 1321.97243  90.8%   366  164s
   496   467 1220.66535   42  375  693.00000 1321.97243  90.8%   366  165s
   514   485 1165.88601   57  343  693.00000 1321.97243  90.8%   366  170s
   520   491 1186.60190   61  362  693.00000 1321.97243  90.8%   367  189s
   526   496 1167.89550   98  480  693.00000 1321.97243  90.8%   365  207s
   528   497 1301.00556   32  480  693.00000 1321.97243  90.8%   363  212s
   529   498  725.17678  281  481  693.00000 1321.97243  90.8%   363  220s
   533   501  832.31702  247  480  693.00000 1321.95097  90.8%   360  236s
   535   504 1273.67711   10  379  693.00000 1321.95097  90.8%   373  242s
   537   505 1266.62583   11  385  693.00000 1321.95097  90.8%   376  245s
   540   507 1320.05198   13  471  693.00000 1321.28492  90.7%   379  250s
   543   509 1277.35423   14  391  693.00000 1319.23401  90.4%   387  255s
   547   512 1267.21622   16  374  693.00000 1318.49013  90.3%   398  261s
   549   513 1277.84206   17  386  693.00000 1317.12294  90.1%   400  265s
   553   516 1280.42222   19  381  693.00000 1315.55759  89.8%   405  272s
   554   517 1314.51678   20  463  693.00000 1315.48703  89.8%   405  275s
   557   519 1275.79421   21  396  693.00000 1314.17569  89.6%   412  281s
   560   521 1312.86055   23  466  693.00000 1313.54060  89.5%   414  285s
   563   523 1258.92349   24  372  693.00000 1312.36858  89.4%   422  292s
   565   524 1267.44102   25  369  693.00000 1311.60854  89.3%   424  295s
   567   525 1262.53139   26  389  693.00000 1310.98429  89.2%   426  300s
   571   528 1269.81213   28  371  693.00000 1309.26689  88.9%   432  309s
   572   529 1307.45415   29  462  693.00000 1309.26689  88.9%   432  310s
   575   531 1239.84285   30  364  693.00000 1306.41576  88.5%   436  316s
   577   532 1261.64286   31  382  693.00000 1305.18150  88.3%   441  320s
   579   533 1223.57381   32  358  693.00000 1304.34318  88.2%   443  356s
   582   535 1303.53798   34  454  693.00000 1303.82032  88.1%   445  360s
   585   537 1257.88603   35  369  693.00000 1302.05289  87.9%   451  366s
   587   539 1256.04701   36  392  693.00000 1300.89267  87.7%   453  370s
   589   540 1231.20194   37  335  693.00000 1300.21028  87.6%   457  375s
   593   543 1244.74741   39  365  693.00000 1297.86256  87.3%   460  382s
   595   544 1232.89642   40  368  693.00000 1297.15745  87.2%   462  385s
   599   547 1256.91458   42  369  693.00000 1295.12740  86.9%   470  393s
   601   548 1247.63291   43  349  693.00000 1294.42817  86.8%   473  396s
   604   550 1291.41990   45  433  693.00000 1293.41039  86.6%   474  400s
   608   553 1290.62517   47  425  693.00000 1290.91770  86.3%   477  405s
   611   555 1229.52924   48  362  693.00000 1289.83040  86.1%   484  411s
   615   557 1224.42292   50  378  693.00000 1287.68584  85.8%   487  415s
   619   560 1222.68258   52  340  693.00000 1285.86743  85.6%   492  420s
   624   563 1282.20479   55  422  693.00000 1285.86743  85.6%   495  425s
   627   565 1202.73541   56  339  693.00000 1285.86743  85.6%   500  430s
   631   568 1234.36761   58  350  693.00000 1285.86743  85.6%   505  435s
   639   573 1201.51259   62  360  693.00000 1285.86743  85.6%   510  440s
   645   577 1228.01106   65  352  693.00000 1285.86743  85.6%   515  445s
   651   581 1197.54069   68  355  693.00000 1285.86743  85.6%   519  451s
   655   584 1196.06295   70  354  693.00000 1285.86743  85.6%   523  455s
   661   588 1201.55349   73  361  693.00000 1285.86743  85.6%   526  460s
   665   591 1201.09439   75  363  693.00000 1285.86743  85.6%   530  465s
   671   595 1205.52915   78  357  693.00000 1285.86743  85.6%   533  470s
   676   598 1249.54432   81  402  693.00000 1285.86743  85.6%   535  475s
   680   601 1247.32507   83  384  693.00000 1285.86743  85.6%   537  480s
   685   604 1195.15092   85  347  693.00000 1285.86743  85.6%   541  485s
H  688   578                     695.0000000 1285.86743  85.0%   541  489s
H  688   554                     702.0000000 1285.86743  83.2%   541  489s
   689   557 1178.61216   87  345  702.00000 1285.86743  83.2%   543  491s
   695   561 1194.82772   90  349  702.00000 1285.86743  83.2%   544  495s
   701   565 1190.27944   93  356  702.00000 1285.86743  83.2%   547  500s
   707   569 1156.60183   96  354  702.00000 1285.86743  83.2%   551  505s
   711   571 1148.45249   98  351  702.00000 1285.86743  83.2%   552  510s
   715   574 1088.76953  100  362  702.00000 1285.86743  83.2%   553  515s
   721   578 1160.24919  103  364  702.00000 1285.86743  83.2%   556  520s
   724   580 1192.83641  105  369  702.00000 1285.86743  83.2%   556  525s
   729   583 1108.85134  107  349  702.00000 1285.86743  83.2%   558  530s
   735   587 1108.38637  110  361  702.00000 1285.86743  83.2%   559  535s
   743   593 1090.71303  114  324  702.00000 1285.86743  83.2%   562  540s
   747   595 1096.89517  116  347  702.00000 1285.86743  83.2%   565  545s
   752   599 1165.26604  119  369  702.00000 1285.86743  83.2%   565  550s
   757   602 1095.46120  121  352  702.00000 1285.86743  83.2%   567  555s
   763   606 1089.61457  124  317  702.00000 1285.86743  83.2%   568  560s
   770   611 1148.97159  128  351  702.00000 1285.86743  83.2%   568  565s
   780   617 1140.10391  133  345  702.00000 1285.86743  83.2%   569  570s
   785   621 1052.60547  135  332  702.00000 1285.86743  83.2%   571  581s
   792   625 1120.88819  139  345  702.00000 1285.86743  83.2%   571  585s
   801   631 1054.79104  143  317  702.00000 1285.86743  83.2%   572  590s
   811   638 1014.18391  148  319  702.00000 1285.86743  83.2%   573  595s
   820   644 1085.41081  153  337  702.00000 1285.86743  83.2%   576  600s
   829   650 1010.12084  157  300  702.00000 1285.86743  83.2%   577  605s
   840   657 1051.38912  163  331  702.00000 1285.86743  83.2%   577  611s
   847   662  970.08304  166  299  702.00000 1285.86743  83.2%   578  615s
   858   669 1022.58506  172  312  702.00000 1285.86743  83.2%   577  620s
   865   674  949.43754  175  305  702.00000 1285.86743  83.2%   578  625s
   878   683  998.98357  182  301  702.00000 1285.86743  83.2%   577  630s
   893   693  920.49615  189  276  702.00000 1285.86743  83.2%   577  635s
   904   700  958.13207  195  286  702.00000 1285.86743  83.2%   576  640s
   912   705  949.22942  199  277  702.00000 1285.86743  83.2%   575  645s
   923   713  871.91841  204  259  702.00000 1285.86743  83.2%   574  650s
   937   722  853.43938  211  266  702.00000 1285.86743  83.2%   573  655s
   949   730  841.85240  217  256  702.00000 1285.86743  83.2%   572  660s
   961   738  820.58875  223  256  702.00000 1285.86743  83.2%   570  665s
   971   745  832.65456  228  254  702.00000 1285.86743  83.2%   569  670s
   984   753  855.70336  235  256  702.00000 1285.86743  83.2%   567  675s
   992   759  839.77550  239  250  702.00000 1285.86743  83.2%   566  680s
  1001   765  768.45332  243  231  702.00000 1285.86743  83.2%   566  686s
  1011   771  753.87075  248  231  702.00000 1285.86743  83.2%   564  690s
  1022   779  795.88339  254  238  702.00000 1285.86743  83.2%   562  695s
  1027   782  723.77033  256  216  702.00000 1285.86743  83.2%   562  711s
  1035   787  716.64474  260  205  702.00000 1285.86743  83.2%   560  715s
  1049   797  728.22008  267  227  702.00000 1285.86743  83.2%   558  720s
  1066   796  736.02673  276  222  702.00000 1285.86743  83.2%   553  725s
  1092   785 1245.35865   14  343  702.00000 1285.86718  83.2%   545  731s
  1097   789 1240.01842   17  335  702.00000 1285.86718  83.2%   545  735s
  1102   792 1192.53752   19  314  702.00000 1285.86718  83.2%   547  740s
  1108   796 1180.71751   22  301  702.00000 1285.86718  83.2%   548  745s
  1116   801 1179.43768   26  312  702.00000 1285.86718  83.2%   550  750s
  1123   806 1219.12958   30  368  702.00000 1285.86718  83.2%   551  755s
  1128   809 1137.28936   32  321  702.00000 1285.86718  83.2%   552  760s
  1133   813 1210.25015   35  364  702.00000 1285.86718  83.2%   553  765s
  1139   817 1205.03574   38  351  702.00000 1285.86718  83.2%   553  770s
  1145   821 1202.29546   41  361  702.00000 1285.86718  83.2%   554  775s
  1150   824 1142.41223   43  318  702.00000 1285.86718  83.2%   556  780s
  1156   828 1134.17731   46  326  702.00000 1285.86718  83.2%   556  785s
  1161   831 1188.95240   49  368  702.00000 1285.86718  83.2%   557  790s
  1167   835 1184.40602   52  365  702.00000 1285.86718  83.2%   557  795s
  1172   839 1123.91745   54  337  702.00000 1285.86718  83.2%   559  801s
  1178   843 1120.58762   57  340  702.00000 1285.86718  83.2%   559  805s
  1185   847 1165.79873   61  362  702.00000 1285.86718  83.2%   560  810s
  1191   851 1156.98355   64  366  702.00000 1285.86718  83.2%   561  815s
  1199   857 1149.25526   68  367  702.00000 1285.86718  83.2%   562  820s
  1208   863 1066.89019   72  350  702.00000 1285.86718  83.2%   563  825s
  1216   868 1098.51958   76  339  702.00000 1285.86718  83.2%   564  830s
  1224   873 1034.99523   80  338  702.00000 1285.86718  83.2%   565  835s
  1232   879 1049.71648   84  337  702.00000 1285.86718  83.2%   565  840s
  1238   883 1028.66084   87  330  702.00000 1285.86718  83.2%   566  845s
  1247   889 1088.63389   92  347  702.00000 1285.86718  83.2%   566  850s
  1256   895 1032.06130   96  329  702.00000 1285.86718  83.2%   566  855s
  1265   901 1065.91787  101  348  702.00000 1285.86718  83.2%   566  860s
  1274   907  990.57787  105  312  702.00000 1285.86718  83.2%   566  865s
  1282   912  995.51647  109  304  702.00000 1285.86718  83.2%   566  870s
  1292   919  971.45443  114  299  702.00000 1285.86718  83.2%   565  875s
  1302   925  953.94100  119  315  702.00000 1285.86718  83.2%   565  880s
  1316   935  964.55338  126  316  702.00000 1285.86718  83.2%   565  885s
  1327   942  990.25707  132  311  702.00000 1285.86718  83.2%   565  890s
  1338   949  915.92950  137  305  702.00000 1285.86718  83.2%   564  895s
  1350   957  883.05896  143  293  702.00000 1285.86718  83.2%   563  900s
  1361   965  941.21761  149  294  702.00000 1285.86718  83.2%   562  905s
  1368   969  880.63420  152  284  702.00000 1285.86718  83.2%   562  924s
  1370   971  889.88463  153  293  702.00000 1285.86718  83.2%   562  925s
  1388   983  879.79249  162  289  702.00000 1285.86718  83.2%   561  930s
  1404   993  841.86035  170  278  702.00000 1285.86718  83.2%   559  935s
  1416  1001  837.19619  176  263  702.00000 1285.86718  83.2%   558  940s
  1426  1008  810.95689  181  260  702.00000 1285.86718  83.2%   557  945s
  1440  1017  816.00418  188  270  702.00000 1285.86718  83.2%   556  950s
  1454  1027  732.67171  195  264  702.00000 1285.86718  83.2%   555  955s
  1468  1036  721.58008  202  261  702.00000 1285.86718  83.2%   553  960s
  1485  1045  772.98613  211  259  702.00000 1285.86718  83.2%   551  965s
  1502  1045     cutoff  219       702.00000 1285.86718  83.2%   549  970s
  1524  1048     cutoff  230       702.00000 1285.86718  83.2%   545  975s
  1563  1036  703.28581  250  233  702.00000 1285.86718  83.2%   536  980s
  1572  1037 1281.49873   17  406  702.00000 1282.84006  82.7%   535  985s
  1577  1041 1231.44530   19  335  702.00000 1280.39233  82.4%   537  990s
  1583  1045 1236.23160   22  340  702.00000 1280.39233  82.4%   538  996s
  1588  1048 1272.01333   25  413  702.00000 1280.39233  82.4%   539 1000s
  1593  1051 1227.00883   27  346  702.00000 1280.39233  82.4%   540 1005s
  1599  1055 1214.62054   30  342  702.00000 1280.39233  82.4%   541 1012s
  1603  1058 1219.95149   32  342  702.00000 1280.39233  82.4%   542 1015s
  1609  1062 1216.74270   35  344  702.00000 1280.39233  82.4%   544 1020s
  1617  1067 1212.82233   39  342  702.00000 1280.39233  82.4%   545 1026s
  1623  1071 1182.58161   42  326  702.00000 1280.39233  82.4%   546 1030s
  1631  1077 1170.61447   46  337  702.00000 1280.39233  82.4%   547 1035s
  1639  1082 1180.75401   50  343  702.00000 1280.39233  82.4%   549 1040s
  1643  1085 1152.88642   52  361  702.00000 1280.39233  82.4%   549 1045s
  1649  1089 1166.99405   55  342  702.00000 1280.39233  82.4%   550 1050s
  1655  1093 1151.85939   58  326  702.00000 1280.39233  82.4%   552 1055s
  1659  1095 1178.21042   60  349  702.00000 1280.39233  82.4%   552 1060s
  1664  1099 1220.78743   63  381  702.00000 1280.39233  82.4%   553 1065s
  1669  1102 1148.35251   65  334  702.00000 1280.39233  82.4%   554 1070s
  1675  1106 1152.47892   68  329  702.00000 1280.39233  82.4%   554 1076s
  1679  1109 1174.52031   70  347  702.00000 1280.39233  82.4%   555 1080s
  1687  1114 1137.42096   74  337  702.00000 1280.39233  82.4%   555 1086s
  1693  1118 1125.46922   77  347  702.00000 1280.39233  82.4%   556 1091s
  1699  1122 1141.35521   80  355  702.00000 1280.39233  82.4%   557 1096s
  1705  1126 1104.63104   83  369  702.00000 1280.39233  82.4%   557 1101s
  1710  1129 1160.80130   86  378  702.00000 1280.39233  82.4%   558 1105s
  1716  1133 1153.14588   89  374  702.00000 1280.39233  82.4%   558 1110s
  1722  1137 1144.68391   92  376  702.00000 1280.39233  82.4%   558 1115s
  1731  1143 1062.48902   96  341  702.00000 1280.39233  82.4%   559 1120s
  1737  1147 1073.52703   99  363  702.00000 1280.39233  82.4%   560 1125s
  1745  1153 1056.24404  103  367  702.00000 1280.39233  82.4%   560 1130s
  1751  1157 1017.35432  106  338  702.00000 1280.39233  82.4%   561 1135s
  1761  1163 1003.96880  111  319  702.00000 1280.39233  82.4%   561 1140s
  1771  1170 1013.63933  116  343  702.00000 1280.39233  82.4%   562 1145s
  1783  1178 1007.16904  122  341  702.00000 1280.39233  82.4%   562 1150s
  1795  1186  973.00129  128  335  702.00000 1280.39233  82.4%   563 1155s
  1802  1191 1033.44327  132  348  702.00000 1280.39233  82.4%   563 1160s
  1811  1197  954.07417  136  316  702.00000 1280.39233  82.4%   563 1165s
  1819  1202  958.64957  140  316  702.00000 1280.39233  82.4%   563 1170s
  1829  1209  923.55119  145  315  702.00000 1280.39233  82.4%   563 1175s
  1840  1216  976.54852  151  340  702.00000 1280.39233  82.4%   563 1180s
  1851  1223  885.62752  156  307  702.00000 1280.39233  82.4%   563 1185s
  1863  1231  869.76928  162  285  702.00000 1280.39233  82.4%   563 1190s
  1877  1241  871.71836  169  289  702.00000 1280.39233  82.4%   563 1195s
  1889  1250  843.53639  175  311  702.00000 1280.39233  82.4%   563 1200s
  1902  1263  899.33786  182  296  702.00000 1280.39233  82.4%   562 1205s
  1910  1271  886.96959  186  293  702.00000 1280.39233  82.4%   562 1247s
  1915  1276  810.18307  188  277  702.00000 1280.39233  82.4%   563 1250s
  1932  1293  854.95589  197  283  702.00000 1280.39233  82.4%   561 1255s
  1947  1308  750.05520  204  246  702.00000 1280.39233  82.4%   561 1260s
  1971  1332  745.79302  216  251  702.00000 1280.39233  82.4%   559 1265s
H 1975  1331                     707.0000000 1280.39233  81.1%   559 1284s
H 1975  1310                     716.0000000 1280.39233  78.8%   559 1286s
H 1975  1310                     717.0000000 1280.39233  78.6%   559 1316s
  1988  1325  787.92715  225  251  717.00000 1280.39233  78.6%   558 1320s
  2013  1340  729.51201  237  224  717.00000 1280.39233  78.6%   556 1325s
  2060  1343 1279.19042   20  384  717.00000 1280.14393  78.5%   547 1330s
  2068  1351 1232.19871   24  346  717.00000 1280.14393  78.5%   548 1335s
  2078  1361 1223.50552   29  324  717.00000 1280.14393  78.5%   550 1341s
  2082  1365 1230.91721   31  339  717.00000 1280.14393  78.5%   550 1345s
  2090  1373 1201.37102   35  342  717.00000 1280.14393  78.5%   551 1351s
  2096  1379 1174.08335   38  341  717.00000 1280.14393  78.5%   553 1356s
  2102  1385 1193.76130   41  328  717.00000 1280.14393  78.5%   553 1360s
  2108  1391 1193.39839   44  343  717.00000 1280.14393  78.5%   554 1365s
  2116  1399 1171.33934   48  314  717.00000 1280.14393  78.5%   555 1371s
  2122  1405 1185.83644   51  339  717.00000 1280.14393  78.5%   555 1376s
  2130  1413 1155.40553   55  330  717.00000 1280.14393  78.5%   556 1381s
  2138  1421 1158.82423   59  333  717.00000 1280.14393  78.5%   556 1386s
  2147  1430 1204.04990   64  357  717.00000 1280.14393  78.5%   557 1390s
  2158  1441 1122.63920   69  333  717.00000 1280.14393  78.5%   558 1395s
  2170  1453 1115.55337   75  338  717.00000 1280.14393  78.5%   559 1400s
  2182  1465 1091.42233   81  335  717.00000 1280.14393  78.5%   559 1405s
  2192  1475 1094.29640   86  335  717.00000 1280.14393  78.5%   560 1410s
  2206  1489 1073.35816   93  323  717.00000 1280.14393  78.5%   560 1415s
  2220  1503 1036.00335  100  321  717.00000 1280.14393  78.5%   561 1420s
  2234  1517 1020.99518  107  321  717.00000 1280.14393  78.5%   562 1425s
  2248  1531 1026.83017  114  352  717.00000 1280.14393  78.5%   562 1430s
  2262  1545  998.43844  121  303  717.00000 1280.14393  78.5%   562 1435s
  2279  1562 1029.50684  130  329  717.00000 1280.14393  78.5%   562 1440s
  2292  1575  979.36929  136  316  717.00000 1280.14393  78.5%   562 1445s
  2310  1593  927.52905  145  301  717.00000 1280.14393  78.5%   562 1450s
  2340  1623  856.27711  160  282  717.00000 1280.14393  78.5%   562 1455s
  2365  1648  916.52942  173  290  717.00000 1280.14393  78.5%   561 1460s
  2384  1667  849.68224  182  267  717.00000 1280.14393  78.5%   561 1465s
  2408  1691  810.60852  194  249  717.00000 1280.14393  78.5%   560 1470s
  2432  1715  787.58396  206  258  717.00000 1280.14393  78.5%   559 1476s
  2452  1734  741.46287  216  234  717.00000 1280.14393  78.5%   558 1480s
  2480  1760     cutoff  230       717.00000 1280.14393  78.5%   556 1485s
  2536  1769 1238.39388   21  331  717.00000 1279.51210  78.5%   549 1490s
  2549  1782 1191.29119   27  305  717.00000 1279.51210  78.5%   550 1495s
  2561  1794 1191.66439   33  311  717.00000 1279.51210  78.5%   550 1500s
  2567  1800 1143.47599   36  290  717.00000 1279.51210  78.5%   551 1505s
  2577  1810 1150.45966   41  322  717.00000 1279.51210  78.5%   551 1510s
  2591  1824 1118.08632   48  320  717.00000 1279.51210  78.5%   552 1515s
  2605  1838 1126.74600   55  337  717.00000 1279.51210  78.5%   553 1520s
  2619  1852 1115.86925   62  303  717.00000 1279.51210  78.5%   553 1525s
  2634  1867 1128.53127   70  346  717.00000 1279.51210  78.5%   554 1530s
  2650  1883 1114.90271   78  343  717.00000 1279.51210  78.5%   554 1535s
  2665  1898 1045.12740   85  327  717.00000 1279.51210  78.5%   555 1540s
  2679  1912 1023.17138   92  328  717.00000 1279.51210  78.5%   555 1545s
  2695  1928 1026.99277  100  325  717.00000 1279.51210  78.5%   555 1550s
  2711  1944  955.68638  108  322  717.00000 1279.51210  78.5%   555 1555s
  2729  1962  958.45093  117  326  717.00000 1279.51210  78.5%   555 1560s
  2747  1980  914.19888  126  304  717.00000 1279.51210  78.5%   555 1565s
  2765  1998  867.95668  135  294  717.00000 1279.51210  78.5%   555 1570s
  2784  2017  935.39506  145  318  717.00000 1279.51210  78.5%   555 1575s
  2805  2038  857.60221  155  276  717.00000 1279.51210  78.5%   554 1580s
  2827  2060  844.86319  166  281  717.00000 1279.51210  78.5%   554 1585s
  2859  2092  791.16303  182  252  717.00000 1279.51210  78.5%   552 1590s
  2899  2132  726.30595  202  246  717.00000 1279.51210  78.5%   550 1595s
  2943  2151     cutoff  224       717.00000 1279.51210  78.5%   547 1600s
  2966  2158 1197.76994   34  330  717.00000 1279.51017  78.5%   545 1605s
  2972  2164 1211.69474   37  325  717.00000 1279.51017  78.5%   546 1610s
  2982  2174 1202.33633   42  362  717.00000 1279.51017  78.5%   547 1615s
  2992  2184 1206.58938   47  333  717.00000 1279.51017  78.5%   548 1620s
  3001  2193 1245.89007   52  386  717.00000 1279.51017  78.5%   548 1625s
  3008  2200 1198.56153   55  334  717.00000 1279.51017  78.5%   549 1630s
  3018  2210 1147.22423   60  323  717.00000 1279.51017  78.5%   550 1635s
H 3026  2213                     718.0000000 1279.51017  78.2%   550 1650s
  3026  2215 1142.96597   64  360  718.00000 1279.51017  78.2%   551 1655s
  3034  2223 1149.52805   68  333  718.00000 1279.51017  78.2%   551 1660s
  3042  2231 1152.93809   72  320  718.00000 1279.51017  78.2%   552 1665s
  3050  2239 1131.26617   76  344  718.00000 1279.51017  78.2%   552 1670s
  3057  2246 1197.89884   80  369  718.00000 1279.51017  78.2%   552 1675s
  3064  2253 1127.12942   83  351  718.00000 1279.51017  78.2%   553 1680s
  3074  2263 1113.49351   88  355  718.00000 1279.51017  78.2%   553 1686s
  3082  2271 1103.37299   92  351  718.00000 1279.51017  78.2%   554 1690s
  3096  2285 1072.54630   99  330  718.00000 1279.51017  78.2%   554 1695s
  3110  2299 1022.38107  106  331  718.00000 1279.51017  78.2%   555 1700s
  3123  2312 1094.40149  113  362  718.00000 1279.51017  78.2%   555 1705s
  3134  2323 1023.36778  118  334  718.00000 1279.51017  78.2%   556 1710s
  3150  2339 1013.46234  126  326  718.00000 1279.51017  78.2%   556 1715s
  3172  2361  991.27408  137  328  718.00000 1279.51017  78.2%   556 1720s
  3188  2377  927.07051  145  277  718.00000 1279.51017  78.2%   557 1725s
  3204  2393  932.80492  153  309  718.00000 1279.51017  78.2%   557 1730s
  3222  2411  905.83537  162  313  718.00000 1279.51017  78.2%   557 1735s
  3240  2429  874.88869  171  282  718.00000 1279.51017  78.2%   557 1740s
  3254  2443  876.92760  178  282  718.00000 1279.51017  78.2%   557 1745s
  3272  2461  815.78636  187  273  718.00000 1279.51017  78.2%   557 1750s
  3291  2480  894.21108  197  292  718.00000 1279.51017  78.2%   557 1755s
  3314  2503  778.54258  208  258  718.00000 1279.51017  78.2%   556 1760s
  3338  2527  754.97362  220  231  718.00000 1279.51017  78.2%   556 1765s
  3364  2553  746.97685  233  256  718.00000 1279.51017  78.2%   555 1770s
  3390  2577  738.67149  246  236  718.00000 1279.51017  78.2%   554 1775s
  3449  2579 1218.05792   30  326  718.00000 1277.83981  78.0%   548 1780s
  3473  2603 1128.98420   42  270  718.00000 1277.83981  78.0%   549 1785s
  3497  2627 1118.67783   54  316  718.00000 1277.83981  78.0%   550 1790s
  3509  2639 1123.71946   60  316  718.00000 1277.83981  78.0%   550 1795s

Cutting planes:
  Gomory: 3

Explored 3525 nodes (1945060 simplex iterations) in 1800.01 seconds (799.96 work units)
Thread count was 1 (of 12 available processors)

Solution count 10: 718 717 716 ... 664

Time limit reached
Best objective 7.180000000000e+02, best bound 1.277000000000e+03, gap 77.8552%
