
Gurobi 12.0.2 (linux64, C++) logging started Thu Jun 19 08:00:20 2025

Set parameter LogFile to value "log/instances/scenario1/correlated_sc1/500/kpfs_8.txt.log"

Gurobi 12.0.2 (linux64, C++) logging started Thu Jun 19 08:01:43 2025

Set parameter LogFile to value "log/instances/scenario1/correlated_sc1/500/kpfs_8.txt.log"

Gurobi 12.0.2 (linux64, C++) logging started Thu Jun 19 08:02:54 2025

Set parameter LogFile to value "log/instances/scenario1/correlated_sc1/500/kpfs_8.txt.log"

Gurobi 12.0.2 (linux64, C++) logging started Thu Jun 19 08:03:58 2025

Set parameter LogFile to value "log/instances/scenario1/correlated_sc1/500/kpfs_8.txt.log"

Gurobi 12.0.2 (linux64, C++) logging started Thu Jun 19 21:37:24 2025

Set parameter WLSAccessID
Set parameter WLSSecret
Set parameter LicenseID to value 2679381
Set parameter LogFile to value "log/instances/scenario1/correlated_sc1/500/kpfs_8.txt.log"
Academic license 2679381 - for non-commercial use only - registered to be___@poli.ufrj.br
Set parameter TimeLimit to value 1800
Set parameter Threads to value 1
Gurobi Optimizer version 12.0.2 build v12.0.2rc0 (linux64 - "Ubuntu 24.04.1 LTS")

CPU model: 13th Gen Intel(R) Core(TM) i7-1355U, instruction set [SSE2|AVX|AVX2]
Thread count: 6 physical cores, 12 logical processors, using up to 1 threads

Non-default parameters:
TimeLimit  1800
Threads  1

Academic license 2679381 - for non-commercial use only - registered to be___@poli.ufrj.br
Optimize a model with 2502 rows, 3000 columns and 20534 nonzeros
Model fingerprint: 0xc0e6e366
Variable types: 0 continuous, 3000 integer (500 binary)
Coefficient statistics:
  Matrix range     [1e+00, 3e+01]
  Objective range  [1e+00, 4e+01]
  Bounds range     [1e+00, 9e+00]
  RHS range        [1e+00, 8e+02]
Found heuristic solution: objective 315.0000000
Presolve removed 0 rows and 35 columns
Presolve time: 0.11s
Presolved: 2502 rows, 2965 columns, 20464 nonzeros
Variable types: 0 continuous, 2965 integer (751 binary)

Root relaxation: objective 1.325892e+03, 4847 iterations, 4.73 seconds (1.86 work units)

    Nodes    |    Current Node    |     Objective Bounds      |     Work
 Expl Unexpl |  Obj  Depth IntInf | Incumbent    BestBd   Gap | It/Node Time

     0     0 1325.89180    0  465  315.00000 1325.89180   321%     -    4s
H    0     0                     336.0000000 1325.89180   295%     -    4s
H    0     0                     343.0000000 1325.89180   287%     -    5s
H    0     0                     350.0000000 1325.89180   279%     -    5s
H    0     0                     465.0000000 1325.89180   185%     -    5s
H    0     0                     483.0000000 1325.89180   175%     -    5s
H    0     0                     518.0000000 1325.89180   156%     -    5s
H    0     0                     529.0000000 1325.89180   151%     -    6s
H    0     0                     552.0000000 1325.89180   140%     -    6s
H    0     0                     553.0000000 1325.89180   140%     -    9s
H    0     0                     558.0000000 1325.89180   138%     -    9s
H    0     0                     616.0000000 1325.89180   115%     -    9s
     0     0 1325.59463    0  453  616.00000 1325.59463   115%     -   12s
H    0     0                     621.0000000 1325.58244   113%     -   13s
H    0     0                     626.0000000 1325.58244   112%     -   16s
H    0     0                     633.0000000 1325.58244   109%     -   17s
H    0     0                     653.0000000 1325.58244   103%     -   23s
     0     0 1325.54623    0  452  653.00000 1325.54623   103%     -   23s
     0     0 1325.34782    0  456  653.00000 1325.34782   103%     -   27s
     0     0 1325.34718    0  456  653.00000 1325.34718   103%     -   36s
H    0     0                     662.0000000 1325.34718   100%     -   38s
H    0     0                     669.0000000 1325.34718  98.1%     -   38s
     0     2 1325.34718    0  456  669.00000 1325.34718  98.1%     -   38s
     2     4 1288.64116    1  385  669.00000 1324.94446  98.0%  1042   40s
     6     8 1288.95194    3  398  669.00000 1323.07681  97.8%  1150   45s
    22    24 1315.77972   18  447  669.00000 1323.07159  97.8%   579   50s
H   26    26                     685.0000000 1323.07159  93.1%   512   51s
H   26    26                     698.0000000 1323.07159  89.6%   512   51s
    49    51 1304.80735   45  423  698.00000 1323.07159  89.6%   354   55s
    67    69 1245.06383   61  344  698.00000 1323.07159  89.6%   365   61s
    76    78 1238.53895   69  340  698.00000 1323.07159  89.6%   376   65s
    94    96 1240.35633   85  361  698.00000 1323.07159  89.6%   369   70s
H  104   104                     703.0000000 1323.07159  88.2%   388   73s
H  104   104                     707.0000000 1323.07159  87.1%   388   73s
   106   108 1155.75276   93  339  707.00000 1323.07159  87.1%   415   75s
H  130   130                     722.0000000 1323.07159  83.3%   396   79s
H  130   130                     737.0000000 1323.07159  79.5%   396   79s
   132   134 1193.83162  116  329  737.00000 1323.07159  79.5%   401  106s
   148   150 1176.20416  129  322  737.00000 1323.07159  79.5%   390  110s
H  156   156                     738.0000000 1323.07159  79.3%   392  112s
H  156   156                     740.0000000 1323.07159  78.8%   392  112s
   163   165 1146.15877  139  310  740.00000 1323.07159  78.8%   415  115s
   178   180 1111.94931  150  314  740.00000 1323.07159  78.8%   415  120s
   197   199 1164.04693  164  335  740.00000 1323.07159  78.8%   414  125s
   219   221 1098.98837  177  306  740.00000 1323.07159  78.8%   430  131s
   246   248 1030.33841  197  288  740.00000 1323.07159  78.8%   421  135s
   276   278 1028.35422  217  270  740.00000 1323.07159  78.8%   413  140s
   304   306  940.41049  236  253  740.00000 1323.07159  78.8%   405  145s
   340   342  900.47779  261  227  740.00000 1323.07159  78.8%   393  150s
H  364   364                     741.0000000 1323.07159  78.6%   386  154s
H  364   364                     742.0000000 1323.07159  78.3%   386  154s
   372   374  881.81617  284  212  742.00000 1323.07159  78.3%   381  155s
   401   403  803.28877  304  194  742.00000 1323.07159  78.3%   370  160s
   467   444 1275.23785    7  395  742.00000 1322.53478  78.2%   342  165s
   495   472 1252.09298   35  376  742.00000 1322.53478  78.2%   333  180s
   518   495 1233.84656   56  365  742.00000 1322.53478  78.2%   330  185s
H  521   484                     756.0000000 1322.53478  74.9%   328  188s
H  521   482                     759.0000000 1322.53478  74.2%   328  198s
H  521   482                     762.0000000 1322.53478  73.6%   328  199s
   521   484 1230.77157   59  358  762.00000 1322.53478  73.6%   329  200s
   526   488 1265.74988   97  456  762.00000 1322.53478  73.6%   326  218s
   528   489 1320.12624   11  465  762.00000 1322.53478  73.6%   325  221s
   529   490  772.32721  311  453  762.00000 1322.53478  73.6%   325  228s
   533   493 1316.04799   18  456  762.00000 1322.50599  73.6%   322  244s
   534   495 1322.50599   12  454  762.00000 1322.50599  73.6%   332  246s
   537   497 1284.45350   13  403  762.00000 1322.50599  73.6%   338  251s
   539   499 1283.90919   14  383  762.00000 1322.50599  73.6%   341  255s
   543   501 1287.93220   16  382  762.00000 1322.10205  73.5%   347  261s
   546   503 1321.23841   18  458  762.00000 1321.62148  73.4%   352  265s
   549   505 1287.45156   19  384  762.00000 1320.76216  73.3%   359  271s
   552   507 1319.45562   21  449  762.00000 1319.63393  73.2%   361  275s
   555   509 1269.77374   22  375  762.00000 1319.26046  73.1%   369  280s
   559   512 1290.92875   24  387  762.00000 1317.43196  72.9%   374  286s
   562   514 1315.60444   26  449  762.00000 1316.19489  72.7%   379  290s
   566   517 1314.00862   28  445  762.00000 1314.51972  72.5%   383  295s
   569   519 1252.56973   29  353  762.00000 1312.87674  72.3%   391  301s
   571   520 1270.94258   30  349  762.00000 1311.68207  72.1%   393  329s
   573   521 1255.74477   31  352  762.00000 1311.39379  72.1%   395  330s
   577   524 1277.47914   33  391  762.00000 1310.25035  71.9%   401  335s
   581   527 1240.27224   35  341  762.00000 1309.43966  71.8%   408  340s
   584   529 1308.26464   37  440  762.00000 1308.51571  71.7%   410  345s
   587   531 1272.81370   38  378  762.00000 1307.57369  71.6%   416  350s
   590   533 1305.50137   40  437  762.00000 1306.18152  71.4%   418  355s
   593   535 1249.94080   41  358  762.00000 1305.01523  71.3%   425  361s
   595   536 1276.77996   42  379  762.00000 1303.66501  71.1%   427  367s
   598   538 1302.56729   44  437  762.00000 1303.02240  71.0%   428  370s
   601   540 1243.70778   45  349  762.00000 1301.24230  70.8%   435  376s
   604   542 1300.15757   47  434  762.00000 1301.04262  70.7%   437  380s
   609   545 1258.11370   49  355  762.00000 1298.44949  70.4%   444  386s
   612   547 1296.86288   51  429  762.00000 1298.15123  70.4%   445  390s
   615   549 1233.10478   52  342  762.00000 1296.53274  70.1%   452  396s
   617   551 1265.97501   53  365  762.00000 1295.63575  70.0%   453  401s
   619   552 1237.09086   54  346  762.00000 1295.11260  70.0%   455  405s
   623   555 1254.72151   56  350  762.00000 1293.48084  69.7%   460  411s
   626   557 1291.53830   58  420  762.00000 1292.62586  69.6%   461  415s
   629   559 1241.42097   59  351  762.00000 1292.62586  69.6%   466  420s
   633   561 1248.22288   61  368  762.00000 1292.62586  69.6%   469  426s
   636   563 1288.21972   63  419  762.00000 1292.62586  69.6%   471  430s
   639   565 1230.29642   64  337  762.00000 1292.62586  69.6%   476  437s
   642   567 1287.26236   66  418  762.00000 1292.62586  69.6%   477  440s
   645   569 1246.97490   67  362  762.00000 1292.62586  69.6%   480  445s
   651   573 1206.73946   70  329  762.00000 1292.62586  69.6%   486  450s
   655   576 1247.76803   72  348  762.00000 1292.62586  69.6%   491  456s
   658   578 1281.41856   74  409  762.00000 1292.62586  69.6%   492  462s
   660   579 1280.29382   75  411  762.00000 1292.62586  69.6%   494  467s
   662   581 1279.20273   76  413  762.00000 1292.62586  69.6%   497  470s
   666   583 1278.23385   78  404  762.00000 1292.62586  69.6%   500  475s
   671   587 1238.59913   80  338  762.00000 1292.62586  69.6%   505  481s
   675   589 1226.11395   82  322  762.00000 1292.62586  69.6%   507  485s
   679   592 1204.17187   84  315  762.00000 1292.62586  69.6%   512  490s
   684   595 1269.60271   87  393  762.00000 1292.62586  69.6%   513  495s
   688   598 1266.44448   89  392  762.00000 1292.62586  69.6%   516  501s
   691   600 1211.66054   90  339  762.00000 1292.62586  69.6%   520  505s
   696   603 1262.30136   93  385  762.00000 1292.62586  69.6%   521  510s
   703   608 1203.31650   96  334  762.00000 1292.62586  69.6%   526  515s
   711   613 1203.08690  100  330  762.00000 1292.62586  69.6%   531  521s
   716   617 1252.87628  103  371  762.00000 1292.62586  69.6%   532  525s
   721   620 1202.08585  105  317  762.00000 1292.62586  69.6%   536  530s
   725   623 1191.65516  107  350  762.00000 1292.62586  69.6%   538  536s
   729   625 1177.33175  109  321  762.00000 1292.62586  69.6%   542  540s
   735   629 1188.28704  112  341  762.00000 1292.62586  69.6%   544  546s
   740   633 1239.29537  115  372  762.00000 1292.62586  69.6%   546  550s
   744   635 1237.36239  117  358  762.00000 1292.62586  69.6%   548  556s
   749   639 1192.11597  119  337  762.00000 1292.62586  69.6%   550  560s
   753   641 1126.54492  121  314  762.00000 1292.62586  69.6%   552  565s
   758   645 1226.30636  124  340  762.00000 1292.62586  69.6%   552  570s
   765   649 1166.15020  127  316  762.00000 1292.62586  69.6%   554  575s
   771   653 1128.91808  130  291  762.00000 1292.62586  69.6%   555  580s
   777   657 1133.89448  133  314  762.00000 1292.62586  69.6%   556  585s
   785   663 1137.17893  137  322  762.00000 1292.62586  69.6%   558  596s
   789   665 1146.61698  139  312  762.00000 1292.62586  69.6%   559  600s
   797   671 1138.09384  143  330  762.00000 1292.62586  69.6%   560  605s
   805   676 1114.95461  147  317  762.00000 1292.62586  69.6%   561  610s
   813   681 1103.59891  151  324  762.00000 1292.62586  69.6%   562  615s
   822   687 1159.39905  156  340  762.00000 1292.62586  69.6%   562  620s
   832   694 1140.78584  161  323  762.00000 1292.62586  69.6%   562  625s
   845   703 1051.29707  167  292  762.00000 1292.62586  69.6%   563  630s
   852   707 1112.31694  171  313  762.00000 1292.62586  69.6%   563  635s
   861   713 1027.11419  175  291  762.00000 1292.62586  69.6%   563  640s
   873   721 1027.60309  181  294  762.00000 1292.62586  69.6%   563  645s
   885   729 1008.52790  187  283  762.00000 1292.62586  69.6%   562  650s
   895   736 1036.32442  192  285  762.00000 1292.62586  69.6%   562  655s
   905   743 1016.43103  197  284  762.00000 1292.62586  69.6%   561  660s
   917   751  971.17936  203  282  762.00000 1292.62586  69.6%   560  665s
   923   755  978.22582  206  272  762.00000 1292.62586  69.6%   560  670s
   935   763  922.47323  212  275  762.00000 1292.62586  69.6%   560  675s
   954   775  966.47025  222  280  762.00000 1292.62586  69.6%   558  680s
   967   784  919.61689  228  254  762.00000 1292.62586  69.6%   557  685s
   975   789  845.96020  232  260  762.00000 1292.62586  69.6%   556  715s
   979   792  873.99280  234  269  762.00000 1292.62586  69.6%   556  748s
   982   794  924.55616  236  269  762.00000 1292.62586  69.6%   555  750s
   993   801  864.60709  241  247  762.00000 1292.62586  69.6%   556  755s
  1007   811  836.67538  248  234  762.00000 1292.62586  69.6%   554  760s
  1021   820  807.70331  255  230  762.00000 1292.62586  69.6%   553  765s
  1034   829  846.06323  262  236  762.00000 1292.62586  69.6%   551  770s
  1051   835     cutoff  270       762.00000 1292.62586  69.6%   549  775s
  1083   829 1254.65015   14  339  762.00000 1292.58003  69.6%   539  780s
  1087   832 1258.56447   16  351  762.00000 1292.58003  69.6%   541  786s
  1091   835 1250.94899   18  332  762.00000 1292.58003  69.6%   542  791s
  1095   837 1247.24282   20  342  762.00000 1292.58003  69.6%   543  795s
  1099   840 1245.58564   22  327  762.00000 1292.58003  69.6%   544  802s
  1102   842 1280.43641   24  385  762.00000 1292.58003  69.6%   544  805s
  1107   845 1244.00424   26  347  762.00000 1292.58003  69.6%   546  811s
  1111   848 1238.09246   28  329  762.00000 1292.58003  69.6%   548  816s
  1115   851 1199.45666   30  321  762.00000 1292.58003  69.6%   549  821s
  1119   853 1232.98950   32  339  762.00000 1292.58003  69.6%   550  825s
  1123   856 1247.28294   34  335  762.00000 1292.58003  69.6%   551  830s
  1127   859 1232.56789   36  316  762.00000 1292.58003  69.6%   552  835s
  1132   862 1266.74583   39  371  762.00000 1292.58003  69.6%   552  840s
  1137   865 1227.32863   41  332  762.00000 1292.58003  69.6%   553  845s
  1142   869 1261.26940   44  368  762.00000 1292.58003  69.6%   554  850s
  1147   872 1224.42098   46  324  762.00000 1292.58003  69.6%   555  855s
  1151   875 1200.73810   48  321  762.00000 1292.58003  69.6%   556  860s
  1159   880 1216.30842   52  334  762.00000 1292.58003  69.6%   559  865s
  1163   883 1195.96568   54  319  762.00000 1292.58003  69.6%   559  870s
  1168   886 1246.24028   57  369  762.00000 1292.58003  69.6%   560  875s
  1173   889 1218.02264   59  330  762.00000 1292.58003  69.6%   561  880s
  1179   893 1177.31309   62  313  762.00000 1292.58003  69.6%   562  886s
  1183   896 1191.52890   64  328  762.00000 1292.58003  69.6%   563  890s
  1189   900 1189.67362   67  317  762.00000 1292.58003  69.6%   564  895s
  1195   904 1162.67022   70  326  762.00000 1292.58003  69.6%   566  901s
  1199   907 1163.67554   72  356  762.00000 1292.58003  69.6%   567  905s
  1207   912 1155.86833   76  325  762.00000 1292.58003  69.6%   568  910s
  1214   917 1215.38569   80  351  762.00000 1292.58003  69.6%   569  915s
  1221   921 1147.59334   83  342  762.00000 1292.58003  69.6%   570  920s
  1233   929 1127.19293   89  328  762.00000 1292.58003  69.6%   571  925s
  1247   939 1124.43248   96  331  762.00000 1292.58003  69.6%   573  930s
  1253   943 1124.30296   99  323  762.00000 1292.58003  69.6%   573  935s
  1261   948 1123.12800  103  338  762.00000 1292.58003  69.6%   573  940s
  1269   953 1075.18956  107  336  762.00000 1292.58003  69.6%   574  945s
  1278   959 1137.81638  112  346  762.00000 1292.58003  69.6%   574  950s
  1287   965 1065.82377  116  337  762.00000 1292.58003  69.6%   575  955s
  1296   971 1111.11781  121  344  762.00000 1292.58003  69.6%   574  960s
  1305   977 1041.80760  125  336  762.00000 1292.58003  69.6%   575  965s
  1313   983 1017.27663  129  322  762.00000 1292.58003  69.6%   575  970s
  1321   988 1004.81322  133  309  762.00000 1292.58003  69.6%   576  975s
  1332   995 1061.32805  139  331  762.00000 1292.58003  69.6%   576  980s
  1343  1003  987.73427  144  310  762.00000 1292.58003  69.6%   576  985s
  1355  1011  956.81678  150  300  762.00000 1292.58003  69.6%   576  990s
  1369  1020  940.71814  157  295  762.00000 1292.58003  69.6%   576  995s
  1380  1027  999.76915  163  309  762.00000 1292.58003  69.6%   575 1000s
  1391  1035  916.19159  168  303  762.00000 1292.58003  69.6%   575 1005s
  1402  1042  971.27582  174  304  762.00000 1292.58003  69.6%   575 1010s
  1414  1050  954.39761  180  291  762.00000 1292.58003  69.6%   575 1015s
  1427  1059  880.25946  186  252  762.00000 1292.58003  69.6%   574 1020s
  1441  1068  897.42975  193  272  762.00000 1292.58003  69.6%   574 1025s
  1455  1077  864.10194  200  270  762.00000 1292.58003  69.6%   573 1030s
  1465  1084  854.74943  205  272  762.00000 1292.58003  69.6%   572 1035s
  1478  1093  877.60014  212  268  762.00000 1292.58003  69.6%   571 1040s
  1499  1107  799.46563  222  245  762.00000 1292.58003  69.6%   569 1045s
  1517  1115     cutoff  231       762.00000 1292.58003  69.6%   567 1050s
  1534  1120  814.09665  240  239  762.00000 1292.58003  69.6%   565 1055s
  1563  1115     cutoff  254       762.00000 1292.58003  69.6%   559 1060s
  1592  1108 1211.83054   14  300  762.00000 1290.92286  69.4%   552 1065s
  1598  1112 1205.33588   17  307  762.00000 1290.92286  69.4%   553 1070s
  1604  1116 1188.14016   20  315  762.00000 1290.92286  69.4%   554 1112s
  1608  1118 1203.85817   22  305  762.00000 1290.92286  69.4%   554 1116s
  1614  1122 1192.06586   25  308  762.00000 1290.92286  69.4%   555 1120s
  1622  1128 1169.38882   29  300  762.00000 1290.92286  69.4%   555 1125s
  1630  1133 1170.94170   33  305  762.00000 1290.92286  69.4%   556 1130s
  1636  1137 1189.59936   36  309  762.00000 1290.92286  69.4%   557 1135s
  1644  1142 1178.61973   40  320  762.00000 1290.92286  69.4%   557 1141s
  1651  1147 1205.39303   44  330  762.00000 1290.92286  69.4%   558 1145s
  1662  1154 1147.05055   49  312  762.00000 1290.92286  69.4%   559 1150s
  1673  1162 1191.27009   55  330  762.00000 1290.92286  69.4%   559 1155s
  1682  1168 1128.08553   59  300  762.00000 1290.92286  69.4%   560 1160s
  1692  1174 1110.64501   64  318  762.00000 1290.92286  69.4%   560 1165s
  1699  1179 1172.95831   68  341  762.00000 1290.92286  69.4%   560 1170s
  1709  1186 1159.57497   73  351  762.00000 1290.92286  69.4%   561 1175s
  1718  1192 1097.53357   77  314  762.00000 1290.92286  69.4%   561 1180s
  1728  1198 1081.57816   82  327  762.00000 1290.92286  69.4%   562 1185s
  1742  1208 1073.23433   89  335  762.00000 1290.92286  69.4%   562 1190s
  1754  1216 1055.43958   95  326  762.00000 1290.92286  69.4%   563 1195s
  1764  1222 1006.52069  100  326  762.00000 1290.92286  69.4%   563 1201s
  1774  1229 1008.23635  105  312  762.00000 1290.92286  69.4%   564 1205s
  1784  1236 1024.45700  110  333  762.00000 1290.92286  69.4%   564 1210s
  1796  1244  999.26031  116  335  762.00000 1290.92286  69.4%   564 1215s
  1809  1252 1043.88570  123  346  762.00000 1290.92286  69.4%   563 1220s
  1820  1260  981.99487  128  317  762.00000 1290.92286  69.4%   564 1225s
  1832  1268  965.43314  134  312  762.00000 1290.92286  69.4%   563 1230s
  1842  1274  963.74569  139  307  762.00000 1290.92286  69.4%   564 1235s
  1858  1285  937.67835  147  295  762.00000 1290.92286  69.4%   563 1240s
  1876  1297  942.26461  156  293  762.00000 1290.92286  69.4%   562 1245s
  1890  1306  885.89700  163  283  762.00000 1290.92286  69.4%   562 1250s
  1905  1316  927.21522  171  293  762.00000 1290.92286  69.4%   561 1255s
  1920  1326  839.62391  178  278  762.00000 1290.92286  69.4%   561 1260s
  1938  1338  857.37605  187  258  762.00000 1290.92286  69.4%   560 1265s
  1952  1348  843.09185  194  273  762.00000 1290.92286  69.4%   559 1270s
  1970  1360  803.93577  203  266  762.00000 1290.92286  69.4%   558 1275s
  1992  1374  776.83493  214  257  762.00000 1290.92286  69.4%   557 1280s
  2024  1379     cutoff  230       762.00000 1290.92286  69.4%   552 1285s
  2053  1382 1246.27285   27  323  762.00000 1290.91199  69.4%   547 1290s
  2059  1388 1251.45046   30  337  762.00000 1290.91199  69.4%   548 1295s
  2065  1394 1229.70267   33  334  762.00000 1290.91199  69.4%   549 1301s
  2073  1402 1230.99063   37  347  762.00000 1290.91199  69.4%   551 1305s
  2081  1410 1238.38028   41  334  762.00000 1290.91199  69.4%   552 1311s
  2085  1414 1215.39971   43  328  762.00000 1290.91199  69.4%   553 1315s
  2090  1419 1264.20278   46  380  762.00000 1290.91199  69.4%   553 1320s
  2095  1424 1231.51024   48  342  762.00000 1290.91199  69.4%   554 1325s
  2101  1430 1223.31813   51  337  762.00000 1290.91199  69.4%   555 1330s
  2105  1434 1214.80345   53  333  762.00000 1290.91199  69.4%   555 1335s
  2111  1440 1180.37992   56  346  762.00000 1290.91199  69.4%   556 1340s
  2117  1446 1203.34389   59  345  762.00000 1290.91199  69.4%   557 1345s
  2123  1452 1213.45505   62  357  762.00000 1290.91199  69.4%   558 1350s
  2129  1458 1190.36747   65  346  762.00000 1290.91199  69.4%   558 1355s
  2135  1464 1156.75753   68  341  762.00000 1290.91199  69.4%   559 1361s
  2143  1472 1192.16195   72  355  762.00000 1290.91199  69.4%   560 1365s
  2149  1478 1184.61016   75  341  762.00000 1290.91199  69.4%   560 1370s
  2156  1485 1213.02547   79  376  762.00000 1290.91199  69.4%   560 1375s
  2162  1491 1206.36598   82  368  762.00000 1290.91199  69.4%   561 1380s
  2169  1498 1156.30674   85  347  762.00000 1290.91199  69.4%   562 1385s
  2175  1504 1135.41008   88  344  762.00000 1290.91199  69.4%   562 1391s
  2181  1510 1156.01875   91  354  762.00000 1290.91199  69.4%   563 1395s
  2188  1517 1183.92129   95  367  762.00000 1290.91199  69.4%   563 1400s
  2193  1522 1105.74245   97  363  762.00000 1290.91199  69.4%   564 1405s
  2201  1530 1116.99677  101  344  762.00000 1290.91199  69.4%   564 1410s
  2207  1536 1093.32449  104  340  762.00000 1290.91199  69.4%   564 1416s
  2213  1542 1085.85983  107  371  762.00000 1290.91199  69.4%   565 1421s
  2220  1549 1138.69447  111  370  762.00000 1290.91199  69.4%   565 1425s
  2229  1558 1051.94196  115  355  762.00000 1290.91199  69.4%   565 1430s
  2236  1565 1111.39072  119  357  762.00000 1290.91199  69.4%   565 1435s
  2243  1572 1058.02057  122  359  762.00000 1290.91199  69.4%   566 1440s
  2255  1584 1021.16012  128  330  762.00000 1290.91199  69.4%   566 1445s
  2267  1596 1031.79696  134  335  762.00000 1290.91199  69.4%   566 1450s
  2275  1604  978.64111  138  312  762.00000 1290.91199  69.4%   567 1455s
  2285  1614 1000.20441  143  314  762.00000 1290.91199  69.4%   567 1460s
  2293  1622  972.85523  147  303  762.00000 1290.91199  69.4%   567 1465s
  2302  1631 1021.14984  152  327  762.00000 1290.91199  69.4%   567 1470s
  2313  1642  934.35701  157  293  762.00000 1290.91199  69.4%   567 1475s
  2327  1656  933.65727  164  304  762.00000 1290.91199  69.4%   567 1480s
  2337  1666  909.75031  169  277  762.00000 1290.91199  69.4%   567 1485s
  2349  1678  916.65700  175  294  762.00000 1290.91199  69.4%   566 1490s
  2360  1689  950.78482  181  294  762.00000 1290.91199  69.4%   566 1495s
  2371  1700  893.02076  186  276  762.00000 1290.91199  69.4%   566 1500s
  2381  1710  887.05989  191  290  762.00000 1290.91199  69.4%   566 1505s
  2393  1722  860.09748  197  270  762.00000 1290.91199  69.4%   566 1510s
  2405  1734  853.04793  203  269  762.00000 1290.91199  69.4%   565 1515s
  2419  1748  816.26062  210  246  762.00000 1290.91199  69.4%   565 1520s
  2435  1764  778.91892  218  240  762.00000 1290.91199  69.4%   564 1525s
  2451  1780  790.35713  226  241  762.00000 1290.91199  69.4%   563 1530s
  2461  1790  806.55873  231  242  762.00000 1290.91199  69.4%   562 1535s
  2484  1810  808.33562  243  239  762.00000 1290.91199  69.4%   560 1540s
  2529  1815 1219.23140   28  306  762.00000 1287.92301  69.0%   555 1545s
  2538  1824 1177.84512   32  301  762.00000 1287.92301  69.0%   555 1550s
  2548  1834 1140.47129   37  316  762.00000 1287.92301  69.0%   556 1555s
  2558  1844 1128.50253   42  327  762.00000 1287.92301  69.0%   556 1560s
  2568  1854 1119.66134   47  304  762.00000 1287.92301  69.0%   556 1565s
  2576  1862 1084.27786   51  312  762.00000 1287.92301  69.0%   557 1570s
  2586  1872 1104.08532   56  343  762.00000 1287.92301  69.0%   557 1575s
  2596  1882 1087.52189   61  335  762.00000 1287.92301  69.0%   558 1580s
  2607  1893 1116.17469   67  345  762.00000 1287.92301  69.0%   558 1585s
  2617  1903 1101.95722   72  355  762.00000 1287.92301  69.0%   558 1590s
  2626  1912 1016.63317   76  338  762.00000 1287.92301  69.0%   558 1595s
  2637  1923 1070.98582   82  348  762.00000 1287.92301  69.0%   558 1600s
  2648  1934  994.29028   87  329  762.00000 1287.92301  69.0%   558 1605s
  2667  1953 1016.27872   97  349  762.00000 1287.92301  69.0%   558 1610s
  2685  1971  993.05978  106  332  762.00000 1287.92301  69.0%   558 1615s
  2700  1986  926.62278  113  297  762.00000 1287.92301  69.0%   558 1620s
  2712  1998  890.85656  119  297  762.00000 1287.92301  69.0%   558 1625s
  2728  2014  910.46271  127  305  762.00000 1287.92301  69.0%   557 1630s
  2744  2030  876.41020  135  278  762.00000 1287.92301  69.0%   556 1635s
  2756  2042  859.17737  141  281  762.00000 1287.92301  69.0%   556 1640s
  2772  2058  842.32057  149  284  762.00000 1287.92301  69.0%   555 1645s
  2790  2076  820.28974  158  271  762.00000 1287.92301  69.0%   555 1650s
  2810  2096  802.11283  168  265  762.00000 1287.92301  69.0%   554 1655s
  2832  2118  790.84656  179  270  762.00000 1287.92301  69.0%   552 1660s
  2868  2133     cutoff  197       762.00000 1287.92301  69.0%   549 1665s
  2890  2135 1232.22413   19  326  762.00000 1287.90960  69.0%   546 1670s
  2899  2144 1206.41190   23  313  762.00000 1287.90960  69.0%   547 1675s
  2909  2154 1153.32764   28  288  762.00000 1287.90960  69.0%   548 1680s
  2923  2168 1133.62565   35  307  762.00000 1287.90960  69.0%   548 1685s
  2937  2182 1139.24906   42  313  762.00000 1287.90960  69.0%   549 1690s
  2949  2194 1090.79396   48  328  762.00000 1287.90960  69.0%   549 1695s
  2958  2203 1162.16879   53  339  762.00000 1287.90960  69.0%   549 1749s
  2959  2204 1101.43348   53  295  762.00000 1287.90960  69.0%   550 1750s
  2969  2214 1086.91600   58  326  762.00000 1287.90960  69.0%   550 1755s
  2983  2228 1065.22936   65  330  762.00000 1287.90960  69.0%   550 1760s
  3001  2246 1052.56469   74  336  762.00000 1287.90960  69.0%   551 1765s
  3013  2258 1059.87325   80  339  762.00000 1287.90960  69.0%   551 1770s
  3023  2268 1035.44462   85  361  762.00000 1287.90960  69.0%   551 1775s
  3033  2278 1021.61947   90  340  762.00000 1287.90960  69.0%   552 1780s
  3045  2290  983.81797   96  313  762.00000 1287.90960  69.0%   552 1785s
  3055  2300  970.99825  101  322  762.00000 1287.90960  69.0%   552 1790s
  3069  2314  954.71310  108  325  762.00000 1287.90960  69.0%   552 1795s

Cutting planes:
  Gomory: 3

Explored 3081 nodes (1705375 simplex iterations) in 1800.01 seconds (727.04 work units)
Thread count was 1 (of 12 available processors)

Solution count 10: 762 759 756 ... 707

Time limit reached
Best objective 7.620000000000e+02, best bound 1.287000000000e+03, gap 68.8976%
