
Gurobi 12.0.2 (linux64, C++) logging started Thu Jun 19 08:00:21 2025

Set parameter LogFile to value "log/instances/scenario2/not_correlated_sc2/700/kpfs_6.txt.log"

Gurobi 12.0.2 (linux64, C++) logging started Thu Jun 19 08:01:44 2025

Set parameter LogFile to value "log/instances/scenario2/not_correlated_sc2/700/kpfs_6.txt.log"

Gurobi 12.0.2 (linux64, C++) logging started Thu Jun 19 08:02:55 2025

Set parameter LogFile to value "log/instances/scenario2/not_correlated_sc2/700/kpfs_6.txt.log"

Gurobi 12.0.2 (linux64, C++) logging started Thu Jun 19 22:50:26 2025

Set parameter WLSAccessID
Set parameter WLSSecret
Set parameter LicenseID to value 2679381
Set parameter LogFile to value "log/instances/scenario2/not_correlated_sc2/700/kpfs_6.txt.log"
Academic license 2679381 - for non-commercial use only - registered to be___@poli.ufrj.br
Set parameter TimeLimit to value 1800
Set parameter Threads to value 1
Gurobi Optimizer version 12.0.2 build v12.0.2rc0 (linux64 - "Ubuntu 24.04.1 LTS")

CPU model: 13th Gen Intel(R) Core(TM) i7-1355U, instruction set [SSE2|AVX|AVX2]
Thread count: 6 physical cores, 12 logical processors, using up to 1 threads

Non-default parameters:
TimeLimit  1800
Threads  1

Academic license 2679381 - for non-commercial use only - registered to be___@poli.ufrj.br
Optimize a model with 2102 rows, 2800 columns and 43751 nonzeros
Model fingerprint: 0x18bed8e3
Variable types: 0 continuous, 2800 integer (700 binary)
Coefficient statistics:
  Matrix range     [1e+00, 3e+01]
  Objective range  [1e+00, 3e+01]
  Bounds range     [1e+00, 3e+01]
  RHS range        [1e+00, 1e+03]
Found heuristic solution: objective 42.0000000
Presolve removed 0 rows and 36 columns
Presolve time: 0.34s
Presolved: 2102 rows, 2764 columns, 43679 nonzeros
Variable types: 0 continuous, 2764 integer (728 binary)

Root relaxation: objective 4.918526e+02, 3106 iterations, 2.34 seconds (0.94 work units)

    Nodes    |    Current Node    |     Objective Bounds      |     Work
 Expl Unexpl |  Obj  Depth IntInf | Incumbent    BestBd   Gap | It/Node Time

     0     0  491.85263    0  301   42.00000  491.85263  1071%     -    2s
H    0     0                      69.0000000  491.85263   613%     -    2s
H    0     0                     122.0000000  491.85263   303%     -    2s
H    0     0                     134.0000000  491.85263   267%     -    2s
H    0     0                     139.0000000  491.85263   254%     -    4s
H    0     0                     142.0000000  491.85263   246%     -    5s
H    0     0                     147.0000000  491.85263   235%     -    5s
     0     0  491.04225    0  294  147.00000  491.04225   234%     -    7s
     0     0  491.01268    0  293  147.00000  491.01268   234%     -   14s
     0     0  490.77011    0  284  147.00000  490.77011   234%     -   17s
     0     0  490.75764    0  286  147.00000  490.75764   234%     -   17s
     0     0  490.63082    0  285  147.00000  490.63082   234%     -   21s
     0     0  490.62289    0  288  147.00000  490.62289   234%     -   21s
     0     0  490.62157    0  286  147.00000  490.62157   234%     -   21s
     0     0  490.62042    0  289  147.00000  490.62042   234%     -   22s
     0     0  490.56436    0  291  147.00000  490.56436   234%     -   28s
     0     0  490.54340    0  291  147.00000  490.54340   234%     -   28s
     0     0  490.54004    0  291  147.00000  490.54004   234%     -   28s
     0     0  490.51994    0  296  147.00000  490.51994   234%     -   34s
     0     0  490.51208    0  292  147.00000  490.51208   234%     -   34s
     0     0  490.51037    0  294  147.00000  490.51037   234%     -   34s
     0     0  490.50943    0  292  147.00000  490.50943   234%     -   34s
     0     0  490.49859    0  292  147.00000  490.49859   234%     -   40s
     0     0  490.49253    0  289  147.00000  490.49253   234%     -   40s
     0     0  490.49127    0  290  147.00000  490.49127   234%     -   40s
     0     2  490.49044    0  290  147.00000  490.49044   234%     -   44s
     1     3  489.30837    1  293  147.00000  490.47542   234%   486   45s
     9    11  481.17706    7  284  147.00000  486.57998   231%   563   50s
    42    44  457.65960   40  261  147.00000  486.57998   231%   237   55s
    77    79  434.16220   74  232  147.00000  486.57998   231%   212   60s
   120   122  281.91010  114  158  147.00000  486.57998   231%   228   65s
   148   150  379.85754  141  209  147.00000  486.57998   231%   215   70s
   188   190  352.69094  179  210  147.00000  486.57998   231%   211   75s
   208   210  339.41181  197  203  147.00000  486.57998   231%   210   80s
   251   253  226.21552  236  124  147.00000  486.57998   231%   204   85s
   306   308  181.44340  287  115  147.00000  486.57998   231%   193   90s
   398   400  207.61593  376  133  147.00000  486.57998   231%   173   95s
   509   494  351.47754    3  205  147.00000  486.10046   231%   155  100s
   513   498  338.96339    7  192  147.00000  486.10046   231%   155  105s
H  516   482                     155.0000000  486.10046   214%   154  109s
   516   484  330.11171   10  201  155.00000  486.10046   214%   155  111s
   522   489  455.40981   44  290  155.00000  486.10046   214%   154  120s
   524   490  255.16083  162  301  155.00000  486.10046   214%   153  127s
H  525   466                     174.0000000  486.10046   179%   153  131s
   526   467  186.88503  412  301  174.00000  486.08070   179%   153  147s
   528   470  354.24206   15  206  174.00000  486.08070   179%   162  150s
   533   473  485.38332   18  287  174.00000  486.08070   179%   167  155s
   539   477  481.49141   21  283  174.00000  482.67683   177%   178  160s
   546   482  362.41885   24  214  174.00000  476.95016   174%   191  165s
   552   486  348.08886   27  187  174.00000  474.01084   172%   199  171s
   557   489  469.49451   30  292  174.00000  470.56426   170%   206  175s
   562   493  341.82501   32  182  174.00000  467.68460   169%   212  180s
   567   496  463.73477   35  287  174.00000  464.25277   167%   218  185s
   572   499  358.13777   37  194  174.00000  461.18050   165%   226  190s
   577   503  458.45363   40  285  174.00000  459.02308   164%   230  195s
   583   507  456.48745   43  283  174.00000  456.75848   163%   237  200s
   588   510  330.60125   45  189  174.00000  454.46131   161%   246  205s
   596   515  317.01074   49  171  174.00000  451.32049   159%   255  211s
   602   519  309.53466   52  167  174.00000  449.59749   158%   262  215s
   607   523  447.32884   55  289  174.00000  447.54910   157%   265  220s
   612   526  318.48829   57  167  174.00000  445.08530   156%   272  226s
   617   529  441.80198   60  270  174.00000  442.43416   154%   276  230s
   622   533  300.72254   62  161  174.00000  441.04286   153%   283  235s
   628   537  329.88720   65  182  174.00000  439.35709   153%   287  241s
   632   539  317.35295   67  178  174.00000  438.01083   152%   291  245s
   637   543  435.91535   70  264  174.00000  436.60909   151%   296  250s
   642   546  318.94829   72  169  174.00000  434.36493   150%   300  255s
   648   550  312.96548   75  165  174.00000  431.63436   148%   305  260s
   654   554  335.13864   78  186  174.00000  427.02735   145%   311  265s
   659   557  425.28941   81  263  174.00000  425.99488   145%   313  270s
   664   561  305.76797   83  177  174.00000  422.70002   143%   319  275s
   670   565  321.90473   86  184  174.00000  420.29309   142%   324  280s
   679   571  416.70427   91  260  174.00000  417.03934   140%   329  285s
   693   580  411.00082   98  254  174.00000  411.99762   137%   339  290s
   704   587  276.13797  103  142  174.00000  405.68649   133%   348  295s
   712   593  259.73530  107  140  174.00000  401.29090   131%   352  300s
   721   599  396.36462  112  246  174.00000  397.12238   128%   357  305s
   729   604  391.21787  116  239  174.00000  393.02916   126%   362  310s
   730   605  270.51265  116  152  174.00000  391.21611   125%   364  320s
   739   611  388.71527  121  241  174.00000  388.97705   124%   367  325s
   747   616  386.13753  125  235  174.00000  386.62312   122%   373  330s
   756   622  270.54437  129  148  174.00000  381.67886   119%   377  335s
   766   629  289.72730  134  160  174.00000  380.66040   119%   382  340s
   772   633  224.96129  137  131  174.00000  380.66040   119%   385  345s
   782   639  268.46411  142  160  174.00000  380.66040   119%   388  350s
   789   644  362.52531  146  224  174.00000  380.66040   119%   390  355s
   800   651  267.49203  151  137  174.00000  380.66040   119%   393  360s
   810   658  244.18683  156  118  174.00000  380.66040   119%   397  365s
   820   665  257.21144  161  142  174.00000  380.66040   119%   400  370s
   831   672  341.51331  167  218  174.00000  380.66040   119%   402  375s
   840   678  269.01002  171  152  174.00000  380.66040   119%   405  380s
   851   685  330.81887  177  217  174.00000  380.66040   119%   407  385s
   864   693  219.39476  183  130  174.00000  380.66040   119%   410  391s
   877   702  321.65929  190  217  174.00000  380.66040   119%   413  395s
   893   712  313.59396  198  208  174.00000  380.66040   119%   417  400s
   905   720  309.39646  204  213  174.00000  380.66040   119%   419  405s
   917   728  304.12657  210  210  174.00000  380.66040   119%   421  410s
   927   733  299.78696  215  208  174.00000  380.66040   119%   422  415s
   940   742  217.76104  221  140  174.00000  380.66040   119%   425  420s
   942   743  193.67985  222  115  174.00000  380.66040   119%   425  425s
   954   751  187.13725  228  125  174.00000  380.66040   119%   427  430s
   968   760  212.95617  235  144  174.00000  380.66040   119%   430  435s
   982   770  195.74380  242  119  174.00000  380.66040   119%   432  440s
   995   776  272.11484  249  204  174.00000  380.66040   119%   433  445s
  1010   780     cutoff  256       174.00000  380.66040   119%   434  450s
  1021   780  265.28490  262  200  174.00000  380.66040   119%   434  455s
  1041   788  259.77435  272  196  174.00000  380.66040   119%   435  460s
  1058   789  177.97830  280  132  174.00000  380.66040   119%   436  465s
  1086   789     cutoff  294       174.00000  380.66040   119%   436  470s
  1112   782     cutoff  307       174.00000  380.66040   119%   433  475s
  1130   777     cutoff  316       174.00000  380.66040   119%   432  480s
  1160   767     cutoff  331       174.00000  380.66040   119%   428  485s
  1192   757     cutoff  347       174.00000  380.66040   119%   422  490s
  1241   741  189.80670  372  160  174.00000  380.66040   119%   412  495s
  1287   724  378.82358   24  211  174.00000  380.64017   119%   401  500s
  1302   734  366.46994   32  202  174.00000  380.64017   119%   402  505s
  1321   747  253.54735   41  143  174.00000  380.64017   119%   403  510s
  1339   759  239.17492   50  140  174.00000  380.64017   119%   404  515s
  1359   772  244.83409   60  127  174.00000  380.64017   119%   404  520s
  1379   785  237.30765   70  137  174.00000  380.64017   119%   405  525s
  1397   797  216.35150   79  134  174.00000  380.64017   119%   405  530s
  1415   806  221.25350   88  109  174.00000  380.64017   119%   406  535s
  1424   809  285.43077   93  172  174.00000  380.64017   119%   406  547s
  1437   816     cutoff   99       174.00000  380.64017   119%   406  550s
  1459   826  193.52453  110  133  174.00000  380.64017   119%   405  555s
  1481   826     cutoff  121       174.00000  380.64017   119%   404  560s
  1509   820     cutoff  135       174.00000  380.64017   119%   401  565s
  1546   810  218.25868  154  157  174.00000  380.64017   119%   397  570s
  1594   794  196.62719  178  140  174.00000  380.64017   119%   389  575s
  1663   787  270.53660   34  137  174.00000  380.34746   119%   379  580s
  1703   798  235.40840   54  131  174.00000  380.34746   119%   376  585s
  1773   786  264.03224   23  145  174.00000  374.21926   115%   368  590s
  1785   794  275.61189   29  155  174.00000  374.21926   115%   368  595s
  1799   803  217.70947   36  141  174.00000  374.21926   115%   369  600s
  1813   813  243.11081   43  130  174.00000  374.21926   115%   370  605s
  1829   823  225.04583   51  134  174.00000  374.21926   115%   370  610s
  1841   831  220.74118   57  133  174.00000  374.21926   115%   371  615s
  1845   834  199.43602   59  100  174.00000  374.21926   115%   371  632s
  1851   838  236.17765   62  135  174.00000  374.21926   115%   371  635s
  1865   847  219.05565   69  124  174.00000  374.21926   115%   372  640s
  1879   857  207.77265   76  107  174.00000  374.21926   115%   372  645s
  1889   863  209.85616   81  122  174.00000  374.21926   115%   372  650s
  1905   870  227.19939   89  135  174.00000  374.21926   115%   373  655s
  1921   879  184.25839   97  111  174.00000  374.21926   115%   372  660s
  1937   893  180.32953  105   84  174.00000  374.21926   115%   372  665s
  1957   904     cutoff  115       174.00000  374.21926   115%   372  670s
  1974   912  251.74267  124  161  174.00000  374.21926   115%   371  675s
  1975   913  186.39683  124  109  174.00000  374.21926   115%   372  716s
  1985   916  198.87127  129  102  174.00000  374.21926   115%   371  720s
  2015   918     cutoff  144       174.00000  374.21926   115%   369  725s
  2063   918     cutoff  168       174.00000  374.21926   115%   365  730s
  2161   918  258.45662   18  147  174.00000  373.67609   115%   352  735s
  2213   924  202.34005   44  119  174.00000  373.67609   115%   347  740s
  2260   930  292.56396   23  165  174.00000  373.63995   115%   343  745s
  2270   940  239.51518   28  147  174.00000  373.63995   115%   343  750s
  2286   956  237.59402   36  149  174.00000  373.63995   115%   344  755s
  2314   984  221.66563   50  125  174.00000  373.63995   115%   345  760s
  2332  1002  215.76814   59  133  174.00000  373.63995   115%   346  765s
  2352  1021  191.60880   69  128  174.00000  373.63995   115%   347  770s
  2372  1041  190.15153   79  136  174.00000  373.63995   115%   347  775s
  2392  1052  190.45744   89  119  174.00000  373.63995   115%   347  780s
  2416  1062     cutoff  101       174.00000  373.63995   115%   347  785s
  2448  1072     cutoff  117       174.00000  373.63995   115%   347  790s
  2454  1075  175.28937  120  107  174.00000  373.63995   115%   347  795s
  2501  1076  210.55175  144  160  174.00000  373.63995   115%   344  800s
  2612  1075     cutoff  199       174.00000  373.63995   115%   334  805s
  2657  1090  221.56332   40  152  174.00000  371.24564   113%   332  810s
  2734  1093  229.71519   26  136  174.00000  371.22958   113%   325  815s
  2802  1101  350.63935   31  227  174.00000  370.95916   113%   320  820s
  2861  1160  268.05045   90  192  174.00000  370.95916   113%   316  825s
  2969  1268  180.08533  198  134  174.00000  370.95916   113%   307  830s
  3059  1344  251.62916  106  162  174.00000  370.77610   113%   301  835s
  3236  1491  260.68509   31  149  174.00000  368.21721   112%   289  840s
  3331  1569  366.05768   18  207  174.00000  367.75641   111%   283  845s
  3372  1610  304.24715   59  181  174.00000  367.75641   111%   281  850s
  3539  1754  275.21483   34  137  174.00000  366.04299   110%   272  855s
  3648  1843  256.59124   30  142  174.00000  364.50582   109%   267  860s
  3717  1860     cutoff   64       174.00000  364.50582   109%   265  865s
  3763  1870  341.51550   50  199  174.00000  364.47459   109%   263  895s
  3853  1960  233.67373  140  148  174.00000  364.47459   109%   259  900s
  3967  2049  213.48530   26   98  174.00000  363.34903   109%   253  905s
  4035  2101  325.32337   95  188  174.00000  362.40185   108%   251  910s
  4091  2157  253.63116  151  162  174.00000  362.40185   108%   249  915s
  4194  2248  347.84213   32  202  174.00000  362.33279   108%   244  920s
  4295  2298     cutoff   34       174.00000  361.93142   108%   241  925s
  4444  2402  290.11535   40  164  174.00000  361.32370   108%   235  930s
  4570  2502  234.95493   56  146  174.00000  360.53655   107%   231  935s
  4785  2672  287.45672   35  122  174.00000  359.39580   107%   224  940s
  4936  2709  182.25022   43   75  174.00000  358.29947   106%   221  945s
  4982  2751  279.72355   85  178  174.00000  358.21535   106%   220  950s
  5101  2858  226.56532   43  150  174.00000  358.13467   106%   217  955s
  5186  2919  183.06824   59  108  174.00000  358.10392   106%   215  960s
  5285  2985  257.59955   27  169  174.00000  357.68872   106%   213  965s
  5399  3068  260.50408   28  139  174.00000  356.90960   105%   210  970s
  5503  3113  175.60815   58   86  174.00000  356.69172   105%   208  975s
  5656  3224  242.33357   23  129  174.00000  355.74272   104%   204  980s
  5722  3259     cutoff   44       174.00000  355.61622   104%   204  985s
  5840  3308  235.13252   38  137  174.00000  355.27320   104%   201  990s
  5948  3392  190.71611   55  119  174.00000  355.07664   104%   199  995s
  6081  3495  184.90797   33  117  174.00000  353.62450   103%   197 1000s
  6223  3592  260.80614   25  153  174.00000  353.49241   103%   194 1005s
  6333  3672  238.93621   30  153  174.00000  352.93523   103%   192 1010s
  6451  3762  249.43984   84  121  174.00000  352.64894   103%   190 1015s
  6516  3803  239.30310   22  149  174.00000  352.55301   103%   190 1020s
  6538  3825  215.03873   33  120  174.00000  352.55301   103%   190 1025s
  6564  3851  234.78069   46  130  174.00000  352.55301   103%   191 1030s
  6593  3879  282.58333   61  176  174.00000  352.55301   103%   192 1035s
  6628  3905     cutoff   78       174.00000  352.55301   103%   193 1040s
  6716  3915     cutoff  122       174.00000  352.55301   103%   193 1045s
  6823  3952  195.71184   69  123  174.00000  351.69712   102%   191 1050s
  6922  3984  324.01222   73  192  174.00000  351.56626   102%   190 1055s
  7012  4046  190.87299   43  135  174.00000  351.08845   102%   189 1060s
  7127  4125  244.42750   34  129  174.00000  350.43323   101%   187 1065s
  7258  4220  251.47220   49  130  174.00000  349.95886   101%   185 1070s
  7496  4403  210.88398   99  128  174.00000  349.31608   101%   182 1075s
  7553  4451  239.88072   47  132  174.00000  349.30705   101%   182 1080s
  7573  4471  209.44745   57   98  174.00000  349.30705   101%   183 1085s
  7603  4501  207.21003   72  121  174.00000  349.30705   101%   183 1090s
  7641  4526  186.91366   91  101  174.00000  349.30705   101%   184 1095s
  7689  4538     cutoff  115       174.00000  349.30705   101%   184 1100s
  7708  4539  223.86015  125  140  174.00000  349.30705   101%   184 1121s
  7762  4539  191.87140  152  130  174.00000  349.30705   101%   184 1125s
  7883  4591  249.09412   47  144  174.00000  348.65100   100%   182 1130s
  8061  4708  272.69095   30  161  174.00000  348.03969   100%   180 1135s
  8324  4896  245.66356   49  122  174.00000  347.31284   100%   177 1140s
  8510  4982  203.08641  121  137  174.00000  346.64316  99.2%   175 1145s
  8681  5095  208.25910   55  134  174.00000  345.86258  98.8%   173 1150s
  8902  5249     cutoff   72       174.00000  344.61858  98.1%   171 1155s
  9105  5383     cutoff   51       174.00000  344.15828  97.8%   169 1160s
  9294  5502  201.91210   77  128  174.00000  343.27390  97.3%   167 1165s
  9409  5571  201.00503   94  130  174.00000  343.02460  97.1%   166 1170s
  9532  5670  260.63715   90  171  174.00000  342.84792  97.0%   165 1175s
  9688  5805  213.98415  113  135  174.00000  342.72236  97.0%   164 1180s
  9829  5900  260.66311   87  145  174.00000  341.83787  96.5%   163 1185s
  9998  6025  321.05585   41  182  174.00000  341.71004  96.4%   161 1190s
 10150  6154  217.52454   33  113  174.00000  341.50138  96.3%   160 1195s
 10203  6162  236.53296   40  290  174.00000  341.47497  96.2%   160 1443s
 10205  6163  250.86865   29  301  174.00000  341.47497  96.2%   160 1450s
 10206  6164  290.09053   41  298  174.00000  341.47497  96.2%   160 1458s
 10212  6168  262.72228  142  294  174.00000  341.47497  96.2%   159 1462s
 10214  6169  191.54005   70  298  174.00000  341.47497  96.2%   159 1466s
 10218  6172  199.66459   78  295  174.00000  341.47497  96.2%   159 1471s
 10221  6174  190.12209   97  302  174.00000  341.47497  96.2%   159 1475s
 10224  6176  238.11082   59  301  174.00000  341.47497  96.2%   159 1483s
 10226  6177  213.58270   47  301  174.00000  341.47497  96.2%   159 1487s
 10228  6179  190.02739   57  299  174.00000  341.47497  96.2%   159 1490s
 10231  6181  228.76059   38  300  174.00000  341.47497  96.2%   159 1495s
 10234  6183  244.42205   29  302  174.00000  341.47497  96.2%   159 1502s
 10236  6184  227.12995   60  304  174.00000  341.47497  96.2%   159 1506s
 10238  6185  204.97369   61  304  174.00000  341.47497  96.2%   159 1510s
 10240  6187  298.40957   68  308  174.00000  341.47497  96.2%   159 1515s
 10243  6189  192.87518  179  306  174.00000  341.47497  96.2%   159 1521s
 10245  6190  243.07823   44  304  174.00000  341.47497  96.2%   159 1525s
 10248  6192  215.20265   83  313  174.00000  341.47497  96.2%   159 1531s
 10249  6193  200.24297   56  306  174.00000  341.47497  96.2%   159 1535s
 10253  6195  207.50217   54  308  174.00000  341.47497  96.2%   159 1542s
 10254  6196  239.85620   40  313  174.00000  341.47497  96.2%   159 1545s
 10257  6198  233.01324   68  310  174.00000  341.47497  96.2%   159 1551s
 10259  6199  225.78509   68  308  174.00000  341.47497  96.2%   159 1555s
 10263  6202  186.69977   21  305  174.00000  341.47497  96.2%   159 1563s
 10265  6203  185.07970   93  299  174.00000  341.47497  96.2%   159 1566s
 10267  6205  184.53462   51  309  174.00000  341.47497  96.2%   159 1570s
 10270  6207  327.53650   70  306  174.00000  341.47497  96.2%   159 1577s
 10272  6208  247.01290   44  305  174.00000  341.47497  96.2%   159 1580s
 10274  6209  199.90619   66  311  174.00000  341.47497  96.2%   158 1585s
 10278  6212  225.86031   45  309  174.00000  341.47497  96.2%   158 1591s
 10280  6213  192.28854   97  313  174.00000  341.47497  96.2%   158 1595s
 10283  6215  216.67927   42  311  174.00000  341.47497  96.2%   158 1607s
 10284  6216  190.20424   77  310  174.00000  341.47497  96.2%   158 1610s
 10287  6218  296.78210   71  313  174.00000  341.47497  96.2%   158 1615s
 10289  6219  191.15638   62  316  174.00000  341.47497  96.2%   158 1620s
 10292  6221  197.43245   99  307  174.00000  341.47497  96.2%   158 1628s
 10293  6222  219.77507   63  313  174.00000  341.47497  96.2%   158 1635s
 10294  6223  190.27248   53  310  174.00000  341.47497  96.2%   158 1641s
 10296  6224  207.42351  212  310  174.00000  341.47497  96.2%   158 1647s
 10298  6225  177.97830  281  311  174.00000  341.47497  96.2%   158 1654s
 10300  6227  319.25722   84  305  174.00000  341.47497  96.2%   158 1660s
 10302  6228  217.09753   39  307  174.00000  341.47497  96.2%   158 1666s
 10304  6229  246.21037   38  301  174.00000  341.47497  96.2%   158 1670s
 10307  6231  192.71611   50  307  174.00000  341.47497  96.2%   158 1675s
 10310  6233  205.17633   50  314  174.00000  341.47497  96.2%   158 1682s
 10312  6235  262.72228  142  315  174.00000  341.47497  96.2%   158 1686s
 10314  6236  191.54005   70  315  174.00000  341.47497  96.2%   158 1690s
 10317  6238  178.77985   87  307  174.00000  341.47497  96.2%   158 1698s
 10319  6239  176.79891   90  313  174.00000  341.47497  96.2%   158 1702s
 10321  6241  190.12209   97  316  174.00000  341.47497  96.2%   158 1705s
 10325  6243  209.57283   40  312  174.00000  341.47497  96.2%   158 1713s
 10327  6245  318.61326   73  305  174.00000  341.47497  96.2%   158 1718s
 10329  6246  193.75651   19  309  174.00000  341.47497  96.2%   158 1721s
 10331  6247  228.76059   38  314  174.00000  341.47497  96.2%   158 1725s
 10335  6250  224.62585  109  310  174.00000  341.47497  96.2%   158 1732s
 10336  6251  227.12995   60  312  174.00000  341.47497  96.2%   158 1736s
 10340  6253  298.40957   68  314  174.00000  341.47497  96.2%   157 1743s
 10342  6255  340.40295   47  314  174.00000  341.47497  96.2%   157 1746s
 10344  6256  331.62294   41  311  174.00000  341.47497  96.2%   157 1750s
 10345  6257  243.07823   44  307  174.00000  341.47497  96.2%   157 1791s
 10347  6258  240.30426   61  311  174.00000  341.47497  96.2%   157 1795s

Cutting planes:
  Gomory: 65

Explored 10349 nodes (1645654 simplex iterations) in 1800.01 seconds (718.43 work units)
Thread count was 1 (of 12 available processors)

Solution count 9: 174 155 147 ... 42

Time limit reached
Best objective 1.740000000000e+02, best bound 3.410000000000e+02, gap 95.9770%
