
Gurobi 12.0.2 (linux64, C++) logging started Thu Jun 19 08:00:21 2025

Set parameter LogFile to value "log/instances/scenario2/not_correlated_sc2/700/kpfs_2.txt.log"

Gurobi 12.0.2 (linux64, C++) logging started Thu Jun 19 08:01:44 2025

Set parameter LogFile to value "log/instances/scenario2/not_correlated_sc2/700/kpfs_2.txt.log"

Gurobi 12.0.2 (linux64, C++) logging started Thu Jun 19 08:02:54 2025

Set parameter LogFile to value "log/instances/scenario2/not_correlated_sc2/700/kpfs_2.txt.log"

Gurobi 12.0.2 (linux64, C++) logging started Thu Jun 19 20:50:25 2025

Set parameter WLSAccessID
Set parameter WLSSecret
Set parameter LicenseID to value 2679381
Set parameter LogFile to value "log/instances/scenario2/not_correlated_sc2/700/kpfs_2.txt.log"
Academic license 2679381 - for non-commercial use only - registered to be___@poli.ufrj.br
Set parameter TimeLimit to value 1800
Set parameter Threads to value 1
Gurobi Optimizer version 12.0.2 build v12.0.2rc0 (linux64 - "Ubuntu 24.04.1 LTS")

CPU model: 13th Gen Intel(R) Core(TM) i7-1355U, instruction set [SSE2|AVX|AVX2]
Thread count: 6 physical cores, 12 logical processors, using up to 1 threads

Non-default parameters:
TimeLimit  1800
Threads  1

Academic license 2679381 - for non-commercial use only - registered to be___@poli.ufrj.br
Optimize a model with 2102 rows, 2800 columns and 43941 nonzeros
Model fingerprint: 0x20ea2809
Variable types: 0 continuous, 2800 integer (700 binary)
Coefficient statistics:
  Matrix range     [1e+00, 3e+01]
  Objective range  [1e+00, 3e+01]
  Bounds range     [1e+00, 3e+01]
  RHS range        [1e+00, 1e+03]
Found heuristic solution: objective 60.0000000
Presolve removed 0 rows and 22 columns
Presolve time: 0.26s
Presolved: 2102 rows, 2778 columns, 43897 nonzeros
Variable types: 0 continuous, 2778 integer (732 binary)

Root relaxation: objective 5.036110e+02, 2939 iterations, 1.88 seconds (0.85 work units)

    Nodes    |    Current Node    |     Objective Bounds      |     Work
 Expl Unexpl |  Obj  Depth IntInf | Incumbent    BestBd   Gap | It/Node Time

     0     0  503.61099    0  282   60.00000  503.61099   739%     -    2s
H    0     0                      64.0000000  503.61099   687%     -    2s
H    0     0                      78.0000000  503.61099   546%     -    2s
H    0     0                      87.0000000  503.61099   479%     -    2s
H    0     0                     111.0000000  503.61099   354%     -    2s
     0     0  503.01131    0  277  111.00000  503.01131   353%     -    4s
H    0     0                     115.0000000  503.00966   337%     -    5s
H    0     0                     133.0000000  503.00966   278%     -    5s
H    0     0                     136.0000000  503.00966   270%     -    5s
H    0     0                     140.0000000  503.00966   259%     -    7s
H    0     0                     164.0000000  503.00966   207%     -    7s
H    0     0                     170.0000000  503.00966   196%     -    7s
     0     0  502.89900    0  277  170.00000  502.89900   196%     -    7s
     0     0  502.72603    0  273  170.00000  502.72603   196%     -    8s
     0     0  502.70591    0  274  170.00000  502.70591   196%     -   13s
     0     0  502.70414    0  274  170.00000  502.70414   196%     -   13s
     0     2  502.37376    0  274  170.00000  502.37376   196%     -   17s
    15    17  490.49367   13  268  170.00000  499.12115   194%   352   20s
    76    78  446.54248   73  247  170.00000  499.12115   194%   221   25s
   119   121  416.23720  114  241  170.00000  499.12115   194%   217   30s
   152   154  388.28594  145  221  170.00000  499.12115   194%   224   35s
H  156   156                     173.0000000  499.12115   189%   221   35s
   196   198  349.36557  187  201  173.00000  499.12115   189%   222   40s
   235   237  316.41308  222  206  173.00000  499.12115   189%   222   56s
   264   266  290.11863  250  199  173.00000  499.12115   189%   216   60s
   338   336  240.26110  320  167  173.00000  499.12115   189%   199   66s
   392   384  198.19622  369  144  173.00000  499.12115   189%   191   70s
   460   439  275.10606   30  169  173.00000  497.57138   188%   183   75s
   530   500  304.52563  234  274  173.00000  497.57138   188%   171   82s
   532   501  434.12247   91  282  173.00000  497.57138   188%   171   90s
   533   502  441.26911   80  277  173.00000  497.57138   188%   170  100s
   538   505  247.85297  309  274  173.00000  497.51444   188%   169  109s
   539   508  497.51444   12  287  173.00000  497.51444   188%   175  111s
   544   511  363.03574   14  195  173.00000  497.51444   188%   182  115s
   550   515  334.12936   17  195  173.00000  493.12810   185%   193  121s
   555   519  488.11637   20  281  173.00000  490.00013   183%   198  125s
   561   523  485.43647   23  281  173.00000  486.38459   181%   206  130s
   568   527  387.34893   26  212  173.00000  480.13130   178%   218  135s
   574   531  392.46098   29  214  173.00000  477.01092   176%   224  140s
   580   535  325.10368   32  195  173.00000  474.26373   174%   232  145s
   588   541  340.27086   36  187  173.00000  469.51988   171%   242  150s
   596   546  301.23971   40  183  173.00000  466.71303   170%   251  155s
   608   554  334.99772   46  175  173.00000  459.59338   166%   264  160s
   617   560  456.32414   51  264  173.00000  456.73171   164%   272  165s
   624   565  368.41607   54  195  173.00000  451.36403   161%   280  170s
   632   570  336.12000   58  188  173.00000  447.98155   159%   288  175s
   642   577  320.67115   63  193  173.00000  442.03719   156%   297  180s
   652   583  311.56193   68  179  173.00000  435.85124   152%   307  185s
   662   590  292.62623   73  172  173.00000  430.80837   149%   315  190s
   671   596  427.49494   78  267  173.00000  428.19156   148%   321  195s
   677   600  422.96776   81  265  173.00000  424.25734   145%   328  200s
   686   606  283.81385   85  161  173.00000  419.56675   143%   336  205s
   694   611  312.47137   89  182  173.00000  414.14701   139%   342  210s
   702   617  276.48126   93  149  173.00000  411.41973   138%   346  215s
   704   618  338.70145   94  179  173.00000  410.42960   137%   347  227s
   709   621  408.57919   97  254  173.00000  408.99803   136%   349  230s
   715   625  406.11692  100  249  173.00000  406.42106   135%   353  235s
   724   631  267.47206  104  151  173.00000  404.08659   134%   360  240s
   733   637  397.23458  109  242  173.00000  404.08659   134%   363  245s
   743   644  394.00235  114  244  173.00000  404.08659   134%   368  250s
   758   654  277.04135  121  153  173.00000  404.08659   134%   376  255s
   768   661  202.56121  126  119  173.00000  404.08659   134%   380  260s
   778   667  244.65574  131  131  173.00000  404.08659   134%   383  265s
   785   672  376.97673  135  234  173.00000  404.08659   134%   386  270s
   795   679  371.42219  140  236  173.00000  404.08659   134%   392  275s
   806   686  245.99961  145  141  173.00000  404.08659   134%   402  280s
   817   693  364.94814  151  227  173.00000  404.08659   134%   408  285s
   828   701  240.11977  156  142  173.00000  404.08659   134%   417  290s
   839   708  354.99504  162  226  173.00000  404.08659   134%   424  295s
   849   715  350.00742  167  222  173.00000  404.08659   134%   431  301s
   855   719  347.28470  170  229  173.00000  404.08659   134%   435  305s
   866   726  251.50311  175  146  173.00000  404.08659   134%   443  310s
   877   733  334.87727  181  233  173.00000  404.08659   134%   449  315s
   889   741  330.13109  187  233  173.00000  404.08659   134%   456  320s
   901   749  323.57837  193  217  173.00000  404.08659   134%   462  325s
   913   757  318.85026  199  223  173.00000  404.08659   134%   469  330s
   920   762  218.68194  202  129  173.00000  404.08659   134%   473  335s
   928   767  227.45028  206  140  173.00000  404.08659   134%   478  340s
   946   779  206.88254  215  127  173.00000  404.08659   134%   486  345s
   960   789  203.56717  222  122  173.00000  404.08659   134%   492  350s
   972   797  228.04944  228  144  173.00000  404.08659   134%   497  355s
   984   805  182.61219  234  109  173.00000  404.08659   134%   502  360s
   998   814  207.18545  241  123  173.00000  404.08659   134%   507  365s
  1006   816  191.56347  245  107  173.00000  404.08659   134%   509  373s
  1013   819  283.56770  249  204  173.00000  404.08659   134%   511  375s
  1027   823  279.35232  256  203  173.00000  404.08659   134%   515  380s
  1040   832  194.38645  262  139  173.00000  404.08659   134%   520  385s
  1066   837  181.95948  275  115  173.00000  404.08659   134%   526  390s
  1084   841     cutoff  284       173.00000  404.08659   134%   530  395s
  1094   841  179.72449  289   99  173.00000  404.08659   134%   531  400s
  1108   841     cutoff  296       173.00000  404.08659   134%   533  405s
  1130   837     cutoff  307       173.00000  404.08659   134%   535  410s
  1156   828     cutoff  320       173.00000  404.08659   134%   534  415s
  1186   820     cutoff  335       173.00000  404.08659   134%   532  420s
  1220   809     cutoff  352       173.00000  404.08659   134%   527  425s
  1265   795  197.67114  375  157  173.00000  404.08659   134%   517  430s
  1346   768  321.74924   18  172  173.00000  403.93677   133%   496  436s
  1358   776  267.64801   24  154  173.00000  403.93677   133%   499  440s
  1374   787  232.44084   32  138  173.00000  403.93677   133%   502  445s
  1391   798  345.91888   41  215  173.00000  403.93677   133%   505  450s
  1422   819  225.30171   56  129  173.00000  403.93677   133%   510  455s
  1445   834  310.81387   68  200  173.00000  403.93677   133%   512  469s
  1448   836  220.06839   69  117  173.00000  403.93677   133%   512  470s
  1468   849  221.52864   79  128  173.00000  403.93677   133%   514  475s
  1495   867  284.15519   93  184  173.00000  403.93677   133%   516  480s
  1524   884     cutoff  107       173.00000  403.93677   133%   517  485s
  1554   896  179.63610  122  105  173.00000  403.93677   133%   518  490s
  1597   895  230.94655  144  157  173.00000  403.93677   133%   515  495s
  1697   863  186.54832  194  133  173.00000  403.93677   133%   497  500s
  1752   859  252.72891   27  150  173.00000  392.44076   127%   488  505s
  1857   838  381.59778   32  216  173.00000  392.41975   127%   470  510s
  1873   848  368.04076   40  202  173.00000  392.41975   127%   473  515s
  1874   849  260.06110   40  170  173.00000  392.41975   127%   474  520s
  1886   857  261.85090   46  151  173.00000  392.41975   127%   475  525s
  1896   864  254.35697   51  137  173.00000  392.41975   127%   477  530s
  1914   876  230.98750   60  143  173.00000  392.41975   127%   479  535s
  1930   886  212.40650   68  135  173.00000  392.41975   127%   481  540s
  1952   901  204.53709   79  130  173.00000  392.41975   127%   483  545s
  1975   916  308.98115   91  187  173.00000  392.41975   127%   485  580s
  1992   922     cutoff   99       173.00000  392.41975   127%   486  585s
  2013   936  287.10888  110  178  173.00000  392.41975   127%   488  590s
  2034   950  218.31511  120  117  173.00000  392.41975   127%   489  595s
  2060   959  200.04922  133  106  173.00000  392.41975   127%   489  600s
  2096   968     cutoff  151       173.00000  392.41975   127%   489  605s
  2154   972     cutoff  180       173.00000  392.41975   127%   484  610s
  2257   974  177.21657   32   94  173.00000  388.63869   125%   469  615s
  2309   995     cutoff   58       173.00000  388.63869   125%   465  620s
  2421   996  386.58239   21  204  173.00000  388.49605   125%   449  625s
  2433  1008  242.20925   27  126  173.00000  388.49605   125%   450  630s
  2449  1024  263.54448   35  141  173.00000  388.49605   125%   452  635s
  2461  1036  222.75310   41  135  173.00000  388.49605   125%   454  640s
  2479  1054  239.94664   50  130  173.00000  388.49605   125%   455  645s
  2507  1082  194.96969   64   92  173.00000  388.49605   125%   458  650s
  2539  1112  193.15105   80  106  173.00000  388.49605   125%   460  655s
  2575  1145  184.82530   98  102  173.00000  388.49605   125%   461  660s
  2645  1170     cutoff  133       173.00000  388.49605   125%   460  665s
  2768  1171  180.98623  195  111  173.00000  388.49605   125%   448  670s
  2795  1185  294.20590   24  180  173.00000  388.46465   125%   448  675s
  2805  1195  262.75842   29  131  173.00000  388.46465   125%   449  681s
  2823  1213  251.42220   38  133  173.00000  388.46465   125%   451  685s
  2851  1241  247.49509   52  151  173.00000  388.46465   125%   453  690s
  2881  1271  190.13637   67   94  173.00000  388.46465   125%   454  695s
  2917  1304  209.34057   85  119  173.00000  388.46465   125%   455  700s
  2949  1328     cutoff  101       173.00000  388.46465   125%   456  705s
  3005  1349     cutoff  129       173.00000  388.46465   125%   455  710s
  3091  1349     cutoff  172       173.00000  388.46465   125%   449  715s
  3244  1427  366.81225   35  196  173.00000  387.49325   124%   431  720s
  3250  1433  358.15153   41  207  173.00000  387.49325   124%   431  726s
  3361  1544  234.12737  152  154  173.00000  387.49325   124%   420  730s
  3502  1656  352.31518   44  203  173.00000  387.24653   124%   407  735s
  3581  1735  253.79127  123  171  173.00000  387.24653   124%   400  740s
  3699  1835  187.32814   40  120  173.00000  385.73688   123%   390  745s
  3821  1950  248.26545  151  171  173.00000  385.67995   123%   381  750s
  3993  2093  248.82640   39  138  173.00000  384.26858   122%   369  755s
  4169  2190  381.72209   26  217  173.00000  383.61157   122%   358  760s
  4243  2264  289.91216  100  185  173.00000  383.61157   122%   353  765s
  4337  2358  208.58028  194  133  173.00000  383.61157   122%   348  770s
  4426  2427  287.27373   27  149  173.00000  382.29178   121%   342  775s
  4557  2537  177.29952   76   94  173.00000  381.71130   121%   335  793s
  4590  2562  212.34478   54  112  173.00000  381.53511   121%   333  795s
  4670  2610  260.40788   22  127  173.00000  381.50258   121%   330  800s
* 4683  2539              27     179.0000000  381.50258   113%   329  800s
  4764  2588  240.44406   33  125  179.00000  380.59473   113%   325  805s
  4858  2653  280.39242   46  149  179.00000  380.44029   113%   321  810s
  4989  2754  283.95909   35  166  179.00000  379.66168   112%   315  815s
  5121  2867  264.15087   29  135  179.00000  378.50787   111%   309  820s
  5225  2948  269.14377   44  153  179.00000  377.57438   111%   305  825s
  5308  3001     cutoff   43       179.00000  377.55719   111%   302  830s
  5384  3006  211.31386   32  114  179.00000  377.16394   111%   300  835s
  5505  3082  182.60730   68  124  179.00000  376.20000   110%   295  840s
  5616  3169  243.05937   54  140  179.00000  374.95831   109%   292  845s
  5715  3241  268.86540   20  141  179.00000  374.33830   109%   288  850s
  5810  3316  205.35044   49  151  179.00000  372.83900   108%   285  855s
  5910  3398  197.08727   57  121  179.00000  371.81943   108%   282  860s
  5972  3432  261.15961   37  143  179.00000  371.62140   108%   280  865s
  6075  3509  206.01894   51  129  179.00000  371.43833   108%   277  870s
  6143  3533     cutoff   28       179.00000  370.76680   107%   275  875s
  6245  3602  190.61338   51  109  179.00000  370.31742   107%   272  880s
  6348  3676  243.70154   40  135  179.00000  369.08268   106%   269  885s
  6436  3746  225.37054   56  138  179.00000  368.74505   106%   267  890s
  6531  3799  287.94215   55  163  179.00000  368.40060   106%   265  895s
  6582  3841  311.15760   90  170  179.00000  368.30964   106%   264  900s
  6693  3952  196.99427  201  136  179.00000  368.30964   106%   261  906s
  6822  4032  359.69188   34  195  179.00000  368.07812   106%   258  910s
  6921  4131  226.74280  133  149  179.00000  368.07812   106%   255  915s
  7056  4239  257.57476   44  148  179.00000  367.50313   105%   252  921s
  7085  4259  344.25742   52  200  179.00000  367.32483   105%   253  925s
  7106  4280  225.66388   62  132  179.00000  367.32483   105%   254  930s
  7128  4302  207.97483   73  109  179.00000  367.32483   105%   255  935s
  7149  4322  303.45628   84  179  179.00000  367.32483   105%   257  940s
  7176  4343  189.55101   97  123  179.00000  367.32483   105%   258  945s
  7206  4366     cutoff  112       179.00000  367.32483   105%   259  950s
  7256  4374     cutoff  137       179.00000  367.32483   105%   260  955s
  7328  4374     cutoff  173       179.00000  367.32483   105%   260  960s
  7466  4414  287.06129   37  169  179.00000  366.71446   105%   257  965s
  7592  4512  226.81834   50  144  179.00000  366.36269   105%   254  970s
  7702  4588  183.04431   39  100  179.00000  365.64431   104%   252  975s
  7850  4717  285.68138   28  149  179.00000  365.46814   104%   249  980s
  8034  4866  244.82479   37  144  179.00000  364.45815   104%   245  985s
  8216  5004  280.57350   18  147  179.00000  363.87868   103%   242  990s
  8346  5044  261.33161   57  136  179.00000  363.38770   103%   241  999s
  8368  5066  206.86256   79  128  179.00000  363.38770   103%   240 1000s
  8567  5204  190.27974   64  133  179.00000  363.00657   103%   237 1005s
  8664  5249  268.60965   46  155  179.00000  361.51943   102%   236 1010s
  8870  5405  203.68584   53  110  179.00000  360.71712   102%   232 1015s
  9026  5517  280.00678   41  158  179.00000  359.75495   101%   230 1020s
  9114  5547     cutoff   85       179.00000  359.75495   101%   231 1025s
  9279  5668  213.55834  130  137  179.00000  359.65001   101%   228 1030s
  9367  5732  308.13280   85  187  179.00000  359.56916   101%   227 1035s
  9500  5851  237.15436   28  116  179.00000  359.55164   101%   225 1040s
  9658  5969  326.74695   47  177  179.00000  359.38675   101%   223 1045s
  9917  6187     cutoff   29       179.00000  359.20704   101%   219 1050s
 10133  6319  199.85265   39  113  179.00000  358.43388   100%   217 1055s
 10203  6342  201.42625   82  274  179.00000  358.19393   100%   216 1363s
 10205  6343  339.30105   53  282  179.00000  358.19393   100%   216 1373s
 10206  6344  251.44449  176  284  179.00000  358.19393   100%   216 1384s
 10207  6345  185.01206  196  284  179.00000  358.19393   100%   216 1385s
 10212  6348  223.33798   52  288  179.00000  358.19393   100%   216 1391s
 10214  6349  219.75259  172  288  179.00000  358.19393   100%   216 1397s
 10216  6351  209.28817   81  286  179.00000  358.19393   100%   216 1403s
 10217  6351  180.04205   49  285  179.00000  358.19393   100%   216 1411s
 10219  6353  230.95062   70  287  179.00000  358.19393   100%   216 1417s
 10221  6354  217.53770   72  285  179.00000  358.19393   100%   216 1423s
 10223  6355  231.69050   50  287  179.00000  358.19393   100%   216 1428s
 10225  6357  194.10181   76  287  179.00000  358.19393   100%   216 1435s
 10227  6358  244.61281   32  287  179.00000  358.19393   100%   216 1442s
 10228  6359  228.97077  214  283  179.00000  358.19393   100%   216 1447s
 10230  6360  216.68746   54  290  179.00000  358.19393   100%   215 1453s
 10232  6361  186.41970   37  289  179.00000  358.19393   100%   215 1458s
 10233  6362  228.49521   57  290  179.00000  358.19393   100%   215 1462s
 10235  6363  229.21651  166  290  179.00000  358.19393   100%   215 1467s
 10237  6365  200.01311   65  285  179.00000  358.19393   100%   215 1474s
 10238  6365  210.37014   50  290  179.00000  358.19393   100%   215 1479s
 10239  6366  299.90471   93  292  179.00000  358.19393   100%   215 1482s
 10240  6367  193.46463  122  291  179.00000  358.19393   100%   215 1486s
 10243  6369  233.49208   65  292  179.00000  358.19393   100%   215 1490s
 10246  6371  219.94075  187  287  179.00000  358.19393   100%   215 1496s
 10248  6372  186.86763   41  292  179.00000  358.19393   100%   215 1500s
 10251  6374  210.77375   69  293  179.00000  358.19393   100%   215 1506s
 10252  6375  274.90239  125  288  179.00000  358.19393   100%   215 1510s
 10256  6377  345.61188   21  291  179.00000  358.19393   100%   215 1517s
 10258  6379  212.18726  147  295  179.00000  358.19393   100%   215 1520s
 10259  6379  224.04035   82  290  179.00000  358.19393   100%   215 1529s
 10260  6380  261.98044  105  291  179.00000  358.19393   100%   215 1532s
 10262  6381  193.52677  122  294  179.00000  358.19393   100%   215 1535s
 10265  6383  205.28793   53  296  179.00000  358.19393   100%   215 1540s
 10267  6385  190.97554   91  297  179.00000  358.19393   100%   215 1545s
 10270  6387  207.71805   40  288  179.00000  358.19393   100%   215 1551s
 10274  6389  246.82612   58  289  179.00000  358.19393   100%   215 1557s
 10276  6391  200.77937   59  291  179.00000  358.19393   100%   215 1560s
 10280  6393  197.44317   58  290  179.00000  358.19393   100%   214 1567s
 10282  6395  238.44362   58  285  179.00000  358.19393   100%   214 1570s
 10286  6397  218.95725   54  287  179.00000  358.19393   100%   214 1578s
 10287  6398  285.63735   60  291  179.00000  358.19393   100%   214 1581s
 10289  6399  205.20090  159  292  179.00000  358.19393   100%   214 1585s
 10292  6401  261.42413   77  296  179.00000  358.19393   100%   214 1591s
 10294  6403  196.35658   84  295  179.00000  358.19393   100%   214 1595s
 10297  6405  186.57266   66  292  179.00000  358.19393   100%   214 1602s
 10299  6406  248.15945   86  291  179.00000  358.19393   100%   214 1605s
 10303  6409  201.42625   82  294  179.00000  358.19393   100%   214 1613s
 10305  6410  339.30105   53  294  179.00000  358.19393   100%   214 1618s
 10307  6411  185.01206  196  295  179.00000  358.19393   100%   214 1624s
 10309  6413  218.28691   62  294  179.00000  358.19393   100%   214 1629s
 10310  6413  244.09449   29  297  179.00000  358.19393   100%   214 1630s
 10311  6414  187.07726   41  294  179.00000  358.19393   100%   214 1635s
 10313  6415  205.35861   52  295  179.00000  358.19393   100%   214 1640s
 10315  6417  193.42542   37  291  179.00000  358.19393   100%   214 1647s
 10317  6418  180.04205   49  291  179.00000  358.19393   100%   214 1651s
 10319  6419  230.95062   70  294  179.00000  358.19393   100%   214 1656s
 10321  6421  217.53770   72  297  179.00000  358.19393   100%   214 1661s
 10323  6422  231.69050   50  297  179.00000  358.19393   100%   214 1666s
 10325  6423  194.10181   76  297  179.00000  358.19393   100%   214 1671s
 10327  6425  244.61281   32  288  179.00000  358.19393   100%   213 1676s
 10328  6425  228.97077  214  296  179.00000  358.19393   100%   213 1752s
 10329  6426  189.05313  106  294  179.00000  358.19393   100%   213 1757s
 10331  6427  204.78355  188  288  179.00000  358.19393   100%   213 1762s
 10332  6428  186.41970   37  291  179.00000  358.19393   100%   213 1777s
 10333  6429  228.49521   57  291  179.00000  358.19393   100%   213 1782s
 10335  6430  229.21651  166  293  179.00000  358.19393   100%   213 1787s
 10337  6431  200.01311   65  294  179.00000  358.19393   100%   213 1792s

Cutting planes:
  Gomory: 60

Explored 10337 nodes (2219564 simplex iterations) in 1800.01 seconds (784.49 work units)
Thread count was 1 (of 12 available processors)

Solution count 10: 179 173 170 ... 87

Time limit reached
Best objective 1.790000000000e+02, best bound 3.580000000000e+02, gap 100.0000%
