
Gurobi 12.0.2 (linux64, C++) logging started Thu Jun 19 08:00:21 2025

Set parameter LogFile to value "log/instances/scenario2/not_correlated_sc2/700/kpfs_5.txt.log"

Gurobi 12.0.2 (linux64, C++) logging started Thu Jun 19 08:01:44 2025

Set parameter LogFile to value "log/instances/scenario2/not_correlated_sc2/700/kpfs_5.txt.log"

Gurobi 12.0.2 (linux64, C++) logging started Thu Jun 19 08:02:55 2025

Set parameter LogFile to value "log/instances/scenario2/not_correlated_sc2/700/kpfs_5.txt.log"

Gurobi 12.0.2 (linux64, C++) logging started Thu Jun 19 22:20:26 2025

Set parameter WLSAccessID
Set parameter WLSSecret
Set parameter LicenseID to value 2679381
Set parameter LogFile to value "log/instances/scenario2/not_correlated_sc2/700/kpfs_5.txt.log"
Academic license 2679381 - for non-commercial use only - registered to be___@poli.ufrj.br
Set parameter TimeLimit to value 1800
Set parameter Threads to value 1
Gurobi Optimizer version 12.0.2 build v12.0.2rc0 (linux64 - "Ubuntu 24.04.1 LTS")

CPU model: 13th Gen Intel(R) Core(TM) i7-1355U, instruction set [SSE2|AVX|AVX2]
Thread count: 6 physical cores, 12 logical processors, using up to 1 threads

Non-default parameters:
TimeLimit  1800
Threads  1

Academic license 2679381 - for non-commercial use only - registered to be___@poli.ufrj.br
Optimize a model with 2102 rows, 2800 columns and 43673 nonzeros
Model fingerprint: 0xb1f6c963
Variable types: 0 continuous, 2800 integer (700 binary)
Coefficient statistics:
  Matrix range     [1e+00, 3e+01]
  Objective range  [1e+00, 3e+01]
  Bounds range     [1e+00, 3e+01]
  RHS range        [1e+00, 1e+03]
Found heuristic solution: objective 96.0000000
Presolve removed 0 rows and 28 columns
Presolve time: 0.13s
Presolved: 2102 rows, 2772 columns, 43617 nonzeros
Variable types: 0 continuous, 2772 integer (728 binary)

Root relaxation: objective 5.240293e+02, 3345 iterations, 1.15 seconds (0.97 work units)

    Nodes    |    Current Node    |     Objective Bounds      |     Work
 Expl Unexpl |  Obj  Depth IntInf | Incumbent    BestBd   Gap | It/Node Time

     0     0  524.02934    0  295   96.00000  524.02934   446%     -    1s
H    0     0                     100.0000000  524.02934   424%     -    1s
H    0     0                     112.0000000  524.02934   368%     -    1s
H    0     0                     118.0000000  524.02934   344%     -    1s
H    0     0                     153.0000000  524.02934   243%     -    1s
H    0     0                     157.0000000  524.02934   234%     -    1s
H    0     0                     158.0000000  524.02934   232%     -    2s
     0     0  523.06077    0  292  158.00000  523.06077   231%     -    4s
     0     0  523.05121    0  291  158.00000  523.05121   231%     -    9s
     0     0  522.78573    0  290  158.00000  522.78573   231%     -   12s
     0     0  522.78031    0  290  158.00000  522.78031   231%     -   12s
     0     0  522.72004    0  288  158.00000  522.72004   231%     -   16s
     0     0  522.71083    0  288  158.00000  522.71083   231%     -   17s
     0     0  522.66834    0  288  158.00000  522.66834   231%     -   21s
     0     0  522.66295    0  288  158.00000  522.66295   231%     -   21s
     0     0  522.66153    0  288  158.00000  522.66153   231%     -   21s
     0     0  522.63315    0  285  158.00000  522.63315   231%     -   25s
     0     0  522.62988    0  288  158.00000  522.62988   231%     -   25s
     0     2  522.56594    0  288  158.00000  522.56594   231%     -   27s
     4     6  440.41191    2  219  158.00000  517.28531   227%   986   31s
    17    19  499.71348   14  288  158.00000  515.54583   226%   490   35s
    52    54  473.31628   49  275  158.00000  515.54583   226%   273   40s
    98   100  446.57524   95  249  158.00000  515.54583   226%   208   45s
   116   118  435.12463  110  229  158.00000  515.54583   226%   233   50s
   141   143  409.64155  132  233  158.00000  515.54583   226%   259   55s
   182   184  377.28674  171  222  158.00000  515.54583   226%   242   60s
   240   242  256.13617  226  153  158.00000  515.54583   226%   218   65s
   270   272  319.19897  252  197  158.00000  515.54583   226%   220   70s
   338   340  272.64996  319  163  158.00000  515.54583   226%   196   75s
   422   424  223.32756  401  134  158.00000  515.54583   226%   176   80s
   518   500  389.77473    9  210  158.00000  513.77308   225%   162   85s
   523   504  244.73269  366  288  158.00000  513.77308   225%   161   91s
H  524   479                     167.0000000  513.77308   208%   161   94s
H  524   455                     171.0000000  513.77308   200%   161   98s
   526   456  197.70747  437  294  171.00000  513.77308   200%   160  109s
   529   458  292.36031  294  288  171.00000  513.77308   200%   160  110s
   533   461  505.58339   10  288  171.00000  513.77308   200%   158  118s
   534   463  513.77308   11  290  171.00000  513.77308   200%   166  120s
   539   467  404.05629   13  214  171.00000  513.77308   200%   175  125s
   544   470  510.17462   16  297  171.00000  512.00290   199%   185  130s
   550   474  508.36276   19  298  171.00000  508.75008   198%   192  135s
   555   477  357.06492   21  198  171.00000  505.49440   196%   201  140s
   560   481  499.48568   24  287  171.00000  500.74345   193%   208  145s
   565   484  366.02936   26  179  171.00000  494.49880   189%   215  150s
   573   489  397.80895   30  205  171.00000  488.07785   185%   225  155s
   582   495  481.32646   35  280  171.00000  481.74572   182%   234  160s
   587   499  334.89857   37  191  171.00000  478.79988   180%   242  165s
   592   502  476.69123   40  288  171.00000  477.57113   179%   246  170s
   596   505  474.94517   42  290  171.00000  475.89818   178%   252  175s
   601   508  357.11147   44  197  171.00000  473.35587   177%   259  180s
   605   511  382.24772   46  214  171.00000  469.64614   175%   263  185s
   611   515  343.42980   49  196  171.00000  465.96773   172%   270  191s
   615   517  296.50698   51  180  171.00000  464.88333   172%   275  195s
   621   521  335.96412   54  194  171.00000  462.59403   171%   280  200s
   627   525  344.67440   57  169  171.00000  457.65054   168%   286  205s
   633   529  303.71746   60  159  171.00000  455.03471   166%   292  210s
   639   533  353.08560   63  208  171.00000  453.45331   165%   298  217s
   643   536  307.96374   65  178  171.00000  452.02883   164%   301  220s
   649   540  346.80659   68  197  171.00000  449.01279   163%   307  225s
   657   545  290.21677   72  176  171.00000  444.72958   160%   317  230s
   663   549  315.63492   75  181  171.00000  441.62007   158%   320  235s
   669   553  346.91290   78  200  171.00000  440.38690   158%   326  240s
   675   557  338.19761   81  162  171.00000  440.38690   158%   331  245s
   681   561  303.37006   84  176  171.00000  440.38690   158%   336  251s
   685   564  330.18692   86  182  171.00000  440.38690   158%   338  255s
   689   567  286.24787   88  157  171.00000  440.38690   158%   341  260s
   694   570  425.86322   91  268  171.00000  440.38690   158%   344  265s
H  699   548                     178.0000000  440.38690   147%   347  271s
H  699   526                     189.0000000  440.38690   133%   347  293s
   701   530  269.77071   94  151  189.00000  440.38690   133%   350  295s
   706   533  420.98203   97  267  189.00000  440.38690   133%   353  300s
   714   538  417.71447  101  272  189.00000  440.38690   133%   357  305s
   721   543  316.34371  104  174  189.00000  440.38690   133%   363  310s
   725   546  272.09069  106  170  189.00000  440.38690   133%   365  315s
   729   548  315.24682  108  178  189.00000  440.38690   133%   367  320s
   734   552  408.68725  111  259  189.00000  440.38690   133%   370  325s
   739   555  293.96021  113  155  189.00000  440.38690   133%   372  330s
   745   559  266.83895  116  152  189.00000  440.38690   133%   375  336s
   750   562  399.45107  119  257  189.00000  440.38690   133%   377  340s
   755   566  310.76671  121  183  189.00000  440.38690   133%   380  345s
   759   568  283.96738  123  160  189.00000  440.38690   133%   381  350s
   765   572  293.24545  126  175  189.00000  440.38690   133%   384  356s
   771   576  280.77023  129  162  189.00000  440.38690   133%   386  360s
   776   580  388.46965  132  254  189.00000  440.38690   133%   387  365s
   781   583  277.14508  134  157  189.00000  440.38690   133%   389  370s
   786   586  384.60311  137  261  189.00000  440.38690   133%   391  375s
   791   590  256.52956  139  144  189.00000  440.38690   133%   393  380s
   794   592  383.16913  141  259  189.00000  440.38690   133%   394  385s
   800   596  381.72032  144  255  189.00000  440.38690   133%   396  390s
   807   600  279.63217  147  159  189.00000  440.38690   133%   401  395s
   814   605  375.54358  151  252  189.00000  440.38690   133%   406  400s
   819   608  282.67542  153  187  189.00000  440.38690   133%   411  405s
   825   612  248.57411  156  165  189.00000  440.38690   133%   416  410s
   831   616  269.21120  159  152  189.00000  440.38690   133%   421  415s
   839   622  250.30722  163  140  189.00000  440.38690   133%   427  420s
   847   627  245.35846  167  134  189.00000  440.38690   133%   433  425s
   857   634  236.88292  172  142  189.00000  440.38690   133%   440  430s
   866   640  353.50366  177  239  189.00000  440.38690   133%   446  435s
   871   643  257.67206  179  150  189.00000  440.38690   133%   450  440s
   881   650  234.46650  184  145  189.00000  440.38690   133%   457  445s
   889   655  252.18000  188  137  189.00000  440.38690   133%   462  450s
   897   660  231.08858  192  122  189.00000  440.38690   133%   467  455s
   907   667  246.88740  197  143  189.00000  440.38690   133%   472  460s
   918   674  335.59608  203  237  189.00000  440.38690   133%   477  465s
   928   681  332.49563  208  219  189.00000  440.38690   133%   482  470s
   938   688  328.87202  213  218  189.00000  440.38690   133%   488  475s
   949   695  198.89560  218  133  189.00000  440.38690   133%   494  485s
   964   705  319.57991  226  221  189.00000  440.38690   133%   500  490s
   982   716  310.63493  235  222  189.00000  440.38690   133%   508  495s
   993   721     cutoff  240       189.00000  440.38690   133%   513  500s
  1002   725  304.35337  245  217  189.00000  440.38690   133%   516  506s
  1011   731  214.00294  249  115  189.00000  440.38690   133%   519  510s
  1021   737  191.43768  254  114  189.00000  440.38690   133%   522  515s
  1029   740  203.47223  258  125  189.00000  440.38690   133%   525  520s
  1043   744  206.91410  265  123  189.00000  440.38690   133%   528  525s
  1056   747  284.87169  272  213  189.00000  440.38690   133%   530  530s
  1071   744     cutoff  279       189.00000  440.38690   133%   534  535s
  1091   738     cutoff  289       189.00000  440.38690   133%   535  540s
  1107   734     cutoff  297       189.00000  440.38690   133%   537  545s
  1122   735  261.04118  305  200  189.00000  440.38690   133%   539  550s
  1147   726     cutoff  317       189.00000  440.38690   133%   539  555s
  1175   717     cutoff  331       189.00000  440.38690   133%   537  560s
  1198   711  230.98224  343  177  189.00000  440.38690   133%   534  565s
  1223   702     cutoff  355       189.00000  440.38690   133%   530  570s
  1256   692  212.07161  372  165  189.00000  440.38690   133%   523  575s
  1284   682  200.15200  386  158  189.00000  440.38690   133%   516  584s
  1292   680  196.85198  390  162  189.00000  440.38690   133%   513  585s
  1318   672  432.28745   14  214  189.00000  440.38092   133%   506  590s
  1331   681  315.86022   20  171  189.00000  440.38092   133%   510  595s
  1339   686  323.72484   24  167  189.00000  440.38092   133%   512  602s
  1345   690  258.44864   27  151  189.00000  440.38092   133%   514  605s
  1354   696  394.28759   32  212  189.00000  440.38092   133%   515  610s
  1361   701  242.54564   35  133  189.00000  440.38092   133%   517  615s
  1369   706  270.53174   39  142  189.00000  440.38092   133%   519  620s
  1379   713  252.50120   44  140  189.00000  440.38092   133%   521  625s
  1391   721  269.03868   50  140  189.00000  440.38092   133%   524  630s
  1401   727  238.33585   55  143  189.00000  440.38092   133%   525  635s
  1421   741  226.79632   65  115  189.00000  440.38092   133%   529  640s
  1433   749  254.17029   71  146  189.00000  440.38092   133%   530  645s
  1443   755  256.48394   76  137  189.00000  440.38092   133%   532  650s
  1457   765  239.85353   83  136  189.00000  440.38092   133%   534  655s
  1467   771  208.95073   88  123  189.00000  440.38092   133%   535  660s
  1480   780  315.59360   95  199  189.00000  440.38092   133%   536  665s
  1495   790  238.27326  102  145  189.00000  440.38092   133%   537  670s
  1510   800  301.61892  110  195  189.00000  440.38092   133%   538  675s
  1523   805  195.63491  116  142  189.00000  440.38092   133%   540  680s
  1541   808  192.60971  125  123  189.00000  440.38092   133%   541  685s
  1559   810  193.35067  134  106  189.00000  440.38092   133%   541  690s
  1577   816     cutoff  143       189.00000  440.38092   133%   541  695s
  1601   816     cutoff  155       189.00000  440.38092   133%   540  700s
  1635   810  206.82713  172  130  189.00000  440.38092   133%   536  705s
  1680   796  222.81672  195  143  189.00000  440.38092   133%   529  710s
  1764   779  304.98305   19  166  189.00000  417.15745   121%   514  715s
  1803   800  219.29816   38  114  189.00000  417.15745   121%   512  721s
  1809   802  191.86111   41   73  189.00000  417.15745   121%   511  730s
  1859   814     cutoff   66       189.00000  417.15745   121%   505  735s
  1945   819  214.87747   21  132  189.00000  417.13971   121%   490  740s
  1961   835  230.64669   29  137  189.00000  417.13971   121%   491  751s
  1975   847  214.44295   36  101  189.00000  417.13971   121%   491  789s
  1979   850  233.75620   38  127  189.00000  417.13971   121%   491  790s
  2019   867     cutoff   58       189.00000  417.13971   121%   488  795s
  2128   868  322.32433   19  157  189.00000  415.89212   120%   470  800s
  2142   882  264.65637   26  128  189.00000  415.89212   120%   472  805s
  2159   899  370.29665   35  188  189.00000  415.89212   120%   474  810s
  2172   912  236.67288   41  142  189.00000  415.89212   120%   476  815s
  2190   930  245.07381   50  114  189.00000  415.89212   120%   477  820s
  2210   950  269.38565   60  133  189.00000  415.89212   120%   479  825s
  2230   970  237.36085   70  128  189.00000  415.89212   120%   480  830s
  2250   989  199.12680   80  102  189.00000  415.89212   120%   482  835s
  2272  1007     cutoff   91       189.00000  415.89212   120%   483  840s
  2296  1019  191.69882  103  113  189.00000  415.89212   120%   484  845s
  2320  1023     cutoff  115       189.00000  415.89212   120%   484  850s
  2390  1029     cutoff  150       189.00000  415.89212   120%   479  855s
  2480  1028  413.50068   15  237  189.00000  415.88012   120%   467  860s
  2490  1038  315.38159   20  183  189.00000  415.88012   120%   468  865s
  2502  1050  302.12670   26  186  189.00000  415.88012   120%   470  870s
  2514  1062  304.20491   32  171  189.00000  415.88012   120%   472  875s
  2526  1074  281.27254   38  126  189.00000  415.88012   120%   473  880s
  2540  1088  274.03695   45  152  189.00000  415.88012   120%   475  885s
  2552  1100  278.18786   51  167  189.00000  415.88012   120%   477  890s
  2567  1115  348.62291   59  214  189.00000  415.88012   120%   478  895s
  2578  1126  232.42648   64  149  189.00000  415.88012   120%   479  907s
  2586  1134  198.85017   68  111  189.00000  415.88012   120%   480  910s
  2601  1149  331.61687   76  199  189.00000  415.88012   120%   482  915s
  2620  1168  209.68156   85  133  189.00000  415.88012   120%   483  920s
  2640  1186  200.71251   95  131  189.00000  415.88012   120%   485  925s
  2672  1213  213.05216  111  153  189.00000  415.88012   120%   487  930s
  2698  1229     cutoff  124       189.00000  415.88012   120%   488  935s
  2728  1239     cutoff  139       189.00000  415.88012   120%   488  940s
  2755  1240  246.17196  153  165  189.00000  415.88012   120%   487  945s
  2784  1239     cutoff  167       189.00000  415.88012   120%   485  950s
  2834  1240     cutoff  192       189.00000  415.88012   120%   481  955s
  2916  1248  301.75225   20  143  189.00000  410.26629   117%   471  960s
  2967  1278     cutoff   45       189.00000  410.26629   117%   468  965s
  3069  1311  214.57887   33   84  189.00000  410.24052   117%   460  970s
  3164  1328  406.17687   18  207  189.00000  409.23958   117%   453  975s
  3207  1371  336.49413   61  194  189.00000  409.23958   117%   448  980s
  3281  1445  249.16165  135  155  189.00000  409.23958   117%   440  985s
  3389  1537  220.86795   48  138  189.00000  409.01795   116%   429  990s
  3411  1559  197.48134   70  121  189.00000  409.01795   116%   426 1012s
  3434  1574  374.87455   34  231  189.00000  408.99054   116%   424 1015s
  3489  1629  311.24527   89  205  189.00000  408.99054   116%   420 1020s
  3556  1696  252.54309  156  187  189.00000  408.99054   116%   414 1025s
  3647  1776  290.86649   19  159  189.00000  408.77971   116%   406 1030s
  3787  1899  385.49332   34  192  189.00000  407.62123   116%   394 1035s
  3886  1998  248.70413  133  169  189.00000  407.62123   116%   386 1040s
  3963  2060  391.52316   19  213  189.00000  407.61004   116%   381 1045s
  4030  2127  290.71815   86  164  189.00000  407.61004   116%   376 1050s
  4158  2243  224.46482   48  118  189.00000  407.54267   116%   367 1055s
  4250  2317  192.14719   61  120  189.00000  406.13810   115%   361 1060s
  4301  2327  236.25258   43  146  189.00000  404.93259   114%   361 1065s
  4383  2337  259.67328   26  144  189.00000  404.78613   114%   356 1070s
  4495  2433  215.02270   64  127  189.00000  404.02652   114%   350 1075s
  4563  2483  362.45607   28  222  189.00000  403.70810   114%   346 1080s
  4650  2570  254.74304  115  161  189.00000  403.70810   114%   342 1085s
  4772  2659  204.00490   22   94  189.00000  402.39508   113%   336 1090s
  4788  2658  281.69088   29  150  189.00000  402.27362   113%   335 1095s
  4858  2706  215.48030   27  112  189.00000  400.59831   112%   332 1100s
  4964  2777  303.72108   30  157  189.00000  399.09723   111%   327 1105s
  5076  2871  291.74700   25  179  189.00000  398.32337   111%   322 1110s
  5198  2976  221.59181   56  118  189.00000  398.26051   111%   316 1115s
  5321  3075  310.42308   33  158  189.00000  397.75977   110%   312 1120s
  5333  3087  266.66950   39  163  189.00000  397.75977   110%   313 1125s
  5345  3099  232.57911   45  135  189.00000  397.75977   110%   314 1130s
  5357  3111  260.14203   51  167  189.00000  397.75977   110%   315 1135s
  5371  3125  262.86051   58  138  189.00000  397.75977   110%   316 1140s
  5385  3139  248.74585   65  158  189.00000  397.75977   110%   317 1145s
  5399  3153  240.46258   72  146  189.00000  397.75977   110%   318 1150s
  5415  3169  221.71075   80  136  189.00000  397.75977   110%   319 1155s
  5431  3185  229.89898   88  130  189.00000  397.75977   110%   320 1160s
  5447  3198  231.19919   96  136  189.00000  397.75977   110%   321 1165s
  5466  3213  295.71875  106  180  189.00000  397.75977   110%   322 1170s
  5489  3230  194.08249  117  116  189.00000  397.75977   110%   323 1175s
  5509  3237     cutoff  127       189.00000  397.75977   110%   324 1180s
  5539  3245     cutoff  142       189.00000  397.75977   110%   325 1185s
  5581  3246     cutoff  163       189.00000  397.75977   110%   325 1190s
  5638  3248  221.32501  192  142  189.00000  397.75977   110%   324 1196s
  5730  3253  264.17477   34  146  189.00000  396.05355   110%   321 1200s
  5809  3308  195.36460   39   76  189.00000  395.98353   110%   318 1205s
  5901  3377  273.80860   18  141  189.00000  394.95118   109%   315 1210s
  5961  3421  267.29855   43  156  189.00000  394.56384   109%   313 1215s
  6058  3499  223.87454   47  145  189.00000  393.89783   108%   310 1220s
  6162  3580  200.28580   86  123  189.00000  392.64609   108%   306 1225s
  6235  3619     cutoff   36       189.00000  391.57648   107%   304 1230s
  6324  3675  232.14656   56  133  189.00000  391.25322   107%   301 1235s
  6421  3742  208.30940   36  101  189.00000  388.93366   106%   298 1240s
  6496  3749  290.66739   29  180  189.00000  388.47633   106%   297 1245s
  6572  3825  190.63128  105  117  189.00000  388.47633   106%   295 1250s
  6645  3867  377.99036   32  215  189.00000  388.25871   105%   292 1293s
  6655  3877  357.04153   42  207  189.00000  388.25871   105%   292 1295s
  6728  3926  296.88672   30  143  189.00000  387.31424   105%   291 1300s
  6838  4002  228.30724   39  136  189.00000  386.68178   105%   288 1305s
  6971  4108     cutoff  102       189.00000  385.95789   104%   284 1310s
  7066  4183  382.04820   36  203  189.00000  385.63414   104%   281 1315s
  7138  4241  279.37392   25  146  189.00000  385.47527   104%   280 1320s
  7265  4342  262.01478   36  148  189.00000  385.21151   104%   276 1325s
  7351  4394  244.93763   52  152  189.00000  384.39059   103%   275 1330s
  7484  4439  266.08302   32  167  189.00000  383.94266   103%   273 1335s
  7573  4493  218.76552   30  118  189.00000  383.87696   103%   271 1340s
  7642  4547  266.23683   40  152  189.00000  383.37827   103%   270 1345s
  7747  4636  198.53772   74  124  189.00000  383.37576   103%   267 1350s
  7873  4728  364.89626   42  206  189.00000  382.42420   102%   265 1355s
  7964  4819  259.26556  133  159  189.00000  382.42420   102%   263 1360s
  8071  4902  268.01328   33  156  189.00000  382.20214   102%   261 1365s
  8177  4986  265.88800   47  144  189.00000  382.12747   102%   258 1370s
  8308  5087  219.51198   35  138  189.00000  381.76518   102%   256 1375s
  8410  5159  193.93992   45   98  189.00000  381.10278   102%   255 1380s
  8546  5206  224.13329   61  124  189.00000  380.96881   102%   253 1385s
  8667  5282  281.58169   35  151  189.00000  380.21768   101%   251 1390s
  8795  5386  239.17058   60  128  189.00000  379.66210   101%   249 1395s
  8918  5412  374.85865   25  204  189.00000  379.22885   101%   248 1400s
  9020  5499  200.61051   69  118  189.00000  379.07320   101%   246 1405s
  9124  5569  263.96600   44  153  189.00000  378.17045   100%   245 1410s
  9230  5647  296.41234   52  151  189.00000  377.95910   100%   243 1415s
  9339  5710     cutoff   35       189.00000  377.94168   100%   242 1420s
  9452  5766  224.70539   46  138  189.00000  377.80326   100%   240 1425s
  9610  5885  294.52962   27  155  189.00000  376.45695  99.2%   238 1430s
  9778  6026  211.55292   66  113  189.00000  376.32713  99.1%   235 1435s
  9923  6135  199.67945   66  138  189.00000  376.09854  99.0%   233 1440s
 10025  6190  191.93106   30  103  189.00000  375.48369  98.7%   232 1445s
 10123  6234  287.61913   37  173  189.00000  374.85824  98.3%   231 1450s

Cutting planes:
  Gomory: 5
  Zero half: 16

Explored 10202 nodes (2351581 simplex iterations) in 1800.03 seconds (702.16 work units)
Thread count was 1 (of 12 available processors)

Solution count 10: 189 178 171 ... 100

Time limit reached
Best objective 1.890000000000e+02, best bound 3.740000000000e+02, gap 97.8836%
