
Gurobi 12.0.2 (linux64, C++) logging started Thu Jun 19 08:00:21 2025

Set parameter LogFile to value "log/instances/scenario2/not_correlated_sc2/700/kpfs_1.txt.log"

Gurobi 12.0.2 (linux64, C++) logging started Thu Jun 19 08:01:43 2025

Set parameter LogFile to value "log/instances/scenario2/not_correlated_sc2/700/kpfs_1.txt.log"

Gurobi 12.0.2 (linux64, C++) logging started Thu Jun 19 08:02:54 2025

Set parameter LogFile to value "log/instances/scenario2/not_correlated_sc2/700/kpfs_1.txt.log"

Gurobi 12.0.2 (linux64, C++) logging started Thu Jun 19 08:03:58 2025

Set parameter LogFile to value "log/instances/scenario2/not_correlated_sc2/700/kpfs_1.txt.log"

Gurobi 12.0.2 (linux64, C++) logging started Thu Jun 19 19:50:25 2025

Set parameter WLSAccessID
Set parameter WLSSecret
Set parameter LicenseID to value 2679381
Set parameter LogFile to value "log/instances/scenario2/not_correlated_sc2/700/kpfs_1.txt.log"
Academic license 2679381 - for non-commercial use only - registered to be___@poli.ufrj.br
Set parameter TimeLimit to value 1800
Set parameter Threads to value 1
Gurobi Optimizer version 12.0.2 build v12.0.2rc0 (linux64 - "Ubuntu 24.04.1 LTS")

CPU model: 13th Gen Intel(R) Core(TM) i7-1355U, instruction set [SSE2|AVX|AVX2]
Thread count: 6 physical cores, 12 logical processors, using up to 1 threads

Non-default parameters:
TimeLimit  1800
Threads  1

Academic license 2679381 - for non-commercial use only - registered to be___@poli.ufrj.br
Optimize a model with 2102 rows, 2800 columns and 43263 nonzeros
Model fingerprint: 0x2e9efa60
Variable types: 0 continuous, 2800 integer (700 binary)
Coefficient statistics:
  Matrix range     [1e+00, 3e+01]
  Objective range  [1e+00, 3e+01]
  Bounds range     [1e+00, 3e+01]
  RHS range        [1e+00, 1e+03]
Found heuristic solution: objective 115.0000000
Presolve removed 0 rows and 42 columns
Presolve time: 0.23s
Presolved: 2102 rows, 2758 columns, 43179 nonzeros
Variable types: 0 continuous, 2758 integer (731 binary)

Root relaxation: objective 5.288599e+02, 3217 iterations, 1.96 seconds (0.98 work units)

    Nodes    |    Current Node    |     Objective Bounds      |     Work
 Expl Unexpl |  Obj  Depth IntInf | Incumbent    BestBd   Gap | It/Node Time

     0     0  528.85995    0  294  115.00000  528.85995   360%     -    2s
H    0     0                     118.0000000  528.85995   348%     -    2s
H    0     0                     134.0000000  528.85995   295%     -    2s
H    0     0                     139.0000000  528.85995   280%     -    2s
H    0     0                     162.0000000  528.85995   226%     -    3s
H    0     0                     178.0000000  528.85995   197%     -    4s
     0     0  528.01092    0  291  178.00000  528.01092   197%     -    6s
     0     0  527.82330    0  285  178.00000  527.82330   197%     -   11s
     0     0  527.80654    0  288  178.00000  527.80654   197%     -   11s
     0     0  527.48590    0  283  178.00000  527.48590   196%     -   14s
     0     0  527.32890    0  288  178.00000  527.32890   196%     -   20s
     0     0  527.30751    0  294  178.00000  527.30751   196%     -   20s
     0     0  527.30545    0  294  178.00000  527.30545   196%     -   20s
     0     0  527.30468    0  293  178.00000  527.30468   196%     -   20s
     0     0  527.24973    0  288  178.00000  527.24973   196%     -   26s
     0     0  527.24234    0  291  178.00000  527.24234   196%     -   26s
     0     0  527.21897    0  290  178.00000  527.21897   196%     -   30s
     0     0  527.21442    0  294  178.00000  527.21442   196%     -   30s
     0     0  527.21062    0  290  178.00000  527.21062   196%     -   30s
     0     2  527.07155    0  290  178.00000  527.07155   196%     -   32s
     6     8  518.63293    4  296  178.00000  521.00228   193%   671   35s
H   26    26                     182.0000000  521.00228   186%   283   37s
    45    47  489.93179   43  273  182.00000  521.00228   186%   234   40s
    80    82  369.65912   76  183  182.00000  521.00228   186%   248   45s
   113   115  367.96743  108  173  182.00000  521.00228   186%   223   50s
   180   182  388.53013  173  218  182.00000  521.00228   186%   222   55s
   220   222  356.18622  209  206  182.00000  521.00228   186%   219   60s
   279   281  322.13297  265  179  182.00000  521.00228   186%   201   65s
   317   319  296.77621  299  171  182.00000  521.00228   186%   199   70s
   367   365     cutoff  346       182.00000  521.00228   186%   189   75s
   454   436  201.79335  424  122  182.00000  521.00228   186%   173   80s
   491   462  386.50901    9  195  182.00000  519.56899   185%   169   86s
H  506   469                     185.0000000  519.56899   181%   168   90s
   530   494  500.84076   27  290  185.00000  519.56899   181%   172  101s
   532   495  213.72018  409  294  185.00000  519.56899   181%   171  110s
   534   497  236.92731  384  294  185.00000  519.53726   181%   170  129s
   535   499  519.53726   16  290  185.00000  519.53726   181%   176  130s
   540   503  411.54926   18  198  185.00000  518.75713   180%   183  135s
   546   507  382.71071   21  186  185.00000  514.58951   178%   195  141s
   551   510  509.82397   24  302  185.00000  511.16424   176%   200  145s
   556   513  407.80547   26  209  185.00000  508.86153   175%   208  151s
   560   516  367.21533   28  198  185.00000  506.78605   174%   214  155s
   566   520  408.46083   31  214  185.00000  503.36993   172%   223  160s
   572   524  414.15753   34  229  185.00000  500.20955   170%   231  165s
   580   529  384.85013   38  200  185.00000  496.52953   168%   241  170s
   587   534  491.58071   42  283  185.00000  493.00957   166%   248  175s
   593   538  486.99471   45  285  185.00000  487.77490   164%   255  180s
   597   541  484.39916   47  293  185.00000  485.56928   162%   260  185s
   604   545  336.73365   50  172  185.00000  482.29361   161%   268  191s
   610   549  384.01240   53  192  185.00000  479.49016   159%   275  195s
   617   554  476.80861   57  282  185.00000  477.77167   158%   279  200s
   624   559  354.59314   60  186  185.00000  473.54494   156%   289  205s
   630   563  336.26048   63  189  185.00000  471.97282   155%   295  210s
   638   568  381.59681   67  202  185.00000  468.25417   153%   302  215s
   642   571  328.02704   69  160  185.00000  467.16434   153%   305  220s
   648   575  307.49331   72  169  185.00000  465.63360   152%   311  225s
   654   579  370.69404   75  196  185.00000  462.85377   150%   316  230s
   659   582  460.59009   78  265  185.00000  461.20445   149%   319  235s
   664   585  359.90914   80  177  185.00000  457.94447   148%   323  240s
   670   589  361.61461   83  184  185.00000  453.78854   145%   328  245s
   676   593  348.06269   86  188  185.00000  451.10963   144%   334  252s
   680   596  301.54776   88  149  185.00000  449.70746   143%   336  255s
   686   600  311.83921   91  172  185.00000  448.10422   142%   341  260s
   692   604  306.78803   94  168  185.00000  445.55861   141%   345  265s
   697   607  443.04946   97  257  185.00000  443.64880   140%   348  270s
   703   611  439.72197  100  266  185.00000  441.72704   139%   352  275s
   709   615  437.72805  103  263  185.00000  438.27815   137%   356  280s
   716   620  319.93261  106  173  185.00000  434.62024   135%   362  285s
   722   624  332.32263  109  192  185.00000  431.55299   133%   364  294s
   723   625  429.42558  110  260  185.00000  431.55299   133%   364  295s
   728   628  261.14769  112  154  185.00000  431.55299   133%   367  300s
   734   632  340.15342  115  195  185.00000  431.55299   133%   371  305s
   740   636  306.32147  118  162  185.00000  431.55299   133%   375  310s
   746   640  368.22696  121  188  185.00000  431.55299   133%   377  315s
   752   644  306.92391  124  176  185.00000  431.55299   133%   380  320s
   758   648  297.55236  127  177  185.00000  431.55299   133%   383  325s
   764   652  268.44322  130  132  185.00000  431.55299   133%   386  330s
   770   656  288.93832  133  162  185.00000  431.55299   133%   389  335s
   776   660  307.99415  136  172  185.00000  431.55299   133%   392  340s
   783   665  406.36408  140  244  185.00000  431.55299   133%   394  345s
   790   669  328.99641  143  190  185.00000  431.55299   133%   397  350s
   794   672  279.33909  145  135  185.00000  431.55299   133%   398  357s
   798   675  300.03630  147  169  185.00000  431.55299   133%   400  360s
   806   680  295.49215  151  162  185.00000  431.55299   133%   402  365s
   814   685  305.87962  155  169  185.00000  431.55299   133%   404  370s
   821   690  388.85286  159  238  185.00000  431.55299   133%   406  375s
   828   695  253.55942  162  142  185.00000  431.55299   133%   409  380s
   834   699  299.16401  165  161  185.00000  431.55299   133%   410  386s
   838   701  272.69748  167  138  185.00000  431.55299   133%   412  390s
   844   705  253.21606  170  147  185.00000  431.55299   133%   413  395s
   851   710  376.57312  174  233  185.00000  431.55299   133%   414  400s
   858   715  293.28866  177  185  185.00000  431.55299   133%   417  405s
   864   719  264.19023  180  147  185.00000  431.55299   133%   418  410s
   870   723  242.46327  183  137  185.00000  431.55299   133%   420  415s
   872   724  287.16187  184  181  185.00000  431.55299   133%   421  420s
   878   728  269.62328  187  139  185.00000  431.55299   133%   422  431s
   887   734  361.81075  192  229  185.00000  431.55299   133%   424  435s
   896   740  273.33573  196  159  185.00000  431.55299   133%   426  440s
   904   745  262.19048  200  145  185.00000  431.55299   133%   428  445s
   912   751  249.47162  204  137  185.00000  431.55299   133%   430  450s
   918   755  245.27651  207  148  185.00000  431.55299   133%   431  455s
   927   761  344.11359  212  219  185.00000  431.55299   133%   432  460s
   936   767  235.42440  216  123  185.00000  431.55299   133%   434  465s
   944   772  219.29446  220  104  185.00000  431.55299   133%   435  470s
   950   776  229.55272  223  130  185.00000  431.55299   133%   436  481s
   956   780  208.79993  226  119  185.00000  431.55299   133%   437  485s
   962   782  247.88027  229  137  185.00000  431.55299   133%   438  490s
   971   787  326.27668  234  210  185.00000  431.55299   133%   439  495s
   980   793  212.09360  238  131  185.00000  431.55299   133%   441  500s
   995   803  316.22576  246  192  185.00000  431.55299   133%   442  505s
  1002   808  212.65946  249  124  185.00000  431.55299   133%   444  541s
  1003   808  313.48545  250  200  185.00000  431.55299   133%   443  558s
  1008   812  214.03824  252  117  185.00000  431.55299   133%   444  560s
  1021   817  308.59758  259  195  185.00000  431.55299   133%   445  565s
  1039   825  300.69909  268  189  185.00000  431.55299   133%   446  570s
  1056   835     cutoff  276       185.00000  431.55299   133%   447  575s
  1068   842  194.82165  282  103  185.00000  431.55299   133%   449  580s
  1082   845  198.29818  289  114  185.00000  431.55299   133%   450  585s
  1090   847     cutoff  293       185.00000  431.55299   133%   450  590s
  1104   850  199.88340  300  104  185.00000  431.55299   133%   450  595s
  1124   847     cutoff  310       185.00000  431.55299   133%   449  600s
  1145   849  269.53946  321  188  185.00000  431.55299   133%   448  605s
  1165   848  262.39233  331  166  185.00000  431.55299   133%   447  610s
  1188   844     cutoff  342       185.00000  431.55299   133%   445  615s
  1215   839  241.29319  356  157  185.00000  431.55299   133%   442  621s
  1239   831  232.05820  368  165  185.00000  431.55299   133%   438  625s
  1279   817  218.94707  388  159  185.00000  431.55299   133%   431  630s
  1328   800     cutoff  412       185.00000  431.55299   133%   421  635s
  1387   795  222.98260   53  124  185.00000  431.53906   133%   409  640s
  1418   803  266.99685   69  157  185.00000  431.53906   133%   405  645s
  1473   795     cutoff   96       185.00000  431.53906   133%   396  650s
  1514   785  421.52909   48  225  185.00000  424.09806   129%   389  655s
  1525   792  274.62407   53  148  185.00000  422.51820   128%   391  660s
  1537   800  287.94023   59  157  185.00000  422.51820   128%   392  665s
  1549   808  260.44558   65  166  185.00000  422.51820   128%   394  670s
  1563   818  276.92445   72  180  185.00000  422.51820   128%   395  675s
  1575   826  277.07038   78  170  185.00000  422.51820   128%   397  680s
  1597   840  249.49239   89  150  185.00000  422.51820   128%   399  685s
  1609   848  243.01341   95  144  185.00000  422.51820   128%   400  690s
  1625   859  234.01279  103  128  185.00000  422.51820   128%   401  695s
  1641   870  242.06894  111  126  185.00000  422.51820   128%   402  700s
  1657   880  224.04259  119  121  185.00000  422.51820   128%   403  705s
  1675   892  239.19029  128  111  185.00000  422.51820   128%   403  710s
  1692   904  313.07400  137  202  185.00000  422.51820   128%   404  715s
  1709   912  204.57623  145  131  185.00000  422.51820   128%   405  720s
  1721   920  217.48132  151  121  185.00000  422.51820   128%   405  725s
  1741   929  193.10677  161  116  185.00000  422.51820   128%   406  730s
  1765   939  217.43635  173  148  185.00000  422.51820   128%   406  735s
  1789   951  204.51370  185  118  185.00000  422.51820   128%   406  740s
  1815   954     cutoff  198       185.00000  422.51820   128%   405  745s
  1845   948  187.14438  213  133  185.00000  422.51820   128%   404  750s
  1875   938     cutoff  228       185.00000  422.51820   128%   402  755s
  1916   926  215.40658  249  171  185.00000  422.51820   128%   397  760s
  2000   898  311.17246   18  154  185.00000  417.39524   126%   385  765s
  2012   906  302.29717   24  157  185.00000  417.39524   126%   386  770s
  2026   916  282.52347   31  149  185.00000  417.39524   126%   387  775s
  2044   934  265.33236   40  149  185.00000  417.39524   126%   387  780s
  2062   952  287.98548   49  152  185.00000  417.39524   126%   388  785s
  2076   966  285.76907   56  160  185.00000  417.39524   126%   388  790s
  2098   988  230.44238   67  105  185.00000  417.39524   126%   389  795s
  2118  1008  251.75349   77  135  185.00000  417.39524   126%   389  800s
  2144  1034  209.64408   90  123  185.00000  417.39524   126%   390  805s
  2174  1063  211.27901  105  126  185.00000  417.39524   126%   390  810s
  2200  1086  198.17491  118  115  185.00000  417.39524   126%   389  815s
  2226  1107  194.34498  131  104  185.00000  417.39524   126%   389  820s
  2248  1115  196.76034  142  108  185.00000  417.39524   126%   388  825s
  2294  1120     cutoff  165       185.00000  417.39524   126%   385  830s
  2350  1124  210.30280  193  135  185.00000  417.39524   126%   381  835s
  2434  1131  220.11235   21  124  185.00000  417.30763   126%   371  840s
  2479  1157  249.69549   44  162  185.00000  417.30763   126%   369  845s
  2571  1164  312.43276   22  159  185.00000  414.15739   124%   360  850s
  2585  1178  297.45180   29  168  185.00000  414.15739   124%   361  856s
  2601  1194  256.19770   37  148  185.00000  414.15739   124%   362  860s
  2626  1219  359.04610   50  202  185.00000  414.15739   124%   362  865s
  2645  1238  258.89291   59  145  185.00000  414.15739   124%   363  870s
  2666  1259  332.45618   70  200  185.00000  414.15739   124%   364  875s
  2689  1282  214.12094   81  129  185.00000  414.15739   124%   364  880s
  2712  1305  310.42203   93  186  185.00000  414.15739   124%   364  885s
  2729  1322  220.21393  101  147  185.00000  414.15739   124%   365  890s
  2753  1337     cutoff  113       185.00000  414.15739   124%   365  895s
  2774  1351  276.99779  124  179  185.00000  414.15739   124%   365  907s
  2789  1354  204.75619  131  131  185.00000  414.15739   124%   364  910s
  2822  1363  250.06789  148  168  185.00000  414.15739   124%   364  915s
  2881  1362     cutoff  177       185.00000  414.15739   124%   360  920s
  2958  1363  195.28484  216  126  185.00000  414.15739   124%   354  960s
  3012  1377  187.17964   45  109  185.00000  414.12287   124%   350  965s
  3097  1395  198.26000   88  132  185.00000  414.12287   124%   344  970s
  3119  1403  299.52298   40  164  185.00000  411.53968   122%   344  975s
  3133  1417  256.73787   47  151  185.00000  411.53968   122%   345  980s
  3149  1433  253.08021   55  156  185.00000  411.53968   122%   346  985s
  3165  1449  246.69690   63  149  185.00000  411.53968   122%   347  991s
  3179  1463  230.68004   70  140  185.00000  411.53968   122%   348  995s
  3195  1479  254.36611   78  155  185.00000  411.53968   122%   348 1000s
  3213  1497  249.61294   87  139  185.00000  411.53968   122%   349 1005s
  3231  1515  213.94559   96  144  185.00000  411.53968   122%   350 1010s
  3246  1530  316.58356  104  189  185.00000  411.53968   122%   350 1019s
  3247  1531  213.79452  104  134  185.00000  411.53968   122%   350 1020s
  3266  1550  303.59930  114  197  185.00000  411.53968   122%   351 1025s
  3301  1582  189.24592  131  114  185.00000  411.53968   122%   352 1030s
  3325  1601     cutoff  143       185.00000  411.53968   122%   352 1035s
  3357  1609  187.16510  159  126  185.00000  411.53968   122%   352 1040s
  3401  1615     cutoff  181       185.00000  411.53968   122%   351 1045s
  3467  1615     cutoff  214       185.00000  411.53968   122%   347 1050s
  3568  1622  394.35401   27  192  185.00000  411.11271   122%   340 1055s
  3610  1664  313.48208   69  172  185.00000  411.11271   122%   337 1060s
  3735  1781  193.25554  190  119  185.00000  411.11271   122%   329 1065s
  3879  1895  303.44844   20  158  185.00000  408.46022   121%   319 1070s
  3961  1969  370.35089   48  206  185.00000  408.44309   121%   314 1075s
  4028  2036  288.32228  115  178  185.00000  408.44309   121%   311 1080s
  4181  2164  258.25081   47  146  185.00000  408.43763   121%   303 1085s
  4328  2289  343.51711   71  195  185.00000  407.66756   120%   296 1090s
  4391  2352  276.55118  134  172  185.00000  407.66756   120%   293 1095s
  4505  2452  218.07587   30  120  185.00000  407.48304   120%   288 1100s
  4586  2513  280.96249   30  140  185.00000  405.81643   119%   285 1105s
  4606  2533  320.38984   40  180  185.00000  405.81643   119%   285 1110s
  4626  2553  252.32528   50  129  185.00000  405.81643   119%   286 1115s
  4641  2568  347.68572   58  201  185.00000  405.81643   119%   286 1129s
  4646  2573  247.83377   60  142  185.00000  405.81643   119%   287 1130s
  4670  2597  242.32858   72  153  185.00000  405.81643   119%   287 1135s
  4696  2623  212.47345   85  122  185.00000  405.81643   119%   288 1140s
  4724  2649  208.99092   99  129  185.00000  405.81643   119%   288 1145s
  4766  2674  209.54367  120  107  185.00000  405.81643   119%   289 1150s
  4838  2688     cutoff  156       185.00000  405.81643   119%   288 1155s
  4902  2688     cutoff  188       185.00000  405.81643   119%   286 1160s
  5017  2739  204.80085   33  105  185.00000  402.87361   118%   281 1165s
  5127  2821  261.03400   41  170  185.00000  402.51886   118%   277 1170s
  5242  2898  401.54478   24  209  185.00000  402.42001   118%   273 1175s
  5338  2970  200.88566   48  123  185.00000  401.64158   117%   270 1180s
  5465  3065  259.70504   48  133  185.00000  400.35303   116%   265 1185s
  5583  3169  210.33942  103  123  185.00000  400.14975   116%   261 1190s
  5692  3257  314.45759   24  161  185.00000  399.29707   116%   258 1195s
  5749  3306  332.17187   70  195  185.00000  399.15585   116%   256 1200s
  5838  3395  246.22525  159  158  185.00000  399.15585   116%   254 1205s
  5954  3491  203.83434   36   96  185.00000  398.77451   116%   250 1210s
  6040  3516  197.60475   23  103  185.00000  398.77103   116%   249 1215s
  6115  3568  316.02036   73  195  185.00000  398.62412   115%   247 1220s
  6256  3698  308.32914   25  154  185.00000  398.19734   115%   243 1226s
  6352  3761  366.17801   38  191  185.00000  397.83256   115%   241 1230s
  6476  3885  223.25244  162  150  185.00000  397.83256   115%   238 1235s
  6603  3981  394.16388   25  208  185.00000  397.69906   115%   235 1240s
  6697  4058  253.22162   51  149  185.00000  397.68434   115%   233 1245s
  6824  4164  191.56067   66  117  185.00000  397.51873   115%   231 1250s
  6939  4213  262.85902   36  154  185.00000  396.00390   114%   228 1255s
  7039  4305  208.32831   71  123  185.00000  395.65904   114%   226 1260s
  7100  4340     cutoff   50       185.00000  394.85860   113%   226 1265s
  7170  4348     cutoff   85       185.00000  394.85860   113%   225 1270s
  7276  4413  187.86483   50  102  185.00000  394.68186   113%   223 1275s
  7403  4509  190.25291   40  118  185.00000  394.15488   113%   221 1280s
  7531  4614  214.24471  106  121  185.00000  394.15377   113%   218 1285s
  7640  4694  295.72515   27  157  185.00000  393.81283   113%   216 1290s
  7690  4732  222.10163   68  137  185.00000  393.75438   113%   215 1295s
  7808  4822  316.86983   34  147  185.00000  392.47864   112%   213 1300s
  7892  4892  194.29907   87  144  185.00000  392.41667   112%   212 1305s
  7999  4972  288.73216   24  159  185.00000  391.89797   112%   210 1310s
  8059  5020  208.83077   81  135  185.00000  391.76599   112%   209 1315s
  8139  5078  221.81756   40  113  185.00000  391.05153   111%   208 1320s
  8169  5104  218.35924   55  106  185.00000  391.05153   111%   209 1325s
  8203  5111     cutoff   72       185.00000  391.05153   111%   209 1330s
  8305  5135  245.31659   66  144  185.00000  390.91606   111%   207 1335s
  8375  5191  219.44268   27  119  185.00000  390.84228   111%   206 1340s
  8497  5253  217.23633   36  133  185.00000  390.58962   111%   204 1345s
  8632  5360  310.14494  103  203  185.00000  389.97333   111%   203 1350s
  8709  5437  243.34397  180  159  185.00000  389.97333   111%   202 1355s
  8802  5516     cutoff   55       185.00000  389.96822   111%   200 1360s
  8896  5588  257.22974   43  148  185.00000  389.40170   110%   199 1365s
  8997  5659  279.58929   43  151  185.00000  388.57511   110%   198 1370s
  9090  5730  259.77910   40  157  185.00000  388.38513   110%   196 1375s
  9182  5803  259.40689   64  141  185.00000  388.15810   110%   195 1380s
  9268  5871  250.57652   54  144  185.00000  387.83229   110%   194 1385s
  9332  5925  263.98928   40  142  185.00000  387.63467   110%   194 1390s
  9376  5938  221.73715   62  133  185.00000  387.63467   110%   194 1395s
  9505  6006  261.22815   41  154  185.00000  387.12820   109%   192 1400s
  9619  6094  224.52162   64  132  185.00000  386.65752   109%   191 1405s
  9753  6196  195.01370   62   84  185.00000  386.16498   109%   189 1410s
  9835  6258  255.58488   81  163  185.00000  385.70033   108%   188 1415s
  9927  6320  238.36834   64  141  185.00000  385.67420   108%   188 1420s
 10064  6418  378.98966   35  198  185.00000  385.48639   108%   186 1425s
 10112  6466  302.47687   83  194  185.00000  385.48639   108%   186 1430s
 10203  6556  205.87542   94  290  185.00000  385.48639   108%   185 1734s
 10205  6557  247.53227   58  294  185.00000  385.48639   108%   185 1745s
 10206  6558  254.98745   40  298  185.00000  385.48639   108%   185 1757s
 10212  6562  222.38579   69  291  185.00000  385.48639   108%   185 1763s
 10214  6563  206.44862   98  293  185.00000  385.48639   108%   185 1767s
 10216  6565  307.18839   27  293  185.00000  385.48639   108%   185 1771s
 10218  6566  336.70333   51  299  185.00000  385.48639   108%   185 1776s
 10220  6567  220.04781   75  296  185.00000  385.48639   108%   185 1782s
 10222  6569  256.45270   37  298  185.00000  385.48639   108%   185 1789s
 10224  6570  285.44208   77  301  185.00000  385.48639   108%   185 1795s

Cutting planes:
  Gomory: 47
  Flow cover: 1

Explored 10225 nodes (1896901 simplex iterations) in 1800.05 seconds (673.26 work units)
Thread count was 1 (of 12 available processors)

Solution count 8: 185 182 178 ... 115

Time limit reached
Best objective 1.850000000000e+02, best bound 3.850000000000e+02, gap 108.1081%
