
Gurobi 12.0.2 (linux64, C++) logging started Thu Jun 19 08:00:19 2025

Set parameter LogFile to value "log/instances/scenario1/correlated_sc1/300/kpfs_10.txt.log"

Gurobi 12.0.2 (linux64, C++) logging started Thu Jun 19 08:01:42 2025

Set parameter LogFile to value "log/instances/scenario1/correlated_sc1/300/kpfs_10.txt.log"

Gurobi 12.0.2 (linux64, C++) logging started Thu Jun 19 08:02:53 2025

Set parameter LogFile to value "log/instances/scenario1/correlated_sc1/300/kpfs_10.txt.log"

Gurobi 12.0.2 (linux64, C++) logging started Thu Jun 19 08:03:57 2025

Set parameter LogFile to value "log/instances/scenario1/correlated_sc1/300/kpfs_10.txt.log"

Gurobi 12.0.2 (linux64, C++) logging started Thu Jun 19 13:37:21 2025

Set parameter WLSAccessID
Set parameter WLSSecret
Set parameter LicenseID to value 2679381
Set parameter LogFile to value "log/instances/scenario1/correlated_sc1/300/kpfs_10.txt.log"
Academic license 2679381 - for non-commercial use only - registered to be___@poli.ufrj.br
Set parameter TimeLimit to value 1800
Set parameter Threads to value 1
Gurobi Optimizer version 12.0.2 build v12.0.2rc0 (linux64 - "Ubuntu 24.04.1 LTS")

CPU model: 13th Gen Intel(R) Core(TM) i7-1355U, instruction set [SSE2|AVX|AVX2]
Thread count: 6 physical cores, 12 logical processors, using up to 1 threads

Non-default parameters:
TimeLimit  1800
Threads  1

Academic license 2679381 - for non-commercial use only - registered to be___@poli.ufrj.br
Optimize a model with 1502 rows, 1800 columns and 9280 nonzeros
Model fingerprint: 0xf5037848
Variable types: 0 continuous, 1800 integer (300 binary)
Coefficient statistics:
  Matrix range     [1e+00, 3e+01]
  Objective range  [1e+00, 4e+01]
  Bounds range     [1e+00, 5e+00]
  RHS range        [1e+00, 5e+02]
Found heuristic solution: objective 472.0000000
Presolve removed 1 rows and 51 columns
Presolve time: 0.06s
Presolved: 1501 rows, 1749 columns, 9176 nonzeros
Variable types: 0 continuous, 1749 integer (546 binary)

Root relaxation: objective 9.138211e+02, 1235 iterations, 0.32 seconds (0.11 work units)

    Nodes    |    Current Node    |     Objective Bounds      |     Work
 Expl Unexpl |  Obj  Depth IntInf | Incumbent    BestBd   Gap | It/Node Time

     0     0  913.82107    0  212  472.00000  913.82107  93.6%     -    0s
H    0     0                     503.0000000  913.82107  81.7%     -    0s
H    0     0                     561.0000000  913.82107  62.9%     -    0s
H    0     0                     568.0000000  913.82107  60.9%     -    0s
H    0     0                     595.0000000  913.82107  53.6%     -    0s
     0     0  912.57650    0  215  595.00000  912.57650  53.4%     -    1s
H    0     0                     606.0000000  912.55809  50.6%     -    1s
H    0     0                     633.0000000  912.55809  44.2%     -    1s
H    0     0                     692.0000000  912.55809  31.9%     -    1s
     0     0  911.84138    0  217  692.00000  911.84138  31.8%     -    2s
     0     0  911.82273    0  218  692.00000  911.82273  31.8%     -    2s
     0     0  911.41715    0  218  692.00000  911.41715  31.7%     -    2s
     0     0  911.37794    0  219  692.00000  911.37794  31.7%     -    2s
     0     0  911.37522    0  220  692.00000  911.37522  31.7%     -    2s
     0     0  911.14337    0  220  692.00000  911.14337  31.7%     -    3s
     0     0  911.10563    0  221  692.00000  911.10563  31.7%     -    3s
     0     0  911.09937    0  219  692.00000  911.09937  31.7%     -    3s
     0     0  911.09899    0  220  692.00000  911.09899  31.7%     -    3s
     0     0  911.05587    0  221  692.00000  911.05587  31.7%     -    3s
     0     0  911.02988    0  223  692.00000  911.02988  31.7%     -    3s
     0     0  911.02988    0  223  692.00000  911.02988  31.7%     -    3s
     0     2  911.02988    0  223  692.00000  911.02988  31.7%     -    4s
    10    12  908.05278    8  230  692.00000  910.07837  31.5%   202    5s
H   26    26                     703.0000000  910.07837  29.5%   201    6s
H   27    27                     707.0000000  910.07837  28.7%   198   10s
H   27    27                     714.0000000  910.07837  27.5%   198   11s
H   27    27                     719.0000000  910.07837  26.6%   198   12s
H   27    27                     724.0000000  910.07837  25.7%   198   12s
H   27    27                     727.0000000  910.07837  25.2%   198   15s
H   52    52                     729.0000000  910.07837  24.8%   210   21s
H   52    52                     730.0000000  910.07837  24.7%   210   24s
H   52    52                     732.0000000  910.07837  24.3%   210   24s
    54    56  892.37567   43  204  732.00000  910.07837  24.3%   223   26s
   140   142  830.06505  115  164  732.00000  910.07837  24.3%   166   30s
   251   237  878.41601   21  200  732.00000  909.70978  24.3%   169   35s
   409   395  734.15645  149  158  732.00000  909.70978  24.3%   162   40s
   532   499  833.15373   91  223  732.00000  909.20234  24.2%   148   45s
   534   500  856.73204   79  212  732.00000  909.20234  24.2%   147   51s
   535   501  762.17416  152  219  732.00000  909.20234  24.2%   147   55s
   541   505  887.99362   18  221  732.00000  908.63096  24.1%   145   60s
   551   512  786.42644  159  222  732.00000  908.22689  24.1%   143   65s
   557   516  884.21357   72  218  732.00000  908.08826  24.1%   141   70s
   615   556  866.01189   40  183  732.00000  895.73167  22.4%   171   75s
   685   603  831.45168   75  152  732.00000  895.73167  22.4%   191   80s
   721   627  827.14889   93  162  732.00000  895.73167  22.4%   196   85s
   741   640  819.43738  103  134  732.00000  895.73167  22.4%   200   91s
   788   672  820.50658  127  156  732.00000  895.73167  22.4%   202   95s
   881   734  756.95268  173  113  732.00000  895.73167  22.4%   207  100s
   997   783  820.78254   35  139  732.00000  895.71844  22.4%   208  105s
  1083   840  784.05930   78  122  732.00000  895.71844  22.4%   211  110s
  1227   893  867.62396   21  169  732.00000  895.13024  22.3%   208  115s
  1267   920  841.53700   41  156  732.00000  895.13024  22.3%   214  120s
  1365   985  798.65941   90  133  732.00000  895.13024  22.3%   220  125s
  1483  1064  739.07110  149  129  732.00000  895.13024  22.3%   220  130s
  1614  1090  855.65546   36  166  732.00000  895.12098  22.3%   220  135s
  1704  1150  813.14221   81  137  732.00000  895.12098  22.3%   227  140s
  1770  1194  793.97956  114  124  732.00000  895.12098  22.3%   229  145s
  1842  1242  767.09839  150  116  732.00000  895.12098  22.3%   229  151s
  1940  1268  844.76870   18  156  732.00000  891.18501  21.7%   226  155s
H 1975  1230                     737.0000000  891.18501  20.9%   229  159s
H 1975  1146                     748.0000000  891.18501  19.1%   229  162s
  2014  1187  816.37136   55  141  748.00000  891.18501  19.1%   232  165s
  2124  1297  767.64266  110  120  748.00000  891.18501  19.1%   233  170s
  2261  1391  823.92189   55  148  748.00000  891.18403  19.1%   233  175s
  2391  1521  774.88205  120  120  748.00000  891.18403  19.1%   234  180s
  2498  1587  851.17835   44  163  748.00000  890.91841  19.1%   233  185s
  2574  1663  829.13944   82  162  748.00000  890.91841  19.1%   238  190s
  2672  1761  805.39718  131  149  748.00000  890.91841  19.1%   240  195s
  2831  1881  868.16853   29  185  748.00000  890.83211  19.1%   239  200s
  2912  1962  822.78543   69  151  748.00000  890.83211  19.1%   243  205s
  3040  2090  762.57100  133  120  748.00000  890.83211  19.1%   244  210s
  3440  2431  750.13930  172  133  748.00000  888.37497  18.8%   229  215s
  3623  2596  847.93672   43  163  748.00000  887.79043  18.7%   223  220s
  3918  2851  861.47464   20  173  748.00000  887.35018  18.6%   215  225s
  4251  3148  872.58292   24  188  748.00000  886.83527  18.6%   206  230s
  4257  3154  866.05865   30  183  748.00000  886.83527  18.6%   206  239s
  4266  3163  854.38664   39  176  748.00000  886.83527  18.6%   206  240s
  4557  3415  816.94789   92  148  748.00000  886.20337  18.5%   198  245s
  4715  3563  811.07578   54  133  748.00000  886.16181  18.5%   198  260s
  4960  3751  844.44997   51  177  748.00000  886.15345  18.5%   197  265s
  5288  4041  873.26347   20  177  748.00000  885.81873  18.4%   190  270s
  5528  4261  790.30214   61  119  748.00000  885.36470  18.4%   186  275s
  5749  4432  759.91338   66  111  748.00000  883.92944  18.2%   183  280s
  6011  4643  815.33264   76  156  748.00000  883.26996  18.1%   179  285s
  6185  4808  776.88231  115  129  748.00000  882.91415  18.0%   176  290s
  6420  5010  822.34866   61  139  748.00000  881.73108  17.9%   173  295s
  6584  5156  820.66789   39  143  748.00000  881.43285  17.8%   172  300s
  6714  5286  760.45384  104  131  748.00000  881.43285  17.8%   174  305s
  6950  5465  752.00128  133  147  748.00000  881.11065  17.8%   172  310s
H 7048  5482                     751.0000000  880.68273  17.3%   171  311s
  7225  5635  863.44271   23  178  751.00000  880.50992  17.2%   170  315s
  7484  5861  852.67657   37  165  751.00000  880.42455  17.2%   167  320s
  7778  6120  860.37674   23  175  751.00000  879.15176  17.1%   164  325s
  8151  6413  805.77441   49  108  751.00000  878.91062  17.0%   162  330s
  8314  6569  806.24799   93  140  751.00000  878.90814  17.0%   165  335s
  8515  6743  792.92771   76  146  751.00000  878.69733  17.0%   165  340s
  8772  6965  757.41149   70  130  751.00000  878.38086  17.0%   162  345s
  9056  7217  818.11695   28  136  751.00000  877.85692  16.9%   160  350s
  9341  7457  794.02608  110  141  751.00000  877.43838  16.8%   158  356s
  9521  7610  785.77419   49  112  751.00000  876.64820  16.7%   156  360s
  9868  7913  851.04962   19  159  751.00000  876.47035  16.7%   153  365s
  9980  8018  817.47443   56  141  751.00000  876.41669  16.7%   155  370s
 10138  8147     cutoff  135       751.00000  876.41669  16.7%   156  375s
H10202  8120                     753.0000000  876.37509  16.4%   156  444s
H10202  7417                     764.0000000  876.37509  14.7%   156  444s
 10203  7418  816.34392   46  223  764.00000  876.37509  14.7%   156  457s
 10205  7419  807.89657   81  212  764.00000  876.37509  14.7%   156  461s
 10210  7423  855.96049   27  222  764.00000  876.37509  14.7%   155  465s
 10217  7427  860.16310   22  230  764.00000  876.37509  14.7%   155  471s
 10220  7429  794.19609  124  226  764.00000  876.37509  14.7%   155  476s
 10223  7431  837.35812   68  224  764.00000  876.37509  14.7%   155  481s
 10226  7433  783.00523   73  229  764.00000  876.37509  14.7%   155  485s
 10231  7437  780.01648   89  229  764.00000  876.37509  14.7%   155  493s
 10232  7437  822.42446   55  228  764.00000  876.37509  14.7%   155  495s
 10236  7440  796.35711   97  234  764.00000  876.37509  14.7%   155  501s
 10238  7441  772.06266  104  232  764.00000  876.37509  14.7%   155  506s
 10241  7443  823.88449   59  238  764.00000  876.37509  14.7%   155  510s
 10243  7445  827.22250   60  235  764.00000  876.37509  14.7%   155  515s
 10246  7447  841.75333   24  237  764.00000  876.37509  14.7%   155  522s
 10247  7447  835.15959   44  236  764.00000  876.37509  14.7%   155  533s
 10248  7448  777.22647   59  233  764.00000  876.37509  14.7%   155  536s
 10250  7449  787.28860   99  230  764.00000  876.37509  14.7%   155  541s
 10253  7451  850.01417   47  233  764.00000  876.37509  14.7%   155  550s
 10255  7453  783.98063   79  233  764.00000  876.37509  14.7%   155  555s
 10258  7455  781.23732  128  233  764.00000  876.37509  14.7%   155  562s
 10260  7456  781.22274  124  233  764.00000  876.37509  14.7%   155  567s
 10262  7457  773.75550  152  234  764.00000  876.37509  14.7%   155  572s
 10263  7458  844.66365   27  235  764.00000  876.37509  14.7%   155  576s
 10265  7459  787.19760   81  232  764.00000  876.37509  14.7%   155  582s
 10267  7461  816.07771   71  235  764.00000  876.37509  14.7%   155  585s
 10269  7462  828.97681   44  233  764.00000  876.37509  14.7%   155  590s
 10271  7463  816.69467   37  236  764.00000  876.37509  14.7%   155  597s
 10272  7464  798.62257   77  236  764.00000  876.37509  14.7%   154  600s
 10274  7465  862.21299   61  234  764.00000  876.37509  14.7%   154  606s
 10277  7467  794.80507   56  233  764.00000  876.37509  14.7%   154  611s
 10279  7469  785.16430  121  235  764.00000  876.37509  14.7%   154  617s
 10280  7469  830.55772   42  234  764.00000  876.37509  14.7%   154  620s
 10282  7471  829.13515   45  233  764.00000  876.37509  14.7%   154  625s
 10287  7474  865.00815   47  234  764.00000  876.37509  14.7%   154  630s
 10293  7478  807.26471  120  234  764.00000  876.37509  14.7%   154  635s
 10300  7483  776.14242  106  234  764.00000  876.37509  14.7%   154  641s
 10304  7485  846.13821   40  236  764.00000  876.37509  14.7%   154  645s
 10305  7486  807.89657   81  236  764.00000  876.37509  14.7%   154  653s
 10306  7489  876.37509   23  226  764.00000  876.37509  14.7%   155  673s
 10313  7493  876.37509   26  190  764.00000  876.37509  14.7%   155  675s
 10328  7503  876.37509   34  212  764.00000  876.37509  14.7%   155  680s
 10345  7515  874.40296   42  194  764.00000  876.37509  14.7%   156  685s
 10365  7528  853.43356   52  179  764.00000  876.37509  14.7%   156  690s
 10383  7540  859.31548   61  189  764.00000  876.37509  14.7%   156  695s
 10395  7548  850.00793   67  171  764.00000  876.37509  14.7%   157  700s
 10415  7561  836.59566   77  174  764.00000  876.37509  14.7%   157  705s
 10438  7577  851.67658   89  189  764.00000  876.37509  14.7%   158  710s
 10463  7593  832.41815  101  161  764.00000  876.37509  14.7%   158  715s
 10493  7613  808.37493  116  152  764.00000  876.37509  14.7%   159  720s
 10517  7629  808.69763  128  147  764.00000  876.37509  14.7%   159  725s
 10543  7647  788.65837  141  133  764.00000  876.37509  14.7%   159  730s
 10576  7669  799.15133  158  137  764.00000  876.37509  14.7%   160  735s
 10650  7694  769.71707  195  127  764.00000  876.37509  14.7%   160  740s
 10695  7716  838.03416   43  157  764.00000  876.37509  14.7%   161  745s
 10731  7740  808.52260   61  135  764.00000  876.37509  14.7%   161  750s
 10775  7769  777.66434   83  125  764.00000  876.37509  14.7%   162  755s
 10826  7784  766.44422  109  128  764.00000  876.37509  14.7%   162  760s
 10852  7794  867.95337   33  177  764.00000  876.37509  14.7%   162  766s
 10872  7807  862.47121   43  188  764.00000  876.37509  14.7%   163  770s
 10904  7828  838.63249   59  165  764.00000  876.37509  14.7%   164  775s
 10932  7847  827.91073   73  146  764.00000  876.37509  14.7%   164  780s
 10962  7867  805.76955   88  140  764.00000  876.37509  14.7%   165  785s
 11012  7900  773.87670  113  120  764.00000  876.37509  14.7%   166  790s
 11078  7935     cutoff  146       764.00000  876.37509  14.7%   166  795s
 11124  7935  862.27413   31  179  764.00000  876.37509  14.7%   166  800s
 11153  7954  832.01697   45  145  764.00000  876.37509  14.7%   166  805s
 11195  7982  806.36684   66  122  764.00000  876.37509  14.7%   167  810s
 11267  8027  773.85676  102  115  764.00000  876.37509  14.7%   167  815s
 11327  8029  862.59685   35  176  764.00000  876.37509  14.7%   168  820s
 11395  8075  836.50397   69  159  764.00000  876.37509  14.7%   169  825s
 11497  8143  787.76109  120  128  764.00000  876.37509  14.7%   170  830s
 11598  8173  837.33712   39  156  764.00000  876.37509  14.7%   170  835s
 11688  8233  803.94724   84  125  764.00000  876.37509  14.7%   171  840s
 11797  8277  870.07708   32  181  764.00000  876.37509  14.7%   172  845s
 11845  8309  846.33989   56  165  764.00000  876.37509  14.7%   173  850s
 11907  8350  813.09062   87  143  764.00000  876.37509  14.7%   174  855s
 12021  8415  765.95216  144  112  764.00000  876.37509  14.7%   174  860s
 12097  8435  842.05375   51  159  764.00000  876.37509  14.7%   175  865s
 12149  8469  817.33371   77  136  764.00000  876.37509  14.7%   176  870s
 12249  8533  767.25228  127  116  764.00000  876.37509  14.7%   177  875s
 12443  8600  859.57641   33  170  764.00000  876.37509  14.7%   176  880s
 12625  8703  830.33797   74  164  764.00000  876.37509  14.7%   176  885s
 12788  8790  826.62229   86  150  764.00000  876.37509  14.7%   175  897s
 12925  8860  829.70520   56  151  764.00000  876.37509  14.7%   175  900s
 13063  8934  845.52585   61  166  764.00000  876.37509  14.7%   175  905s
 13238  9030  804.19646   75  130  764.00000  876.37509  14.7%   174  910s
 13402  9117  793.13225  112  114  764.00000  876.37509  14.7%   174  915s
 13600  9215  848.40106   35  171  764.00000  876.37509  14.7%   173  920s
 13712  9289  787.18990   91  123  764.00000  876.37509  14.7%   174  925s
 13944  9378  847.27535   29  169  764.00000  876.37509  14.7%   174  930s
 14086  9452  842.59109   44  168  764.00000  876.37509  14.7%   174  936s
 14221  9510  769.04353   46  110  764.00000  875.70932  14.6%   173  940s
 14401  9592  809.25401   73  139  764.00000  875.36774  14.6%   172  945s
 14642  9717  851.04226   58  193  764.00000  874.85727  14.5%   171  950s
 14880  9845  853.32341   30  179  764.00000  874.72217  14.5%   170  955s
 15094  9960  825.74742   36  150  764.00000  874.47436  14.5%   169  960s
 15240 10021  806.91933   33  136  764.00000  874.47338  14.5%   170  965s
 15437 10126  782.04371   67  121  764.00000  874.38417  14.4%   169  971s
 15576 10193  810.17028   58  139  764.00000  874.34417  14.4%   169  975s
 15845 10326  854.46430   39  175  764.00000  874.27629  14.4%   168  980s
 16162 10500  871.51173   34  192  764.00000  874.07167  14.4%   166  985s
 16342 10589  770.04001  136  115  764.00000  873.83291  14.4%   166  990s
 16530 10687  849.47985   38  165  764.00000  873.72109  14.4%   166  995s
 16637 10755  776.65994   91  128  764.00000  873.72109  14.4%   167 1000s
 16797 10807  837.49222   32  155  764.00000  873.51165  14.3%   166 1005s
 16953 10894  829.42774   65  160  764.00000  872.93645  14.3%   165 1010s
 17132 10997  768.07576  112  116  764.00000  872.79700  14.2%   164 1015s
 17246 11039  799.74580   76  133  764.00000  872.64578  14.2%   165 1020s
 17427 11120  858.54556   41  166  764.00000  871.98505  14.1%   164 1025s
 17658 11245  776.22580  122  121  764.00000  871.95235  14.1%   163 1030s
 17911 11375  838.55297   65  168  764.00000  871.79337  14.1%   163 1035s
 17980 11421  792.38518   99  124  764.00000  871.79337  14.1%   164 1040s
 18122 11464  816.07420   72  142  764.00000  871.60751  14.1%   164 1045s
 18252 11516  850.07455   52  186  764.00000  871.38855  14.1%   164 1050s
 18408 11603  855.98842   32  175  764.00000  871.33065  14.0%   163 1055s
 18566 11691  797.27402   41  118  764.00000  871.21456  14.0%   162 1060s
 18728 11768  842.14554   33  163  764.00000  870.93456  14.0%   162 1065s
 18887 11844  841.89906   33  163  764.00000  870.80825  14.0%   161 1070s
 18989 11902  793.87816   98  135  764.00000  870.75679  14.0%   161 1075s
 19161 11985  830.82293   34  145  764.00000  870.62508  14.0%   160 1080s
 19313 12071  860.93977   49  171  764.00000  870.12213  13.9%   160 1085s
 19374 12112  812.31210   79  136  764.00000  870.12213  13.9%   160 1090s
 19460 12168  766.00831  122  110  764.00000  870.12213  13.9%   161 1095s
 19649 12225  804.09465   45  141  764.00000  870.03727  13.9%   160 1100s
 19792 12300  798.61684   67  118  764.00000  869.98848  13.9%   160 1105s
 19969 12379  848.54600   40  182  764.00000  869.88231  13.9%   160 1110s
 20192 12488  791.70193   75  131  764.00000  869.44015  13.8%   159 1115s
 20357 12572  834.68722   35  155  764.00000  869.39881  13.8%   159 1120s
 20518 12664  805.05150   43  131  764.00000  869.36091  13.8%   159 1125s
 20640 12715  822.00328   57  145  764.00000  869.23282  13.8%   159 1130s
 20762 12759  852.17588   46  170  764.00000  869.21738  13.8%   159 1135s
 20914 12843  833.63900   37  152  764.00000  869.19497  13.8%   158 1141s
 21001 12879  810.83566   77  145  764.00000  869.16043  13.8%   158 1145s
 21161 12967  782.01882  135  125  764.00000  869.12859  13.8%   158 1150s
 21340 13063  792.16413   90  132  764.00000  868.86065  13.7%   157 1155s
 21512 13136  865.65911   47  197  764.00000  868.56996  13.7%   157 1160s
 21635 13187  834.50811   51  147  764.00000  868.41797  13.7%   156 1165s
 21776 13254  855.08517   56  172  764.00000  868.07815  13.6%   156 1170s
 21923 13319  847.06612   39  163  764.00000  868.02173  13.6%   156 1175s
 22114 13419  842.24180   52  162  764.00000  867.92268  13.6%   156 1180s
 22322 13521  778.98141   62   93  764.00000  867.81174  13.6%   155 1185s
 22532 13637  773.00556   84  115  764.00000  867.54637  13.6%   155 1190s
 22561 13647  820.08763   63  141  764.00000  867.44874  13.5%   154 1196s
 22793 13753  845.24142   52  167  764.00000  867.28031  13.5%   154 1200s
 23096 13926  769.81369   69  126  764.00000  867.23830  13.5%   153 1205s
 23151 13953  797.68977   52  128  764.00000  867.21165  13.5%   153 1210s
 23263 13991  818.58843   60  147  764.00000  867.20299  13.5%   154 1215s
 23463 14091  797.81859   37  127  764.00000  867.11571  13.5%   153 1220s
 23729 14220  852.91329   40  162  764.00000  866.79285  13.5%   153 1225s
 23984 14348  844.86896   46  170  764.00000  866.55251  13.4%   152 1230s
 24209 14454  813.20472   44  143  764.00000  866.43753  13.4%   152 1235s
 24431 14536  831.40266   54  149  764.00000  866.20574  13.4%   151 1240s
 24495 14579  800.01427   86  131  764.00000  866.20574  13.4%   152 1245s
 24687 14667  805.06586   66  130  764.00000  866.05772  13.4%   152 1250s
 24930 14785  843.57273   38  169  764.00000  865.89760  13.3%   151 1255s
 25195 14912  848.39908   36  164  764.00000  865.81576  13.3%   151 1260s
 25479 15064  787.86641   77  113  764.00000  865.73683  13.3%   150 1265s
 25771 15198  825.61579   52  152  764.00000  865.68271  13.3%   150 1270s
 26101 15329  803.74072   39  127  764.00000  865.52169  13.3%   150 1275s
 26280 15410  848.54597   49  164  764.00000  865.39365  13.3%   149 1280s
 26547 15551  851.62536   32  172  764.00000  865.02579  13.2%   149 1285s
 26785 15675  829.24216   37  143  764.00000  864.93496  13.2%   149 1290s
 27016 15771  811.23517   69  151  764.00000  864.81452  13.2%   148 1295s
 27280 15899  788.02149   67  120  764.00000  864.61556  13.2%   148 1300s
 27455 15981  831.70470   48  154  764.00000  864.42100  13.1%   147 1305s
 27626 16062  784.64520  111  124  764.00000  864.39039  13.1%   147 1310s
 27743 16103  842.87146   38  163  764.00000  864.31100  13.1%   147 1315s
 27878 16175  827.96743   48  146  764.00000  864.28766  13.1%   147 1320s
 27959 16222  814.25843   79  139  764.00000  864.20764  13.1%   147 1325s
 28023 16265  785.08558  111  123  764.00000  864.20764  13.1%   147 1330s
 28130 16295  790.79738   85  118  764.00000  864.19786  13.1%   147 1335s
 28268 16367  801.58706   60  120  764.00000  864.17988  13.1%   147 1340s
 28452 16463  850.53453   40  172  764.00000  864.13854  13.1%   147 1346s
 28548 16513  811.41452   73  139  764.00000  864.03042  13.1%   147 1350s
 28707 16579  841.84039   36  162  764.00000  863.94164  13.1%   146 1355s
 28900 16672  830.38658   56  154  764.00000  863.76757  13.1%   146 1360s
 29208 16821  840.78568   68  160  764.00000  863.64112  13.0%   145 1365s
 29464 16965  794.24032   82  118  764.00000  863.50904  13.0%   145 1370s
 29608 17037  814.03694   76  152  764.00000  863.44697  13.0%   145 1375s
 29763 17123  790.29832   97  112  764.00000  863.43949  13.0%   145 1380s
 29965 17211  818.44091   43  125  764.00000  863.34039  13.0%   144 1385s
 30181 17287  839.76257   33  157  764.00000  863.29347  13.0%   144 1390s
 30369 17368  842.36499   52  161  764.00000  863.19855  13.0%   144 1395s
 30546 17460  848.79712   51  173  764.00000  863.07638  13.0%   143 1400s
 30723 17552  800.79387   79  133  764.00000  863.01834  13.0%   143 1405s
 30987 17687  847.40779   33  167  764.00000  862.90644  12.9%   143 1410s
 31112 17748  781.70806   64  108  764.00000  862.84937  12.9%   143 1415s
 31257 17821  782.62052  103  123  764.00000  862.77676  12.9%   142 1420s
 31377 17870  823.95552   39  148  764.00000  862.68404  12.9%   142 1425s
 31580 17968  829.42777   40  140  764.00000  862.60392  12.9%   143 1430s
 31972 18164  846.73495   43  172  764.00000  862.45109  12.9%   142 1435s
 32171 18268  800.39422   89  132  764.00000  862.41747  12.9%   142 1440s
 32368 18354  843.64445   48  166  764.00000  862.34954  12.9%   142 1445s
 32496 18417  792.88577   60  128  764.00000  862.27917  12.9%   141 1450s
 32627 18488  784.62488   71  106  764.00000  862.20741  12.9%   142 1455s
 32822 18578  829.70327   54  149  764.00000  862.03401  12.8%   141 1460s
 32996 18712  776.76164   66  117  764.00000  861.96039  12.8%   141 1465s
 33117 18805  795.48577   75  117  764.00000  861.91136  12.8%   141 1470s
 33284 18941  840.22539   55  158  764.00000  861.85260  12.8%   141 1475s
 33449 19074  813.75265   71  150  764.00000  861.79193  12.8%   141 1480s
 33584 19176  846.09804   53  169  764.00000  861.78410  12.8%   141 1485s
 33794 19352  826.20229   83  156  764.00000  861.73429  12.8%   141 1490s
 34240 19721  766.97669  111   98  764.00000  861.65649  12.8%   140 1495s
 34414 19860  767.29256   77  108  764.00000  861.60107  12.8%   140 1503s
 34487 19917  837.96112   29  144  764.00000  861.54450  12.8%   140 1505s
 34672 20055  821.53664   41  136  764.00000  861.49289  12.8%   140 1510s
 34865 20224  789.14412   53  116  764.00000  861.46360  12.8%   140 1516s
 34951 20282  829.89690   45  142  764.00000  861.43466  12.8%   140 1520s
 35117 20422  780.61625   57  111  764.00000  861.40447  12.7%   139 1525s
 35281 20550  848.67909   44  169  764.00000  861.34081  12.7%   139 1530s
 35402 20648  782.26997   90  110  764.00000  861.31033  12.7%   139 1535s
 35598 20794  835.91333   51  162  764.00000  861.27181  12.7%   139 1540s
 35752 20917  828.75523   44  150  764.00000  861.19073  12.7%   139 1545s
 35885 21033  819.23919   64  146  764.00000  861.15003  12.7%   139 1550s
 35986 21124  810.54960   59  129  764.00000  861.14306  12.7%   139 1555s
 36136 21233  828.28357   78  166  764.00000  861.06843  12.7%   139 1560s
 36346 21411  829.15423   49  149  764.00000  861.00632  12.7%   139 1565s
 36592 21616  811.04235   46  143  764.00000  860.80965  12.7%   138 1570s
 36776 21768  796.97600   76  133  764.00000  860.75515  12.7%   138 1575s
 36949 21921  778.32590   98  101  764.00000  860.72969  12.7%   138 1580s
 37097 22026  817.64538   43  131  764.00000  860.61878  12.6%   138 1585s
 37270 22165  806.86837   67  134  764.00000  860.55437  12.6%   138 1590s
 37544 22379  789.87021   84  130  764.00000  860.44289  12.6%   138 1595s
 37833 22613  828.40019   35  139  764.00000  860.34307  12.6%   138 1600s
 38285 22967  825.12290   55  145  764.00000  860.23501  12.6%   137 1605s
 38731 23318  845.45472   58  168  764.00000  860.11498  12.6%   137 1610s
 39022 23552  807.05418   71  143  764.00000  860.09015  12.6%   136 1615s
 39204 23697  849.63442   43  177  764.00000  860.05438  12.6%   136 1620s
 39478 23909  811.26087   85  126  764.00000  860.00041  12.6%   136 1625s
 39729 24095  831.79061   46  161  764.00000  859.95484  12.6%   136 1630s
 40028 24357  772.66973   89  103  764.00000  859.90227  12.6%   135 1635s
 40235 24530  800.30667   83  134  764.00000  859.87233  12.5%   135 1640s
 40550 24791  827.10416   52  151  764.00000  859.73709  12.5%   135 1645s
 40703 24934  780.05022   94  117  764.00000  859.72450  12.5%   135 1650s
 40917 25084  794.49096   94  133  764.00000  859.66217  12.5%   135 1655s
 41180 25290  830.15709   58  140  764.00000  859.56416  12.5%   135 1660s
 41461 25523  775.00913   97  124  764.00000  859.50762  12.5%   135 1665s
 41875 25874  805.92404   75  128  764.00000  859.42880  12.5%   134 1670s
 42139 26088  768.29719  101  114  764.00000  859.35740  12.5%   134 1675s
 42405 26298  833.49091   80  179  764.00000  859.28910  12.5%   134 1680s
 42800 26617  790.54253   72  131  764.00000  859.16567  12.5%   134 1685s
 42925 26716  828.02477   69  153  764.00000  859.11980  12.5%   134 1690s
 43121 26888  797.16398   55  121  764.00000  859.01914  12.4%   134 1695s
 43263 26989  844.96553   35  159  764.00000  859.00504  12.4%   134 1700s
 43448 27146  788.07952   45  100  764.00000  858.89996  12.4%   134 1705s
 43614 27284  774.43234  142  125  764.00000  858.83581  12.4%   134 1710s
 43884 27502  811.28128   43  123  764.00000  858.67248  12.4%   133 1715s
 44151 27699  838.28341   68  160  764.00000  858.61690  12.4%   133 1721s
 44380 27893  826.49531   76  153  764.00000  858.59574  12.4%   133 1725s
 44861 28301  782.13761  100  113  764.00000  858.53350  12.4%   132 1730s
 45129 28497  835.84844   45  140  764.00000  858.44199  12.4%   132 1735s
 45329 28668  835.88371   47  147  764.00000  858.41052  12.4%   132 1740s
 45595 28885  797.99127   62  116  764.00000  858.27698  12.3%   132 1745s
 45834 29068  825.34888   52  159  764.00000  858.16639  12.3%   132 1750s
 46040 29246  768.52664  105  116  764.00000  858.13721  12.3%   132 1755s
 46318 29480  777.35582  105  109  764.00000  858.11586  12.3%   132 1760s
 46552 29653  847.09750   61  174  764.00000  858.06259  12.3%   131 1765s
 47039 30059  800.52536   79  123  764.00000  857.94689  12.3%   131 1770s
 47327 30290  824.23304   58  148  764.00000  857.79611  12.3%   131 1775s
 47533 30463  789.61912   65  126  764.00000  857.76017  12.3%   131 1780s
 47779 30670  797.51281   72  134  764.00000  857.71740  12.3%   131 1785s
 48086 30920  783.47918   49  101  764.00000  857.65731  12.3%   131 1790s
 48424 31165  776.58381   79  119  764.00000  857.58406  12.2%   130 1795s

Cutting planes:
  Dual implied bound: 1
  MIR: 39
  Flow cover: 209
  Zero half: 29

Explored 48671 nodes (6348364 simplex iterations) in 1800.02 seconds (731.42 work units)
Thread count was 1 (of 12 available processors)

Solution count 10: 764 753 751 ... 724

Time limit reached
Best objective 7.640000000000e+02, best bound 8.570000000000e+02, gap 12.1728%
