
Gurobi 12.0.2 (linux64, C++) logging started Thu Jun 19 08:00:20 2025

Set parameter LogFile to value "log/instances/scenario2/correlated_sc2/500/kpfs_9.txt.log"

Gurobi 12.0.2 (linux64, C++) logging started Thu Jun 19 08:01:43 2025

Set parameter LogFile to value "log/instances/scenario2/correlated_sc2/500/kpfs_9.txt.log"

Gurobi 12.0.2 (linux64, C++) logging started Thu Jun 19 08:02:54 2025

Set parameter LogFile to value "log/instances/scenario2/correlated_sc2/500/kpfs_9.txt.log"

Gurobi 12.0.2 (linux64, C++) logging started Thu Jun 19 08:03:58 2025

Set parameter LogFile to value "log/instances/scenario2/correlated_sc2/500/kpfs_9.txt.log"

Gurobi 12.0.2 (linux64, C++) logging started Thu Jun 19 22:07:24 2025

Set parameter WLSAccessID
Set parameter WLSSecret
Set parameter LicenseID to value 2679381
Set parameter LogFile to value "log/instances/scenario2/correlated_sc2/500/kpfs_9.txt.log"
Academic license 2679381 - for non-commercial use only - registered to be___@poli.ufrj.br
Set parameter TimeLimit to value 1800
Set parameter Threads to value 1
Gurobi Optimizer version 12.0.2 build v12.0.2rc0 (linux64 - "Ubuntu 24.04.1 LTS")

CPU model: 13th Gen Intel(R) Core(TM) i7-1355U, instruction set [SSE2|AVX|AVX2]
Thread count: 6 physical cores, 12 logical processors, using up to 1 threads

Non-default parameters:
TimeLimit  1800
Threads  1

Academic license 2679381 - for non-commercial use only - registered to be___@poli.ufrj.br
Optimize a model with 1502 rows, 2000 columns and 23728 nonzeros
Model fingerprint: 0x8a4a251d
Variable types: 0 continuous, 2000 integer (500 binary)
Coefficient statistics:
  Matrix range     [1e+00, 3e+01]
  Objective range  [1e+00, 4e+01]
  Bounds range     [1e+00, 2e+01]
  RHS range        [1e+00, 8e+02]
Found heuristic solution: objective 106.0000000
Presolve removed 0 rows and 6 columns
Presolve time: 0.09s
Presolved: 1502 rows, 1994 columns, 23716 nonzeros
Variable types: 0 continuous, 1994 integer (551 binary)

Root relaxation: objective 7.477964e+02, 3247 iterations, 1.48 seconds (0.79 work units)

    Nodes    |    Current Node    |     Objective Bounds      |     Work
 Expl Unexpl |  Obj  Depth IntInf | Incumbent    BestBd   Gap | It/Node Time

     0     0  747.79637    0  274  106.00000  747.79637   605%     -    1s
H    0     0                     118.0000000  747.79637   534%     -    1s
H    0     0                     140.0000000  747.79637   434%     -    1s
H    0     0                     156.0000000  747.79637   379%     -    1s
H    0     0                     201.0000000  747.79637   272%     -    1s
H    0     0                     224.0000000  747.79637   234%     -    1s
H    0     0                     246.0000000  747.79637   204%     -    1s
H    0     0                     275.0000000  747.79637   172%     -    1s
H    0     0                     276.0000000  747.79637   171%     -    3s
H    0     0                     360.0000000  747.79637   108%     -    4s
     0     0  747.00882    0  268  360.00000  747.00882   108%     -    5s
     0     0  746.87993    0  271  360.00000  746.87993   107%     -    9s
     0     0  746.48147    0  270  360.00000  746.48147   107%     -   10s
     0     0  746.27012    0  277  360.00000  746.27012   107%     -   11s
     0     0  746.24356    0  279  360.00000  746.24356   107%     -   11s
     0     0  746.11628    0  275  360.00000  746.11628   107%     -   14s
     0     0  746.10491    0  275  360.00000  746.10491   107%     -   14s
     0     0  746.10491    0  277  360.00000  746.10491   107%     -   14s
     0     0  746.06295    0  275  360.00000  746.06295   107%     -   16s
     0     0  746.05796    0  277  360.00000  746.05796   107%     -   16s
     0     0  746.05445    0  280  360.00000  746.05445   107%     -   16s
     0     0  746.04575    0  281  360.00000  746.04575   107%     -   18s
     0     0  746.04164    0  277  360.00000  746.04164   107%     -   18s
     0     0  746.04164    0  277  360.00000  746.04164   107%     -   18s
     0     0  746.02743    0  284  360.00000  746.02743   107%     -   19s
     0     0  746.02100    0  284  360.00000  746.02100   107%     -   20s
     0     2  746.01794    0  284  360.00000  746.01794   107%     -   23s
     2     4  742.19326    1  291  360.00000  742.19326   106%   774   25s
    25    27  628.89442   21  248  360.00000  742.17711   106%   338   30s
    67    69  663.04477   62  251  360.00000  742.17711   106%   237   47s
    78    80  650.17272   73  255  360.00000  742.17711   106%   224   50s
   124   126  611.19457  115  228  360.00000  742.17711   106%   219   55s
   158   160  569.44397  142  213  360.00000  742.17711   106%   235   60s
   234   236  500.46244  213  170  360.00000  742.17711   106%   220   65s
   292   294  436.93321  263  144  360.00000  742.17711   106%   220   70s
   349   345  382.93960  313  120  360.00000  742.17711   106%   206   75s
   390   376  616.95200   10  242  360.00000  735.12391   104%   201   84s
   402   388  587.79920   22  251  360.00000  735.12391   104%   203   85s
   439   425  463.83517   54  190  360.00000  735.12391   104%   213   90s
   497   483  383.70993  103  168  360.00000  735.12391   104%   222   95s
   522   505  521.93070  200  284  360.00000  735.12391   104%   217  105s
   526   508  445.19476  118  274  360.00000  735.12391   104%   216  113s
   530   512  641.56994   12  253  360.00000  735.12391   104%   225  115s
   540   519  599.64143   17  240  360.00000  718.51381   100%   237  120s
   549   525  710.35618   22  265  360.00000  711.54796  97.7%   246  125s
   558   531  569.53085   26  223  360.00000  703.02528  95.3%   255  130s
   565   536  696.60525   30  270  360.00000  697.11350  93.6%   260  135s
   571   540  689.02010   33  270  360.00000  693.19784  92.6%   265  140s
   580   546  608.95384   37  238  360.00000  682.65147  89.6%   273  145s
   592   554  530.10367   43  221  360.00000  676.17171  87.8%   282  150s
   599   558  664.09836   47  261  360.00000  676.17171  87.8%   286  155s
   602   560  585.77908   48  233  360.00000  676.17171  87.8%   288  165s
   606   563  574.00158   50  246  360.00000  676.17171  87.8%   292  171s
   614   568  493.71691   54  211  360.00000  676.17171  87.8%   297  175s
   622   574  543.00930   58  219  360.00000  676.17171  87.8%   301  180s
   630   579  537.98081   62  213  360.00000  676.17171  87.8%   306  185s
   639   585  630.87403   67  268  360.00000  676.17171  87.8%   311  190s
   648   591  530.85397   71  210  360.00000  676.17171  87.8%   317  195s
   656   596  516.67668   75  198  360.00000  676.17171  87.8%   322  200s
   664   602  522.08060   79  219  360.00000  676.17171  87.8%   326  205s
   672   607  505.67993   83  208  360.00000  676.17171  87.8%   330  210s
   680   612  521.25296   87  212  360.00000  676.17171  87.8%   334  215s
   688   618  507.72915   91  221  360.00000  676.17171  87.8%   338  221s
   694   622  537.44418   94  218  360.00000  676.17171  87.8%   340  225s
   703   628  583.93624   99  245  360.00000  676.17171  87.8%   343  230s
   713   634  573.16247  104  248  360.00000  676.17171  87.8%   347  235s
   720   639  480.14007  107  183  360.00000  676.17171  87.8%   352  240s
   731   646  562.29431  113  242  360.00000  676.17171  87.8%   356  245s
   742   654  450.09571  118  200  360.00000  676.17171  87.8%   361  250s
   753   661  551.07816  124  230  360.00000  676.17171  87.8%   364  255s
   770   672  444.86472  132  182  360.00000  676.17171  87.8%   370  260s
   785   682  530.92817  140  220  360.00000  676.17171  87.8%   373  269s
   786   683  408.54559  140  190  360.00000  676.17171  87.8%   373  270s
   796   690  444.02683  145  180  360.00000  676.17171  87.8%   375  275s
   806   696  450.32588  150  194  360.00000  676.17171  87.8%   377  281s
   815   700  509.96924  155  218  360.00000  676.17171  87.8%   378  285s
   826   708  404.08939  160  174  360.00000  676.17171  87.8%   380  290s
   839   716  495.42581  167  204  360.00000  676.17171  87.8%   381  295s
   851   724  490.22717  173  210  360.00000  676.17171  87.8%   383  300s
   862   729  374.59882  178  162  360.00000  676.17171  87.8%   385  305s
   872   735  391.37579  183  162  360.00000  676.17171  87.8%   386  310s
   887   744  469.85004  191  204  360.00000  676.17171  87.8%   387  315s
   902   753  361.86209  198  144  360.00000  676.17171  87.8%   388  320s
   918   764  376.70053  206  147  360.00000  676.17171  87.8%   389  325s
   941   766  443.03119  218  193  360.00000  676.17171  87.8%   388  336s
   948   766     cutoff  221       360.00000  676.17171  87.8%   388  340s
   978   763     cutoff  236       360.00000  676.17171  87.8%   386  345s
  1016   751     cutoff  255       360.00000  676.17171  87.8%   380  350s
  1048   741     cutoff  271       360.00000  676.17171  87.8%   374  355s
  1091   733  600.31277   16  229  360.00000  676.02408  87.8%   366  360s
  1099   739  558.62810   20  219  360.00000  676.02408  87.8%   367  369s
  1103   741  557.47153   22  211  360.00000  676.02408  87.8%   367  370s
  1122   754  618.64070   32  232  360.00000  676.02408  87.8%   369  375s
  1145   769  517.96088   43  219  360.00000  676.02408  87.8%   372  380s
  1171   787  523.33341   56  223  360.00000  676.02408  87.8%   374  385s
  1199   805  463.75680   70  184  360.00000  676.02408  87.8%   376  390s
  1241   833  424.08693   91  178  360.00000  676.02408  87.8%   377  395s
  1272   851  473.96401  107  205  360.00000  676.02408  87.8%   378  400s
  1325   862     cutoff  133       360.00000  676.02408  87.8%   378  405s
  1389   845     cutoff  165       360.00000  676.02408  87.8%   370  410s
  1458   835  441.20678   19  191  360.00000  658.34106  82.9%   361  415s
  1472   844  428.91284   26  192  360.00000  658.34106  82.9%   361  420s
  1508   868  417.60651   44  195  360.00000  658.34106  82.9%   362  425s
  1547   892  449.87719   64  207  360.00000  658.34106  82.9%   362  430s
  1601   889  401.61347   91  194  360.00000  658.34106  82.9%   358  435s
  1680   871  578.59239   30  219  360.00000  658.32776  82.9%   348  440s
  1684   874  526.86121   32  208  360.00000  658.32776  82.9%   349  446s
  1698   883  543.55219   39  226  360.00000  658.32776  82.9%   350  450s
  1718   896  524.60785   49  212  360.00000  658.32776  82.9%   352  455s
  1738   910  455.27231   59  181  360.00000  658.32776  82.9%   354  460s
  1759   924  562.50337   70  231  360.00000  658.32776  82.9%   355  465s
  1776   935  460.49996   78  204  360.00000  658.32776  82.9%   357  470s
  1799   950  532.21898   90  222  360.00000  658.32776  82.9%   358  475s
  1823   966  516.19322  102  215  360.00000  658.32776  82.9%   360  480s
  1844   980  422.35125  112  181  360.00000  658.32776  82.9%   363  485s
  1868   996  412.08252  124  190  360.00000  658.32776  82.9%   364  490s
  1894  1012  393.45042  137  180  360.00000  658.32776  82.9%   365  495s
  1908  1019  380.53945  144  168  360.00000  658.32776  82.9%   365  500s
  1936  1032  373.72788  158  173  360.00000  658.32776  82.9%   365  505s
  1975  1031  421.57269  178  178  360.00000  658.32776  82.9%   364  528s
  1998  1022     cutoff  189       360.00000  658.32776  82.9%   362  530s
  2097  1006  362.49907  239  142  360.00000  658.32776  82.9%   351  535s
  2121  1024  481.22721   35  208  360.00000  645.87827  79.4%   351  540s
  2153  1056  424.66152   51  189  360.00000  645.87827  79.4%   352  545s
  2186  1085  469.14796   68  216  360.00000  645.87827  79.4%   353  550s
  2231  1124  361.73147   90  158  360.00000  645.87827  79.4%   352  555s
  2309  1139     cutoff  129       360.00000  645.87827  79.4%   347  560s
  2360  1150  535.63361   20  218  360.00000  641.45359  78.2%   344  565s
  2378  1168  521.75503   29  208  360.00000  641.45359  78.2%   345  570s
  2402  1192  431.80288   41  182  360.00000  641.45359  78.2%   346  575s
  2409  1199  547.33850   45  234  360.00000  641.45359  78.2%   346  584s
  2414  1204  456.72113   47  185  360.00000  641.45359  78.2%   347  585s
  2444  1234  452.31662   62  196  360.00000  641.45359  78.2%   348  590s
  2462  1252  424.52001   71  174  360.00000  641.45359  78.2%   348  598s
  2468  1258  393.05406   74  182  360.00000  641.45359  78.2%   349  600s
  2498  1286  394.33174   89  180  360.00000  641.45359  78.2%   350  605s
  2560  1317     cutoff  120       360.00000  641.45359  78.2%   350  610s
  2692  1331  610.56279   19  246  360.00000  641.43354  78.2%   341  615s
  2717  1356  463.07400   31  180  360.00000  641.43354  78.2%   343  620s
  2745  1384  474.25161   45  204  360.00000  641.43354  78.2%   345  625s
  2773  1412  462.98959   59  203  360.00000  641.43354  78.2%   346  630s
  2797  1436  467.18783   71  209  360.00000  641.43354  78.2%   347  635s
  2828  1467  485.71020   87  231  360.00000  641.43354  78.2%   348  640s
  2855  1491  389.66314  100  179  360.00000  641.43354  78.2%   349  645s
  2883  1512  364.67416  114  153  360.00000  641.43354  78.2%   349  650s
  2915  1523     cutoff  130       360.00000  641.43354  78.2%   349  655s
  2964  1526  402.51673  155  196  360.00000  641.43354  78.2%   347  660s
  3069  1525  551.74302   14  226  360.00000  639.72082  77.7%   339  665s
  3098  1554  425.89903   28  179  360.00000  639.72082  77.7%   339  670s
  3139  1593  450.34410   49  207  360.00000  639.72082  77.7%   339  675s
  3198  1610     cutoff   78       360.00000  639.72082  77.7%   337  680s
  3285  1635  572.84069   41  215  360.00000  639.64884  77.7%   331  692s
  3324  1674  504.12101   80  208  360.00000  639.64884  77.7%   328  695s
  3443  1789  364.33555  197  145  360.00000  639.64884  77.7%   320  700s
  3582  1904  461.36243   41  206  360.00000  635.19819  76.4%   311  705s
  3718  2029  460.12218   77  192  360.00000  630.40070  75.1%   303  710s
  3873  2172  376.34085   87  163  360.00000  629.31618  74.8%   295  715s
  3993  2268  620.02198   25  242  360.00000  628.99213  74.7%   288  720s
  4165  2423  528.93576   21  210  360.00000  627.70132  74.4%   281  725s
  4263  2512  445.75806   66  199  360.00000  627.60668  74.3%   277  730s
  4359  2591  436.70237   85  192  360.00000  626.82692  74.1%   273  735s
  4429  2651  445.04556   32  193  360.00000  626.48314  74.0%   272  740s
  4464  2686  471.95085   50  216  360.00000  626.48314  74.0%   272  745s
  4499  2714  377.65389   67  163  360.00000  626.48314  74.0%   273  750s
  4555  2718     cutoff   95       360.00000  626.48314  74.0%   272  755s
  4651  2754  437.06068   81  204  360.00000  625.48039  73.7%   268  760s
  4748  2833  489.32191   33  204  360.00000  624.52225  73.5%   265  765s
  4870  2929  566.46034   45  227  360.00000  622.92592  73.0%   261  770s
  5069  3086  507.54482   26  197  360.00000  619.83568  72.2%   255  775s
  5163  3156  555.64904   67  231  360.00000  618.74211  71.9%   253  780s
  5353  3323  581.65440   51  231  360.00000  618.12425  71.7%   247  785s
  5461  3431  425.02241  159  180  360.00000  618.12425  71.7%   244  790s
  5541  3499  471.64764   55  198  360.00000  616.99778  71.4%   242  799s
  5550  3508  450.30895   64  194  360.00000  616.99778  71.4%   242  800s
  5683  3631  390.58258  121  178  360.00000  616.97765  71.4%   239  805s
  5828  3742  613.04201   16  242  360.00000  616.67774  71.3%   235  810s
  5908  3804  469.37301   47  200  360.00000  616.46244  71.2%   234  815s
  5958  3851  368.85094   72  154  360.00000  616.46244  71.2%   235  820s
  6062  3859     cutoff   19       360.00000  616.44743  71.2%   234  825s
  6196  3958  436.41683  112  189  360.00000  616.35203  71.2%   231  830s
  6318  4044  534.35810   32  205  360.00000  614.81935  70.8%   229  835s
  6463  4163  508.81136   37  203  360.00000  613.64951  70.5%   226  840s
  6641  4313  423.37470   89  180  360.00000  613.03314  70.3%   223  845s
  6831  4468  384.83219   95  161  360.00000  612.11005  70.0%   219  850s
  6989  4586  405.63060  125  174  360.00000  611.24644  69.8%   217  855s
  7157  4721  433.33567   24  184  360.00000  610.69139  69.6%   214  860s
  7250  4756  381.29252   71  183  360.00000  610.69139  69.6%   214  865s
  7391  4867  401.59168  133  186  360.00000  609.77992  69.4%   212  870s
  7573  5009  524.20112   54  226  360.00000  608.94924  69.2%   210  875s
  7726  5141  496.95288   42  201  360.00000  608.76930  69.1%   207  880s
  7853  5230  458.28386   21  173  360.00000  608.40839  69.0%   206  885s
  7958  5318  433.71412   52  189  360.00000  607.77226  68.8%   205  890s
  8101  5418  497.75340   32  208  360.00000  606.92846  68.6%   203  895s
  8208  5517  364.26682  124  161  360.00000  606.89034  68.6%   201  900s
  8338  5614  397.01177   46  158  360.00000  605.67515  68.2%   200  905s
  8391  5653  495.58853   40  209  360.00000  605.60876  68.2%   200  910s
  8426  5687  387.15327   57  168  360.00000  605.60876  68.2%   201  915s
  8455  5708  434.51811   72  188  360.00000  605.60876  68.2%   201  922s
  8479  5711  409.80566   84  189  360.00000  605.60876  68.2%   201  925s
  8572  5735  476.55223   46  206  360.00000  605.49271  68.2%   201  930s
  8702  5845  416.95092   42  189  360.00000  605.17824  68.1%   200  935s
  8874  5996  423.38366  177  175  360.00000  605.13546  68.1%   198  940s
  9010  6102  599.64992   16  232  360.00000  605.01508  68.1%   196  945s
  9140  6227     cutoff  144       360.00000  605.01508  68.1%   195  950s
  9243  6299  493.08064   50  192  360.00000  604.99207  68.1%   194  955s
  9360  6386  506.01946   40  212  360.00000  604.13312  67.8%   193  960s
  9447  6459  504.57080   76  227  360.00000  604.12814  67.8%   192  965s
  9594  6584  368.54650   61  153  360.00000  603.77945  67.7%   190  970s
  9692  6674  437.18286  131  196  360.00000  603.66456  67.7%   189  975s
  9817  6778  479.10636   73  203  360.00000  603.03686  67.5%   188  980s
  9939  6880  576.62734   30  226  360.00000  602.90708  67.5%   187  985s
 10050  6991  389.41998  141  161  360.00000  602.90708  67.5%   186  990s
 10111  7040  407.25884   44  173  360.00000  602.89462  67.5%   186  995s
 10141  7070  371.91024   59  151  360.00000  602.89462  67.5%   187 1000s
 10200  7080  385.03631   89  185  360.00000  602.89462  67.5%   187 1005s
 10203  7080  457.16835  104  284  360.00000  602.89462  67.5%   187 1169s
 10205  7081  421.82500   57  274  360.00000  602.89462  67.5%   187 1171s
 10216  7089  408.32976  143  285  360.00000  602.89462  67.5%   186 1175s
 10221  7092  556.58053   24  288  360.00000  602.89462  67.5%   186 1180s
 10225  7095  562.66186   22  278  360.00000  602.89462  67.5%   186 1185s
 10229  7097  525.56051   37  281  360.00000  602.89462  67.5%   186 1191s
 10233  7100  394.11983  156  289  360.00000  602.89462  67.5%   186 1198s
 10235  7101  390.69234   81  292  360.00000  602.89462  67.5%   186 1201s
 10239  7104  467.25035   33  286  360.00000  602.89462  67.5%   186 1207s
 10242  7106  472.20822   34  291  360.00000  602.89462  67.5%   186 1210s
 10246  7109  418.36818   59  288  360.00000  602.89462  67.5%   186 1217s
 10248  7110  457.22509   93  289  360.00000  602.89462  67.5%   186 1220s
 10252  7113  561.49216   48  287  360.00000  602.89462  67.5%   186 1225s
 10256  7115  548.59830   51  281  360.00000  602.89462  67.5%   186 1232s
 10258  7117  415.13180   64  285  360.00000  602.89462  67.5%   186 1235s
 10261  7119  385.82897   95  281  360.00000  602.89462  67.5%   186 1240s
 10264  7121  548.03723   20  285  360.00000  602.89462  67.5%   186 1246s
 10268  7123  387.84755  187  289  360.00000  602.89462  67.5%   185 1251s
 10271  7125  432.00059  106  287  360.00000  602.89462  67.5%   185 1269s
 10272  7126  377.14706  102  286  360.00000  602.89462  67.5%   185 1271s
 10274  7127  468.97933   35  293  360.00000  602.89462  67.5%   185 1275s
 10278  7130  395.97948  137  294  360.00000  602.89462  67.5%   185 1281s
 10281  7132  418.20249   60  293  360.00000  602.89462  67.5%   185 1285s
 10284  7134  394.17931  139  292  360.00000  602.89462  67.5%   185 1291s
 10288  7137  506.42667   62  286  360.00000  602.89462  67.5%   185 1297s
 10290  7138  395.42476   77  288  360.00000  602.89462  67.5%   185 1301s
 10293  7140  437.44838   79  287  360.00000  602.89462  67.5%   185 1305s
 10296  7142  531.00991   34  291  360.00000  602.89462  67.5%   185 1310s
 10300  7145  436.87552  133  294  360.00000  602.89462  67.5%   185 1316s
 10304  7147  390.45759  149  292  360.00000  602.89462  67.5%   185 1322s
 10306  7149  405.09704  102  291  360.00000  602.89462  67.5%   185 1325s
 10309  7151  408.09218   44  295  360.00000  602.89462  67.5%   185 1330s
 10314  7154  525.73916   25  294  360.00000  602.89462  67.5%   185 1336s
 10318  7157  383.18606  134  287  360.00000  602.89462  67.5%   185 1341s
 10322  7159  419.32726   76  292  360.00000  602.89462  67.5%   185 1347s
 10326  7162  509.72799   37  293  360.00000  602.89462  67.5%   184 1351s
 10330  7165  370.06034   94  297  360.00000  602.89462  67.5%   184 1357s
 10332  7166  453.72077   90  297  360.00000  602.89462  67.5%   184 1361s
 10335  7168  390.69234   81  296  360.00000  602.89462  67.5%   184 1365s
 10337  7169  541.83349   45  299  360.00000  602.89462  67.5%   184 1372s
 10340  7171  391.06341  184  299  360.00000  602.89462  67.5%   184 1376s
 10344  7174  513.79629   88  297  360.00000  602.89462  67.5%   184 1382s
 10346  7175  418.36818   59  296  360.00000  602.89462  67.5%   184 1387s
 10350  7180  602.89462   22  279  360.00000  602.89462  67.5%   185 1390s
 10358  7185  602.89462   26  281  360.00000  602.89462  67.5%   186 1395s
 10366  7191  602.89462   30  279  360.00000  602.89462  67.5%   186 1400s
 10375  7197  574.07206   34  226  360.00000  602.89462  67.5%   187 1405s
 10385  7203  593.09411   39  240  360.00000  602.89462  67.5%   187 1410s
 10394  7209  602.89462   44  278  360.00000  602.89462  67.5%   188 1415s
 10405  7217  563.05962   49  229  360.00000  602.89462  67.5%   189 1420s
 10414  7223  602.89462   54  265  360.00000  602.89462  67.5%   189 1425s
 10422  7228  602.89462   58  268  360.00000  602.89462  67.5%   189 1430s
 10431  7234  566.98343   62  222  360.00000  602.89462  67.5%   190 1435s
 10440  7240  602.89462   67  263  360.00000  602.89462  67.5%   190 1440s
 10448  7245  602.89462   71  265  360.00000  602.89462  67.5%   191 1445s
 10457  7251  526.90112   75  209  360.00000  602.89462  67.5%   191 1450s
 10465  7257  513.58375   79  203  360.00000  602.89462  67.5%   192 1455s
 10475  7263  476.77668   84  195  360.00000  602.89462  67.5%   192 1460s
 10483  7269  494.94026   88  189  360.00000  602.89462  67.5%   193 1465s
 10492  7275  592.97150   93  244  360.00000  602.89462  67.5%   193 1470s
 10502  7281  586.33938   98  247  360.00000  602.89462  67.5%   194 1475s
 10511  7287  464.50706  102  192  360.00000  602.89462  67.5%   194 1480s
 10521  7294  453.30659  107  203  360.00000  602.89462  67.5%   195 1485s
 10531  7301  508.73958  112  215  360.00000  602.89462  67.5%   195 1490s
 10542  7308  560.42891  118  233  360.00000  602.89462  67.5%   195 1495s
 10547  7311  448.68563  120  182  360.00000  602.89462  67.5%   196 1500s
 10559  7319  485.45678  126  208  360.00000  602.89462  67.5%   196 1505s
 10569  7326  437.24187  131  178  360.00000  602.89462  67.5%   197 1510s
 10581  7334  446.76363  137  186  360.00000  602.89462  67.5%   197 1515s
 10592  7341  528.12792  143  236  360.00000  602.89462  67.5%   197 1520s
 10605  7350  407.66021  149  178  360.00000  602.89462  67.5%   198 1525s
 10613  7355  446.27373  153  177  360.00000  602.89462  67.5%   198 1530s
 10622  7361  513.63345  158  215  360.00000  602.89462  67.5%   198 1535s
 10633  7369  431.96109  163  178  360.00000  602.89462  67.5%   199 1540s
 10643  7375  404.27505  168  157  360.00000  602.89462  67.5%   199 1545s
 10654  7383  491.70281  174  216  360.00000  602.89462  67.5%   199 1550s
 10665  7390  425.51104  179  166  360.00000  602.89462  67.5%   200 1555s
 10675  7396  405.80635  184  166  360.00000  602.89462  67.5%   200 1560s
 10687  7402  416.82954  190  177  360.00000  602.89462  67.5%   200 1565s
 10701  7411  383.76038  197  161  360.00000  602.89462  67.5%   200 1572s
 10707  7414  406.96253  200  178  360.00000  602.89462  67.5%   201 1575s
 10719  7414     cutoff  206       360.00000  602.89462  67.5%   201 1580s
 10733  7418  367.58586  213  155  360.00000  602.89462  67.5%   201 1585s
 10747  7421     cutoff  220       360.00000  602.89462  67.5%   201 1590s
 10759  7422     cutoff  226       360.00000  602.89462  67.5%   201 1595s
 10775  7419     cutoff  234       360.00000  602.89462  67.5%   202 1600s
 10780  7419  422.28058  237  172  360.00000  602.89462  67.5%   202 1607s
 10790  7417  418.52676  242  175  360.00000  602.89462  67.5%   202 1610s
 10816  7409  405.18118  255  175  360.00000  602.89462  67.5%   202 1615s
 10822  7408  403.36966  258  169  360.00000  602.89462  67.5%   202 1652s
 10824  7407  401.57525  259  167  360.00000  602.89462  67.5%   202 1661s
 10844  7400  388.12183  269  158  360.00000  602.89462  67.5%   202 1665s
 10873  7390     cutoff  283       360.00000  602.89462  67.5%   201 1670s
 10900  7383  602.89462   25  240  360.00000  602.89462  67.5%   201 1675s
 10912  7391  602.89462   31  228  360.00000  602.89462  67.5%   202 1680s
 10925  7399  529.85993   37  206  360.00000  602.89462  67.5%   202 1685s
 10937  7407  501.54333   43  215  360.00000  602.89462  67.5%   202 1690s
 10948  7415  592.24099   49  237  360.00000  602.89462  67.5%   203 1695s
 10961  7423  472.91579   55  195  360.00000  602.89462  67.5%   203 1700s
 10976  7433  561.45619   63  223  360.00000  602.89462  67.5%   203 1705s
 10995  7446  435.12570   72  195  360.00000  602.89462  67.5%   204 1710s
 11019  7462  432.48128   84  178  360.00000  602.89462  67.5%   204 1715s
 11036  7473  506.18249   93  218  360.00000  602.89462  67.5%   204 1720s
 11053  7483  387.07678  101  178  360.00000  602.89462  67.5%   205 1725s
 11064  7490  483.19680  107  211  360.00000  602.89462  67.5%   205 1730s
 11081  7501  396.48626  115  168  360.00000  602.89462  67.5%   205 1735s
 11098  7512  452.69512  124  205  360.00000  602.89462  67.5%   206 1740s
 11119  7519  367.43330  134  169  360.00000  602.89462  67.5%   206 1745s
 11153  7511     cutoff  151       360.00000  602.89462  67.5%   206 1750s
 11201  7499  362.10714  175  146  360.00000  602.89462  67.5%   206 1755s
 11250  7484  503.73768   24  221  360.00000  602.89462  67.5%   206 1761s
 11265  7494  540.26687   32  231  360.00000  602.89462  67.5%   206 1765s
 11285  7507  510.26585   42  214  360.00000  602.89462  67.5%   206 1770s
 11301  7518  495.34815   50  221  360.00000  602.89462  67.5%   207 1790s
 11319  7530  476.50651   59  207  360.00000  602.89462  67.5%   207 1795s
 11342  7541  379.42276   70  179  360.00000  602.89462  67.5%   207 1800s

Cutting planes:
  Gomory: 64
  MIR: 1

Explored 11343 nodes (2353036 simplex iterations) in 1800.01 seconds (844.08 work units)
Thread count was 1 (of 12 available processors)

Solution count 10: 360 276 275 ... 106

Time limit reached
Best objective 3.600000000000e+02, best bound 6.020000000000e+02, gap 67.2222%
