
Gurobi 12.0.2 (linux64, C++) logging started Thu Jun 19 08:00:20 2025

Set parameter LogFile to value "log/instances/scenario2/correlated_sc2/500/kpfs_6.txt.log"

Gurobi 12.0.2 (linux64, C++) logging started Thu Jun 19 08:01:43 2025

Set parameter LogFile to value "log/instances/scenario2/correlated_sc2/500/kpfs_6.txt.log"

Gurobi 12.0.2 (linux64, C++) logging started Thu Jun 19 08:02:54 2025

Set parameter LogFile to value "log/instances/scenario2/correlated_sc2/500/kpfs_6.txt.log"

Gurobi 12.0.2 (linux64, C++) logging started Thu Jun 19 08:03:58 2025

Set parameter LogFile to value "log/instances/scenario2/correlated_sc2/500/kpfs_6.txt.log"

Gurobi 12.0.2 (linux64, C++) logging started Thu Jun 19 20:37:24 2025

Set parameter WLSAccessID
Set parameter WLSSecret
Set parameter LicenseID to value 2679381
Set parameter LogFile to value "log/instances/scenario2/correlated_sc2/500/kpfs_6.txt.log"
Academic license 2679381 - for non-commercial use only - registered to be___@poli.ufrj.br
Set parameter TimeLimit to value 1800
Set parameter Threads to value 1
Gurobi Optimizer version 12.0.2 build v12.0.2rc0 (linux64 - "Ubuntu 24.04.1 LTS")

CPU model: 13th Gen Intel(R) Core(TM) i7-1355U, instruction set [SSE2|AVX|AVX2]
Thread count: 6 physical cores, 12 logical processors, using up to 1 threads

Non-default parameters:
TimeLimit  1800
Threads  1

Academic license 2679381 - for non-commercial use only - registered to be___@poli.ufrj.br
Optimize a model with 1502 rows, 2000 columns and 23795 nonzeros
Model fingerprint: 0x9e9d970f
Variable types: 0 continuous, 2000 integer (500 binary)
Coefficient statistics:
  Matrix range     [1e+00, 3e+01]
  Objective range  [1e+00, 4e+01]
  Bounds range     [1e+00, 2e+01]
  RHS range        [1e+00, 8e+02]
Found heuristic solution: objective 131.0000000
Presolve removed 0 rows and 17 columns
Presolve time: 0.12s
Presolved: 1502 rows, 1983 columns, 23761 nonzeros
Variable types: 0 continuous, 1983 integer (563 binary)

Root relaxation: objective 7.202133e+02, 3438 iterations, 1.63 seconds (0.86 work units)

    Nodes    |    Current Node    |     Objective Bounds      |     Work
 Expl Unexpl |  Obj  Depth IntInf | Incumbent    BestBd   Gap | It/Node Time

     0     0  720.21334    0  279  131.00000  720.21334   450%     -    1s
H    0     0                     134.0000000  720.21334   437%     -    1s
H    0     0                     139.0000000  720.21334   418%     -    1s
H    0     0                     159.0000000  720.21334   353%     -    1s
H    0     0                     222.0000000  720.21334   224%     -    2s
H    0     0                     224.0000000  720.21334   222%     -    2s
H    0     0                     232.0000000  720.21334   210%     -    2s
H    0     0                     272.0000000  720.21334   165%     -    2s
H    0     0                     290.0000000  720.21334   148%     -    3s
H    0     0                     296.0000000  720.21334   143%     -    3s
H    0     0                     297.0000000  720.21334   142%     -    3s
H    0     0                     302.0000000  720.21334   138%     -    3s
     0     0  718.78459    0  273  302.00000  718.78459   138%     -    4s
H    0     0                     308.0000000  718.75443   133%     -    5s
H    0     0                     323.0000000  718.75443   123%     -    7s
     0     0  718.61648    0  274  323.00000  718.61648   122%     -    7s
     0     0  718.61045    0  277  323.00000  718.61045   122%     -    7s
     0     0  718.32194    0  275  323.00000  718.32194   122%     -    7s
     0     0  718.30980    0  275  323.00000  718.30980   122%     -    7s
     0     0  718.14090    0  275  323.00000  718.14090   122%     -   10s
     0     0  718.13450    0  276  323.00000  718.13450   122%     -   11s
     0     0  718.04810    0  272  323.00000  718.04810   122%     -   13s
     0     0  718.04332    0  274  323.00000  718.04332   122%     -   13s
     0     0  718.04259    0  271  323.00000  718.04259   122%     -   13s
     0     0  717.99985    0  276  323.00000  717.99985   122%     -   15s
     0     0  717.99678    0  280  323.00000  717.99678   122%     -   15s
     0     0  717.99328    0  277  323.00000  717.99328   122%     -   15s
     0     0  717.97269    0  278  323.00000  717.97269   122%     -   16s
     0     0  717.96908    0  279  323.00000  717.96908   122%     -   16s
     0     0  717.96029    0  277  323.00000  717.96029   122%     -   18s
     0     0  717.95771    0  277  323.00000  717.95771   122%     -   18s
     0     2  717.95653    0  277  323.00000  717.95653   122%     -   19s
     1     3  638.10605    1  245  323.00000  717.95653   122%  1159   20s
    53    55  661.20814   50  261  323.00000  714.12051   121%   217   25s
    84    86  615.13731   78  237  323.00000  714.12051   121%   242   38s
    88    90  610.62267   81  236  323.00000  714.12051   121%   247   40s
   127   129  567.81610  117  224  323.00000  714.12051   121%   239   45s
   234   236  470.66871  220  163  323.00000  714.12051   121%   188   50s
   339   336  357.90110  312  136  323.00000  714.12051   121%   169   56s
   393   381  493.79404   19  204  323.00000  705.89396   119%   162   60s
   417   405  531.94476   41  208  323.00000  705.89396   119%   163   67s
   452   440  402.67490   72  174  323.00000  705.89396   119%   165   70s
   520   507  433.60909  106  277  323.00000  705.89396   119%   161   81s
   524   510  611.08983   81  279  323.00000  705.89396   119%   160   86s
   530   516  643.29956   18  243  323.00000  705.34563   118%   172   90s
   538   521  590.38962   22  247  323.00000  694.69211   115%   184   95s
   546   526  546.47850   26  226  323.00000  682.85157   111%   195  100s
   553   531  676.84789   30  276  323.00000  678.12078   110%   202  105s
   558   534  589.55033   32  232  323.00000  672.75615   108%   210  110s
   565   539  666.89081   36  282  323.00000  668.21305   107%   217  115s
   576   546  556.80805   41  229  323.00000  661.91418   105%   230  120s
   589   555  650.30411   48  267  323.00000  652.53029   102%   241  125s
   592   557  537.15646   49  219  323.00000  652.53029   102%   246  134s
   594   558  525.58079   50  209  323.00000  652.53029   102%   247  135s
   601   563  641.29271   54  271  323.00000  652.53029   102%   253  140s
   606   566  526.71299   56  225  323.00000  652.53029   102%   259  145s
   617   574  630.38422   62  266  323.00000  652.53029   102%   267  150s
   629   582  620.31685   68  261  323.00000  652.53029   102%   276  155s
   642   590  512.46279   74  203  323.00000  652.53029   102%   286  160s
   654   598  513.10596   80  199  323.00000  652.53029   102%   293  165s
   664   605  471.95304   85  196  323.00000  652.53029   102%   300  170s
   677   614  586.74136   92  245  323.00000  652.53029   102%   308  175s
   687   620  578.58700   97  247  323.00000  652.53029   102%   313  180s
   696   626  457.04163  101  202  323.00000  652.53029   102%   319  185s
   710   636  472.72367  108  182  323.00000  652.53029   102%   325  190s
   723   644  557.88782  115  252  323.00000  652.53029   102%   330  195s
   737   654  548.04522  122  238  323.00000  652.53029   102%   338  200s
   751   663  539.68763  129  236  323.00000  652.53029   102%   344  205s
   765   672  528.87146  136  239  323.00000  652.53029   102%   348  210s
   778   681  446.39063  142  176  323.00000  652.53029   102%   352  217s
   785   686  517.82128  146  229  323.00000  652.53029   102%   353  223s
   790   689  438.11088  148  193  323.00000  652.53029   102%   354  225s
   807   700  505.43334  157  220  323.00000  652.53029   102%   358  230s
   825   712  493.87017  166  217  323.00000  652.53029   102%   361  235s
   852   730  419.09693  179  180  323.00000  652.53029   102%   366  240s
   865   739  474.14650  186  202  323.00000  652.53029   102%   367  245s
   877   747  469.60513  192  205  323.00000  652.53029   102%   368  250s
   900   762  350.37946  203  142  323.00000  652.53029   102%   371  255s
   926   780  390.13399  216  159  323.00000  652.53029   102%   373  260s
   940   788  341.67811  223  140  323.00000  652.53029   102%   374  265s
   968   793     cutoff  237       323.00000  652.53029   102%   375  270s
  1008   791     cutoff  257       323.00000  652.53029   102%   373  275s
  1021   790  387.49950  264  178  323.00000  652.53029   102%   372  280s
  1107   763  337.43383  307  141  323.00000  652.53029   102%   356  285s
  1144   760  623.56973   23  245  323.00000  652.52666   102%   351  299s
  1147   762  486.71470   24  212  323.00000  652.52666   102%   352  300s
  1167   775  476.82937   34  208  323.00000  652.52666   102%   355  305s
  1191   791  502.03487   46  209  323.00000  652.52666   102%   358  311s
  1197   795  464.64404   49  195  323.00000  652.52666   102%   359  317s
  1210   804  551.41615   56  230  323.00000  652.52666   102%   361  320s
  1235   821  427.08752   68  170  323.00000  652.52666   102%   363  325s
  1264   840  512.52475   83  219  323.00000  652.52666   102%   365  330s
  1295   861  411.01446   98  185  323.00000  652.52666   102%   367  335s
  1327   882  396.58149  114  183  323.00000  652.52666   102%   368  340s
  1373   911  346.24132  137  134  323.00000  652.52666   102%   369  345s
  1417   923  342.29298  159  138  323.00000  652.52666   102%   367  350s
  1477   915     cutoff  189       323.00000  652.52666   102%   362  355s
  1565   888  583.83955   19  221  323.00000  643.07696  99.1%   348  360s
  1592   906  455.12838   32  183  323.00000  643.07696  99.1%   349  365s
  1630   931  417.02013   51  160  323.00000  643.07696  99.1%   350  370s
  1678   963  377.97633   75  161  323.00000  643.07696  99.1%   349  375s
  1718   988  335.51192   95  154  323.00000  643.07696  99.1%   348  380s
  1833   963  439.31941   21  169  323.00000  643.06228  99.1%   335  385s
  1873   990  371.14252   41  166  323.00000  643.06228  99.1%   336  390s
  1927  1019  330.57210   68  154  323.00000  643.06228  99.1%   335  395s
  2022   997  622.83713   23  240  323.00000  628.27287  94.5%   326  400s
  2039  1009  519.74604   31  214  323.00000  628.27287  94.5%   328  405s
  2059  1024  476.22564   41  190  323.00000  628.27287  94.5%   330  410s
  2077  1042  445.11553   50  197  323.00000  628.27287  94.5%   332  415s
  2099  1064  428.98776   61  196  323.00000  628.27287  94.5%   334  420s
  2121  1086  404.62424   72  174  323.00000  628.27287  94.5%   336  425s
  2147  1112  419.15135   85  172  323.00000  628.27287  94.5%   338  430s
  2177  1142  359.33954  100  178  323.00000  628.27287  94.5%   339  435s
  2206  1171  439.79550  115  204  323.00000  628.27287  94.5%   340  440s
  2233  1193  340.79597  128  166  323.00000  628.27287  94.5%   341  445s
  2274  1213  398.19701  149  185  323.00000  628.27287  94.5%   341  450s
  2410  1216  570.57735   18  228  323.00000  628.24632  94.5%   332  455s
  2468  1274  385.76084   47  165  323.00000  628.24632  94.5%   334  460s
  2489  1295  457.21506   58  199  323.00000  628.24632  94.5%   334  466s
  2524  1323  357.06858   75  154  323.00000  628.24632  94.5%   334  470s
  2600  1352     cutoff  113       323.00000  628.24632  94.5%   331  475s
  2677  1361  488.88387   23  197  323.00000  617.90433  91.3%   326  480s
  2699  1383  481.89992   34  220  323.00000  617.90433  91.3%   328  485s
  2720  1404  555.35495   45  229  323.00000  617.90433  91.3%   329  490s
  2726  1410  549.80609   48  227  323.00000  617.90433  91.3%   330  496s
  2747  1431  411.44235   58  181  323.00000  617.90433  91.3%   331  500s
  2775  1459  414.68664   72  182  323.00000  617.90433  91.3%   333  505s
  2807  1491  424.97534   88  168  323.00000  617.90433  91.3%   334  510s
  2833  1517  358.15785  101  147  323.00000  617.90433  91.3%   334  515s
  2873  1556  326.43978  121  135  323.00000  617.90433  91.3%   335  520s
  2917  1591  340.09604  143  148  323.00000  617.90433  91.3%   336  525s
  2958  1601  375.74066  164  163  323.00000  617.90433  91.3%   334  553s
  3008  1602  340.08243  189  151  323.00000  617.90433  91.3%   332  555s
  3086  1632  444.20444   38  189  323.00000  617.83149  91.3%   330  560s
  3113  1659  553.88452   52  232  323.00000  617.83149  91.3%   331  565s
  3142  1688  377.23755   66  167  323.00000  617.83149  91.3%   333  570s
  3172  1718  406.43640   81  185  323.00000  617.83149  91.3%   334  575s
  3187  1733  488.80951   89  215  323.00000  617.83149  91.3%   334  585s
  3216  1762  388.03392  103  156  323.00000  617.83149  91.3%   336  590s
  3252  1798  362.02533  121  166  323.00000  617.83149  91.3%   337  595s
  3290  1832  336.96399  140  136  323.00000  617.83149  91.3%   337  600s
  3341  1854  386.03634  166  179  323.00000  617.83149  91.3%   337  605s
  3463  1854  333.86050  227  145  323.00000  617.83149  91.3%   330  610s
  3593  1945  486.27666   42  210  323.00000  610.26613  88.9%   321  615s
  3738  2081  530.21819   56  229  323.00000  605.87845  87.6%   312  620s
  3832  2175  396.09854  150  191  323.00000  605.87845  87.6%   307  625s
  3949  2280  529.13586   62  227  323.00000  605.70889  87.5%   301  630s
  4060  2389  373.30679  172  176  323.00000  605.70889  87.5%   296  635s
  4190  2497  469.80578   39  207  323.00000  601.96859  86.4%   290  640s
  4323  2621  374.58952   68  165  323.00000  601.50817  86.2%   283  645s
  4433  2721  366.11421  102  173  323.00000  600.26917  85.8%   279  650s
  4566  2832  329.24288   99  155  323.00000  597.58456  85.0%   274  658s
  4584  2840  391.05429   31  178  323.00000  597.08251  84.9%   273  660s
  4657  2872  355.25189   68  178  323.00000  597.08251  84.9%   273  665s
  4814  2972  368.66536   45  164  323.00000  595.09483  84.2%   267  670s
  4949  3086  471.82313   31  212  323.00000  593.47578  83.7%   262  675s
  5044  3171  392.30399   95  179  323.00000  593.37895  83.7%   259  680s
  5173  3274  402.12760   35  165  323.00000  592.81211  83.5%   256  685s
  5304  3359  470.48795   33  196  323.00000  590.40138  82.8%   252  690s
  5450  3486  550.70202   36  245  323.00000  590.38292  82.8%   248  695s
  5581  3597  505.36503   66  221  323.00000  590.27961  82.7%   245  700s
  5732  3737  469.76207   24  203  323.00000  589.51646  82.5%   241  705s
  5865  3861  478.07503   87  202  323.00000  589.47944  82.5%   238  710s
  5896  3892  437.64085  118  182  323.00000  589.47944  82.5%   237  715s
  6083  4057  448.40320   52  198  323.00000  588.55683  82.2%   233  720s
  6204  4156  353.79027   40  160  323.00000  588.29053  82.1%   231  725s
  6248  4191     cutoff   62       323.00000  588.29053  82.1%   231  730s
  6350  4201  342.35221   27  118  323.00000  587.51935  81.9%   230  735s
  6502  4316  345.34477   58  160  323.00000  586.95504  81.7%   227  740s
  6681  4449  492.53552   34  212  323.00000  585.11805  81.2%   224  745s
  6770  4530  372.78161   87  186  323.00000  584.97041  81.1%   222  750s
  6932  4664  580.87283   20  232  323.00000  583.69282  80.7%   219  755s
  7055  4775  414.98729  134  181  323.00000  583.65084  80.7%   218  760s
  7221  4894  425.70646   29  196  323.00000  582.17657  80.2%   215  765s
  7389  5028  475.10912   35  186  323.00000  581.61218  80.1%   212  770s
  7493  5112  349.86141   36  169  323.00000  581.02231  79.9%   211  775s
  7557  5140     cutoff   68       323.00000  581.02231  79.9%   211  780s
  7690  5217  550.71216   27  216  323.00000  580.56173  79.7%   209  785s
  7776  5289  438.40305   50  183  323.00000  580.25352  79.6%   208  791s
  7900  5395  429.36050   64  184  323.00000  579.41476  79.4%   206  795s
  8127  5592  481.08293   34  180  323.00000  577.33009  78.7%   203  800s
  8362  5747  373.20730   86  162  323.00000  577.00176  78.6%   200  805s
  8547  5888  372.13842   81  166  323.00000  574.65624  77.9%   198  810s
  8670  5987  351.92728   81  146  323.00000  573.95904  77.7%   196  815s
  8750  6050  452.50505   36  189  323.00000  573.47331  77.5%   196  820s
  8813  6100     cutoff   67       323.00000  573.47331  77.5%   197  825s
  8882  6103  331.04738  102  143  323.00000  573.47331  77.5%   196  832s
  8960  6153  390.21689   89  175  323.00000  573.25745  77.5%   196  835s
  9125  6250  389.38472   63  173  323.00000  571.69939  77.0%   194  840s
  9327  6414  417.73945   68  188  323.00000  571.32974  76.9%   192  845s
  9421  6489  459.54934   38  177  323.00000  570.22395  76.5%   191  850s
  9563  6613  367.36322   70  171  323.00000  569.35313  76.3%   189  855s
  9703  6721  478.52409   28  215  323.00000  569.01491  76.2%   188  860s
  9847  6857  372.50115  114  164  323.00000  568.92697  76.1%   187  865s
  9983  6966  445.26646   30  187  323.00000  568.83666  76.1%   185  870s
 10003  6986  442.45169   40  187  323.00000  568.83666  76.1%   186  875s
 10028  7011  485.47496   53  205  323.00000  568.83666  76.1%   187  881s
 10049  7032  360.47772   63  163  323.00000  568.83666  76.1%   187  885s
 10078  7061  437.73274   78  186  323.00000  568.83666  76.1%   188  890s
 10109  7086     cutoff   93       323.00000  568.83666  76.1%   188  895s
 10153  7104     cutoff  115       323.00000  568.83666  76.1%   189  900s
 10203  7105  333.05529  136  277  323.00000  568.83666  76.1%   189 1074s
 10205  7106  329.73225  205  279  323.00000  568.83666  76.1%   189 1077s
 10206  7107  396.47813  149  277  323.00000  568.83666  76.1%   189 1080s
 10213  7112  384.65182   80  284  323.00000  568.83666  76.1%   188 1086s
 10216  7114  374.29968   70  281  323.00000  568.83666  76.1%   188 1090s
 10220  7116  544.23622   54  280  323.00000  568.83666  76.1%   188 1097s
 10222  7118  440.45456   54  278  323.00000  568.83666  76.1%   188 1101s
 10225  7120  367.22669  114  276  323.00000  568.83666  76.1%   188 1105s
 10228  7122  442.16969   41  278  323.00000  568.83666  76.1%   188 1112s
 10230  7123  374.12941   95  285  323.00000  568.83666  76.1%   188 1117s
 10232  7124  439.08346   23  284  323.00000  568.83666  76.1%   188 1121s
 10236  7127  329.06543  139  281  323.00000  568.83666  76.1%   188 1125s
 10240  7130  418.11055  132  283  323.00000  568.83666  76.1%   188 1133s
 10242  7131  472.20098   30  286  323.00000  568.83666  76.1%   188 1137s
 10244  7132  415.37932   46  289  323.00000  568.83666  76.1%   188 1141s
 10246  7134  388.01793   93  290  323.00000  568.83666  76.1%   188 1146s
 10248  7135  479.93914  101  287  323.00000  568.83666  76.1%   188 1150s
 10252  7138  373.33132   70  289  323.00000  568.83666  76.1%   188 1157s
 10254  7139  451.97844   61  288  323.00000  568.83666  76.1%   188 1161s
 10257  7141  340.73007  137  287  323.00000  568.83666  76.1%   188 1166s
 10260  7143  371.10204   30  292  323.00000  568.83666  76.1%   188 1171s
 10263  7145  347.08359  129  293  323.00000  568.83666  76.1%   188 1176s
 10266  7147  370.64656  100  291  323.00000  568.83666  76.1%   187 1184s
 10268  7148  389.81244   69  296  323.00000  568.83666  76.1%   187 1188s
 10269  7149  475.83141   98  299  323.00000  568.83666  76.1%   187 1191s
 10270  7150  486.83170   41  298  323.00000  568.83666  76.1%   187 1195s
 10271  7150  351.47556  188  301  323.00000  568.83666  76.1%   187 1214s
 10272  7151  448.13317   50  296  323.00000  568.83666  76.1%   187 1220s
 10274  7152  399.25580   63  291  323.00000  568.83666  76.1%   187 1227s
 10276  7154  350.64467   37  290  323.00000  568.83666  76.1%   187 1232s
 10278  7155  469.89310   97  285  323.00000  568.83666  76.1%   187 1235s
 10280  7156  355.87994  122  290  323.00000  568.83666  76.1%   187 1240s
 10283  7158  363.67697   50  291  323.00000  568.83666  76.1%   187 1248s
 10285  7160  491.77171   34  288  323.00000  568.83666  76.1%   187 1254s
 10286  7160  456.66057   31  286  323.00000  568.83666  76.1%   187 1257s
 10287  7161  345.17324   68  283  323.00000  568.83666  76.1%   187 1262s
 10289  7162  342.88187   74  292  323.00000  568.83666  76.1%   187 1267s
 10291  7164  426.61215   35  288  323.00000  568.83666  76.1%   187 1272s
 10293  7165  415.79507   72  291  323.00000  568.83666  76.1%   187 1278s
 10295  7166  375.92020  102  287  323.00000  568.83666  76.1%   187 1282s
 10297  7168  432.58861   38  287  323.00000  568.83666  76.1%   187 1289s
 10299  7169  388.61009  165  292  323.00000  568.83666  76.1%   187 1294s
 10301  7170  521.54610   56  294  323.00000  568.83666  76.1%   187 1298s
 10303  7172  333.05529  136  291  323.00000  568.83666  76.1%   187 1301s
 10305  7173  329.73225  205  289  323.00000  568.83666  76.1%   187 1306s
 10307  7174  464.04004  104  294  323.00000  568.83666  76.1%   187 1311s
 10309  7176  462.56335   98  293  323.00000  568.83666  76.1%   187 1316s
 10311  7177  459.80199   47  292  323.00000  568.83666  76.1%   187 1320s
 10314  7179  482.88623   33  298  323.00000  568.83666  76.1%   187 1326s
 10316  7180  374.29968   70  298  323.00000  568.83666  76.1%   187 1330s
 10319  7182  398.08973   62  298  323.00000  568.83666  76.1%   187 1336s
 10321  7184  365.29111   31  300  323.00000  568.83666  76.1%   186 1340s
 10325  7186  367.22669  114  294  323.00000  568.83666  76.1%   186 1347s
 10327  7188  432.59929   52  294  323.00000  568.83666  76.1%   186 1350s
 10329  7189  395.57689   95  302  323.00000  568.83666  76.1%   186 1355s
 10333  7192  337.56786   42  295  323.00000  568.83666  76.1%   186 1362s
 10335  7193  390.14028   82  297  323.00000  568.83666  76.1%   186 1367s
 10336  7194  329.06543  139  295  323.00000  568.83666  76.1%   186 1374s
 10337  7194  478.05068   88  299  323.00000  568.83666  76.1%   186 1377s
 10339  7196  417.44709   61  301  323.00000  568.83666  76.1%   186 1381s
 10343  7198  533.50345   70  294  323.00000  568.83666  76.1%   186 1387s
 10345  7200  373.66042   89  296  323.00000  568.83666  76.1%   186 1390s
 10349  7202  522.25474   73  294  323.00000  568.83666  76.1%   186 1397s
 10351  7204  333.08307  136  292  323.00000  568.83666  76.1%   186 1401s
 10353  7205  427.00343   53  297  323.00000  568.83666  76.1%   186 1405s
 10357  7208  340.73007  137  290  323.00000  568.83666  76.1%   186 1412s
 10359  7209  343.59483  199  292  323.00000  568.83666  76.1%   186 1415s
 10361  7210  463.32905   44  295  323.00000  568.83666  76.1%   186 1420s
 10363  7212  347.08359  129  296  323.00000  568.83666  76.1%   186 1425s
 10367  7214  478.24592   48  296  323.00000  568.83666  76.1%   186 1432s
 10369  7216  475.83141   98  299  323.00000  568.83666  76.1%   186 1435s
 10373  7218  396.02430   57  300  323.00000  568.83666  76.1%   186 1442s
 10377  7221  472.29064   30  300  323.00000  568.83666  76.1%   185 1446s
 10381  7224  374.99256   56  299  323.00000  568.83666  76.1%   185 1453s
 10383  7225  363.67697   50  296  323.00000  568.83666  76.1%   185 1456s
 10385  7226  491.77171   34  297  323.00000  568.83666  76.1%   185 1460s
 10389  7229  342.88187   74  300  323.00000  568.83666  76.1%   185 1467s
 10391  7230  426.61215   35  299  323.00000  568.83666  76.1%   185 1470s
 10394  7232  373.92214  153  297  323.00000  568.83666  76.1%   185 1476s
 10397  7234  432.58861   38  295  323.00000  568.83666  76.1%   185 1482s
 10399  7236  388.61009  165  296  323.00000  568.83666  76.1%   185 1487s
 10403  7238  333.05529  136  297  323.00000  568.83666  76.1%   185 1492s
 10405  7240  329.73225  205  291  323.00000  568.83666  76.1%   185 1495s
 10411  7246  568.83666   31  245  323.00000  568.83666  76.1%   187 1501s
 10417  7250  568.83666   34  248  323.00000  568.83666  76.1%   187 1505s
 10426  7256  568.83666   39  292  323.00000  568.83666  76.1%   188 1510s
 10435  7262  568.83666   43  243  323.00000  568.83666  76.1%   188 1515s
 10441  7266  535.29430   46  225  323.00000  568.83666  76.1%   189 1520s
 10447  7270  531.05384   49  223  323.00000  568.83666  76.1%   189 1525s
 10454  7274  568.83666   53  282  323.00000  568.83666  76.1%   189 1530s
 10463  7280  551.27888   57  214  323.00000  568.83666  76.1%   190 1535s
 10469  7284  553.02475   60  229  323.00000  568.83666  76.1%   191 1540s
 10476  7289  568.83666   64  274  323.00000  568.83666  76.1%   191 1545s
 10483  7294  553.23670   67  242  323.00000  568.83666  76.1%   191 1550s
 10487  7296  495.28020   69  214  323.00000  568.83666  76.1%   192 1555s
 10488  7297  568.83666   70  273  323.00000  568.83666  76.1%   192 1579s
 10489  7298  525.25051   70  216  323.00000  568.83666  76.1%   192 1580s
 10496  7302  568.83666   74  265  323.00000  568.83666  76.1%   192 1585s
 10501  7306  502.71769   76  218  323.00000  568.83666  76.1%   193 1590s
 10507  7310  523.70876   79  210  323.00000  568.83666  76.1%   193 1595s
 10515  7315  477.12495   83  185  323.00000  568.83666  76.1%   193 1600s
 10518  7317  568.83666   85  265  323.00000  568.83666  76.1%   193 1614s
 10519  7318  478.39692   85  199  323.00000  568.83666  76.1%   194 1616s
 10526  7322  568.83666   89  262  323.00000  568.83666  76.1%   194 1621s
 10533  7327  453.49776   92  186  323.00000  568.83666  76.1%   194 1625s
 10543  7334  480.20870   97  200  323.00000  568.83666  76.1%   195 1630s
 10552  7340  568.83666  102  251  323.00000  568.83666  76.1%   195 1635s
 10562  7346  568.83666  107  256  323.00000  568.83666  76.1%   196 1640s
 10571  7352  487.80687  111  203  323.00000  568.83666  76.1%   196 1645s
 10581  7359  512.43011  116  211  323.00000  568.83666  76.1%   197 1650s
 10588  7364  556.38553  120  254  323.00000  568.83666  76.1%   197 1655s
 10597  7370  438.92879  124  197  323.00000  568.83666  76.1%   198 1660s
 10607  7376  446.87444  129  196  323.00000  568.83666  76.1%   198 1665s
 10619  7384  417.26813  135  176  323.00000  568.83666  76.1%   199 1670s
 10631  7392  450.33523  141  180  323.00000  568.83666  76.1%   200 1675s
 10642  7400  524.78880  147  228  323.00000  568.83666  76.1%   200 1680s
 10655  7408  402.33453  153  162  323.00000  568.83666  76.1%   201 1685s
 10666  7416  510.43032  159  236  323.00000  568.83666  76.1%   202 1690s
 10673  7420  444.42646  162  194  323.00000  568.83666  76.1%   202 1695s
 10680  7425  502.24061  166  228  323.00000  568.83666  76.1%   203 1700s
 10689  7431  391.26273  170  167  323.00000  568.83666  76.1%   203 1705s
 10697  7436  388.46189  174  161  323.00000  568.83666  76.1%   204 1710s
 10704  7441  491.75054  178  228  323.00000  568.83666  76.1%   204 1715s
 10712  7446  488.45572  182  224  323.00000  568.83666  76.1%   204 1721s
 10717  7450  391.73886  184  162  323.00000  568.83666  76.1%   205 1725s
 10726  7456  482.68841  189  221  323.00000  568.83666  76.1%   205 1730s
 10735  7462  394.15971  193  169  323.00000  568.83666  76.1%   206 1735s
 10743  7467  389.59766  197  177  323.00000  568.83666  76.1%   206 1740s
 10753  7474  379.67240  202  165  323.00000  568.83666  76.1%   207 1745s
 10763  7480  373.12615  207  162  323.00000  568.83666  76.1%   207 1750s
 10772  7486  463.14151  212  204  323.00000  568.83666  76.1%   207 1755s
 10782  7493  459.13753  217  205  323.00000  568.83666  76.1%   208 1760s
 10792  7500  454.04687  222  193  323.00000  568.83666  76.1%   208 1765s
 10805  7508  355.06559  228  151  323.00000  568.83666  76.1%   209 1770s
 10816  7516  438.96796  234  196  323.00000  568.83666  76.1%   210 1775s
 10831  7523  326.20494  241  135  323.00000  568.83666  76.1%   210 1780s
 10852  7526  417.11598  252  189  323.00000  568.83666  76.1%   211 1785s
 10866  7527  410.01890  259  180  323.00000  568.83666  76.1%   211 1790s
 10883  7528  326.16642  267  145  323.00000  568.83666  76.1%   212 1795s

Cutting planes:
  Gomory: 63
  Zero half: 1

Explored 10901 nodes (2320162 simplex iterations) in 1800.01 seconds (803.88 work units)
Thread count was 1 (of 12 available processors)

Solution count 10: 323 308 302 ... 222

Time limit reached
Best objective 3.230000000000e+02, best bound 5.680000000000e+02, gap 75.8514%
