
Gurobi 12.0.2 (linux64, C++) logging started Thu Jun 19 08:00:20 2025

Set parameter LogFile to value "log/instances/scenario1/not_correlated_sc1/500/kpfs_9.txt.log"

Gurobi 12.0.2 (linux64, C++) logging started Thu Jun 19 08:01:43 2025

Set parameter LogFile to value "log/instances/scenario1/not_correlated_sc1/500/kpfs_9.txt.log"

Gurobi 12.0.2 (linux64, C++) logging started Thu Jun 19 08:02:54 2025

Set parameter LogFile to value "log/instances/scenario1/not_correlated_sc1/500/kpfs_9.txt.log"

Gurobi 12.0.2 (linux64, C++) logging started Thu Jun 19 08:03:58 2025

Set parameter LogFile to value "log/instances/scenario1/not_correlated_sc1/500/kpfs_9.txt.log"

Gurobi 12.0.2 (linux64, C++) logging started Thu Jun 19 21:47:21 2025

Set parameter WLSAccessID
Set parameter WLSSecret
Set parameter LicenseID to value 2679381
Set parameter LogFile to value "log/instances/scenario1/not_correlated_sc1/500/kpfs_9.txt.log"
Academic license 2679381 - for non-commercial use only - registered to be___@poli.ufrj.br
Set parameter TimeLimit to value 1800
Set parameter Threads to value 1
Gurobi Optimizer version 12.0.2 build v12.0.2rc0 (linux64 - "Ubuntu 24.04.1 LTS")

CPU model: 13th Gen Intel(R) Core(TM) i7-1355U, instruction set [SSE2|AVX|AVX2]
Thread count: 6 physical cores, 12 logical processors, using up to 1 threads

Non-default parameters:
TimeLimit  1800
Threads  1

Academic license 2679381 - for non-commercial use only - registered to be___@poli.ufrj.br
Optimize a model with 2502 rows, 3000 columns and 20455 nonzeros
Model fingerprint: 0x936130c1
Variable types: 0 continuous, 3000 integer (500 binary)
Coefficient statistics:
  Matrix range     [1e+00, 3e+01]
  Objective range  [1e+00, 3e+01]
  Bounds range     [1e+00, 9e+00]
  RHS range        [1e+00, 8e+02]
Found heuristic solution: objective 274.0000000
Presolve removed 0 rows and 155 columns
Presolve time: 0.12s
Presolved: 2502 rows, 2845 columns, 20145 nonzeros
Variable types: 0 continuous, 2845 integer (626 binary)

Root relaxation: objective 1.010042e+03, 3423 iterations, 3.07 seconds (0.81 work units)

    Nodes    |    Current Node    |     Objective Bounds      |     Work
 Expl Unexpl |  Obj  Depth IntInf | Incumbent    BestBd   Gap | It/Node Time

     0     0 1010.04243    0  360  274.00000 1010.04243   269%     -    3s
H    0     0                     282.0000000 1010.04243   258%     -    3s
H    0     0                     283.0000000 1010.04243   257%     -    3s
H    0     0                     351.0000000 1010.04243   188%     -    3s
H    0     0                     367.0000000 1010.04243   175%     -    3s
H    0     0                     372.0000000 1010.04243   172%     -    3s
H    0     0                     373.0000000 1010.04243   171%     -    3s
H    0     0                     389.0000000 1010.04243   160%     -    4s
H    0     0                     393.0000000 1010.04243   157%     -    4s
H    0     0                     418.0000000 1010.04243   142%     -    4s
H    0     0                     426.0000000 1010.04243   137%     -    4s
H    0     0                     447.0000000 1010.04243   126%     -    4s
H    0     0                     463.0000000 1010.04243   118%     -    5s
H    0     0                     482.0000000 1010.04243   110%     -    5s
     0     0 1009.19816    0  358  482.00000 1009.19816   109%     -    7s
H    0     0                     498.0000000 1009.16520   103%     -    9s
     0     0 1009.12120    0  360  498.00000 1009.12120   103%     -   11s
     0     0 1009.11953    0  360  498.00000 1009.11953   103%     -   11s
     0     0 1009.11289    0  359  498.00000 1009.11289   103%     -   11s
     0     0 1008.79629    0  357  498.00000 1008.79629   103%     -   13s
     0     0 1008.71113    0  361  498.00000 1008.71113   103%     -   14s
     0     0 1008.70369    0  361  498.00000 1008.70369   103%     -   14s
     0     0 1008.25651    0  367  498.00000 1008.25651   102%     -   17s
     0     0 1008.18744    0  364  498.00000 1008.18744   102%     -   21s
     0     0 1008.13194    0  368  498.00000 1008.13194   102%     -   25s
     0     0 1008.11574    0  367  498.00000 1008.11574   102%     -   25s
     0     0 1008.11484    0  369  498.00000 1008.11484   102%     -   25s
     0     0 1008.11434    0  370  498.00000 1008.11434   102%     -   25s
     0     0 1008.11213    0  370  498.00000 1008.11213   102%     -   25s
     0     0 1008.10968    0  370  498.00000 1008.10968   102%     -   26s
     0     2 1008.10658    0  370  498.00000 1008.10658   102%     -   27s
    11    13  980.56434    7  358  498.00000  986.13100  98.0%   658   30s
    34    36  947.28021   25  343  498.00000  986.13100  98.0%   603   35s
    56    58  923.21061   44  331  498.00000  986.13100  98.0%   506   40s
    78    80  889.36025   61  310  498.00000  986.13100  98.0%   496   45s
   102   104  851.30849   79  317  498.00000  986.13100  98.0%   496   50s
   131   133  764.43728   99  273  498.00000  986.13100  98.0%   493   55s
   145   147  743.49815  108  274  498.00000  986.13100  98.0%   491   60s
H  156   156                     500.0000000  986.13100  97.2%   474   62s
H  156   156                     508.0000000  986.13100  94.1%   474   62s
   173   175  720.93098  131  259  508.00000  986.13100  94.1%   470   65s
   197   199  690.81966  151  238  508.00000  986.13100  94.1%   447   70s
   206   208  635.14225  158  237  508.00000  986.13100  94.1%   440   91s
   237   239  611.28640  180  216  508.00000  986.13100  94.1%   422   95s
   279   281  556.58566  211  204  508.00000  986.13100  94.1%   402  100s
   300   302  523.42831  226  185  508.00000  986.13100  94.1%   393  111s
   338   332  513.57469  254  179  508.00000  986.13100  94.1%   369  117s
   360   348  906.02969   11  329  508.00000  982.14779  93.3%   358  120s
   381   369  837.91395   31  334  508.00000  982.14779  93.3%   354  125s
   399   387  753.28675   46  294  508.00000  982.14779  93.3%   355  130s
   416   404  715.18488   61  295  508.00000  982.14779  93.3%   352  138s
   425   413  737.35231   70  285  508.00000  982.14779  93.3%   348  140s
   463   451  674.35189  103  268  508.00000  982.14779  93.3%   340  145s
   497   485  572.80377  129  230  508.00000  982.14779  93.3%   337  150s
   520   507  660.94438   95  370  508.00000  982.14779  93.3%   330  164s
   522   508  909.28620   14  360  508.00000  982.14779  93.3%   329  168s
   523   509  635.54096  171  360  508.00000  982.14779  93.3%   329  174s
   529   513  744.81120   96  370  508.00000  982.14779  93.3%   325  175s
   536   520  982.14779   16  363  508.00000  982.14779  93.3%   336  180s
   543   524  945.42337   19  332  508.00000  977.46963  92.4%   346  185s
   547   527  909.48825   21  327  508.00000  971.82679  91.3%   352  190s
   552   530  959.09405   24  359  508.00000  964.91874  89.9%   356  195s
   557   534  892.71022   26  331  508.00000  953.71273  87.7%   363  201s
   561   536  903.20106   28  356  508.00000  951.55038  87.3%   368  206s
   565   539  893.99560   30  331  508.00000  951.55038  87.3%   371  210s
   571   543  892.41906   33  324  508.00000  951.55038  87.3%   376  215s
   576   546  923.87878   36  366  508.00000  951.55038  87.3%   380  220s
   581   550  859.61699   38  326  508.00000  951.55038  87.3%   386  225s
   586   553  907.74781   41  366  508.00000  951.55038  87.3%   389  230s
   591   556  845.20925   43  322  508.00000  951.55038  87.3%   395  236s
   595   559  821.04845   45  323  508.00000  951.55038  87.3%   399  240s
   600   562  888.35228   48  367  508.00000  951.55038  87.3%   401  245s
   605   566  824.16161   50  323  508.00000  951.55038  87.3%   407  250s
   606   566  883.15985   51  362  508.00000  951.55038  87.3%   407  256s
   609   568  844.72438   52  317  508.00000  951.55038  87.3%   411  270s
   615   572  838.13872   55  319  508.00000  951.55038  87.3%   415  276s
   619   575  821.28006   57  315  508.00000  951.55038  87.3%   417  280s
   625   579  821.60839   60  315  508.00000  951.55038  87.3%   422  286s
   630   582  856.57317   63  341  508.00000  951.55038  87.3%   426  290s
   635   586  760.10425   65  303  508.00000  951.55038  87.3%   431  295s
   641   590  771.74911   68  287  508.00000  951.55038  87.3%   434  300s
   646   593  841.09657   71  328  508.00000  951.55038  87.3%   437  305s
   653   598  787.51761   74  303  508.00000  951.55038  87.3%   440  310s
   661   603  758.94077   78  300  508.00000  951.55038  87.3%   445  315s
   669   608  781.78532   82  319  508.00000  951.55038  87.3%   449  320s
   677   614  728.90342   86  293  508.00000  951.55038  87.3%   454  325s
   691   623  719.01965   93  285  508.00000  951.55038  87.3%   462  330s
   703   631  725.73142   99  266  508.00000  951.55038  87.3%   466  337s
   708   634  774.39941  102  318  508.00000  951.55038  87.3%   468  340s
   717   640  674.60881  106  279  508.00000  951.55038  87.3%   471  345s
   725   646  704.67612  110  267  508.00000  951.55038  87.3%   474  350s
   733   651  682.77254  114  265  508.00000  951.55038  87.3%   478  355s
   741   656  694.80599  118  266  508.00000  951.55038  87.3%   481  360s
   750   662  728.27162  123  298  508.00000  951.55038  87.3%   483  365s
   757   667  659.48438  126  249  508.00000  951.55038  87.3%   485  370s
   767   674  663.89322  131  263  508.00000  951.55038  87.3%   487  375s
   776   680  707.22392  136  290  508.00000  951.55038  87.3%   488  380s
   787   687  631.00172  141  265  508.00000  951.55038  87.3%   490  385s
   797   694  611.05943  146  252  508.00000  951.55038  87.3%   492  390s
   807   700  626.52245  151  255  508.00000  951.55038  87.3%   493  395s
   818   708  669.22963  157  276  508.00000  951.55038  87.3%   494  400s
   829   715  613.86608  162  258  508.00000  951.55038  87.3%   494  405s
   840   722  647.93632  168  266  508.00000  951.55038  87.3%   494  410s
   853   731  594.68484  174  238  508.00000  951.55038  87.3%   494  415s
   864   738  621.54182  180  247  508.00000  951.55038  87.3%   494  420s
   873   744  570.70264  184  222  508.00000  951.55038  87.3%   494  425s
   887   754  556.16387  191  221  508.00000  951.55038  87.3%   494  430s
   899   762  528.63065  197  207  508.00000  951.55038  87.3%   494  435s
   909   768  515.88174  202  227  508.00000  951.55038  87.3%   493  440s
   923   778  531.24780  209  226  508.00000  951.55038  87.3%   493  445s
   947   784  511.71921  221  198  508.00000  951.55038  87.3%   490  451s
   961   781     cutoff  228       508.00000  951.55038  87.3%   487  455s
   981   775  878.65465   17  325  508.00000  951.50084  87.3%   481  460s
   986   779  926.85514   20  351  508.00000  951.50084  87.3%   481  465s
   987   779  872.97429   20  320  508.00000  951.50084  87.3%   482  484s
   989   781  870.79659   21  343  508.00000  951.50084  87.3%   483  486s
   995   785  865.69063   24  323  508.00000  951.50084  87.3%   484  490s
  1001   789  875.36221   27  331  508.00000  951.50084  87.3%   485  495s
  1009   794  835.50395   31  320  508.00000  951.50084  87.3%   486  500s
  1014   797  882.04149   34  332  508.00000  951.50084  87.3%   487  505s
  1021   802  802.03682   37  308  508.00000  951.50084  87.3%   488  510s
H 1026   765                     517.0000000  951.50084  84.0%   489  521s
H 1026   724                     530.0000000  951.50084  79.5%   489  528s
  1029   728  811.38676   41  309  530.00000  951.50084  79.5%   490  530s
  1036   733  846.84985   45  329  530.00000  951.50084  79.5%   491  535s
  1041   736  775.73685   47  304  530.00000  951.50084  79.5%   492  540s
  1049   742  771.02243   51  275  530.00000  951.50084  79.5%   494  545s
  1057   747  759.22430   55  305  530.00000  951.50084  79.5%   495  550s
  1069   755  756.54672   61  280  530.00000  951.50084  79.5%   496  555s
  1077   760  763.54091   65  308  530.00000  951.50084  79.5%   497  560s
  1085   766  761.00940   69  302  530.00000  951.50084  79.5%   499  565s
  1093   771  746.98715   73  299  530.00000  951.50084  79.5%   500  570s
  1103   778  735.02115   78  304  530.00000  951.50084  79.5%   501  575s
  1112   784  760.32595   83  308  530.00000  951.50084  79.5%   502  580s
  1123   791  694.41150   88  266  530.00000  951.50084  79.5%   503  585s
  1134   798  739.50012   94  297  530.00000  951.50084  79.5%   503  590s
  1152   810  719.34225  103  273  530.00000  951.50084  79.5%   504  595s
  1163   818  655.15326  108  262  530.00000  951.50084  79.5%   505  600s
  1173   824  651.65500  113  255  530.00000  951.50084  79.5%   505  605s
  1186   833  681.83708  120  280  530.00000  951.50084  79.5%   505  610s
  1200   842  662.85896  127  272  530.00000  951.50084  79.5%   505  615s
  1215   852  588.56962  134  251  530.00000  951.50084  79.5%   506  620s
  1230   862  633.27254  142  259  530.00000  951.50084  79.5%   505  625s
  1245   872  583.17490  149  229  530.00000  951.50084  79.5%   505  630s
  1262   884  605.55885  158  252  530.00000  951.50084  79.5%   504  635s
  1273   891  549.32253  163  210  530.00000  951.50084  79.5%   504  640s
  1305   904  536.98298  179  222  530.00000  951.50084  79.5%   502  645s
  1354   892  898.60990   16  348  530.00000  945.41168  78.4%   490  650s
  1364   899  817.99026   21  317  530.00000  945.41168  78.4%   491  655s
  1373   905  851.22453   26  335  530.00000  945.41168  78.4%   492  660s
  1385   913  834.88339   32  325  530.00000  945.41168  78.4%   493  665s
  1395   919  817.95285   37  317  530.00000  945.41168  78.4%   493  670s
  1404   925  773.75067   41  299  530.00000  945.41168  78.4%   494  675s
H 1407   898                     531.0000000  945.41168  78.0%   494  676s
  1407   900  802.35035   43  313  531.00000  945.41168  78.0%   494  687s
  1414   905  754.05041   46  295  531.00000  945.41168  78.0%   495  690s
  1426   913  714.31091   52  278  531.00000  945.41168  78.0%   496  695s
  1438   921  708.74161   58  294  531.00000  945.41168  78.0%   496  700s
  1450   929  664.25339   64  283  531.00000  945.41168  78.0%   497  705s
  1478   948  659.28720   78  269  531.00000  945.41168  78.0%   497  710s
  1500   962  645.94807   89  256  531.00000  945.41168  78.0%   497  715s
  1518   974  627.02122   98  261  531.00000  945.41168  78.0%   497  727s
  1530   982  622.65447  104  239  531.00000  945.41168  78.0%   497  730s
  1552   997  597.93786  115  226  531.00000  945.41168  78.0%   496  735s
  1570  1009  575.24584  124  237  531.00000  945.41168  78.0%   496  740s
  1598  1026  562.09702  138  220  531.00000  945.41168  78.0%   495  745s
  1651  1018  859.57774   20  314  531.00000  945.39314  78.0%   487  750s
  1663  1026  803.00349   26  289  531.00000  945.39314  78.0%   487  755s
  1676  1035  800.69507   33  295  531.00000  945.39314  78.0%   488  760s
  1691  1045  731.54036   40  282  531.00000  945.39314  78.0%   489  765s
  1720  1064  746.80072   55  276  531.00000  945.39314  78.0%   488  771s
  1735  1074  687.11395   62  279  531.00000  945.39314  78.0%   489  775s
  1757  1089  648.27847   73  245  531.00000  945.39314  78.0%   488  780s
  1779  1103  611.86753   84  251  531.00000  945.39314  78.0%   488  785s
  1804  1120  642.66678   97  249  531.00000  945.39314  78.0%   487  790s
  1833  1139  553.00318  111  214  531.00000  945.39314  78.0%   486  795s
  1865  1156     cutoff  127       531.00000  945.39314  78.0%   484  800s
  1903  1173     cutoff  146       531.00000  945.39314  78.0%   480  805s
  1947  1182  858.26790   24  301  531.00000  944.93648  78.0%   474  810s
  1958  1193  892.85436   30  331  531.00000  944.93648  78.0%   475  815s
  1971  1206  811.42723   36  309  531.00000  944.93648  78.0%   477  820s
  1975  1210  799.74762   38  321  531.00000  944.93648  78.0%   478  847s
  1987  1222  784.37237   44  293  531.00000  944.93648  78.0%   479  850s
  2001  1236  777.67288   51  290  531.00000  944.93648  78.0%   480  855s
  2017  1252  767.74148   59  300  531.00000  944.93648  78.0%   481  860s
  2033  1268  718.42412   67  285  531.00000  944.93648  78.0%   482  865s
  2049  1284  723.62879   75  297  531.00000  944.93648  78.0%   483  870s
  2063  1298  680.44851   82  263  531.00000  944.93648  78.0%   483  875s
  2089  1324  681.86189   95  264  531.00000  944.93648  78.0%   484  880s
  2109  1344  656.16839  105  273  531.00000  944.93648  78.0%   485  885s
  2130  1365  682.83822  116  268  531.00000  944.93648  78.0%   486  890s
  2151  1386  609.15936  126  240  531.00000  944.93648  78.0%   486  895s
  2173  1408  594.40552  137  226  531.00000  944.93648  78.0%   487  900s
  2191  1426  584.74718  146  237  531.00000  944.93648  78.0%   487  905s
  2217  1452  554.02964  159  203  531.00000  944.93648  78.0%   486  910s
  2247  1479  552.04098  174  227  531.00000  944.93648  78.0%   485  915s
  2310  1487  894.19807   15  324  531.00000  944.91567  78.0%   478  920s
  2324  1501  818.45295   22  302  531.00000  944.91567  78.0%   478  925s
  2336  1513  755.69056   28  292  531.00000  944.91567  78.0%   479  945s
  2355  1532  811.39785   38  295  531.00000  944.91567  78.0%   479  950s
  2374  1551  732.85730   47  276  531.00000  944.91567  78.0%   480  955s
  2392  1569  695.91334   56  262  531.00000  944.91567  78.0%   480  960s
  2415  1592  735.93536   68  278  531.00000  944.91567  78.0%   481  965s
  2438  1615  664.24906   79  253  531.00000  944.91567  78.0%   481  970s
  2458  1635  654.13752   89  251  531.00000  944.91567  78.0%   481  975s
  2487  1664  652.38347  104  242  531.00000  944.91567  78.0%   480  980s
  2520  1697  588.35380  120  226  531.00000  944.91567  78.0%   479  985s
  2556  1733  560.44914  138  206  531.00000  944.91567  78.0%   478  990s
  2626  1739  931.06275   16  342  531.00000  935.66529  76.2%   469  995s
  2638  1751  909.89018   22  341  531.00000  931.00193  75.3%   470 1000s
  2641  1754  855.46351   23  308  531.00000  931.00193  75.3%   470 1009s
  2643  1756  856.69374   24  331  531.00000  931.00193  75.3%   471 1010s
  2665  1778  799.09993   35  295  531.00000  931.00193  75.3%   473 1015s
  2677  1790  792.16132   41  305  531.00000  931.00193  75.3%   474 1020s
  2693  1806  767.73535   49  296  531.00000  931.00193  75.3%   475 1025s
  2707  1820  761.05125   56  281  531.00000  931.00193  75.3%   475 1030s
  2723  1836  775.09906   64  281  531.00000  931.00193  75.3%   476 1035s
  2735  1848  716.72268   70  268  531.00000  931.00193  75.3%   476 1040s
  2753  1866  688.09560   79  264  531.00000  931.00193  75.3%   477 1045s
  2771  1884  687.68489   88  270  531.00000  931.00193  75.3%   478 1050s
  2791  1904  655.07579   98  261  531.00000  931.00193  75.3%   478 1055s
  2811  1924  659.32454  108  250  531.00000  931.00193  75.3%   478 1060s
  2833  1946  623.48177  119  239  531.00000  931.00193  75.3%   478 1065s
  2855  1968  584.38045  130  231  531.00000  931.00193  75.3%   479 1070s
  2875  1988  594.93662  140  239  531.00000  931.00193  75.3%   478 1075s
  2902  2015  598.48703  154  230  531.00000  931.00193  75.3%   477 1080s
  2941  2036     cutoff  173       531.00000  931.00193  75.3%   476 1085s
  2989  2051  856.45206   24  302  531.00000  930.99400  75.3%   473 1090s
  3005  2067  838.92868   32  302  531.00000  930.99400  75.3%   474 1095s
  3019  2081  791.75522   39  292  531.00000  930.99400  75.3%   474 1100s
  3032  2094  829.01854   46  322  531.00000  930.99400  75.3%   475 1105s
  3045  2107  762.28276   52  277  531.00000  930.99400  75.3%   476 1110s
  3061  2123  745.88331   60  285  531.00000  930.99400  75.3%   476 1115s
  3077  2139  685.47503   68  291  531.00000  930.99400  75.3%   477 1120s
  3092  2154  750.50296   76  298  531.00000  930.99400  75.3%   478 1125s
  3109  2171  686.94979   84  271  531.00000  930.99400  75.3%   479 1130s
  3126  2188  712.99667   93  292  531.00000  930.99400  75.3%   479 1135s
  3141  2203  638.35303  100  255  531.00000  930.99400  75.3%   480 1140s
  3159  2221  634.77486  109  249  531.00000  930.99400  75.3%   480 1145s
  3177  2239  603.16709  118  254  531.00000  930.99400  75.3%   481 1150s
  3201  2263  588.35896  130  218  531.00000  930.99400  75.3%   481 1155s
  3227  2289  587.61715  143  231  531.00000  930.99400  75.3%   480 1160s
  3273  2323  545.02320  166  223  531.00000  930.99400  75.3%   479 1165s
  3361  2352  775.13503   43  301  531.00000  929.20045  75.0%   472 1197s
  3393  2384  692.20320   74  275  531.00000  929.20045  75.0%   470 1200s
  3459  2450  536.52597  132  201  531.00000  929.20045  75.0%   464 1205s
  3506  2481  860.86333   35  343  531.00000  929.17624  75.0%   460 1210s
  3555  2530  740.73654   83  296  531.00000  929.17624  75.0%   457 1215s
  3618  2593  606.10174  142  253  531.00000  929.17624  75.0%   452 1220s
  3691  2642  817.83482   29  314  531.00000  924.78269  74.2%   447 1225s
  3749  2700  663.34245   86  279  531.00000  924.78269  74.2%   443 1230s
  3813  2760     cutoff  141       531.00000  924.78269  74.2%   438 1235s
  3869  2804  796.61118   58  324  531.00000  924.48866  74.1%   435 1240s
  3921  2856  678.03305  107  291  531.00000  924.48866  74.1%   432 1245s
  4001  2930  537.64856  182  224  531.00000  924.48866  74.1%   427 1250s
  4054  2969  740.12195   62  302  531.00000  924.46191  74.1%   424 1255s
  4133  3048  581.27252  139  241  531.00000  924.46191  74.1%   419 1260s
  4200  3101  781.75263   47  305  531.00000  921.18909  73.5%   415 1265s
  4272  3173  619.87876  119  255  531.00000  921.18909  73.5%   411 1270s
  4342  3227  848.96196   26  343  531.00000  918.68533  73.0%   406 1275s
  4382  3267  729.41152   66  302  531.00000  918.68533  73.0%   404 1280s
  4426  3311  625.51731  106  277  531.00000  918.68533  73.0%   403 1285s
  4489  3360  845.19561   25  338  531.00000  918.38358  73.0%   399 1290s
  4535  3406  707.55692   71  306  531.00000  918.38358  73.0%   397 1295s
  4568  3439  608.28824  101  248  531.00000  918.38358  73.0%   395 1300s
  4621  3492  550.45201  154  226  531.00000  918.38358  73.0%   392 1305s
  4649  3506  813.23767   28  293  531.00000  915.72051  72.5%   391 1310s
  4693  3538  818.49918   22  325  531.00000  914.07298  72.1%   389 1315s
  4742  3587  672.72686   71  284  531.00000  914.07298  72.1%   387 1320s
  4811  3647  851.72231   21  303  531.00000  912.70544  71.9%   384 1325s
  4828  3664  810.59190   30  308  531.00000  912.70544  71.9%   384 1330s
  4843  3679  730.99275   37  278  531.00000  912.70544  71.9%   385 1335s
  4851  3687  700.89972   41  269  531.00000  912.70544  71.9%   385 1340s
  4865  3701  733.42318   48  260  531.00000  912.70544  71.9%   385 1345s
  4888  3724  725.01729   60  273  531.00000  912.70544  71.9%   386 1350s
  4907  3743  656.55465   69  235  531.00000  912.70544  71.9%   386 1355s
  4921  3757  634.24448   76  241  531.00000  912.70544  71.9%   386 1374s
  4923  3759  634.79522   77  245  531.00000  912.70544  71.9%   386 1375s
  4943  3779  607.08510   87  233  531.00000  912.70544  71.9%   387 1380s
  4961  3797  585.67695   96  216  531.00000  912.70544  71.9%   387 1385s
  4983  3819  568.61519  107  215  531.00000  912.70544  71.9%   387 1390s
  5003  3836  545.02635  117  201  531.00000  912.70544  71.9%   387 1395s
  5029  3847     cutoff  130       531.00000  912.70544  71.9%   386 1400s
  5068  3853  851.49237   27  317  531.00000  911.28007  71.6%   385 1405s
  5097  3882  756.83414   56  299  531.00000  911.28007  71.6%   384 1410s
  5147  3932  630.66732  106  270  531.00000  911.28007  71.6%   382 1415s
  5203  3978  846.43834   27  335  531.00000  911.24502  71.6%   379 1420s
  5228  4003  681.80154   52  269  531.00000  911.24502  71.6%   378 1425s
  5267  4036  834.12617   35  310  531.00000  910.22000  71.4%   377 1430s
  5319  4088  695.86933   87  277  531.00000  910.22000  71.4%   375 1435s
  5364  4133  595.51195  130  251  531.00000  910.22000  71.4%   373 1440s
  5426  4180  795.63183   34  314  531.00000  909.40957  71.3%   371 1445s
  5483  4227  897.36643   24  328  531.00000  909.40316  71.3%   368 1450s
  5511  4255  800.61030   52  322  531.00000  909.40316  71.3%   368 1455s
  5573  4317  655.47453  114  273  531.00000  909.40316  71.3%   366 1460s
  5673  4405  638.59245   42  248  531.00000  906.64766  70.7%   362 1465s
  5721  4439  629.96987   31  238  531.00000  906.56872  70.7%   361 1470s
  5754  4458  732.33259   30  287  531.00000  906.52023  70.7%   360 1475s
  5788  4485  832.05213   29  320  531.00000  906.39651  70.7%   359 1480s
  5828  4525  552.58509   69  195  531.00000  906.39651  70.7%   358 1485s
  5860  4549  751.32193   43  292  531.00000  906.02211  70.6%   357 1490s
  5898  4579  844.04262   27  339  531.00000  904.12847  70.3%   356 1495s
  5928  4609  748.21777   57  326  531.00000  904.12847  70.3%   356 1500s
  5971  4652  639.98051  100  274  531.00000  904.12847  70.3%   354 1505s
  6032  4713  535.83035  161  225  531.00000  904.12847  70.3%   352 1510s
  6073  4740  573.40310   51  210  531.00000  904.06418  70.3%   351 1515s
  6110  4765  837.51427   50  332  531.00000  903.85546  70.2%   350 1520s
  6139  4794  761.30256   79  311  531.00000  903.85546  70.2%   349 1525s
  6169  4824  686.61820  109  294  531.00000  903.85546  70.2%   348 1530s
  6216  4871  610.59378  156  250  531.00000  903.85546  70.2%   347 1535s
  6272  4915  851.75304   33  323  531.00000  903.52961  70.2%   345 1540s
  6304  4947  758.62860   65  308  531.00000  903.52961  70.2%   344 1545s
  6338  4981  681.76864   97  271  531.00000  903.52961  70.2%   343 1550s
  6393  5036  542.30556  148  182  531.00000  903.52961  70.2%   342 1555s
  6449  5077  854.10972   39  333  531.00000  903.46864  70.1%   340 1560s
  6481  5109  770.83906   71  305  531.00000  903.46864  70.1%   339 1565s
  6521  5149  674.53665  111  276  531.00000  903.46864  70.1%   338 1570s
  6576  5204  569.11869  166  227  531.00000  903.46864  70.1%   337 1575s
  6618  5234  698.17737   38  277  531.00000  903.31883  70.1%   336 1580s
  6659  5263  805.74466   31  323  531.00000  903.19432  70.1%   335 1585s
  6694  5298  708.75918   66  295  531.00000  903.19432  70.1%   334 1590s
  6773  5377  540.10291  145  232  531.00000  903.19432  70.1%   332 1595s
  6807  5401  741.26282   52  285  531.00000  903.19413  70.1%   331 1600s
  6858  5442  820.63321   31  308  531.00000  902.91675  70.0%   330 1605s
  6874  5458  763.86733   39  297  531.00000  902.91675  70.0%   331 1610s
  6888  5472  749.05673   46  265  531.00000  902.91675  70.0%   331 1615s
  6901  5485  777.32477   53  306  531.00000  902.91675  70.0%   332 1620s
  6913  5497  757.88358   59  299  531.00000  902.91675  70.0%   332 1625s
  6926  5510  706.32968   65  287  531.00000  902.91675  70.0%   333 1630s
  6940  5524  671.46393   72  263  531.00000  902.91675  70.0%   333 1635s
  6954  5538  635.52321   79  256  531.00000  902.91675  70.0%   334 1640s
  6970  5554  650.36522   87  259  531.00000  902.91675  70.0%   334 1645s
  6988  5572  630.31448   96  251  531.00000  902.91675  70.0%   334 1650s
  7006  5590  603.71991  105  229  531.00000  902.91675  70.0%   335 1655s
  7024  5608  590.07161  114  232  531.00000  902.91675  70.0%   335 1660s
  7040  5624  577.04032  122  232  531.00000  902.91675  70.0%   335 1665s
  7058  5642  555.42302  131  218  531.00000  902.91675  70.0%   335 1670s
  7078  5654     cutoff  141       531.00000  902.91675  70.0%   335 1675s
  7108  5664     cutoff  156       531.00000  902.91675  70.0%   335 1680s
  7158  5666  775.46117   25  292  531.00000  901.69698  69.8%   334 1685s
  7169  5677  688.51856   29  267  531.00000  901.69698  69.8%   334 1690s
  7209  5700  890.84434   20  322  531.00000  901.68282  69.8%   333 1695s
  7234  5725  809.97357   45  318  531.00000  901.68282  69.8%   333 1700s
  7265  5756  723.22683   76  294  531.00000  901.68282  69.8%   332 1705s
  7332  5823  568.91777  143  239  531.00000  901.68282  69.8%   331 1710s
  7393  5874  657.53500   55  262  531.00000  901.47829  69.8%   329 1715s
  7450  5919  793.75909   45  305  531.00000  901.18156  69.7%   328 1720s
  7494  5955  771.84898   36  306  531.00000  901.01706  69.7%   328 1725s
  7519  5980  613.83038   61  238  531.00000  901.01706  69.7%   327 1730s
  7555  6008  762.25568   36  297  531.00000  900.26112  69.5%   326 1735s
  7593  6046  674.97963   74  278  531.00000  900.26112  69.5%   326 1740s
  7638  6091  572.77755  115  240  531.00000  900.26112  69.5%   325 1745s
  7682  6124  752.87826   42  282  531.00000  900.25191  69.5%   324 1750s
  7724  6158  853.89996   34  321  531.00000  899.92442  69.5%   323 1755s
  7750  6184  766.75913   60  329  531.00000  899.92442  69.5%   323 1760s
  7790  6224  665.02977  100  287  531.00000  899.92442  69.5%   322 1765s
  7842  6276  575.01577  152  241  531.00000  899.92442  69.5%   321 1770s
  7887  6309  684.73103   39  283  531.00000  899.71522  69.4%   320 1775s
  7936  6348  843.56124   20  307  531.00000  899.69340  69.4%   319 1780s
  7971  6383  725.55574   55  282  531.00000  899.69340  69.4%   318 1785s
  8027  6439  588.32067  111  229  531.00000  899.69340  69.4%   317 1790s
  8098  6501  670.93894   48  236  531.00000  898.80233  69.3%   315 1795s
  8124  6518  793.74667   25  316  531.00000  898.38163  69.2%   315 1800s

Cutting planes:
  Gomory: 4
  MIR: 7
  Zero half: 11

Explored 8125 nodes (2562783 simplex iterations) in 1800.02 seconds (774.38 work units)
Thread count was 1 (of 12 available processors)

Solution count 10: 531 530 517 ... 426

Time limit reached
Best objective 5.310000000000e+02, best bound 8.980000000000e+02, gap 69.1149%
