
Gurobi 12.0.2 (linux64, C++) logging started Thu Jun 19 08:00:20 2025

Set parameter LogFile to value "log/instances/scenario1/not_correlated_sc1/500/kpfs_3.txt.log"

Gurobi 12.0.2 (linux64, C++) logging started Thu Jun 19 08:01:43 2025

Set parameter LogFile to value "log/instances/scenario1/not_correlated_sc1/500/kpfs_3.txt.log"

Gurobi 12.0.2 (linux64, C++) logging started Thu Jun 19 08:02:54 2025

Set parameter LogFile to value "log/instances/scenario1/not_correlated_sc1/500/kpfs_3.txt.log"

Gurobi 12.0.2 (linux64, C++) logging started Thu Jun 19 08:03:58 2025

Set parameter LogFile to value "log/instances/scenario1/not_correlated_sc1/500/kpfs_3.txt.log"

Gurobi 12.0.2 (linux64, C++) logging started Thu Jun 19 18:47:20 2025

Set parameter WLSAccessID
Set parameter WLSSecret
Set parameter LicenseID to value 2679381
Set parameter LogFile to value "log/instances/scenario1/not_correlated_sc1/500/kpfs_3.txt.log"
Academic license 2679381 - for non-commercial use only - registered to be___@poli.ufrj.br
Set parameter TimeLimit to value 1800
Set parameter Threads to value 1
Gurobi Optimizer version 12.0.2 build v12.0.2rc0 (linux64 - "Ubuntu 24.04.1 LTS")

CPU model: 13th Gen Intel(R) Core(TM) i7-1355U, instruction set [SSE2|AVX|AVX2]
Thread count: 6 physical cores, 12 logical processors, using up to 1 threads

Non-default parameters:
TimeLimit  1800
Threads  1

Academic license 2679381 - for non-commercial use only - registered to be___@poli.ufrj.br
Optimize a model with 2502 rows, 3000 columns and 20499 nonzeros
Model fingerprint: 0xaa600b89
Variable types: 0 continuous, 3000 integer (500 binary)
Coefficient statistics:
  Matrix range     [1e+00, 3e+01]
  Objective range  [1e+00, 3e+01]
  Bounds range     [1e+00, 9e+00]
  RHS range        [1e+00, 8e+02]
Found heuristic solution: objective 247.0000000
Presolve removed 0 rows and 164 columns
Presolve time: 0.10s
Presolved: 2502 rows, 2836 columns, 20171 nonzeros
Variable types: 0 continuous, 2836 integer (620 binary)

Root relaxation: objective 1.054336e+03, 3689 iterations, 2.97 seconds (0.87 work units)

    Nodes    |    Current Node    |     Objective Bounds      |     Work
 Expl Unexpl |  Obj  Depth IntInf | Incumbent    BestBd   Gap | It/Node Time

     0     0 1054.33639    0  368  247.00000 1054.33639   327%     -    3s
H    0     0                     256.0000000 1054.33639   312%     -    3s
H    0     0                     262.0000000 1054.33639   302%     -    3s
H    0     0                     353.0000000 1054.33639   199%     -    3s
H    0     0                     402.0000000 1054.33639   162%     -    3s
H    0     0                     409.0000000 1054.33639   158%     -    3s
H    0     0                     421.0000000 1054.33639   150%     -    3s
H    0     0                     424.0000000 1054.33639   149%     -    3s
H    0     0                     458.0000000 1054.33639   130%     -    3s
H    0     0                     484.0000000 1054.33639   118%     -    3s
H    0     0                     487.0000000 1054.33639   116%     -    3s
H    0     0                     490.0000000 1054.33639   115%     -    4s
H    0     0                     495.0000000 1054.33639   113%     -    4s
H    0     0                     522.0000000 1054.33639   102%     -    4s
H    0     0                     524.0000000 1054.33639   101%     -    4s
     0     0 1052.49008    0  366  524.00000 1052.49008   101%     -    6s
H    0     0                     531.0000000 1052.33767  98.2%     -    8s
H    0     0                     538.0000000 1052.33767  95.6%     -   11s
     0     0 1052.27490    0  363  538.00000 1052.27490  95.6%     -   11s
     0     0 1052.15449    0  369  538.00000 1052.15449  95.6%     -   12s
     0     0 1052.14948    0  368  538.00000 1052.14948  95.6%     -   12s
     0     0 1051.54739    0  359  538.00000 1051.54739  95.5%     -   14s
     0     0 1050.59216    0  367  538.00000 1050.59216  95.3%     -   18s
     0     0 1050.59019    0  367  538.00000 1050.59019  95.3%     -   18s
     0     0 1049.95611    0  369  538.00000 1049.95611  95.2%     -   23s
     0     0 1049.89908    0  370  538.00000 1049.89908  95.1%     -   23s
     0     0 1049.89908    0  370  538.00000 1049.89908  95.1%     -   23s
     0     0 1049.79676    0  370  538.00000 1049.79676  95.1%     -   27s
     0     0 1049.78724    0  374  538.00000 1049.78724  95.1%     -   27s
     0     0 1049.75275    0  370  538.00000 1049.75275  95.1%     -   27s
H    0     0                     540.0000000 1049.74182  94.4%     -   27s
     0     0 1049.74182    0  370  540.00000 1049.74182  94.4%     -   27s
     0     0 1049.74182    0  367  540.00000 1049.74182  94.4%     -   27s
     0     2 1049.70280    0  367  540.00000 1049.70280  94.4%     -   29s
     3     5  993.21229    2  370  540.00000 1043.46288  93.2%   940   30s
    11    13  952.12195    6  344  540.00000 1024.41222  89.7%   810   35s
    22    24  917.53805   13  328  540.00000 1024.41222  89.7%   851   40s
    37    39  910.31620   24  323  540.00000 1024.41222  89.7%   732   45s
    54    56  956.22911   36  340  540.00000 1024.41222  89.7%   686   50s
    77    79  917.48905   55  323  540.00000 1024.41222  89.7%   611   55s
   104   106  795.26072   76  288  540.00000 1024.41222  89.7%   556   60s
   130   132  812.36974   97  278  540.00000 1024.41222  89.7%   518   65s
   145   147  818.31427  107  289  540.00000 1024.41222  89.7%   502   70s
   172   174  775.16867  128  282  540.00000 1024.41222  89.7%   486   75s
   198   200  670.80038  145  232  540.00000 1024.41222  89.7%   482   80s
   201   203  667.87146  147  246  540.00000 1024.41222  89.7%   481   99s
   202   204  737.78827  148  259  540.00000 1024.41222  89.7%   480  100s
   211   213  724.73883  153  257  540.00000 1024.41222  89.7%   484  105s
   249   251  609.04091  181  219  540.00000 1024.41222  89.7%   475  110s
   286   288  569.57944  207  203  540.00000 1024.41222  89.7%   469  115s
   323   311     cutoff  232       540.00000 1024.41222  89.7%   455  120s
   372   346  839.47006   32  314  540.00000 1019.41238  88.8%   424  125s
H  390   358                     544.0000000 1019.41238  87.4%   412  127s
H  390   358                     546.0000000 1019.41238  86.7%   412  127s
H  390   358                     547.0000000 1019.41238  86.4%   412  132s
H  390   358                     548.0000000 1019.41238  86.0%   412  134s
   397   367  749.26285   55  288  548.00000 1019.41238  86.0%   415  136s
   430   400  712.71786   83  278  548.00000 1019.41238  86.0%   415  140s
   482   452  626.08498  128  240  548.00000 1019.41238  86.0%   407  145s
   529   496  667.85146  148  367  548.00000 1019.41238  86.0%   388  156s
   531   497  805.25279   84  368  548.00000 1019.41238  86.0%   387  160s
   532   498  935.94528   46  372  548.00000 1019.41238  86.0%   386  166s
   541   506  998.52990   13  371  548.00000 1019.41238  86.0%   392  170s
   549   511  951.67110   17  343  548.00000 1017.43503  85.7%   399  175s
   556   516 1005.57029   21  355  548.00000 1017.07658  85.6%   408  180s
   562   520  994.86146   24  340  548.00000 1017.07658  85.6%   416  185s
   569   525  918.29173   27  338  548.00000 1017.07658  85.6%   423  190s
   577   530  900.69699   31  333  548.00000 1017.07658  85.6%   429  195s
   583   534  919.20198   34  337  548.00000 1017.07658  85.6%   433  200s
   589   538  879.74253   37  311  548.00000 1017.07658  85.6%   439  205s
   598   544  942.32120   42  342  548.00000 1017.07658  85.6%   445  210s
   605   549  853.24768   45  319  548.00000 1017.07658  85.6%   451  215s
   613   554  854.09503   49  299  548.00000 1017.07658  85.6%   455  220s
   623   561  878.97154   54  324  548.00000 1017.07658  85.6%   459  225s
   631   566  829.09447   58  310  548.00000 1017.07658  85.6%   463  230s
   640   572  890.75884   63  319  548.00000 1017.07658  85.6%   467  235s
   647   577  799.68827   66  291  548.00000 1017.07658  85.6%   471  240s
   657   583  803.24655   71  293  548.00000 1017.07658  85.6%   476  245s
   667   590  818.53295   76  290  548.00000 1017.07658  85.6%   479  250s
   677   597  783.50710   81  287  548.00000 1017.07658  85.6%   483  255s
   684   601  840.71565   85  302  548.00000 1017.07658  85.6%   487  260s
   691   606  754.08548   88  275  548.00000 1017.07658  85.6%   490  265s
   699   611  762.77361   92  287  548.00000 1017.07658  85.6%   492  271s
   706   616  816.52251   96  293  548.00000 1017.07658  85.6%   494  275s
   711   619  751.19101   98  279  548.00000 1017.07658  85.6%   496  280s
   719   625  741.25249  102  270  548.00000 1017.07658  85.6%   498  285s
   721   626  756.87393  103  280  548.00000 1017.07658  85.6%   499  297s
   725   629  713.61397  105  275  548.00000 1017.07658  85.6%   501  300s
   731   633  746.78691  108  263  548.00000 1017.07658  85.6%   502  305s
   739   638  698.79500  112  255  548.00000 1017.07658  85.6%   506  310s
   747   643  710.16053  116  255  548.00000 1017.07658  85.6%   507  315s
   755   649  710.52752  120  271  548.00000 1017.07658  85.6%   509  320s
   763   654  718.75574  124  270  548.00000 1017.07658  85.6%   511  325s
   775   662  685.46350  130  245  548.00000 1017.07658  85.6%   511  330s
   784   668  717.25289  135  271  548.00000 1017.07658  85.6%   511  335s
   785   669  665.65497  135  246  548.00000 1017.07658  85.6%   511  345s
   797   677  667.46264  141  237  548.00000 1017.07658  85.6%   513  350s
   808   684  682.61964  147  260  548.00000 1017.07658  85.6%   512  355s
   827   697  637.60309  156  239  548.00000 1017.07658  85.6%   512  360s
   842   707  651.66013  164  244  548.00000 1017.07658  85.6%   511  365s
   855   715  613.55274  170  209  548.00000 1017.07658  85.6%   511  371s
   867   723  583.15233  176  229  548.00000 1017.07658  85.6%   510  375s
   878   731  622.14290  182  227  548.00000 1017.07658  85.6%   509  380s
   894   737  606.34519  190  221  548.00000 1017.07658  85.6%   507  385s
   911   742  551.97132  198  197  548.00000 1017.07658  85.6%   505  390s
   926   742  571.30558  206  221  548.00000 1017.07658  85.6%   503  395s
   947   735  943.14323   16  333  548.00000 1016.99739  85.6%   497  400s
   951   737  915.84712   18  324  548.00000 1016.99739  85.6%   498  405s
   956   741  986.47217   21  343  548.00000 1016.99739  85.6%   500  423s
   958   742  983.93371   22  348  548.00000 1016.99739  85.6%   500  425s
   964   746  972.23171   25  341  548.00000 1016.99739  85.6%   502  430s
   970   750  954.37216   28  343  548.00000 1016.99739  85.6%   503  435s
   974   753  948.58876   30  343  548.00000 1016.99739  85.6%   504  440s
   980   757  938.03210   33  336  548.00000 1016.99739  85.6%   505  445s
   985   760  879.32476   35  296  548.00000 1016.99739  85.6%   506  450s
   992   765  918.98789   39  328  548.00000 1016.99739  85.6%   507  455s
   997   768  834.61004   41  313  548.00000 1016.99739  85.6%   509  460s
  1006   774  894.94383   46  318  548.00000 1016.99739  85.6%   510  465s
  1013   779  816.41063   49  287  548.00000 1016.99739  85.6%   512  470s
  1017   781  830.83390   51  301  548.00000 1016.99739  85.6%   512  475s
  1023   785  811.66924   54  285  548.00000 1016.99739  85.6%   513  480s
  1030   790  865.26843   58  317  548.00000 1016.99739  85.6%   513  485s
  1037   795  801.42057   61  284  548.00000 1016.99739  85.6%   514  490s
  1044   799  843.30596   65  304  548.00000 1016.99739  85.6%   515  495s
  1051   804  785.90400   68  286  548.00000 1016.99739  85.6%   516  500s
  1057   808  769.11939   71  280  548.00000 1016.99739  85.6%   517  506s
  1063   812  753.03712   74  273  548.00000 1016.99739  85.6%   517  510s
  1074   819  806.15457   80  292  548.00000 1016.99739  85.6%   517  515s
  1087   828  717.83588   86  266  548.00000 1016.99739  85.6%   519  520s
  1099   836  712.63092   92  266  548.00000 1016.99739  85.6%   519  525s
  1113   845  720.76226   99  267  548.00000 1016.99739  85.6%   519  530s
  1127   855  694.36725  106  243  548.00000 1016.99739  85.6%   519  535s
  1135   860  667.28960  110  262  548.00000 1016.99739  85.6%   519  540s
  1147   868  687.29950  116  233  548.00000 1016.99739  85.6%   519  545s
  1162   878  712.50224  124  246  548.00000 1016.99739  85.6%   519  550s
  1176   887  696.31836  131  242  548.00000 1016.99739  85.6%   518  555s
  1193   899  622.64419  139  234  548.00000 1016.99739  85.6%   517  560s
  1210   910  661.73592  148  238  548.00000 1016.99739  85.6%   516  565s
  1227   921  572.30545  156  181  548.00000 1016.99739  85.6%   516  570s
  1241   931  571.54443  163  203  548.00000 1016.99739  85.6%   515  575s
  1259   941  573.47373  172  209  548.00000 1016.99739  85.6%   513  580s
  1279   949  564.37345  182  207  548.00000 1016.99739  85.6%   510  585s
  1311   948     cutoff  198       548.00000 1016.99739  85.6%   504  590s
  1330   942  977.59123   16  333  548.00000  998.78462  82.3%   499  611s
  1335   945  918.58073   18  308  548.00000  998.78462  82.3%   500  615s
  1344   951  944.99236   23  311  548.00000  998.78462  82.3%   500  620s
  1354   958  925.73252   28  320  548.00000  998.78462  82.3%   501  625s
  1363   964  852.83878   32  289  548.00000  998.78462  82.3%   502  630s
  1373   971  846.28308   37  298  548.00000  998.78462  82.3%   503  635s
  1379   975  812.18900   40  284  548.00000  998.78462  82.3%   503  640s
  1382   977  876.89896   42  300  548.00000  998.78462  82.3%   503  657s
  1387   980  824.68202   44  278  548.00000  998.78462  82.3%   504  660s
  1397   987  803.53745   49  279  548.00000  998.78462  82.3%   504  665s
  1413   997  756.49123   57  277  548.00000  998.78462  82.3%   505  670s
  1423  1004  742.49605   62  285  548.00000  998.78462  82.3%   505  675s
  1434  1011  800.95117   68  287  548.00000  998.78462  82.3%   505  680s
  1445  1019  738.65233   73  264  548.00000  998.78462  82.3%   506  685s
  1459  1028  714.25517   80  251  548.00000  998.78462  82.3%   506  690s
  1472  1037  745.54332   87  283  548.00000  998.78462  82.3%   506  695s
  1486  1046  730.36026   94  280  548.00000  998.78462  82.3%   506  700s
  1501  1056  683.59009  101  260  548.00000  998.78462  82.3%   506  705s
  1513  1064  652.17371  107  231  548.00000  998.78462  82.3%   506  710s
  1532  1077  679.08530  117  245  548.00000  998.78462  82.3%   505  715s
  1555  1092  610.33221  128  223  548.00000  998.78462  82.3%   503  720s
  1579  1108  591.69204  140  192  548.00000  998.78462  82.3%   502  725s
  1604  1125  610.32682  153  204  548.00000  998.78462  82.3%   499  730s
  1639  1134     cutoff  170       548.00000  998.78462  82.3%   495  735s
  1674  1131  908.17547   19  320  548.00000  998.73459  82.3%   489  741s
  1680  1135  932.78467   22  325  548.00000  998.73459  82.3%   490  745s
  1690  1142  893.55150   27  310  548.00000  998.73459  82.3%   491  750s
  1698  1147  888.94082   31  304  548.00000  998.73459  82.3%   494  756s
  1707  1153  912.69744   36  323  548.00000  998.73459  82.3%   495  760s
  1718  1161  810.11426   41  279  548.00000  998.73459  82.3%   496  765s
  1728  1167  841.34295   46  287  548.00000  998.73459  82.3%   497  770s
  1736  1173  802.80317   50  300  548.00000  998.73459  82.3%   497  775s
  1744  1178  774.14018   54  284  548.00000  998.73459  82.3%   498  780s
  1756  1186  771.44181   60  296  548.00000  998.73459  82.3%   500  785s
  1768  1194  752.22851   66  265  548.00000  998.73459  82.3%   500  790s
  1780  1202  753.42966   72  287  548.00000  998.73459  82.3%   501  795s
  1792  1210  750.56994   78  272  548.00000  998.73459  82.3%   502  800s
  1794  1211  726.26614   79  275  548.00000  998.73459  82.3%   502  826s
  1804  1218  728.08900   84  271  548.00000  998.73459  82.3%   502  830s
  1818  1227  728.37470   91  274  548.00000  998.73459  82.3%   503  835s
  1832  1237  695.68714   98  250  548.00000  998.73459  82.3%   503  840s
  1842  1243  684.98776  103  248  548.00000  998.73459  82.3%   503  845s
  1858  1254  679.26340  111  247  548.00000  998.73459  82.3%   503  850s
  1876  1266  667.76081  120  235  548.00000  998.73459  82.3%   503  855s
  1896  1279  640.05033  130  234  548.00000  998.73459  82.3%   502  860s
  1916  1293  619.58446  140  237  548.00000  998.73459  82.3%   501  865s
  1936  1306  560.53516  150  209  548.00000  998.73459  82.3%   500  870s
  1972  1320  571.53434  168  206  548.00000  998.73459  82.3%   497  876s
  2019  1312  865.08806   18  319  548.00000  998.51598  82.2%   491  880s
  2029  1319  852.01452   23  292  548.00000  998.51598  82.2%   492  885s
  2043  1328  800.39328   30  279  548.00000  998.51598  82.2%   492  890s
  2055  1339  776.87341   36  261  548.00000  998.51598  82.2%   493  895s
  2069  1353  771.27185   43  294  548.00000  998.51598  82.2%   493  900s
  2081  1365  734.88012   49  275  548.00000  998.51598  82.2%   494  905s
  2093  1377  733.92908   55  256  548.00000  998.51598  82.2%   494  910s
  2103  1387  719.40804   60  262  548.00000  998.51598  82.2%   494  915s
  2121  1405  717.55111   69  268  548.00000  998.51598  82.2%   494  920s
  2137  1421  671.42291   77  260  548.00000  998.51598  82.2%   494  925s
  2155  1439  660.12852   86  221  548.00000  998.51598  82.2%   494  930s
  2175  1459  640.82232   96  236  548.00000  998.51598  82.2%   494  935s
  2197  1481  624.09702  107  228  548.00000  998.51598  82.2%   493  940s
  2213  1497  619.25765  115  224  548.00000  998.51598  82.2%   492  945s
  2238  1522  613.96013  128  221  548.00000  998.51598  82.2%   491  950s
  2270  1549  582.27788  144  203  548.00000  998.51598  82.2%   489  955s
  2314  1558  948.33271   16  344  548.00000  998.51376  82.2%   484  960s
  2323  1567  958.62404   21  365  548.00000  998.51376  82.2%   485  965s
  2332  1576  885.92677   25  320  548.00000  998.51376  82.2%   486  970s
  2339  1583  926.33958   29  342  548.00000  998.51376  82.2%   486  975s
  2346  1590  843.98589   32  308  548.00000  998.51376  82.2%   487  980s
  2356  1600  803.69977   37  326  548.00000  998.51376  82.2%   488  985s
  2368  1612  815.85660   43  319  548.00000  998.51376  82.2%   489  990s
  2378  1622  832.25239   48  323  548.00000  998.51376  82.2%   490  995s
  2390  1634  800.72904   54  305  548.00000  998.51376  82.2%   490 1000s
  2406  1650  800.59842   62  300  548.00000  998.51376  82.2%   491 1005s
  2425  1669  828.35404   72  316  548.00000  998.51376  82.2%   492 1011s
  2438  1682  737.18514   78  294  548.00000  998.51376  82.2%   493 1015s
  2452  1696  733.22000   85  268  548.00000  998.51376  82.2%   494 1020s
  2466  1710  719.42987   92  270  548.00000  998.51376  82.2%   495 1025s
  2480  1724  684.12370   99  257  548.00000  998.51376  82.2%   495 1030s
  2494  1738  685.14384  106  260  548.00000  998.51376  82.2%   496 1035s
  2511  1755  728.68304  115  270  548.00000  998.51376  82.2%   496 1040s
  2524  1768  682.10680  121  247  548.00000  998.51376  82.2%   496 1045s
  2543  1787  694.84264  131  262  548.00000  998.51376  82.2%   496 1050s
  2562  1806  614.83060  140  233  548.00000  998.51376  82.2%   495 1055s
  2574  1818  617.21173  146  235  548.00000  998.51376  82.2%   495 1068s
  2582  1826  608.28385  150  236  548.00000  998.51376  82.2%   495 1070s
  2600  1844  593.74143  159  234  548.00000  998.51376  82.2%   495 1075s
  2615  1859  611.59263  167  235  548.00000  998.51376  82.2%   494 1080s
  2640  1879  550.90880  179  205  548.00000  998.51376  82.2%   493 1085s
  2696  1884  959.30979   15  359  548.00000  962.08012  75.6%   486 1090s
  2706  1894  928.61753   20  355  548.00000  962.08012  75.6%   487 1095s
  2717  1905  845.75200   25  312  548.00000  962.08012  75.6%   488 1100s
  2728  1916  886.47690   31  337  548.00000  962.08012  75.6%   489 1105s
  2740  1928  869.92225   37  328  548.00000  962.08012  75.6%   489 1110s
  2749  1937  790.56237   41  312  548.00000  962.08012  75.6%   490 1115s
  2761  1949  779.01383   47  306  548.00000  962.08012  75.6%   491 1120s
  2773  1961  747.40842   53  292  548.00000  962.08012  75.6%   491 1125s
  2787  1975  757.56283   60  280  548.00000  962.08012  75.6%   491 1130s
  2799  1987  750.62254   66  274  548.00000  962.08012  75.6%   492 1135s
  2811  1999  725.40077   72  276  548.00000  962.08012  75.6%   492 1140s
  2823  2011  728.49721   78  263  548.00000  962.08012  75.6%   492 1145s
  2834  2022  753.80063   84  284  548.00000  962.08012  75.6%   492 1150s
  2851  2039  674.37697   92  257  548.00000  962.08012  75.6%   492 1155s
  2865  2053  659.37478   99  249  548.00000  962.08012  75.6%   493 1160s
  2885  2073  644.21701  109  238  548.00000  962.08012  75.6%   493 1165s
  2903  2091  655.47329  118  250  548.00000  962.08012  75.6%   493 1170s
  2924  2112  668.32185  129  250  548.00000  962.08012  75.6%   492 1175s
  2942  2130  653.79210  138  238  548.00000  962.08012  75.6%   492 1180s
  2958  2146  624.59399  146  221  548.00000  962.08012  75.6%   491 1202s
  2969  2157  569.44195  151  187  548.00000  962.08012  75.6%   490 1205s
  2998  2180  588.24984  166  212  548.00000  962.08012  75.6%   489 1210s
  3052  2182  895.34351   17  327  548.00000  962.06845  75.6%   483 1215s
  3063  2193  867.13106   23  313  548.00000  962.06845  75.6%   483 1220s
  3075  2205  846.01484   29  311  548.00000  962.06845  75.6%   483 1225s
  3088  2218  777.66915   35  277  548.00000  962.06845  75.6%   484 1230s
  3101  2231  807.69193   42  300  548.00000  962.06845  75.6%   484 1235s
  3115  2245  782.63617   49  279  548.00000  962.06845  75.6%   484 1240s
  3127  2257  766.46490   55  286  548.00000  962.06845  75.6%   485 1245s
  3139  2269  747.62667   61  275  548.00000  962.06845  75.6%   485 1250s
  3155  2285  728.60671   69  272  548.00000  962.06845  75.6%   485 1255s
  3172  2302  643.63135   77  259  548.00000  962.06845  75.6%   485 1260s
  3189  2319  686.48751   86  258  548.00000  962.06845  75.6%   485 1265s
  3208  2338  613.40068   95  236  548.00000  962.06845  75.6%   484 1270s
  3228  2358  593.34274  105  232  548.00000  962.06845  75.6%   484 1275s
  3244  2374  578.70672  113  204  548.00000  962.06845  75.6%   484 1280s
  3266  2396  562.42302  124  207  548.00000  962.06845  75.6%   483 1285s
  3310  2404     cutoff  146       548.00000  962.06845  75.6%   480 1290s
  3349  2425  882.97163   39  314  548.00000  957.83287  74.8%   476 1295s
  3386  2462  766.57875   76  297  548.00000  957.83287  74.8%   474 1300s
  3426  2502  685.86648  114  262  548.00000  957.83287  74.8%   470 1305s
  3458  2534  627.12667  138  245  548.00000  957.83287  74.8%   469 1310s
  3496  2570  562.69490  171  221  548.00000  957.83287  74.8%   466 1315s
  3534  2592  811.45635   37  300  548.00000  952.05461  73.7%   463 1320s
  3582  2640  695.27909   83  252  548.00000  952.05461  73.7%   459 1325s
  3641  2699  583.29119  132  217  548.00000  952.05461  73.7%   455 1330s
  3687  2729  877.57015   41  330  548.00000  951.65319  73.7%   451 1335s
  3746  2788  711.66994   97  278  548.00000  951.65319  73.7%   447 1340s
  3789  2831  646.17328  136  254  548.00000  951.65319  73.7%   445 1345s
  3841  2874  560.28978  179  222  548.00000  951.65319  73.7%   442 1350s
  3871  2888  891.29301   32  333  548.00000  951.63111  73.7%   440 1401s
  3896  2913  823.52916   57  306  548.00000  951.63111  73.7%   438 1405s
  3924  2941  756.94357   85  288  548.00000  951.63111  73.7%   436 1421s
  3956  2973  652.59718  113  247  548.00000  951.63111  73.7%   435 1425s
  4002  3019  567.61828  152  220  548.00000  951.63111  73.7%   432 1430s
  4050  3051  816.85468   26  319  548.00000  951.45310  73.6%   429 1435s
  4096  3097  684.02576   72  283  548.00000  951.45310  73.6%   426 1440s
  4174  3164  882.40437   18  338  548.00000  950.88740  73.5%   421 1445s
  4190  3180  821.11349   34  322  548.00000  950.88740  73.5%   421 1450s
  4236  3226  711.07306   78  287  548.00000  950.88740  73.5%   418 1455s
  4333  3310  879.97410   20  314  548.00000  950.27968  73.4%   412 1460s
  4396  3373  686.70164   82  275  548.00000  950.27968  73.4%   409 1465s
  4473  3434  879.12869   22  312  548.00000  948.65580  73.1%   405 1470s
  4533  3494  708.22323   82  265  548.00000  948.65580  73.1%   402 1475s
  4624  3571  877.15254   19  308  548.00000  948.32429  73.1%   398 1480s
  4661  3598  888.83139   17  313  548.00000  948.21451  73.0%   396 1485s
  4731  3668  663.51800   87  248  548.00000  948.21451  73.0%   393 1490s
  4808  3735  912.68802   22  334  548.00000  947.88229  73.0%   389 1495s
  4823  3750  830.93303   29  313  548.00000  947.88229  73.0%   390 1500s
  4843  3770  768.66471   39  281  548.00000  947.88229  73.0%   391 1505s
  4868  3795  816.22855   52  301  548.00000  947.88229  73.0%   392 1510s
  4893  3820  722.35991   64  269  548.00000  947.88229  73.0%   393 1516s
  4909  3836  713.73004   72  267  548.00000  947.88229  73.0%   393 1520s
  4931  3858  708.58582   83  271  548.00000  947.88229  73.0%   394 1525s
  4955  3882  658.08522   95  241  548.00000  947.88229  73.0%   394 1530s
  4983  3910  642.82819  109  237  548.00000  947.88229  73.0%   394 1535s
  5013  3940  607.27239  124  216  548.00000  947.88229  73.0%   395 1540s
  5051  3978  552.61470  143  212  548.00000  947.88229  73.0%   394 1545s
  5085  4009     cutoff  160       548.00000  947.88229  73.0%   394 1550s
  5161  4049  756.64320   55  277  548.00000  945.06550  72.5%   391 1555s
  5256  4134  833.05081   26  304  548.00000  944.47906  72.4%   386 1560s
  5327  4195  762.71147   52  285  548.00000  944.27220  72.3%   383 1565s
  5420  4286  564.19238  138  219  548.00000  944.27220  72.3%   379 1570s
  5482  4338  742.11369   59  279  548.00000  944.26614  72.3%   377 1575s
  5540  4386  808.49820   40  309  548.00000  943.12144  72.1%   375 1580s
  5598  4444  662.43042   98  277  548.00000  943.12144  72.1%   373 1585s
  5682  4518  685.22265   34  245  548.00000  943.12129  72.1%   370 1590s
  5744  4564  611.34310   28  196  548.00000  942.23842  71.9%   368 1595s
  5848  4631  864.12485   34  304  548.00000  941.45210  71.8%   366 1600s
  5911  4684  876.17616   32  325  548.00000  940.53091  71.6%   363 1605s
  5990  4763  649.73850  111  249  548.00000  940.53091  71.6%   361 1610s
  6072  4831  682.81088   55  258  548.00000  940.52326  71.6%   358 1615s
  6121  4868  767.73180   45  291  548.00000  940.16635  71.6%   357 1620s
  6226  4963  863.65639   21  321  548.00000  939.57364  71.5%   353 1625s
  6296  5033  654.38246   86  253  548.00000  939.57364  71.5%   351 1630s
  6380  5105  825.47833   33  314  548.00000  939.57225  71.5%   349 1635s
  6464  5189  610.14466  117  234  548.00000  939.57225  71.5%   346 1640s
  6552  5260     cutoff   74       548.00000  938.30496  71.2%   344 1645s
  6600  5302  769.15666   68  292  548.00000  937.38551  71.1%   343 1650s
  6691  5393  564.19368  159  210  548.00000  937.38551  71.1%   340 1655s
  6768  5447  883.94537   22  328  548.00000  936.65973  70.9%   338 1660s
  6784  5463  811.91977   30  282  548.00000  936.65973  70.9%   339 1665s
  6802  5481  770.92495   39  285  548.00000  936.65973  70.9%   339 1670s
  6822  5501  751.95134   49  299  548.00000  936.65973  70.9%   340 1675s
  6840  5519  712.58052   58  258  548.00000  936.65973  70.9%   340 1680s
  6857  5536  742.87827   67  281  548.00000  936.65973  70.9%   341 1685s
  6882  5561  660.10156   79  222  548.00000  936.65973  70.9%   341 1690s
  6910  5589  623.03054   93  228  548.00000  936.65973  70.9%   342 1695s
  6943  5622  636.44081  110  242  548.00000  936.65973  70.9%   342 1700s
  6991  5664  590.74374  134  204  548.00000  936.65973  70.9%   342 1705s
  7045  5674  774.95261   27  289  548.00000  936.54971  70.9%   341 1710s
  7070  5699  692.06834   33  264  548.00000  936.54971  70.9%   341 1715s
  7097  5719  549.95521   42  192  548.00000  936.54971  70.9%   341 1720s
  7168  5765  734.42843   62  263  548.00000  935.60641  70.7%   340 1725s
  7269  5856  814.36540   22  290  548.00000  935.54867  70.7%   336 1730s
  7327  5906  810.25432   24  296  548.00000  935.26095  70.7%   335 1735s
  7404  5969  767.96864   55  294  548.00000  935.09139  70.6%   333 1740s
  7469  6024  844.62137   44  297  548.00000  934.24187  70.5%   332 1745s
  7539  6094  668.67282  112  245  548.00000  934.24187  70.5%   330 1750s
  7555  6110  629.31527  125  238  548.00000  934.24187  70.5%   330 1761s
  7616  6157  919.79313   21  338  548.00000  934.24162  70.5%   329 1765s
  7656  6197  741.91686   61  284  548.00000  934.24162  70.5%   328 1770s
  7765  6278  757.16766   48  290  548.00000  933.54313  70.4%   326 1775s
  7846  6359  562.08366  129  228  548.00000  933.54313  70.4%   324 1780s
  7877  6381  753.37278   43  289  548.00000  933.45514  70.3%   323 1785s
  7927  6423  808.18303   62  294  548.00000  933.24687  70.3%   322 1790s
  7999  6495  638.25867  134  242  548.00000  933.24687  70.3%   321 1795s

Cutting planes:
  Gomory: 4
  MIR: 18
  Zero half: 12

Explored 8067 nodes (2583411 simplex iterations) in 1800.01 seconds (758.70 work units)
Thread count was 1 (of 12 available processors)

Solution count 10: 548 547 546 ... 495

Time limit reached
Best objective 5.480000000000e+02, best bound 9.320000000000e+02, gap 70.0730%
