
Gurobi 12.0.2 (linux64, C++) logging started Thu Jun 19 08:00:22 2025

Set parameter LogFile to value "log/instances/scenario2/not_correlated_sc2/800/kpfs_2.txt.log"

Gurobi 12.0.2 (linux64, C++) logging started Thu Jun 19 08:01:44 2025

Set parameter LogFile to value "log/instances/scenario2/not_correlated_sc2/800/kpfs_2.txt.log"

Gurobi 12.0.2 (linux64, C++) logging started Thu Jun 19 08:02:57 2025

Set parameter LogFile to value "log/instances/scenario2/not_correlated_sc2/800/kpfs_2.txt.log"

Gurobi 12.0.2 (linux64, C++) logging started Fri Jun 20 01:50:28 2025

Set parameter WLSAccessID
Set parameter WLSSecret
Set parameter LicenseID to value 2679381
Set parameter LogFile to value "log/instances/scenario2/not_correlated_sc2/800/kpfs_2.txt.log"
Academic license 2679381 - for non-commercial use only - registered to be___@poli.ufrj.br
Set parameter TimeLimit to value 1800
Set parameter Threads to value 1
Gurobi Optimizer version 12.0.2 build v12.0.2rc0 (linux64 - "Ubuntu 24.04.1 LTS")

CPU model: 13th Gen Intel(R) Core(TM) i7-1355U, instruction set [SSE2|AVX|AVX2]
Thread count: 6 physical cores, 12 logical processors, using up to 1 threads

Non-default parameters:
TimeLimit  1800
Threads  1

Academic license 2679381 - for non-commercial use only - registered to be___@poli.ufrj.br
Optimize a model with 2402 rows, 3200 columns and 55426 nonzeros
Model fingerprint: 0x654e6e7f
Variable types: 0 continuous, 3200 integer (800 binary)
Coefficient statistics:
  Matrix range     [1e+00, 3e+01]
  Objective range  [1e+00, 3e+01]
  Bounds range     [1e+00, 4e+01]
  RHS range        [1e+00, 1e+03]
Found heuristic solution: objective 43.0000000
Presolve removed 0 rows and 39 columns
Presolve time: 0.35s
Presolved: 2402 rows, 3161 columns, 55348 nonzeros
Variable types: 0 continuous, 3161 integer (832 binary)

Root relaxation: objective 5.229926e+02, 3291 iterations, 2.69 seconds (1.23 work units)

    Nodes    |    Current Node    |     Objective Bounds      |     Work
 Expl Unexpl |  Obj  Depth IntInf | Incumbent    BestBd   Gap | It/Node Time

     0     0  522.99262    0  326   43.00000  522.99262  1116%     -    3s
H    0     0                      53.0000000  522.99262   887%     -    3s
H    0     0                      61.0000000  522.99262   757%     -    3s
H    0     0                      74.0000000  522.99262   607%     -    3s
H    0     0                      81.0000000  522.99262   546%     -    3s
H    0     0                     101.0000000  522.99262   418%     -    3s
H    0     0                     105.0000000  522.99262   398%     -    3s
H    0     0                     106.0000000  522.99262   393%     -    4s
H    0     0                     128.0000000  522.99262   309%     -    4s
H    0     0                     130.0000000  522.99262   302%     -    4s
H    0     0                     132.0000000  522.99262   296%     -    5s
H    0     0                     139.0000000  522.99262   276%     -    5s
H    0     0                     162.0000000  522.99262   223%     -    6s
     0     0  522.42545    0  324  162.00000  522.42545   222%     -    8s
H    0     0                     164.0000000  522.42261   219%     -    9s
     0     0  522.40704    0  320  164.00000  522.40704   219%     -   16s
     0     0  522.13312    0  328  164.00000  522.13312   218%     -   19s
     0     0  522.05104    0  329  164.00000  522.05104   218%     -   19s
     0     0  522.02390    0  325  164.00000  522.02390   218%     -   20s
     0     2  521.74605    0  325  164.00000  521.74605   218%     -   27s
     2     4  377.70885    1  240  164.00000  519.59681   217%  2680   31s
    13    15  507.65953   11  320  164.00000  518.11404   216%   754   35s
    41    43  486.84213   39  293  164.00000  518.11404   216%   371   40s
    60    62  336.55247   56  196  164.00000  518.11404   216%   374   45s
    83    85  457.91367   78  280  164.00000  518.11404   216%   337   50s
   124   126  431.77213  119  272  164.00000  518.11404   216%   278   55s
   161   163  315.08050  153  193  164.00000  518.11404   216%   277   60s
   218   220  221.02641  206  140  164.00000  518.11404   216%   287   65s
   250   252  345.87332  237  229  164.00000  518.11404   216%   288   70s
   288   290  320.29044  272  209  164.00000  518.11404   216%   295   75s
   315   317  300.70310  298  202  164.00000  518.11404   216%   293   80s
   369   371  269.28904  349  180  164.00000  518.11404   216%   287   85s
   426   428  165.73830  404   96  164.00000  518.11404   216%   276   90s
   468   464  208.35492  443  166  164.00000  518.11404   216%   269   96s
   534   522  169.76662  505  130  164.00000  518.11404   216%   254  100s
   550   532  366.03773    3  230  164.00000  515.63366   214%   254  120s
   552   533  241.51770  397  325  164.00000  515.63366   214%   253  128s
   554   534  291.24649  316  326  164.00000  515.63366   214%   252  134s
   555   535  438.15515  108  324  164.00000  515.63366   214%   252  144s
   557   536  391.78980  173  325  164.00000  515.63366   214%   251  145s
   559   538  295.37387  191  325  164.00000  515.61900   214%   250  155s
   562   542  515.61900   16  327  164.00000  515.61900   214%   265  160s
   566   544  513.04028   18  322  164.00000  514.69325   214%   271  165s
   571   548  387.88929   20  227  164.00000  511.33360   212%   285  170s
   576   551  505.45574   23  326  164.00000  508.84858   210%   291  175s
   579   553  342.66329   24  207  164.00000  504.47359   208%   298  180s
   585   557  345.28250   27  204  164.00000  502.21714   206%   306  186s
   591   561  405.68324   30  246  164.00000  498.75713   204%   315  190s
   599   566  301.84491   34  163  164.00000  495.20569   202%   325  195s
   605   570  349.31372   37  215  164.00000  492.11236   200%   333  201s
   609   573  363.66171   39  204  164.00000  490.70351   199%   337  205s
   613   576  326.52039   41  185  164.00000  489.28230   198%   343  210s
   619   580  324.97260   44  202  164.00000  487.23668   197%   348  215s
   624   583  484.03849   47  309  164.00000  485.27560   196%   354  220s
   629   586  344.35263   49  198  164.00000  481.03776   193%   361  225s
   635   590  361.11676   52  220  164.00000  479.23911   192%   368  231s
   639   593  380.80646   54  209  164.00000  477.46113   191%   372  235s
   645   597  356.17840   57  209  164.00000  475.10137   190%   378  240s
   649   600  359.24896   59  214  164.00000  473.27984   189%   383  245s
   656   604  470.59693   63  293  164.00000  471.06234   187%   387  250s
   662   608  466.98300   66  298  164.00000  468.45961   186%   394  255s
   667   612  338.06587   68  203  164.00000  464.83387   183%   400  260s
   672   615  460.37268   71  296  164.00000  462.44713   182%   406  265s
   677   618  300.04505   73  171  164.00000  456.83274   179%   412  270s
   685   624  317.78422   77  179  164.00000  454.92093   177%   419  275s
   691   628  317.41843   80  208  164.00000  452.24460   176%   425  280s
   697   632  334.25146   83  200  164.00000  448.84940   174%   431  285s
   704   636  446.15221   87  294  164.00000  447.03828   173%   434  290s
   711   641  319.84715   90  185  164.00000  442.18349   170%   441  296s
   717   645  296.83316   93  174  164.00000  439.68823   168%   446  300s
   721   648  318.42924   95  204  164.00000  438.61185   167%   450  305s
   725   650  299.57515   97  170  164.00000  436.48068   166%   455  315s
   730   654  433.40595  100  287  164.00000  435.12387   165%   459  320s
   736   658  431.85792  103  283  164.00000  432.34870   164%   463  325s
   742   662  428.92997  106  282  164.00000  430.44743   162%   467  330s
   747   665  262.06588  108  173  164.00000  427.31961   161%   472  335s
   752   668  425.87649  111  285  164.00000  426.08205   160%   474  340s
   759   673  291.57005  114  195  164.00000  424.68417   159%   479  345s
   766   678  422.20888  118  284  164.00000  422.31567   158%   482  350s
   772   682  420.38336  121  274  164.00000  420.70021   157%   484  355s
   777   685  330.33557  123  172  164.00000  418.04676   155%   489  360s
   782   688  416.55015  126  275  164.00000  416.93845   154%   490  365s
   787   692  280.26159  128  170  164.00000  414.32907   153%   495  370s
   793   696  293.11762  131  145  164.00000  411.30736   151%   497  376s
   799   700  298.52648  134  165  164.00000  409.54950   150%   500  380s
   804   703  406.17539  137  285  164.00000  407.22672   148%   502  385s
   810   707  403.80800  140  281  164.00000  405.67497   147%   506  390s
   817   712  305.02404  143  187  164.00000  405.67497   147%   511  396s
   825   717  270.71684  147  168  164.00000  405.67497   147%   513  400s
   833   722  284.11379  151  169  164.00000  405.67497   147%   516  405s
   839   726  237.13180  154  146  164.00000  405.67497   147%   518  411s
   845   730  256.24567  157  156  164.00000  405.67497   147%   520  417s
   849   733  265.83793  159  173  164.00000  405.67497   147%   521  420s
   857   738  227.75135  163  135  164.00000  405.67497   147%   523  425s
   863   742  297.47569  166  194  164.00000  405.67497   147%   525  430s
   869   746  231.20647  169  136  164.00000  405.67497   147%   526  435s
   877   752  266.50752  173  164  164.00000  405.67497   147%   528  440s
   884   756  376.63978  177  256  164.00000  405.67497   147%   529  445s
   894   763  372.90345  182  261  164.00000  405.67497   147%   532  450s
   901   768  262.32773  185  162  164.00000  405.67497   147%   535  455s
   909   773  278.66542  189  155  164.00000  405.67497   147%   537  460s
   917   778  242.15707  193  148  164.00000  405.67497   147%   539  465s
   923   782  263.53191  196  155  164.00000  405.67497   147%   540  472s
   926   784  360.42632  198  250  164.00000  405.67497   147%   540  475s
   934   790  357.49961  202  248  164.00000  405.67497   147%   541  480s
   941   794  264.63976  205  167  164.00000  405.67497   147%   543  491s
   948   799  353.27647  209  247  164.00000  405.67497   147%   544  495s
   956   804  349.13911  213  250  164.00000  405.67497   147%   546  500s
   965   810  229.48901  217  155  164.00000  405.67497   147%   548  505s
   973   816  241.56460  221  151  164.00000  405.67497   147%   549  510s
   981   821  218.66932  225  135  164.00000  405.67497   147%   550  515s
   989   826  242.65095  229  146  164.00000  405.67497   147%   551  520s
   999   833  212.42681  234  150  164.00000  405.67497   147%   552  525s
  1003   836  190.69423  236  125  164.00000  405.67497   147%   553  530s
  1011   841  221.26810  240  135  164.00000  405.67497   147%   554  535s
  1019   846  212.16452  244  139  164.00000  405.67497   147%   555  540s
  1026   851  324.82628  248  247  164.00000  405.67497   147%   556  545s
  1034   856  321.69186  252  254  164.00000  405.67497   147%   557  550s
  1040   860  319.50178  255  248  164.00000  405.67497   147%   562  555s
  1049   866  228.26536  259  146  164.00000  405.67497   147%   564  560s
  1059   873  209.23866  264  139  164.00000  405.67497   147%   565  565s
  1067   878  189.88469  268  111  164.00000  405.67497   147%   566  570s
  1073   882  177.01690  271  128  164.00000  405.67497   147%   567  575s
  1079   886  208.81706  274  133  164.00000  405.67497   147%   567  584s
  1081   888  173.67473  275  129  164.00000  405.67497   147%   568  585s
  1089   891  189.20528  279  119  164.00000  405.67497   147%   568  590s
  1099   897  219.71531  284  132  164.00000  405.67497   147%   569  595s
  1108   901  293.31855  289  233  164.00000  405.67497   147%   569  600s
  1117   907  198.57949  293  116  164.00000  405.67497   147%   570  605s
  1126   913  288.24801  298  226  164.00000  405.67497   147%   570  610s
  1136   917  285.91533  303  219  164.00000  405.67497   147%   570  615s
  1147   923  166.65345  308  102  164.00000  405.67497   147%   571  620s
  1157   929  174.47338  313  109  164.00000  405.67497   147%   571  625s
  1167   933  168.99299  318  111  164.00000  405.67497   147%   571  630s
  1175   938  187.65002  322  117  164.00000  405.67497   147%   572  635s
  1189   942     cutoff  329       164.00000  405.67497   147%   572  641s
  1203   943  194.27078  336  126  164.00000  405.67497   147%   571  645s
  1220   950  259.18186  345  215  164.00000  405.67497   147%   570  650s
  1230   951  255.95388  350  210  164.00000  405.67497   147%   570  656s
  1241   946     cutoff  355       164.00000  405.67497   147%   570  660s
  1254   945  247.31311  362  204  164.00000  405.67497   147%   568  665s
  1271   940     cutoff  370       164.00000  405.67497   147%   566  670s
  1287   935     cutoff  378       164.00000  405.67497   147%   564  675s
  1306   930  234.30961  388  185  164.00000  405.67497   147%   561  680s
  1331   920     cutoff  400       164.00000  405.67497   147%   557  685s
  1353   913     cutoff  411       164.00000  405.67497   147%   553  690s
  1379   904     cutoff  424       164.00000  405.67497   147%   548  695s
  1402   898  200.09298  436  183  164.00000  405.67497   147%   543  700s
  1429   888     cutoff  449       164.00000  405.67497   147%   537  705s
  1459   878     cutoff  464       164.00000  405.67497   147%   529  710s
  1501   864     cutoff  485       164.00000  405.67497   147%   518  715s
  1551   852  284.34321   34  176  164.00000  405.62352   147%   506  720s
  1557   856  281.86428   37  168  164.00000  405.62352   147%   506  737s
  1558   857  389.14303   38  253  164.00000  405.62352   147%   506  771s
  1563   860  311.25797   40  179  164.00000  405.62352   147%   506  775s
  1573   867  267.17264   45  161  164.00000  405.62352   147%   507  780s
  1581   872  260.98084   49  158  164.00000  405.62352   147%   508  785s
  1591   879  244.13525   54  154  164.00000  405.62352   147%   508  790s
  1603   887  235.63433   60  152  164.00000  405.62352   147%   509  795s
  1615   895  274.18265   66  170  164.00000  405.62352   147%   509  800s
  1626   902  341.44120   72  223  164.00000  405.62352   147%   510  805s
  1637   909  236.39128   77  160  164.00000  405.62352   147%   510  810s
  1654   921  322.76854   86  224  164.00000  405.62352   147%   510  815s
  1673   933  214.85837   95  145  164.00000  405.62352   147%   511  820s
  1697   949  209.04815  107  140  164.00000  405.62352   147%   510  825s
  1717   961  208.54139  117  135  164.00000  405.62352   147%   510  830s
  1745   974  180.90775  131  116  164.00000  405.62352   147%   509  835s
  1763   983  165.54549  140  103  164.00000  405.62352   147%   509  840s
  1783   997  171.69622  150  104  164.00000  405.62352   147%   508  845s
  1803  1001     cutoff  160       164.00000  405.62352   147%   507  850s
  1829   998     cutoff  173       164.00000  405.62352   147%   505  855s
  1855   997     cutoff  186       164.00000  405.62352   147%   503  860s
  1893   986     cutoff  205       164.00000  405.62352   147%   498  865s
  1942   971  203.74571  230  155  164.00000  405.62352   147%   491  870s
  2004   950  177.93254  261  133  164.00000  405.62352   147%   480  875s
  2072   932     cutoff   38       164.00000  391.40719   139%   468  880s
  2104   933     cutoff   54       164.00000  391.40719   139%   464  885s
  2204   911  247.84532   21  160  164.00000  391.29411   139%   448  890s
  2214   921  266.79869   26  171  164.00000  391.29411   139%   449  895s
  2223   930  372.36440   31  233  164.00000  391.29411   139%   449  900s
  2233   940  359.25142   36  239  164.00000  391.29411   139%   450  905s
  2241   948  356.15877   40  241  164.00000  391.29411   139%   450  910s
  2254   961  234.54197   46  165  164.00000  391.29411   139%   452  915s
  2266   973  244.77849   52  148  164.00000  391.29411   139%   453  920s
  2282   989  225.18546   60  145  164.00000  391.29411   139%   454  925s
  2296  1003  216.40238   67  145  164.00000  391.29411   139%   455  930s
  2310  1017  229.00657   74  145  164.00000  391.29411   139%   455  935s
  2324  1031  224.13476   81  152  164.00000  391.29411   139%   456  940s
  2348  1055  201.87411   93  139  164.00000  391.29411   139%   456  945s
  2374  1081  190.85156  106  134  164.00000  391.29411   139%   457  950s
  2390  1097  208.21510  114  141  164.00000  391.29411   139%   457  955s
  2406  1113  194.80021  122  129  164.00000  391.29411   139%   457  960s
  2421  1123  274.29793  130  213  164.00000  391.29411   139%   457  965s
  2438  1139  181.81915  138  139  164.00000  391.29411   139%   457  970s
  2452  1150  165.92181  145  103  164.00000  391.29411   139%   457  975s
  2470  1161  177.83803  154  118  164.00000  391.29411   139%   457  980s
  2490  1168     cutoff  164       164.00000  391.29411   139%   456  985s
  2511  1172  237.49865  175  198  164.00000  391.29411   139%   456  990s
  2530  1176  171.69515  184  119  164.00000  391.29411   139%   455  995s
  2556  1179  175.69901  197  122  164.00000  391.29411   139%   454 1000s
  2586  1179     cutoff  212       164.00000  391.29411   139%   451 1005s
  2618  1179     cutoff  228       164.00000  391.29411   139%   449 1010s
  2666  1179     cutoff  252       164.00000  391.29411   139%   444 1015s
  2765  1178  271.30908   20  189  164.00000  389.43802   137%   431 1020s
  2787  1196     cutoff   31       164.00000  389.43802   137%   430 1025s
  2863  1204     cutoff   69       164.00000  389.43802   137%   424 1030s
  2930  1208  379.52017   25  221  164.00000  389.34164   137%   416 1035s
  2937  1215  263.48819   28  156  164.00000  389.34164   137%   417 1040s
  2947  1225  236.03859   33  135  164.00000  389.34164   137%   417 1045s
  2958  1236  353.48137   39  201  164.00000  389.34164   137%   418 1103s
  2963  1241  240.79413   41  139  164.00000  389.34164   137%   418 1106s
  2976  1254  341.70627   48  210  164.00000  389.34164   137%   418 1110s
  2992  1270  331.12253   56  214  164.00000  389.34164   137%   419 1115s
  3007  1285  203.06148   63  125  164.00000  389.34164   137%   419 1120s
  3023  1301  216.65665   71  148  164.00000  389.34164   137%   420 1125s
  3039  1317  205.45837   79  112  164.00000  389.34164   137%   420 1130s
  3057  1335  191.64950   88  118  164.00000  389.34164   137%   420 1135s
  3073  1350  204.02250   96  129  164.00000  389.34164   137%   420 1140s
  3094  1366  275.84156  107  199  164.00000  389.34164   137%   420 1145s
  3113  1383     cutoff  116       164.00000  389.34164   137%   420 1150s
  3143  1389     cutoff  131       164.00000  389.34164   137%   419 1155s
  3171  1400  171.46534  145   97  164.00000  389.34164   137%   419 1160s
  3211  1401     cutoff  165       164.00000  389.34164   137%   416 1165s
  3263  1401     cutoff  191       164.00000  389.34164   137%   413 1170s
  3350  1402  170.86374  235  124  164.00000  389.34164   137%   405 1175s
  3384  1410  286.77565   37  194  164.00000  389.30668   137%   403 1180s
  3404  1430  246.03887   47  173  164.00000  389.30668   137%   404 1185s
  3426  1452  239.48560   58  146  164.00000  389.30668   137%   405 1190s
  3440  1466  202.29453   65  139  164.00000  389.30668   137%   405 1195s
  3456  1482  219.94105   73  158  164.00000  389.30668   137%   406 1200s
  3470  1496  218.96118   80  156  164.00000  389.30668   137%   406 1205s
  3486  1512  200.77850   88  104  164.00000  389.30668   137%   407 1210s
  3502  1528  217.11043   96  148  164.00000  389.30668   137%   407 1215s
  3521  1547  288.73881  106  193  164.00000  389.30668   137%   407 1220s
  3538  1560  178.83323  114  121  164.00000  389.30668   137%   408 1225s
  3560  1580  173.58694  125  125  164.00000  389.30668   137%   408 1230s
  3584  1594  180.27031  137  150  164.00000  389.30668   137%   407 1235s
  3605  1603  248.97196  148  178  164.00000  389.30668   137%   407 1240s
  3656  1612     cutoff  173       164.00000  389.30668   137%   406 1245s
  3698  1613     cutoff  194       164.00000  389.30668   137%   404 1250s
  3757  1614  192.36062  224  145  164.00000  389.30668   137%   400 1255s
  3843  1618     cutoff   37       164.00000  388.87422   137%   394 1260s
  3936  1620  280.79390   22  140  164.00000  387.86842   137%   387 1265s
  4020  1692  363.12194   32  227  164.00000  387.60592   136%   381 1270s
  4081  1753  285.76133   93  196  164.00000  387.60592   136%   377 1275s
  4198  1870  184.24006  210  131  164.00000  387.60592   136%   368 1280s
  4292  1945  377.61980   27  237  164.00000  386.88681   136%   362 1285s
  4329  1982  315.15008   64  206  164.00000  386.88681   136%   360 1290s
  4420  2073  225.22821  155  173  164.00000  386.88681   136%   355 1295s
  4542  2181  195.41918   57  133  164.00000  385.29132   135%   347 1300s
  4628  2261  197.11579   81  145  164.00000  385.05197   135%   342 1305s
  4724  2340  287.36788   24  158  164.00000  381.08292   132%   337 1310s
  4834  2431  339.17530   76  197  164.00000  380.78797   132%   331 1315s
  4971  2568  201.95874  213  141  164.00000  380.78797   132%   325 1320s
  5051  2629     cutoff   65       164.00000  380.20513   132%   321 1325s
  5130  2633  169.35392  105  111  164.00000  380.20513   132%   318 1330s
  5214  2684  284.43535   72  178  164.00000  378.36733   131%   314 1335s
  5301  2758  370.63310   39  208  164.00000  378.30449   131%   311 1340s
  5355  2803  203.16085   52  150  164.00000  378.22640   131%   309 1345s
  5462  2870  376.55343   16  238  164.00000  377.61180   130%   304 1350s
  5485  2893  255.22439   39  154  164.00000  377.61180   130%   304 1355s
  5580  2956  232.09932   22  154  164.00000  377.38793   130%   300 1360s
  5675  3016  253.02205   38  154  164.00000  376.68635   130%   296 1365s
  5808  3127  234.03734   18  163  164.00000  376.40097   130%   291 1370s
  5862  3172  170.29321   56  103  164.00000  376.35425   129%   290 1375s
  5963  3247  210.41712   78  110  164.00000  375.80859   129%   286 1380s
  6031  3280     cutoff   50       164.00000  375.75487   129%   285 1385s
  6226  3362  175.54644   66   83  164.00000  374.55706   128%   278 1390s
  6337  3447  249.63141   19  159  164.00000  373.37872   128%   275 1395s
  6452  3543  165.57253   87  114  164.00000  373.12741   128%   271 1400s
  6533  3607  168.50734   78  113  164.00000  372.31799   127%   269 1405s
  6567  3623  355.85531   57  209  164.00000  371.91271   127%   268 1420s
  6614  3670  289.24523  104  191  164.00000  371.91271   127%   267 1425s
  6802  3833     cutoff   33       164.00000  371.34552   126%   262 1430s
  6888  3860  172.79167   44   77  164.00000  371.32275   126%   260 1435s
  7001  3954  170.79234   89  121  164.00000  371.07389   126%   257 1440s
  7058  3990  183.36260   63   93  164.00000  370.58171   126%   257 1445s
  7112  4021  166.28571   90   97  164.00000  370.58171   126%   257 1450s
  7242  4051  208.06247   71  143  164.00000  370.30044   126%   254 1455s
  7418  4197  365.38996   76  230  164.00000  369.39028   125%   249 1460s
  7498  4256  204.87733   47  146  164.00000  369.25619   125%   248 1465s
  7666  4396  284.44360   24  173  164.00000  368.10489   124%   244 1470s
  7786  4452  282.38422   66  165  164.00000  368.04337   124%   241 1475s
  7998  4616  258.14082   30  159  164.00000  366.66716   124%   237 1480s
  8130  4723  180.81592   39  132  164.00000  366.00390   123%   235 1485s
  8245  4741  259.92053   65  155  164.00000  365.67821   123%   233 1490s
  8344  4811  218.21360   94  132  164.00000  365.27126   123%   232 1495s
  8457  4894  269.50046   42  159  164.00000  364.76907   122%   230 1500s
  8467  4902  169.88306   51  102  164.00000  364.76907   122%   229 1516s
  8499  4919  361.18776   66  222  164.00000  364.25463   122%   229 1520s
  8615  5001  219.97376   40  131  164.00000  363.65594   122%   227 1525s
  8734  5094  223.15092   23  140  164.00000  363.47587   122%   225 1530s
  8857  5201  169.42670  138  109  164.00000  363.07466   121%   223 1535s
  8920  5240  254.30050   40  139  164.00000  362.89024   121%   222 1540s
  9072  5312  246.12009   38  167  164.00000  361.38702   120%   220 1545s
  9202  5405  209.66806   94  131  164.00000  361.15159   120%   218 1550s
  9283  5468  313.56723   79  211  164.00000  361.06745   120%   217 1555s
  9344  5529  243.71410  140  176  164.00000  361.06745   120%   216 1560s
  9452  5637  166.68256  248  131  164.00000  361.06745   120%   215 1565s
  9543  5665  193.29169   69  115  164.00000  361.01208   120%   214 1570s
  9653  5724  228.62539   95  157  164.00000  360.90140   120%   212 1575s
  9781  5821  253.46783   66  148  164.00000  360.62382   120%   211 1580s
  9914  5931  256.66101   25  163  164.00000  360.53459   120%   209 1585s
 10006  6000  229.64524   48  136  164.00000  360.50835   120%   208 1590s
 10100  6064  349.49601   63  211  164.00000  359.60750   119%   207 1595s
 10127  6091  257.74669   76  162  164.00000  359.60750   119%   207 1600s
 10154  6118  314.13176   90  201  164.00000  359.60750   119%   208 1605s
 10179  6141  231.08609  102  147  164.00000  359.60750   119%   209 1610s

Cutting planes:
  Gomory: 7

Explored 10202 nodes (2139048 simplex iterations) in 1800.09 seconds (823.16 work units)
Thread count was 1 (of 12 available processors)

Solution count 10: 164 162 139 ... 81

Time limit reached
Best objective 1.640000000000e+02, best bound 3.590000000000e+02, gap 118.9024%
