
Gurobi 12.0.2 (linux64, C++) logging started Thu Jun 19 08:00:19 2025

Set parameter LogFile to value "log/instances/scenario2/fully_correlated_sc2/300/kpfs_3.txt.log"

Gurobi 12.0.2 (linux64, C++) logging started Thu Jun 19 08:01:42 2025

Set parameter LogFile to value "log/instances/scenario2/fully_correlated_sc2/300/kpfs_3.txt.log"

Gurobi 12.0.2 (linux64, C++) logging started Thu Jun 19 08:02:53 2025

Set parameter LogFile to value "log/instances/scenario2/fully_correlated_sc2/300/kpfs_3.txt.log"

Gurobi 12.0.2 (linux64, C++) logging started Thu Jun 19 08:03:57 2025

Set parameter LogFile to value "log/instances/scenario2/fully_correlated_sc2/300/kpfs_3.txt.log"

Gurobi 12.0.2 (linux64, C++) logging started Thu Jun 19 14:07:20 2025

Set parameter WLSAccessID
Set parameter WLSSecret
Set parameter LicenseID to value 2679381
Set parameter LogFile to value "log/instances/scenario2/fully_correlated_sc2/300/kpfs_3.txt.log"
Academic license 2679381 - for non-commercial use only - registered to be___@poli.ufrj.br
Set parameter TimeLimit to value 1800
Set parameter Threads to value 1
Gurobi Optimizer version 12.0.2 build v12.0.2rc0 (linux64 - "Ubuntu 24.04.1 LTS")

CPU model: 13th Gen Intel(R) Core(TM) i7-1355U, instruction set [SSE2|AVX|AVX2]
Thread count: 6 physical cores, 12 logical processors, using up to 1 threads

Non-default parameters:
TimeLimit  1800
Threads  1

Academic license 2679381 - for non-commercial use only - registered to be___@poli.ufrj.br
Optimize a model with 902 rows, 1200 columns and 9724 nonzeros
Model fingerprint: 0x522f0210
Variable types: 0 continuous, 1200 integer (300 binary)
Coefficient statistics:
  Matrix range     [1e+00, 3e+01]
  Objective range  [4e+00, 4e+01]
  Bounds range     [1e+00, 1e+01]
  RHS range        [1e+00, 5e+02]
Found heuristic solution: objective 148.0000000
Presolve removed 1 rows and 63 columns
Presolve time: 0.16s
Presolved: 901 rows, 1137 columns, 9596 nonzeros
Variable types: 0 continuous, 1137 integer (300 binary)

Root relaxation: objective 7.056735e+02, 1583 iterations, 0.56 seconds (0.23 work units)

    Nodes    |    Current Node    |     Objective Bounds      |     Work
 Expl Unexpl |  Obj  Depth IntInf | Incumbent    BestBd   Gap | It/Node Time

     0     0  705.67352    0  207  148.00000  705.67352   377%     -    0s
H    0     0                     160.0000000  705.67352   341%     -    0s
H    0     0                     175.0000000  705.67352   303%     -    1s
H    0     0                     255.0000000  705.67352   177%     -    1s
H    0     0                     258.0000000  705.67352   174%     -    1s
H    0     0                     282.0000000  705.67352   150%     -    1s
     0     0  704.97186    0  211  282.00000  704.97186   150%     -    1s
H    0     0                     293.0000000  704.95459   141%     -    2s
H    0     0                     300.0000000  704.95459   135%     -    2s
H    0     0                     315.0000000  704.95459   124%     -    2s
H    0     0                     324.0000000  704.95459   118%     -    3s
H    0     0                     349.0000000  704.95459   102%     -    3s
     0     0  704.63428    0  210  349.00000  704.63428   102%     -    3s
     0     0  704.51452    0  203  349.00000  704.51452   102%     -    4s
     0     0  704.48283    0  206  349.00000  704.48283   102%     -    4s
     0     0  704.47638    0  204  349.00000  704.47638   102%     -    4s
     0     0  704.36526    0  205  349.00000  704.36526   102%     -    5s
     0     0  704.35895    0  208  349.00000  704.35895   102%     -    5s
     0     0  704.35656    0  208  349.00000  704.35656   102%     -    6s
     0     0  704.32859    0  204  349.00000  704.32859   102%     -    6s
     0     0  704.32658    0  204  349.00000  704.32658   102%     -    6s
     0     0  704.31403    0  209  349.00000  704.31403   102%     -    7s
H    0     0                     366.0000000  704.31001  92.4%     -    7s
H    0     0                     369.0000000  704.31001  90.9%     -    7s
     0     0  704.30791    0  211  369.00000  704.30791  90.9%     -    7s
     0     0  704.28797    0  207  369.00000  704.28797  90.9%     -    7s
     0     0  704.28081    0  206  369.00000  704.28081  90.9%     -    7s
     0     0  704.28081    0  207  369.00000  704.28081  90.9%     -    7s
     0     0  704.27400    0  206  369.00000  704.27400  90.9%     -    8s
     0     2  704.27142    0  206  369.00000  704.27142  90.9%     -    9s
     2     4  651.72650    1  186  369.00000  703.85705  90.7%   540   10s
H   27    27                     377.0000000  702.09242  86.2%   276   13s
H   27    27                     382.0000000  702.09242  83.8%   276   13s
H   27    27                     384.0000000  702.09242  82.8%   276   13s
    73    75  650.73752   60  178  384.00000  702.09242  82.8%   199   15s
H  156   156                     390.0000000  702.09242  80.0%   179   18s
H  156   156                     400.0000000  702.09242  75.5%   179   18s
H  157   157                     405.0000000  702.09242  73.4%   179   19s
H  157   157                     410.0000000  702.09242  71.2%   179   19s
H  157   157                     414.0000000  702.09242  69.6%   179   19s
H  182   182                     418.0000000  702.09242  68.0%   176   20s
H  182   182                     419.0000000  702.09242  67.6%   176   21s
H  182   182                     422.0000000  702.09242  66.4%   176   22s
   210   212  495.41877  164  131  422.00000  702.09242  66.4%   172   25s
   324   314  569.65971   39  207  422.00000  701.46220  66.2%   160   30s
   529   500  579.22209   28  206  422.00000  698.98991  65.6%   160   35s
   538   508  698.98991   14  217  422.00000  698.98991  65.6%   164   40s
   565   526  620.97416   27  185  422.00000  680.17121  61.2%   179   45s
   597   547  616.56875   43  189  422.00000  668.76393  58.5%   191   50s
   629   569  584.01991   59  197  422.00000  668.76393  58.5%   200   55s
   653   585  587.96769   71  181  422.00000  668.76393  58.5%   204   60s
   697   614  514.76046   93  166  422.00000  668.76393  58.5%   209   65s
   774   651  454.06064  132  161  422.00000  668.76393  58.5%   213   70s
   830   659  602.45066   30  171  422.00000  668.71436  58.5%   212   75s
H  872   645                     439.0000000  668.71436  52.3%   215   81s
H  872   613                     455.0000000  668.71436  47.0%   215   81s
H  872   587                     460.0000000  668.71436  45.4%   215   81s
H  872   561                     462.0000000  668.71436  44.7%   215   82s
   896   579  508.34568   63  182  462.00000  668.71436  44.7%   216   85s
   933   603  512.41455   82  182  462.00000  668.71436  44.7%   218   90s
   974   610  602.67356   22  176  462.00000  660.26051  42.9%   216   95s
  1033   649  504.94195   51  186  462.00000  660.26051  42.9%   218  100s
  1104   662  601.12573   20  177  462.00000  660.22847  42.9%   215  105s
  1132   681  583.05085   34  187  462.00000  660.22847  42.9%   218  110s
  1184   716  532.13431   60  174  462.00000  660.22847  42.9%   220  118s
  1210   733  487.78214   73  179  462.00000  660.22847  42.9%   221  120s
  1311   765  527.93599   35  160  462.00000  659.33175  42.7%   221  126s
  1357   796  497.41969   58  178  462.00000  659.33175  42.7%   221  130s
  1434   807  609.81240   27  177  462.00000  659.12859  42.7%   219  135s
  1474   834  547.04452   47  184  462.00000  659.12859  42.7%   221  140s
  1514   861  513.54176   67  184  462.00000  659.12859  42.7%   222  145s
  1542   879  482.75169   81  168  462.00000  659.12859  42.7%   222  150s
  1627   879  558.36032   27  165  462.00000  656.69446  42.1%   220  155s
  1675   911  491.88670   51  186  462.00000  656.69446  42.1%   221  160s
  1758   919  596.36580   16  173  462.00000  656.49870  42.1%   219  165s
  1812   973  510.52300   43  178  462.00000  656.49870  42.1%   220  170s
  1924  1050  589.85602   24  184  462.00000  652.51844  41.2%   218  175s
  1975  1101  479.62636   65  170  462.00000  652.51844  41.2%   216  184s
  1998  1114  648.30347   26  193  462.00000  652.49437  41.2%   214  185s
  2184  1270  471.41744   87  168  462.00000  651.24287  41.0%   208  190s
  2379  1424  597.38732   23  187  462.00000  649.20072  40.5%   200  195s
  2520  1552  470.78892   86  175  462.00000  649.14322  40.5%   196  200s
  2742  1737  494.99192   56  171  462.00000  648.18390  40.3%   191  205s
  2927  1870  535.87845   67  186  462.00000  646.87026  40.0%   186  210s
  3098  2004  469.98579   59  175  462.00000  645.23037  39.7%   182  215s
  3459  2274  616.83794   27  189  462.00000  644.52635  39.5%   174  220s
  3577  2379  506.60230   54  190  462.00000  644.44855  39.5%   172  225s
  3742  2511  535.43338   32  183  462.00000  642.73159  39.1%   169  230s
  3893  2613  530.90642   45  196  462.00000  642.36284  39.0%   169  235s
  4148  2803  540.54818   45  195  462.00000  640.41267  38.6%   165  240s
  4411  3013  635.94770   23  186  462.00000  638.73496  38.3%   161  245s
  4639  3170  597.68834   34  184  462.00000  637.28493  37.9%   158  250s
  4714  3234  478.76776   72  176  462.00000  637.28493  37.9%   160  255s
  5052  3483  486.46670   69  188  462.00000  636.15233  37.7%   156  260s
  5141  3554  495.40111   56  178  462.00000  635.62372  37.6%   155  266s
  5288  3666  582.47291   26  175  462.00000  634.79859  37.4%   154  270s
  5502  3836  567.90035   47  190  462.00000  633.96062  37.2%   152  275s
  5632  3916  588.25005   27  177  462.00000  633.21359  37.1%   152  280s
  5827  4075  474.44812   60  169  462.00000  632.76971  37.0%   151  285s
  6064  4244  608.68103   42  170  462.00000  631.92436  36.8%   149  290s
  6248  4385  595.26439   32  150  462.00000  630.74391  36.5%   148  295s
  6394  4504  544.81322   40  181  462.00000  630.65688  36.5%   147  300s
  6625  4680  517.16144   58  175  462.00000  629.96450  36.4%   146  305s
  6883  4868     cutoff   43       462.00000  628.90998  36.1%   145  310s
  7099  5038  500.46154   48  182  462.00000  628.33929  36.0%   144  315s
  7237  5131     cutoff   63       462.00000  627.41083  35.8%   145  320s
  7680  5471  540.94297   32  175  462.00000  626.70054  35.6%   142  325s
H 7971  5499                     470.0000000  625.50674  33.1%   140  333s
  7985  5505  573.62794   30  175  470.00000  625.47639  33.1%   140  335s
  8120  5603  479.85497   54  193  470.00000  625.12968  33.0%   140  340s
  8389  5786  512.79583   65  188  470.00000  624.86226  32.9%   138  345s
  8618  5956  573.76384   39  194  470.00000  624.51484  32.9%   137  350s
  8838  6125  533.74668   57  177  470.00000  623.99406  32.8%   137  355s
  8996  6236  564.64203   29  183  470.00000  623.75968  32.7%   137  360s
  9094  6297  471.86911   84  159  470.00000  623.67865  32.7%   137  365s
  9327  6469  554.64523   28  189  470.00000  622.57610  32.5%   135  370s
  9468  6584  505.28572   43  172  470.00000  622.35066  32.4%   135  375s
  9618  6674  534.62924   41  168  470.00000  622.14783  32.4%   135  380s
  9718  6740  550.25491   37  174  470.00000  622.05866  32.4%   135  385s
  9884  6870  485.72031   93  168  470.00000  621.83480  32.3%   135  390s
 10067  7008  483.97437   41  141  470.00000  621.68097  32.3%   134  395s
 10179  7082  505.40181   57  187  470.00000  621.41156  32.2%   133  400s
 10203  7095  582.11740   27  206  470.00000  621.30723  32.2%   133  526s
 10211  7100  487.40990   98  255  470.00000  621.30723  32.2%   133  532s
 10212  7101  515.46323   49  255  470.00000  621.30723  32.2%   133  536s
 10219  7108  621.30723   25  184  470.00000  621.30723  32.2%   134  540s
 10231  7116  621.30723   31  205  470.00000  621.30723  32.2%   134  545s
 10251  7129  612.52410   41  189  470.00000  621.30723  32.2%   135  550s
 10282  7150  614.62459   57  216  470.00000  621.30723  32.2%   136  555s
 10313  7170  530.65384   72  197  470.00000  621.30723  32.2%   137  560s
 10338  7187  552.20826   85  194  470.00000  621.30723  32.2%   137  565s
 10350  7195  534.96804   91  190  470.00000  621.30723  32.2%   137  570s
 10382  7201  502.86493  107  175  470.00000  621.30723  32.2%   138  575s
 10416  7197  601.91265   32  178  470.00000  621.30723  32.2%   138  580s
 10434  7209  618.42640   41  185  470.00000  621.30723  32.2%   138  585s
 10463  7228  600.13858   56  206  470.00000  621.30723  32.2%   139  590s
 10487  7244  566.33159   68  199  470.00000  621.30723  32.2%   139  595s
 10520  7264  488.30269   84  180  470.00000  621.30723  32.2%   140  600s
 10541  7278  497.09728   95  182  470.00000  621.30723  32.2%   140  605s
 10592  7283  549.88304   40  185  470.00000  621.30723  32.2%   140  610s
 10610  7295  522.16053   49  186  470.00000  621.30723  32.2%   140  615s
 10672  7332  476.40819   80  173  470.00000  621.30723  32.2%   141  620s
 10747  7356  539.03536   57  166  470.00000  621.30723  32.2%   141  625s
 10820  7378  621.30723   32  199  470.00000  621.30723  32.2%   142  630s
 10844  7394  557.91080   44  198  470.00000  621.30723  32.2%   142  635s
 10871  7412  592.31143   58  196  470.00000  621.30723  32.2%   143  640s
 10922  7446  512.93825   83  184  470.00000  621.30723  32.2%   143  645s
 10988  7464  593.72629   50  186  470.00000  621.30723  32.2%   144  650s
 11039  7498  553.55544   76  198  470.00000  621.30723  32.2%   145  655s
 11121  7508  593.45420   27  152  470.00000  621.30723  32.2%   145  660s
 11163  7536  538.09176   48  173  470.00000  621.30723  32.2%   145  665s
 11197  7559  482.85379   65  178  470.00000  621.30723  32.2%   146  670s
 11203  7563  484.06436   68  183  470.00000  621.30723  32.2%   146  679s
 11205  7564  480.72579   69  183  470.00000  621.30723  32.2%   146  680s
 11262  7575  565.27250   46  173  470.00000  621.30723  32.2%   146  685s
 11308  7606  501.61311   69  183  470.00000  621.30723  32.2%   147  690s
 11372  7612  621.30723   33  193  470.00000  621.30723  32.2%   147  695s
 11431  7652  503.81724   77  179  470.00000  621.30723  32.2%   147  700s
 11497  7675  578.54747   49  193  470.00000  621.30723  32.2%   147  706s
 11585  7721  566.52023   53  180  470.00000  621.30723  32.2%   147  710s
 11717  7792  487.07528   75  185  470.00000  621.30723  32.2%   147  715s
 11773  7819  563.90234   51  180  470.00000  621.30723  32.2%   147  722s
 11805  7840  515.51178   84  186  470.00000  621.30723  32.2%   147  728s
 11843  7848  621.30723   27  199  470.00000  621.30723  32.2%   147  730s
 11926  7898     cutoff   97       470.00000  621.30723  32.2%   147  735s
 12044  7952  573.88739   53  195  470.00000  621.30723  32.2%   147  740s
 12208  8031  540.11515   36  161  470.00000  621.30723  32.2%   147  745s
 12281  8059  595.64570   42  184  470.00000  621.30723  32.2%   147  750s
 12392  8118  563.96523   64  197  470.00000  621.30723  32.2%   147  755s
 12530  8184  472.36469   84  175  470.00000  621.30723  32.2%   146  760s
 12662  8216  621.30723   35  191  470.00000  621.30723  32.2%   146  765s
 12802  8281  578.27220   44  191  470.00000  621.30723  32.2%   146  770s
 12913  8348  482.78824   82  182  470.00000  621.30723  32.2%   146  775s
 13132  8448  520.85667   46  179  470.00000  621.30723  32.2%   145  780s
 13305  8514  606.78959   37  175  470.00000  621.30723  32.2%   145  785s
 13445  8580  606.13065   30  181  470.00000  621.30723  32.2%   145  790s
 13581  8637  612.91351   43  200  470.00000  621.30723  32.2%   145  795s
 13694  8698  531.45716   67  194  470.00000  621.30723  32.2%   144  800s
 13771  8734  475.34730   63  183  470.00000  621.30723  32.2%   144  811s
 13858  8760  515.63634   64  173  470.00000  621.30723  32.2%   144  815s
 13975  8813  584.41950   41  175  470.00000  621.30723  32.2%   144  820s
 14061  8857  548.00879   47  204  470.00000  621.30723  32.2%   144  825s
 14203  8929  521.43922   54  180  470.00000  621.30723  32.2%   144  830s
 14391  8998  621.30723   46  186  470.00000  621.30723  32.2%   143  835s
 14538  9064  539.78859   43  177  470.00000  621.30723  32.2%   143  840s
 14680  9123  535.93573   49  200  470.00000  621.30723  32.2%   143  845s
 14811  9184  527.02350   37  182  470.00000  621.30723  32.2%   143  850s
 14899  9223  534.91951   53  189  470.00000  621.30723  32.2%   143  855s
 15021  9267  574.88937   47  192  470.00000  621.30723  32.2%   143  860s
 15151  9329  606.61680   33  187  470.00000  621.30723  32.2%   143  865s
 15307  9402  542.20675   70  192  470.00000  621.30723  32.2%   142  870s
 15416  9451  547.77127   46  203  470.00000  621.30723  32.2%   142  875s
 15555  9514  506.52042   57  170  470.00000  621.30723  32.2%   142  880s
 15748  9607  495.97352   63  187  470.00000  621.30723  32.2%   142  885s
 15887  9647  593.58749   38  178  470.00000  621.30723  32.2%   142  890s
 16011  9708  597.72767   39  187  470.00000  621.30723  32.2%   142  895s
 16162  9761  598.06978   45  186  470.00000  621.30723  32.2%   142  900s
 16337  9839  604.24727   34  170  470.00000  621.30723  32.2%   141  905s
 16451  9887  562.15646   47  189  470.00000  621.30723  32.2%   141  910s
 16526  9923  519.53920   61  182  470.00000  621.30723  32.2%   141  915s
 16681  9974     cutoff   99       470.00000  621.30723  32.2%   141  920s
 16995 10096  562.50516   57  197  470.00000  621.30723  32.2%   141  925s
 17218 10175  571.54294   37  180  470.00000  621.30723  32.2%   140  930s
 17346 10228  599.07468   41  188  470.00000  621.30723  32.2%   140  935s
 17483 10296  545.09951   51  189  470.00000  621.30723  32.2%   140  940s
 17567 10311  492.40759   51  164  470.00000  621.30723  32.2%   140  945s
 17693 10369  481.71086   74  180  470.00000  621.30723  32.2%   140  950s
 17840 10423  496.35825   51  168  470.00000  621.30723  32.2%   139  955s
 17988 10490  480.52356   47  155  470.00000  621.30723  32.2%   139  960s
 18089 10529     cutoff   74       470.00000  621.30723  32.2%   139  965s
 18229 10567  570.49793   34  189  470.00000  621.30723  32.2%   139  970s
 18387 10636  489.53119   83  184  470.00000  621.30723  32.2%   139  975s
 18500 10678  597.13836   42  168  470.00000  621.30723  32.2%   139  980s
 18650 10756  497.31587   66  185  470.00000  621.30723  32.2%   138  985s
 18776 10804     cutoff   58       470.00000  621.30723  32.2%   138  990s
 18901 10863  492.19442   55  178  470.00000  621.30723  32.2%   139  995s
 19092 10925  529.37952   46  168  470.00000  621.30723  32.2%   138 1000s
 19226 10983  528.78202   61  184  470.00000  621.30723  32.2%   138 1005s
 19356 11030  596.65463   34  166  470.00000  621.30723  32.2%   138 1013s
 19422 11049  494.99072   59  180  470.00000  621.30723  32.2%   138 1015s
 19526 11088  537.45633   56  193  470.00000  621.30723  32.2%   138 1021s
 19613 11132     cutoff   93       470.00000  621.30723  32.2%   138 1025s
 19757 11197  483.06644   61  180  470.00000  621.30723  32.2%   138 1030s
 19935 11248  564.53335   57  193  470.00000  621.30723  32.2%   137 1035s
 20061 11283  586.45843   43  174  470.00000  621.30723  32.2%   137 1040s
 20194 11342  587.96290   44  178  470.00000  621.30723  32.2%   137 1046s
 20310 11401  574.77338   41  192  470.00000  621.30723  32.2%   137 1050s
 20333 11406  550.96888   40  187  470.00000  621.30723  32.2%   137 1055s
 20480 11468  515.36092   38  171  470.00000  621.30723  32.2%   137 1060s
 20652 11521  550.72168   62  202  470.00000  621.11479  32.2%   136 1068s
 20699 11542  596.58272   42  188  470.00000  621.08049  32.1%   136 1070s
 20912 11627  524.40844   55  178  470.00000  620.80882  32.1%   136 1075s
 21119 11717  559.60808   49  191  470.00000  620.43269  32.0%   136 1080s
 21300 11790  514.75258   64  179  470.00000  620.18069  32.0%   136 1085s
 21432 11835  508.81299   67  189  470.00000  620.16106  31.9%   136 1090s
 21599 11916  483.45410   52  148  470.00000  619.91551  31.9%   136 1095s
 21794 11971  534.96789   56  195  470.00000  619.67381  31.8%   135 1100s
 21943 12027  585.86255   42  183  470.00000  619.35677  31.8%   135 1105s
 22124 12090  532.72827   57  196  470.00000  619.06360  31.7%   135 1110s
 22240 12142  542.92473   31  160  470.00000  618.86623  31.7%   135 1115s
 22421 12214  497.76073   47  191  470.00000  618.75508  31.7%   134 1120s
 22606 12287  501.57810   42  147  470.00000  618.44067  31.6%   134 1125s
 22825 12341  580.68432   46  201  470.00000  618.33027  31.6%   134 1130s
 23008 12415  496.19027   54  172  470.00000  618.16504  31.5%   134 1135s
 23205 12492  575.28907   38  173  470.00000  617.84348  31.5%   133 1140s
 23449 12581  603.67762   41  183  470.00000  617.25652  31.3%   133 1145s
 23624 12665  520.83391   62  196  470.00000  617.12665  31.3%   133 1150s
 23763 12704  502.39236   63  188  470.00000  616.84818  31.2%   133 1155s
 24006 12798  537.78304   46  177  470.00000  616.38377  31.1%   133 1160s
 24269 12915  473.60700   94  171  470.00000  616.18577  31.1%   133 1165s
 24424 12973  494.12868   66  180  470.00000  616.07246  31.1%   133 1170s
 24566 13019  541.45691   50  162  470.00000  615.92525  31.0%   132 1175s
 24736 13058  533.26070   36  163  470.00000  615.84047  31.0%   132 1180s
 24856 13108  506.83533   60  188  470.00000  615.65701  31.0%   132 1185s
 25035 13180  524.29565   57  199  470.00000  615.43009  30.9%   132 1190s
 25234 13242  563.47772   69  203  470.00000  615.25617  30.9%   132 1195s
 25486 13322  565.82782   49  201  470.00000  614.92413  30.8%   132 1200s
 25643 13394  530.60541   54  176  470.00000  614.87093  30.8%   131 1205s
 25818 13434  575.49302   49  191  470.00000  614.69591  30.8%   131 1210s
 25902 13475  510.22161   56  186  470.00000  614.69326  30.8%   131 1216s
 26003 13496  579.21997   41  162  470.00000  614.42334  30.7%   131 1220s
 26177 13567  550.37102   47  178  470.00000  614.19058  30.7%   131 1225s
 26288 13603  538.79837   31  161  470.00000  614.12640  30.7%   131 1230s
 26450 13663  506.23814   59  188  470.00000  613.75014  30.6%   131 1235s
 26633 13735  519.50901   41  196  470.00000  613.65914  30.6%   131 1240s
 26804 13797  534.61109   43  193  470.00000  613.49526  30.5%   131 1245s
 26913 13846  555.95164   55  200  470.00000  613.29160  30.5%   131 1250s
 27059 13903  471.36920   86  174  470.00000  613.20376  30.5%   131 1255s
 27181 13935  507.91771   63  180  470.00000  612.94170  30.4%   130 1260s
 27289 13966  543.63653   32  159  470.00000  612.84034  30.4%   130 1265s
 27370 13991  574.42302   39  156  470.00000  612.82906  30.4%   131 1270s
 27514 14048  527.27641   52  194  470.00000  612.70820  30.4%   130 1275s
 27533 14060  489.26721   69  188  470.00000  612.70820  30.4%   130 1285s
 27692 14125  565.96263   43  185  470.00000  612.46974  30.3%   130 1290s
 27913 14198  536.43900   51  184  470.00000  612.23858  30.3%   130 1295s
 28114 14274  487.65033   64  181  470.00000  612.03506  30.2%   130 1300s
 28368 14379  608.55848   36  183  470.00000  611.77351  30.2%   130 1305s
 28542 14460  570.56677   61  190  470.00000  611.49406  30.1%   130 1310s
 28717 14527  562.38695   41  194  470.00000  611.26705  30.1%   129 1315s
 28861 14569  522.90949   37  173  470.00000  611.15379  30.0%   129 1320s
 29045 14641  491.98912   60  181  470.00000  611.08380  30.0%   129 1325s
 29214 14716  563.46193   50  194  470.00000  611.00420  30.0%   129 1330s
 29369 14793  495.04800   82  189  470.00000  610.87694  30.0%   129 1335s
 29542 14847  552.40584   55  190  470.00000  610.61859  29.9%   129 1340s
 29669 14875  572.26772   32  180  470.00000  610.52723  29.9%   129 1345s
 29823 14929  500.65817   79  184  470.00000  610.26865  29.8%   128 1350s
 29928 14967  520.64122   55  188  470.00000  610.15711  29.8%   128 1355s
 30067 15028  488.87986   62  190  470.00000  610.11936  29.8%   128 1360s
 30224 15080  570.34054   34  174  470.00000  609.88462  29.8%   128 1365s
 30462 15172  504.19072   54  185  470.00000  609.47293  29.7%   128 1370s
 30729 15265  583.77095   30  165  470.00000  609.29187  29.6%   128 1375s
 30903 15303  562.06116   52  189  470.00000  609.12289  29.6%   128 1380s
 31047 15363  561.24150   47  173  470.00000  608.99213  29.6%   128 1386s
 31133 15388  521.56378   42  151  470.00000  608.92705  29.6%   128 1390s
 31368 15454  481.32945   59  173  470.00000  608.75593  29.5%   127 1395s
 31568 15557  535.23866   47  185  470.00000  608.47554  29.5%   127 1400s
 31782 15702     cutoff   44       470.00000  608.34518  29.4%   127 1405s
 31994 15840  478.74190   81  164  470.00000  608.19585  29.4%   127 1410s
 32216 15991     cutoff   43       470.00000  608.01037  29.4%   127 1415s
 32341 16082  518.62721   64  185  470.00000  607.79612  29.3%   127 1420s
 32528 16228  509.98148   61  197  470.00000  607.62977  29.3%   127 1425s
 32655 16308  575.40154   33  173  470.00000  607.41602  29.2%   127 1430s
 32845 16435  551.90370   56  195  470.00000  607.17517  29.2%   127 1435s
 33053 16579  487.04024   47  153  470.00000  607.05454  29.2%   126 1440s
 33332 16764  480.77687   60  192  470.00000  606.64265  29.1%   126 1445s
 33655 17005  471.80872   88  167  470.00000  606.32301  29.0%   126 1450s
 33893 17173  545.55366   41  173  470.00000  606.13659  29.0%   126 1455s
 34127 17335     cutoff   75       470.00000  606.06903  29.0%   126 1460s
 34338 17489  479.33214   71  182  470.00000  605.93420  28.9%   126 1465s
 34578 17632  484.53631   55  169  470.00000  605.63981  28.9%   126 1470s
 34838 17814     cutoff   98       470.00000  605.54635  28.8%   125 1475s
 35076 17991     cutoff   63       470.00000  605.35075  28.8%   125 1480s
 35302 18150  516.53467   72  188  470.00000  605.08283  28.7%   125 1485s
 35455 18235     cutoff   59       470.00000  604.89235  28.7%   125 1490s
 35699 18414  530.27567   54  186  470.00000  604.73295  28.7%   125 1495s
 35878 18556     cutoff   88       470.00000  604.72176  28.7%   125 1500s
 36066 18665  591.98326   45  189  470.00000  604.60953  28.6%   125 1505s
 36299 18829  568.79889   38  170  470.00000  604.49945  28.6%   125 1510s
 36380 18889  563.90038   46  182  470.00000  604.45616  28.6%   125 1518s
 36470 18963  512.95546   60  189  470.00000  604.39931  28.6%   125 1520s
 36697 19119  552.93294   58  188  470.00000  604.22579  28.6%   125 1525s
 37054 19359  571.49751   47  183  470.00000  603.87090  28.5%   125 1530s
 37329 19549  480.61681   57  162  470.00000  603.61294  28.4%   125 1535s
 37549 19688  488.53177   76  155  470.00000  603.50189  28.4%   124 1540s
 37742 19803  563.25519   38  176  470.00000  603.34385  28.4%   124 1545s
 37956 19961  527.68099   51  183  470.00000  603.25268  28.4%   124 1550s
 38172 20123  501.71552   43  165  470.00000  603.15748  28.3%   124 1556s
 38334 20226  519.88583   45  156  470.00000  603.03638  28.3%   124 1560s
 38552 20371  477.77248   59  163  470.00000  602.84866  28.3%   124 1565s
 38706 20461  528.00911   52  196  470.00000  602.74518  28.2%   124 1570s
 38937 20634  558.01655   60  198  470.00000  602.63153  28.2%   124 1575s
 39199 20788  563.56425   38  169  470.00000  602.48799  28.2%   123 1580s
 39335 20882  478.94719   78  183  470.00000  602.45425  28.2%   124 1585s
 39502 21003  576.21532   29  174  470.00000  602.30659  28.2%   124 1590s
 39811 21235  577.56188   53  202  470.00000  602.01133  28.1%   123 1595s
 40033 21398  523.76896   56  174  470.00000  601.88270  28.1%   123 1600s
 40218 21518  553.77213   41  178  470.00000  601.80991  28.0%   123 1605s
 40426 21653  547.79726   40  179  470.00000  601.71271  28.0%   123 1610s
 40596 21788  489.15126   67  198  470.00000  601.66823  28.0%   123 1615s
 40925 21990  486.00489   68  181  470.00000  601.52606  28.0%   123 1620s
 41060 22086  556.74515   47  177  470.00000  601.35706  27.9%   123 1625s
 41248 22200  541.28994   53  201  470.00000  601.30276  27.9%   123 1630s
 41347 22271     cutoff   83       470.00000  601.28053  27.9%   123 1635s
 41652 22482  539.01613   47  179  470.00000  601.11318  27.9%   123 1640s
 41844 22630  585.54621   45  163  470.00000  600.90726  27.9%   122 1645s
 42008 22758  513.20918   60  194  470.00000  600.82647  27.8%   122 1650s
 42169 22847  510.85556   59  189  470.00000  600.61929  27.8%   122 1655s
 42284 22912  549.66029   47  192  470.00000  600.48941  27.8%   122 1660s
 42476 23038  508.22854   60  193  470.00000  600.37133  27.7%   122 1665s
 42582 23097  471.18532   80  173  470.00000  600.34754  27.7%   122 1670s
 42807 23246  481.55982   61  172  470.00000  600.10093  27.7%   122 1675s
 43137 23467 infeasible   43       470.00000  599.82075  27.6%   122 1680s
 43356 23617  541.63996   46  187  470.00000  599.67153  27.6%   122 1685s
 43487 23694  559.94512   40  166  470.00000  599.60197  27.6%   122 1690s
 43599 23781  472.24466   75  177  470.00000  599.55915  27.6%   122 1695s
 43827 23940  568.56595   46  180  470.00000  599.48383  27.5%   122 1700s
 44040 24097  472.97680   62  162  470.00000  599.38797  27.5%   122 1705s
 44354 24309  555.14201   49  172  470.00000  599.20258  27.5%   121 1710s
 44568 24464  521.91238   51  169  470.00000  599.07920  27.5%   121 1715s
 44869 24680  475.69812   87  166  470.00000  598.96389  27.4%   121 1720s
 45069 24812  525.86136   41  194  470.00000  598.86310  27.4%   121 1725s
 45187 24895  543.22754   56  189  470.00000  598.76498  27.4%   121 1730s
 45303 24986     cutoff   70       470.00000  598.65821  27.4%   121 1735s
 45537 25142     cutoff   79       470.00000  598.48012  27.3%   121 1740s
 45764 25277  509.03940   52  166  470.00000  598.30595  27.3%   121 1745s
 45946 25401  532.43471   37  165  470.00000  598.14194  27.3%   121 1750s
 46121 25506  573.14920   43  161  470.00000  598.11776  27.3%   121 1755s
 46293 25624  510.55921   77  185  470.00000  598.03523  27.2%   121 1763s
 46354 25659  538.78853   64  197  470.00000  598.00044  27.2%   121 1765s
 46569 25828  506.57944   54  193  470.00000  597.93512  27.2%   121 1770s
 46851 26029  522.38236   59  196  470.00000  597.83175  27.2%   121 1775s
 47115 26199     cutoff   47       470.00000  597.69685  27.2%   121 1780s
 47203 26251  572.28660   40  178  470.00000  597.68501  27.2%   121 1785s
 47452 26436  574.94225   56  188  470.00000  597.57919  27.1%   121 1790s
 47590 26548  511.80102   68  177  470.00000  597.54562  27.1%   120 1795s
 47678 26594  483.24717   63  160  470.00000  597.48640  27.1%   121 1800s

Cutting planes:
  Gomory: 1
  MIR: 5
  Flow cover: 36
  Zero half: 4

Explored 47679 nodes (5748116 simplex iterations) in 1800.02 seconds (762.31 work units)
Thread count was 1 (of 12 available processors)

Solution count 10: 470 462 460 ... 410

Time limit reached
Best objective 4.700000000000e+02, best bound 5.970000000000e+02, gap 27.0213%
