
Gurobi 12.0.2 (linux64, C++) logging started Thu Jun 19 08:00:19 2025

Set parameter LogFile to value "log/instances/scenario2/fully_correlated_sc2/300/kpfs_10.txt.log"

Gurobi 12.0.2 (linux64, C++) logging started Thu Jun 19 08:01:42 2025

Set parameter LogFile to value "log/instances/scenario2/fully_correlated_sc2/300/kpfs_10.txt.log"

Gurobi 12.0.2 (linux64, C++) logging started Thu Jun 19 08:02:53 2025

Set parameter LogFile to value "log/instances/scenario2/fully_correlated_sc2/300/kpfs_10.txt.log"

Gurobi 12.0.2 (linux64, C++) logging started Thu Jun 19 08:03:57 2025

Set parameter LogFile to value "log/instances/scenario2/fully_correlated_sc2/300/kpfs_10.txt.log"

Gurobi 12.0.2 (linux64, C++) logging started Thu Jun 19 13:07:20 2025

Set parameter WLSAccessID
Set parameter WLSSecret
Set parameter LicenseID to value 2679381
Set parameter LogFile to value "log/instances/scenario2/fully_correlated_sc2/300/kpfs_10.txt.log"
Academic license 2679381 - for non-commercial use only - registered to be___@poli.ufrj.br
Set parameter TimeLimit to value 1800
Set parameter Threads to value 1
Gurobi Optimizer version 12.0.2 build v12.0.2rc0 (linux64 - "Ubuntu 24.04.1 LTS")

CPU model: 13th Gen Intel(R) Core(TM) i7-1355U, instruction set [SSE2|AVX|AVX2]
Thread count: 6 physical cores, 12 logical processors, using up to 1 threads

Non-default parameters:
TimeLimit  1800
Threads  1

Academic license 2679381 - for non-commercial use only - registered to be___@poli.ufrj.br
Optimize a model with 902 rows, 1200 columns and 9794 nonzeros
Model fingerprint: 0x5e77c4a2
Variable types: 0 continuous, 1200 integer (300 binary)
Coefficient statistics:
  Matrix range     [1e+00, 3e+01]
  Objective range  [4e+00, 4e+01]
  Bounds range     [1e+00, 1e+01]
  RHS range        [1e+00, 5e+02]
Found heuristic solution: objective 188.0000000
Presolve removed 0 rows and 62 columns
Presolve time: 0.11s
Presolved: 902 rows, 1138 columns, 9670 nonzeros
Variable types: 0 continuous, 1138 integer (300 binary)

Root relaxation: objective 7.002899e+02, 1828 iterations, 0.69 seconds (0.28 work units)

    Nodes    |    Current Node    |     Objective Bounds      |     Work
 Expl Unexpl |  Obj  Depth IntInf | Incumbent    BestBd   Gap | It/Node Time

     0     0  700.28987    0  212  188.00000  700.28987   272%     -    0s
H    0     0                     209.0000000  700.28987   235%     -    0s
H    0     0                     238.0000000  700.28987   194%     -    0s
H    0     0                     301.0000000  700.28987   133%     -    0s
H    0     0                     306.0000000  700.28987   129%     -    0s
H    0     0                     307.0000000  700.28987   128%     -    0s
H    0     0                     308.0000000  700.28987   127%     -    0s
H    0     0                     383.0000000  700.28987  82.8%     -    1s
H    0     0                     386.0000000  700.28987  81.4%     -    1s
H    0     0                     391.0000000  700.28987  79.1%     -    1s
     0     0  699.66756    0  214  391.00000  699.66756  78.9%     -    2s
H    0     0                     392.0000000  699.61276  78.5%     -    2s
H    0     0                     394.0000000  699.61276  77.6%     -    2s
H    0     0                     407.0000000  699.61276  71.9%     -    3s
     0     0  699.54310    0  210  407.00000  699.54310  71.9%     -    3s
     0     0  699.53743    0  214  407.00000  699.53743  71.9%     -    3s
     0     0  699.09449    0  207  407.00000  699.09449  71.8%     -    3s
     0     2  699.06645    0  207  407.00000  699.06645  71.8%     -    4s
     6     8  629.38772    3  200  407.00000  693.99568  70.5%   393    5s
    69    71  628.51727   55  192  407.00000  692.41239  70.1%   221   10s
H  104   104                     410.0000000  692.41239  68.9%   202   11s
H  104   104                     418.0000000  692.41239  65.6%   202   11s
H  130   130                     429.0000000  692.41239  61.4%   191   14s
H  130   130                     433.0000000  692.41239  59.9%   191   14s
   149   151  504.36825  117  147  433.00000  692.41239  59.9%   186   15s
H  156   156                     437.0000000  692.41239  58.4%   182   15s
H  156   156                     448.0000000  692.41239  54.6%   182   15s
H  167   167                     452.0000000  692.41239  53.2%   178   15s
H  167   167                     453.0000000  692.41239  52.9%   178   15s
   260   246  606.30280   25  203  453.00000  690.98773  52.5%   149   20s
H  338   306                     460.0000000  690.98773  50.2%   150   26s
H  338   306                     461.0000000  690.98773  49.9%   150   26s
   387   335  588.98735    7  184  461.00000  689.98475  49.7%   141   31s
   493   427  618.56677    7  196  461.00000  689.56692  49.6%   131   35s
   545   477  498.59243  143  212  461.00000  689.56692  49.6%   129   40s
   566   493  651.46430   22  192  461.00000  686.14820  48.8%   142   45s
   580   503  643.66381   29  195  461.00000  673.03892  46.0%   149   50s
   624   532  586.66296   51  198  461.00000  673.03892  46.0%   166   55s
   669   562  579.56655   74  179  461.00000  673.03892  46.0%   178   60s
   704   585  492.62133   91  175  461.00000  673.03892  46.0%   186   65s
   773   606  471.48946  126  155  461.00000  673.03892  46.0%   188   70s
   795   607  597.58820   22  166  461.00000  672.87200  46.0%   188   75s
   831   631  549.73026   40  182  461.00000  672.87200  46.0%   192   81s
   869   656  514.84202   59  185  461.00000  672.87200  46.0%   196   85s
   916   688  509.06769   83  176  461.00000  672.87200  46.0%   198   90s
   996   684  605.21597   21  181  461.00000  665.29800  44.3%   194   95s
  1038   712  580.74812   42  187  461.00000  662.95913  43.8%   200  100s
  1058   725  577.18408   52  205  461.00000  662.95913  43.8%   201  105s
  1096   751  517.34285   71  181  461.00000  662.95913  43.8%   204  111s
  1132   775  480.74610   89  167  461.00000  662.95913  43.8%   206  115s
  1223   792  582.87540   30  197  461.00000  662.81774  43.8%   205  120s
  1286   834  554.37506   62  196  461.00000  662.81774  43.8%   210  125s
  1343   867  468.21510   90  168  461.00000  662.81774  43.8%   213  130s
  1422   868  582.83331   28  187  461.00000  656.28297  42.4%   210  135s
  1469   895     cutoff   51       461.00000  656.28297  42.4%   212  140s
  1556   920  558.10005   34  200  461.00000  656.23727  42.4%   212  145s
  1616   960  514.85268   64  201  461.00000  656.23727  42.4%   214  150s
  1698   992     cutoff  105       461.00000  656.23727  42.4%   214  155s
  1793  1025  503.98100   52  192  461.00000  651.45702  41.3%   214  160s
  1888  1048  573.28495   37  197  461.00000  651.42113  41.3%   214  165s
  1954  1092  508.26009   70  178  461.00000  651.42113  41.3%   216  170s
  1975  1106  517.95728   81  182  461.00000  651.42113  41.3%   216  176s
  2051  1136  541.42380   45  198  461.00000  646.62164  40.3%   214  184s
  2078  1163  486.25358   69  197  461.00000  646.62164  40.3%   212  185s
  2225  1285  570.85531   48  193  461.00000  646.39189  40.2%   206  190s
  2414  1449  541.51685   53  182  461.00000  644.35937  39.8%   197  195s
  2567  1578  541.18170   54  197  461.00000  643.64007  39.6%   191  200s
  2721  1697  598.97493   33  192  461.00000  642.57108  39.4%   185  205s
  2863  1822  533.07353   34  194  461.00000  640.23780  38.9%   182  210s
  2955  1863  549.98476   33  197  461.00000  640.08956  38.8%   181  215s
  3057  1950  554.73040   54  193  461.00000  639.92857  38.8%   178  220s
  3297  2116  564.59015   33  200  461.00000  636.52354  38.1%   173  225s
  3541  2310  578.28049   44  188  461.00000  636.28075  38.0%   168  230s
  3753  2492  549.47940   32  168  461.00000  635.44388  37.8%   164  235s
  3898  2611  522.46712   43  173  461.00000  634.44527  37.6%   162  240s
  3977  2657  603.37343   22  165  461.00000  634.12209  37.6%   163  245s
  4134  2777  466.22402   34  146  461.00000  633.34250  37.4%   161  250s
  4455  3030  517.04632   42  175  461.00000  631.91755  37.1%   157  255s
  4705  3204  495.39879   68  185  461.00000  631.13458  36.9%   153  260s
  4871  3336  493.69897   48  184  461.00000  630.76864  36.8%   153  265s
  5119  3509  613.81957   36  196  461.00000  630.56549  36.8%   151  270s
  5396  3734  479.94959   82  171  461.00000  630.10911  36.7%   148  275s
  5666  3935  524.84168   28  175  461.00000  629.73267  36.6%   146  280s
  5816  4055  576.60051   30  179  461.00000  629.43988  36.5%   145  285s
  5935  4151  478.36787   90  165  461.00000  629.43988  36.5%   146  290s
  6284  4386  566.58116   38  186  461.00000  628.02304  36.2%   143  295s
  6594  4643  465.82741   84  169  461.00000  626.87461  36.0%   141  300s
H 6646  4663                     462.0000000  626.67581  35.6%   141  301s
  6775  4766  599.37645   29  181  462.00000  626.61637  35.6%   140  306s
  6879  4852     cutoff   81       462.00000  626.61637  35.6%   141  310s
  7122  5032  540.77348   65  168  462.00000  625.23512  35.3%   139  315s
  7289  5163  494.02279   28  163  462.00000  624.94582  35.3%   138  320s
  7532  5335  563.33682   37  172  462.00000  624.54225  35.2%   137  325s
  7705  5472  524.00053   49  188  462.00000  624.08987  35.1%   137  330s
  7829  5550  491.50002   55  194  462.00000  623.89223  35.0%   137  335s
  8029  5702  498.31610   82  173  462.00000  623.15548  34.9%   136  340s
  8237  5870  527.85097   55  184  462.00000  622.52677  34.7%   135  345s
  8425  6004  574.24384   40  194  462.00000  621.95783  34.6%   134  350s
  8614  6129  474.42000   65  152  462.00000  621.75519  34.6%   133  355s
  8856  6310  528.49536   36  173  462.00000  621.07703  34.4%   132  365s
  9093  6495  538.73115   54  194  462.00000  620.71728  34.4%   131  370s
  9249  6615  577.74156   41  195  462.00000  620.35682  34.3%   131  376s
  9359  6700  528.78033   38  192  462.00000  619.98239  34.2%   131  380s
  9401  6742  512.40303   59  179  462.00000  619.98239  34.2%   131  385s
  9496  6798  504.69278   45  181  462.00000  619.97765  34.2%   132  390s
  9627  6884  464.05070   35  136  462.00000  619.21358  34.0%   132  395s
  9819  7034  537.36395   57  184  462.00000  618.79817  33.9%   131  400s
 10011  7189     cutoff   75       462.00000  618.64638  33.9%   130  405s
 10161  7268  546.87924   47  189  462.00000  618.18070  33.8%   130  410s
 10203  7309  585.98209   25  207  462.00000  618.18070  33.8%   130  529s
 10206  7311  591.93709   23  219  462.00000  618.18070  33.8%   130  530s
 10224  7323  475.44546  110  222  462.00000  618.18070  33.8%   129  536s
 10229  7326  560.55021   41  222  462.00000  618.18070  33.8%   129  540s
 10234  7330  516.97598   72  220  462.00000  618.18070  33.8%   129  545s
 10239  7333  579.67766   24  223  462.00000  618.18070  33.8%   129  550s
 10243  7336  474.11837   66  222  462.00000  618.18070  33.8%   129  556s
 10247  7338  496.01438   47  227  462.00000  618.18070  33.8%   129  562s
 10253  7342  576.33394   42  233  462.00000  618.18070  33.8%   129  565s
 10261  7348  486.55107   85  227  462.00000  618.18070  33.8%   129  571s
 10269  7353  489.37672   37  230  462.00000  618.18070  33.8%   129  575s
 10274  7356  546.64241   51  232  462.00000  618.18070  33.8%   129  580s
 10279  7360  581.97086   24  229  462.00000  618.18070  33.8%   129  586s
 10280  7360  495.01378   47  226  462.00000  618.18070  33.8%   129  592s
 10283  7362  545.58673   50  233  462.00000  618.18070  33.8%   129  596s
 10287  7365  569.11230   46  235  462.00000  618.18070  33.8%   129  600s
 10291  7368  573.76251   28  230  462.00000  618.18070  33.8%   129  605s
 10297  7372  497.22950   60  231  462.00000  618.18070  33.8%   128  611s
 10301  7374  469.60880   88  234  462.00000  618.18070  33.8%   128  616s
 10303  7376  585.98209   25  234  462.00000  618.18070  33.8%   128  620s
 10304  7378  618.18070   29  229  462.00000  618.18070  33.8%   129  625s
 10323  7391  618.18070   38  204  462.00000  618.18070  33.8%   130  630s
 10341  7403  604.03777   47  196  462.00000  618.18070  33.8%   130  635s
 10372  7424  604.80716   63  200  462.00000  618.18070  33.8%   131  640s
 10395  7439  528.87279   74  194  462.00000  618.18070  33.8%   131  645s
 10404  7445  572.89526   79  205  462.00000  618.18070  33.8%   132  650s
 10422  7457  551.03971   88  190  462.00000  618.18070  33.8%   132  655s
 10435  7466  492.52929   94  186  462.00000  618.18070  33.8%   132  660s
 10445  7472  480.15615   99  186  462.00000  618.18070  33.8%   133  666s
 10457  7478     cutoff  105       462.00000  618.18070  33.8%   133  670s
 10470  7485  501.69975  112  186  462.00000  618.18070  33.8%   133  675s
 10492  7484  486.39628  123  171  462.00000  618.18070  33.8%   133  680s
 10526  7476  605.64178   39  188  462.00000  618.18070  33.8%   134  685s
 10542  7487  618.18070   47  203  462.00000  618.18070  33.8%   134  691s
 10550  7492  551.36749   51  199  462.00000  618.18070  33.8%   134  696s
 10578  7511  563.27900   65  189  462.00000  618.18070  33.8%   135  700s
 10602  7527  528.28081   77  191  462.00000  618.18070  33.8%   136  705s
 10625  7542  545.44601   89  191  462.00000  618.18070  33.8%   137  710s
 10650  7558  490.14768  101  170  462.00000  618.18070  33.8%   137  715s
 10698  7555  465.13644  126  165  462.00000  618.18070  33.8%   138  720s
 10718  7566  582.56415   45  177  462.00000  618.18070  33.8%   139  725s
 10737  7579  596.05064   55  199  462.00000  618.18070  33.8%   139  730s
 10762  7596  513.84879   67  182  462.00000  618.18070  33.8%   140  735s
 10792  7616  498.79524   82  171  462.00000  618.18070  33.8%   140  740s
 10822  7636  494.76528   97  171  462.00000  618.18070  33.8%   141  760s
 10853  7635  478.28455  113  166  462.00000  618.18070  33.8%   141  765s
 10898  7650  569.09556   46  188  462.00000  618.18070  33.8%   142  770s
 10932  7673  533.40335   63  193  462.00000  618.18070  33.8%   143  776s
 10957  7690  543.36207   76  195  462.00000  618.18070  33.8%   144  780s
 10984  7708  488.68306   89  181  462.00000  618.18070  33.8%   145  785s
 11019  7719  484.61281  107  175  462.00000  618.18070  33.8%   145  790s
 11042  7717  574.23872   34  178  462.00000  618.18070  33.8%   146  795s
 11070  7736  510.45452   48  187  462.00000  618.18070  33.8%   146  800s
 11104  7759  497.26773   65  187  462.00000  618.18070  33.8%   147  805s
 11155  7768  467.35861   91  185  462.00000  618.18070  33.8%   147  810s
 11184  7776  584.17864   41  193  462.00000  618.18070  33.8%   148  815s
 11206  7791  564.72702   52  197  462.00000  618.18070  33.8%   149  820s
 11230  7807  523.59116   64  207  462.00000  618.18070  33.8%   149  825s
 11250  7820  519.86077   74  194  462.00000  618.18070  33.8%   150  830s
 11280  7840  480.66976   89  184  462.00000  618.18070  33.8%   150  835s
 11339  7834  609.07049   31  187  462.00000  618.18070  33.8%   151  840s
 11363  7850  530.02562   43  185  462.00000  618.18070  33.8%   151  847s
 11383  7864  498.27667   53  192  462.00000  618.18070  33.8%   152  850s
 11434  7884  484.96617   79  178  462.00000  618.18070  33.8%   152  855s
 11485  7887  537.33458   45  184  462.00000  618.18070  33.8%   153  861s
 11525  7913  487.83101   65  192  462.00000  618.18070  33.8%   154  865s
 11688  7973     cutoff  103       462.00000  618.18070  33.8%   154  870s
 11799  8017     cutoff   91       462.00000  618.18070  33.8%   155  875s
 11927  8074  597.98048   49  194  462.00000  618.18070  33.8%   155  880s
 12059  8141  549.86614   74  196  462.00000  618.18070  33.8%   155  885s
 12236  8220  535.26411   49  194  462.00000  618.18070  33.8%   155  890s
 12418  8307  532.46925   71  197  462.00000  618.18070  33.8%   155  895s
 12493  8347  494.49414   55  192  462.00000  618.18070  33.8%   155  900s
 12686  8419  529.91009   64  203  462.00000  618.18070  33.8%   155  905s
 12788  8467  542.65431   57  201  462.00000  618.18070  33.8%   155  915s
 13062  8571     cutoff   94       462.00000  618.18070  33.8%   154  920s
 13238  8667  477.03162   79  176  462.00000  618.18070  33.8%   154  925s
 13378  8726  568.46232   53  213  462.00000  618.18070  33.8%   153  930s
 13520  8796  484.34878   64  183  462.00000  618.18070  33.8%   154  935s
 13698  8846  539.83050   44  169  462.00000  618.18070  33.8%   154  940s
 13786  8881  555.61138   55  196  462.00000  618.18070  33.8%   154  946s
 13929  8947  599.41014   42  188  462.00000  618.18070  33.8%   153  950s
 14088  9028  529.36223   77  187  462.00000  618.18070  33.8%   153  955s
 14264  9095  521.85012   87  190  462.00000  618.18070  33.8%   152  960s
 14394  9151  489.50546   65  177  462.00000  618.18070  33.8%   152  965s
 14574  9206  592.53238   42  184  462.00000  618.18070  33.8%   153  970s
 14805  9319  547.50957   69  194  462.00000  618.18070  33.8%   152  975s
 14967  9387  553.82684   42  192  462.00000  618.18070  33.8%   152  980s
 15213  9502  551.01626   58  189  462.00000  618.18070  33.8%   151  985s
 15375  9582  559.98151   52  190  462.00000  618.18070  33.8%   151  990s
 15429  9618  491.04196   79  179  462.00000  618.18070  33.8%   152  997s
 15510  9627  566.29279   44  178  462.00000  618.18070  33.8%   153 1000s
 15733  9703  564.85664   38  186  462.00000  618.18070  33.8%   152 1005s
 15949  9795  539.04115   44  173  462.00000  618.18070  33.8%   152 1010s
 16176  9912  484.13795   87  172  462.00000  618.18070  33.8%   152 1015s
 16313  9979  496.79927   65  189  462.00000  618.18070  33.8%   152 1020s
 16461 10033  561.30943   42  196  462.00000  618.18070  33.8%   152 1025s
 16596 10096  468.61261   91  176  462.00000  618.18070  33.8%   152 1031s
 16769 10173  507.63036   60  185  462.00000  618.18070  33.8%   152 1035s
 16988 10266  499.84067   62  191  462.00000  618.18070  33.8%   152 1040s
 17218 10357  563.58732   41  162  462.00000  618.18070  33.8%   151 1045s
 17476 10444  474.47296   84  183  462.00000  618.18070  33.8%   152 1050s
 17671 10536  495.19312   77  191  462.00000  618.18070  33.8%   151 1055s
 17835 10588  535.57001   56  192  462.00000  618.18070  33.8%   151 1060s
 17963 10640  524.55272   49  177  462.00000  618.18070  33.8%   151 1065s
 18137 10697  528.73081   69  190  462.00000  618.18070  33.8%   151 1070s
 18456 10829  491.02508   83  174  462.00000  618.18070  33.8%   150 1075s
 18816 10987  507.09619   85  187  462.00000  618.18070  33.8%   149 1080s
 18970 11067  466.68686   77  164  462.00000  618.15972  33.8%   149 1085s
 19008 11064  585.12271   41  172  462.00000  617.91706  33.7%   149 1094s
 19011 11066  574.77722   44  186  462.00000  617.91706  33.7%   149 1095s
 19137 11132  557.02094   60  197  462.00000  617.52725  33.7%   149 1100s
 19330 11207  532.49160   60  186  462.00000  616.83897  33.5%   149 1105s
 19525 11297  527.92152   55  187  462.00000  616.36174  33.4%   149 1110s
 19701 11373  524.51234   49  157  462.00000  615.85394  33.3%   148 1115s
 19852 11444  469.03486   65  185  462.00000  615.75066  33.3%   149 1120s
 20078 11522  571.80859   43  187  462.00000  615.66702  33.3%   148 1125s
 20235 11596  557.13215   48  196  462.00000  615.59312  33.2%   148 1130s
 20327 11634  479.23309   51  143  462.00000  615.24547  33.2%   148 1135s
 20590 11751  482.68745   73  188  462.00000  614.43716  33.0%   147 1140s
 20671 11785  463.58668   75  180  462.00000  614.30859  33.0%   148 1145s
 20841 11830  574.00209   49  204  462.00000  614.01102  32.9%   148 1150s
 20990 11884  539.97677   66  195  462.00000  613.70462  32.8%   147 1155s
 21173 11967  542.46517   61  196  462.00000  613.21395  32.7%   147 1160s
 21328 12037  487.61226   80  191  462.00000  613.08145  32.7%   147 1165s
 21441 12068  550.87141   64  201  462.00000  613.05969  32.7%   147 1170s
 21671 12153  525.14513   60  197  462.00000  612.72644  32.6%   146 1175s
 22061 12309  582.44214   47  198  462.00000  612.23120  32.5%   146 1180s
 22240 12391  530.63828   75  179  462.00000  611.90605  32.4%   146 1185s
 22564 12518  581.90181   45  180  462.00000  611.57988  32.4%   146 1190s
 22848 12617  601.60489   52  212  462.00000  611.09018  32.3%   146 1195s
 23038 12704  576.90306   41  188  462.00000  610.74988  32.2%   146 1201s
 23180 12774  513.91409   43  184  462.00000  610.31895  32.1%   145 1205s
 23353 12830  577.70531   50  185  462.00000  610.05248  32.0%   145 1210s
 23525 12902  586.30817   42  187  462.00000  609.72610  32.0%   145 1215s
 23681 12978  536.69104   48  168  462.00000  609.62008  32.0%   144 1220s
 23881 12986  560.29773   49  176  462.00000  609.47431  31.9%   145 1225s
 24031 13052  562.61593   53  212  462.00000  609.36541  31.9%   145 1230s
 24142 13072  547.08056   45  180  462.00000  609.26544  31.9%   144 1235s
 24278 13133  526.21282   80  195  462.00000  609.09966  31.8%   144 1240s
 24421 13204  501.78968   82  193  462.00000  608.90863  31.8%   144 1245s
 24565 13268  505.89011   86  195  462.00000  608.77013  31.8%   144 1250s
 24754 13333  561.56477   42  179  462.00000  608.61323  31.7%   143 1255s
 24896 13384  493.96446   48  191  462.00000  608.51769  31.7%   144 1260s
 25159 13499  470.75927   75  181  462.00000  608.28301  31.7%   143 1265s
 25247 13529  529.89818   52  205  462.00000  607.95525  31.6%   143 1270s
 25443 13616  500.04582   60  189  462.00000  607.64789  31.5%   143 1275s
 25567 13669  464.34228   61  152  462.00000  607.45447  31.5%   143 1290s
 25691 13698  586.06752   45  188  462.00000  607.30375  31.5%   143 1295s
 25909 13764  602.73129   52  208  462.00000  606.81654  31.3%   143 1300s
 26015 13808  498.49026   86  183  462.00000  606.74171  31.3%   143 1305s
 26190 13883  495.11658   66  190  462.00000  606.60672  31.3%   143 1310s
 26364 13955  506.51435   58  187  462.00000  606.39039  31.3%   143 1315s
 26569 14008  572.63723   38  176  462.00000  606.09807  31.2%   143 1320s
 27014 14194     cutoff   72       462.00000  605.75811  31.1%   143 1325s
 27253 14302  478.42719   83  183  462.00000  605.56365  31.1%   143 1330s
 27491 14372  558.51609   36  173  462.00000  605.08260  31.0%   143 1335s
 27614 14408  550.88623   51  181  462.00000  604.83713  30.9%   143 1340s
 27858 14513  513.83394   70  179  462.00000  604.47018  30.8%   143 1345s
 28066 14610  485.64807   74  189  462.00000  604.34710  30.8%   143 1350s
 28265 14670  531.82926   43  187  462.00000  604.26322  30.8%   143 1355s
 28529 14792  588.86237   56  203  462.00000  604.06755  30.8%   143 1360s
 28738 14872  543.48602   46  200  462.00000  603.92818  30.7%   143 1365s
 28928 14928  508.85148   57  194  462.00000  603.82901  30.7%   143 1370s
 29064 14983  547.94199   50  199  462.00000  603.68281  30.7%   142 1375s
 29225 15063  533.14240   81  198  462.00000  603.58241  30.6%   142 1380s
 29419 15138  509.87298   59  196  462.00000  603.25118  30.6%   142 1385s
 29577 15194  545.68164   57  188  462.00000  602.92452  30.5%   142 1390s
 29790 15286  561.41566   42  179  462.00000  602.71986  30.5%   142 1395s
 29928 15344  464.11776   73  164  462.00000  602.70494  30.5%   142 1400s
 30085 15407  565.55912   41  188  462.00000  602.55308  30.4%   142 1406s
 30331 15516  498.39471   47  152  462.00000  602.21617  30.3%   141 1410s
 30736 15648  470.42630   81  163  462.00000  601.96373  30.3%   141 1415s
 30962 15733  567.10643   39  173  462.00000  601.69600  30.2%   141 1420s
 31131 15800  557.67445   40  173  462.00000  601.52211  30.2%   140 1425s
 31187 15837  479.07990   68  180  462.00000  601.52211  30.2%   141 1430s
 31326 15868  478.74823   67  183  462.00000  601.48450  30.2%   141 1435s
 31454 15896  559.99610   60  202  462.00000  601.30291  30.2%   141 1440s
 31632 15972  598.62130   47  202  462.00000  601.17944  30.1%   141 1445s
 31823 16052  475.65345   99  186  462.00000  601.13792  30.1%   140 1450s
 31969 16116  490.63895   67  189  462.00000  601.01178  30.1%   140 1455s
 32157 16184  465.16436   87  168  462.00000  600.92030  30.1%   140 1460s
 32461 16308     cutoff   62       462.00000  600.77315  30.0%   140 1465s
 32624 16418  556.42792   51  188  462.00000  600.50171  30.0%   140 1470s
 32707 16489  470.51037   84  176  462.00000  600.49900  30.0%   140 1475s
 32833 16569  495.41938   65  186  462.00000  600.44462  30.0%   140 1480s
 32989 16677  474.09049   62  180  462.00000  600.19916  29.9%   140 1485s
 33164 16800  561.88640   44  185  462.00000  600.01948  29.9%   140 1490s
 33358 16933  569.27768   41  169  462.00000  599.83977  29.8%   140 1495s
 33655 17134  487.84163   63  174  462.00000  599.59217  29.8%   139 1500s
 33831 17262  534.51498   73  195  462.00000  599.47601  29.8%   139 1505s
 33961 17356  568.26657   39  157  462.00000  599.38754  29.7%   139 1510s
 34115 17466  503.76439   61  195  462.00000  599.28854  29.7%   139 1515s
 34317 17595  583.78399   64  207  462.00000  599.18947  29.7%   139 1520s
 34548 17734  522.92303   88  191  462.00000  598.94825  29.6%   139 1525s
 34852 17955  572.54045   53  204  462.00000  598.74966  29.6%   139 1530s
 35105 18136     cutoff   87       462.00000  598.60438  29.6%   139 1535s
 35365 18331     cutoff   70       462.00000  598.46065  29.5%   139 1540s
 35611 18493  577.40862   38  159  462.00000  598.28514  29.5%   138 1545s
 35855 18670  524.18996   62  188  462.00000  598.18297  29.5%   138 1550s
 36096 18833  478.13243   73  176  462.00000  598.04540  29.4%   138 1555s
 36328 19002  466.09674   40  117  462.00000  597.88481  29.4%   138 1560s
 36489 19087  559.62717   45  181  462.00000  597.77159  29.4%   138 1565s
 36728 19262  582.52914   50  197  462.00000  597.65179  29.4%   138 1570s
 36906 19388  563.60313   44  187  462.00000  597.47819  29.3%   138 1575s
 37074 19507  501.44314   58  179  462.00000  597.23479  29.3%   138 1580s
 37268 19635  560.55265   44  191  462.00000  597.09985  29.2%   138 1585s
 37459 19779  469.09045   72  182  462.00000  596.90358  29.2%   138 1590s
 37621 19886  477.54143   56  155  462.00000  596.72585  29.2%   138 1595s
 37748 19988     cutoff   80       462.00000  596.65474  29.1%   138 1600s
 37885 20089  498.86591   53  182  462.00000  596.60709  29.1%   138 1605s
 38012 20155  513.19337   83  188  462.00000  596.46468  29.1%   138 1611s
 38149 20260  545.46453   56  199  462.00000  596.41394  29.1%   138 1615s
 38314 20375  552.45073   50  186  462.00000  596.19356  29.0%   138 1620s
 38547 20532  559.46373   47  189  462.00000  596.11478  29.0%   138 1625s
 38738 20659  556.28153   50  192  462.00000  595.96884  29.0%   138 1630s
 38927 20808  484.89560   85  187  462.00000  595.85998  29.0%   137 1635s
 39111 20935  467.07704   57  166  462.00000  595.75651  29.0%   137 1640s
 39248 21028  484.74677   56  172  462.00000  595.64332  28.9%   137 1645s
 39424 21145  480.69197   74  184  462.00000  595.59105  28.9%   137 1650s
 39674 21311  514.52229   79  191  462.00000  595.32211  28.9%   137 1655s
 39909 21480  516.34240   49  187  462.00000  595.19879  28.8%   137 1660s
 40163 21652     cutoff   65       462.00000  594.94311  28.8%   137 1665s
 40403 21794  495.66647   75  184  462.00000  594.86192  28.8%   137 1670s
 40640 21967  561.69521   38  172  462.00000  594.60116  28.7%   137 1675s
 40758 22043  468.54859   87  171  462.00000  594.59211  28.7%   137 1680s
 41111 22290  470.69530   69  175  462.00000  594.14371  28.6%   137 1685s
 41413 22453  565.15614   45  194  462.00000  593.90108  28.6%   137 1690s
 41795 22737  485.30014   88  182  462.00000  593.66782  28.5%   136 1695s
 42063 22934  485.48758   56  179  462.00000  593.51034  28.5%   136 1700s
 42296 23092  467.25785   70  189  462.00000  593.41586  28.4%   136 1705s
 42523 23257  474.13668   67  194  462.00000  593.34440  28.4%   136 1710s
 42746 23419  478.66868   45  149  462.00000  593.29677  28.4%   136 1715s
 42985 23558  525.04949   77  186  462.00000  593.05469  28.4%   136 1720s
 43238 23739  472.72400   54  138  462.00000  593.00603  28.4%   136 1725s
 43437 23885  498.92508   49  159  462.00000  592.84610  28.3%   136 1730s
 43642 24028  473.35184   67  179  462.00000  592.71364  28.3%   136 1735s
 43840 24170  483.04123   72  180  462.00000  592.64333  28.3%   136 1740s
 44020 24301  520.51950   76  182  462.00000  592.55894  28.3%   136 1745s
 44098 24361  521.59409   64  180  462.00000  592.49460  28.2%   135 1753s
 44144 24391  479.44134   73  176  462.00000  592.47658  28.2%   135 1755s
 44238 24462     cutoff   78       462.00000  592.38986  28.2%   136 1760s
 44427 24563  552.18202   53  178  462.00000  592.29441  28.2%   136 1765s
 44640 24715  570.95000   52  194  462.00000  592.10057  28.2%   135 1770s
 44893 24890  479.32174   61  164  462.00000  592.02066  28.1%   135 1775s
 45274 25168  483.27318   77  191  462.00000  591.83809  28.1%   135 1781s
 45474 25310  486.87893   72  172  462.00000  591.62599  28.1%   135 1785s
 45697 25466  477.45586   81  185  462.00000  591.55633  28.0%   135 1790s
 45978 25675  510.02208   53  184  462.00000  591.42067  28.0%   135 1795s
 46210 25828  500.16151   49  192  462.00000  591.30170  28.0%   135 1800s

Cutting planes:
  Gomory: 51
  MIR: 1
  Flow cover: 8
  Zero half: 1

Explored 46211 nodes (6237464 simplex iterations) in 1800.02 seconds (776.79 work units)
Thread count was 1 (of 12 available processors)

Solution count 10: 462 461 460 ... 418

Time limit reached
Best objective 4.620000000000e+02, best bound 5.910000000000e+02, gap 27.9221%
