
Gurobi 12.0.2 (linux64, C++) logging started Thu Jun 19 08:00:19 2025

Set parameter LogFile to value "log/instances/scenario2/fully_correlated_sc2/300/kpfs_1.txt.log"

Gurobi 12.0.2 (linux64, C++) logging started Thu Jun 19 08:01:42 2025

Set parameter LogFile to value "log/instances/scenario2/fully_correlated_sc2/300/kpfs_1.txt.log"

Gurobi 12.0.2 (linux64, C++) logging started Thu Jun 19 08:02:53 2025

Set parameter LogFile to value "log/instances/scenario2/fully_correlated_sc2/300/kpfs_1.txt.log"

Gurobi 12.0.2 (linux64, C++) logging started Thu Jun 19 08:03:57 2025

Set parameter LogFile to value "log/instances/scenario2/fully_correlated_sc2/300/kpfs_1.txt.log"

Gurobi 12.0.2 (linux64, C++) logging started Thu Jun 19 12:37:19 2025

Set parameter WLSAccessID
Set parameter WLSSecret
Set parameter LicenseID to value 2679381
Set parameter LogFile to value "log/instances/scenario2/fully_correlated_sc2/300/kpfs_1.txt.log"
Academic license 2679381 - for non-commercial use only - registered to be___@poli.ufrj.br
Set parameter TimeLimit to value 1800
Set parameter Threads to value 1
Gurobi Optimizer version 12.0.2 build v12.0.2rc0 (linux64 - "Ubuntu 24.04.1 LTS")

CPU model: 13th Gen Intel(R) Core(TM) i7-1355U, instruction set [SSE2|AVX|AVX2]
Thread count: 6 physical cores, 12 logical processors, using up to 1 threads

Non-default parameters:
TimeLimit  1800
Threads  1

Academic license 2679381 - for non-commercial use only - registered to be___@poli.ufrj.br
Optimize a model with 902 rows, 1200 columns and 9877 nonzeros
Model fingerprint: 0xff34b1bf
Variable types: 0 continuous, 1200 integer (300 binary)
Coefficient statistics:
  Matrix range     [1e+00, 3e+01]
  Objective range  [4e+00, 4e+01]
  Bounds range     [1e+00, 1e+01]
  RHS range        [1e+00, 5e+02]
Found heuristic solution: objective 98.0000000
Presolve removed 0 rows and 70 columns
Presolve time: 0.18s
Presolved: 902 rows, 1130 columns, 9737 nonzeros
Variable types: 0 continuous, 1130 integer (300 binary)

Root relaxation: objective 6.886816e+02, 1697 iterations, 0.71 seconds (0.24 work units)

    Nodes    |    Current Node    |     Objective Bounds      |     Work
 Expl Unexpl |  Obj  Depth IntInf | Incumbent    BestBd   Gap | It/Node Time

     0     0  688.68158    0  218   98.00000  688.68158   603%     -    0s
H    0     0                     102.0000000  688.68158   575%     -    0s
H    0     0                     104.0000000  688.68158   562%     -    1s
H    0     0                     107.0000000  688.68158   544%     -    1s
H    0     0                     108.0000000  688.68158   538%     -    1s
H    0     0                     112.0000000  688.68158   515%     -    1s
H    0     0                     117.0000000  688.68158   489%     -    1s
H    0     0                     147.0000000  688.68158   368%     -    1s
H    0     0                     266.0000000  688.68158   159%     -    1s
H    0     0                     274.0000000  688.68158   151%     -    1s
H    0     0                     282.0000000  688.68158   144%     -    1s
H    0     0                     370.0000000  688.68158  86.1%     -    1s
H    0     0                     375.0000000  688.68158  83.6%     -    1s
H    0     0                     377.0000000  688.68158  82.7%     -    1s
     0     0  687.33252    0  216  377.00000  687.33252  82.3%     -    1s
H    0     0                     378.0000000  687.18875  81.8%     -    1s
H    0     0                     383.0000000  687.18875  79.4%     -    2s
     0     0  687.18723    0  218  383.00000  687.18723  79.4%     -    2s
     0     0  687.17617    0  220  383.00000  687.17617  79.4%     -    2s
     0     0  686.01987    0  218  383.00000  686.01987  79.1%     -    3s
     0     0  685.98425    0  215  383.00000  685.98425  79.1%     -    3s
     0     0  685.72960    0  224  383.00000  685.72960  79.0%     -    6s
     0     0  685.47596    0  215  383.00000  685.47596  79.0%     -    7s
     0     0  685.45866    0  216  383.00000  685.45866  79.0%     -    7s
     0     0  685.37770    0  220  383.00000  685.37770  78.9%     -    8s
     0     0  685.36594    0  222  383.00000  685.36594  78.9%     -    8s
     0     0  685.33223    0  222  383.00000  685.33223  78.9%     -    9s
     0     0  685.32651    0  223  383.00000  685.32651  78.9%     -    9s
     0     0  685.32639    0  223  383.00000  685.32639  78.9%     -    9s
     0     0  685.29678    0  223  383.00000  685.29678  78.9%     -    9s
     0     0  685.29233    0  224  383.00000  685.29233  78.9%     -    9s
     0     0  685.29012    0  224  383.00000  685.29012  78.9%     -    9s
     0     0  685.27254    0  224  383.00000  685.27254  78.9%     -   10s
     0     2  685.26623    0  224  383.00000  685.26623  78.9%     -   11s
    42    44  630.20705   31  204  383.00000  682.31797  78.2%   273   15s
H   52    52                     386.0000000  682.31797  76.8%   266   15s
    97    99  554.86122   76  178  386.00000  682.31797  76.8%   219   20s
H  156   156                     390.0000000  682.31797  75.0%   179   23s
H  156   156                     405.0000000  682.31797  68.5%   179   23s
H  156   156                     412.0000000  682.31797  65.6%   179   23s
H  182   182                     415.0000000  682.31797  64.4%   170   25s
H  182   182                     417.0000000  682.31797  63.6%   170   25s
H  182   182                     418.0000000  682.31797  63.2%   170   25s
   313   304  522.30591   46  182  418.00000  669.21709  60.1%   136   30s
   470   442  548.27596   43  190  418.00000  668.66320  60.0%   123   35s
   529   500  450.29965  107  224  418.00000  668.66320  60.0%   122   42s
   535   506  643.22109   16  218  418.00000  668.66320  60.0%   125   45s
   555   519  598.15995   26  206  418.00000  668.66320  60.0%   137   50s
   589   542  578.41755   43  206  418.00000  668.66320  60.0%   153   55s
   631   570  525.68078   64  190  418.00000  668.66320  60.0%   168   60s
   676   600  519.70555   87  179  418.00000  668.66320  60.0%   180   65s
   710   623  485.22810  104  169  418.00000  668.66320  60.0%   186   70s
   730   636  465.64036  114  170  418.00000  668.66320  60.0%   188   75s
   762   644  434.90291  130  164  418.00000  668.66320  60.0%   189   80s
   785   645  608.72053   23  207  418.00000  668.66320  60.0%   190   85s
   797   653  597.39629   29  208  418.00000  668.66320  60.0%   192   90s
   826   672  603.79631   44  208  418.00000  668.66320  60.0%   197   95s
   857   693  519.55454   59  194  418.00000  668.66320  60.0%   203  100s
   882   709  533.46466   72  188  418.00000  668.66320  60.0%   205  110s
   923   737  466.09920   92  173  418.00000  668.66320  60.0%   208  115s
   965   761  427.66963  113  174  418.00000  668.66320  60.0%   209  120s
  1020   757  568.27821   19  195  418.00000  647.50360  54.9%   206  125s
H 1029   735                     419.0000000  647.50360  54.5%   206  128s
  1029   737  615.28307   24  208  419.00000  647.50360  54.5%   207  130s
  1076   769  536.89449   47  193  419.00000  647.50360  54.5%   211  135s
  1138   810  470.23891   78  165  419.00000  647.50360  54.5%   214  140s
  1180   838  440.49096   99  162  419.00000  647.50360  54.5%   214  145s
  1246   845  589.24026   30  201  419.00000  647.42039  54.5%   213  150s
  1293   876  564.16991   54  200  419.00000  647.42039  54.5%   216  155s
  1344   910  456.67317   79  169  419.00000  647.42039  54.5%   219  160s
  1380   934  433.52029   97  175  419.00000  647.42039  54.5%   220  165s
  1441   928  546.55476   21  194  419.00000  645.35564  54.0%   217  170s
  1477   952  523.80173   39  199  419.00000  645.35564  54.0%   220  176s
  1511   975  473.93179   56  198  419.00000  645.35564  54.0%   220  180s
  1526   985  504.50102   64  191  419.00000  645.35564  54.0%   221  186s
H 1527   956                     422.0000000  645.35564  52.9%   221  188s
H 1527   893                     427.0000000  645.35564  51.1%   221  188s
  1563   914     cutoff   82       427.00000  645.35564  51.1%   221  190s
  1651   932  523.73388   41  198  427.00000  645.29785  51.1%   221  195s
  1707   969  485.80905   69  181  427.00000  645.29785  51.1%   223  200s
  1799   985  602.51987   22  192  427.00000  643.18915  50.6%   221  205s
  1854  1031  491.52381   49  182  427.00000  643.18915  50.6%   222  210s
  1943  1092  433.22274   94  173  427.00000  643.18915  50.6%   221  215s
  2001  1142  509.84124   43  201  427.00000  643.04763  50.6%   224  220s
  2098  1223  450.53405   92  176  427.00000  643.04763  50.6%   225  225s
  2354  1415  512.08105   62  180  427.00000  632.90539  48.2%   212  230s
  2532  1556  571.87920   23  204  427.00000  632.01463  48.0%   205  235s
  2656  1672  469.02639   77  178  427.00000  630.68329  47.7%   200  240s
  2767  1764  543.49123   41  198  427.00000  627.94957  47.1%   197  245s
  2986  1955  579.99492   23  215  427.00000  625.54944  46.5%   190  250s
  3009  1978  538.32645   35  212  427.00000  625.54944  46.5%   190  255s
  3070  2039  459.15975   65  184  427.00000  625.54944  46.5%   191  260s
  3234  2150  579.11847   24  210  427.00000  621.69403  45.6%   187  265s
  3392  2284  492.15321   58  186  427.00000  620.67725  45.4%   183  270s
  3560  2397  529.27228   27  194  427.00000  618.06805  44.7%   180  275s
  3649  2470  496.44401   48  192  427.00000  615.64229  44.2%   178  282s
  3743  2542  588.50527   39  215  427.00000  615.53919  44.2%   176  285s
  3914  2691  578.21033   26  175  427.00000  615.41942  44.1%   172  290s
  4104  2855  509.04384   43  204  427.00000  615.15274  44.1%   169  295s
  4205  2946  461.75626   63  178  427.00000  615.14762  44.1%   169  300s
  4443  3096  472.88478   44  156  427.00000  612.91447  43.5%   166  305s
  4661  3270  447.51594   44  145  427.00000  611.34535  43.2%   163  310s
  4848  3429  437.67867   97  154  427.00000  610.88245  43.1%   160  315s
  5055  3579  488.49947   61  182  427.00000  608.99033  42.6%   158  320s
  5133  3635  557.31094   32  197  427.00000  608.75338  42.6%   157  327s
  5152  3654  567.86206   42  208  427.00000  608.75338  42.6%   158  330s
  5198  3700  508.32871   65  181  427.00000  608.75338  42.6%   159  335s
  5292  3752  498.83718   45  197  427.00000  608.73295  42.6%   159  340s
  5398  3837  502.58281   47  196  427.00000  608.67520  42.5%   158  345s
  5505  3923  546.01590   35  202  427.00000  608.62398  42.5%   157  350s
  5694  4084  471.11231   32  160  427.00000  608.46986  42.5%   155  355s
  5878  4226  560.67156   33  210  427.00000  607.54245  42.3%   153  360s
  5907  4253  430.63252   61  166  427.00000  607.54245  42.3%   153  366s
  6052  4364  594.39135   32  214  427.00000  607.17722  42.2%   151  370s
  6238  4520  447.85532   53  179  427.00000  606.79584  42.1%   151  375s
  6321  4576  495.15677   44  175  427.00000  606.21573  42.0%   151  380s
  6414  4641  441.47862   60  187  427.00000  605.93110  41.9%   151  385s
  6572  4764  565.46947   26  186  427.00000  605.29682  41.8%   149  390s
  6752  4902  450.63311   65  180  427.00000  604.85637  41.7%   148  395s
  6995  5103  487.25371   52  190  427.00000  604.01389  41.5%   146  400s
  7158  5244     cutoff   65       427.00000  603.56796  41.4%   146  405s
  7362  5400     cutoff   80       427.00000  603.39169  41.3%   145  410s
  7597  5574  430.38889   39  108  427.00000  602.66617  41.1%   144  415s
  7724  5675  456.81632   64  174  427.00000  602.32067  41.1%   143  420s
  7958  5853  517.61811   38  191  427.00000  601.64447  40.9%   142  425s
  8211  6030  553.96111   27  197  427.00000  600.97848  40.7%   141  430s
  8507  6254  456.09474   86  169  427.00000  599.93020  40.5%   140  435s
  8714  6403  544.43269   35  201  427.00000  599.42846  40.4%   139  440s
  8717  6406  534.10986   38  208  427.00000  599.42846  40.4%   139  449s
  8720  6409  526.18673   41  202  427.00000  599.42846  40.4%   139  450s
  8805  6477  553.56724   34  195  427.00000  599.03935  40.3%   139  455s
  8909  6547  463.56621   61  170  427.00000  598.93962  40.3%   138  460s
  9043  6650  508.10000   30  190  427.00000  598.63189  40.2%   138  466s
  9151  6727  552.97383   37  194  427.00000  598.50255  40.2%   137  470s
  9354  6890  523.34851   41  201  427.00000  598.06035  40.1%   136  475s
  9545  7041  482.41510   62  191  427.00000  598.00360  40.0%   136  480s
  9728  7184  515.53814   41  197  427.00000  597.71261  40.0%   135  485s
  9826  7267  487.05269   48  191  427.00000  597.61530  40.0%   135  490s
  9921  7328  433.25156   53  147  427.00000  597.38581  39.9%   135  495s
 10082  7431  519.40864   41  195  427.00000  597.23755  39.9%   134  500s
 10203  7526  525.28084   44  224  427.00000  597.19592  39.9%   134  638s
 10209  7530  551.25860   54  237  427.00000  597.19592  39.9%   134  640s
 10218  7536  460.16161   65  236  427.00000  597.19592  39.9%   134  646s
 10222  7539  539.52758   48  236  427.00000  597.19592  39.9%   134  650s
 10228  7543  510.85017   40  241  427.00000  597.19592  39.9%   134  656s
 10230  7544  515.04283   41  238  427.00000  597.19592  39.9%   134  660s
 10236  7548  548.78520   28  241  427.00000  597.19592  39.9%   134  666s
 10238  7549  452.02208   74  239  427.00000  597.19592  39.9%   134  670s
 10244  7553  578.02379   36  241  427.00000  597.19592  39.9%   133  676s
 10250  7557  506.16151   48  244  427.00000  597.19592  39.9%   133  680s
 10256  7561  551.85735   47  244  427.00000  597.19592  39.9%   133  685s
 10265  7567  459.79114   51  235  427.00000  597.19592  39.9%   133  690s
 10270  7571  475.19332   79  243  427.00000  597.19592  39.9%   133  695s
 10276  7575  459.31247   88  248  427.00000  597.19592  39.9%   133  700s
 10279  7577  448.71454   36  246  427.00000  597.19592  39.9%   133  706s
 10281  7578  488.06416   67  245  427.00000  597.19592  39.9%   133  710s
 10286  7581  492.74755   29  247  427.00000  597.19592  39.9%   133  715s
 10290  7584  526.68845   53  251  427.00000  597.19592  39.9%   133  720s
 10291  7585  465.65399   59  251  427.00000  597.19592  39.9%   133  725s
 10300  7593  597.19592   35  235  427.00000  597.19592  39.9%   134  730s
 10314  7602  597.19592   42  223  427.00000  597.19592  39.9%   134  735s
 10323  7608  597.19592   46  220  427.00000  597.19592  39.9%   134  740s
 10342  7621  597.19592   56  205  427.00000  597.19592  39.9%   135  745s
 10357  7631  530.20983   63  197  427.00000  597.19592  39.9%   135  750s
 10372  7641  571.57893   71  202  427.00000  597.19592  39.9%   136  757s
 10381  7647  527.65186   75  200  427.00000  597.19592  39.9%   136  760s
 10398  7658  529.96221   84  192  427.00000  597.19592  39.9%   136  765s
 10415  7669  483.19358   92  192  427.00000  597.19592  39.9%   137  771s
 10431  7680  468.56354  100  168  427.00000  597.19592  39.9%   137  775s
 10457  7696  437.43976  113  164  427.00000  597.19592  39.9%   137  780s
 10502  7691  436.19943  136  160  427.00000  597.19592  39.9%   138  785s
 10517  7692  574.00670   36  202  427.00000  597.19592  39.9%   138  790s
 10537  7706  553.74817   46  203  427.00000  597.19592  39.9%   138  795s
 10558  7720  558.80025   57  207  427.00000  597.19592  39.9%   138  800s
 10582  7736  520.97217   69  192  427.00000  597.19592  39.9%   139  805s
 10584  7737  516.66305   70  191  427.00000  597.19592  39.9%   139  818s
 10595  7744  465.18572   75  186  427.00000  597.19592  39.9%   139  820s
 10622  7762  472.81797   89  168  427.00000  597.19592  39.9%   139  825s
 10674  7757  435.97143  115  171  427.00000  597.19592  39.9%   139  830s
 10728  7781  472.39190   54  161  427.00000  597.19592  39.9%   139  835s
 10773  7797  445.09595   77  165  427.00000  597.19592  39.9%   139  840s
 10819  7806  538.66029   51  194  427.00000  597.19592  39.9%   140  845s
 10822  7808  584.38246   53  206  427.00000  597.19592  39.9%   140  850s
 10851  7827  500.35920   67  191  427.00000  597.19592  39.9%   140  855s
 10904  7862  486.54496   94  183  427.00000  597.19592  39.9%   141  860s
 10958  7873  441.20023  121  161  427.00000  597.19592  39.9%   141  865s
 11013  7892  530.59555   58  196  427.00000  597.19592  39.9%   141  870s
 11074  7933  442.42270   88  173  427.00000  597.19592  39.9%   142  875s
 11135  7938  589.71220   43  211  427.00000  597.19592  39.9%   142  880s
 11157  7953  561.11406   54  200  427.00000  597.19592  39.9%   142  885s
 11183  7970  527.12789   67  192  427.00000  597.19592  39.9%   143  890s
 11223  7996  482.76412   87  178  427.00000  597.19592  39.9%   143  895s
 11286  7997  585.82542   35  206  427.00000  597.19592  39.9%   143  900s
 11337  8031  506.05456   61  187  427.00000  597.19592  39.9%   144  905s
 11427  8043  564.71944   43  200  427.00000  597.19592  39.9%   144  910s
 11483  8080  495.18406   71  189  427.00000  597.19592  39.9%   144  915s
 11557  8118  432.74998  108  165  427.00000  597.19592  39.9%   145  920s
 11680  8147  569.95295   51  198  427.00000  597.19592  39.9%   145  925s
 11790  8204  568.70731   69  201  427.00000  597.19592  39.9%   145  930s
 11903  8245  567.62972   44  205  427.00000  597.19592  39.9%   145  935s
 12023  8303  513.69125   51  193  427.00000  597.19592  39.9%   145  940s
 12161  8383  445.68791   90  175  427.00000  597.19592  39.9%   145  945s
 12292  8432  531.29947   41  188  427.00000  597.19592  39.9%   145  950s
 12374  8471  558.55023   38  183  427.00000  597.19592  39.9%   145  956s
 12491  8534  559.19075   46  203  427.00000  597.19592  39.9%   144  960s
 12593  8579  432.86571   97  168  427.00000  597.19592  39.9%   145  965s
 12760  8667  459.80535   90  169  427.00000  597.19592  39.9%   145  970s
 12944  8739     cutoff   60       427.00000  597.19592  39.9%   144  975s
 13166  8805  564.86172   50  196  427.00000  597.19592  39.9%   144  980s
 13496  8977  447.16760   91  175  427.00000  597.19592  39.9%   143  985s
 13593  9020  505.42415   64  188  427.00000  597.19592  39.9%   143  990s
 13777  9077  452.97395   90  173  427.00000  597.19592  39.9%   143  995s
 13792  9079  597.19592   41  209  427.00000  597.19592  39.9%   143 1004s
 13808  9089  502.85823   57  198  427.00000  597.19592  39.9%   143 1005s
 13888  9117  561.72506   53  197  427.00000  597.19592  39.9%   143 1011s
 14041  9178  593.72051   45  210  427.00000  597.19592  39.9%   142 1015s
 14261  9289  431.70594   70  127  427.00000  597.19592  39.9%   142 1020s
 14408  9346  535.48058   51  199  427.00000  597.19592  39.9%   141 1025s
 14688  9465  569.40814   40  204  427.00000  597.19592  39.9%   141 1030s
 14928  9580  473.61968   76  181  427.00000  597.19592  39.9%   140 1035s
 15107  9665  437.51542   87  167  427.00000  597.19592  39.9%   140 1040s
 15304  9750  558.52332   40  215  427.00000  597.19592  39.9%   140 1045s
 15514  9856  561.31672   49  195  427.00000  597.19592  39.9%   139 1050s
 15689  9931  482.13813   91  189  427.00000  597.19592  39.9%   139 1056s
 15829  9970  477.05868   69  190  427.00000  597.19592  39.9%   139 1060s
 16022 10062  443.47865   69  136  427.00000  597.19592  39.9%   139 1065s
 16234 10154  466.31788   64  185  427.00000  597.19592  39.9%   138 1070s
 16444 10243  563.18230   44  208  427.00000  597.19592  39.9%   138 1075s
 16538 10297  527.40264   78  190  427.00000  597.19592  39.9%   138 1080s
 16679 10338  491.47598   80  179  427.00000  597.19592  39.9%   138 1085s
 16720 10356  516.04776   56  193  427.00000  597.19592  39.9%   138 1093s
 16787 10386  487.01190   58  193  427.00000  597.19592  39.9%   138 1095s
 17089 10531  438.06913   59  135  427.00000  597.19592  39.9%   137 1100s
 17230 10577  543.58789   49  198  427.00000  597.19592  39.9%   137 1105s
 17434 10675  430.95426   61  150  427.00000  597.19592  39.9%   137 1110s
 17546 10731  432.92967   76  182  427.00000  597.19592  39.9%   137 1115s
 17761 10811  432.94669   86  171  427.00000  597.19592  39.9%   137 1120s
 18049 10936  562.08713   39  180  427.00000  597.19592  39.9%   136 1125s
 18216 10999  549.84651   42  195  427.00000  597.19592  39.9%   136 1130s
 18390 11065  585.93132   40  207  427.00000  597.19592  39.9%   136 1135s
 18518 11126  558.58339   46  195  427.00000  597.19592  39.9%   135 1140s
 18719 11200  447.24838   64  171  427.00000  597.19592  39.9%   135 1145s
 18884 11276  514.11807   62  184  427.00000  597.19592  39.9%   135 1150s
 19086 11371  430.18362   74  155  427.00000  597.19592  39.9%   134 1155s
 19331 11490  454.78945   79  177  427.00000  597.03045  39.8%   134 1160s
 19616 11582  451.36818   89  174  427.00000  596.36652  39.7%   134 1165s
 19929 11726  453.86206   80  187  427.00000  595.76521  39.5%   133 1170s
 20043 11773  549.01569   51  208  427.00000  595.69802  39.5%   133 1175s
 20219 11823  562.75484   49  198  427.00000  595.32657  39.4%   133 1180s
 20308 11875  456.81310   94  176  427.00000  595.32657  39.4%   133 1185s
 20471 11939  484.20986   53  177  427.00000  595.17510  39.4%   133 1190s
 20653 12021  508.45199   47  186  427.00000  594.78286  39.3%   133 1195s
 20836 12082  442.17410  104  153  427.00000  594.05486  39.1%   132 1200s
 21030 12176  507.94603   62  201  427.00000  593.70932  39.0%   132 1205s
 21136 12217  481.91510   56  185  427.00000  593.56933  39.0%   132 1210s
 21233 12238  562.06887   56  200  427.00000  593.51710  39.0%   132 1215s
 21426 12311  574.83694   44  201  427.00000  593.31081  38.9%   132 1220s
 21595 12378  492.60294   60  194  427.00000  593.21408  38.9%   132 1225s
 21785 12466  441.17206   96  166  427.00000  592.69799  38.8%   131 1230s
 22068 12562  551.74272   57  212  427.00000  592.07580  38.7%   131 1235s
 22251 12652  502.13483   57  197  427.00000  591.93809  38.6%   131 1241s
 22436 12733  566.85120   40  175  427.00000  591.71717  38.6%   130 1245s
 22572 12794  471.28683   59  161  427.00000  591.47122  38.5%   131 1250s
 22787 12882  477.69403   94  187  427.00000  591.34237  38.5%   130 1255s
 22945 12958  460.95360   70  181  427.00000  591.17926  38.4%   130 1260s
 23124 13031  474.73804   85  178  427.00000  591.08309  38.4%   130 1265s
 23352 13123  490.97981   68  188  427.00000  590.78843  38.4%   130 1270s
 23607 13225  468.95418   79  180  427.00000  590.39494  38.3%   129 1275s
 23952 13373  457.01204   80  179  427.00000  589.63107  38.1%   129 1280s
 24171 13462  549.94390   44  183  427.00000  589.31850  38.0%   129 1285s
 24406 13527  559.79634   58  200  427.00000  588.74933  37.9%   128 1290s
 24597 13616  529.12759   46  206  427.00000  588.60426  37.8%   128 1295s
 24785 13681  508.95589   52  188  427.00000  588.29258  37.8%   128 1300s
 24975 13767  553.77112   46  180  427.00000  588.00358  37.7%   128 1305s
 25207 13866  476.04225   55  185  427.00000  587.36262  37.6%   127 1310s
 25397 13951  518.73643   54  207  427.00000  587.24948  37.5%   127 1315s
 25505 13989  454.71370   78  178  427.00000  587.23845  37.5%   127 1320s
 25731 14084  559.13626   40  208  427.00000  586.91531  37.5%   127 1325s
 25945 14157  510.40812   52  196  427.00000  586.59163  37.4%   127 1330s
 26176 14251  489.96951   55  186  427.00000  585.95037  37.2%   126 1335s
 26320 14301  570.94027   44  202  427.00000  585.84096  37.2%   126 1340s
 26478 14373  543.96168   57  208  427.00000  585.78271  37.2%   126 1345s
 26758 14463  519.15562   52  200  427.00000  585.42104  37.1%   126 1350s
 26972 14569  429.11347  105  168  427.00000  585.22232  37.1%   126 1355s
 27118 14628  452.58436   55  158  427.00000  585.04132  37.0%   126 1360s
 27268 14658  541.54570   51  209  427.00000  585.02590  37.0%   126 1365s
 27527 14759  523.65439   54  185  427.00000  584.87370  37.0%   125 1370s
 27533 14763  453.99308   60  166  427.00000  584.87370  37.0%   125 1383s
 27588 14778  536.16988   54  207  427.00000  584.82762  37.0%   125 1385s
 27749 14840  524.46376   50  203  427.00000  584.62876  36.9%   125 1390s
 27901 14909  453.36219   80  176  427.00000  584.50613  36.9%   125 1395s
 28014 14938  535.78225   48  177  427.00000  584.32266  36.8%   125 1400s
 28320 15062  540.03294   43  206  427.00000  583.82386  36.7%   125 1405s
 28420 15101     cutoff   84       427.00000  583.73401  36.7%   125 1410s
 28552 15139  504.62700   52  192  427.00000  583.63262  36.7%   125 1415s
 28754 15225  499.92551   50  186  427.00000  583.38253  36.6%   125 1420s
 28884 15274  498.89829   81  185  427.00000  583.38144  36.6%   125 1425s
 29085 15360  534.87213   55  204  427.00000  583.08889  36.6%   125 1430s
 29421 15516  480.05899   64  180  427.00000  582.45634  36.4%   124 1435s
 29631 15588  532.82769   54  189  427.00000  582.15915  36.3%   124 1440s
 29702 15634  452.94084   90  172  427.00000  582.15915  36.3%   124 1445s
 29894 15709  449.95077   72  179  427.00000  581.96675  36.3%   124 1450s
 30064 15777  497.38346   60  199  427.00000  581.81484  36.3%   124 1455s
 30266 15832  429.99540  115  160  427.00000  581.49676  36.2%   124 1460s
 30469 15905  490.40139   48  193  427.00000  581.12765  36.1%   124 1465s
 30690 15988  542.02430   46  204  427.00000  580.87981  36.0%   124 1470s
 30903 16084  573.15948   40  181  427.00000  580.75415  36.0%   123 1475s
 31148 16160  525.79732   57  196  427.00000  580.53578  36.0%   123 1480s
 31492 16295  440.36650   90  172  427.00000  580.22991  35.9%   123 1485s
 31895 16472  438.55291  107  173  427.00000  580.00904  35.8%   122 1490s
 32056 16521  478.25661   55  170  427.00000  579.91825  35.8%   123 1495s
 32196 16560  482.94504   88  178  427.00000  579.63547  35.7%   123 1500s
 32400 16634  512.53184   71  180  427.00000  579.28236  35.7%   122 1505s
 32591 16723  474.05680   76  194  427.00000  579.11230  35.6%   122 1510s
 32715 16765  534.79012   55  194  427.00000  579.03942  35.6%   122 1515s
 32955 16868  431.14724   72  153  427.00000  578.76253  35.5%   122 1520s
 33165 16965  528.82346   51  193  427.00000  578.17225  35.4%   122 1525s
 33391 17133  500.63691   54  189  427.00000  577.98938  35.4%   122 1530s
 33492 17223  450.04223   85  175  427.00000  577.98629  35.4%   122 1535s
 33673 17351  472.72177   71  189  427.00000  577.89109  35.3%   122 1540s
 33792 17424  459.96941   69  186  427.00000  577.85736  35.3%   122 1545s
 33994 17579  518.48815   71  190  427.00000  577.64246  35.3%   121 1550s
 34303 17782  553.37968   43  216  427.00000  577.30611  35.2%   121 1555s
 34669 18055  487.11960   42  169  427.00000  577.09389  35.2%   121 1560s
 34887 18218  537.14112   45  178  427.00000  576.88880  35.1%   121 1565s
 35061 18342  535.86180   52  201  427.00000  576.85013  35.1%   121 1570s
 35249 18487     cutoff   47       427.00000  576.77298  35.1%   121 1575s
 35389 18590  440.98991   89  169  427.00000  576.66174  35.0%   121 1580s
 35589 18736  508.47671   50  189  427.00000  576.50645  35.0%   120 1585s
 35854 18910     cutoff   81       427.00000  576.36446  35.0%   120 1590s
 36033 19055  472.64674   61  189  427.00000  576.29320  35.0%   120 1595s
 36247 19228  485.66866   68  179  427.00000  576.20335  34.9%   120 1600s
 36445 19359  497.19510   46  182  427.00000  575.89344  34.9%   120 1605s
 36691 19538  549.13597   62  194  427.00000  575.75269  34.8%   120 1610s
 36844 19654  482.68470   56  193  427.00000  575.59283  34.8%   120 1615s
 36965 19719  510.49344   55  184  427.00000  575.57509  34.8%   120 1621s
 37091 19819  497.73733   50  193  427.00000  575.43541  34.8%   120 1625s
 37279 19948  433.19326   72  170  427.00000  575.15459  34.7%   120 1630s
 37470 20061  484.70244   72  196  427.00000  575.05922  34.7%   120 1635s
 37707 20254  468.57453   78  175  427.00000  574.98447  34.7%   119 1640s
 38011 20481  462.80097   72  153  427.00000  574.73027  34.6%   119 1645s
 38183 20601  439.07925   88  173  427.00000  574.63934  34.6%   119 1650s
 38491 20816  531.98495   46  195  427.00000  574.38631  34.5%   119 1655s
 38736 20991  493.24447   68  189  427.00000  574.21829  34.5%   119 1660s
 38893 21103  520.81634   52  199  427.00000  574.15318  34.5%   119 1665s
 39128 21260  508.34196   41  212  427.00000  574.02532  34.4%   119 1670s
 39320 21403  535.14585   39  200  427.00000  573.91155  34.4%   119 1675s
 39492 21524  536.85341   53  185  427.00000  573.76766  34.4%   119 1680s
 39710 21690  519.64930   48  199  427.00000  573.56018  34.3%   118 1685s
 40031 21932  535.44714   56  199  427.00000  573.42483  34.3%   118 1690s
 40288 22136  544.20097   50  194  427.00000  573.26322  34.3%   118 1695s
 40395 22221  456.95222   74  185  427.00000  573.24304  34.2%   118 1700s
 40550 22318  488.59566   82  189  427.00000  573.22882  34.2%   118 1705s
 40740 22426  538.37055   43  188  427.00000  573.15141  34.2%   118 1710s
 40926 22543  530.63497   51  186  427.00000  572.89148  34.2%   118 1715s
 41108 22670  489.98068   69  197  427.00000  572.69641  34.1%   118 1720s
 41292 22818  504.64369   47  203  427.00000  572.54083  34.1%   118 1725s
 41466 22956  528.84108   51  203  427.00000  572.48573  34.1%   118 1730s
 41632 23060  529.40977   42  186  427.00000  572.25701  34.0%   118 1735s
 41813 23210  445.19955   92  173  427.00000  572.13450  34.0%   117 1740s
 42044 23364  481.54331   49  176  427.00000  571.99291  34.0%   117 1745s
 42184 23469  487.19352   66  190  427.00000  571.94530  33.9%   117 1750s
 42278 23545  468.16880   65  183  427.00000  571.91415  33.9%   117 1765s
 42416 23629  558.77590   54  195  427.00000  571.77127  33.9%   117 1770s
 42652 23782  438.70524   78  165  427.00000  571.57670  33.9%   117 1775s
 42878 23942  465.30063   68  192  427.00000  571.48030  33.8%   117 1780s
 43136 24129  528.77608   56  195  427.00000  571.32468  33.8%   117 1785s
 43328 24278  435.39170   68  179  427.00000  571.27353  33.8%   117 1790s
 43462 24371  494.62917   65  207  427.00000  571.21850  33.8%   117 1795s

Cutting planes:
  Gomory: 46
  MIR: 6
  Flow cover: 12
  Zero half: 1

Explored 43575 nodes (5086816 simplex iterations) in 1800.02 seconds (757.60 work units)
Thread count was 1 (of 12 available processors)

Solution count 10: 427 422 419 ... 386

Time limit reached
Best objective 4.270000000000e+02, best bound 5.710000000000e+02, gap 33.7237%
