
Gurobi 12.0.2 (linux64, C++) logging started Thu Jun 19 08:00:19 2025

Set parameter LogFile to value "log/instances/scenario2/fully_correlated_sc2/300/kpfs_6.txt.log"

Gurobi 12.0.2 (linux64, C++) logging started Thu Jun 19 08:01:42 2025

Set parameter LogFile to value "log/instances/scenario2/fully_correlated_sc2/300/kpfs_6.txt.log"

Gurobi 12.0.2 (linux64, C++) logging started Thu Jun 19 08:02:53 2025

Set parameter LogFile to value "log/instances/scenario2/fully_correlated_sc2/300/kpfs_6.txt.log"

Gurobi 12.0.2 (linux64, C++) logging started Thu Jun 19 08:03:57 2025

Set parameter LogFile to value "log/instances/scenario2/fully_correlated_sc2/300/kpfs_6.txt.log"

Gurobi 12.0.2 (linux64, C++) logging started Thu Jun 19 15:37:21 2025

Set parameter WLSAccessID
Set parameter WLSSecret
Set parameter LicenseID to value 2679381
Set parameter LogFile to value "log/instances/scenario2/fully_correlated_sc2/300/kpfs_6.txt.log"
Academic license 2679381 - for non-commercial use only - registered to be___@poli.ufrj.br
Set parameter TimeLimit to value 1800
Set parameter Threads to value 1
Gurobi Optimizer version 12.0.2 build v12.0.2rc0 (linux64 - "Ubuntu 24.04.1 LTS")

CPU model: 13th Gen Intel(R) Core(TM) i7-1355U, instruction set [SSE2|AVX|AVX2]
Thread count: 6 physical cores, 12 logical processors, using up to 1 threads

Non-default parameters:
TimeLimit  1800
Threads  1

Academic license 2679381 - for non-commercial use only - registered to be___@poli.ufrj.br
Optimize a model with 902 rows, 1200 columns and 9850 nonzeros
Model fingerprint: 0x5a9fa9e9
Variable types: 0 continuous, 1200 integer (300 binary)
Coefficient statistics:
  Matrix range     [1e+00, 3e+01]
  Objective range  [3e+00, 4e+01]
  Bounds range     [1e+00, 1e+01]
  RHS range        [1e+00, 5e+02]
Found heuristic solution: objective 134.0000000
Presolve removed 0 rows and 69 columns
Presolve time: 0.13s
Presolved: 902 rows, 1131 columns, 9712 nonzeros
Variable types: 0 continuous, 1131 integer (300 binary)

Root relaxation: objective 6.988500e+02, 1727 iterations, 0.82 seconds (0.26 work units)

    Nodes    |    Current Node    |     Objective Bounds      |     Work
 Expl Unexpl |  Obj  Depth IntInf | Incumbent    BestBd   Gap | It/Node Time

     0     0  698.84996    0  217  134.00000  698.84996   422%     -    1s
H    0     0                     135.0000000  698.84996   418%     -    1s
H    0     0                     143.0000000  698.84996   389%     -    1s
H    0     0                     153.0000000  698.84996   357%     -    1s
H    0     0                     157.0000000  698.84996   345%     -    1s
H    0     0                     178.0000000  698.84996   293%     -    1s
H    0     0                     290.0000000  698.84996   141%     -    1s
H    0     0                     294.0000000  698.84996   138%     -    1s
H    0     0                     302.0000000  698.84996   131%     -    1s
H    0     0                     326.0000000  698.84996   114%     -    1s
H    0     0                     332.0000000  698.84996   110%     -    1s
H    0     0                     335.0000000  698.84996   109%     -    1s
H    0     0                     401.0000000  698.84996  74.3%     -    1s
     0     0  698.13321    0  214  401.00000  698.13321  74.1%     -    2s
H    0     0                     403.0000000  698.09990  73.2%     -    2s
H    0     0                     409.0000000  698.09990  70.7%     -    2s
H    0     0                     426.0000000  698.09990  63.9%     -    3s
     0     0  698.05841    0  215  426.00000  698.05841  63.9%     -    3s
     0     0  697.97392    0  214  426.00000  697.97392  63.8%     -    3s
     0     0  697.96177    0  212  426.00000  697.96177  63.8%     -    3s
     0     0  697.95107    0  211  426.00000  697.95107  63.8%     -    3s
     0     0  697.63906    0  211  426.00000  697.63906  63.8%     -    3s
H    0     0                     434.0000000  697.61975  60.7%     -    4s
H    0     0                     441.0000000  697.61975  58.2%     -    4s
     0     2  697.61387    0  211  441.00000  697.61387  58.2%     -    4s
     6     8  691.70086    4  210  441.00000  693.57671  57.3%   310    5s
H   26    26                     451.0000000  693.57671  53.8%   221    6s
H   26    26                     457.0000000  693.57671  51.8%   221    6s
    80    82  582.07794   63  184  457.00000  693.57671  51.8%   219   10s
H  130   130                     461.0000000  693.57671  50.5%   206   12s
H  156   156                     469.0000000  693.57671  47.9%   194   13s
   245   233  532.81203   37  182  469.00000  692.24929  47.6%   161   15s
   340   303  625.60005   12  196  469.00000  691.66572  47.5%   144   20s
   544   489  504.53873   83  161  469.00000  690.18082  47.2%   132   25s
   566   505  642.06260   19  187  469.00000  687.02878  46.5%   140   30s
   583   517  672.90724   28  205  469.00000  673.28098  43.6%   148   35s
   635   551  606.84749   54  201  469.00000  660.11554  40.7%   167   40s
   666   572  526.06398   69  186  469.00000  660.11554  40.7%   177   45s
   702   596  518.13982   87  173  469.00000  660.11554  40.7%   184   50s
   748   621  472.68057  110  167  469.00000  660.11554  40.7%   188   55s
   785   620  609.48149   24  177  469.00000  660.08318  40.7%   187   60s
   832   652  498.90590   47  185  469.00000  660.08318  40.7%   191   65s
   919   668  474.65010   91  163  469.00000  660.08318  40.7%   189   70s
   990   704  542.36646   49  184  469.00000  652.78187  39.2%   195   75s
  1004   713  530.95248   56  194  469.00000  652.78187  39.2%   196   80s
  1074   744  479.51911   91  174  469.00000  652.78187  39.2%   199   85s
  1121   741  610.51249   26  174  469.00000  652.67621  39.2%   197   90s
  1169   773  524.05797   50  183  469.00000  652.67621  39.2%   200   95s
  1234   813  507.56406   83  178  469.00000  652.67621  39.2%   203  100s
  1286   812  569.60215   27  177  469.00000  648.46053  38.3%   201  105s
  1358   852  471.24973   63  180  469.00000  648.46053  38.3%   202  110s
  1421   872  558.36721   34  183  469.00000  648.34686  38.2%   203  115s
  1470   905  554.73643   59  194  469.00000  648.34686  38.2%   206  120s
  1544   924  477.88060   96  173  469.00000  648.34686  38.2%   205  125s
  1598   942  573.22752   45  184  469.00000  648.34014  38.2%   205  130s
  1642   972  487.99432   67  185  469.00000  648.34014  38.2%   207  135s
  1749  1005  538.45825   33  185  469.00000  648.31508  38.2%   206  140s
  1854  1033  615.43471   26  171  469.00000  648.16982  38.2%   204  145s
  1975  1102  517.65965   63  197  469.00000  648.13464  38.2%   199  155s
  2000  1116     cutoff   86       469.00000  648.13464  38.2%   197  160s
  2170  1252  471.96571   95  175  469.00000  646.02867  37.7%   191  166s
  2198  1268  520.53806   39  190  469.00000  645.85881  37.7%   190  170s
  2358  1400  537.49563   54  192  469.00000  644.94649  37.5%   185  175s
  2551  1561  515.82145   79  185  469.00000  644.73230  37.5%   180  180s
  2670  1659     cutoff   72       469.00000  643.33991  37.2%   180  185s
  2816  1756  523.53155   49  200  469.00000  641.83665  36.9%   176  190s
  2944  1860  599.07765   24  181  469.00000  640.43297  36.6%   173  195s
  3075  1941  554.42385   54  194  469.00000  639.19489  36.3%   171  200s
  3186  2031  503.39893   47  184  469.00000  637.61282  36.0%   168  205s
  3310  2138  505.42563   51  198  469.00000  636.97727  35.8%   166  211s
  3441  2242  558.71773   33  192  469.00000  636.62902  35.7%   163  215s
  3697  2414  520.97944   41  210  469.00000  635.92958  35.6%   162  220s
  4032  2664  589.44843   23  186  469.00000  633.29130  35.0%   157  225s
  4226  2781  589.77239   29  179  469.00000  632.23031  34.8%   155  231s
  4392  2915  556.40945   35  171  469.00000  631.70504  34.7%   153  235s
  4472  2969  594.70050   36  186  469.00000  631.26631  34.6%   154  240s
  4609  3089  477.98825   77  177  469.00000  630.94111  34.5%   152  245s
  4869  3285  595.55543   34  180  469.00000  629.73411  34.3%   149  250s
  5150  3497  581.13436   26  175  469.00000  628.08091  33.9%   146  255s
  5423  3701     cutoff   69       469.00000  627.55447  33.8%   145  260s
  5800  3960  499.42590   42  191  469.00000  624.95490  33.3%   142  265s
  5982  4103  477.76931   73  170  469.00000  624.59600  33.2%   141  270s
  6097  4190  493.39628   41  191  469.00000  624.14512  33.1%   141  275s
  6269  4296  615.13818   28  194  469.00000  623.64995  33.0%   141  280s
  6453  4443  566.04551   31  172  469.00000  623.20337  32.9%   140  285s
  6685  4612  565.13725   34  195  469.00000  622.13834  32.7%   139  291s
  6776  4687  544.07434   35  200  469.00000  621.76490  32.6%   138  295s
  6890  4776  501.46714   50  200  469.00000  621.58003  32.5%   138  305s
  6992  4868  476.85680   65  181  469.00000  621.25153  32.5%   139  310s
  7254  5046  565.03069   37  190  469.00000  620.43697  32.3%   138  315s
  7677  5356  568.25800   21  189  469.00000  619.07272  32.0%   136  320s
  7948  5548     cutoff   41       469.00000  617.52941  31.7%   135  325s
  8459  5911  554.43546   37  187  469.00000  615.75258  31.3%   132  330s
  8576  5984  549.89685   47  188  469.00000  615.72287  31.3%   133  335s
  8685  6062  550.26307   44  182  469.00000  615.52711  31.2%   133  340s
  8943  6254  486.95758   45  156  469.00000  614.91867  31.1%   132  345s
  9239  6448  507.16997   65  185  469.00000  613.69583  30.9%   130  350s
  9339  6521     cutoff   68       469.00000  613.62550  30.8%   131  355s
  9511  6641  474.86387   51  184  469.00000  613.17967  30.7%   131  360s
  9747  6793  574.82286   40  192  469.00000  612.54523  30.6%   130  365s
 10018  7008  501.55321   47  176  469.00000  611.92207  30.5%   129  370s
 10087  7069  521.88729   70  182  469.00000  611.84612  30.5%   129  375s
 10203  7130  592.00382   37  211  469.00000  611.42047  30.4%   129  481s
 10215  7138  566.95707   48  221  469.00000  611.42047  30.4%   129  485s
 10221  7142  568.59422   21  221  469.00000  611.42047  30.4%   129  490s
 10228  7147  546.30803   42  224  469.00000  611.42047  30.4%   129  495s
 10234  7151  530.42876   73  220  469.00000  611.42047  30.4%   129  500s
 10239  7154  511.82995   35  221  469.00000  611.42047  30.4%   129  505s
 10243  7157  478.63080   47  223  469.00000  611.42047  30.4%   129  510s
 10248  7160  584.50000   38  226  469.00000  611.42047  30.4%   129  515s
 10254  7164  477.23408   59  220  469.00000  611.42047  30.4%   129  520s
 10260  7168  533.59121   49  227  469.00000  611.42047  30.4%   129  525s
 10266  7172  481.68132   67  230  469.00000  611.42047  30.4%   129  530s
 10272  7176  529.32842   60  228  469.00000  611.42047  30.4%   129  535s
 10282  7183  600.14953   33  234  469.00000  611.42047  30.4%   128  540s
 10284  7184  580.16229   26  230  469.00000  611.42047  30.4%   128  545s
 10290  7188  556.89392   33  229  469.00000  611.42047  30.4%   128  550s
 10297  7193  594.68217   41  235  469.00000  611.42047  30.4%   128  557s
 10300  7195  536.09640   56  233  469.00000  611.42047  30.4%   128  560s
 10303  7197  592.00382   37  233  469.00000  611.42047  30.4%   128  566s
 10315  7207  611.42047   32  181  469.00000  611.42047  30.4%   129  570s
 10339  7223  611.42047   44  199  469.00000  611.42047  30.4%   130  575s
 10356  7234  611.42047   53  206  469.00000  611.42047  30.4%   130  581s
 10390  7257  589.91428   70  201  469.00000  611.42047  30.4%   131  585s
 10403  7265  525.16111   76  191  469.00000  611.42047  30.4%   132  592s
 10411  7271  519.46457   80  188  469.00000  611.42047  30.4%   132  595s
 10443  7291  498.10557   96  183  469.00000  611.42047  30.4%   132  600s
 10475  7299  478.17459  112  171  469.00000  611.42047  30.4%   133  605s
 10513  7302  575.34491   36  165  469.00000  611.42047  30.4%   133  611s
 10540  7320  554.84878   50  190  469.00000  611.42047  30.4%   134  615s
 10585  7341  473.80598   72  174  469.00000  611.42047  30.4%   135  620s
 10627  7346  577.41862   38  177  469.00000  611.42047  30.4%   136  625s
 10655  7364  581.99736   52  180  469.00000  611.42047  30.4%   137  630s
 10681  7382  529.62751   65  189  469.00000  611.42047  30.4%   137  635s
 10713  7403  482.28593   81  181  469.00000  611.42047  30.4%   138  640s
 10757  7401  611.42047   30  187  469.00000  611.42047  30.4%   138  648s
 10766  7407  594.53618   34  172  469.00000  611.42047  30.4%   139  650s
 10794  7426  576.80395   48  201  469.00000  611.42047  30.4%   140  655s
 10822  7445  544.01828   62  193  469.00000  611.42047  30.4%   140  662s
 10843  7459  530.68016   73  197  469.00000  611.42047  30.4%   141  665s
 10891  7468  478.07874   97  185  469.00000  611.42047  30.4%   142  670s
 10965  7501  502.52656   63  196  469.00000  611.42047  30.4%   143  675s
 11019  7508  552.80057   48  168  469.00000  611.42047  30.4%   144  680s
 11068  7541  526.95078   73  179  469.00000  611.42047  30.4%   145  685s
 11147  7561  555.80991   54  184  469.00000  611.42047  30.4%   146  690s
 11208  7602  521.64661   85  177  469.00000  611.42047  30.4%   147  695s
 11269  7609  586.73089   41  186  469.00000  611.42047  30.4%   148  700s
 11302  7631  513.96501   57  193  469.00000  611.42047  30.4%   149  705s
 11347  7651  490.51664   80  184  469.00000  611.42047  30.4%   150  710s
 11382  7652  611.42047   48  201  469.00000  611.42047  30.4%   150  715s
 11417  7675  527.53061   76  191  469.00000  611.42047  30.4%   150  720s
 11463  7686  571.37393   39  165  469.00000  611.42047  30.4%   150  725s
 11528  7713  611.42047   31  202  469.00000  611.42047  30.4%   150  730s
 11563  7737  560.95063   57  203  469.00000  611.42047  30.4%   151  735s
 11634  7762  584.42695   36  190  469.00000  611.42047  30.4%   151  740s
 11712  7801  611.42047   38  203  469.00000  611.42047  30.4%   151  745s
 11794  7844  601.59851   31  174  469.00000  611.42047  30.4%   151  750s
 11805  7851  562.28852   36  179  469.00000  611.42047  30.4%   151  755s
 11894  7899  487.89697   52  181  469.00000  611.42047  30.4%   152  760s
 12002  7962  502.76205  100  183  469.00000  611.42047  30.4%   152  765s
 12113  8000     cutoff   97       469.00000  611.42047  30.4%   152  770s
 12165  8033  494.51322   59  187  469.00000  611.42047  30.4%   153  775s
 12258  8045  547.11826   60  201  469.00000  611.42047  30.4%   153  780s
 12362  8099  514.81391   64  190  469.00000  611.42047  30.4%   153  785s
 12515  8171  555.81027   44  183  469.00000  611.42047  30.4%   153  790s
 12517  8173  611.42047   43  195  469.00000  611.42047  30.4%   153  796s
 12594  8210  501.91522   69  180  469.00000  611.42047  30.4%   153  800s
 12767  8279  572.57186   33  182  469.00000  611.42047  30.4%   153  805s
 12884  8336  585.91768   40  195  469.00000  611.42047  30.4%   153  812s
 12894  8343  556.40544   50  203  469.00000  611.42047  30.4%   153  815s
 13070  8431  499.64157   62  205  469.00000  611.42047  30.4%   152  820s
 13198  8456  479.88135   43  163  469.00000  611.42047  30.4%   153  825s
 13398  8542  538.65586   59  181  469.00000  611.42047  30.4%   153  830s
 13605  8631  569.88900   44  189  469.00000  611.42047  30.4%   152  835s
 13736  8674  583.94806   35  195  469.00000  611.42047  30.4%   152  840s
 13945  8755  571.50817   49  196  469.00000  611.42047  30.4%   153  845s
 13993  8787  500.42830   73  185  469.00000  611.42047  30.4%   153  850s
 14195  8858  499.65121   74  173  469.00000  611.42047  30.4%   153  855s
 14471  8977  587.51397   32  156  469.00000  611.42047  30.4%   153  860s
 14759  9100  558.34412   39  191  469.00000  611.42047  30.4%   152  865s
 14879  9162  477.78397   80  174  469.00000  611.42047  30.4%   153  870s
 15065  9190  594.93222   46  205  469.00000  611.42047  30.4%   153  875s
 15288  9309  480.51416  100  179  469.00000  611.42047  30.4%   152  880s
 15439  9370  545.93268   46  180  469.00000  611.42047  30.4%   152  885s
 15648  9465  499.49835   51  133  469.00000  611.42047  30.4%   152  890s
 15880  9580  499.22334   60  182  469.00000  611.42047  30.4%   151  895s
 16055  9641  520.49767   57  194  469.00000  611.42047  30.4%   152  900s
 16333  9752  470.69027   73  169  469.00000  611.42047  30.4%   151  905s
 16594  9849  545.09718   45  167  469.00000  611.42047  30.4%   151  910s
 16717  9887  568.89720   39  180  469.00000  611.42047  30.4%   152  920s
 16904  9948  568.84046   49  194  469.00000  611.42047  30.4%   152  925s
 17179 10076  565.74714   45  178  469.00000  611.42047  30.4%   151  930s
 17355 10130  497.92532   54  183  469.00000  611.42047  30.4%   151  935s
 17541 10210  472.63683   80  177  469.00000  611.42047  30.4%   150  940s
 17694 10248  532.37155   54  209  469.00000  611.42047  30.4%   150  945s
 17946 10360  553.67461   47  175  469.00000  611.42047  30.4%   150  951s
 18094 10417  522.39492   43  181  469.00000  611.42047  30.4%   150  955s
 18189 10439  566.22835   43  198  469.00000  611.42047  30.4%   150  960s
 18360 10483  598.12792   42  194  469.00000  611.42047  30.4%   150  965s
 18538 10564  588.01051   41  183  469.00000  611.42047  30.4%   150  970s
 18686 10630  527.77548   53  213  469.00000  611.42047  30.4%   149  980s
 18792 10651  560.17712   45  209  469.00000  611.42047  30.4%   149  985s
 18892 10696     cutoff   73       469.00000  611.42047  30.4%   150  990s
 19101 10766  523.03449   56  191  469.00000  611.42047  30.4%   149  995s
 19274 10842  513.85337   46  182  469.00000  611.42047  30.4%   149 1000s
 19462 10899  532.82745   50  195  469.00000  611.42047  30.4%   149 1005s
 19678 10990  547.91223   33  145  469.00000  611.42047  30.4%   149 1010s
 19816 11026  544.27700   51  192  469.00000  611.42047  30.4%   149 1015s
 19976 11076  529.84245   44  207  469.00000  611.42047  30.4%   149 1020s
 20310 11210  574.25697   42  186  469.00000  611.42047  30.4%   148 1025s
 20573 11320  485.86536   75  178  469.00000  610.72100  30.2%   148 1030s
 20792 11405  549.55723   46  204  469.00000  610.38034  30.1%   147 1035s
 20997 11495  572.43729   39  172  469.00000  609.99629  30.1%   147 1040s
 21150 11561  510.53753   58  182  469.00000  609.64438  30.0%   147 1045s
 21334 11616  534.45313   53  204  469.00000  608.98365  29.8%   147 1050s
 21466 11661  549.17470   57  184  469.00000  608.89831  29.8%   147 1055s
 21660 11722  525.04884   60  184  469.00000  608.48730  29.7%   147 1060s
 21861 11804  522.96408   58  190  469.00000  608.09345  29.7%   146 1065s
 22076 11870  573.25869   50  196  469.00000  607.63896  29.6%   146 1070s
 22258 11953  497.60005   79  190  469.00000  607.57585  29.5%   146 1075s
 22435 12016  531.67099   45  173  469.00000  607.45833  29.5%   146 1080s
 22608 12065  595.03382   35  189  469.00000  607.34320  29.5%   146 1085s
 22699 12102  496.28079   41  151  469.00000  607.18765  29.5%   146 1090s
 22916 12178  555.74441   49  168  469.00000  606.85655  29.4%   145 1095s
 23232 12313  476.31731   71  174  469.00000  606.36781  29.3%   145 1100s
 23478 12399  538.23155   64  188  469.00000  606.09103  29.2%   145 1105s
 23647 12471  480.37526   84  174  469.00000  605.82586  29.2%   145 1110s
 23800 12524  553.73840   58  196  469.00000  605.66959  29.1%   144 1115s
 23944 12602  473.22228   86  183  469.00000  605.60447  29.1%   144 1121s
 24079 12651  485.58259   48  148  469.00000  605.48515  29.1%   144 1125s
 24218 12715     cutoff   72       469.00000  605.40413  29.1%   144 1130s
 24400 12765  510.27643   60  190  469.00000  605.33282  29.1%   144 1135s
 24567 12814  484.58866   58  179  469.00000  605.16658  29.0%   144 1140s
 24737 12881  524.32126   81  190  469.00000  604.95532  29.0%   144 1145s
 24903 12936  470.92594   77  175  469.00000  604.72634  28.9%   144 1150s
 25056 12969  581.81030   36  163  469.00000  604.53276  28.9%   144 1155s
 25211 13029  478.99983   86  179  469.00000  604.42366  28.9%   144 1160s
 25413 13102  546.87138   55  203  469.00000  603.94392  28.8%   144 1165s
 25582 13145  534.75724   47  206  469.00000  603.54658  28.7%   144 1170s
 25687 13177  579.04118   46  194  469.00000  603.33099  28.6%   144 1175s
 25933 13279  482.14823   51  187  469.00000  603.05842  28.6%   144 1180s
 26083 13325  541.46769   59  193  469.00000  602.74207  28.5%   144 1185s
 26205 13374  598.20949   46  187  469.00000  602.55572  28.5%   144 1190s
 26357 13451  521.58195   64  205  469.00000  602.42811  28.4%   144 1195s
 26504 13498  486.06997   52  161  469.00000  602.36706  28.4%   144 1200s
 26790 13603  563.78495   31  171  469.00000  601.99119  28.4%   144 1205s
 27004 13671  565.33362   48  189  469.00000  601.63762  28.3%   144 1210s
 27138 13708  568.41637   40  178  469.00000  601.54989  28.3%   144 1215s
 27372 13810  488.97317   79  176  469.00000  601.37580  28.2%   144 1220s
 27542 13838  518.78170   74  184  469.00000  601.13530  28.2%   144 1225s
 27828 13945  558.17332   40  178  469.00000  600.55532  28.1%   144 1230s
 28210 14095  504.22073   51  184  469.00000  599.93907  27.9%   143 1235s
 28477 14165  512.93318   64  185  469.00000  599.67419  27.9%   143 1240s
 28698 14263  471.83861   98  164  469.00000  599.41906  27.8%   143 1245s
 28908 14342  556.15386   54  195  469.00000  599.19163  27.8%   142 1250s
 29016 14397  505.53242   75  185  469.00000  599.16522  27.8%   143 1255s
 29147 14424  504.48717   65  187  469.00000  599.13283  27.7%   143 1260s
 29371 14497  485.99591   89  181  469.00000  598.70669  27.7%   142 1265s
 29628 14586  567.96220   40  170  469.00000  598.34668  27.6%   142 1270s
 29751 14623  471.72194   91  172  469.00000  598.23166  27.6%   143 1275s
 29962 14709  475.51154   67  184  469.00000  598.12247  27.5%   143 1280s
 30194 14776  475.12016   55  181  469.00000  597.84566  27.5%   142 1285s
 30391 14846  483.98674   55  193  469.00000  597.69114  27.4%   142 1290s
 30634 14941  478.92272   73  182  469.00000  597.60782  27.4%   142 1295s
 31025 15064  481.26806   82  171  469.00000  597.10622  27.3%   142 1300s
 31308 15163  476.51657   65  173  469.00000  596.71923  27.2%   142 1305s
 31543 15243  511.58507   62  189  469.00000  596.55983  27.2%   142 1310s
 31731 15315  522.62832   58  196  469.00000  596.34435  27.2%   142 1315s
 31847 15336  514.84427   63  187  469.00000  596.27422  27.1%   142 1320s
 32026 15439  578.22667   43  184  469.00000  596.13410  27.1%   142 1325s
 32281 15612  521.62145   64  177  469.00000  595.75328  27.0%   142 1330s
H32448 15259                     476.0000000  595.54676  25.1%   142 1344s
 32448 15261  490.46689   59  179  476.00000  595.54676  25.1%   142 1345s
 32450 15261  482.34171   60  177  476.00000  595.54676  25.1%   142 1373s
 32588 15353  478.21350   93  172  476.00000  595.46237  25.1%   142 1375s
 32921 15578  518.45106   58  192  476.00000  595.14691  25.0%   141 1380s
 33092 15707  499.53597   58  194  476.00000  594.96061  25.0%   141 1385s
 33310 15839  496.33597   48  173  476.00000  594.81430  25.0%   141 1390s
 33487 15932  569.88428   44  158  476.00000  594.69845  24.9%   141 1395s
 33692 16069  504.44760   52  202  476.00000  594.49770  24.9%   141 1400s
 33952 16241  494.74854   80  185  476.00000  594.26134  24.8%   141 1405s
 34256 16448  501.34716   81  190  476.00000  594.08238  24.8%   141 1410s
 34470 16580  508.76336   54  182  476.00000  593.95396  24.8%   141 1415s
 34656 16703  510.76589   59  190  476.00000  593.74167  24.7%   141 1420s
 34800 16780  533.54730   54  211  476.00000  593.66109  24.7%   141 1425s
 34941 16884  552.38059   39  156  476.00000  593.57956  24.7%   141 1430s
 35116 16997  573.75235   43  164  476.00000  593.37140  24.7%   141 1435s
 35242 17069  589.31153   53  205  476.00000  593.29702  24.6%   140 1440s
 35361 17156  535.18099   45  180  476.00000  593.24490  24.6%   140 1445s
 35504 17258  557.50915   50  196  476.00000  592.88536  24.6%   140 1450s
 35615 17332  505.16886   62  191  476.00000  592.77949  24.5%   140 1455s
 35740 17397  552.37421   35  177  476.00000  592.66213  24.5%   140 1460s
 35784 17433  522.90113   55  190  476.00000  592.51611  24.5%   140 1466s
 35948 17557  538.22743   49  184  476.00000  592.36849  24.4%   140 1470s
 36142 17694  522.25881   45  188  476.00000  592.20827  24.4%   140 1475s
 36346 17797     cutoff   51       476.00000  592.12780  24.4%   140 1480s
 36635 17983  499.22334   67  173  476.00000  591.81465  24.3%   140 1485s
 36924 18176  483.31653   54  183  476.00000  591.59074  24.3%   139 1490s
 37128 18296  506.64907   46  157  476.00000  591.24052  24.2%   139 1495s
 37297 18403  550.62770   44  186  476.00000  591.15437  24.2%   139 1500s
 37411 18487  484.99802   58  171  476.00000  591.11504  24.2%   139 1505s
 37521 18528  520.11753   44  147  476.00000  591.09296  24.2%   139 1511s
 37614 18581  527.28742   58  190  476.00000  591.02963  24.2%   140 1515s
 37760 18684  500.00922   69  185  476.00000  590.99890  24.2%   139 1520s
 37911 18766  555.05327   48  185  476.00000  590.79944  24.1%   139 1525s
 38025 18837  531.98656   64  196  476.00000  590.68197  24.1%   139 1530s
 38168 18918  565.15814   51  195  476.00000  590.57917  24.1%   140 1535s
 38354 19050  550.08835   47  190  476.00000  590.48171  24.1%   139 1540s
 38509 19164  492.32469   73  186  476.00000  590.44370  24.0%   139 1545s
 38654 19254  479.85717   68  186  476.00000  590.12624  24.0%   139 1550s
 38798 19337  557.41566   45  202  476.00000  590.01501  24.0%   139 1555s
 38917 19402  543.58748   39  166  476.00000  589.87943  23.9%   139 1560s
 39056 19501  520.49988   60  189  476.00000  589.79701  23.9%   139 1565s
 39234 19599  551.07689   46  181  476.00000  589.67382  23.9%   139 1570s
 39436 19746  560.35468   53  197  476.00000  589.52807  23.9%   139 1575s
 39716 19933  530.84047   49  200  476.00000  589.34908  23.8%   139 1580s
 39841 20013  482.52700   77  184  476.00000  589.26091  23.8%   139 1585s
 40030 20126  505.54626   56  187  476.00000  589.12184  23.8%   139 1590s
 40141 20197  539.98044   59  178  476.00000  589.05302  23.8%   139 1595s
 40390 20362  485.17656   65  181  476.00000  588.77457  23.7%   139 1600s
 40506 20412  548.24177   61  192  476.00000  588.74584  23.7%   139 1605s
 40672 20510  551.23877   34  158  476.00000  588.60095  23.7%   139 1610s
 40880 20636  547.34653   56  203  476.00000  588.52736  23.6%   138 1615s
 41068 20767  551.49470   58  199  476.00000  588.38407  23.6%   138 1620s
 41281 20912  553.80293   46  173  476.00000  588.30663  23.6%   138 1626s
 41437 21010  479.76996   56  186  476.00000  588.15576  23.6%   138 1630s
 41592 21119  494.64635   62  186  476.00000  587.95031  23.5%   138 1635s
 41804 21260  499.67274   65  185  476.00000  587.78945  23.5%   138 1640s
 42009 21397  536.03934   62  194  476.00000  587.52923  23.4%   138 1645s
 42208 21515  539.31775   43  174  476.00000  587.32720  23.4%   138 1650s
 42450 21667  542.27895   41  186  476.00000  587.10528  23.3%   138 1655s
 42587 21762  540.02965   40  173  476.00000  587.02085  23.3%   138 1660s
 42725 21844  562.33697   58  199  476.00000  586.96854  23.3%   138 1665s
 43051 22061  484.03338   63  191  476.00000  586.82636  23.3%   138 1670s
 43277 22217  580.88842   45  197  476.00000  586.69532  23.3%   138 1675s
 43402 22302     cutoff   83       476.00000  586.63163  23.2%   138 1680s
 43583 22410  488.95814   71  189  476.00000  586.49875  23.2%   138 1685s
 43780 22519  516.40373   67  186  476.00000  586.28086  23.2%   138 1690s
 43945 22634  491.96677   46  172  476.00000  586.17610  23.1%   138 1695s
 44119 22721  537.91347   40  189  476.00000  586.07282  23.1%   138 1700s
 44504 22968     cutoff   59       476.00000  585.72837  23.1%   138 1705s
 44744 23126  567.02974   54  181  476.00000  585.54418  23.0%   137 1710s
 44899 23222  497.71119   53  189  476.00000  585.52811  23.0%   137 1715s
 45155 23398     cutoff   64       476.00000  585.36992  23.0%   137 1720s
 45395 23557  484.52601   71  183  476.00000  585.22815  22.9%   137 1725s
 45596 23685  479.90865   49  183  476.00000  585.14038  22.9%   137 1730s
 45764 23767  565.09108   47  181  476.00000  585.01181  22.9%   137 1735s
 45922 23889  510.22727   71  172  476.00000  584.92949  22.9%   137 1740s
 46104 23990  537.40951   46  173  476.00000  584.85398  22.9%   137 1745s
 46217 24069  514.32672   70  193  476.00000  584.83296  22.9%   137 1750s
 46408 24174  518.26060   38  156  476.00000  584.78845  22.9%   137 1755s
 46619 24301  561.16948   42  165  476.00000  584.58991  22.8%   137 1760s
 46913 24478  482.95354   84  174  476.00000  584.40645  22.8%   137 1765s
 47078 24565  543.35421   40  202  476.00000  584.31525  22.8%   137 1770s
 47257 24696  548.92713   49  197  476.00000  584.20786  22.7%   137 1775s
 47397 24787  488.23718   73  186  476.00000  584.19276  22.7%   137 1780s
 47562 24886  494.40346   51  167  476.00000  584.15659  22.7%   137 1785s
 47727 24981  479.02309   58  158  476.00000  584.04604  22.7%   137 1790s
 47857 25061  506.43482   54  182  476.00000  583.95573  22.7%   136 1795s

Cutting planes:
  Gomory: 52
  MIR: 2
  Flow cover: 6

Explored 47974 nodes (6553830 simplex iterations) in 1800.02 seconds (812.46 work units)
Thread count was 1 (of 12 available processors)

Solution count 10: 476 469 461 ... 403

Time limit reached
Best objective 4.760000000000e+02, best bound 5.830000000000e+02, gap 22.4790%
