
Gurobi 12.0.2 (linux64, C++) logging started Thu Jun 19 08:00:18 2025

Set parameter LogFile to value "log/instances/scenario1/correlated_sc1/1000/kpfs_4.txt.log"

Gurobi 12.0.2 (linux64, C++) logging started Thu Jun 19 08:01:41 2025

Set parameter LogFile to value "log/instances/scenario1/correlated_sc1/1000/kpfs_4.txt.log"

Gurobi 12.0.2 (linux64, C++) logging started Thu Jun 19 08:02:52 2025

Set parameter LogFile to value "log/instances/scenario1/correlated_sc1/1000/kpfs_4.txt.log"

Gurobi 12.0.2 (linux64, C++) logging started Thu Jun 19 08:03:56 2025

Set parameter LogFile to value "log/instances/scenario1/correlated_sc1/1000/kpfs_4.txt.log"

Gurobi 12.0.2 (linux64, C++) logging started Thu Jun 19 10:07:18 2025

Set parameter WLSAccessID
Set parameter WLSSecret
Set parameter LicenseID to value 2679381
Set parameter LogFile to value "log/instances/scenario1/correlated_sc1/1000/kpfs_4.txt.log"
Academic license 2679381 - for non-commercial use only - registered to be___@poli.ufrj.br
Set parameter TimeLimit to value 1800
Set parameter Threads to value 1
Gurobi Optimizer version 12.0.2 build v12.0.2rc0 (linux64 - "Ubuntu 24.04.1 LTS")

CPU model: 13th Gen Intel(R) Core(TM) i7-1355U, instruction set [SSE2|AVX|AVX2]
Thread count: 6 physical cores, 12 logical processors, using up to 1 threads

Non-default parameters:
TimeLimit  1800
Threads  1

Academic license 2679381 - for non-commercial use only - registered to be___@poli.ufrj.br
Optimize a model with 5002 rows, 6000 columns and 65774 nonzeros
Model fingerprint: 0x7b7ce05b
Variable types: 0 continuous, 6000 integer (1000 binary)
Coefficient statistics:
  Matrix range     [1e+00, 3e+01]
  Objective range  [1e+00, 4e+01]
  Bounds range     [1e+00, 2e+01]
  RHS range        [1e+00, 2e+03]
Found heuristic solution: objective 195.0000000
Presolve removed 0 rows and 58 columns
Presolve time: 0.45s
Presolved: 5002 rows, 5942 columns, 65658 nonzeros
Variable types: 0 continuous, 5942 integer (1228 binary)

Root simplex log...

Iteration    Objective       Primal Inf.    Dual Inf.      Time
    2580    2.4705450e+03   9.516853e+04   0.000000e+00      5s
    4080    2.2551366e+03   2.856227e+03   0.000000e+00     10s
    5550    2.0916568e+03   8.007448e+03   0.000000e+00     15s
    7090    1.8717399e+03   6.719618e+03   0.000000e+00     20s
    8690    1.7473891e+03   7.270523e+03   0.000000e+00     25s
   10330    1.6836893e+03   8.534807e+02   0.000000e+00     30s
   11890    1.6556556e+03   4.644879e+02   0.000000e+00     35s
   13195    1.6471641e+03   0.000000e+00   0.000000e+00     40s

Root relaxation: objective 1.647164e+03, 13195 iterations, 39.08 seconds (13.48 work units)

    Nodes    |    Current Node    |     Objective Bounds      |     Work
 Expl Unexpl |  Obj  Depth IntInf | Incumbent    BestBd   Gap | It/Node Time

     0     0 1647.16408    0  681  195.00000 1647.16408   745%     -   39s
H    0     0                     201.0000000 1647.16408   719%     -   39s
H    0     0                     218.0000000 1647.16408   656%     -   41s
H    0     0                     340.0000000 1647.16408   384%     -   42s
H    0     0                     347.0000000 1647.16408   375%     -   42s
H    0     0                     363.0000000 1647.16408   354%     -   42s
H    0     0                     388.0000000 1647.16408   325%     -   42s
     0     0 1646.34258    0  680  388.00000 1646.34258   324%     -   57s
H    0     0                     395.0000000 1646.33977   317%     -   68s
H    0     0                     425.0000000 1646.33977   287%     -  115s
     0     0 1646.24749    0  672  425.00000 1646.24749   287%     -  116s
     0     0 1646.21332    0  675  425.00000 1646.21332   287%     -  116s
     0     0 1646.19998    0  671  425.00000 1646.19998   287%     -  117s
     0     0 1646.00044    0  666  425.00000 1646.00044   287%     -  139s
     0     0 1645.96202    0  672  425.00000 1645.96202   287%     -  180s
     0     0 1645.95641    0  672  425.00000 1645.95641   287%     -  231s
H    0     0                     473.0000000 1645.95641   248%     -  242s
H    0     0                     500.0000000 1645.95641   229%     -  242s
     0     2 1645.95608    0  672  500.00000 1645.95608   229%     -  242s
     1     3 1643.73722    1  690  500.00000 1645.95205   229%   913  245s
     2     4 1488.89432    1  616  500.00000 1643.72343   229%  2686  260s
     4     6 1448.55216    2  611  500.00000 1641.00678   228%  2726  277s
     5     7 1636.58147    3  682  500.00000 1640.98221   228%  2355  280s
     6     8 1475.50717    3  622  500.00000 1636.56412   227%  2721  294s
     7     9 1633.58508    4  693  500.00000 1636.51361   227%  2431  296s
     8    10 1461.99686    4  592  500.00000 1633.57729   227%  2698  309s
     9    11 1631.74788    5  678  500.00000 1633.15919   227%  2455  311s
    11    13 1509.87733    6  625  500.00000 1633.15919   227%  2627  328s
    12    14 1625.08081    7  687  500.00000 1633.15919   227%  2524  332s
    13    15 1476.47536    7  626  500.00000 1633.15919   227%  2904  347s
    15    17 1621.13299    9  686  500.00000 1633.15919   227%  2592  351s
    17    19 1617.46226   11  677  500.00000 1633.15919   227%  2354  355s
    20    22 1613.25898   14  689  500.00000 1633.15919   227%  2080  361s
    22    24 1610.05168   16  686  500.00000 1633.15919   227%  1936  365s
    25    27 1447.14474   18  583  500.00000 1633.15919   227%  2030  379s
H   26    26                     505.0000000 1633.15919   223%  1952  390s
H   26    26                     510.0000000 1633.15919   220%  1952  390s
    30    32 1602.77862   22  696  510.00000 1633.15919   220%  1906  396s
    33    35 1598.11921   25  684  510.00000 1633.15919   220%  1780  400s
    37    39 1592.05443   29  684  510.00000 1633.15919   220%  1640  405s
    39    41 1424.91681   30  589  510.00000 1633.15919   220%  1759  418s
    41    43 1586.27174   32  681  510.00000 1633.15919   220%  1692  420s
    45    47 1579.02395   36  681  510.00000 1633.15919   220%  1588  426s
    48    50 1574.07366   39  686  510.00000 1633.15919   220%  1520  430s
H   52    52                     515.0000000 1633.15919   217%  1422  433s
H   52    52                     532.0000000 1633.15919   207%  1422  434s
    53    55 1569.68196   44  668  532.00000 1633.15919   207%  1408  435s
    58    60 1563.58057   49  662  532.00000 1633.15919   207%  1321  440s
    61    63 1557.94822   52  656  532.00000 1633.15919   207%  1282  446s
    64    66 1552.52233   55  658  532.00000 1633.15919   207%  1245  451s
    66    68 1547.68586   57  656  532.00000 1633.15919   207%  1225  456s
    67    69 1447.24333   57  586  532.00000 1633.15919   207%  1258  468s
    69    71 1546.34115   59  658  532.00000 1633.15919   207%  1231  471s
    71    73 1539.37148   61  662  532.00000 1633.15919   207%  1217  477s
    72    74 1401.70707   61  588  532.00000 1633.15919   207%  1299  496s
    74    76 1536.64566   63  654  532.00000 1633.15919   207%  1277  500s
    77    79 1531.73327   66  661  532.00000 1633.15919   207%  1245  505s
    79    81 1528.27115   68  660  532.00000 1633.15919   207%  1226  510s
    83    85 1523.83795   72  647  532.00000 1633.15919   207%  1183  515s
    87    89 1519.92616   76  642  532.00000 1633.15919   207%  1145  521s
    90    92 1516.12186   79  636  532.00000 1633.15919   207%  1121  526s
    94    96 1513.94780   83  633  532.00000 1633.15919   207%  1085  530s
    98   100 1509.85227   87  636  532.00000 1633.15919   207%  1055  535s
   103   105 1506.73256   92  634  532.00000 1633.15919   207%  1017  540s
   105   107 1343.77533   93  540  532.00000 1633.15919   207%  1039  553s
   106   108 1503.59247   94  636  532.00000 1633.15919   207%  1033  555s
   108   110 1397.47524   95  573  532.00000 1633.15919   207%  1052  567s
   111   113 1496.84352   98  641  532.00000 1633.15919   207%  1035  571s
   114   116 1356.96272  100  566  532.00000 1633.15919   207%  1048  584s
   115   117 1492.23970  101  638  532.00000 1633.15919   207%  1042  585s
   118   120 1487.13898  104  636  532.00000 1633.15919   207%  1027  590s
   119   121 1345.62973  104  563  532.00000 1633.15919   207%  1049  599s
   120   122 1485.61580  105  624  532.00000 1633.15919   207%  1047  601s
   123   125 1481.56130  108  625  532.00000 1633.15919   207%  1032  605s
   128   130 1477.48590  113  619  532.00000 1633.15919   207%  1005  610s
   131   133 1314.92542  115  524  532.00000 1633.15919   207%  1022  625s
   134   136 1349.29236  117  578  532.00000 1633.15919   207%  1051  641s
   137   139 1459.66616  120  624  532.00000 1633.15919   207%  1039  646s
   139   141 1343.79346  121  537  532.00000 1633.15919   207%  1053  654s
   140   142 1454.98852  122  609  532.00000 1633.15919   207%  1047  656s
   142   144 1330.64326  123  556  532.00000 1633.15919   207%  1061  667s
   144   146 1302.72373  124  569  532.00000 1633.15919   207%  1076  678s
   145   147 1447.78005  125  610  532.00000 1633.15919   207%  1072  680s
   146   148 1339.16709  125  560  532.00000 1633.15919   207%  1088  691s
   149   151 1442.72688  128  601  532.00000 1633.15919   207%  1077  695s
   153   155 1435.76266  132  608  532.00000 1633.15919   207%  1060  700s
   156   158 1430.49252  135  601  532.00000 1633.15919   207%  1048  712s
   158   160 1427.58625  137  603  532.00000 1633.15919   207%  1040  715s
   163   165 1419.87344  142  609  532.00000 1633.15919   207%  1021  721s
   165   167 1293.67688  143  543  532.00000 1633.15919   207%  1046  735s
   169   171 1407.52251  147  602  532.00000 1633.15919   207%  1033  741s
   170   172 1241.32869  147  535  532.00000 1633.15919   207%  1050  751s
   173   175 1264.28643  149  552  532.00000 1633.15919   207%  1059  764s
   174   176 1400.57653  150  600  532.00000 1633.15919   207%  1058  766s
   177   179 1396.70275  153  593  532.00000 1633.15919   207%  1047  770s
   179   181 1199.11676  154  512  532.00000 1633.15919   207%  1077  978s
   181   183 1392.37933  156  601  532.00000 1633.15919   207%  1069  980s
   183   185 1388.24654  158  596  532.00000 1633.15919   207%  1063  986s
   187   189 1382.12378  162  587  532.00000 1633.15919   207%  1051  990s
   188   190 1239.05946  162  527  532.00000 1633.15919   207%  1065 1004s
   189   191 1381.21422  163  593  532.00000 1633.15919   207%  1061 1005s
   193   195 1373.99973  167  582  532.00000 1633.15919   207%  1049 1010s
   198   200 1202.06033  171  512  532.00000 1633.15919   207%  1052 1022s
   200   202 1363.72366  173  589  532.00000 1633.15919   207%  1046 1025s
   203   205 1358.43174  176  586  532.00000 1633.15919   207%  1038 1030s
   208   210 1352.94668  181  578  532.00000 1633.15919   207%  1023 1035s
   212   214 1347.37993  185  569  532.00000 1633.15919   207%  1011 1040s
   216   218 1339.37069  189  572  532.00000 1633.15919   207%  1002 1046s
   221   223 1334.39219  194  561  532.00000 1633.15919   207%   985 1050s
   222   224 1231.45036  194  534  532.00000 1633.15919   207%   994 1059s
   223   225 1333.15241  195  570  532.00000 1633.15919   207%   991 1061s
   225   227 1224.50740  196  505  532.00000 1633.15919   207%   999 1072s
   228   230 1324.64627  199  569  532.00000 1633.15919   207%   991 1075s
   234   236 1208.36207  204  529  532.00000 1633.15919   207%   986 1089s
   235   237 1320.04398  205  562  532.00000 1633.15919   207%   983 1090s
   239   241 1316.97877  209  571  532.00000 1633.15919   207%   971 1095s
   245   247 1311.32973  215  568  532.00000 1633.15919   207%   954 1100s
   251   253 1306.41755  221  551  532.00000 1633.15919   207%   937 1105s
   257   259 1298.34735  227  552  532.00000 1633.15919   207%   924 1111s
   258   260 1229.62255  227  518  532.00000 1633.15919   207%   930 1118s
   259   261 1295.00149  228  559  532.00000 1633.15919   207%   929 1120s
   260   262 1164.14972  228  488  532.00000 1633.15919   207%   937 1134s
   261   263 1293.67619  229  554  532.00000 1633.15919   207%   935 1135s
   271   273 1286.59580  239  555  532.00000 1633.15919   207%   909 1140s
   278   280 1278.12214  246  544  532.00000 1633.15919   207%   894 1145s
   282   284 1273.21975  250  529  532.00000 1633.15919   207%   885 1153s
   285   287 1270.64349  253  532  532.00000 1633.15919   207%   879 1155s
   286   288 1269.65400  254  530  532.00000 1633.15919   207%   877 1274s
   287   289 1269.18786  255  530  532.00000 1633.15919   207%   874 1275s
   288   290 1268.17551  256  532  532.00000 1633.15919   207%   872 1324s
   290   292 1266.70429  258  529  532.00000 1633.15919   207%   868 1325s
   299   301 1259.23791  267  522  532.00000 1633.15919   207%   848 1330s
   302   304 1256.84393  269  520  532.00000 1633.15919   207%   851 1335s
   310   312 1246.39883  277  512  532.00000 1633.15919   207%   837 1340s
   323   325 1235.84968  290  508  532.00000 1633.15919   207%   813 1345s
   325   327 1065.21929  291  434  532.00000 1633.15919   207%   819 1351s
   330   332 1225.16557  296  506  532.00000 1633.15919   207%   812 1355s
   332   334 1223.84554  297  509  532.00000 1633.15919   207%   818 1360s
   338   340 1085.67734  302  431  532.00000 1633.15919   207%   816 1371s
   342   344 1211.84390  306  498  532.00000 1633.15919   207%   811 1375s
   345   347 1098.42490  308  449  532.00000 1633.15919   207%   814 1383s
   347   349 1206.89006  310  492  532.00000 1633.15919   207%   811 1385s
   352   354 1110.51423  314  454  532.00000 1633.15919   207%   810 1394s
   353   355 1199.30662  315  500  532.00000 1633.15919   207%   809 1395s
   357   359 1093.47277  318  424  532.00000 1633.15919   207%   810 1405s
   359   361 1093.04321  319  446  532.00000 1633.15919   207%   814 1412s
   363   365 1186.92368  323  501  532.00000 1633.15919   207%   808 1415s
   367   369 1021.32863  326  425  532.00000 1633.15919   207%   811 1421s
   369   371 1054.41298  327  442  532.00000 1633.15919   207%   815 1426s
   376   378 1171.83058  334  496  532.00000 1633.15919   207%   805 1431s
   383   385 1166.20038  341  480  532.00000 1633.15919   207%   794 1435s
   394   396 1158.35440  352  489  532.00000 1633.15919   207%   778 1440s
   403   405 1150.56374  361  483  532.00000 1633.15919   207%   765 1445s
   411   413 1043.85697  368  422  532.00000 1633.15919   207%   761 1454s
   413   415 1142.09821  370  479  532.00000 1633.15919   207%   758 1455s
   416   418 1025.40036  372  415  532.00000 1633.15919   207%   759 1461s
   418   420  992.72449  373  389  532.00000 1633.15919   207%   763 1470s
   420   422 1049.76565  374  432  532.00000 1633.15919   207%   766 1476s
   430   432 1124.99052  384  472  532.00000 1633.15919   207%   754 1480s
   443   445 1113.47040  397  454  532.00000 1633.15919   207%   738 1485s
   447   449 1108.35899  400  452  532.00000 1633.15919   207%   739 1490s
   453   455  990.88613  405  380  532.00000 1633.15919   207%   737 1497s
   456   458 1025.91659  407  393  532.00000 1633.15919   207%   738 1504s
   457   459 1095.27764  408  441  532.00000 1633.15919   207%   737 1505s
   458   460  994.09526  408  385  532.00000 1633.15919   207%   740 1510s
   461   463 1090.68545  410  453  532.00000 1633.15919   207%   742 1515s
   466   468  999.28521  414  409  532.00000 1633.15919   207%   740 1520s
   476   478 1071.91226  424  439  532.00000 1633.15919   207%   730 1525s
   481   483 1064.67266  428  438  532.00000 1633.15919   207%   730 1530s
   489   491  948.80337  435  404  532.00000 1633.15919   207%   726 1535s
   501   503 1045.03087  447  421  532.00000 1633.15919   207%   713 1540s
   512   514  953.94582  457  396  532.00000 1633.15919   207%   707 1548s
   518   520  926.44801  462  378  532.00000 1633.15919   207%   705 1553s
   521   523  926.56783  464  374  532.00000 1633.15919   207%   706 1557s
   528   530  885.57518  470  346  532.00000 1633.15919   207%   702 1562s
   534   536  862.93995  475  331  532.00000 1633.15919   207%   700 1568s
   538   540  996.93725  479  389  532.00000 1633.15919   207%   697 1570s
   555   557  979.55741  496  380  532.00000 1633.15919   207%   681 1575s
   581   583  949.12387  522  371  532.00000 1633.15919   207%   659 1580s
   596   598  868.83751  535  331  532.00000 1633.15919   207%   652 1585s
   613   615  915.60722  552  350  532.00000 1633.15919   207%   639 1590s
   636   638  896.57341  575  331  532.00000 1633.15919   207%   621 1595s
   642   644  884.01432  580  329  532.00000 1633.15919   207%   619 1600s
   648   650  789.79516  584  299  532.00000 1633.15919   207%   619 1606s
   661   663  775.33460  596  288  532.00000 1633.15919   207%   613 1610s
   675   677  768.42160  609  283  532.00000 1633.15919   207%   605 1615s
   689   691  748.74222  621  278  532.00000 1633.15919   207%   599 1621s
   702   704  804.89502  633  287  532.00000 1633.15919   207%   592 1625s
   722   724  781.35827  652  271  532.00000 1633.15919   207%   581 1630s
   746   748  749.70752  674  266  532.00000 1633.15919   207%   570 1635s
   775   777  665.33318  698  243  532.00000 1633.15919   207%   561 1640s
   819   821  657.98708  737  223  532.00000 1633.15919   207%   544 1645s
   879   875  535.82343  787  189  532.00000 1633.15919   207%   526 1650s
   920   897 1416.18169    5  592  532.00000 1625.04371   205%   514 1666s

Cutting planes:
  Gomory: 6

Explored 921 nodes (486806 simplex iterations) in 1800.01 seconds (615.76 work units)
Thread count was 1 (of 12 available processors)

Solution count 10: 532 515 510 ... 363

Time limit reached
Best objective 5.320000000000e+02, best bound 1.625000000000e+03, gap 205.4511%
