
Gurobi 12.0.2 (linux64, C++) logging started Thu Jun 19 08:00:19 2025

Set parameter LogFile to value "log/instances/scenario4/correlated_sc4/300/kpfs_2.txt.log"

Gurobi 12.0.2 (linux64, C++) logging started Thu Jun 19 08:01:42 2025

Set parameter LogFile to value "log/instances/scenario4/correlated_sc4/300/kpfs_2.txt.log"

Gurobi 12.0.2 (linux64, C++) logging started Thu Jun 19 08:02:53 2025

Set parameter LogFile to value "log/instances/scenario4/correlated_sc4/300/kpfs_2.txt.log"

Gurobi 12.0.2 (linux64, C++) logging started Thu Jun 19 08:03:57 2025

Set parameter LogFile to value "log/instances/scenario4/correlated_sc4/300/kpfs_2.txt.log"

Gurobi 12.0.2 (linux64, C++) logging started Thu Jun 19 12:53:01 2025

Set parameter WLSAccessID
Set parameter WLSSecret
Set parameter LicenseID to value 2679381
Set parameter LogFile to value "log/instances/scenario4/correlated_sc4/300/kpfs_2.txt.log"
Academic license 2679381 - for non-commercial use only - registered to be___@poli.ufrj.br
Set parameter TimeLimit to value 1800
Set parameter Threads to value 1
Gurobi Optimizer version 12.0.2 build v12.0.2rc0 (linux64 - "Ubuntu 24.04.1 LTS")

CPU model: 13th Gen Intel(R) Core(TM) i7-1355U, instruction set [SSE2|AVX|AVX2]
Thread count: 6 physical cores, 12 logical processors, using up to 1 threads

Non-default parameters:
TimeLimit  1800
Threads  1

Academic license 2679381 - for non-commercial use only - registered to be___@poli.ufrj.br
Optimize a model with 902 rows, 1200 columns and 9785 nonzeros
Model fingerprint: 0xa0a0f5d6
Variable types: 0 continuous, 1200 integer (300 binary)
Coefficient statistics:
  Matrix range     [1e+00, 3e+01]
  Objective range  [1e+00, 4e+01]
  Bounds range     [1e+00, 1e+01]
  RHS range        [1e+00, 5e+02]
Found heuristic solution: objective 771.0000000
Presolve removed 0 rows and 16 columns
Presolve time: 0.12s
Presolved: 902 rows, 1184 columns, 9753 nonzeros
Variable types: 0 continuous, 1184 integer (380 binary)

Root relaxation: objective 9.423881e+02, 664 iterations, 0.08 seconds (0.04 work units)

    Nodes    |    Current Node    |     Objective Bounds      |     Work
 Expl Unexpl |  Obj  Depth IntInf | Incumbent    BestBd   Gap | It/Node Time

     0     0  942.38812    0  145  771.00000  942.38812  22.2%     -    0s
H    0     0                     781.0000000  942.38812  20.7%     -    0s
H    0     0                     825.0000000  942.38812  14.2%     -    0s
H    0     0                     826.0000000  942.38812  14.1%     -    0s
     0     0  941.41528    0  142  826.00000  941.41528  14.0%     -    0s
H    0     0                     842.0000000  941.41287  11.8%     -    0s
H    0     0                     856.0000000  941.41287  10.0%     -    0s
H    0     0                     857.0000000  941.41287  9.85%     -    0s
H    0     0                     862.0000000  941.41287  9.21%     -    1s
H    0     0                     863.0000000  941.41287  9.09%     -    1s
H    0     0                     864.0000000  941.41287  8.96%     -    1s
     0     0  941.40747    0  143  864.00000  941.40747  8.96%     -    1s
     0     0  940.97014    0  141  864.00000  940.97014  8.91%     -    1s
     0     0  940.96706    0  139  864.00000  940.96706  8.91%     -    1s
     0     0  940.96706    0  144  864.00000  940.96706  8.91%     -    1s
     0     0  940.67140    0  142  864.00000  940.67140  8.87%     -    1s
     0     0  940.65250    0  142  864.00000  940.65250  8.87%     -    1s
     0     0  940.65224    0  141  864.00000  940.65224  8.87%     -    1s
     0     0  940.50666    0  150  864.00000  940.50666  8.85%     -    2s
     0     0  940.48880    0  147  864.00000  940.48880  8.85%     -    2s
     0     0  940.48657    0  149  864.00000  940.48657  8.85%     -    2s
     0     0  940.47034    0  150  864.00000  940.47034  8.85%     -    2s
     0     0  940.44464    0  151  864.00000  940.44464  8.85%     -    2s
H    0     0                     876.0000000  940.43256  7.36%     -    2s
H    0     0                     882.0000000  940.43256  6.63%     -    2s
H    0     0                     883.0000000  940.43256  6.50%     -    2s
     0     0  940.43256    0  152  883.00000  940.43256  6.50%     -    2s
     0     0  940.06099    0  143  883.00000  940.06099  6.46%     -    2s
     0     0  939.97712    0  143  883.00000  939.97712  6.45%     -    2s
     0     0  939.89128    0  149  883.00000  939.89128  6.44%     -    2s
     0     0  939.87805    0  149  883.00000  939.87805  6.44%     -    2s
     0     0  939.87805    0  148  883.00000  939.87805  6.44%     -    2s
     0     0  939.83624    0  143  883.00000  939.83624  6.44%     -    3s
     0     0  939.77367    0  144  883.00000  939.77367  6.43%     -    3s
     0     0  939.76266    0  150  883.00000  939.76266  6.43%     -    3s
     0     0  939.76132    0  152  883.00000  939.76132  6.43%     -    3s
     0     0  939.75410    0  150  883.00000  939.75410  6.43%     -    3s
     0     0  939.60688    0  147  883.00000  939.60688  6.41%     -    3s
     0     0  939.58948    0  140  883.00000  939.58948  6.41%     -    3s
     0     0  939.58861    0  142  883.00000  939.58861  6.41%     -    3s
     0     0  939.53864    0  150  883.00000  939.53864  6.40%     -    3s
H    0     0                     886.0000000  939.46054  6.03%     -    4s
H    0     0                     888.0000000  939.46054  5.80%     -    4s
     0     0  939.46054    0  146  888.00000  939.46054  5.80%     -    5s
     0     0  939.46054    0  147  888.00000  939.46054  5.80%     -    5s
     0     0  939.21406    0  146  888.00000  939.21406  5.77%     -    5s
     0     0  939.20480    0  150  888.00000  939.20480  5.77%     -    5s
     0     0  939.13085    0  146  888.00000  939.13085  5.76%     -    5s
     0     0  939.10948    0  147  888.00000  939.10948  5.76%     -    5s
     0     0  939.10948    0  147  888.00000  939.10948  5.76%     -    5s
     0     0  939.10948    0  147  888.00000  939.10948  5.76%     -    5s
     0     2  939.10385    0  147  888.00000  939.10385  5.75%     -    6s
   176   165  932.84458    3  132  888.00000  938.09026  5.64%  33.5   10s
   542   492  893.82442   53  147  888.00000  934.55844  5.24%  42.6   15s
H  544   468                     890.0000000  934.55844  5.01%  42.5   16s
   562   482  934.55844   13  126  890.00000  934.55844  5.01%  44.2   20s
*  609   479              36     902.0000000  934.55844  3.61%  48.1   22s
   680   499  922.49846   22  131  902.00000  934.55844  3.61%  51.6   25s
   822   563  912.28848   31  111  902.00000  934.55844  3.61%  57.1   30s
  1112   666  912.71010   29  115  902.00000  932.72984  3.41%  61.2   35s
  1676   866  913.38584   23  122  902.00000  929.97479  3.10%  61.1   40s
  2021   999  910.04144   27  103  902.00000  928.35653  2.92%  59.5   45s
  2412  1211  904.70647   26  115  902.00000  927.52120  2.83%  58.5   50s
  3024  1557  913.28638   26  107  902.00000  926.19301  2.68%  57.0   55s
  3485  1835  912.84591   22  125  902.00000  925.57101  2.61%  56.4   60s
  4115  2228  903.01826   33   99  902.00000  924.77884  2.53%  55.8   65s
  4643  2506  912.91502   20  103  902.00000  924.24822  2.47%  54.9   70s
  5155  2768  904.62694   28   88  902.00000  923.83418  2.42%  54.4   75s
  5692  3081  910.03604   26  114  902.00000  923.41751  2.37%  54.0   80s
  6249  3354  909.61817   22  102  902.00000  922.98926  2.33%  53.4   85s
  7058  3747  918.27004   17  121  902.00000  922.61284  2.29%  52.7   90s
  7698  4066  913.09936   20  110  902.00000  922.30111  2.25%  52.3   95s
  8259  4349  920.73665   21  125  902.00000  922.04014  2.22%  51.9  100s
  8783  4569  909.07466   24  112  902.00000  921.83603  2.20%  51.6  106s
  9244  4785  904.99018   31  116  902.00000  921.63572  2.18%  51.6  110s
  9739  5039  908.62227   27  126  902.00000  921.42652  2.15%  51.3  115s
  9947  5140  917.52356   21  124  902.00000  921.33246  2.14%  51.3  120s
 10203  5261  915.46745   22  147  902.00000  921.18892  2.13%  51.3  152s
 10212  5267  908.43113   29  149  902.00000  921.18892  2.13%  51.2  155s
 10218  5271  910.64051   28  148  902.00000  921.18892  2.13%  51.2  161s
 10220  5272  918.37093   22  148  902.00000  921.18892  2.13%  51.2  165s
 10224  5275  918.91691   23  150  902.00000  921.18892  2.13%  51.2  170s
 10228  5278  907.17148   33  153  902.00000  921.18892  2.13%  51.1  175s
 10233  5281  913.10133   25  152  902.00000  921.18892  2.13%  51.1  180s
 10239  5285  917.49676   24  152  902.00000  921.18892  2.13%  51.1  186s
 10241  5286  915.04723   19  154  902.00000  921.18892  2.13%  51.1  192s
 10243  5288  907.07695   33  151  902.00000  921.18892  2.13%  51.1  199s
 10244  5288  917.45281   24  155  902.00000  921.18892  2.13%  51.1  200s
 10248  5291  914.66189   22  156  902.00000  921.18892  2.13%  51.0  205s
 10252  5294  907.85125   25  153  902.00000  921.18892  2.13%  51.0  210s
 10257  5297  908.99050   31  154  902.00000  921.18892  2.13%  51.0  215s
 10264  5302  917.08198   25  154  902.00000  921.18892  2.13%  51.0  220s
 10272  5307  916.96858   22  155  902.00000  921.18892  2.13%  50.9  225s
 10308  5332  913.32055   35   90  902.00000  921.18892  2.13%  51.3  230s
 10371  5350  903.94795   41   99  902.00000  921.18892  2.13%  51.5  235s
 10450  5371  920.59006   28  125  902.00000  921.18892  2.13%  51.7  240s
 10571  5413  903.98691   42   90  902.00000  921.18892  2.13%  52.0  245s
 10719  5457  910.94702   35  109  902.00000  921.18892  2.13%  52.3  250s
 11076  5558     cutoff   34       902.00000  921.18892  2.13%  52.7  255s
 11485  5658  913.31381   32  130  902.00000  921.18892  2.13%  52.8  260s
 11858  5743  905.03386   30  110  902.00000  921.18892  2.13%  52.8  265s
 12314  5831  905.67304   38  103  902.00000  921.18892  2.13%  52.9  270s
 12812  5901  918.90579   27  124  902.00000  921.18892  2.13%  52.8  275s
 13238  5966  914.25306   30  121  902.00000  921.18892  2.13%  52.9  280s
 13761  6048  921.05999   26  112  902.00000  921.18892  2.13%  52.8  285s
 13858  6060  920.56000   27  106  902.00000  921.18892  2.13%  52.8  290s
 14501  6130  910.26256   28  116  902.00000  921.18892  2.13%  52.7  295s
 14943  6181  908.90006   37  113  902.00000  921.18892  2.13%  52.6  300s
 15506  6230  915.53221   28  106  902.00000  921.18892  2.13%  52.6  305s
 15872  6276  917.62424   27  129  902.00000  921.18892  2.13%  52.5  310s
 16601  6350  918.75365   27  122  902.00000  920.82939  2.09%  52.5  315s
 17251  6439  910.45906   31  113  902.00000  920.52250  2.05%  52.4  320s
 17960  6503  914.59180   28  119  902.00000  920.25320  2.02%  52.4  325s
 18813  6549  908.63106   31  100  902.00000  919.82119  1.98%  52.2  330s
 19643  6588  909.11455   32  100  902.00000  919.48547  1.94%  52.1  335s
 20772  6631  917.13578   26  114  902.00000  919.00487  1.89%  51.9  340s
 21580  6661  905.88127   43  114  902.00000  918.72508  1.85%  51.7  345s
 22133  6658  917.64338   32  129  902.00000  918.55697  1.84%  51.7  350s
 22836  6702  903.29775   40   95  902.00000  918.35111  1.81%  51.6  355s
 23520  6717     cutoff   39       902.00000  918.13478  1.79%  51.5  360s
 24444  6695  915.97436   28  119  902.00000  917.88269  1.76%  51.4  365s
 25202  6696  913.20562   28  108  902.00000  917.68507  1.74%  51.2  370s
 25822  6728  910.64670   33  111  902.00000  917.55047  1.72%  51.2  375s
 26573  6808  906.92185   34  106  902.00000  917.40822  1.71%  51.1  380s
 27384  7092  909.79664   32  103  902.00000  917.20158  1.69%  51.0  385s
 28190  7377  903.45381   36  105  902.00000  917.01919  1.67%  50.9  390s
 28954  7604  912.28427   31  111  902.00000  916.82902  1.64%  50.8  395s
 29520  7750     cutoff   37       902.00000  916.68454  1.63%  50.8  400s
 30374  8007     cutoff   35       902.00000  916.49720  1.61%  50.7  405s
 30963  8196  913.76940   29  115  902.00000  916.43702  1.60%  50.6  410s
 31743  8438  915.02279   30  110  902.00000  916.32234  1.59%  50.5  415s
 32590  8703  908.80105   35  108  902.00000  916.20986  1.58%  50.4  420s
 33632  9006  908.68727   35  109  902.00000  916.05847  1.56%  50.2  425s
 34745  9321  915.19985   30  118  902.00000  915.90189  1.54%  50.1  430s
 35306  9507  911.96128   30  119  902.00000  915.78928  1.53%  50.0  435s
 35975  9685  906.95738   36  115  902.00000  915.70498  1.52%  49.9  440s
 36774  9927     cutoff   36       902.00000  915.59239  1.51%  49.7  445s
 37661 10179     cutoff   41       902.00000  915.47657  1.49%  49.6  450s
 38471 10392  911.02636   30  108  902.00000  915.36685  1.48%  49.5  455s
 39511 10670  904.87952   31  104  902.00000  915.22542  1.47%  49.4  460s
 40640 10963     cutoff   34       902.00000  915.09198  1.45%  49.3  465s
 41062 11057  905.33107   32  101  902.00000  915.02485  1.44%  49.3  470s
 41673 11228  910.49435   33   98  902.00000  914.94747  1.44%  49.2  475s
 42618 11438     cutoff   36       902.00000  914.83890  1.42%  49.1  480s
 43476 11640  912.34848   30  122  902.00000  914.75388  1.41%  49.0  485s
 44297 11852  910.15592   30  120  902.00000  914.66628  1.40%  48.9  490s
 45422 12127  903.34023   40   89  902.00000  914.56420  1.39%  48.8  495s
 46257 12325  907.70824   41   91  902.00000  914.48403  1.38%  48.7  501s
 46793 12451  903.30665   40   86  902.00000  914.43782  1.38%  48.6  505s
 47653 12663  909.46879   30  111  902.00000  914.36736  1.37%  48.5  510s
 48456 12831  909.52958   32  103  902.00000  914.28061  1.36%  48.5  515s
 49245 13005     cutoff   32       902.00000  914.20410  1.35%  48.4  520s
 50146 13182  903.67944   31  118  902.00000  914.11403  1.34%  48.3  525s
 50993 13402  903.53643   35   92  902.00000  914.02247  1.33%  48.2  530s
 51653 13554  910.23943   31   98  902.00000  913.94981  1.32%  48.2  535s
 52994 13859     cutoff   40       902.00000  913.85022  1.31%  48.1  540s
 54133 14092  903.31840   33   86  902.00000  913.76208  1.30%  48.0  545s
 55428 14350  909.98961   31  114  902.00000  913.65722  1.29%  47.9  550s
 56396 14542     cutoff   37       902.00000  913.56156  1.28%  47.8  555s
 57221 14743  910.17790   34   95  902.00000  913.48934  1.27%  47.7  560s
 58003 14907  906.44342   36  106  902.00000  913.42383  1.27%  47.7  565s
 58651 15018  910.54694   33  110  902.00000  913.37588  1.26%  47.6  570s
 59596 15216  905.20504   37  119  902.00000  913.29786  1.25%  47.6  575s
 60589 15395  904.61890   41   92  902.00000  913.22059  1.24%  47.5  580s
 61398 15514  904.91039   36  108  902.00000  913.15643  1.24%  47.5  585s
 62210 15662  908.12003   35  105  902.00000  913.10388  1.23%  47.4  590s
 63072 15811  906.42731   31   94  902.00000  913.03144  1.22%  47.4  595s
 63905 15934     cutoff   34       902.00000  912.98867  1.22%  47.3  600s
 64381 16022  910.18500   31  113  902.00000  912.95309  1.21%  47.3  605s
 65187 16173  906.21966   35   98  902.00000  912.90087  1.21%  47.2  610s
 66473 16371     cutoff   40       902.00000  912.81139  1.20%  47.1  615s
 67639 16562  903.55750   35   89  902.00000  912.73371  1.19%  47.1  620s
 68415 16685  906.73952   32  113  902.00000  912.68422  1.18%  47.0  625s
 69218 16820  906.91022   34   92  902.00000  912.64211  1.18%  46.9  630s
 69888 16939  907.98424   29  109  902.00000  912.59585  1.17%  46.9  635s
 70471 17028  908.43206   31  120  902.00000  912.56097  1.17%  46.9  640s
 71347 17138  906.72900   39   99  902.00000  912.50325  1.16%  46.8  645s
 71997 17232     cutoff   33       902.00000  912.46997  1.16%  46.8  650s
 72846 17384     cutoff   42       902.00000  912.42147  1.16%  46.7  655s
 73589 17465  907.63426   31   97  902.00000  912.37609  1.15%  46.7  660s
 74358 17561  905.33773   38  109  902.00000  912.32184  1.14%  46.6  665s
 75275 17699  904.79146   32  102  902.00000  912.26575  1.14%  46.5  670s
 75700 17731  904.87025   29  108  902.00000  912.24763  1.14%  46.5  676s
 76310 17828  907.40571   31   94  902.00000  912.21159  1.13%  46.5  680s
 77017 17902  903.33731   43   78  902.00000  912.16868  1.13%  46.4  685s
 77803 17991  907.60121   30  107  902.00000  912.12036  1.12%  46.4  690s
 78545 18105  905.49589   36   97  902.00000  912.07992  1.12%  46.3  695s
 79401 18223     cutoff   34       902.00000  912.02789  1.11%  46.3  700s
 80340 18321  909.85693   32  102  902.00000  911.96911  1.11%  46.3  705s
 81155 18407  904.50515   35   96  902.00000  911.92346  1.10%  46.2  710s
 82409 18582  906.46854   35  106  902.00000  911.84883  1.09%  46.1  715s
 83017 18635  907.89139   33  111  902.00000  911.81221  1.09%  46.1  720s
 83846 18750  903.83083   37   96  902.00000  911.76667  1.08%  46.0  725s
 84645 18814  909.06259   35  101  902.00000  911.72671  1.08%  46.0  730s
 85383 18920     cutoff   41       902.00000  911.70070  1.08%  45.9  735s
 85997 18987  905.44550   31  106  902.00000  911.66400  1.07%  45.9  740s
 86766 19082  903.55239   37   88  902.00000  911.62031  1.07%  45.9  745s
 87997 19201  907.74893   38  108  902.00000  911.55512  1.06%  45.8  750s
 88695 19258     cutoff   34       902.00000  911.51942  1.06%  45.8  755s
 89454 19348  904.74426   41  100  902.00000  911.48599  1.05%  45.7  760s
 90177 19421  908.10623   33  103  902.00000  911.46292  1.05%  45.7  765s
 90950 19514  905.37336   41   83  902.00000  911.41151  1.04%  45.6  771s
 91583 19568  906.36583   37  116  902.00000  911.38423  1.04%  45.6  775s
 92233 19622  906.98071   33   99  902.00000  911.35519  1.04%  45.6  780s
 92899 19693  907.39755   35  101  902.00000  911.32425  1.03%  45.6  785s
 93435 19752  903.40863   30  105  902.00000  911.30469  1.03%  45.5  790s
 93989 19795  903.80093   33   98  902.00000  911.27666  1.03%  45.5  795s
 94710 19862  909.77371   34  101  902.00000  911.24070  1.02%  45.5  800s
 95572 19910  906.07505   36  100  902.00000  911.20144  1.02%  45.4  805s
 96232 19966  908.89602   36  100  902.00000  911.17046  1.02%  45.4  810s
 96797 20024  907.59717   37  102  902.00000  911.14073  1.01%  45.4  815s
 97363 20062  905.90746   35  111  902.00000  911.10936  1.01%  45.4  820s
 97950 20103  905.08635   35  106  902.00000  911.08804  1.01%  45.3  825s
 98612 20180  906.13223   33  109  902.00000  911.06091  1.00%  45.3  830s
 99623 20242     cutoff   37       902.00000  911.00931  1.00%  45.3  835s
 100262 20272  905.94650   37  108  902.00000  910.98208  1.00%  45.3  840s
 101354 20381  904.43011   42  109  902.00000  910.93079  0.99%  45.2  845s
 102002 20429  903.65433   39  106  902.00000  910.90356  0.99%  45.2  850s
 102241 20438  906.12130   36   98  902.00000  910.89202  0.99%  45.2  856s
 102603 20472     cutoff   41       902.00000  910.87367  0.98%  45.2  860s
 103279 20517  903.49393   37   79  902.00000  910.84824  0.98%  45.1  865s
 103905 20542  904.00203   35   97  902.00000  910.81941  0.98%  45.1  870s
 104385 20594  904.87477   34  101  902.00000  910.79458  0.98%  45.1  875s
 104992 20624     cutoff   31       902.00000  910.76600  0.97%  45.1  880s
 105670 20641  906.19581   36  104  902.00000  910.74030  0.97%  45.0  885s
 106259 20679  905.79452   34   93  902.00000  910.71225  0.97%  45.0  890s
 107051 20707  905.04097   33  106  902.00000  910.68144  0.96%  45.0  895s
 107850 20770  904.27191   35  101  902.00000  910.64418  0.96%  45.0  900s
 108703 20836  909.34269   38  108  902.00000  910.60101  0.95%  44.9  905s
*109519 20324              41     903.0000000  910.57536  0.84%  44.9  909s
 109523 20322  909.12614   30  101  903.00000  910.57527  0.84%  44.9  910s
 110045 20316  907.94824   35  123  903.00000  910.54966  0.84%  44.9  915s
 111119 20279  908.05221   34  121  903.00000  910.48932  0.83%  44.8  920s
 111942 20258     cutoff   36       903.00000  910.44234  0.82%  44.8  925s
 113640 20229  907.30059   33  110  903.00000  910.35195  0.81%  44.7  930s
 114577 20189  904.74311   39  102  903.00000  910.30018  0.81%  44.7  935s
 115279 20147  904.52795   33   89  903.00000  910.25553  0.80%  44.7  940s
 116347 20071     cutoff   38       903.00000  910.19060  0.80%  44.6  945s
 117154 20040  904.76149   35  102  903.00000  910.15047  0.79%  44.6  950s
 118257 19997  905.12043   39  104  903.00000  910.09262  0.79%  44.6  955s
 119255 19932  906.12806   34  113  903.00000  910.04120  0.78%  44.5  960s
 120368 19846  906.70448   36  104  903.00000  909.97927  0.77%  44.5  965s
 121466 19780  906.51899   36  113  903.00000  909.92436  0.77%  44.5  970s
 122027 19734  904.79022   34   94  903.00000  909.89369  0.76%  44.5  975s
 123088 19666  908.26322   38  120  903.00000  909.83979  0.76%  44.4  980s
 124140 19548     cutoff   34       903.00000  909.77892  0.75%  44.4  985s
 125045 19465  905.78402   32  106  903.00000  909.72509  0.74%  44.4  990s
 126075 19358  905.24140   32  117  903.00000  909.66998  0.74%  44.3  995s
 127128 19249  904.74248   34   91  903.00000  909.61848  0.73%  44.3 1000s
 128709 19095     cutoff   35       903.00000  909.53632  0.72%  44.2 1005s
 129338 19032     cutoff   33       903.00000  909.50301  0.72%  44.2 1010s
 130401 18907  904.76630   35  114  903.00000  909.44480  0.71%  44.2 1015s
 131900 18742     cutoff   35       903.00000  909.37094  0.71%  44.1 1020s
 132873 18596     cutoff   39       903.00000  909.31565  0.70%  44.1 1025s
 133560 18488     cutoff   32       903.00000  909.28121  0.70%  44.1 1030s
 134274 18402  906.54793   36  109  903.00000  909.24188  0.69%  44.1 1035s
 134761 18327  904.12294   33   89  903.00000  909.21461  0.69%  44.1 1040s
 135711 18201     cutoff   33       903.00000  909.16531  0.68%  44.0 1045s
 136722 18073  904.42150   45   99  903.00000  909.11413  0.68%  44.0 1050s
 137662 17907     cutoff   39       903.00000  909.06174  0.67%  44.0 1055s
 138583 17764     cutoff   35       903.00000  909.01064  0.67%  44.0 1060s
 139337 17620  907.55802   35  106  903.00000  908.96942  0.66%  43.9 1065s
 140005 17501     cutoff   34       903.00000  908.93489  0.66%  43.9 1070s
 140445 17441  904.30997   35   75  903.00000  908.91608  0.66%  43.9 1075s
 141086 17337  905.91438   35  113  903.00000  908.88218  0.65%  43.9 1080s
 142137 17121  905.00977   41  108  903.00000  908.82689  0.65%  43.9 1085s
 142907 16960     cutoff   36       903.00000  908.77841  0.64%  43.9 1090s
 143848 16795  904.01373   40  112  903.00000  908.73196  0.63%  43.8 1095s
 144712 16629     cutoff   36       903.00000  908.68339  0.63%  43.8 1100s
 145675 16432     cutoff   36       903.00000  908.63183  0.62%  43.8 1105s
 146824 16201     cutoff   31       903.00000  908.57220  0.62%  43.8 1110s
 147873 15981  905.97645   34  116  903.00000  908.51141  0.61%  43.7 1115s
 148905 15739  904.64619   31   87  903.00000  908.45456  0.60%  43.7 1120s
 149991 15476  905.16547   35  100  903.00000  908.39222  0.60%  43.7 1125s
 150939 15232  905.47503   35   99  903.00000  908.33204  0.59%  43.6 1130s
 151728 15064     cutoff   35       903.00000  908.29558  0.59%  43.6 1135s
 152564 14844     cutoff   30       903.00000  908.24401  0.58%  43.6 1141s
 153152 14680  906.11956   34  107  903.00000  908.20903  0.58%  43.6 1145s
 154020 14459     cutoff   34       903.00000  908.15312  0.57%  43.5 1150s
 155327 14093  906.12347   35   90  903.00000  908.07287  0.56%  43.5 1155s
 156120 13844  905.67394   40  100  903.00000  908.02079  0.56%  43.5 1160s
 157499 13389  906.62927   38   97  903.00000  907.92889  0.55%  43.5 1165s
 158203 13181  906.03156   35   99  903.00000  907.88447  0.54%  43.4 1170s
 158796 13013     cutoff   35       903.00000  907.84857  0.54%  43.4 1175s
 159577 12729     cutoff   32       903.00000  907.79332  0.53%  43.4 1180s
 160337 12464  906.00602   35   97  903.00000  907.74416  0.53%  43.4 1185s
 161208 12145  906.13284   39  113  903.00000  907.67784  0.52%  43.4 1190s
 161442 12061  905.60106   32   99  903.00000  907.66055  0.52%  43.3 1195s
 162304 11755     cutoff   35       903.00000  907.60159  0.51%  43.3 1200s
 163128 11420     cutoff   36       903.00000  907.54011  0.50%  43.3 1205s
 163677 11216  906.22321   35   97  903.00000  907.49883  0.50%  43.3 1210s
 164951 10744  906.83425   36  105  903.00000  907.40367  0.49%  43.2 1215s
 165989 10269     cutoff   30       903.00000  907.31334  0.48%  43.2 1220s
 167000  9843  904.83496   40  120  903.00000  907.23186  0.47%  43.2 1225s
 168233  9234  904.28716   33   94  903.00000  907.11803  0.46%  43.1 1230s
 168949  8858  906.47226   34  118  903.00000  907.04971  0.45%  43.1 1235s
 169659  8511  904.51043   37  111  903.00000  906.98479  0.44%  43.1 1240s
 170122  8271     cutoff   33       903.00000  906.93258  0.44%  43.0 1245s
 170876  7877  905.19028   35   98  903.00000  906.85511  0.43%  43.0 1250s
 171565  7525     cutoff   34       903.00000  906.78814  0.42%  43.0 1255s
 172375  7071     cutoff   41       903.00000  906.70383  0.41%  42.9 1260s
 173014  6732  904.70970   34   98  903.00000  906.63820  0.40%  42.9 1265s
 173824  6267     cutoff   33       903.00000  906.54068  0.39%  42.9 1270s
 174672  5744     cutoff   35       903.00000  906.43306  0.38%  42.8 1275s
 175557  5207     cutoff   33       903.00000  906.31588  0.37%  42.8 1280s
 176539  4555     cutoff   41       903.00000  906.16301  0.35%  42.7 1285s
 177274  4057     cutoff   37       903.00000  906.04370  0.34%  42.6 1290s
 177974  3543     cutoff   40       903.00000  905.90604  0.32%  42.6 1295s
 178939  2834     cutoff   35       903.00000  905.70373  0.30%  42.5 1300s
 180465  1616     cutoff   34       903.00000  905.22737  0.25%  42.3 1305s
 182263    26     cutoff   40       903.00000  904.02692  0.11%  42.1 1311s

Cutting planes:
  Gomory: 7
  MIR: 9
  Flow cover: 10
  Zero half: 26

Explored 182290 nodes (7670079 simplex iterations) in 1311.39 seconds (490.73 work units)
Thread count was 1 (of 12 available processors)

Solution count 10: 903 902 890 ... 863

Optimal solution found (tolerance 1.00e-04)
Best objective 9.030000000000e+02, best bound 9.030000000000e+02, gap 0.0000%
