
Gurobi 12.0.2 (linux64, C++) logging started Thu Jun 19 08:00:20 2025

Set parameter LogFile to value "log/instances/scenario4/not_correlated_sc4/500/kpfs_5.txt.log"

Gurobi 12.0.2 (linux64, C++) logging started Thu Jun 19 08:01:43 2025

Set parameter LogFile to value "log/instances/scenario4/not_correlated_sc4/500/kpfs_5.txt.log"

Gurobi 12.0.2 (linux64, C++) logging started Thu Jun 19 08:02:54 2025

Set parameter LogFile to value "log/instances/scenario4/not_correlated_sc4/500/kpfs_5.txt.log"

Gurobi 12.0.2 (linux64, C++) logging started Thu Jun 19 08:03:58 2025

Set parameter LogFile to value "log/instances/scenario4/not_correlated_sc4/500/kpfs_5.txt.log"

Gurobi 12.0.2 (linux64, C++) logging started Thu Jun 19 13:13:46 2025

Set parameter WLSAccessID
Set parameter WLSSecret
Set parameter LicenseID to value 2679381
Set parameter LogFile to value "log/instances/scenario4/not_correlated_sc4/500/kpfs_5.txt.log"
Academic license 2679381 - for non-commercial use only - registered to be___@poli.ufrj.br
Set parameter TimeLimit to value 1800
Set parameter Threads to value 1
Gurobi Optimizer version 12.0.2 build v12.0.2rc0 (linux64 - "Ubuntu 24.04.1 LTS")

CPU model: 13th Gen Intel(R) Core(TM) i7-1355U, instruction set [SSE2|AVX|AVX2]
Thread count: 6 physical cores, 12 logical processors, using up to 1 threads

Non-default parameters:
TimeLimit  1800
Threads  1

Academic license 2679381 - for non-commercial use only - registered to be___@poli.ufrj.br
Optimize a model with 1502 rows, 2000 columns and 23453 nonzeros
Model fingerprint: 0xfd7af4ca
Variable types: 0 continuous, 2000 integer (500 binary)
Coefficient statistics:
  Matrix range     [1e+00, 3e+01]
  Objective range  [1e+00, 3e+01]
  Bounds range     [1e+00, 2e+01]
  RHS range        [1e+00, 8e+02]
Found heuristic solution: objective 515.0000000
Presolve removed 0 rows and 58 columns
Presolve time: 0.17s
Presolved: 1502 rows, 1942 columns, 23337 nonzeros
Variable types: 0 continuous, 1942 integer (532 binary)

Root relaxation: objective 1.216167e+03, 965 iterations, 0.24 seconds (0.08 work units)

    Nodes    |    Current Node    |     Objective Bounds      |     Work
 Expl Unexpl |  Obj  Depth IntInf | Incumbent    BestBd   Gap | It/Node Time

     0     0 1216.16680    0  167  515.00000 1216.16680   136%     -    0s
H    0     0                     902.0000000 1216.16680  34.8%     -    0s
H    0     0                     977.0000000 1216.16680  24.5%     -    0s
H    0     0                     995.0000000 1216.16680  22.2%     -    0s
H    0     0                    1047.0000000 1216.16680  16.2%     -    0s
H    0     0                    1052.0000000 1216.16680  15.6%     -    0s
H    0     0                    1085.0000000 1216.16680  12.1%     -    0s
H    0     0                    1101.0000000 1216.16680  10.5%     -    0s
H    0     0                    1112.0000000 1216.16680  9.37%     -    0s
H    0     0                    1118.0000000 1216.16680  8.78%     -    0s
     0     0 1214.41603    0  177 1118.00000 1214.41603  8.62%     -    1s
     0     0 1214.33851    0  178 1118.00000 1214.33851  8.62%     -    2s
     0     0 1213.87018    0  174 1118.00000 1213.87018  8.58%     -    2s
     0     0 1213.86065    0  176 1118.00000 1213.86065  8.57%     -    2s
     0     0 1213.68970    0  171 1118.00000 1213.68970  8.56%     -    3s
     0     0 1213.63275    0  176 1118.00000 1213.63275  8.55%     -    3s
     0     0 1213.62996    0  177 1118.00000 1213.62996  8.55%     -    3s
     0     0 1213.62993    0  178 1118.00000 1213.62993  8.55%     -    3s
     0     0 1213.61914    0  175 1118.00000 1213.61914  8.55%     -    3s
     0     0 1213.57452    0  181 1118.00000 1213.57452  8.55%     -    3s
     0     0 1213.56747    0  181 1118.00000 1213.56747  8.55%     -    4s
     0     0 1213.56093    0  181 1118.00000 1213.56093  8.55%     -    4s
     0     2 1213.15565    0  181 1118.00000 1213.15565  8.51%     -    5s
H   26    26                    1137.0000000 1210.61676  6.47%  86.5    5s
H   52    52                    1139.0000000 1210.61676  6.29%  60.0    6s
H   52    52                    1141.0000000 1210.61676  6.10%  60.0    6s
H   52    52                    1143.0000000 1210.61676  5.92%  60.0    6s
H   52    52                    1146.0000000 1210.61676  5.64%  60.0    6s
H   52    52                    1147.0000000 1210.61676  5.55%  60.0    6s
H   52    52                    1156.0000000 1210.61676  4.72%  60.0    6s
   277   243 1198.77522    4  169 1156.00000 1205.51115  4.28%  56.7   10s
   588   469 1164.56700   76  167 1156.00000 1201.76018  3.96%  57.5   15s
   697   509 1195.08140   19  171 1156.00000 1201.76018  3.96%  63.4   20s
   797   539 1192.19442   21  149 1156.00000 1201.76018  3.96%  66.0   25s
H 1026   553                    1157.0000000 1199.33983  3.66%  69.1   30s
  1285   607 1193.15670   21  151 1157.00000 1195.96224  3.37%  68.9   35s
  1593   631 1170.47600   26  128 1157.00000 1193.10838  3.12%  66.8   40s
  1742   654 1163.63687   28  139 1157.00000 1192.03262  3.03%  66.3   45s
  1972   665 1188.65143   22  158 1157.00000 1190.52337  2.90%  65.1   50s
H 1975   661                    1158.0000000 1190.52337  2.81%  65.0   52s
  2110   716 1184.81872   21  147 1158.00000 1189.46801  2.72%  64.8   55s
  2588   889 1169.31506   26  149 1158.00000 1187.33707  2.53%  64.0   60s
  2991   965     cutoff   30      1158.00000 1185.83513  2.40%  63.3   65s
  3174  1014 1184.07743   23  152 1158.00000 1185.08545  2.34%  63.2   70s
  3491  1098 1172.36137   23  146 1158.00000 1184.01049  2.25%  62.8   75s
  3677  1161 1165.36054   29  139 1158.00000 1183.68413  2.22%  62.4   80s
  4049  1241 1160.77896   27  148 1158.00000 1182.58276  2.12%  61.9   85s
  4453  1323 1173.30064   25  148 1158.00000 1181.35222  2.02%  61.6   90s
  4669  1368 1172.13421   24  158 1158.00000 1180.52421  1.95%  61.4   95s
  5041  1410 1173.06614   24  155 1158.00000 1180.05781  1.90%  61.2  100s
  5372  1464     cutoff   24      1158.00000 1179.36763  1.85%  60.9  105s
  5852  1541 1174.60135   28  141 1158.00000 1178.56674  1.78%  60.4  110s
  6423  1594 1162.38040   21  143 1158.00000 1177.79168  1.71%  60.2  115s
  6947  1631 1159.20971   34  144 1158.00000 1177.00788  1.64%  60.0  120s
  7371  1652 1165.54598   27  156 1158.00000 1176.22385  1.57%  59.8  125s
  7736  1660 1165.19922   28  146 1158.00000 1175.71466  1.53%  59.7  130s
  7989  1660 1166.01516   25  152 1158.00000 1175.42354  1.50%  59.6  135s
  8428  1682 1160.75207   30  160 1158.00000 1174.95119  1.46%  59.3  140s
  8856  1681 1167.90708   26  133 1158.00000 1174.48440  1.42%  59.2  145s
  9441  1677 1163.48540   26  162 1158.00000 1173.64505  1.35%  59.1  150s
  9913  1648 1167.35155   24  154 1158.00000 1173.18832  1.31%  59.1  155s
 10333  1631 1165.02497   28  157 1158.00000 1172.76688  1.28%  59.0  160s
 10747  1605 1166.95178   24  147 1158.00000 1172.38530  1.24%  58.8  165s
 11003  1582 1165.72072   27  152 1158.00000 1172.07212  1.22%  58.8  170s
 11410  1534 1163.72872   27  152 1158.00000 1171.65071  1.18%  58.7  175s
 11927  1493 1163.16009   35  133 1158.00000 1171.17604  1.14%  58.4  180s
 12449  1429 1167.69479   23  156 1158.00000 1170.62752  1.09%  58.2  185s
 13327  1279     cutoff   25      1158.00000 1169.59081  1.00%  58.0  190s
 14006  1123 1162.50451   39   66 1158.00000 1168.58542  0.91%  57.9  195s
 14386  1023 1165.04421   26  153 1158.00000 1168.06850  0.87%  57.7  200s
 14777   928     cutoff   23      1158.00000 1167.56462  0.83%  57.5  205s
 15306   748 1161.00301   28  156 1158.00000 1166.58828  0.74%  57.3  210s
 15940   484     cutoff   33      1158.00000 1165.02217  0.61%  56.9  215s
*16270   241              35    1159.0000000 1163.44853  0.38%  56.6  217s

Cutting planes:
  Gomory: 6
  MIR: 6
  Zero half: 10

Explored 16586 nodes (928633 simplex iterations) in 219.12 seconds (83.94 work units)
Thread count was 1 (of 12 available processors)

Solution count 10: 1159 1158 1157 ... 1137

Optimal solution found (tolerance 1.00e-04)
Best objective 1.159000000000e+03, best bound 1.159000000000e+03, gap 0.0000%
