
Gurobi 12.0.2 (linux64, C++) logging started Thu Jun 19 08:00:18 2025

Set parameter LogFile to value "log/instances/scenario1/fully_correlated_sc1/1000/kpfs_10.txt.log"

Gurobi 12.0.2 (linux64, C++) logging started Thu Jun 19 08:01:41 2025

Set parameter LogFile to value "log/instances/scenario1/fully_correlated_sc1/1000/kpfs_10.txt.log"

Gurobi 12.0.2 (linux64, C++) logging started Thu Jun 19 08:02:52 2025

Set parameter LogFile to value "log/instances/scenario1/fully_correlated_sc1/1000/kpfs_10.txt.log"

Gurobi 12.0.2 (linux64, C++) logging started Thu Jun 19 08:03:56 2025

Set parameter LogFile to value "log/instances/scenario1/fully_correlated_sc1/1000/kpfs_10.txt.log"

Gurobi 12.0.2 (linux64, C++) logging started Thu Jun 19 08:07:15 2025

Set parameter WLSAccessID
Set parameter WLSSecret
Set parameter LicenseID to value 2679381
Set parameter LogFile to value "log/instances/scenario1/fully_correlated_sc1/1000/kpfs_10.txt.log"
Academic license 2679381 - for non-commercial use only - registered to be___@poli.ufrj.br
Set parameter TimeLimit to value 1800
Set parameter Threads to value 1
Gurobi Optimizer version 12.0.2 build v12.0.2rc0 (linux64 - "Ubuntu 24.04.1 LTS")

CPU model: 13th Gen Intel(R) Core(TM) i7-1355U, instruction set [SSE2|AVX|AVX2]
Thread count: 6 physical cores, 12 logical processors, using up to 1 threads

Non-default parameters:
TimeLimit  1800
Threads  1

Academic license 2679381 - for non-commercial use only - registered to be___@poli.ufrj.br
Optimize a model with 5002 rows, 6000 columns and 65923 nonzeros
Model fingerprint: 0x170b82bd
Variable types: 0 continuous, 6000 integer (1000 binary)
Coefficient statistics:
  Matrix range     [1e+00, 3e+01]
  Objective range  [3e+00, 4e+01]
  Bounds range     [1e+00, 2e+01]
  RHS range        [1e+00, 2e+03]
Found heuristic solution: objective 207.0000000
Presolve removed 0 rows and 282 columns
Presolve time: 0.57s
Presolved: 5002 rows, 5718 columns, 65359 nonzeros
Variable types: 0 continuous, 5718 integer (1000 binary)

Root simplex log...

Iteration    Objective       Primal Inf.    Dual Inf.      Time
    2566    2.4587989e+03   4.337300e+03   0.000000e+00      5s
    3646    2.2933560e+03   1.232730e+04   0.000000e+00     11s
    4886    2.1339823e+03   6.504919e+03   0.000000e+00     15s
    6646    1.9062673e+03   4.024732e+03   0.000000e+00     20s
    8506    1.7744608e+03   9.206991e+03   0.000000e+00     25s
    9606    1.7343188e+03   1.143580e+03   0.000000e+00     30s
   10486    1.7071006e+03   1.269878e+03   0.000000e+00     35s
   11726    1.6781222e+03   5.625267e+02   0.000000e+00     40s
   12446    1.6679071e+03   6.761294e+02   0.000000e+00     45s
   13706    1.6580786e+03   2.437727e+00   0.000000e+00     50s
   14199    1.6571005e+03   0.000000e+00   0.000000e+00     52s

Root relaxation: objective 1.657101e+03, 14199 iterations, 51.32 seconds (14.50 work units)

    Nodes    |    Current Node    |     Objective Bounds      |     Work
 Expl Unexpl |  Obj  Depth IntInf | Incumbent    BestBd   Gap | It/Node Time

     0     0 1657.10051    0  752  207.00000 1657.10051   701%     -   52s
H    0     0                     214.0000000 1657.10051   674%     -   52s
H    0     0                     275.0000000 1657.10051   503%     -   57s
H    0     0                     282.0000000 1657.10051   488%     -   57s
H    0     0                     306.0000000 1657.10051   442%     -   57s
     0     0 1656.28314    0  756  306.00000 1656.28314   441%     -   79s
H    0     0                     308.0000000 1656.27398   438%     -   92s
H    0     0                     323.0000000 1656.27398   413%     -   92s
H    0     0                     373.0000000 1656.27398   344%     -   92s
H    0     0                     407.0000000 1656.27398   307%     -   92s
H    0     0                     431.0000000 1656.27398   284%     -  121s
H    0     0                     465.0000000 1656.27398   256%     -  121s
H    0     0                     535.0000000 1656.27398   210%     -  149s
     0     0 1656.24804    0  753  535.00000 1656.24804   210%     -  150s
     0     0 1656.22312    0  753  535.00000 1656.22312   210%     -  150s
     0     0 1656.20883    0  762  535.00000 1656.20883   210%     -  151s
     0     0 1656.03215    0  753  535.00000 1656.03215   210%     -  171s
     0     0 1655.94600    0  750  535.00000 1655.94600   210%     -  203s
     0     0 1655.93848    0  756  535.00000 1655.93848   210%     -  204s
     0     0 1655.91564    0  762  535.00000 1655.91564   210%     -  205s
     0     0 1655.91013    0  757  535.00000 1655.91013   210%     -  205s
     0     0 1655.90763    0  755  535.00000 1655.90763   210%     -  205s
     0     0 1655.90553    0  755  535.00000 1655.90553   210%     -  259s
H    0     0                     544.0000000 1655.89359   204%     -  269s
H    0     0                     561.0000000 1655.89359   195%     -  269s
     0     2 1655.89359    0  755  561.00000 1655.89359   195%     -  269s
     1     3 1560.73172    1  694  561.00000 1655.89359   195%  4172  284s
     2     4 1654.34198    1  755  561.00000 1654.34198   195%  2557  287s
     4     6 1531.84848    2  685  561.00000 1652.00123   194%  2596  301s
     6     8 1557.12506    3  683  561.00000 1649.81892   194%  2483  319s
     7     9 1648.60758    4  756  561.00000 1649.80242   194%  2202  321s
     8    10 1538.98244    4  675  561.00000 1648.60693   194%  2456  333s
     9    11 1647.08966    5  759  561.00000 1648.57696   194%  2249  335s
    11    13 1509.53626    6  665  561.00000 1648.57696   194%  2677  356s
    13    15 1546.07309    7  676  561.00000 1648.57696   194%  2918  372s
    15    17 1639.58201    9  750  561.00000 1648.57696   194%  2595  375s
    16    18 1524.32990    9  669  561.00000 1648.57696   194%  2691  389s
    17    19 1637.87806   10  750  561.00000 1648.57696   194%  2593  391s
    18    20 1539.50565   10  692  561.00000 1648.57696   194%  2852  413s
    19    21 1635.80039   11  752  561.00000 1648.57696   194%  2739  416s
    20    22 1523.85869   11  648  561.00000 1648.57696   194%  2809  432s
    22    24 1632.33867   13  742  561.00000 1648.57696   194%  2603  436s
    24    26 1628.84565   15  752  561.00000 1648.57696   194%  2434  440s
    25    27 1531.14192   15  682  561.00000 1648.57696   194%  2492  456s
    27    29 1625.82331   17  743  561.00000 1648.57696   194%  2361  461s
    29    31 1623.85575   19  735  561.00000 1648.57696   194%  2231  465s
    31    33 1619.94281   21  736  561.00000 1648.57696   194%  2128  471s
    32    34 1505.10922   21  667  561.00000 1648.57696   194%  2205  490s
    33    35 1617.79662   22  741  561.00000 1648.57696   194%  2172  697s
    34    36 1494.44678   22  652  561.00000 1648.57696   194%  2340  713s
    35    37 1615.69340   23  749  561.00000 1648.57696   194%  2294  715s
    36    38 1519.16264   23  680  561.00000 1648.57696   194%  2343  727s
    38    40 1610.18572   25  755  561.00000 1648.57696   194%  2262  732s
    39    41 1532.61098   25  708  561.00000 1648.57696   194%  2302  747s
    41    43 1608.24640   27  746  561.00000 1648.57696   194%  2223  752s
    42    44 1495.95149   27  662  561.00000 1648.57696   194%  2364  776s
    44    46 1492.65123   28  676  561.00000 1648.57696   194%  2371  796s
    46    48 1603.56641   30  749  561.00000 1648.57696   194%  2293  801s
    49    51 1601.28965   33  741  561.00000 1648.57696   194%  2177  805s
    51    53 1529.12897   34  711  561.00000 1648.57696   194%  2173  821s
    53    55 1597.20027   36  726  561.00000 1648.57696   194%  2109  825s
    55    57 1594.66427   38  727  561.00000 1648.57696   194%  2049  830s
    56    58 1481.79731   38  641  561.00000 1648.57696   194%  2087  842s
    58    60 1591.51997   40  724  561.00000 1648.57696   194%  2039  845s
    59    61 1495.25796   40  672  561.00000 1648.57696   194%  2117  857s
    62    64 1588.58152   43  740  561.00000 1648.57696   194%  2036  860s
    65    67 1584.54669   46  731  561.00000 1648.57696   194%  1965  865s
    68    70 1482.70123   48  671  561.00000 1648.57696   194%  1948  876s
    71    73 1578.73059   51  731  561.00000 1648.57696   194%  1884  880s
    73    75 1500.30349   52  694  561.00000 1648.57696   194%  1889  894s
    74    76 1575.19486   53  729  561.00000 1648.57696   194%  1869  895s
    76    78 1469.32811   54  649  561.00000 1648.57696   194%  1884  908s
    77    79 1572.95281   55  731  561.00000 1648.57696   194%  1868  910s
    79    81 1464.54127   56  663  561.00000 1648.57696   194%  1918  930s
    81    83 1569.22730   58  718  561.00000 1648.57696   194%  1883  935s
    85    87 1566.32581   62  718  561.00000 1648.57696   194%  1813  940s
    89    91 1563.84870   66  713  561.00000 1648.57696   194%  1746  945s
    93    95 1560.66508   70  715  561.00000 1648.57696   194%  1686  951s
    96    98 1558.23487   73  718  561.00000 1648.57696   194%  1645  955s
    97    99 1464.26052   73  643  561.00000 1648.57696   194%  1665  969s
    98   100 1557.75853   74  715  561.00000 1648.57696   194%  1651  970s
   102   104 1554.97208   78  714  561.00000 1648.57696   194%  1599  975s
H  104   104                     609.0000000 1648.57696   171%  1573  980s
H  104   104                     613.0000000 1648.57696   169%  1573  980s
H  104   104                     621.0000000 1648.57696   165%  1573  981s
   105   107 1465.95390   80  664  621.00000 1648.57696   165%  1595  992s
   107   109 1550.64283   82  718  621.00000 1648.57696   165%  1573  997s
   110   112 1407.42451   84  592  621.00000 1648.57696   165%  1576 1012s
   112   114 1433.30256   85  612  621.00000 1648.57696   165%  1587 1028s
   113   115 1545.92924   86  712  621.00000 1648.57696   165%  1577 1031s
   115   117 1451.24561   87  645  621.00000 1648.57696   165%  1588 1048s
   117   119 1542.03182   89  715  621.00000 1648.57696   165%  1570 1051s
   120   122 1539.59880   92  706  621.00000 1648.57696   165%  1540 1055s
   124   126 1536.87306   96  708  621.00000 1648.57696   165%  1501 1060s
   127   129 1533.75741   99  706  621.00000 1648.57696   165%  1475 1066s
   128   130 1390.93650   99  599  621.00000 1648.57696   165%  1525 1085s
H  130   130                     628.0000000 1648.57696   163%  1505 1100s
H  130   130                     633.0000000 1648.57696   160%  1505 1101s
   133   135 1406.44623  102  605  633.00000 1648.57696   160%  1558 1116s
   137   139 1527.59980  106  694  633.00000 1648.57696   160%  1524 1120s
   139   141 1417.95590  107  617  633.00000 1648.57696   160%  1531 1135s
   144   146 1522.11456  112  699  633.00000 1648.57696   160%  1491 1140s
   150   152 1518.26381  118  692  633.00000 1648.57696   160%  1444 1145s
   153   155 1437.67831  120  628  633.00000 1648.57696   160%  1444 1159s
   154   156 1513.87496  121  687  633.00000 1648.57696   160%  1437 1160s
H  156   156                     635.0000000 1648.57696   160%  1420 1166s
   160   162 1510.17721  127  681  635.00000 1648.57696   160%  1395 1170s
   164   166 1504.98111  131  669  635.00000 1648.57696   160%  1371 1176s
   165   167 1400.30382  131  607  635.00000 1648.57696   160%  1384 1188s
   167   169 1500.92889  133  677  635.00000 1648.57696   160%  1374 1192s
   168   170 1404.51572  133  607  635.00000 1648.57696   160%  1386 1205s
   173   175 1434.25634  137  630  635.00000 1648.57696   160%  1371 1220s
   177   179 1384.92586  140  616  635.00000 1648.57696   160%  1368 1237s
   179   181 1407.51725  141  614  635.00000 1648.57696   160%  1373 1249s
   180   182 1490.38733  142  665  635.00000 1648.57696   160%  1368 1251s
H  182   182                     638.0000000 1648.57696   158%  1355 1263s
H  182   182                     651.0000000 1648.57696   153%  1355 1263s
   183   185 1487.93415  144  667  651.00000 1648.57696   153%  1368 1265s
   186   188 1484.65043  147  664  651.00000 1648.57696   153%  1352 1270s
   188   190 1483.14788  149  652  651.00000 1648.57696   153%  1341 1288s
   189   191 1480.70531  150  658  651.00000 1648.57696   153%  1337 1290s
   190   192 1359.96138  150  597  651.00000 1648.57696   153%  1351 1305s
   194   196 1476.82097  154  662  651.00000 1648.57696   153%  1330 1310s
   195   197 1390.55017  154  618  651.00000 1648.57696   153%  1340 1325s
   199   201 1474.27607  158  658  651.00000 1648.57696   153%  1320 1330s
   202   204 1472.24787  161  659  651.00000 1648.57696   153%  1305 1336s
   204   206 1357.61410  162  580  651.00000 1648.57696   153%  1313 1350s
   208   210 1376.29858  165  592  651.00000 1648.57696   153%  1309 1365s
   212   214 1363.34537  168  602  651.00000 1648.57696   153%  1309 1379s
   213   215 1462.32161  169  652  651.00000 1648.57696   153%  1306 1381s
   215   217 1386.83752  170  621  651.00000 1648.57696   153%  1321 1394s
   216   218 1458.51774  171  664  651.00000 1648.57696   153%  1317 1395s
   220   222 1454.14157  175  639  651.00000 1648.57696   153%  1300 1400s
   224   226 1450.62783  179  651  651.00000 1648.57696   153%  1284 1405s
   225   227 1338.44845  179  583  651.00000 1648.57696   153%  1293 1414s
   226   228 1450.00978  180  654  651.00000 1648.57696   153%  1288 1415s
   228   230 1359.36504  181  576  651.00000 1648.57696   153%  1292 1425s
   233   235 1444.41138  186  638  651.00000 1648.57696   153%  1272 1430s
   240   242 1441.17001  193  643  651.00000 1648.57696   153%  1242 1435s
   247   249 1437.46300  200  642  651.00000 1648.57696   153%  1214 1440s
   253   255 1363.36123  205  596  651.00000 1648.57696   153%  1201 1450s
   255   257 1335.28160  206  575  651.00000 1648.57696   153%  1207 1463s
   257   259 1424.77732  208  629  651.00000 1648.57696   153%  1202 1466s
   258   260 1317.01748  208  534  651.00000 1648.57696   153%  1212 1478s
   259   261 1422.27723  209  627  651.00000 1648.57696   153%  1209 1480s
   267   269 1346.09065  216  595  651.00000 1648.57696   153%  1190 1492s
   270   272 1414.91880  219  608  651.00000 1648.57696   153%  1180 1495s
   278   280 1408.02504  227  616  651.00000 1648.57696   153%  1153 1500s
   282   284 1404.49403  231  610  651.00000 1648.57696   153%  1141 1508s
   285   287 1400.93691  234  598  651.00000 1648.57696   153%  1132 1510s
   286   288 1400.24921  235  601  651.00000 1648.57696   153%  1129 1516s
   288   290 1305.41727  236  549  651.00000 1648.57696   153%  1132 1532s
   293   295 1393.65436  241  601  651.00000 1648.57696   153%  1117 1535s
   301   303 1387.24195  249  580  651.00000 1648.57696   153%  1095 1540s
   306   308 1285.22500  253  512  651.00000 1648.57696   153%  1090 1547s
   312   314 1376.02606  259  584  651.00000 1648.57696   153%  1074 1555s
   313   315 1287.63415  259  550  651.00000 1648.57696   153%  1079 1560s
   316   318 1314.09359  261  538  651.00000 1648.57696   153%  1078 1566s
   322   324 1296.15180  266  537  651.00000 1648.57696   153%  1070 1576s
   329   331 1366.56191  273  584  651.00000 1648.57696   153%  1052 1580s
   336   338 1361.32801  280  574  651.00000 1648.57696   153%  1035 1585s
   338   340 1288.89678  281  522  651.00000 1648.57696   153%  1038 1594s
   340   342 1356.39830  283  572  651.00000 1648.57696   153%  1033 1595s
   346   348 1273.19509  288  514  651.00000 1648.57696   153%  1026 1606s
   352   354 1346.26561  294  570  651.00000 1648.57696   153%  1013 1610s
   354   356 1258.73912  295  508  651.00000 1648.57696   153%  1016 1617s
   357   359 1342.00981  298  563  651.00000 1648.57696   153%  1010 1620s
   358   360 1249.33374  298  506  651.00000 1648.57696   153%  1015 1627s
   362   364 1339.16349  302  559  651.00000 1648.57696   153%  1006 1630s
   369   371 1331.59328  309  551  651.00000 1648.57696   153%   992 1635s
   377   379 1247.66874  316  501  651.00000 1648.57696   153%   983 1646s
   382   384 1228.55213  320  494  651.00000 1648.57696   153%   979 1655s
   390   392 1316.29604  328  542  651.00000 1648.57696   153%   963 1691s
   392   394 1215.65312  329  482  651.00000 1648.57696   153%   966 1699s
   393   395 1313.33274  330  540  651.00000 1648.57696   153%   964 1700s
   394   396 1220.43302  330  497  651.00000 1648.57696   153%   969 1706s
   397   399 1222.26273  332  479  651.00000 1648.57696   153%   969 1716s
   402   404 1240.10810  336  484  651.00000 1648.57696   153%   965 1725s
   406   408 1248.02357  339  535  651.00000 1648.57696   153%   964 1733s
   409   411 1295.39513  342  534  651.00000 1648.57696   153%   960 1735s
   410   412 1237.19137  342  496  651.00000 1648.57696   153%   963 1740s
   412   414 1192.44167  343  489  651.00000 1648.57696   153%   966 1748s
   414   416 1230.78631  344  489  651.00000 1648.57696   153%   967 1753s
   416   418 1288.42947  346  528  651.00000 1648.57696   153%   964 1780s
   420   422 1191.74827  349  474  651.00000 1648.57696   153%   963 1786s
   424   426 1193.72856  352  471  651.00000 1648.57696   153%   961 1792s
   425   427 1281.99532  353  528  651.00000 1648.57696   153%   959 1800s

Cutting planes:
  Gomory: 8

Explored 426 nodes (423535 simplex iterations) in 1800.04 seconds (548.76 work units)
Thread count was 1 (of 12 available processors)

Solution count 10: 651 638 635 ... 544

Time limit reached
Best objective 6.510000000000e+02, best bound 1.648000000000e+03, gap 153.1490%
