
Gurobi 12.0.2 (linux64, C++) logging started Thu Jun 19 08:00:18 2025

Set parameter LogFile to value "log/instances/scenario1/fully_correlated_sc1/1000/kpfs_2.txt.log"

Gurobi 12.0.2 (linux64, C++) logging started Thu Jun 19 08:01:41 2025

Set parameter LogFile to value "log/instances/scenario1/fully_correlated_sc1/1000/kpfs_2.txt.log"

Gurobi 12.0.2 (linux64, C++) logging started Thu Jun 19 08:02:52 2025

Set parameter LogFile to value "log/instances/scenario1/fully_correlated_sc1/1000/kpfs_2.txt.log"

Gurobi 12.0.2 (linux64, C++) logging started Thu Jun 19 08:03:56 2025

Set parameter LogFile to value "log/instances/scenario1/fully_correlated_sc1/1000/kpfs_2.txt.log"

Gurobi 12.0.2 (linux64, C++) logging started Thu Jun 19 08:37:17 2025

Set parameter WLSAccessID
Set parameter WLSSecret
Set parameter LicenseID to value 2679381
Set parameter LogFile to value "log/instances/scenario1/fully_correlated_sc1/1000/kpfs_2.txt.log"
Academic license 2679381 - for non-commercial use only - registered to be___@poli.ufrj.br
Set parameter TimeLimit to value 1800
Set parameter Threads to value 1
Gurobi Optimizer version 12.0.2 build v12.0.2rc0 (linux64 - "Ubuntu 24.04.1 LTS")

CPU model: 13th Gen Intel(R) Core(TM) i7-1355U, instruction set [SSE2|AVX|AVX2]
Thread count: 6 physical cores, 12 logical processors, using up to 1 threads

Non-default parameters:
TimeLimit  1800
Threads  1

Academic license 2679381 - for non-commercial use only - registered to be___@poli.ufrj.br
Optimize a model with 5002 rows, 6000 columns and 66123 nonzeros
Model fingerprint: 0x27426f8b
Variable types: 0 continuous, 6000 integer (1000 binary)
Coefficient statistics:
  Matrix range     [1e+00, 3e+01]
  Objective range  [3e+00, 4e+01]
  Bounds range     [1e+00, 2e+01]
  RHS range        [1e+00, 2e+03]
Found heuristic solution: objective 213.0000000
Presolve removed 0 rows and 230 columns
Presolve time: 0.68s
Presolved: 5002 rows, 5770 columns, 65663 nonzeros
Variable types: 0 continuous, 5770 integer (1000 binary)

Root simplex log...

Iteration    Objective       Primal Inf.    Dual Inf.      Time
    2441    2.5134002e+03   2.144203e+04   0.000000e+00      5s
    4371    2.2440761e+03   5.148099e+04   0.000000e+00     10s
    5421    2.1330306e+03   1.427325e+05   0.000000e+00     15s
    7301    1.9275903e+03   2.198840e+04   0.000000e+00     20s
    9121    1.8012592e+03   1.387981e+03   0.000000e+00     25s
   10281    1.7486024e+03   5.290482e+03   0.000000e+00     30s
   11331    1.7189026e+03   3.064838e+02   0.000000e+00     35s
   12381    1.6967783e+03   4.503091e+03   0.000000e+00     40s
   13371    1.6824391e+03   2.668277e+03   0.000000e+00     45s
   14031    1.6763556e+03   8.072579e+01   0.000000e+00     50s
   15161    1.6700100e+03   1.821501e+01   0.000000e+00     55s
   15417    1.6697613e+03   0.000000e+00   0.000000e+00     56s

Root relaxation: objective 1.669761e+03, 15417 iterations, 55.64 seconds (17.08 work units)

    Nodes    |    Current Node    |     Objective Bounds      |     Work
 Expl Unexpl |  Obj  Depth IntInf | Incumbent    BestBd   Gap | It/Node Time

     0     0 1669.76130    0  777  213.00000 1669.76130   684%     -   56s
H    0     0                     214.0000000 1669.76130   680%     -   56s
H    0     0                     228.0000000 1669.76130   632%     -   60s
H    0     0                     309.0000000 1669.76130   440%     -   60s
H    0     0                     321.0000000 1669.76130   420%     -   60s
H    0     0                     385.0000000 1669.76130   334%     -   60s
H    0     0                     388.0000000 1669.76130   330%     -   62s
H    0     0                     393.0000000 1669.76130   325%     -   64s
H    0     0                     402.0000000 1669.76130   315%     -   64s
H    0     0                     441.0000000 1669.76130   279%     -   64s
H    0     0                     445.0000000 1669.76130   275%     -   65s
H    0     0                     505.0000000 1669.76130   231%     -   98s
H    0     0                     517.0000000 1669.76130   223%     -   98s
H    0     0                     535.0000000 1669.76130   212%     -   98s
     0     0 1669.22039    0  784  535.00000 1669.22039   212%     -  125s
H    0     0                     538.0000000 1669.20923   210%     -  148s
H    0     0                     539.0000000 1669.20923   210%     -  198s
H    0     0                     540.0000000 1669.20923   209%     -  238s
     0     0 1669.12336    0  778  540.00000 1669.12336   209%     -  239s
     0     0 1669.11148    0  779  540.00000 1669.11148   209%     -  239s
     0     0 1669.10387    0  778  540.00000 1669.10387   209%     -  240s
     0     0 1668.89820    0  779  540.00000 1668.89820   209%     -  274s
     0     0 1668.89165    0  777  540.00000 1668.89165   209%     -  274s
     0     0 1668.88868    0  780  540.00000 1668.88868   209%     -  275s
H    0     0                     543.0000000 1668.88335   207%     -  375s
     0     2 1668.88335    0  780  543.00000 1668.88335   207%     -  375s
     2     4 1572.16975    1  689  543.00000 1666.77945   207%  2520  393s
     3     5 1661.29593    2  779  543.00000 1666.72457   207%  2035  397s
     4     6 1623.99285    2  727  543.00000 1661.28294   206%  2237  406s
     6     8 1579.50374    3  712  543.00000 1655.56874   205%  2286  421s
     8    10 1554.90749    4  704  543.00000 1653.42570   204%  2307  437s
     9    11 1650.82799    5  771  543.00000 1653.42565   204%  2126  440s
    10    12 1586.01629    5  727  543.00000 1650.82664   204%  2547  459s
    11    13 1649.24809    6  759  543.00000 1650.80202   204%  2415  461s
    12    14 1546.68724    6  695  543.00000 1649.24575   204%  2892  481s
    14    16 1541.43823    7  693  543.00000 1647.67787   203%  2812  498s
    15    17 1646.16252    8  766  543.00000 1647.59229   203%  2692  500s
    17    19 1548.14382    9  702  543.00000 1647.59229   203%  2655  516s
    19    21 1641.58186   11  770  543.00000 1647.59229   203%  2447  521s
    21    23 1543.98014   12  712  543.00000 1647.59229   203%  2623  541s
    23    25 1637.37428   14  778  543.00000 1647.59229   203%  2437  545s
    26    28 1633.56845   17  776  543.00000 1647.59229   203%  2220  550s
    27    29 1530.48736   18  708  543.00000 1647.59229   203%  2300  566s
    29    31 1630.60945   19  773  543.00000 1647.59229   203%  2173  570s
    32    34 1550.59961   21  714  543.00000 1647.59229   203%  2126  587s
    34    36 1623.97068   23  774  543.00000 1647.59229   203%  2046  592s
    35    37 1512.99384   23  698  543.00000 1647.59229   203%  2119  608s
    36    38 1623.20276   24  766  543.00000 1647.59229   203%  2083  610s
    37    39 1483.52962   24  643  543.00000 1647.59229   203%  2259  632s
    39    41 1557.36251   25  732  543.00000 1647.59229   203%  2256  643s
    41    43 1617.26041   27  780  543.00000 1647.59229   203%  2175  646s
    42    44 1538.78925   27  709  543.00000 1647.59229   203%  2208  657s
    44    46 1615.11759   29  773  543.00000 1647.59229   203%  2138  660s
    45    47 1499.37583   29  672  543.00000 1647.59229   203%  2262  676s
    49    51 1611.70557   33  766  543.00000 1647.59229   203%  2113  680s
    53    55 1607.42794   37  763  543.00000 1647.59229   203%  1987  685s
    54    56 1499.24708   37  685  543.00000 1647.59229   203%  2036  697s
    57    59 1502.09462   39  668  543.00000 1647.59229   203%  2013  712s
    60    62 1488.84036   41  663  543.00000 1647.59229   203%  2000  727s
    63    65 1602.67098   44  738  543.00000 1647.59229   203%  1925  730s
    66    68 1599.28726   47  751  543.00000 1647.59229   203%  1859  736s
    69    71 1596.19183   50  740  543.00000 1647.59229   203%  1798  741s
    70    72 1491.06072   50  682  543.00000 1647.59229   203%  1875  759s
    71    73 1594.79292   51  742  543.00000 1647.59229   203%  1855  761s
    73    75 1488.53406   52  656  543.00000 1647.59229   203%  1858  770s
    76    78 1500.03090   54  684  543.00000 1647.59229   203%  1852  783s
    78    80 1587.06882   56  751  543.00000 1647.59229   203%  1820  786s
    79    81 1461.25710   56  659  543.00000 1647.59229   203%  1850  797s
    81    83 1584.58732   58  743  543.00000 1647.59229   203%  1823  801s
    84    86 1581.32651   61  744  543.00000 1647.59229   203%  1775  805s
    88    90 1577.47348   65  728  543.00000 1647.59229   203%  1713  810s
    92    94 1573.56769   69  735  543.00000 1647.59229   203%  1656  815s
    95    97 1482.34139   71  691  543.00000 1647.59229   203%  1687  830s
    97    99 1462.14284   72  656  543.00000 1647.59229   203%  1701  842s
    99   101 1566.66218   74  725  543.00000 1647.59229   203%  1682  845s
H  104   104                     563.0000000 1647.59229   193%  1615  850s
   108   110 1558.98345   83  717  563.00000 1647.59229   193%  1576  855s
   111   113 1429.52686   85  635  563.00000 1647.59229   193%  1608  870s
   115   117 1552.37211   89  708  563.00000 1647.59229   193%  1567  875s
   120   122 1547.78506   94  710  563.00000 1647.59229   193%  1518  880s
   126   128 1542.25714  100  714  563.00000 1647.59229   193%  1464  885s
H  130   130                     564.0000000 1647.59229   192%  1427  892s
   134   136 1536.32866  108  702  564.00000 1647.59229   192%  1398  895s
   142   144 1532.34333  116  701  564.00000 1647.59229   192%  1335  900s
   150   152 1526.29455  124  680  564.00000 1647.59229   192%  1281  905s
H  156   156                     568.0000000 1647.59229   190%  1241  909s
H  156   156                     575.0000000 1647.59229   187%  1241  909s
H  156   156                     580.0000000 1647.59229   184%  1241  909s
   156   158 1523.72892  130  676  580.00000 1647.59229   184%  1242  910s
   163   165 1518.56651  137  690  580.00000 1647.59229   184%  1203  915s
   169   171 1418.77814  142  614  580.00000 1647.59229   184%  1190  927s
   172   174 1419.03309  144  631  580.00000 1647.59229   184%  1197  938s
   175   177 1507.85768  147  681  580.00000 1647.59229   184%  1184  940s
   177   179 1412.46942  148  623  580.00000 1647.59229   184%  1194  949s
   178   180 1504.92098  149  680  580.00000 1647.59229   184%  1189  950s
   182   184 1498.72910  153  675  580.00000 1647.59229   184%  1173  955s
   186   188 1494.68801  157  676  580.00000 1647.59229   184%  1157  960s
   188   190 1407.26505  158  632  580.00000 1647.59229   184%  1166  983s
   190   192 1491.92958  160  678  580.00000 1647.59229   184%  1157  985s
   195   197 1488.27039  165  667  580.00000 1647.59229   184%  1136  990s
   196   198 1408.73511  165  620  580.00000 1647.59229   184%  1147 1000s
   198   200 1404.73614  166  617  580.00000 1647.59229   184%  1155 1009s
   199   201 1485.72579  167  666  580.00000 1647.59229   184%  1151 1010s
   201   203 1399.26878  168  595  580.00000 1647.59229   184%  1157 1019s
   202   204 1483.13783  169  663  580.00000 1647.59229   184%  1153 1021s
   206   208 1477.54057  173  662  580.00000 1647.59229   184%  1139 1026s
   207   209 1363.90793  173  573  580.00000 1647.59229   184%  1150 1034s
   209   211 1476.40572  175  657  580.00000 1647.59229   184%  1142 1035s
   214   216 1384.08925  179  602  580.00000 1647.59229   184%  1136 1044s
   216   218 1471.52002  181  666  580.00000 1647.59229   184%  1130 1046s
   217   219 1410.94802  181  638  580.00000 1647.59229   184%  1139 1056s
   222   224 1467.71854  186  654  580.00000 1647.59229   184%  1121 1060s
   223   225 1381.55025  186  611  580.00000 1647.59229   184%  1132 1069s
   224   226 1466.42594  187  645  580.00000 1647.59229   184%  1128 1070s
   229   231 1357.05376  191  574  580.00000 1647.59229   184%  1125 1079s
   231   233 1461.14995  193  645  580.00000 1647.59229   184%  1118 1080s
   234   236 1352.98048  195  587  580.00000 1647.59229   184%  1123 1089s
   236   238 1456.33517  197  651  580.00000 1647.59229   184%  1116 1090s
   237   239 1359.03284  197  565  580.00000 1647.59229   184%  1125 1097s
   243   245 1452.91737  203  639  580.00000 1647.59229   184%  1104 1100s
   249   251 1358.49290  208  599  580.00000 1647.59229   184%  1097 1109s
   250   252 1446.66319  209  652  580.00000 1647.59229   184%  1095 1111s
   252   254 1371.17518  210  625  580.00000 1647.59229   184%  1100 1119s
   254   256 1443.46648  212  633  580.00000 1647.59229   184%  1094 1120s
   256   258 1372.92837  213  598  580.00000 1647.59229   184%  1098 1128s
   259   261 1438.94514  216  643  580.00000 1647.59229   184%  1089 1130s
H  260   260                     582.0000000 1647.59229   183%  1085 1150s
   261   263 1436.59236  217  644  582.00000 1647.59229   183%  1096 1155s
   262   264 1335.16743  217  577  582.00000 1647.59229   183%  1104 1161s
   267   269 1342.04696  221  603  582.00000 1647.59229   183%  1100 1168s
   270   272 1429.73457  224  638  582.00000 1647.59229   183%  1092 1170s
   276   278 1353.00978  229  581  582.00000 1647.59229   183%  1086 1179s
   278   280 1419.06527  231  627  582.00000 1647.59229   183%  1080 1181s
   279   281 1323.38750  231  583  582.00000 1647.59229   183%  1089 1187s
   282   284 1415.91671  234  620  582.00000 1647.59229   183%  1080 1198s
   283   285 1303.30724  234  572  582.00000 1647.59229   183%  1088 1204s
   284   286 1414.54053  235  627  582.00000 1647.59229   183%  1086 1205s
   285   287 1292.92897  235  555  582.00000 1647.59229   183%  1094 1211s
   286   288 1412.28772  236  624  582.00000 1647.59229   183%  1092 1229s
   287   289 1318.51976  236  568  582.00000 1647.59229   183%  1100 1238s
   288   290 1408.98717  237  630  582.00000 1647.59229   183%  1098 1240s
   289   291 1355.48461  237  605  582.00000 1647.59229   183%  1102 1247s
   292   294 1406.31617  240  621  582.00000 1647.59229   183%  1097 1250s
   297   299 1401.97921  245  608  582.00000 1647.59229   183%  1089 1256s
   299   301 1312.60928  246  574  582.00000 1647.59229   183%  1102 1268s
   301   303 1396.52908  248  619  582.00000 1647.59229   183%  1098 1270s
   306   308 1391.28098  253  621  582.00000 1647.59229   183%  1090 1275s
   311   313 1387.27420  258  604  582.00000 1647.59229   183%  1081 1280s
   312   314 1385.98238  259  616  582.00000 1647.59229   183%  1079 1320s
   318   320 1381.60490  265  599  582.00000 1647.59229   183%  1068 1326s
   319   321 1284.77162  265  559  582.00000 1647.59229   183%  1083 1337s
   320   322 1380.70075  266  599  582.00000 1647.59229   183%  1081 1570s
   326   328 1375.63755  272  602  582.00000 1647.59229   183%  1071 1602s
   328   330 1297.88414  273  564  582.00000 1647.59229   183%  1082 1608s
   330   332 1286.53938  274  542  582.00000 1647.59229   183%  1093 1615s
   332   334 1291.68947  275  560  582.00000 1647.59229   183%  1104 1621s
   335   337 1251.15224  277  542  582.00000 1647.59229   183%  1115 1631s
   343   345 1361.11132  285  590  582.00000 1647.59229   183%  1099 1635s
   347   349 1245.49444  288  504  582.00000 1647.59229   183%  1107 1642s
   354   356 1355.37878  295  595  582.00000 1647.59229   183%  1092 1645s
   358   360 1256.55501  298  544  582.00000 1647.59229   183%  1098 1652s
   364   366 1349.90818  304  578  582.00000 1647.59229   183%  1086 1655s
   371   373 1239.10642  310  527  582.00000 1647.59229   183%  1091 1665s
   382   384 1335.65401  321  563  582.00000 1647.59229   183%  1072 1670s
   385   387 1272.41082  323  523  582.00000 1647.59229   183%  1078 1677s
   390   392 1331.02424  328  554  582.00000 1647.59229   183%  1068 1680s
   393   395 1240.75090  330  530  582.00000 1647.59229   183%  1075 1689s
   395   397 1328.70262  332  555  582.00000 1647.59229   183%  1071 1690s
   402   404 1257.68038  338  511  582.00000 1647.59229   183%  1070 1701s
   407   409 1255.35201  342  521  582.00000 1647.59229   183%  1073 1710s
   410   412 1219.01088  344  507  582.00000 1647.59229   183%  1079 1719s
   412   414 1312.20732  346  556  582.00000 1647.59229   183%  1077 1720s
   413   415 1223.84738  346  492  582.00000 1647.59229   183%  1086 1727s
   416   418 1307.91830  349  562  582.00000 1647.59229   183%  1082 1730s
   417   419 1208.17613  349  481  582.00000 1647.59229   183%  1091 1738s
   419   421 1304.00745  351  549  582.00000 1647.59229   183%  1089 1740s
   420   422 1215.64862  351  499  582.00000 1647.59229   183%  1098 1747s
   426   428 1299.59196  357  541  582.00000 1647.59229   183%  1089 1750s
   428   430 1213.57584  358  499  582.00000 1647.59229   183%  1096 1757s
   434   436 1293.78110  364  550  582.00000 1647.59229   183%  1086 1760s
   437   439 1213.54610  366  493  582.00000 1647.59229   183%  1089 1765s
   444   446 1195.26695  372  496  582.00000 1647.59229   183%  1088 1773s
   447   449 1197.79130  374  492  582.00000 1647.59229   183%  1092 1779s
   449   451 1193.44471  375  502  582.00000 1647.59229   183%  1100 1785s
   461   463 1276.07173  387  527  582.00000 1647.59229   183%  1080 1790s
   468   470 1168.26407  394  480  582.00000 1647.59229   183%  1079 1796s

Cutting planes:
  Gomory: 6

Explored 471 nodes (523734 simplex iterations) in 1800.01 seconds (648.07 work units)
Thread count was 1 (of 12 available processors)

Solution count 10: 582 580 575 ... 538

Time limit reached
Best objective 5.820000000000e+02, best bound 1.647000000000e+03, gap 182.9897%
