
Gurobi 12.0.2 (linux64, C++) logging started Thu Jun 19 08:00:19 2025

Set parameter LogFile to value "log/instances/scenario1/not_correlated_sc1/300/kpfs_3.txt.log"

Gurobi 12.0.2 (linux64, C++) logging started Thu Jun 19 08:01:42 2025

Set parameter LogFile to value "log/instances/scenario1/not_correlated_sc1/300/kpfs_3.txt.log"

Gurobi 12.0.2 (linux64, C++) logging started Thu Jun 19 08:02:53 2025

Set parameter LogFile to value "log/instances/scenario1/not_correlated_sc1/300/kpfs_3.txt.log"

Gurobi 12.0.2 (linux64, C++) logging started Thu Jun 19 08:03:57 2025

Set parameter LogFile to value "log/instances/scenario1/not_correlated_sc1/300/kpfs_3.txt.log"

Gurobi 12.0.2 (linux64, C++) logging started Thu Jun 19 14:04:58 2025

Set parameter WLSAccessID
Set parameter WLSSecret
Set parameter LicenseID to value 2679381
Set parameter LogFile to value "log/instances/scenario1/not_correlated_sc1/300/kpfs_3.txt.log"
Academic license 2679381 - for non-commercial use only - registered to be___@poli.ufrj.br
Set parameter TimeLimit to value 1800
Set parameter Threads to value 1
Gurobi Optimizer version 12.0.2 build v12.0.2rc0 (linux64 - "Ubuntu 24.04.1 LTS")

CPU model: 13th Gen Intel(R) Core(TM) i7-1355U, instruction set [SSE2|AVX|AVX2]
Thread count: 6 physical cores, 12 logical processors, using up to 1 threads

Non-default parameters:
TimeLimit  1800
Threads  1

Academic license 2679381 - for non-commercial use only - registered to be___@poli.ufrj.br
Optimize a model with 1502 rows, 1800 columns and 9179 nonzeros
Model fingerprint: 0xf0d661c2
Variable types: 0 continuous, 1800 integer (300 binary)
Coefficient statistics:
  Matrix range     [1e+00, 3e+01]
  Objective range  [1e+00, 3e+01]
  Bounds range     [1e+00, 5e+00]
  RHS range        [1e+00, 5e+02]
Found heuristic solution: objective 305.0000000
Presolve removed 0 rows and 165 columns
Presolve time: 0.03s
Presolved: 1502 rows, 1635 columns, 8849 nonzeros
Variable types: 0 continuous, 1635 integer (451 binary)

Root relaxation: objective 8.744179e+02, 882 iterations, 0.10 seconds (0.06 work units)

    Nodes    |    Current Node    |     Objective Bounds      |     Work
 Expl Unexpl |  Obj  Depth IntInf | Incumbent    BestBd   Gap | It/Node Time

     0     0  874.41795    0  179  305.00000  874.41795   187%     -    0s
H    0     0                     316.0000000  874.41795   177%     -    0s
H    0     0                     333.0000000  874.41795   163%     -    0s
H    0     0                     394.0000000  874.41795   122%     -    0s
H    0     0                     397.0000000  874.41795   120%     -    0s
H    0     0                     420.0000000  874.41795   108%     -    0s
H    0     0                     439.0000000  874.41795  99.2%     -    0s
H    0     0                     525.0000000  874.41795  66.6%     -    0s
H    0     0                     528.0000000  874.41795  65.6%     -    0s
H    0     0                     600.0000000  874.41795  45.7%     -    0s
     0     0  871.32343    0  184  600.00000  871.32343  45.2%     -    0s
H    0     0                     601.0000000  871.27549  45.0%     -    0s
H    0     0                     604.0000000  871.27549  44.3%     -    0s
H    0     0                     618.0000000  871.27549  41.0%     -    1s
     0     0  868.70517    0  186  618.00000  868.70517  40.6%     -    1s
     0     0  868.66162    0  184  618.00000  868.66162  40.6%     -    1s
     0     0  868.64477    0  187  618.00000  868.64477  40.6%     -    1s
     0     0  868.63647    0  186  618.00000  868.63647  40.6%     -    1s
     0     0  863.78094    0  193  618.00000  863.78094  39.8%     -    1s
     0     0  863.57559    0  186  618.00000  863.57559  39.7%     -    1s
     0     0  863.49629    0  189  618.00000  863.49629  39.7%     -    1s
     0     0  858.81391    0  195  618.00000  858.81391  39.0%     -    1s
     0     0  858.55394    0  192  618.00000  858.55394  38.9%     -    2s
     0     0  858.50709    0  196  618.00000  858.50709  38.9%     -    2s
     0     0  858.18778    0  195  618.00000  858.18778  38.9%     -    2s
     0     0  858.15077    0  194  618.00000  858.15077  38.9%     -    2s
     0     0  858.06939    0  192  618.00000  858.06939  38.8%     -    2s
     0     0  857.99953    0  193  618.00000  857.99953  38.8%     -    2s
     0     0  857.96077    0  198  618.00000  857.96077  38.8%     -    2s
     0     0  857.92235    0  197  618.00000  857.92235  38.8%     -    2s
     0     0  857.92235    0  200  618.00000  857.92235  38.8%     -    2s
     0     0  857.74075    0  196  618.00000  857.74075  38.8%     -    2s
     0     0  857.70513    0  198  618.00000  857.70513  38.8%     -    2s
     0     0  857.69744    0  200  618.00000  857.69744  38.8%     -    2s
     0     0  857.39578    0  199  618.00000  857.39578  38.7%     -    3s
     0     0  857.31207    0  200  618.00000  857.31207  38.7%     -    3s
     0     0  857.14431    0  199  618.00000  857.14431  38.7%     -    3s
     0     2  857.08792    0  199  618.00000  857.08792  38.7%     -    3s
    33    35  773.49212   23  167  618.00000  841.95795  36.2%   208    5s
H  104   102                     658.0000000  841.95795  28.0%   168    6s
H  208   198                     660.0000000  841.95583  27.6%   134    8s
   344   304  809.43942    3  183  660.00000  835.13906  26.5%   125   10s
   557   483  811.10103    8  179  660.00000  832.55238  26.1%   135   15s
   579   500  806.09928   20  179  660.00000  832.55238  26.1%   138   20s
   669   550     cutoff   65       660.00000  832.55238  26.1%   153   25s
   735   577  698.78468   42  140  660.00000  832.55238  26.1%   159   30s
   784   590  801.64271   21  175  660.00000  830.70294  25.9%   158   35s
   879   636  797.29057   28  185  660.00000  830.45277  25.8%   159   40s
   934   673  669.10017   55  163  660.00000  830.45277  25.8%   164   45s
  1074   702  780.63845   18  174  660.00000  827.00533  25.3%   161   50s
  1189   759  704.49609   39  153  660.00000  824.80925  25.0%   161   55s
  1386   837     cutoff   53       660.00000  819.19788  24.1%   157   60s
  1552   903  723.64560   36  161  660.00000  807.97536  22.4%   151   65s
  1774   999  788.07404   24  175  660.00000  806.07205  22.1%   146   70s
  2069  1136  712.85156   46  158  660.00000  802.44445  21.6%   141   75s
  2330  1315  680.32089   55  148  660.00000  798.19208  20.9%   136   80s
  2562  1485  726.64451   42  167  660.00000  797.02370  20.8%   131   85s
  2816  1673  695.66926   40  160  660.00000  794.65027  20.4%   127   90s
  3029  1841  661.21172   67  152  660.00000  793.37494  20.2%   125   95s
  3132  1909  766.81418   24  170  660.00000  792.84905  20.1%   124  100s
* 3309  2004              40     662.0000000  792.07740  19.6%   122  103s
  3333  2026  717.82601   36  145  662.00000  792.03313  19.6%   123  105s
  3589  2197  760.35351   32  167  662.00000  791.33656  19.5%   121  110s
  3960  2465  724.25558   27  136  662.00000  790.39493  19.4%   118  115s
  4124  2573  724.75220   29  137  662.00000  789.85031  19.3%   117  120s
* 4267  2666              42     663.0000000  788.64683  19.0%   116  122s
H 4269  2649                     664.0000000  788.64683  18.8%   116  122s
  4362  2717  705.42352   41  159  664.00000  787.60305  18.6%   116  125s
  4753  2995  684.21652   45  153  664.00000  786.69195  18.5%   113  130s
H 4898  3042                     666.0000000  785.24749  17.9%   113  133s
H 4898  2945                     670.0000000  785.24749  17.2%   113  133s
H 4924  2904                     672.0000000  785.21183  16.8%   113  133s
H 4924  2874                     673.0000000  785.21183  16.7%   113  133s
H 4924  2844                     674.0000000  785.21183  16.5%   113  133s
H 4924  2795                     675.0000000  785.21183  16.3%   113  133s
  5016  2844  737.66262   31  156  675.00000  785.05629  16.3%   112  135s
  5294  3026  752.06556   28  174  675.00000  783.77930  16.1%   111  140s
H 5358  2917                     680.0000000  783.73158  15.3%   111  141s
  5511  3019  689.09115   48  149  680.00000  783.33489  15.2%   110  145s
  5736  3153  690.10323   46  150  680.00000  782.53026  15.1%   109  150s
  6012  3319  703.22142   46  158  680.00000  781.95019  15.0%   108  155s
  6261  3458  769.29054   24  167  680.00000  781.21614  14.9%   108  160s
  6557  3634  711.78120   33  138  680.00000  780.36506  14.8%   107  165s
  6739  3720  742.08463   33  158  680.00000  780.08710  14.7%   107  170s
  6930  3832     cutoff   42       680.00000  779.78921  14.7%   107  175s
  7266  4039  753.96647   27  168  680.00000  779.10134  14.6%   106  180s
  7403  4123     cutoff   38       680.00000  778.79915  14.5%   105  185s
  7565  4221  682.45497   46  146  680.00000  778.38696  14.5%   105  190s
  7774  4334  770.35592   27  175  680.00000  778.08925  14.4%   104  195s
  7956  4428  704.26000   30  135  680.00000  777.64112  14.4%   104  200s
  8197  4567  739.79650   30  163  680.00000  777.02512  14.3%   104  205s
  8518  4763  736.93410   33  154  680.00000  776.43298  14.2%   103  210s
  8926  5012  700.72023   36  158  680.00000  775.81141  14.1%   102  215s
  9222  5187  757.79910   27  172  680.00000  775.27974  14.0%   102  220s
  9471  5339  723.33338   30  164  680.00000  774.86875  14.0%   102  225s
  9733  5484  757.10939   25  162  680.00000  774.28988  13.9%   102  230s
  9970  5621  713.04443   35  147  680.00000  773.78117  13.8%   101  235s
 10203  5751  714.90281   39  199  680.00000  773.41573  13.7%   101  309s
 10205  5752  716.42243   36  179  680.00000  773.41573  13.7%   101  310s
 10211  5756  697.98411   42  236  680.00000  773.41573  13.7%   101  316s
 10213  5758  742.66029   28  238  680.00000  773.41573  13.7%   101  321s
 10216  5760  738.81291   34  239  680.00000  773.41573  13.7%   101  326s
 10218  5761  694.91152   50  240  680.00000  773.41573  13.7%   101  330s
 10222  5764  706.64923   40  247  680.00000  773.41573  13.7%   101  337s
 10224  5765  714.90355   24  245  680.00000  773.41573  13.7%   101  340s
 10227  5767  742.77602   34  238  680.00000  773.41573  13.7%   101  345s
 10231  5770  727.68476   35  242  680.00000  773.41573  13.7%   101  350s
 10234  5772  719.31301   36  246  680.00000  773.41573  13.7%   100  355s
 10237  5774  695.82739   38  244  680.00000  773.41573  13.7%   100  360s
 10240  5776  754.48605   30  249  680.00000  773.41573  13.7%   100  365s
 10243  5778  683.90476   61  246  680.00000  773.41573  13.7%   100  372s
 10245  5779  687.17000   40  243  680.00000  773.41573  13.7%   100  376s
 10248  5781  740.73286   35  242  680.00000  773.41573  13.7%   100  381s
 10250  5782  694.38389   37  237  680.00000  773.41573  13.7%   100  385s
 10252  5784  688.55113   43  237  680.00000  773.41573  13.7%   100  398s
 10261  5792  773.41573   35  222  680.00000  773.41573  13.7%   101  400s
 10290  5811  738.49921   49  168  680.00000  773.41573  13.7%   102  405s
 10314  5826  681.31382   61  165  680.00000  773.41573  13.7%   102  410s
 10355  5833  753.54022   42  171  680.00000  773.41573  13.7%   103  415s
 10375  5847  712.81637   52  159  680.00000  773.41573  13.7%   103  420s
 10409  5856  751.18700   44  170  680.00000  773.41573  13.7%   103  425s
 10435  5874  708.87976   57  167  680.00000  773.41573  13.7%   103  440s
 10477  5891  752.90285   44  178  680.00000  773.41573  13.7%   104  445s
 10547  5918  713.39205   43  152  680.00000  773.41573  13.7%   105  450s
 10599  5934  742.90482   46  184  680.00000  773.41573  13.7%   106  455s
 10651  5957  717.63489   47  171  680.00000  773.41573  13.7%   106  460s
 10708  5972  730.58474   55  173  680.00000  773.41573  13.7%   107  465s
 10782  5999  693.89270   60  156  680.00000  773.41573  13.7%   108  470s
 10814  6006  737.06160   45  171  680.00000  773.41573  13.7%   108  475s
 10861  6023  753.56879   40  197  680.00000  773.41573  13.7%   109  480s
 10922  6051  731.14175   55  173  680.00000  773.41573  13.7%   109  485s
 10978  6072  688.38432   51  157  680.00000  773.41573  13.7%   110  490s
 11057  6098  734.34958   51  170  680.00000  773.41573  13.7%   111  495s
 11120  6123  718.49142   48  174  680.00000  773.41573  13.7%   111  500s
 11187  6152  720.80088   49  166  680.00000  773.41573  13.7%   111  505s
 11221  6168  757.55202   43  190  680.00000  773.41573  13.7%   112  510s
 11327  6198  730.11930   43  182  680.00000  773.41573  13.7%   113  515s
 11432  6240  684.62665   47  151  680.00000  773.41573  13.7%   113  520s
 11551  6269  737.74735   38  177  680.00000  773.41573  13.7%   113  525s
 11687  6305  712.18748   58  158  680.00000  773.41573  13.7%   113  530s
 11789  6339  706.10452   46  163  680.00000  773.41573  13.7%   114  535s
 11912  6365  736.59156   38  185  680.00000  772.14252  13.6%   114  540s
 12000  6395  767.09518   34  185  680.00000  771.76932  13.5%   114  545s
 12117  6432  714.87446   49  158  680.00000  771.59579  13.5%   114  550s
 12341  6463  761.30308   44  179  680.00000  768.58173  13.0%   115  555s
 12474  6499  753.50264   45  189  680.00000  767.68474  12.9%   115  560s
 12615  6546  700.30113   56  155  680.00000  767.03447  12.8%   116  565s
 12788  6598  701.75688   50  168  680.00000  766.57530  12.7%   116  570s
 12895  6621  714.66575   47  174  680.00000  766.10683  12.7%   116  576s
 12971  6638  682.45891   49  156  680.00000  764.83363  12.5%   116  580s
 13091  6671  747.55570   42  185  680.00000  764.38532  12.4%   117  585s
 13217  6723  689.84556   65  155  680.00000  763.89075  12.3%   117  590s
 13307  6757  700.68952   55  144  680.00000  763.50841  12.3%   117  595s
 13442  6782  722.34543   47  171  680.00000  762.67174  12.2%   117  600s
 13570  6808  684.54467   60  151  680.00000  762.42492  12.1%   118  605s
 13643  6827  720.38204   43  155  680.00000  762.20452  12.1%   118  610s
 13789  6843  727.10357   50  178  680.00000  761.31308  12.0%   118  615s
 13941  6891  686.98735   56  154  680.00000  760.90479  11.9%   118  620s
 14164  6921  750.90519   43  174  680.00000  760.16592  11.8%   118  625s
 14400  6966  687.40503   58  150  680.00000  759.30268  11.7%   118  630s
 14554  6988  740.72913   45  189  680.00000  758.87041  11.6%   118  635s
 14672  7021  731.05780   43  167  680.00000  758.71467  11.6%   119  640s
 14750  7041     cutoff   61       680.00000  758.67104  11.6%   119  645s
 14885  7068  715.31100   44  154  680.00000  758.01894  11.5%   119  650s
 15040  7091  721.36927   52  165  680.00000  757.56146  11.4%   119  655s
 15194  7127  697.91867   52  168  680.00000  757.16589  11.3%   119  660s
 15323  7144  681.41573   49  156  680.00000  756.97107  11.3%   119  665s
 15494  7161  739.26059   39  186  680.00000  756.41207  11.2%   119  670s
 15649  7188  744.37675   47  184  680.00000  756.16325  11.2%   119  675s
 15746  7210  688.11698   59  164  680.00000  755.71166  11.1%   119  680s
 15912  7233  726.75483   41  175  680.00000  755.50369  11.1%   119  685s
 16044  7262  708.42962   50  154  680.00000  754.94301  11.0%   119  690s
 16267  7291  732.48808   38  162  680.00000  754.19682  10.9%   119  695s
 16479  7317  711.55385   44  175  680.00000  753.73416  10.8%   119  700s
 16697  7356  734.91160   41  176  680.00000  753.18487  10.8%   120  705s
 16804  7375  726.64379   47  173  680.00000  753.10354  10.8%   120  710s
 16902  7388  689.53955   53  148  680.00000  752.83546  10.7%   120  715s
 17083  7410  710.46629   41  174  680.00000  752.58948  10.7%   120  720s
 17271  7428  712.24385   51  173  680.00000  752.22932  10.6%   120  725s
 17478  7456  686.07354   58  163  680.00000  751.71779  10.5%   120  730s
 17653  7463  693.27335   58  164  680.00000  751.57868  10.5%   120  735s
 17730  7465  729.75110   44  182  680.00000  751.46421  10.5%   120  740s
 17893  7499  743.95720   45  186  680.00000  751.17531  10.5%   120  747s
 18019  7508  687.25634   48  144  680.00000  750.94161  10.4%   120  750s
 18218  7538  738.16738   45  177  680.00000  750.52688  10.4%   120  755s
 18356  7560  697.59859   52  168  680.00000  750.38251  10.4%   120  760s
 18655  7597 infeasible   59       680.00000  749.89000  10.3%   120  765s
 18838  7616  695.60701   47  158  680.00000  749.49423  10.2%   120  770s
 19069  7654  706.87204   55  169  680.00000  749.10455  10.2%   120  775s
H19130  7354                     681.0000000  749.01270  10.0%   120  777s
 19220  7379  726.36981   45  184  681.00000  748.81909  10.0%   120  780s
 19437  7407  687.10764   64  155  681.00000  748.67389  9.94%   120  785s
 19827  7447  743.02821   42  192  681.00000  748.18152  9.87%   120  790s
 20061  7472  703.22974   53  157  681.00000  747.87312  9.82%   120  795s
 20401  7536  716.41804   47  173  681.00000  747.65519  9.79%   120  800s
 20621  7569  729.61896   40  174  681.00000  747.35597  9.74%   120  805s
 20808  7593  689.70463   57  166  681.00000  747.21412  9.72%   120  810s
 20950  7606  699.83910   53  150  681.00000  746.97194  9.69%   120  815s
 21186  7634  686.73083   63  162  681.00000  746.67524  9.64%   120  820s
 21392  7658  701.65388   51  158  681.00000  746.34799  9.60%   120  825s
 21656  7669  688.41116   44  152  681.00000  745.88719  9.53%   120  830s
 21906  7690  718.85972   51  175  681.00000  745.52794  9.48%   120  835s
 22106  7700  725.63113   41  181  681.00000  745.33265  9.45%   120  840s
 22354  7714  685.64557   56  145  681.00000  745.00118  9.40%   120  845s
 22538  7743  740.70574   50  193  681.00000  744.79823  9.37%   120  850s
 22922  7780  719.14992   50  168  681.00000  744.36046  9.30%   120  855s
 23208  7804  706.97839   52  184  681.00000  743.92021  9.24%   120  860s
 23482  7829  695.34170   53  146  681.00000  743.56576  9.19%   120  865s
 23748  7840     cutoff   55       681.00000  743.25899  9.14%   120  870s
 23968  7854  702.07313   53  160  681.00000  743.04262  9.11%   120  875s
 24195  7878  725.30125   41  162  681.00000  742.74446  9.07%   120  880s
 24455  7899  705.60923   47  162  681.00000  742.53358  9.04%   120  885s
 24720  7910  683.02922   58  145  681.00000  742.36766  9.01%   120  890s
 24928  7924  716.49479   43  166  681.00000  742.21270  8.99%   120  895s
 25137  7925  705.71042   37  159  681.00000  742.02515  8.96%   120  900s
 25382  7939  713.29452   50  168  681.00000  741.79816  8.93%   120  905s
 25590  7947  705.12669   47  172  681.00000  741.65168  8.91%   120  910s
 25765  7959  695.42460   55  153  681.00000  741.44445  8.88%   120  916s
 25993  7980  687.61709   46  164  681.00000  741.19992  8.84%   120  920s
 26363  7981  711.50909   46  131  681.00000  740.96769  8.81%   120  925s
 26579  8012  682.29660   58  155  681.00000  740.70350  8.77%   120  930s
 26771  8023  687.07692   57  159  681.00000  740.60878  8.75%   120  935s
 26938  8088  689.72832   57  159  681.00000  740.44304  8.73%   120  940s
 27073  8139  701.43992   53  162  681.00000  740.35999  8.72%   120  945s
 27204  8197  695.93623   57  148  681.00000  740.23593  8.70%   120  950s
 27373  8262  720.03908   47  175  681.00000  740.05796  8.67%   120  955s
 27527  8330  692.99619   56  162  681.00000  739.93378  8.65%   120  960s
 27681  8391  715.66982   48  173  681.00000  739.70481  8.62%   120  965s
 27850  8472  713.66936   46  159  681.00000  739.50239  8.59%   120  970s
 28018  8517     cutoff   52       681.00000  739.41704  8.58%   120  975s
 28277  8628  701.65539   47  151  681.00000  739.21399  8.55%   120  980s
 28483  8698  719.70569   48  161  681.00000  739.07472  8.53%   120  985s
 28677  8782  718.39222   50  167  681.00000  738.84309  8.49%   120  990s
 28860  8838  719.16828   47  169  681.00000  738.64931  8.47%   120  995s
 29076  8923  725.51128   48  174  681.00000  738.51780  8.45%   120 1000s
 29262  8985  701.68022   48  155  681.00000  738.38250  8.43%   120 1005s
 29449  9058  705.97239   42  175  681.00000  738.19914  8.40%   120 1010s
 29650  9132  698.91689   53  153  681.00000  738.03493  8.38%   120 1015s
 29773  9191  689.18993   59  169  681.00000  737.95787  8.36%   120 1020s
 30072  9289  714.66276   46  161  681.00000  737.82367  8.34%   120 1025s
 30297  9373     cutoff   47       681.00000  737.70029  8.33%   120 1030s
 30487  9453     cutoff   59       681.00000  737.64403  8.32%   120 1035s
 30659  9522  685.26008   46  161  681.00000  737.48814  8.29%   120 1040s
 30873  9588  718.95998   41  159  681.00000  737.35367  8.28%   120 1045s
 31038  9653  695.86631   57  166  681.00000  737.24956  8.26%   120 1050s
 31177  9691     cutoff   57       681.00000  737.16256  8.25%   120 1055s
 31371  9754  683.28921   54  131  681.00000  736.97309  8.22%   120 1060s
 31592  9824  684.71338   43  153  681.00000  736.79918  8.19%   120 1065s
 31899  9916  699.85242   43  154  681.00000  736.55234  8.16%   120 1070s
 32051  9976  690.42883   54  160  681.00000  736.43108  8.14%   120 1075s
 32191 10021  724.30710   45  166  681.00000  736.34508  8.13%   120 1080s
 32327 10066  709.27262   45  174  681.00000  736.29192  8.12%   120 1086s
 32435 10114     cutoff   57       681.00000  736.23031  8.11%   120 1090s
 32564 10163  731.48120   48  181  681.00000  736.09874  8.09%   120 1095s
 32707 10217  695.76750   41  171  681.00000  736.00612  8.08%   120 1100s
 32868 10271  700.87770   47  165  681.00000  735.92618  8.07%   120 1105s
 33066 10348  704.35676   54  163  681.00000  735.73991  8.04%   120 1110s
 33239 10425  723.26270   41  160  681.00000  735.67423  8.03%   120 1115s
 33386 10474  695.92648   54  158  681.00000  735.50574  8.00%   120 1120s
 33568 10534  714.86019   45  166  681.00000  735.35494  7.98%   119 1125s
 33731 10581  706.89759   49  154  681.00000  735.25543  7.97%   120 1130s
 33893 10637  718.72077   44  166  681.00000  735.17039  7.95%   120 1135s
 34165 10735  701.17927   55  164  681.00000  735.07233  7.94%   119 1140s
 34347 10784  703.85618   42  166  681.00000  734.96453  7.92%   119 1145s
 34490 10822  713.61543   50  160  681.00000  734.87275  7.91%   119 1150s
 34694 10879  707.72650   48  175  681.00000  734.75205  7.89%   119 1155s
 34937 10969  727.51166   49  170  681.00000  734.61230  7.87%   119 1160s
 35113 11027  726.91217   45  163  681.00000  734.55556  7.86%   119 1165s
 35292 11101  689.11440   60  149  681.00000  734.31003  7.83%   119 1170s
 35582 11194  683.77689   42  153  681.00000  734.22291  7.82%   119 1175s
 35779 11256  684.86486   52  151  681.00000  734.08832  7.80%   119 1180s
 35967 11325  699.37075   45  162  681.00000  734.02505  7.79%   119 1185s
 36099 11373  729.16932   45  161  681.00000  733.96821  7.78%   119 1190s
 36303 11430  683.41500   51  147  681.00000  733.89661  7.77%   119 1195s
 36473 11480  701.99681   46  165  681.00000  733.79205  7.75%   119 1200s
 36669 11537  706.56975   47  165  681.00000  733.67091  7.73%   119 1205s
 36991 11652  690.96645   50  143  681.00000  733.45349  7.70%   119 1210s
 37248 11743  687.47575   52  147  681.00000  733.28232  7.68%   119 1215s
 37569 11836  691.11045   57  150  681.00000  733.09669  7.65%   119 1220s
 37837 11917  688.20922   55  167  681.00000  732.98102  7.63%   119 1225s
 38094 12005  711.36500   47  176  681.00000  732.85990  7.62%   119 1230s
 38279 12054  711.06898   55  165  681.00000  732.77699  7.60%   119 1235s
 38489 12131  706.08777   54  156  681.00000  732.67754  7.59%   119 1240s
 38695 12185  692.75790   48  175  681.00000  732.60826  7.58%   119 1245s
 38895 12246  700.49926   45  152  681.00000  732.50610  7.56%   118 1250s
 39112 12307  715.53333   47  150  681.00000  732.37385  7.54%   118 1256s
 39246 12353  698.51640   49  171  681.00000  732.31494  7.54%   118 1260s
 39473 12420  690.62544   52  161  681.00000  732.17104  7.51%   118 1265s
 39684 12497  685.47895   46  142  681.00000  732.07390  7.50%   118 1270s
 39912 12544  684.13463   52  155  681.00000  731.96912  7.48%   118 1275s
 40146 12599  697.83857   55  153  681.00000  731.84442  7.47%   118 1280s
 40355 12669  697.96348   50  172  681.00000  731.72289  7.45%   118 1285s
 40637 12756     cutoff   57       681.00000  731.60139  7.43%   118 1290s
 40872 12818  713.54783   42  183  681.00000  731.50555  7.42%   118 1295s
 41068 12870  687.84483   48  131  681.00000  731.44954  7.41%   118 1300s
 41388 12954  710.37099   50  162  681.00000  731.32403  7.39%   118 1305s
 41649 13041  717.30721   43  166  681.00000  731.19403  7.37%   118 1310s
 41827 13091  688.20231   44  162  681.00000  731.10431  7.36%   118 1315s
 42022 13123  710.78172   50  165  681.00000  731.02816  7.35%   118 1320s
 42130 13157  710.21966   46  173  681.00000  730.98706  7.34%   118 1325s
 42342 13221  686.48974   56  153  681.00000  730.91746  7.33%   118 1330s
 42621 13298  693.82256   45  161  681.00000  730.76241  7.31%   118 1335s
 42914 13385  684.52232   49  154  681.00000  730.63932  7.29%   118 1340s
 43138 13450  706.19310   44  134  681.00000  730.56934  7.28%   118 1345s
 43301 13498  717.54968   51  167  681.00000  730.51900  7.27%   118 1350s
 43466 13537  711.66489   43  158  681.00000  730.39339  7.25%   118 1355s
 43580 13561  688.72941   45  163  681.00000  730.34809  7.25%   118 1360s
 43777 13616     cutoff   51       681.00000  730.26918  7.23%   118 1365s
 43943 13670  695.78693   56  160  681.00000  730.20983  7.23%   118 1370s
 44122 13725  706.70349   48  160  681.00000  730.14888  7.22%   118 1375s
 44379 13808  712.37600   44  152  681.00000  730.04068  7.20%   118 1380s
 44579 13849  706.07961   40  165  681.00000  729.96311  7.19%   118 1385s
 44769 13898  690.94962   53  153  681.00000  729.87857  7.18%   118 1390s
 44876 13927  695.68600   48  154  681.00000  729.81331  7.17%   118 1395s
 45115 13997  718.20607   55  175  681.00000  729.70637  7.15%   117 1400s
 45378 14069  708.14040   50  151  681.00000  729.58286  7.13%   117 1405s
 45631 14138  684.64294   50  150  681.00000  729.47095  7.12%   118 1410s
 45905 14200     cutoff   43       681.00000  729.34418  7.10%   117 1415s
 46193 14273  685.91342   49  132  681.00000  729.25856  7.09%   117 1420s
 46472 14351  713.45816   45  142  681.00000  729.11693  7.07%   117 1426s
 46676 14405  687.62095   54  158  681.00000  729.06787  7.06%   117 1430s
 47066 14525  713.39167   49  150  681.00000  728.95544  7.04%   117 1435s
 47381 14596  682.81231   45  157  681.00000  728.84442  7.03%   117 1440s
 47804 14696  696.28492   56  167  681.00000  728.64848  7.00%   117 1445s
 48144 14782  704.10167   49  175  681.00000  728.48799  6.97%   117 1450s
 48437 14861  687.59851   49  154  681.00000  728.32318  6.95%   117 1455s
 48734 14939     cutoff   51       681.00000  728.24216  6.94%   117 1460s
 49006 14989  703.50238   52  174  681.00000  728.08576  6.91%   117 1465s
 49242 15048  695.84686   46  159  681.00000  728.00917  6.90%   117 1470s
 49456 15094  687.90041   49  158  681.00000  727.91070  6.89%   117 1475s
 49668 15147  715.55028   37  158  681.00000  727.83323  6.88%   117 1480s
 49850 15187  693.67695   48  156  681.00000  727.78182  6.87%   117 1485s
 50037 15230  712.46349   55  168  681.00000  727.70679  6.86%   117 1490s
 50153 15258  695.42759   54  155  681.00000  727.65322  6.85%   117 1495s
 50215 15277  683.75722   48  154  681.00000  727.61744  6.85%   117 1500s
 50374 15302  694.25707   48  167  681.00000  727.54951  6.84%   117 1505s
 50622 15363  705.25053   50  163  681.00000  727.39743  6.81%   117 1510s
 50915 15439  719.57671   53  164  681.00000  727.26730  6.79%   117 1515s
 51122 15500  684.88471   53  163  681.00000  727.19515  6.78%   117 1520s
 51330 15546  696.60625   47  158  681.00000  727.09704  6.77%   116 1525s
 51455 15589  702.38818   48  177  681.00000  727.06213  6.76%   117 1530s
 51590 15611  722.16164   49  176  681.00000  727.04145  6.76%   116 1535s
 51769 15657     cutoff   59       681.00000  726.98689  6.75%   116 1540s
 51962 15693  692.45242   46  153  681.00000  726.92998  6.74%   117 1545s
 52203 15748  697.86498   49  147  681.00000  726.84551  6.73%   116 1550s
 52438 15791  707.50211   45  171  681.00000  726.76869  6.72%   116 1555s
 52664 15846     cutoff   51       681.00000  726.72326  6.71%   116 1560s
 52802 15898  686.03138   51  154  681.00000  726.68815  6.71%   116 1565s
 53040 15947  700.11783   55  136  681.00000  726.61864  6.70%   116 1570s
 53269 16005  687.84337   47  173  681.00000  726.55504  6.69%   116 1575s
 53544 16065  713.86032   44  175  681.00000  726.46333  6.68%   116 1580s
 53867 16140     cutoff   45       681.00000  726.38489  6.66%   116 1585s
 54201 16202  715.05767   50  171  681.00000  726.20020  6.64%   116 1590s
 54575 16289  702.72245   51  155  681.00000  726.06029  6.62%   116 1595s
 54788 16323     cutoff   56       681.00000  725.99061  6.61%   116 1600s
 55035 16369  708.51314   48  156  681.00000  725.87466  6.59%   116 1605s
H55057 16153                     683.0000000  725.85939  6.28%   116 1605s
 55131 16160  695.29379   43  164  683.00000  725.81332  6.27%   116 1610s
 55193 16180  695.42119   55  164  683.00000  725.79725  6.27%   116 1619s
 55200 16179  715.89448   51  176  683.00000  725.77465  6.26%   116 1623s
 55291 16194  704.68108   47  163  683.00000  725.75274  6.26%   116 1625s
 55490 16226  684.56761   55  150  683.00000  725.63937  6.24%   116 1630s
 55696 16287  700.29108   47  149  683.00000  725.59444  6.24%   116 1635s
 55956 16339  694.73180   43  156  683.00000  725.50654  6.22%   116 1640s
 56164 16396  685.66126   57  149  683.00000  725.44041  6.21%   116 1645s
 56383 16435     cutoff   55       683.00000  725.36374  6.20%   116 1650s
 56636 16487  708.45854   47  161  683.00000  725.26420  6.19%   116 1655s
 56884 16540  685.56272   52  129  683.00000  725.19995  6.18%   116 1660s
 57056 16581  706.10247   46  160  683.00000  725.16768  6.17%   116 1665s
 57405 16649  691.19995   58  155  683.00000  725.04144  6.16%   116 1670s
 57783 16705  690.61198   57  151  683.00000  724.93527  6.14%   116 1675s
 58073 16766  696.83576   44  178  683.00000  724.87036  6.13%   116 1680s
 58334 16801  697.05923   53  154  683.00000  724.81942  6.12%   116 1685s
 58579 16842  718.81504   52  178  683.00000  724.72510  6.11%   115 1690s
 58832 16914  707.04553   52  171  683.00000  724.64699  6.10%   115 1695s
 59009 16954  686.63962   52  149  683.00000  724.61674  6.09%   115 1700s
 59271 16990     cutoff   51       683.00000  724.53384  6.08%   115 1705s
 59464 17019  685.00131   47  146  683.00000  724.47382  6.07%   115 1710s
 59737 17068     cutoff   50       683.00000  724.40008  6.06%   115 1715s
 59972 17128  691.20242   51  142  683.00000  724.28600  6.04%   115 1720s
 60239 17177     cutoff   47       683.00000  724.21875  6.03%   115 1725s
 60585 17255     cutoff   58       683.00000  724.12458  6.02%   115 1730s
 60868 17307  685.88120   55  153  683.00000  724.02653  6.01%   115 1735s
 61285 17372  688.78351   56  161  683.00000  723.88301  5.99%   115 1740s
 61590 17437  706.20056   42  162  683.00000  723.77045  5.97%   115 1745s
 61853 17477  714.00855   49  152  683.00000  723.69365  5.96%   115 1750s
 62143 17545  685.37944   59  167  683.00000  723.60018  5.94%   115 1755s
 62516 17625  690.66411   50  156  683.00000  723.50391  5.93%   115 1760s
 62924 17684  697.27330   40  168  683.00000  723.37877  5.91%   115 1765s
 63125 17724  686.12197   53  163  683.00000  723.30963  5.90%   115 1770s
 63475 17787  685.28727   49  168  683.00000  723.16923  5.88%   115 1775s
 63814 17833  707.14511   53  167  683.00000  723.03835  5.86%   115 1780s
 64205 17926  718.19717   47  174  683.00000  722.94676  5.85%   115 1785s
 64495 17998  691.13143   48  126  683.00000  722.87128  5.84%   115 1790s
 64786 18047  685.84774   49  146  683.00000  722.76414  5.82%   115 1795s

Cutting planes:
  Dual implied bound: 2
  MIR: 43
  Flow cover: 215
  Zero half: 25
  RLT: 2

Explored 65073 nodes (7458325 simplex iterations) in 1801.59 seconds (674.88 work units)
Thread count was 1 (of 12 available processors)

Solution count 10: 683 681 680 ... 664

Time limit reached
Best objective 6.830000000000e+02, best bound 7.220000000000e+02, gap 5.7101%
