
Gurobi 12.0.2 (linux64, C++) logging started Thu Jun 19 08:00:19 2025

Set parameter LogFile to value "log/instances/scenario1/not_correlated_sc1/300/kpfs_6.txt.log"

Gurobi 12.0.2 (linux64, C++) logging started Thu Jun 19 08:01:42 2025

Set parameter LogFile to value "log/instances/scenario1/not_correlated_sc1/300/kpfs_6.txt.log"

Gurobi 12.0.2 (linux64, C++) logging started Thu Jun 19 08:02:53 2025

Set parameter LogFile to value "log/instances/scenario1/not_correlated_sc1/300/kpfs_6.txt.log"

Gurobi 12.0.2 (linux64, C++) logging started Thu Jun 19 08:03:57 2025

Set parameter LogFile to value "log/instances/scenario1/not_correlated_sc1/300/kpfs_6.txt.log"

Gurobi 12.0.2 (linux64, C++) logging started Thu Jun 19 15:35:00 2025

Set parameter WLSAccessID
Set parameter WLSSecret
Set parameter LicenseID to value 2679381
Set parameter LogFile to value "log/instances/scenario1/not_correlated_sc1/300/kpfs_6.txt.log"
Academic license 2679381 - for non-commercial use only - registered to be___@poli.ufrj.br
Set parameter TimeLimit to value 1800
Set parameter Threads to value 1
Gurobi Optimizer version 12.0.2 build v12.0.2rc0 (linux64 - "Ubuntu 24.04.1 LTS")

CPU model: 13th Gen Intel(R) Core(TM) i7-1355U, instruction set [SSE2|AVX|AVX2]
Thread count: 6 physical cores, 12 logical processors, using up to 1 threads

Non-default parameters:
TimeLimit  1800
Threads  1

Academic license 2679381 - for non-commercial use only - registered to be___@poli.ufrj.br
Optimize a model with 1502 rows, 1800 columns and 9141 nonzeros
Model fingerprint: 0x27bfa1b5
Variable types: 0 continuous, 1800 integer (300 binary)
Coefficient statistics:
  Matrix range     [1e+00, 3e+01]
  Objective range  [1e+00, 3e+01]
  Bounds range     [1e+00, 5e+00]
  RHS range        [1e+00, 5e+02]
Found heuristic solution: objective 401.0000000
Presolve removed 2 rows and 166 columns
Presolve time: 0.03s
Presolved: 1500 rows, 1634 columns, 8805 nonzeros
Variable types: 0 continuous, 1634 integer (465 binary)

Root relaxation: objective 8.701950e+02, 829 iterations, 0.09 seconds (0.05 work units)

    Nodes    |    Current Node    |     Objective Bounds      |     Work
 Expl Unexpl |  Obj  Depth IntInf | Incumbent    BestBd   Gap | It/Node Time

     0     0  870.19497    0  160  401.00000  870.19497   117%     -    0s
H    0     0                     422.0000000  870.19497   106%     -    0s
H    0     0                     438.0000000  870.19497  98.7%     -    0s
H    0     0                     487.0000000  870.19497  78.7%     -    0s
H    0     0                     533.0000000  870.19497  63.3%     -    0s
H    0     0                     543.0000000  870.19497  60.3%     -    0s
H    0     0                     572.0000000  870.19497  52.1%     -    0s
H    0     0                     576.0000000  870.19497  51.1%     -    0s
H    0     0                     671.0000000  870.19497  29.7%     -    0s
     0     0  864.77985    0  170  671.00000  864.77985  28.9%     -    0s
     0     0  862.58726    0  169  671.00000  862.58726  28.6%     -    0s
     0     0  862.50168    0  166  671.00000  862.50168  28.5%     -    0s
     0     0  855.96393    0  171  671.00000  855.96393  27.6%     -    0s
     0     0  855.93530    0  172  671.00000  855.93530  27.6%     -    1s
     0     0  855.87801    0  175  671.00000  855.87801  27.6%     -    1s
     0     0  851.26333    0  168  671.00000  851.26333  26.9%     -    1s
     0     0  849.12725    0  164  671.00000  849.12725  26.5%     -    1s
     0     0  847.23030    0  167  671.00000  847.23030  26.3%     -    1s
     0     0  847.06480    0  167  671.00000  847.06480  26.2%     -    1s
     0     0  846.88413    0  165  671.00000  846.88413  26.2%     -    1s
     0     0  846.81687    0  168  671.00000  846.81687  26.2%     -    1s
     0     0  846.80366    0  166  671.00000  846.80366  26.2%     -    1s
     0     0  846.63400    0  170  671.00000  846.63400  26.2%     -    1s
     0     0  846.58709    0  171  671.00000  846.58709  26.2%     -    1s
     0     0  846.58709    0  171  671.00000  846.58709  26.2%     -    1s
     0     0  846.31145    0  171  671.00000  846.31145  26.1%     -    1s
     0     0  846.26490    0  171  671.00000  846.26490  26.1%     -    1s
     0     0  846.26301    0  171  671.00000  846.26301  26.1%     -    1s
     0     0  846.19639    0  169  671.00000  846.19639  26.1%     -    1s
     0     0  846.18273    0  170  671.00000  846.18273  26.1%     -    1s
     0     0  846.18273    0  170  671.00000  846.18273  26.1%     -    1s
     0     0  845.96457    0  170  671.00000  845.96457  26.1%     -    1s
     0     0  845.92999    0  169  671.00000  845.92999  26.1%     -    1s
     0     0  844.82517    0  168  671.00000  844.82517  25.9%     -    1s
     0     0  844.74386    0  168  671.00000  844.74386  25.9%     -    1s
     0     0  844.69360    0  170  671.00000  844.69360  25.9%     -    1s
     0     0  844.60583    0  174  671.00000  844.60583  25.9%     -    1s
H    0     0                     686.0000000  844.58901  23.1%     -    1s
H    0     0                     691.0000000  844.58901  22.2%     -    1s
     0     0  844.58901    0  174  691.00000  844.58901  22.2%     -    1s
     0     0  844.53747    0  171  691.00000  844.53747  22.2%     -    1s
     0     0  843.87802    0  164  691.00000  843.87802  22.1%     -    1s
H    0     0                     697.0000000  843.87103  21.1%     -    1s
     0     0  843.87103    0  166  697.00000  843.87103  21.1%     -    1s
     0     0  843.82764    0  170  697.00000  843.82764  21.1%     -    2s
     0     0  843.81096    0  169  697.00000  843.81096  21.1%     -    2s
     0     0  843.79342    0  171  697.00000  843.79342  21.1%     -    2s
     0     0  843.79214    0  172  697.00000  843.79214  21.1%     -    2s
     0     0  843.78755    0  172  697.00000  843.78755  21.1%     -    2s
     0     2  843.61533    0  172  697.00000  843.61533  21.0%     -    2s
H   26    26                     701.0000000  827.22977  18.0%   218    4s
H   26    26                     706.0000000  827.22977  17.2%   218    4s
    41    43  765.83748   27  153  706.00000  827.22977  17.2%   190    5s
   208   174  765.83628   14  149  706.00000  826.63785  17.1%   121   12s
   411   328  772.60817    9  151  706.00000  821.48569  16.4%  98.8   15s
   586   465  768.78533   15  172  706.00000  816.39134  15.6%  98.9   20s
   600   476  816.39134   13  175  706.00000  816.39134  15.6%   100   25s
   652   511  756.87004   39  150  706.00000  816.39134  15.6%   110   30s
   721   530  748.85094   29  151  706.00000  816.39134  15.6%   116   35s
   789   553  755.48833   32  148  706.00000  816.39134  15.6%   117   40s
   854   584  721.39037   29  147  706.00000  816.39134  15.6%   122   45s
   925   603  707.41382   33  164  706.00000  815.33971  15.5%   124   50s
  1045   642  748.19190   26  145  706.00000  808.88784  14.6%   123   55s
  1207   699  775.51946   21  158  706.00000  804.27115  13.9%   120   60s
  1351   755  740.10026   19  160  706.00000  800.16849  13.3%   118   65s
  1513   807  769.62445   22  165  706.00000  796.73124  12.9%   116   70s
  1651   848  730.25441   32  159  706.00000  794.46181  12.5%   114   75s
  2001   956     cutoff   45       706.00000  791.60773  12.1%   110   80s
  2256  1096  759.52731   27  143  706.00000  786.46281  11.4%   107   85s
  2380  1158  770.81820   23  140  706.00000  786.07444  11.3%   106   90s
  2657  1312  746.16776   26  134  706.00000  782.28754  10.8%   104   95s
  2965  1457  755.58661   24  155  706.00000  779.03780  10.3%   102  100s
  3410  1719  758.08735   25  143  706.00000  777.83970  10.2%  98.2  106s
  3643  1843  744.79950   26  152  706.00000  776.09233  9.93%  97.1  110s
  3884  1972  711.71875   33  142  706.00000  775.23566  9.81%  95.8  115s
  4068  2050  729.30984   26  142  706.00000  774.22270  9.66%  95.2  120s
  4251  2153  743.07723   27  149  706.00000  773.68411  9.59%  94.1  125s
  4505  2288  760.15877   20  159  706.00000  772.84717  9.47%  92.6  130s
  4737  2403  744.89132   23  154  706.00000  771.61055  9.29%  91.9  135s
  4916  2490  740.68952   31  165  706.00000  770.35807  9.12%  91.1  140s
  5037  2547  758.40703   22  147  706.00000  769.96749  9.06%  90.8  145s
  5280  2677  766.32301   25  164  706.00000  769.28979  8.96%  89.8  150s
  5508  2787  732.54096   20  145  706.00000  768.70456  8.88%  89.5  155s
  5750  2897  736.35581   35  128  706.00000  768.25820  8.82%  88.9  160s
  6003  3014  711.53271   32  133  706.00000  767.72917  8.74%  87.8  165s
  6202  3095  750.75970   24  147  706.00000  767.07908  8.65%  87.6  170s
  6357  3149  736.06128   24  140  706.00000  766.59239  8.58%  87.1  175s
  6683  3324  714.12019   35  130  706.00000  765.78789  8.47%  86.4  180s
  6963  3430  755.79148   18  170  706.00000  764.94613  8.35%  85.9  185s
  7336  3592  723.76603   26  137  706.00000  764.17170  8.24%  85.2  190s
  7775  3792  734.65687   29  158  706.00000  763.32127  8.12%  84.3  195s
  8130  3956  707.86903   32  142  706.00000  762.81012  8.05%  83.7  200s
  8466  4080  712.57938   32  132  706.00000  762.12557  7.95%  83.5  205s
  8786  4216  725.85153   24  143  706.00000  761.60528  7.88%  83.1  210s
  9388  4440  748.82495   22  151  706.00000  760.52031  7.72%  82.2  215s
  9783  4616  724.12402   21  164  706.00000  760.11721  7.67%  81.6  220s
 10020  4713  723.02608   30  150  706.00000  759.64739  7.60%  81.4  226s
 10202  4791  747.34076   24  147  706.00000  759.39951  7.56%  81.2  270s
 10486  4902     cutoff   33       706.00000  759.07415  7.52%  81.1  276s
 10916  5052  716.76427   18  162  706.00000  758.27243  7.40%  80.7  280s
 11362  5198     cutoff   30       706.00000  757.45308  7.29%  80.5  285s
 11757  5367  714.76496   35  148  706.00000  756.86559  7.20%  80.3  290s
 12047  5465  728.47808   29  131  706.00000  756.47355  7.15%  80.1  295s
 12340  5555  711.19411   36  133  706.00000  756.06841  7.09%  80.1  300s
H12624  5644                     707.0000000  755.78641  6.90%  80.0  303s
 12657  5653  715.56871   31  132  707.00000  755.72356  6.89%  80.0  305s
 12891  5723  741.52287   22  143  707.00000  755.31277  6.83%  79.9  310s
 13157  5811  720.52670   36  152  707.00000  754.84088  6.77%  79.7  315s
 13482  5912  729.70943   31  154  707.00000  754.33800  6.70%  79.5  320s
 13779  6022  736.41046   28  146  707.00000  754.15451  6.67%  79.4  325s
 14092  6110     cutoff   36       707.00000  753.61725  6.59%  79.3  330s
 14462  6243  709.27541   38  121  707.00000  753.06857  6.52%  79.2  335s
 14801  6327  737.90741   28  115  707.00000  752.57521  6.45%  79.1  340s
 15003  6379  722.49556   31  140  707.00000  752.39825  6.42%  78.9  345s
 15278  6451  719.09121   33  144  707.00000  752.15266  6.39%  78.9  350s
 15658  6579  732.96332   28  133  707.00000  751.82435  6.34%  78.6  355s
 16165  6738  718.05152   30  152  707.00000  751.23932  6.26%  78.4  360s
 16721  6906  728.00480   30  143  707.00000  750.53275  6.16%  78.2  365s
 17092  7019  711.49058   39  132  707.00000  750.24765  6.12%  78.1  370s
 17398  7104  713.69663   28  145  707.00000  750.01035  6.08%  78.1  375s
 17614  7144  723.92199   31  152  707.00000  749.68581  6.04%  78.0  380s
 17961  7234  710.40629   40  148  707.00000  749.27368  5.98%  78.0  385s
 18204  7287  718.66997   34  132  707.00000  749.02494  5.94%  78.1  390s
 18592  7380  715.75916   38  140  707.00000  748.56160  5.88%  77.9  395s
 19022  7466  722.51429   27  116  707.00000  748.12341  5.82%  77.8  400s
 19645  7583  719.62897   26  157  707.00000  747.60000  5.74%  77.6  405s
 19968  7661  713.46844   34  165  707.00000  747.36143  5.71%  77.4  410s
 20211  7702     cutoff   28       707.00000  747.00000  5.66%  77.4  415s
 20579  7784  725.28942   33  129  707.00000  746.74442  5.62%  77.3  420s
 20944  7837  715.27279   42  123  707.00000  746.44152  5.58%  77.2  425s
 21317  7911  711.07637   32  147  707.00000  746.13250  5.54%  77.1  430s
 21656  7960  712.37843   27  132  707.00000  745.72627  5.48%  77.2  435s
 22023  8060  736.49101   29  156  707.00000  745.35560  5.43%  77.0  440s
 22356  8115     cutoff   29       707.00000  745.06667  5.38%  76.9  446s
 22634  8169     cutoff   35       707.00000  744.83081  5.35%  76.8  450s
 23056  8248  715.13281   41  149  707.00000  744.39342  5.29%  76.7  455s
 23621  8347  710.72464   25  139  707.00000  743.76970  5.20%  76.7  460s
H23889  7483                     714.0000000  743.65750  4.15%  76.7  462s
 24160  7481     cutoff   24       714.00000  743.27143  4.10%  76.7  465s
 24738  7465  721.06016   31  142  714.00000  742.47059  3.99%  76.8  470s
 25152  7493  726.70984   30  159  714.00000  741.95722  3.92%  76.7  475s
 25457  7491  727.68104   31  129  714.00000  741.50779  3.85%  76.7  480s
 25779  7510  719.17489   26  135  714.00000  741.25377  3.82%  76.6  485s
 26052  7486     cutoff   28       714.00000  740.95619  3.78%  76.7  490s
 26333  7479     cutoff   30       714.00000  740.58495  3.72%  76.7  495s
 26598  7447  716.30556   31   99  714.00000  740.13651  3.66%  76.8  500s
 26862  7435  724.79723   36  127  714.00000  739.86097  3.62%  76.8  505s
 27137  7419  722.75000   35   96  714.00000  739.52684  3.58%  76.8  510s
 27323  7401  715.84387   30  115  714.00000  739.24289  3.54%  76.9  515s
 27601  7383     cutoff   31       714.00000  738.96964  3.50%  76.9  520s
 27884  7357     cutoff   35       714.00000  738.57649  3.44%  76.9  525s
 28170  7334     cutoff   35       714.00000  738.20383  3.39%  76.9  530s
 28368  7302     cutoff   21       714.00000  737.89765  3.35%  77.0  535s
 28642  7268     cutoff   45       714.00000  737.55563  3.30%  77.0  540s
 28881  7232  721.10035   26  143  714.00000  737.15461  3.24%  77.1  545s
 29072  7198  723.63038   40  133  714.00000  736.86856  3.20%  77.1  550s
 29533  7125  715.55753   37  135  714.00000  736.26355  3.12%  77.1  555s
 29974  7037  726.23347   26  134  714.00000  735.62500  3.03%  77.2  560s
 30278  6974  719.48322   29  160  714.00000  735.27733  2.98%  77.2  565s
 30570  6924     cutoff   32       714.00000  734.90434  2.93%  77.2  570s
 30840  6854     cutoff   33       714.00000  734.54624  2.88%  77.2  575s
 31098  6783  718.09588   31  141  714.00000  734.23020  2.83%  77.3  580s
 31332  6754  718.49214   35  124  714.00000  734.05401  2.81%  77.2  585s
 31725  6675     cutoff   29       714.00000  733.51548  2.73%  77.2  590s
 32190  6536     cutoff   31       714.00000  732.81804  2.64%  77.2  595s
 32546  6436  718.88127   34  139  714.00000  732.40307  2.58%  77.2  600s
 32812  6357  716.94436   26  140  714.00000  732.07407  2.53%  77.2  605s
 33033  6285  725.21678   28  126  714.00000  731.79167  2.49%  77.2  610s
 33298  6213     cutoff   36       714.00000  731.44067  2.44%  77.2  616s
 33516  6153     cutoff   25       714.00000  731.23574  2.41%  77.2  620s
 33797  6043  716.53830   28  142  714.00000  730.80467  2.35%  77.2  625s
 34104  5932     cutoff   30       714.00000  730.37637  2.29%  77.2  630s
 34497  5786     cutoff   29       714.00000  729.91500  2.23%  77.2  635s
 34853  5667  719.12422   29  116  714.00000  729.51353  2.17%  77.2  640s
 35139  5550  716.61483   35  132  714.00000  729.15900  2.12%  77.2  645s
 35356  5452     cutoff   29       714.00000  728.89726  2.09%  77.1  650s
 35640  5328     cutoff   29       714.00000  728.51637  2.03%  77.1  655s
 35940  5182     cutoff   23       714.00000  728.09348  1.97%  77.1  660s
 36223  5037  715.45064   35  138  714.00000  727.66182  1.91%  77.1  665s
 36353  4961     cutoff   32       714.00000  727.45246  1.88%  77.0  670s
 36690  4798  716.53409   27  150  714.00000  727.04266  1.83%  76.9  675s
 37133  4566  715.21428   30  128  714.00000  726.50281  1.75%  76.9  680s
 37363  4413     cutoff   41       714.00000  726.14286  1.70%  76.8  685s
 37643  4201     cutoff   40       714.00000  725.62918  1.63%  76.8  690s
 37965  4000  718.69130   33  128  714.00000  725.11721  1.56%  76.8  695s
 38287  3780     cutoff   31       714.00000  724.67065  1.49%  76.7  700s
 38637  3525  718.46310   30  137  714.00000  724.04674  1.41%  76.5  705s
 38960  3294  716.52297   29  159  714.00000  723.52538  1.33%  76.4  710s
 39292  3002     cutoff   33       714.00000  722.90288  1.25%  76.3  715s
 39567  2771     cutoff   32       714.00000  722.35778  1.17%  76.1  720s
 40075  2293     cutoff   29       714.00000  721.28167  1.02%  75.8  725s
 40701  1709     cutoff   28       714.00000  719.95670  0.83%  75.3  730s
 41520   907     cutoff   34       714.00000  717.88825  0.54%  74.4  735s

Cutting planes:
  Dual implied bound: 1
  MIR: 40
  Flow cover: 117
  Zero half: 33
  RLT: 5

Explored 42431 nodes (3106526 simplex iterations) in 738.42 seconds (287.79 work units)
Thread count was 1 (of 12 available processors)

Solution count 10: 714 707 706 ... 572

Optimal solution found (tolerance 1.00e-04)
Best objective 7.140000000000e+02, best bound 7.140000000000e+02, gap 0.0000%
