
Gurobi 12.0.2 (linux64, C++) logging started Thu Jun 19 08:00:19 2025

Set parameter LogFile to value "log/instances/scenario1/not_correlated_sc1/300/kpfs_2.txt.log"

Gurobi 12.0.2 (linux64, C++) logging started Thu Jun 19 08:01:42 2025

Set parameter LogFile to value "log/instances/scenario1/not_correlated_sc1/300/kpfs_2.txt.log"

Gurobi 12.0.2 (linux64, C++) logging started Thu Jun 19 08:02:53 2025

Set parameter LogFile to value "log/instances/scenario1/not_correlated_sc1/300/kpfs_2.txt.log"

Gurobi 12.0.2 (linux64, C++) logging started Thu Jun 19 08:03:57 2025

Set parameter LogFile to value "log/instances/scenario1/not_correlated_sc1/300/kpfs_2.txt.log"

Gurobi 12.0.2 (linux64, C++) logging started Thu Jun 19 13:37:20 2025

Set parameter WLSAccessID
Set parameter WLSSecret
Set parameter LicenseID to value 2679381
Set parameter LogFile to value "log/instances/scenario1/not_correlated_sc1/300/kpfs_2.txt.log"
Academic license 2679381 - for non-commercial use only - registered to be___@poli.ufrj.br
Set parameter TimeLimit to value 1800
Set parameter Threads to value 1
Gurobi Optimizer version 12.0.2 build v12.0.2rc0 (linux64 - "Ubuntu 24.04.1 LTS")

CPU model: 13th Gen Intel(R) Core(TM) i7-1355U, instruction set [SSE2|AVX|AVX2]
Thread count: 6 physical cores, 12 logical processors, using up to 1 threads

Non-default parameters:
TimeLimit  1800
Threads  1

Academic license 2679381 - for non-commercial use only - registered to be___@poli.ufrj.br
Optimize a model with 1502 rows, 1800 columns and 9233 nonzeros
Model fingerprint: 0x236c61b4
Variable types: 0 continuous, 1800 integer (300 binary)
Coefficient statistics:
  Matrix range     [1e+00, 3e+01]
  Objective range  [1e+00, 3e+01]
  Bounds range     [1e+00, 5e+00]
  RHS range        [1e+00, 5e+02]
Found heuristic solution: objective 256.0000000
Presolve removed 0 rows and 160 columns
Presolve time: 0.10s
Presolved: 1502 rows, 1640 columns, 8913 nonzeros
Variable types: 0 continuous, 1640 integer (442 binary)

Root relaxation: objective 9.119181e+02, 1035 iterations, 0.26 seconds (0.07 work units)

    Nodes    |    Current Node    |     Objective Bounds      |     Work
 Expl Unexpl |  Obj  Depth IntInf | Incumbent    BestBd   Gap | It/Node Time

     0     0  911.91809    0  182  256.00000  911.91809   256%     -    0s
H    0     0                     283.0000000  911.91809   222%     -    0s
H    0     0                     329.0000000  911.91809   177%     -    0s
H    0     0                     336.0000000  911.91809   171%     -    0s
H    0     0                     360.0000000  911.91809   153%     -    0s
H    0     0                     404.0000000  911.91809   126%     -    0s
H    0     0                     408.0000000  911.91809   124%     -    0s
H    0     0                     511.0000000  911.91809  78.5%     -    0s
H    0     0                     513.0000000  911.91809  77.8%     -    0s
H    0     0                     524.0000000  911.91809  74.0%     -    0s
H    0     0                     543.0000000  911.91809  67.9%     -    0s
H    0     0                     546.0000000  911.91809  67.0%     -    0s
H    0     0                     550.0000000  911.91809  65.8%     -    0s
H    0     0                     557.0000000  911.91809  63.7%     -    0s
H    0     0                     558.0000000  911.91809  63.4%     -    0s
H    0     0                     647.0000000  911.91809  40.9%     -    0s
H    0     0                     651.0000000  911.91809  40.1%     -    0s
H    0     0                     654.0000000  911.91809  39.4%     -    0s
     0     0  909.56271    0  184  654.00000  909.56271  39.1%     -    1s
H    0     0                     660.0000000  909.54522  37.8%     -    1s
H    0     0                     666.0000000  909.54522  36.6%     -    1s
     0     0  909.03553    0  188  666.00000  909.03553  36.5%     -    1s
     0     0  908.95815    0  187  666.00000  908.95815  36.5%     -    1s
     0     0  908.95815    0  189  666.00000  908.95815  36.5%     -    1s
     0     0  906.80539    0  195  666.00000  906.80539  36.2%     -    2s
     0     0  903.53877    0  194  666.00000  903.53877  35.7%     -    2s
     0     0  903.49648    0  190  666.00000  903.49648  35.7%     -    2s
     0     0  903.49576    0  190  666.00000  903.49576  35.7%     -    2s
     0     0  902.92407    0  194  666.00000  902.92407  35.6%     -    2s
     0     0  902.80553    0  189  666.00000  902.80553  35.6%     -    2s
     0     0  902.79556    0  193  666.00000  902.79556  35.6%     -    2s
     0     0  902.29091    0  191  666.00000  902.29091  35.5%     -    2s
     0     0  902.13494    0  191  666.00000  902.13494  35.5%     -    2s
     0     0  901.97255    0  195  666.00000  901.97255  35.4%     -    2s
     0     0  901.96358    0  197  666.00000  901.96358  35.4%     -    2s
     0     0  901.94756    0  197  666.00000  901.94756  35.4%     -    2s
     0     0  901.90464    0  194  666.00000  901.90464  35.4%     -    2s
     0     0  901.89421    0  194  666.00000  901.89421  35.4%     -    2s
     0     0  901.87270    0  194  666.00000  901.87270  35.4%     -    2s
H    0     0                     668.0000000  901.84068  35.0%     -    3s
     0     2  901.84068    0  194  668.00000  901.84068  35.0%     -    3s
H   26    26                     674.0000000  888.58151  31.8%   199    4s
H   26    26                     686.0000000  888.58151  29.5%   199    4s
H   52    52                     693.0000000  888.58151  28.2%   189    4s
H   52    52                     698.0000000  888.58151  27.3%   189    4s
H   78    78                     701.0000000  888.58151  26.8%   175    4s
    82    84  753.70876   58  163  701.00000  888.58151  26.8%   176    5s
H  182   155                     704.0000000  888.53448  26.2%   144    6s
H  182   138                     710.0000000  888.53448  25.1%   144    6s
H  182   132                     714.0000000  888.53448  24.4%   144    6s
   371   289  845.02216    5  170  714.00000  881.79947  23.5%   122   10s
   561   452  771.05855   18  194  714.00000  881.39158  23.4%   121   16s
   608   485  803.27238   32  169  714.00000  874.92781  22.5%   130   20s
H  688   484                     727.0000000  874.92781  20.3%   137   25s
   774   529  853.97765   21  189  727.00000  869.80720  19.6%   147   30s
   851   570  741.68532   59  166  727.00000  869.80720  19.6%   154   35s
H  884   550                     729.0000000  869.73969  19.3%   155   36s
H  884   526                     730.0000000  869.73969  19.1%   155   36s
   925   548     cutoff   50       730.00000  869.73969  19.1%   156   40s
  1007   589  743.59130   55  154  730.00000  868.30484  18.9%   162   45s
  1091   622  766.04704   43  147  730.00000  868.28608  18.9%   166   50s
  1259   659  826.40332   18  156  730.00000  867.24139  18.8%   167   55s
  1491   782  748.70404   54  159  730.00000  861.68739  18.0%   162   60s
  1638   849  745.79360   35  157  730.00000  853.54668  16.9%   162   65s
H 1657   823                     733.0000000  852.83425  16.3%   161   66s
  1748   882  832.36672   26  166  733.00000  850.48545  16.0%   159   70s
  1972  1042  761.14394   47  161  733.00000  847.92358  15.7%   156   75s
  2300  1259  747.04701   44  159  733.00000  843.65016  15.1%   148   80s
  2438  1342  839.12817   25  182  733.00000  842.50174  14.9%   148   85s
  2627  1456  808.66223   21  170  733.00000  841.53217  14.8%   145   90s
  2873  1612  797.79763   26  162  733.00000  839.75226  14.6%   142   95s
  3066  1738  791.62192   28  162  733.00000  839.08768  14.5%   140  100s
  3212  1820  735.36048   48  157  733.00000  838.61964  14.4%   139  105s
  3403  1927  805.05215   23  174  733.00000  836.06470  14.1%   136  110s
  3533  2001  741.63282   30  160  733.00000  835.61848  14.0%   136  115s
  3638  2072  775.65246   31  162  733.00000  835.13258  13.9%   135  120s
  3804  2170  771.31965   30  165  733.00000  833.81968  13.8%   134  125s
  3954  2273  816.31484   25  169  733.00000  833.17795  13.7%   132  132s
  4085  2367  807.48440   25  169  733.00000  832.40106  13.6%   131  135s
  4264  2481  740.76368   30  151  733.00000  831.13665  13.4%   130  140s
  4553  2656  741.19623   50  144  733.00000  829.88970  13.2%   130  145s
  4790  2788  782.93697   30  164  733.00000  828.83636  13.1%   128  150s
  4955  2876     cutoff   38       733.00000  828.01590  13.0%   127  155s
  5212  3015  792.02257   24  167  733.00000  827.14842  12.8%   125  160s
  5464  3164  766.96180   27  156  733.00000  826.30034  12.7%   123  165s
  5658  3271  815.04513   29  171  733.00000  825.93500  12.7%   123  170s
  5858  3399  824.44715   20  164  733.00000  825.41172  12.6%   121  175s
  6012  3467  791.89495   28  160  733.00000  825.00668  12.6%   122  180s
  6154  3552  806.27759   27  174  733.00000  824.40014  12.5%   121  186s
  6321  3648  776.72725   28  144  733.00000  824.05160  12.4%   120  190s
  6518  3768  755.14771   38  150  733.00000  823.38129  12.3%   120  195s
  6695  3864     cutoff   46       733.00000  823.06462  12.3%   119  200s
  6947  4012  800.57999   28  156  733.00000  822.54132  12.2%   118  205s
  7225  4166  752.54039   36  169  733.00000  821.61172  12.1%   117  210s
  7692  4423  800.78240   28  174  733.00000  820.15327  11.9%   116  215s
  7976  4589  770.55751   32  167  733.00000  819.52350  11.8%   115  220s
  8241  4701  751.90185   21  156  733.00000  818.93438  11.7%   114  225s
  8563  4888  769.41710   38  170  733.00000  818.30830  11.6%   113  230s
  8817  5049  801.20008   28  162  733.00000  817.90281  11.6%   113  235s
  9070  5178     cutoff   47       733.00000  817.49066  11.5%   112  240s
  9408  5367  735.61907   43  153  733.00000  816.74990  11.4%   112  245s
  9751  5549  760.54008   32  158  733.00000  816.05016  11.3%   111  250s
  9899  5612  782.85062   33  170  733.00000  815.84288  11.3%   111  255s
 10203  5745  784.94286   31  194  733.00000  815.36276  11.2%   111  332s
 10212  5751  749.34839   39  242  733.00000  815.36276  11.2%   111  335s
 10221  5757  748.60855   46  244  733.00000  815.36276  11.2%   111  340s
 10239  5771  815.36276   34  195  733.00000  815.36276  11.2%   111  345s
 10270  5792  781.84596   50  164  733.00000  815.36276  11.2%   112  350s
 10320  5802  815.36276   38  178  733.00000  815.36276  11.2%   112  355s
 10341  5816  802.91713   49  184  733.00000  815.36276  11.2%   113  360s
 10370  5831  735.82177   63  161  733.00000  815.36276  11.2%   113  365s
 10407  5846  794.14167   42  180  733.00000  815.36276  11.2%   114  370s
 10450  5857  794.88917   29  174  733.00000  815.36276  11.2%   115  375s
 10494  5874  815.36276   28  197  733.00000  815.36276  11.2%   115  380s
 10528  5897  764.98326   45  161  733.00000  815.36276  11.2%   116  385s
 10577  5902  737.73605   40  158  733.00000  815.36276  11.2%   116  390s
 10589  5904  810.89076   33  188  733.00000  815.36276  11.2%   116  397s
 10622  5918  735.32491   49  153  733.00000  815.36276  11.2%   117  400s
 10687  5935  806.90262   46  196  733.00000  815.36276  11.2%   117  405s
 10742  5958  799.72236   41  188  733.00000  815.36276  11.2%   118  410s
 10857  6011  757.00648   43  138  733.00000  815.36276  11.2%   119  415s
 10948  6042  774.93439   46  161  733.00000  815.36276  11.2%   119  420s
 11044  6072  806.67003   35  174  733.00000  815.36276  11.2%   120  426s
 11110  6095  740.01669   55  173  733.00000  815.36276  11.2%   120  430s
 11206  6123  775.87494   47  180  733.00000  815.36276  11.2%   120  435s
 11354  6151  739.23041   57  171  733.00000  815.36276  11.2%   120  440s
 11543  6185  735.58407   55  152  733.00000  815.36276  11.2%   120  445s
 11664  6210  782.40368   39  164  733.00000  815.36276  11.2%   121  450s
 11835  6251  767.99854   50  180  733.00000  815.36276  11.2%   122  455s
 11935  6271  759.82800   51  183  733.00000  815.36276  11.2%   122  460s
 12099  6317  738.43024   46  167  733.00000  815.19118  11.2%   122  465s
 12319  6367  735.61503   58  148  733.00000  813.50747  11.0%   123  470s
 12584  6423  742.24815   45  154  733.00000  811.19603  10.7%   123  475s
 12766  6457  781.86642   37  173  733.00000  810.24915  10.5%   123  480s
H12842  6183                     734.0000000  809.73409  10.3%   123  482s
H12848  5894                     735.0000000  809.73409  10.2%   123  482s
 12983  5924  769.45841   43  185  735.00000  808.92757  10.1%   123  485s
 13186  5951  768.53342   40  164  735.00000  807.65262  9.88%   123  490s
 13279  5964     cutoff   50       735.00000  807.26870  9.83%   123  495s
 13424  5991  752.64003   42  163  735.00000  806.59076  9.74%   123  500s
 13586  6023     cutoff   50       735.00000  806.22030  9.69%   123  505s
 13757  6039  760.20676   43  159  735.00000  805.35541  9.57%   124  510s
 13924  6046  776.06290   48  174  735.00000  803.99769  9.39%   124  515s
 14032  6057  773.48775   39  185  735.00000  803.44989  9.31%   124  520s
 14118  6068  773.23372   36  162  735.00000  803.16174  9.27%   124  525s
 14201  6078  781.08531   35  192  735.00000  803.00892  9.25%   124  530s
 14342  6087  775.99002   48  168  735.00000  802.74554  9.22%   124  535s
 14484  6114  786.20506   42  181  735.00000  802.20189  9.14%   124  540s
 14640  6143  780.17133   41  179  735.00000  801.62006  9.06%   124  545s
 14796  6170  771.80386   41  171  735.00000  801.34788  9.03%   124  550s
H14902  5902                     736.0000000  801.01811  8.83%   124  559s
 14902  5904  788.47568   36  170  736.00000  800.97231  8.83%   124  560s
 14982  5924  770.03947   46  164  736.00000  800.73008  8.79%   124  565s
 15133  5931  766.44917   48  169  736.00000  799.80076  8.67%   124  570s
 15334  5952  749.08917   44  164  736.00000  799.37263  8.61%   124  575s
 15524  5964  766.80339   35  168  736.00000  798.97361  8.56%   124  580s
 15802  5993  756.36447   41  168  736.00000  797.87935  8.41%   124  585s
 16127  5991  756.09500   49  142  736.00000  797.04287  8.29%   125  590s
 16409  6022  790.84748   38  174  736.00000  796.49056  8.22%   124  595s
 16542  6034  779.45199   35  180  736.00000  796.20826  8.18%   124  600s
 16758  6058  737.61079   47  140  736.00000  795.92330  8.14%   124  605s
 16956  6067  787.04179   34  176  736.00000  795.51228  8.09%   124  610s
 17227  6054  779.07010   52  182  736.00000  795.02646  8.02%   124  615s
 17494  6067     cutoff   44       736.00000  794.22837  7.91%   124  620s
 17715  6048  747.58585   47  164  736.00000  793.76249  7.85%   124  625s
 17942  6081  757.91089   50  187  736.00000  793.35985  7.79%   124  631s
 18081  6061  744.44994   39  155  736.00000  793.12292  7.76%   124  635s
 18145  6068  741.11500   51  157  736.00000  793.08891  7.76%   124  640s
 18288  6069  772.95351   43  185  736.00000  792.92862  7.73%   124  645s
 18461  6076  773.64671   46  174  736.00000  792.65722  7.70%   124  650s
 18664  6083  746.96034   44  170  736.00000  792.39282  7.66%   124  655s
 18972  6103  753.39065   42  172  736.00000  791.93090  7.60%   124  660s
 19102  6093  747.05934   47  181  736.00000  791.65841  7.56%   124  665s
 19280  6091  757.33395   45  179  736.00000  791.29597  7.51%   124  670s
 19445  6086  754.28589   52  156  736.00000  790.94487  7.47%   124  675s
 19621  6090  740.63771   50  158  736.00000  790.74684  7.44%   124  680s
 19761  6085     cutoff   47       736.00000  790.36653  7.39%   124  685s
 19911  6063  755.94859   42  179  736.00000  790.01976  7.34%   124  690s
 20043  6058  784.52061   34  169  736.00000  789.72955  7.30%   124  695s
 20148  6063  738.56584   46  167  736.00000  789.47216  7.27%   124  700s
 20302  6049  742.27785   47  152  736.00000  789.26260  7.24%   124  705s
 20470  6041     cutoff   54       736.00000  788.97396  7.20%   124  710s
 20626  6032  766.20395   49  161  736.00000  788.70980  7.16%   124  715s
 20808  6048  757.63232   44  157  736.00000  788.47816  7.13%   124  720s
 20954  6048  746.12936   43  182  736.00000  788.32867  7.11%   123  725s
 21070  6040  754.99208   38  151  736.00000  788.04864  7.07%   123  730s
 21223  6044  756.83844   47  164  736.00000  787.75520  7.03%   123  735s
 21486  6035  742.48519   48  179  736.00000  787.37976  6.98%   123  740s
 21732  6012  784.58380   48  180  736.00000  787.11068  6.94%   123  745s
 21887  6009  768.74939   51  166  736.00000  786.81584  6.90%   123  750s
 22075  6006  755.48610   41  160  736.00000  786.55639  6.87%   123  755s
 22264  5983  771.67750   41  171  736.00000  786.26094  6.83%   123  760s
 22438  5975  739.77598   48  167  736.00000  786.04463  6.80%   123  765s
 22571  5961  744.12245   38  134  736.00000  785.80889  6.77%   123  770s
 22736  5947     cutoff   52       736.00000  785.61712  6.74%   123  775s
 22890  5942     cutoff   44       736.00000  785.47733  6.72%   123  780s
 23035  5928  746.63043   53  149  736.00000  785.42971  6.72%   123  785s
 23198  5920  748.94032   53  163  736.00000  785.05195  6.66%   123  790s
 23375  5907  773.18719   46  156  736.00000  784.75136  6.62%   123  795s
 23491  5905     cutoff   52       736.00000  784.48911  6.59%   123  801s
 23590  5886  764.92720   46  168  736.00000  784.35157  6.57%   123  805s
 23738  5872  743.67376   46  156  736.00000  784.12865  6.54%   123  810s
 23885  5847  773.18540   50  185  736.00000  783.92080  6.51%   123  815s
 24064  5852  776.33174   48  168  736.00000  783.66077  6.48%   123  820s
 24249  5839  750.11913   47  161  736.00000  783.54367  6.46%   123  825s
 24594  5805 infeasible   55       736.00000  783.03832  6.39%   123  830s
 24792  5783  748.41797   42  169  736.00000  782.85129  6.37%   123  835s
 25047  5778  758.77326   47  172  736.00000  782.59716  6.33%   123  840s
 25209  5814  760.97719   55  181  736.00000  782.44760  6.31%   123  845s
 25396  5849  753.72929   40  169  736.00000  782.28523  6.29%   123  850s
 25522  5864  772.51497   49  175  736.00000  782.07159  6.26%   123  855s
 25638  5892  761.02312   42  161  736.00000  781.90503  6.24%   123  860s
 25813  5935  748.87143   44  173  736.00000  781.59220  6.19%   123  865s
 25903  5949  765.40891   36  181  736.00000  781.37545  6.17%   123  870s
 26042  5973  747.16847   43  166  736.00000  781.21966  6.14%   123  875s
 26188  6004     cutoff   49       736.00000  781.13692  6.13%   122  880s
 26336  6039  759.36155   49  197  736.00000  781.05448  6.12%   122  885s
 26552  6085  744.36765   41  138  736.00000  780.89424  6.10%   122  890s
 26792  6135  758.27042   45  168  736.00000  780.68837  6.07%   122  895s
 26959  6169  758.49066   41  170  736.00000  780.53612  6.05%   122  900s
 27088  6201  756.56441   43  168  736.00000  780.44032  6.04%   122  905s
 27257  6230  760.31090   35  165  736.00000  780.33117  6.02%   122  910s
 27272  6236  743.77361   45  167  736.00000  780.33051  6.02%   122  915s
 27413  6267  752.42899   42  172  736.00000  780.06546  5.99%   122  920s
 27624  6331  765.32258   46  171  736.00000  779.85682  5.96%   122  925s
 27899  6392  746.51333   42  158  736.00000  779.55098  5.92%   122  930s
 28068  6417  756.65151   41  163  736.00000  779.35003  5.89%   122  935s
 28187  6445  738.16272   55  165  736.00000  779.24184  5.88%   122  940s
 28367  6471  756.61170   53  174  736.00000  779.08036  5.85%   122  945s
 28544  6500  750.79889   50  146  736.00000  778.97286  5.84%   122  950s
 28765  6556  756.81296   45  172  736.00000  778.83810  5.82%   122  955s
 28977  6602  744.68291   45  164  736.00000  778.71539  5.80%   122  960s
 29235  6638  740.11630   55  183  736.00000  778.51987  5.78%   122  965s
 29452  6677     cutoff   47       736.00000  778.28654  5.75%   122  972s
 29599  6708  760.08830   52  170  736.00000  778.15610  5.73%   122  975s
 29868  6749     cutoff   35       736.00000  777.90651  5.69%   122  980s
 30218  6814     cutoff   48       736.00000  777.60084  5.65%   122  985s
 30480  6873  749.45365   44  142  736.00000  777.22604  5.60%   121  990s
 30716  6917  750.44476   37  182  736.00000  777.03927  5.58%   121  995s
 30940  6962  739.83363   44  174  736.00000  776.72158  5.53%   121 1000s
 31124  6996  756.14347   37  134  736.00000  776.61739  5.52%   121 1005s
 31344  7023  739.26139   42  176  736.00000  776.48311  5.50%   121 1010s
 31545  7054  741.39709   38  152  736.00000  776.29745  5.48%   121 1015s
 31796  7086  763.29639   40  159  736.00000  776.02798  5.44%   121 1020s
 31999  7124     cutoff   47       736.00000  775.84044  5.41%   121 1025s
 32271  7177  749.20989   44  149  736.00000  775.69843  5.39%   121 1030s
 32732  7258     cutoff   55       736.00000  775.19067  5.32%   121 1035s
 32987  7312  738.74778   45  163  736.00000  775.01872  5.30%   121 1040s
 33259  7365  749.09489   39  184  736.00000  774.80753  5.27%   121 1045s
 33530  7394  741.32891   44  141  736.00000  774.52832  5.23%   121 1050s
 33799  7427  747.45092   37  156  736.00000  774.33856  5.21%   120 1055s
 34048  7453  748.38632   43  162  736.00000  774.13776  5.18%   120 1060s
 34309  7494  740.90955   43  162  736.00000  773.96375  5.16%   120 1065s
 34563  7528  751.86248   35  176  736.00000  773.68315  5.12%   120 1070s
 34699  7538  753.65288   36  155  736.00000  773.57862  5.11%   120 1075s
 34950  7570     cutoff   47       736.00000  773.31012  5.07%   120 1080s
 35217  7600  754.22310   42  175  736.00000  773.08461  5.04%   120 1085s
 35516  7641  738.52503   44  168  736.00000  772.84766  5.01%   120 1090s
 35781  7662     cutoff   40       736.00000  772.63935  4.98%   120 1095s
 36083  7694  745.25606   45  157  736.00000  772.40610  4.95%   120 1100s
 36419  7748     cutoff   52       736.00000  772.17475  4.92%   120 1105s
 36684  7770     cutoff   50       736.00000  771.90655  4.88%   120 1110s
 37030  7786  763.16756   49  177  736.00000  771.64111  4.84%   120 1115s
 37258  7808  749.47081   52  139  736.00000  771.47129  4.82%   120 1120s
 37527  7829  739.50009   47  163  736.00000  771.23231  4.79%   120 1125s
 37818  7862  747.89336   53  158  736.00000  770.97458  4.75%   120 1130s
 38048  7911  743.59764   54  176  736.00000  770.80291  4.73%   120 1135s
 38343  7933  766.25580   41  187  736.00000  770.63067  4.71%   119 1140s
 38518  7956  749.76970   46  156  736.00000  770.46875  4.68%   119 1145s
 38781  7964     cutoff   54       736.00000  770.23883  4.65%   119 1150s
 39023  7977  765.52402   39  168  736.00000  770.01578  4.62%   119 1155s
 39304  8004  743.21483   40  171  736.00000  769.79786  4.59%   119 1160s
 39569  8021  749.69798   43  162  736.00000  769.62446  4.57%   119 1165s
 39851  8042  754.14607   41  173  736.00000  769.41900  4.54%   119 1170s
 40121  8059  740.42008   44  155  736.00000  769.23650  4.52%   119 1176s
 40331  8095  737.36468   46  141  736.00000  769.12540  4.50%   119 1180s
 40638  8127     cutoff   54       736.00000  768.90222  4.47%   119 1185s
 40965  8133  748.78453   40  171  736.00000  768.71811  4.45%   119 1190s
 41304  8133  755.95654   50  177  736.00000  768.49722  4.42%   119 1195s
 41738  8165  748.26456   47  167  736.00000  768.25353  4.38%   119 1200s
 42150  8176  738.03609   39  173  736.00000  767.83321  4.33%   119 1205s
 42352  8180  738.83411   48  134  736.00000  767.69005  4.31%   119 1210s
 42594  8199  765.33439   45  163  736.00000  767.53342  4.28%   119 1215s
 42914  8212  750.11888   50  171  736.00000  767.38021  4.26%   118 1220s
 43221  8214  763.57796   49  153  736.00000  767.14945  4.23%   118 1225s
 43534  8248  745.39336   42  161  736.00000  766.98217  4.21%   118 1230s
 43809  8256  749.89715   44  166  736.00000  766.76137  4.18%   118 1235s
 44066  8269  748.66921   53  172  736.00000  766.59561  4.16%   118 1240s
 44233  8270  742.68538   38  161  736.00000  766.48474  4.14%   118 1245s
 44485  8271  738.25103   49  144  736.00000  766.30040  4.12%   118 1250s
 44768  8277     cutoff   48       736.00000  766.15420  4.10%   118 1255s
 45096  8288     cutoff   44       736.00000  765.93938  4.07%   118 1260s
 45404  8299     cutoff   45       736.00000  765.78186  4.05%   118 1265s
 45844  8309  741.09375   51  165  736.00000  765.55272  4.02%   118 1270s
 46241  8285     cutoff   43       736.00000  765.31664  3.98%   118 1275s
 46428  8283     cutoff   51       736.00000  765.22499  3.97%   118 1280s
 46711  8277     cutoff   43       736.00000  765.01211  3.94%   118 1285s
 47015  8292  752.38248   42  168  736.00000  764.77697  3.91%   118 1290s
 47299  8283  737.61798   52  142  736.00000  764.61366  3.89%   118 1295s
 47620  8285  741.49258   40  173  736.00000  764.43706  3.86%   118 1300s
 47909  8266     cutoff   45       736.00000  764.25595  3.84%   117 1305s
 48195  8273  751.36275   52  173  736.00000  764.09723  3.82%   117 1313s
 48245  8275  747.82955   45  172  736.00000  764.06789  3.81%   117 1315s
 48468  8294     cutoff   48       736.00000  763.97801  3.80%   117 1320s
 48704  8284  750.49149   51  155  736.00000  763.81331  3.78%   117 1325s
 48957  8273  750.79581   49  178  736.00000  763.62726  3.75%   117 1330s
 49224  8261  738.75991   52  159  736.00000  763.45339  3.73%   117 1335s
 49470  8258  749.09947   42  192  736.00000  763.30601  3.71%   117 1340s
 49733  8266     cutoff   44       736.00000  763.18695  3.69%   117 1345s
 49960  8270  748.10430   53  171  736.00000  763.09823  3.68%   117 1350s
 50243  8252     cutoff   39       736.00000  762.93663  3.66%   117 1355s
 50536  8250  738.68565   37  175  736.00000  762.71669  3.63%   117 1360s
 50913  8219  743.77574   41  155  736.00000  762.49920  3.60%   117 1365s
 51306  8178  760.36834   44  165  736.00000  762.20018  3.56%   117 1374s
 51312  8184  739.81292   50  152  736.00000  762.20018  3.56%   117 1375s
 51533  8173  738.71390   56  135  736.00000  762.08007  3.54%   117 1381s
 51710  8168  745.97521   48  180  736.00000  761.97163  3.53%   117 1385s
 51978  8161  739.42700   45  144  736.00000  761.84782  3.51%   117 1390s
 52196  8130  745.82201   41  160  736.00000  761.69319  3.49%   117 1395s
 52374  8109  754.79204   49  155  736.00000  761.58867  3.48%   117 1400s
 52626  8112  753.33212   46  173  736.00000  761.48322  3.46%   117 1405s
 52882  8101  750.47742   38  168  736.00000  761.31290  3.44%   117 1410s
 53060  8094  747.48758   50  172  736.00000  761.24794  3.43%   117 1415s
 53299  8067  750.12342   45  165  736.00000  761.08471  3.41%   117 1420s
 53508  8048     cutoff   54       736.00000  760.94449  3.39%   117 1425s
 53711  8007  742.87478   44  184  736.00000  760.79910  3.37%   117 1430s
 54122  7975  749.83844   41  162  736.00000  760.59691  3.34%   116 1435s
 54331  7963  738.62128   51  179  736.00000  760.44947  3.32%   116 1440s
 54534  7924     cutoff   52       736.00000  760.29541  3.30%   116 1445s
 54658  7912     cutoff   53       736.00000  760.23140  3.29%   116 1450s
 54976  7904  746.16021   41  169  736.00000  760.08958  3.27%   116 1455s
 55231  7858     cutoff   44       736.00000  759.96765  3.26%   116 1460s
 55507  7806     cutoff   54       736.00000  759.75105  3.23%   116 1465s
 55723  7778  739.97809   39  157  736.00000  759.61645  3.21%   116 1470s
 56009  7746  742.45311   46  149  736.00000  759.48212  3.19%   116 1475s
 56258  7700  737.31533   43  166  736.00000  759.32026  3.17%   116 1480s
 56467  7665  742.51061   48  143  736.00000  759.16667  3.15%   116 1485s
H56511  7148                     741.0000000  759.13749  2.45%   116 1485s
 56600  7126  751.92121   45  158  741.00000  759.06237  2.44%   116 1490s
 56827  7061  747.73735   36  164  741.00000  758.84478  2.41%   116 1495s
 57282  6912  742.77306   39  164  741.00000  758.45933  2.36%   116 1500s
 57652  6790     cutoff   50       741.00000  758.12500  2.31%   116 1505s
 57933  6719  750.90020   51  196  741.00000  757.88236  2.28%   116 1510s
 58190  6625     cutoff   46       741.00000  757.64717  2.25%   116 1515s
 58384  6553     cutoff   48       741.00000  757.47636  2.22%   116 1520s
 58656  6461  742.48542   44  161  741.00000  757.21028  2.19%   116 1525s
 58920  6360     cutoff   36       741.00000  756.96107  2.15%   116 1530s
 59174  6245  743.71037   44  174  741.00000  756.63844  2.11%   116 1535s
 59428  6133  749.03212   47  153  741.00000  756.40477  2.08%   116 1540s
 59714  6005  750.08057   57  166  741.00000  756.10429  2.04%   116 1545s
 59996  5870  746.60131   52  153  741.00000  755.81333  2.00%   116 1551s
 60188  5767     cutoff   41       741.00000  755.57844  1.97%   116 1555s
 60415  5665  744.26251   40  183  741.00000  755.32356  1.93%   116 1566s
 60798  5479     cutoff   43       741.00000  754.92605  1.88%   116 1570s
 61062  5353     cutoff   37       741.00000  754.65978  1.84%   116 1575s
 61326  5204  747.97735   42  169  741.00000  754.29602  1.79%   116 1580s
 61522  5101     cutoff   37       741.00000  754.07988  1.77%   116 1585s
 61735  4970  742.68550   55  151  741.00000  753.84333  1.73%   116 1590s
 61957  4838     cutoff   41       741.00000  753.60146  1.70%   115 1595s
 62209  4702     cutoff   44       741.00000  753.37466  1.67%   115 1600s
 62610  4476     cutoff   54       741.00000  752.96261  1.61%   115 1605s
 63209  4063     cutoff   48       741.00000  752.14823  1.50%   115 1610s
 63598  3798  745.49208   43  192  741.00000  751.67122  1.44%   115 1615s
 63842  3620  747.86084   44  162  741.00000  751.38794  1.40%   115 1620s
 64239  3337     cutoff   50       741.00000  750.84710  1.33%   115 1625s
 64608  3035     cutoff   46       741.00000  750.30715  1.26%   114 1630s
 65039  2668  743.83884   46  144  741.00000  749.60879  1.16%   114 1635s
 65454  2315     cutoff   36       741.00000  748.93333  1.07%   114 1640s
 66052  1795     cutoff   46       741.00000  747.94207  0.94%   113 1645s
 66654  1244     cutoff   37       741.00000  746.70326  0.77%   113 1650s
 67217   717     cutoff   56       741.00000  745.14450  0.56%   112 1655s

Cutting planes:
  Dual implied bound: 1
  MIR: 34
  Flow cover: 270
  Zero half: 7
  RLT: 8

Explored 67957 nodes (7546761 simplex iterations) in 1657.79 seconds (607.39 work units)
Thread count was 1 (of 12 available processors)

Solution count 10: 741 736 735 ... 710

Optimal solution found (tolerance 1.00e-04)
Best objective 7.410000000000e+02, best bound 7.410000000000e+02, gap 0.0000%
