
Gurobi 12.0.2 (linux64, C++) logging started Thu Jun 19 08:00:22 2025

Set parameter LogFile to value "log/instances/scenario1/fully_correlated_sc1/800/kpfs_8.txt.log"

Gurobi 12.0.2 (linux64, C++) logging started Thu Jun 19 08:01:45 2025

Set parameter LogFile to value "log/instances/scenario1/fully_correlated_sc1/800/kpfs_8.txt.log"

Gurobi 12.0.2 (linux64, C++) logging started Thu Jun 19 08:02:57 2025

Set parameter LogFile to value "log/instances/scenario1/fully_correlated_sc1/800/kpfs_8.txt.log"

Gurobi 12.0.2 (linux64, C++) logging started Fri Jun 20 07:37:27 2025

Set parameter WLSAccessID
Set parameter WLSSecret
Set parameter LicenseID to value 2679381
Set parameter LogFile to value "log/instances/scenario1/fully_correlated_sc1/800/kpfs_8.txt.log"
Academic license 2679381 - for non-commercial use only - registered to be___@poli.ufrj.br
Set parameter TimeLimit to value 1800
Set parameter Threads to value 1
Gurobi Optimizer version 12.0.2 build v12.0.2rc0 (linux64 - "Ubuntu 24.04.1 LTS")

CPU model: 13th Gen Intel(R) Core(TM) i7-1355U, instruction set [SSE2|AVX|AVX2]
Thread count: 6 physical cores, 12 logical processors, using up to 1 threads

Non-default parameters:
TimeLimit  1800
Threads  1

Academic license 2679381 - for non-commercial use only - registered to be___@poli.ufrj.br
Optimize a model with 4002 rows, 4800 columns and 44788 nonzeros
Model fingerprint: 0x33f8df1b
Variable types: 0 continuous, 4800 integer (800 binary)
Coefficient statistics:
  Matrix range     [1e+00, 3e+01]
  Objective range  [3e+00, 4e+01]
  Bounds range     [1e+00, 2e+01]
  RHS range        [1e+00, 1e+03]
Found heuristic solution: objective 281.0000000
Presolve removed 0 rows and 275 columns
Presolve time: 0.15s
Presolved: 4002 rows, 4525 columns, 44238 nonzeros
Variable types: 0 continuous, 4525 integer (800 binary)

Root simplex log...

Iteration    Objective       Primal Inf.    Dual Inf.      Time
    6052    1.7230932e+03   3.144829e+03   0.000000e+00      5s
   10618    1.5787086e+03   0.000000e+00   0.000000e+00     10s

Root relaxation: objective 1.578709e+03, 10618 iterations, 9.52 seconds (7.90 work units)

    Nodes    |    Current Node    |     Objective Bounds      |     Work
 Expl Unexpl |  Obj  Depth IntInf | Incumbent    BestBd   Gap | It/Node Time

     0     0 1578.70855    0  627  281.00000 1578.70855   462%     -    9s
H    0     0                     285.0000000 1578.70855   454%     -    9s
H    0     0                     363.0000000 1578.70855   335%     -   10s
H    0     0                     371.0000000 1578.70855   326%     -   10s
H    0     0                     384.0000000 1578.70855   311%     -   10s
     0     0 1577.90345    0  625  384.00000 1577.90345   311%     -   14s
H    0     0                     391.0000000 1577.87997   304%     -   16s
H    0     0                     437.0000000 1577.87997   261%     -   16s
H    0     0                     439.0000000 1577.87997   259%     -   16s
H    0     0                     444.0000000 1577.87997   255%     -   16s
H    0     0                     451.0000000 1577.87997   250%     -   17s
H    0     0                     461.0000000 1577.87997   242%     -   19s
H    0     0                     492.0000000 1577.87997   221%     -   19s
H    0     0                     538.0000000 1577.87997   193%     -   19s
H    0     0                     592.0000000 1577.87997   167%     -   25s
     0     0 1577.82582    0  623  592.00000 1577.82582   167%     -   25s
     0     0 1577.79894    0  623  592.00000 1577.79894   167%     -   25s
     0     0 1577.79518    0  623  592.00000 1577.79518   167%     -   26s
     0     0 1577.45241    0  627  592.00000 1577.45241   166%     -   30s
     0     0 1577.43178    0  627  592.00000 1577.43178   166%     -   39s
     0     0 1577.42845    0  627  592.00000 1577.42845   166%     -   50s
H    0     0                     611.0000000 1577.42175   158%     -   53s
H    0     0                     625.0000000 1577.42175   152%     -   53s
     0     2 1577.42175    0  627  625.00000 1577.42175   152%     -   53s
     2     4 1514.03853    1  614  625.00000 1574.32248   152%  1694   55s
     6     8 1472.05784    3  603  625.00000 1562.63854   150%  1838   61s
     9    11 1556.54140    5  620  625.00000 1559.59455   150%  1659   65s
    12    14 1448.74460    6  606  625.00000 1552.73223   148%  2203   70s
    18    20 1471.80342    9  608  625.00000 1545.95593   147%  2193   76s
    22    24 1539.72322   12  615  625.00000 1543.54962   147%  1998   80s
H   26    26                     626.0000000 1543.54962   147%  1841   83s
    30    32 1460.70666   18  614  626.00000 1543.54962   147%  1826   86s
    34    36 1471.44069   21  607  626.00000 1543.54962   147%  1817   91s
    38    40 1432.22750   23  589  626.00000 1543.54962   147%  1765   96s
    43    45 1405.97146   27  580  626.00000 1543.54962   147%  1733  100s
    48    50 1511.52087   31  603  626.00000 1543.54962   147%  1650  105s
    56    58 1431.00408   37  598  626.00000 1543.54962   147%  1591  111s
    60    62 1503.28571   40  606  626.00000 1543.54962   147%  1551  115s
    73    75 1405.05695   51  571  626.00000 1543.54962   147%  1400  122s
    76    78 1405.27878   53  585  626.00000 1543.54962   147%  1422  125s
    99   101 1380.93757   75  565  626.00000 1543.54962   147%  1182  130s
   111   113 1379.99962   85  576  626.00000 1543.54962   147%  1136  136s
   125   127 1358.49219   98  555  626.00000 1543.54962   147%  1053  141s
H  130   130                     634.0000000 1543.54962   143%  1022  143s
H  130   130                     639.0000000 1543.54962   142%  1022  143s
H  130   130                     640.0000000 1543.54962   141%  1022  143s
H  130   130                     660.0000000 1543.54962   134%  1022  143s
H  130   130                     664.0000000 1543.54962   132%  1022  143s
H  130   130                     670.0000000 1543.54962   130%  1022  144s
H  130   130                     676.0000000 1543.54962   128%  1022  144s
   135   137 1341.64026  106  535  676.00000 1543.54962   128%  1024  146s
   151   153 1423.14964  121  539  676.00000 1543.54962   128%   957  150s
   158   160 1346.19114  126  537  676.00000 1543.54962   128%   955  155s
   167   169 1318.28255  132  503  676.00000 1543.54962   128%   959  194s
   168   170 1407.39888  133  535  676.00000 1543.54962   128%   955  195s
   176   178 1341.22709  138  526  676.00000 1543.54962   128%   970  200s
H  182   182                     681.0000000 1543.54962   127%   959  203s
   191   193 1295.02405  151  525  681.00000 1543.54962   127%   940  206s
   215   217 1355.98746  175  505  681.00000 1543.54962   127%   864  210s
   236   238 1245.96910  193  483  681.00000 1543.54962   127%   832  215s
   258   260 1268.34679  211  479  681.00000 1543.54962   127%   806  220s
H  260   260                     683.0000000 1543.54962   126%   801  226s
H  260   260                     684.0000000 1543.54962   126%   801  226s
   267   269 1318.07585  218  452  684.00000 1543.54962   126%   801  230s
H  286   286                     685.0000000 1543.54962   125%   772  238s
   286   288 1301.81994  235  473  685.00000 1543.54962   125%   773  242s
H  300   300                     700.0000000 1543.54962   121%   750  244s
   305   307 1231.98510  252  444  700.00000 1543.54962   121%   747  245s
   326   328 1256.74754  269  448  700.00000 1543.54962   121%   731  250s
   357   359 1167.37436  294  428  700.00000 1543.54962   121%   711  255s
   380   382 1210.96167  313  406  700.00000 1543.54962   121%   693  260s
   403   405 1191.85859  329  402  700.00000 1543.54962   121%   689  265s
   419   421 1097.24120  339  404  700.00000 1543.54962   121%   690  270s
   447   449 1155.49688  361  377  700.00000 1543.54962   121%   673  275s
   513   515 1104.55198  421  338  700.00000 1543.54962   121%   615  280s
   559   561 1006.12478  458  319  700.00000 1543.54962   121%   591  285s
   626   628  934.80663  517  282  700.00000 1543.54962   121%   552  290s
   732   734  891.66164  604  224  700.00000 1543.54962   121%   497  295s
   882   868 1442.07505   11  597  700.00000 1539.67266   120%   434  305s
   884   869 1348.53659  184  627  700.00000 1539.67266   120%   433  327s
   886   870  937.18301  549  627  700.00000 1539.67266   120%   432  345s
   887   871 1084.67449  434  625  700.00000 1539.67266   120%   432  363s
   891   874 1057.92051  466  626  700.00000 1539.67266   120%   430  365s
   895   878 1507.13662   14  595  700.00000 1539.67266   120%   445  370s
   899   881 1461.91018   16  599  700.00000 1539.67266   120%   451  377s
   901   882 1456.07091   17  597  700.00000 1539.67266   120%   454  380s
   905   885 1469.30588   19  597  700.00000 1539.67266   120%   465  385s
   909   888 1461.21980   21  587  700.00000 1539.67266   120%   473  390s
   913   890 1424.55513   23  583  700.00000 1539.67266   120%   481  396s
   917   893 1478.16400   25  596  700.00000 1536.78024   120%   486  401s
   919   894 1429.19597   26  604  700.00000 1533.07493   119%   492  405s
   922   896 1529.88510   28  614  700.00000 1531.21620   119%   495  410s
   925   898 1451.74350   29  606  700.00000 1528.22721   118%   501  416s
   928   900 1523.75799   31  617  700.00000 1526.08792   118%   506  420s
   931   902 1431.02415   32  614  700.00000 1521.01057   117%   512  427s
   933   904 1440.37605   33  600  700.00000 1517.11125   117%   517  430s
   936   906 1512.64611   35  607  700.00000 1515.27762   116%   520  435s
   939   908 1421.89325   36  614  700.00000 1510.68610   116%   525  441s
   941   909 1406.03576   37  596  700.00000 1508.45337   115%   531  445s
   945   912 1415.85253   39  618  700.00000 1507.10863   115%   537  451s
   949   914 1406.60782   41  601  700.00000 1507.10863   115%   545  456s
   953   917 1403.75630   43  589  700.00000 1507.10863   115%   549  461s
   955   918 1402.65039   44  596  700.00000 1507.10863   115%   555  466s
   959   921 1397.80133   46  598  700.00000 1507.10863   115%   559  472s
   961   922 1388.67775   47  583  700.00000 1507.10863   115%   561  476s
   964   924 1477.61138   49  609  700.00000 1507.10863   115%   567  480s
   967   926 1414.03502   50  589  700.00000 1507.10863   115%   571  485s
H  971   883                     707.0000000 1507.10863   113%   573  492s
H  971   841                     716.0000000 1507.10863   110%   573  492s
   973   844 1396.82504   53  592  716.00000 1507.10863   110%   581  495s
   977   847 1384.92829   55  581  716.00000 1507.10863   110%   585  500s
   981   850 1370.61035   57  595  716.00000 1507.10863   110%   593  505s
   985   852 1363.58299   59  589  716.00000 1507.10863   110%   597  510s
   989   855 1377.94195   61  589  716.00000 1507.10863   110%   603  515s
   993   858 1374.37594   63  579  716.00000 1507.10863   110%   607  520s
H  997   818                     721.0000000 1507.10863   109%   608  529s
   997   820 1327.47849   65  564  721.00000 1507.10863   109%   613  530s
  1000   822 1438.15909   67  601  721.00000 1507.10863   109%   615  535s
  1003   824 1340.73569   68  578  721.00000 1507.10863   109%   620  542s
  1005   826 1325.93199   69  574  721.00000 1507.10863   109%   625  545s
  1009   828 1337.98064   71  579  721.00000 1507.10863   109%   629  551s
  1013   831 1336.01805   73  571  721.00000 1507.10863   109%   633  556s
  1017   834 1343.65834   75  578  721.00000 1507.10863   109%   639  560s
  1021   836 1323.39783   77  567  721.00000 1507.10863   109%   643  566s
  1024   838 1415.29604   79  601  721.00000 1507.10863   109%   647  570s
  1027   840 1324.39431   80  574  721.00000 1507.10863   109%   651  575s
  1031   843 1341.22423   82  583  721.00000 1507.10863   109%   658  581s
  1034   845 1406.59614   84  596  721.00000 1507.10863   109%   660  585s
  1037   847 1309.03845   85  566  721.00000 1507.10863   109%   664  590s
  1041   850 1301.35379   87  567  721.00000 1507.10863   109%   670  596s
  1044   852 1398.90695   89  593  721.00000 1507.10863   109%   672  600s
  1047   854 1307.95213   90  565  721.00000 1507.10863   109%   678  605s
  1053   858 1326.45175   93  587  721.00000 1507.10863   109%   683  610s
  1057   860 1307.09907   95  568  721.00000 1507.10863   109%   689  615s
  1061   863 1335.31357   97  573  721.00000 1507.10863   109%   692  621s
  1065   866 1316.76848   99  571  721.00000 1507.10863   109%   697  627s
  1067   867 1303.25549  100  563  721.00000 1507.10863   109%   699  630s
  1071   870 1274.77688  102  562  721.00000 1507.10863   109%   702  636s
  1073   871 1293.33704  103  573  721.00000 1507.10863   109%   706  640s
  1075   872 1303.96706  104  575  721.00000 1507.10863   109%   707  645s
  1079   875 1276.29686  106  574  721.00000 1507.10863   109%   711  652s
  1081   876 1276.21225  107  562  721.00000 1507.10863   109%   715  655s
  1087   880 1251.63844  110  561  721.00000 1507.10863   109%   720  661s
  1091   883 1269.92690  112  573  721.00000 1507.10863   109%   726  665s
  1096   886 1354.88749  115  591  721.00000 1507.10863   109%   729  670s
H 1101   851                     723.0000000 1507.10863   108%   731  677s
  1103   854 1249.65766  118  567  723.00000 1507.10863   108%   737  681s
  1107   857 1236.58615  120  561  723.00000 1507.10863   108%   741  687s
  1110   859 1345.68374  122  573  723.00000 1507.10863   108%   743  690s
  1114   861 1341.46195  124  574  723.00000 1507.10863   108%   746  695s
  1115   862 1261.56189  124  545  723.00000 1507.10863   108%   753  700s
  1119   865 1246.40818  126  546  723.00000 1507.10863   108%   759  705s
  1125   869 1250.41067  129  548  723.00000 1507.10863   108%   765  711s
H 1127   832                     728.0000000 1507.10863   107%   764  751s
H 1127   798                     730.0000000 1507.10863   106%   764  751s
  1131   803 1164.51769  132  518  730.00000 1507.10863   106%   772  756s
  1135   805 1245.14182  134  539  730.00000 1507.10863   106%   775  760s
  1141   809 1257.43237  137  548  730.00000 1507.10863   106%   778  765s
  1147   813 1253.83292  140  545  730.00000 1507.10863   106%   783  771s
  1150   815 1310.26764  142  557  730.00000 1507.10863   106%   786  775s
  1153   817 1243.36673  143  534  730.00000 1507.10863   106%   789  780s
  1157   820 1221.51321  145  545  730.00000 1507.10863   106%   792  785s
  1161   823 1222.37982  147  522  730.00000 1507.10863   106%   794  790s
  1165   825 1238.82596  149  543  730.00000 1507.10863   106%   798  795s
  1169   828 1214.41163  151  522  730.00000 1507.10863   106%   801  800s
  1173   831 1218.41554  153  530  730.00000 1507.10863   106%   803  805s
  1178   834 1283.59521  156  549  730.00000 1507.10863   106%   806  810s
  1182   837 1280.47238  158  547  730.00000 1507.10863   106%   810  815s
  1187   840 1193.79158  160  522  730.00000 1507.10863   106%   815  820s
  1191   843 1171.74773  162  514  730.00000 1507.10863   106%   819  826s
  1195   845 1186.88133  164  512  730.00000 1507.10863   106%   822  830s
  1199   848 1207.77122  166  524  730.00000 1507.10863   106%   824  835s
  1203   851 1185.99205  168  526  730.00000 1507.10863   106%   826  840s
  1207   853 1187.59774  170  524  730.00000 1507.10863   106%   828  845s
  1211   856 1174.28537  172  522  730.00000 1507.10863   106%   830  850s
  1215   859 1178.12195  174  524  730.00000 1507.10863   106%   834  855s
  1221   863 1167.50173  177  519  730.00000 1507.10863   106%   836  860s
  1226   866 1239.27319  180  535  730.00000 1507.10863   106%   838  865s
  1230   869 1236.32163  182  533  730.00000 1507.10863   106%   842  870s
  1233   871 1147.95465  183  516  730.00000 1507.10863   106%   844  875s
  1239   875 1164.45534  186  512  730.00000 1507.10863   106%   847  880s
  1245   879 1164.71632  189  528  730.00000 1507.10863   106%   850  885s
  1249   881 1135.10163  191  507  730.00000 1507.10863   106%   851  890s
  1254   885 1212.33897  194  522  730.00000 1507.10863   106%   853  895s
H 1257   853                     734.0000000 1507.10863   105%   853  900s
  1261   857 1119.72465  197  516  734.00000 1507.10863   105%   857  905s
  1266   861 1205.23747  200  517  734.00000 1507.10863   105%   858  910s
  1269   863 1128.02859  201  509  734.00000 1507.10863   105%   860  915s
  1274   866 1200.81464  204  510  734.00000 1507.10863   105%   862  920s
  1279   869 1133.56614  206  494  734.00000 1507.10863   105%   864  925s
  1285   873 1098.94195  209  494  734.00000 1507.10863   105%   866  931s
  1291   877 1109.89021  212  494  734.00000 1507.10863   105%   869  935s
  1297   881 1096.97371  215  502  734.00000 1507.10863   105%   871  940s
  1302   885 1185.03640  218  509  734.00000 1507.10863   105%   872  945s
  1307   888 1104.23143  220  486  734.00000 1507.10863   105%   875  951s
  1311   891 1080.01196  222  487  734.00000 1507.10863   105%   876  955s
  1316   894 1179.86306  225  501  734.00000 1507.10863   105%   878  960s
  1321   897 1080.02444  227  482  734.00000 1507.10863   105%   880  965s
  1327   901 1080.31707  230  475  734.00000 1507.10863   105%   883  971s
  1331   904 1083.58114  232  494  734.00000 1507.10863   105%   884  975s
  1337   908 1064.67117  235  492  734.00000 1507.10863   105%   886  981s
  1343   912 1082.56146  238  486  734.00000 1507.10863   105%   888  985s
  1351   917 1099.63564  242  484  734.00000 1507.10863   105%   889  990s
  1359   923 1050.85146  246  468  734.00000 1507.10863   105%   892  996s
  1361   924 1063.93299  247  491  734.00000 1507.10863   105%   893 1000s
  1367   928 1060.29543  250  478  734.00000 1507.10863   105%   894 1006s
  1371   931 1061.27760  252  470  734.00000 1507.10863   105%   896 1010s
  1377   935 1071.72346  255  468  734.00000 1507.10863   105%   898 1016s
  1381   937 1066.65792  257  465  734.00000 1507.10863   105%   898 1020s
  1387   941 1064.70241  260  463  734.00000 1507.10863   105%   900 1025s
  1393   945 1083.17755  263  469  734.00000 1507.10863   105%   901 1030s
  1399   949 1060.81167  266  458  734.00000 1507.10863   105%   903 1035s
  1405   953 1040.49774  269  458  734.00000 1507.10863   105%   904 1040s
  1411   957 1056.03876  272  457  734.00000 1507.10863   105%   905 1046s
  1417   961 1050.56170  275  454  734.00000 1507.10863   105%   906 1051s
  1422   965 1122.40448  278  461  734.00000 1507.10863   105%   906 1055s
  1431   971 1044.05673  282  470  734.00000 1507.10863   105%   908 1060s
  1436   974 1117.11822  285  458  734.00000 1507.10863   105%   909 1065s
  1445   980  998.99929  289  441  734.00000 1507.10863   105%   911 1070s
  1453   985 1037.58131  293  447  734.00000 1507.10863   105%   912 1075s
  1460   990 1102.57454  297  456  734.00000 1507.10863   105%   912 1080s
  1465   993 1021.87698  299  426  734.00000 1507.10863   105%   913 1098s
  1468   995 1098.32843  301  449  734.00000 1507.10863   105%   913 1100s
  1475  1000 1027.10757  304  452  734.00000 1507.10863   105%   914 1105s
  1482  1005 1091.70754  308  448  734.00000 1507.10863   105%   914 1110s
  1488  1009 1089.25768  311  442  734.00000 1507.10863   105%   915 1115s
  1494  1013 1084.23297  314  439  734.00000 1507.10863   105%   916 1120s
  1503  1019  997.33324  318  424  734.00000 1507.10863   105%   919 1125s
  1513  1025 1020.30212  323  432  734.00000 1507.10863   105%   920 1130s
  1523  1032  995.58084  328  430  734.00000 1507.10863   105%   920 1135s
  1532  1038 1056.10947  333  419  734.00000 1507.10863   105%   920 1140s
  1539  1043  982.40223  336  433  734.00000 1507.10863   105%   921 1145s
  1546  1047 1041.28789  340  426  734.00000 1507.10863   105%   922 1150s
  1553  1052  976.27289  343  404  734.00000 1507.10863   105%   922 1155s
  1560  1057 1034.16609  347  419  734.00000 1507.10863   105%   922 1160s
  1567  1061  951.53921  350  401  734.00000 1507.10863   105%   923 1165s
  1574  1066 1024.78646  354  417  734.00000 1507.10863   105%   923 1170s
  1583  1072  933.88864  358  400  734.00000 1507.10863   105%   924 1176s
  1589  1076  957.20610  361  403  734.00000 1507.10863   105%   924 1180s
  1597  1081  938.93753  365  389  734.00000 1507.10863   105%   924 1185s
  1605  1087  956.13270  369  411  734.00000 1507.10863   105%   924 1190s
  1613  1092  942.04917  373  387  734.00000 1507.10863   105%   924 1195s
  1626  1101 1000.48835  380  388  734.00000 1507.10863   105%   923 1200s
  1640  1110  986.69703  387  393  734.00000 1507.10863   105%   923 1205s
  1649  1116  916.29502  391  382  734.00000 1507.10863   105%   923 1210s
  1659  1123  936.78018  396  374  734.00000 1507.10863   105%   922 1215s
  1669  1129  895.70608  401  383  734.00000 1507.10863   105%   922 1220s
  1677  1135  878.71222  405  369  734.00000 1507.10863   105%   922 1225s
  1687  1141  877.67153  410  365  734.00000 1507.10863   105%   922 1230s
  1699  1149  844.76039  416  363  734.00000 1507.10863   105%   922 1235s
  1713  1159  855.54253  423  351  734.00000 1507.10863   105%   921 1240s
  1728  1169  904.54272  431  370  734.00000 1507.10863   105%   920 1245s
  1739  1176  825.33511  436  349  734.00000 1507.10863   105%   919 1250s
  1749  1183  834.68497  441  347  734.00000 1507.10863   105%   919 1255s
  1761  1191  816.21215  447  348  734.00000 1507.10863   105%   918 1260s
  1771  1197  806.86433  452  334  734.00000 1507.10863   105%   917 1265s
  1784  1206  858.84476  459  336  734.00000 1507.10863   105%   915 1270s
  1796  1214  842.50050  465  337  734.00000 1507.10863   105%   914 1275s
  1809  1223  776.73214  471  329  734.00000 1507.10863   105%   913 1280s
  1821  1231  758.71721  477  323  734.00000 1507.10863   105%   912 1285s
  1835  1238  738.81311  484  323  734.00000 1507.10863   105%   910 1290s
  1848  1241  791.14503  491  312  734.00000 1507.10863   105%   907 1295s
  1877  1234     cutoff  505       734.00000 1507.10863   105%   899 1300s
  1910  1224 1441.20041   16  569  734.00000 1506.98105   105%   889 1305s
  1916  1228 1386.58215   19  545  734.00000 1506.98105   105%   891 1310s
  1922  1232 1389.69385   22  550  734.00000 1506.98105   105%   893 1316s
  1926  1235 1402.28894   24  547  734.00000 1506.98105   105%   895 1321s
  1929  1237 1466.55326   26  606  734.00000 1506.98105   105%   895 1325s
  1932  1239 1374.30938   27  571  734.00000 1506.98105   105%   897 1330s
  1936  1241 1385.35335   29  555  734.00000 1506.98105   105%   898 1335s
  1941  1245 1455.11958   32  594  734.00000 1506.98105   105%   899 1340s
  1945  1247 1448.88082   34  606  734.00000 1506.98105   105%   900 1345s
  1947  1249 1446.93428   35  599  734.00000 1506.98105   105%   901 1351s
  1950  1251 1387.03589   36  570  734.00000 1506.98105   105%   902 1356s
  1954  1253 1364.13695   38  535  734.00000 1506.98105   105%   903 1361s
  1958  1256 1358.81377   40  537  734.00000 1506.98105   105%   904 1366s
  1962  1259 1325.31068   42  523  734.00000 1506.98105   105%   905 1370s
  1968  1263 1331.41769   45  540  734.00000 1506.98105   105%   907 1375s
H 1970  1230                     735.0000000 1506.98105   105%   907 1377s
  1974  1235 1301.84126   48  526  735.00000 1506.98105   105%   909 1381s
  1975  1235 1412.27247   49  583  735.00000 1506.98105   105%   909 1456s
  1978  1237 1315.26668   50  530  735.00000 1506.98105   105%   910 1460s
  1983  1241 1402.64323   53  586  735.00000 1506.98105   105%   911 1465s
  1987  1243 1395.87339   55  584  735.00000 1506.98105   105%   912 1470s
  1992  1247 1303.71435   57  526  735.00000 1506.98105   105%   914 1476s
  1996  1249 1286.71306   59  515  735.00000 1506.98105   105%   915 1481s
  2000  1252 1281.83566   61  524  735.00000 1506.98105   105%   916 1486s
  2004  1255 1327.02729   63  562  735.00000 1506.98105   105%   917 1490s
  2009  1258 1361.55155   66  580  735.00000 1506.98105   105%   917 1495s
  2012  1260 1269.64240   67  531  735.00000 1506.98105   105%   919 1500s
  2016  1263 1246.36827   69  517  735.00000 1506.98105   105%   920 1505s
  2021  1266 1345.47379   72  575  735.00000 1506.98105   105%   921 1510s
  2022  1267 1278.23609   72  522  735.00000 1506.98105   105%   922 1523s
  2024  1268 1268.00691   73  512  735.00000 1506.98105   105%   922 1525s
  2030  1272 1215.06308   76  482  735.00000 1506.98105   105%   924 1531s
  2034  1275 1265.86962   78  520  735.00000 1506.98105   105%   925 1536s
  2038  1277 1250.23595   80  509  735.00000 1506.98105   105%   926 1540s
  2042  1280 1231.03246   82  498  735.00000 1506.98105   105%   927 1545s
  2047  1283 1307.52247   85  561  735.00000 1506.98105   105%   928 1550s
  2052  1287 1252.56559   87  520  735.00000 1506.98105   105%   929 1556s
  2056  1289 1218.33470   89  512  735.00000 1506.98105   105%   930 1560s
  2060  1292 1206.97839   91  504  735.00000 1506.98105   105%   931 1566s
  2064  1295 1217.12567   93  514  735.00000 1506.98105   105%   932 1570s
  2068  1297 1204.46923   95  525  735.00000 1506.98105   105%   933 1576s
  2072  1300 1199.58733   97  527  735.00000 1506.98105   105%   934 1581s
  2078  1304 1176.41744  100  516  735.00000 1506.98105   105%   935 1586s
  2084  1308 1169.90054  103  532  735.00000 1506.98105   105%   937 1591s
  2090  1312 1153.29870  106  500  735.00000 1506.98105   105%   938 1595s
  2095  1315 1252.25381  109  563  735.00000 1506.98105   105%   939 1600s
  2099  1318 1249.16453  111  558  735.00000 1506.98105   105%   940 1605s
  2104  1321 1144.07177  113  506  735.00000 1506.98105   105%   941 1611s
  2108  1324 1171.47123  115  512  735.00000 1506.98105   105%   942 1615s
  2113  1327 1239.48205  118  558  735.00000 1506.98105   105%   942 1620s
  2118  1331 1167.74866  120  519  735.00000 1506.98105   105%   944 1626s
  2120  1332 1146.33356  121  499  735.00000 1506.98105   105%   944 1679s
  2121  1333 1232.03645  122  557  735.00000 1506.98105   105%   944 1680s
  2124  1335 1142.90905  123  514  735.00000 1506.98105   105%   945 1685s
  2128  1337 1153.94086  125  513  735.00000 1506.98105   105%   946 1690s
  2132  1340 1169.26591  127  529  735.00000 1506.98105   105%   947 1695s
  2137  1343 1216.51168  130  552  735.00000 1506.98105   105%   948 1700s
  2142  1347 1122.31415  132  492  735.00000 1506.98105   105%   949 1706s
  2146  1349 1100.00005  134  507  735.00000 1506.98105   105%   950 1711s
  2152  1353 1123.94840  137  499  735.00000 1506.98105   105%   951 1715s
  2157  1357 1193.32292  140  550  735.00000 1506.98105   105%   952 1720s
  2164  1361 1093.50080  143  498  735.00000 1506.98105   105%   954 1726s
  2170  1365 1091.04539  146  481  735.00000 1506.98105   105%   955 1730s
  2176  1369 1109.45990  149  505  735.00000 1506.98105   105%   956 1735s
  2180  1372 1102.38786  151  505  735.00000 1506.98105   105%   957 1740s
  2184  1375 1091.70426  153  483  735.00000 1506.98105   105%   957 1745s
  2190  1379 1109.86962  156  498  735.00000 1506.98105   105%   958 1750s
  2195  1382 1157.81535  159  537  735.00000 1506.98105   105%   958 1755s
  2200  1385 1094.09329  161  500  735.00000 1506.98105   105%   960 1761s
  2204  1388 1082.73731  163  505  735.00000 1506.98105   105%   960 1765s
  2209  1391 1146.17912  166  533  735.00000 1506.98105   105%   961 1770s
  2214  1395 1027.46803  168  451  735.00000 1506.98105   105%   962 1776s
  2220  1399 1055.51402  171  479  735.00000 1506.98105   105%   963 1780s
  2228  1404 1048.36557  175  469  735.00000 1506.98105   105%   964 1785s
  2236  1409 1067.41340  179  502  735.00000 1506.98105   105%   965 1790s
  2242  1413 1056.57510  182  500  735.00000 1506.98105   105%   965 1796s

Cutting planes:
  Gomory: 5

Explored 2247 nodes (2181003 simplex iterations) in 1800.01 seconds (1974.25 work units)
Thread count was 1 (of 12 available processors)

Solution count 10: 735 734 730 ... 685

Time limit reached
Best objective 7.350000000000e+02, best bound 1.506000000000e+03, gap 104.8980%
