
Gurobi 12.0.2 (linux64, C++) logging started Thu Jun 19 08:00:22 2025

Set parameter LogFile to value "log/instances/scenario1/fully_correlated_sc1/800/kpfs_9.txt.log"

Gurobi 12.0.2 (linux64, C++) logging started Thu Jun 19 08:01:45 2025

Set parameter LogFile to value "log/instances/scenario1/fully_correlated_sc1/800/kpfs_9.txt.log"

Gurobi 12.0.2 (linux64, C++) logging started Thu Jun 19 08:02:57 2025

Set parameter LogFile to value "log/instances/scenario1/fully_correlated_sc1/800/kpfs_9.txt.log"

Gurobi 12.0.2 (linux64, C++) logging started Fri Jun 20 08:07:28 2025

Set parameter WLSAccessID
Set parameter WLSSecret
Set parameter LicenseID to value 2679381
Set parameter LogFile to value "log/instances/scenario1/fully_correlated_sc1/800/kpfs_9.txt.log"
Academic license 2679381 - for non-commercial use only - registered to be___@poli.ufrj.br
Set parameter TimeLimit to value 1800
Set parameter Threads to value 1
Gurobi Optimizer version 12.0.2 build v12.0.2rc0 (linux64 - "Ubuntu 24.04.1 LTS")

CPU model: 13th Gen Intel(R) Core(TM) i7-1355U, instruction set [SSE2|AVX|AVX2]
Thread count: 6 physical cores, 12 logical processors, using up to 1 threads

Non-default parameters:
TimeLimit  1800
Threads  1

Academic license 2679381 - for non-commercial use only - registered to be___@poli.ufrj.br
Optimize a model with 4002 rows, 4800 columns and 44764 nonzeros
Model fingerprint: 0x0b1c13df
Variable types: 0 continuous, 4800 integer (800 binary)
Coefficient statistics:
  Matrix range     [1e+00, 3e+01]
  Objective range  [4e+00, 4e+01]
  Bounds range     [1e+00, 2e+01]
  RHS range        [1e+00, 1e+03]
Found heuristic solution: objective 248.0000000
Presolve removed 0 rows and 289 columns
Presolve time: 0.14s
Presolved: 4002 rows, 4511 columns, 44186 nonzeros
Variable types: 0 continuous, 4511 integer (800 binary)

Root simplex log...

Iteration    Objective       Primal Inf.    Dual Inf.      Time
    5924    1.7492850e+03   2.486764e+03   0.000000e+00      5s
   10454    1.6005034e+03   0.000000e+00   0.000000e+00      9s

Root relaxation: objective 1.600503e+03, 10454 iterations, 9.28 seconds (7.85 work units)

    Nodes    |    Current Node    |     Objective Bounds      |     Work
 Expl Unexpl |  Obj  Depth IntInf | Incumbent    BestBd   Gap | It/Node Time

     0     0 1600.50337    0  627  248.00000 1600.50337   545%     -    9s
H    0     0                     251.0000000 1600.50337   538%     -    9s
H    0     0                     346.0000000 1600.50337   363%     -   10s
H    0     0                     363.0000000 1600.50337   341%     -   10s
H    0     0                     366.0000000 1600.50337   337%     -   10s
     0     0 1599.27353    0  629  366.00000 1599.27353   337%     -   14s
H    0     0                     384.0000000 1599.26851   316%     -   16s
H    0     0                     391.0000000 1599.26851   309%     -   16s
H    0     0                     462.0000000 1599.26851   246%     -   16s
H    0     0                     470.0000000 1599.26851   240%     -   21s
H    0     0                     471.0000000 1599.26851   240%     -   27s
H    0     0                     523.0000000 1599.26851   206%     -   27s
     0     0 1599.21402    0  627  523.00000 1599.21402   206%     -   27s
     0     0 1598.80621    0  625  523.00000 1598.80621   206%     -   31s
     0     0 1598.79376    0  625  523.00000 1598.79376   206%     -   38s
     0     0 1598.79376    0  625  523.00000 1598.79376   206%     -   46s
H    0     0                     569.0000000 1598.79376   181%     -   48s
     0     2 1598.79376    0  625  569.00000 1598.79376   181%     -   48s
     2     4 1532.18227    1  620  569.00000 1597.97685   181%  1644   50s
     7     9 1585.23913    4  616  569.00000 1588.77259   179%  1576   55s
    11    13 1484.13404    6  610  569.00000 1585.19700   179%  1940   61s
    13    15 1503.56547    7  620  569.00000 1585.19700   179%  2127   65s
    19    21 1481.96833   10  599  569.00000 1585.19700   179%  2085   71s
    23    25 1483.43305   12  609  569.00000 1585.19700   179%  2177   75s
H   26    26                     574.0000000 1585.19700   176%  1961   77s
    32    34 1493.92833   18  620  574.00000 1585.19700   176%  1884   81s
    37    39 1546.44196   22  614  574.00000 1585.19700   176%  1823   85s
    49    51 1533.41924   33  618  574.00000 1585.19700   176%  1517   90s
H   52    52                     593.0000000 1585.19700   167%  1502   93s
H   52    52                     597.0000000 1585.19700   166%  1502   93s
H   52    52                     599.0000000 1585.19700   165%  1502   93s
    54    56 1428.65730   36  578  599.00000 1585.19700   165%  1560   96s
    62    64 1474.38516   43  596  599.00000 1585.19700   165%  1435  100s
    70    72 1515.27398   50  611  599.00000 1585.19700   165%  1345  105s
H   78    78                     602.0000000 1585.19700   163%  1272  110s
H   78    78                     608.0000000 1585.19700   161%  1272  110s
    89    91 1495.39683   67  594  608.00000 1585.19700   161%  1186  115s
    99   101 1486.31510   76  576  608.00000 1585.19700   161%  1144  120s
   111   113 1391.02956   86  568  608.00000 1585.19700   161%  1090  126s
   137   139 1457.13969  112  548  608.00000 1585.19700   161%   934  130s
H  156   156                     625.0000000 1585.19700   154%   862  135s
H  156   156                     627.0000000 1585.19700   153%   862  135s
H  156   156                     631.0000000 1585.19700   151%   862  135s
H  156   156                     633.0000000 1585.19700   150%   862  136s
   170   172 1433.41050  143  543  633.00000 1585.19700   150%   827  140s
   177   179 1340.18212  147  520  633.00000 1585.19700   150%   841  145s
H  182   182                     637.0000000 1585.19700   149%   823  148s
H  182   182                     641.0000000 1585.19700   147%   823  148s
H  182   182                     645.0000000 1585.19700   146%   823  148s
H  182   182                     646.0000000 1585.19700   145%   823  148s
   192   194 1351.31584  160  521  646.00000 1585.19700   145%   818  150s
   196   198 1359.20399  162  506  646.00000 1585.19700   145%   829  187s
   202   204 1404.38241  168  505  646.00000 1585.19700   145%   812  194s
   204   206 1402.83223  170  514  646.00000 1585.19700   145%   806  195s
H  208   208                     660.0000000 1585.19700   140%   794  196s
   221   223 1318.16723  185  505  660.00000 1585.19700   140%   781  200s
   234   236 1375.70155  196  499  660.00000 1585.19700   140%   768  205s
   252   254 1289.81242  210  484  660.00000 1585.19700   140%   759  210s
   271   273 1247.59736  226  461  660.00000 1585.19700   140%   742  216s
   287   289 1258.26858  238  468  660.00000 1585.19700   140%   737  220s
   320   322 1209.24571  266  445  660.00000 1585.19700   140%   705  225s
H  338   338                     663.0000000 1585.19700   139%   692  230s
H  338   338                     667.0000000 1585.19700   138%   692  230s
   346   348 1186.72438  285  460  667.00000 1585.19700   138%   700  235s
   360   362 1164.69289  294  435  667.00000 1585.19700   138%   702  240s
   364   366 1177.61159  297  419  667.00000 1585.19700   138%   700  245s
   375   377 1232.25104  304  435  667.00000 1585.19700   138%   702  250s
   389   391 1146.77300  313  412  667.00000 1585.19700   138%   703  255s
H  390   390                     669.0000000 1585.19700   137%   701  255s
H  390   390                     672.0000000 1585.19700   136%   701  256s
   411   413 1127.12709  332  397  672.00000 1585.19700   136%   686  260s
   427   429 1119.25402  344  386  672.00000 1585.19700   136%   680  265s
   449   451 1071.53035  360  385  672.00000 1585.19700   136%   673  270s
   469   471 1122.93883  372  376  672.00000 1585.19700   136%   674  275s
   497   499 1089.66668  394  359  672.00000 1585.19700   136%   661  285s
   529   531 1057.29116  420  348  672.00000 1585.19700   136%   643  290s
   577   579  966.51440  460  320  672.00000 1585.19700   136%   614  295s
   632   634  894.45144  502  292  672.00000 1585.19700   136%   587  300s
   785   787  768.73606  637  213  672.00000 1585.19700   136%   500  305s
   866   853  911.02224  529  625  672.00000 1562.32399   132%   468  336s
   868   854  892.92262  548  627  672.00000 1562.32399   132%   466  349s
   869   855 1306.16776  255  629  672.00000 1562.32399   132%   466  366s
   875   861 1562.32399   15  628  672.00000 1562.32399   132%   476  370s
   878   863 1514.73145   16  618  672.00000 1562.32399   132%   483  377s
   880   864 1464.17260   17  592  672.00000 1562.32399   132%   487  381s
   882   866 1454.79717   18  608  672.00000 1562.32399   132%   490  385s
   885   868 1562.32399   20  626  672.00000 1562.32399   132%   496  390s
   888   870 1523.40545   21  628  672.00000 1562.32399   132%   504  397s
   890   871 1501.93626   22  637  672.00000 1562.32399   132%   510  400s
   895   874 1562.32399   25  626  672.00000 1562.32399   132%   516  405s
   898   876 1458.66041   26  607  672.00000 1562.32399   132%   524  410s
   901   878 1562.26786   28  638  672.00000 1562.32399   132%   527  415s
   904   880 1452.90452   29  616  672.00000 1559.56753   132%   536  421s
   906   882 1473.21525   30  607  672.00000 1557.15461   132%   538  425s
   910   884 1467.94255   32  601  672.00000 1551.93695   131%   544  431s
   912   886 1450.66773   33  604  672.00000 1550.13188   131%   550  435s
   916   888 1452.37434   35  612  672.00000 1545.85479   130%   555  441s
   918   890 1451.68481   36  601  672.00000 1543.25273   130%   558  445s
   922   892 1467.22632   38  613  672.00000 1533.31850   128%   566  450s
   926   895 1438.33850   40  581  672.00000 1529.20582   128%   573  455s
   930   898 1444.92279   42  608  672.00000 1524.19744   127%   578  460s
   934   900 1441.80961   44  597  672.00000 1523.40155   127%   584  465s
   938   903 1401.94903   46  608  672.00000 1523.40155   127%   590  472s
   940   904 1415.87668   47  592  672.00000 1523.40155   127%   596  480s
   944   907 1432.85563   49  597  672.00000 1523.40155   127%   600  486s
   947   909 1497.07095   51  619  672.00000 1523.40155   127%   604  490s
   950   911 1403.67422   52  602  672.00000 1523.40155   127%   608  495s
   954   914 1402.57012   54  592  672.00000 1523.40155   127%   614  500s
   958   916 1405.58538   56  601  672.00000 1523.40155   127%   619  505s
   962   919 1424.54027   58  603  672.00000 1523.40155   127%   626  510s
   966   922 1379.03361   60  595  672.00000 1523.40155   127%   631  515s
   970   924 1395.26963   62  592  672.00000 1523.40155   127%   638  522s
   972   926 1410.37190   63  595  672.00000 1523.40155   127%   640  525s
   976   928 1371.23515   65  598  672.00000 1523.40155   127%   647  532s
   978   930 1363.02837   66  586  672.00000 1523.40155   127%   649  535s
   981   932 1456.93379   68  608  672.00000 1523.40155   127%   652  540s
   984   934 1336.65826   69  558  672.00000 1523.40155   127%   659  546s
   986   935 1381.58671   70  609  672.00000 1523.40155   127%   661  553s
   988   936 1380.17962   71  590  672.00000 1523.40155   127%   663  555s
   992   939 1369.00416   73  598  672.00000 1523.40155   127%   669  561s
   995   941 1445.37107   75  604  672.00000 1523.40155   127%   670  565s
   998   943 1362.98943   76  572  672.00000 1523.40155   127%   676  572s
  1000   944 1354.69998   77  577  672.00000 1523.40155   127%   678  576s
  1003   946 1439.21683   79  605  672.00000 1523.40155   127%   680  580s
  1006   948 1353.08985   80  582  672.00000 1523.40155   127%   686  586s
  1010   951 1354.75914   82  586  672.00000 1523.40155   127%   690  591s
  1013   953 1430.55838   84  603  672.00000 1523.40155   127%   694  595s
  1017   956 1425.51358   86  608  672.00000 1523.40155   127%   698  600s
  1020   958 1342.37402   87  586  672.00000 1523.40155   127%   704  605s
  1024   960 1328.01735   89  594  672.00000 1523.40155   127%   708  611s
  1027   962 1417.74658   91  592  672.00000 1523.40155   127%   710  615s
  1030   964 1339.75456   92  570  672.00000 1523.40155   127%   716  621s
  1033   966 1411.45390   94  602  672.00000 1523.40155   127%   717  625s
  1036   968 1337.54656   95  583  672.00000 1523.40155   127%   723  631s
  1040   971 1306.96395   97  575  672.00000 1523.40155   127%   727  637s
  1042   972 1316.82073   98  570  672.00000 1523.40155   127%   729  641s
  1046   975 1308.90959  100  575  672.00000 1523.40155   127%   734  646s
  1050   978 1317.17051  102  572  672.00000 1523.40155   127%   740  650s
  1055   981 1392.56610  105  590  672.00000 1523.40155   127%   743  655s
  1060   984 1308.66429  107  574  672.00000 1523.40155   127%   750  660s
  1066   988 1293.91443  110  551  672.00000 1523.40155   127%   755  666s
  1069   990 1380.70970  112  598  672.00000 1523.40155   127%   758  670s
  1072   992 1298.51950  113  568  672.00000 1523.40155   127%   761  675s
  1074   994 1252.66702  114  537  672.00000 1523.40155   127%   766  680s
  1078   996 1300.91318  116  562  672.00000 1523.40155   127%   769  686s
  1082   999 1300.12511  118  580  672.00000 1523.40155   127%   772  691s
  1085  1001 1364.73272  120  590  672.00000 1523.40155   127%   775  695s
  1088  1003 1264.53037  121  565  672.00000 1523.40155   127%   779  700s
  1092  1006 1264.98179  123  554  672.00000 1523.40155   127%   785  707s
  1094  1007 1278.52592  124  566  672.00000 1523.40155   127%   786  748s
  1096  1008 1292.15055  125  568  672.00000 1523.40155   127%   788  751s
  1100  1011 1258.55052  127  546  672.00000 1523.40155   127%   792  756s
  1104  1014 1233.67516  129  552  672.00000 1523.40155   127%   796  762s
  1106  1015 1276.73016  130  557  672.00000 1523.40155   127%   797  765s
  1110  1018 1250.01413  132  562  672.00000 1523.40155   127%   802  771s
  1114  1020 1245.69573  134  536  672.00000 1523.40155   127%   805  777s
  1117  1022 1335.78327  136  570  672.00000 1523.40155   127%   806  780s
  1121  1025 1334.67316  138  559  672.00000 1523.40155   127%   808  785s
  1126  1028 1253.03086  140  549  672.00000 1523.40155   127%   814  791s
  1131  1032 1326.87292  143  568  672.00000 1523.40155   127%   817  795s
  1136  1035 1248.75545  145  553  672.00000 1523.40155   127%   823  801s
  1140  1038 1239.25252  147  555  672.00000 1523.40155   127%   825  806s
  1144  1040 1234.88005  149  550  672.00000 1523.40155   127%   830  811s
  1148  1043 1273.54569  151  545  672.00000 1523.40155   127%   832  816s
  1152  1046 1234.92760  153  543  672.00000 1523.40155   127%   835  822s
  1155  1048 1308.40157  155  575  672.00000 1523.40155   127%   836  825s
  1157  1049 1307.07418  156  569  672.00000 1523.40155   127%   839  830s
  1162  1052 1222.52868  158  540  672.00000 1523.40155   127%   842  835s
  1166  1055 1219.02189  160  549  672.00000 1523.40155   127%   846  840s
  1170  1058 1222.96833  162  541  672.00000 1523.40155   127%   850  845s
  1172  1059 1202.90875  163  537  672.00000 1523.40155   127%   851  852s
  1175  1061 1290.74052  165  558  672.00000 1523.40155   127%   851  855s
  1180  1064 1193.82930  167  536  672.00000 1523.40155   127%   854  862s
  1183  1066 1287.95125  169  546  672.00000 1523.40155   127%   857  865s
  1186  1068 1244.47061  170  547  672.00000 1523.40155   127%   858  872s
  1188  1070 1219.38978  171  539  672.00000 1523.40155   127%   859  875s
  1192  1072 1200.08360  173  526  672.00000 1523.40155   127%   861  880s
  1196  1075 1180.73995  175  538  672.00000 1523.40155   127%   864  885s
  1202  1079 1184.23353  178  515  672.00000 1523.40155   127%   869  891s
  1206  1082 1169.07970  180  533  672.00000 1523.40155   127%   871  895s
  1211  1085 1268.01356  183  551  672.00000 1523.40155   127%   873  900s
  1216  1088 1141.54836  185  501  672.00000 1523.40155   127%   879  906s
  1220  1091 1178.29266  187  513  672.00000 1523.40155   127%   881  911s
  1224  1094 1164.69261  189  518  672.00000 1523.40155   127%   883  916s
  1228  1096 1176.00389  191  516  672.00000 1523.40155   127%   884  920s
  1232  1099 1152.27828  193  502  672.00000 1523.40155   127%   886  925s
  1236  1102 1147.04830  195  500  672.00000 1523.40155   127%   888  930s
  1240  1104 1147.14258  197  508  672.00000 1523.40155   127%   890  935s
  1244  1107 1155.70594  199  521  672.00000 1523.40155   127%   892  940s
  1248  1110 1140.31323  201  513  672.00000 1523.40155   127%   894  945s
  1254  1114 1168.13857  204  506  672.00000 1523.40155   127%   896  950s
  1260  1118 1146.97420  207  507  672.00000 1523.40155   127%   899  956s
  1264  1120 1144.11335  209  496  672.00000 1523.40155   127%   900  967s
  1268  1123 1186.39452  211  503  672.00000 1523.40155   127%   902  972s
  1273  1126 1224.48463  214  524  672.00000 1523.40155   127%   903  975s
  1278  1130 1118.70819  216  495  672.00000 1523.40155   127%   906  981s
  1282  1132 1117.64957  218  477  672.00000 1523.40155   127%   907  985s
  1286  1135 1135.19330  220  491  672.00000 1523.40155   127%   908  990s
  1291  1138 1213.91194  223  520  672.00000 1523.40155   127%   910  995s
  1296  1142 1152.82786  225  504  672.00000 1523.40155   127%   912 1000s
  1301  1145 1209.31229  228  500  672.00000 1523.40155   127%   913 1005s
  1306  1148 1145.20583  230  491  672.00000 1523.40155   127%   915 1011s
  1310  1151 1131.04311  232  501  672.00000 1523.40155   127%   916 1015s
  1314  1154 1145.17475  234  492  672.00000 1523.40155   127%   917 1020s
  1319  1157 1199.22637  237  496  672.00000 1523.40155   127%   918 1025s
  1324  1160 1151.06077  239  502  672.00000 1523.40155   127%   920 1030s
  1329  1164 1192.59557  242  501  672.00000 1523.40155   127%   920 1035s
  1337  1169 1179.89358  246  496  672.00000 1523.40155   127%   922 1040s
  1342  1172 1105.49701  248  462  672.00000 1523.40155   127%   924 1053s
  1345  1174 1174.50153  250  489  672.00000 1523.40155   127%   924 1055s
  1350  1178 1093.00368  252  471  672.00000 1523.40155   127%   926 1060s
  1356  1182 1088.85568  255  469  672.00000 1523.40155   127%   927 1065s
  1361  1185 1161.19654  258  484  672.00000 1523.40155   127%   928 1070s
  1365  1188 1158.61761  260  479  672.00000 1523.40155   127%   929 1076s
  1370  1191 1095.87520  262  459  672.00000 1523.40155   127%   930 1080s
  1376  1195 1050.30419  265  471  672.00000 1523.40155   127%   932 1085s
  1382  1199 1064.44147  268  460  672.00000 1523.40155   127%   933 1091s
  1387  1202 1146.74889  271  471  672.00000 1523.40155   127%   933 1095s
  1392  1206 1028.87860  273  448  672.00000 1523.40155   127%   935 1100s
  1398  1210 1057.93078  276  443  672.00000 1523.40155   127%   936 1105s
  1404  1214 1062.18687  279  459  672.00000 1523.40155   127%   937 1110s
  1412  1219 1077.51789  283  461  672.00000 1523.40155   127%   939 1115s
  1420  1224 1057.43060  287  453  672.00000 1523.40155   127%   940 1120s
  1426  1228 1041.24690  290  449  672.00000 1523.40155   127%   941 1125s
  1434  1234 1042.10205  294  457  672.00000 1523.40155   127%   942 1130s
  1440  1238 1043.43243  297  445  672.00000 1523.40155   127%   943 1135s
  1447  1242 1111.02048  301  444  672.00000 1523.40155   127%   944 1140s
  1453  1246 1106.37358  304  446  672.00000 1523.40155   127%   945 1145s
  1460  1251 1013.30021  307  433  672.00000 1523.40155   127%   946 1151s
  1466  1255 1055.64054  310  427  672.00000 1523.40155   127%   946 1155s
  1472  1259 1004.23845  313  437  672.00000 1523.40155   127%   947 1160s
  1479  1264 1091.01576  317  436  672.00000 1523.40155   127%   947 1165s
  1486  1268 1013.88064  320  425  672.00000 1523.40155   127%   948 1171s
  1492  1272 1038.90877  323  419  672.00000 1523.40155   127%   948 1175s
  1503  1280 1075.29463  329  428  672.00000 1523.40155   127%   948 1180s
  1514  1287 1004.73583  334  430  672.00000 1523.40155   127%   949 1185s
  1523  1293 1059.81894  339  422  672.00000 1523.40155   127%   949 1190s
  1530  1298  976.14019  342  417  672.00000 1523.40155   127%   950 1195s
  1538  1303  989.67488  346  418  672.00000 1523.40155   127%   950 1200s
  1544  1307  960.14605  349  414  672.00000 1523.40155   127%   950 1205s
  1551  1312 1039.67252  353  417  672.00000 1523.40155   127%   950 1210s
  1559  1317 1032.69631  357  407  672.00000 1523.40155   127%   950 1215s
  1566  1322  953.98117  360  408  672.00000 1523.40155   127%   951 1220s
  1572  1326  949.86661  363  402  672.00000 1523.40155   127%   951 1225s
  1579  1330 1005.22664  367  393  672.00000 1523.40155   127%   951 1230s
  1590  1338  910.96278  372  405  672.00000 1523.40155   127%   952 1235s
  1602  1346  919.70654  378  391  672.00000 1523.40155   127%   952 1240s
  1610  1351  925.52314  382  390  672.00000 1523.40155   127%   952 1245s
  1619  1357  978.12719  387  383  672.00000 1523.40155   127%   951 1250s
  1627  1362  971.58323  391  383  672.00000 1523.40155   127%   951 1255s
  1636  1368  884.75678  395  379  672.00000 1523.40155   127%   950 1260s
  1645  1374  956.82031  400  384  672.00000 1523.40155   127%   950 1265s
  1654  1380  893.45821  404  371  672.00000 1523.40155   127%   950 1270s
  1662  1386  881.50113  408  379  672.00000 1523.40155   127%   950 1275s
  1672  1392  847.96830  413  370  672.00000 1523.40155   127%   950 1280s
  1684  1400  845.10373  419  378  672.00000 1523.40155   127%   949 1285s
  1696  1408  844.25086  425  370  672.00000 1523.40155   127%   949 1290s
  1706  1415  820.72315  430  361  672.00000 1523.40155   127%   948 1295s
  1716  1422  826.84201  435  358  672.00000 1523.40155   127%   948 1300s
  1724  1427  812.60293  439  365  672.00000 1523.40155   127%   947 1305s
  1735  1434  878.06387  445  356  672.00000 1523.40155   127%   946 1310s
  1745  1441  870.14604  450  341  672.00000 1523.40155   127%   946 1315s
  1756  1448  788.83410  455  333  672.00000 1523.40155   127%   945 1320s
  1768  1456  796.14395  461  335  672.00000 1523.40155   127%   944 1325s
  1780  1464  780.34887  467  339  672.00000 1523.40155   127%   942 1330s
  1796  1475  778.71690  475  325  672.00000 1523.40155   127%   940 1335s
  1813  1486  814.34753  484  332  672.00000 1523.40155   127%   938 1340s
  1826  1495  739.81469  490  318  672.00000 1523.40155   127%   937 1345s
  1839  1504  799.46755  497  322  672.00000 1523.40155   127%   936 1350s
  1852  1512  721.67663  503  307  672.00000 1523.40155   127%   934 1355s
  1864  1520  744.09858  509  298  672.00000 1523.40155   127%   932 1360s
  1878  1530  700.82854  516  299  672.00000 1523.40155   127%   930 1365s
  1892  1537  689.22137  523  287  672.00000 1523.40155   127%   928 1370s
  1914  1550  691.08921  534  288  672.00000 1523.40155   127%   924 1375s
  1942  1553  676.98468  548  281  672.00000 1523.40155   127%   917 1380s
  1975  1543  684.12762  565  261  672.00000 1523.40155   127%   906 1454s
  1979  1542  680.31497  567  262  672.00000 1523.40155   127%   904 1455s
  1989  1539 1396.48308   23  559  672.00000 1523.39655   127%   906 1464s
  1990  1539 1515.33112   24  617  672.00000 1523.39655   127%   906 1465s
  1993  1541 1385.80200   25  549  672.00000 1523.39655   127%   908 1470s
  1997  1544 1410.39244   27  555  672.00000 1523.39655   127%   909 1476s
  2001  1547 1378.43182   29  538  672.00000 1523.39655   127%   911 1481s
  2006  1550 1490.06313   32  616  672.00000 1523.39655   127%   911 1485s
  2011  1553 1396.57664   34  567  672.00000 1523.39655   127%   914 1490s
  2017  1557 1420.39236   37  594  672.00000 1523.39655   127%   916 1496s
  2021  1560 1333.46050   39  512  672.00000 1523.39655   127%   917 1500s
  2025  1563 1350.41884   41  533  672.00000 1523.39655   127%   918 1505s
  2029  1565 1357.57548   43  533  672.00000 1523.39655   127%   919 1511s
  2033  1568 1398.30188   45  569  672.00000 1523.39655   127%   920 1516s
  2036  1570 1447.82360   47  608  672.00000 1523.39655   127%   921 1520s
  2040  1573 1441.96328   49  607  672.00000 1523.39655   127%   922 1525s
  2044  1575 1436.29197   51  608  672.00000 1523.39655   127%   923 1530s
  2047  1577 1364.31661   52  542  672.00000 1523.39655   127%   924 1535s
  2053  1581 1341.20189   55  561  672.00000 1523.39655   127%   926 1541s
  2057  1584 1327.66177   57  544  672.00000 1523.39655   127%   927 1545s
  2061  1587 1323.19264   59  545  672.00000 1523.39655   127%   928 1550s
  2065  1589 1297.18323   61  546  672.00000 1523.39655   127%   930 1555s
  2069  1592 1336.21636   63  533  672.00000 1523.39655   127%   931 1561s
  2073  1595 1315.06962   65  530  672.00000 1523.39655   127%   932 1566s
  2077  1597 1315.76985   67  531  672.00000 1523.39655   127%   933 1571s
  2080  1599 1390.00304   69  601  672.00000 1523.39655   127%   933 1588s
  2081  1600 1301.49561   69  535  672.00000 1523.39655   127%   934 1590s
  2085  1603 1301.26844   71  543  672.00000 1523.39655   127%   936 1596s
  2087  1604 1319.27281   72  552  672.00000 1523.39655   127%   936 1646s
  2091  1607 1324.17631   74  556  672.00000 1523.39655   127%   937 1651s
  2095  1609 1287.70564   76  545  672.00000 1523.39655   127%   938 1656s
  2099  1612 1283.65673   78  534  672.00000 1523.39655   127%   939 1660s
  2105  1616 1217.64754   81  493  672.00000 1523.39655   127%   941 1665s
  2109  1619 1259.91904   83  525  672.00000 1523.39655   127%   942 1670s
  2113  1621 1278.65135   85  545  672.00000 1523.39655   127%   943 1676s
  2117  1624 1264.25575   87  553  672.00000 1523.39655   127%   944 1681s
  2121  1627 1244.89125   89  529  672.00000 1523.39655   127%   945 1686s
  2124  1629 1343.66560   91  606  672.00000 1523.39655   127%   946 1690s
  2128  1631 1340.87342   93  591  672.00000 1523.39655   127%   947 1695s
  2132  1634 1338.67274   95  591  672.00000 1523.39655   127%   948 1700s
  2137  1637 1259.76068   97  531  672.00000 1523.39655   127%   949 1706s
  2141  1640 1266.26861   99  551  672.00000 1523.39655   127%   950 1711s
  2145  1643 1251.19153  101  550  672.00000 1523.39655   127%   951 1715s
  2151  1647 1241.06840  104  520  672.00000 1523.39655   127%   953 1720s
  2157  1651 1260.05936  107  557  672.00000 1523.39655   127%   954 1725s
  2161  1653 1194.02790  109  502  672.00000 1523.39655   127%   955 1730s
  2165  1656 1224.60163  111  524  672.00000 1523.39655   127%   956 1735s
  2170  1659 1294.80066  114  567  672.00000 1523.39655   127%   957 1740s
  2174  1662 1290.92938  116  574  672.00000 1523.39655   127%   958 1745s
  2179  1665 1233.29342  118  527  672.00000 1523.39655   127%   959 1751s
  2183  1668 1191.54750  120  502  672.00000 1523.39655   127%   960 1756s
  2187  1671 1213.33869  122  536  672.00000 1523.39655   127%   961 1760s
  2191  1673 1175.95063  124  499  672.00000 1523.39655   127%   962 1765s
  2197  1677 1171.97231  127  502  672.00000 1523.39655   127%   963 1770s
  2205  1683 1169.15156  131  510  672.00000 1523.39655   127%   964 1776s
  2209  1685 1153.87644  133  489  672.00000 1523.39655   127%   964 1780s
  2214  1689 1250.06006  136  552  672.00000 1523.39655   127%   965 1785s
  2219  1692 1165.14416  138  506  672.00000 1523.39655   127%   966 1791s
  2223  1695 1164.71284  140  513  672.00000 1523.39655   127%   967 1795s

Cutting planes:
  Gomory: 4

Explored 2228 nodes (2166244 simplex iterations) in 1800.01 seconds (1968.33 work units)
Thread count was 1 (of 12 available processors)

Solution count 10: 672 669 667 ... 633

Time limit reached
Best objective 6.720000000000e+02, best bound 1.523000000000e+03, gap 126.6369%
