
Gurobi 12.0.2 (linux64, C++) logging started Thu Jun 19 08:00:22 2025

Set parameter LogFile to value "log/instances/scenario1/fully_correlated_sc1/800/kpfs_6.txt.log"

Gurobi 12.0.2 (linux64, C++) logging started Thu Jun 19 08:01:45 2025

Set parameter LogFile to value "log/instances/scenario1/fully_correlated_sc1/800/kpfs_6.txt.log"

Gurobi 12.0.2 (linux64, C++) logging started Thu Jun 19 08:02:57 2025

Set parameter LogFile to value "log/instances/scenario1/fully_correlated_sc1/800/kpfs_6.txt.log"

Gurobi 12.0.2 (linux64, C++) logging started Fri Jun 20 06:37:27 2025

Set parameter WLSAccessID
Set parameter WLSSecret
Set parameter LicenseID to value 2679381
Set parameter LogFile to value "log/instances/scenario1/fully_correlated_sc1/800/kpfs_6.txt.log"
Academic license 2679381 - for non-commercial use only - registered to be___@poli.ufrj.br
Set parameter TimeLimit to value 1800
Set parameter Threads to value 1
Gurobi Optimizer version 12.0.2 build v12.0.2rc0 (linux64 - "Ubuntu 24.04.1 LTS")

CPU model: 13th Gen Intel(R) Core(TM) i7-1355U, instruction set [SSE2|AVX|AVX2]
Thread count: 6 physical cores, 12 logical processors, using up to 1 threads

Non-default parameters:
TimeLimit  1800
Threads  1

Academic license 2679381 - for non-commercial use only - registered to be___@poli.ufrj.br
Optimize a model with 4002 rows, 4800 columns and 44748 nonzeros
Model fingerprint: 0x30f25ad4
Variable types: 0 continuous, 4800 integer (800 binary)
Coefficient statistics:
  Matrix range     [1e+00, 3e+01]
  Objective range  [3e+00, 4e+01]
  Bounds range     [1e+00, 2e+01]
  RHS range        [1e+00, 1e+03]
Found heuristic solution: objective 238.0000000
Presolve removed 2 rows and 317 columns
Presolve time: 0.12s
Presolved: 4000 rows, 4483 columns, 44111 nonzeros
Variable types: 0 continuous, 4483 integer (800 binary)

Root simplex log...

Iteration    Objective       Primal Inf.    Dual Inf.      Time
    7772    1.6666715e+03   8.313237e+02   0.000000e+00      5s
   10467    1.6159312e+03   0.000000e+00   0.000000e+00      7s

Root relaxation: objective 1.615931e+03, 10467 iterations, 7.17 seconds (7.82 work units)

    Nodes    |    Current Node    |     Objective Bounds      |     Work
 Expl Unexpl |  Obj  Depth IntInf | Incumbent    BestBd   Gap | It/Node Time

     0     0 1615.93116    0  658  238.00000 1615.93116   579%     -    7s
H    0     0                     266.0000000 1615.93116   507%     -    7s
H    0     0                     271.0000000 1615.93116   496%     -    7s
H    0     0                     352.0000000 1615.93116   359%     -    7s
H    0     0                     387.0000000 1615.93116   318%     -    7s
H    0     0                     422.0000000 1615.93116   283%     -    7s
H    0     0                     434.0000000 1615.93116   272%     -    8s
H    0     0                     480.0000000 1615.93116   237%     -    8s
H    0     0                     509.0000000 1615.93116   217%     -    8s
H    0     0                     533.0000000 1615.93116   203%     -    8s
H    0     0                     616.0000000 1615.93116   162%     -   16s
H    0     0                     618.0000000 1615.93116   161%     -   16s
H    0     0                     619.0000000 1615.93116   161%     -   16s
     0     0 1615.29146    0  661  619.00000 1615.29146   161%     -   21s
     0     0 1615.10634    0  655  619.00000 1615.10634   161%     -   41s
     0     0 1615.02708    0  658  619.00000 1615.02708   161%     -   42s
     0     0 1614.97886    0  660  619.00000 1614.97886   161%     -   42s
     0     0 1614.95758    0  660  619.00000 1614.95758   161%     -   42s
     0     0 1614.94574    0  663  619.00000 1614.94574   161%     -   42s
     0     0 1614.77850    0  653  619.00000 1614.77850   161%     -   50s
     0     0 1614.71304    0  654  619.00000 1614.71304   161%     -   50s
     0     0 1614.70314    0  654  619.00000 1614.70314   161%     -   66s
H    0     0                     629.0000000 1614.70314   157%     -   69s
H    0     0                     630.0000000 1614.70314   156%     -   69s
     0     2 1614.69944    0  654  630.00000 1614.69944   156%     -   69s
     1     3 1610.83619    1  654  630.00000 1614.69318   156%   877   70s
     3     5 1513.32247    2  620  630.00000 1610.79516   156%  2411   77s
     5     7 1492.08010    3  612  630.00000 1607.08803   155%  2220   82s
     8    10 1515.82861    4  641  630.00000 1601.70761   154%  1902   87s
    10    12 1522.92517    5  618  630.00000 1598.97802   154%  2112   91s
    15    17 1499.91518    9  620  630.00000 1598.96105   154%  1907   97s
    17    19 1506.51221   10  633  630.00000 1598.96105   154%  1911  101s
    20    22 1516.71865   12  624  630.00000 1598.96105   154%  1838  105s
    23    25 1493.89048   14  597  630.00000 1598.96105   154%  1874  110s
H   26    26                     631.0000000 1598.96105   153%  1796  114s
H   26    26                     633.0000000 1598.96105   153%  1796  114s
    27    29 1493.90789   16  621  633.00000 1598.96105   153%  1862  117s
    30    32 1447.23519   18  593  633.00000 1598.96105   153%  1897  120s
    42    44 1453.78308   29  602  633.00000 1598.96105   153%  1536  127s
    45    47 1554.88620   31  634  633.00000 1598.96105   153%  1528  130s
    50    52 1444.02372   34  600  633.00000 1598.96105   153%  1579  137s
    54    56 1444.62055   37  599  633.00000 1598.96105   153%  1540  142s
    60    62 1464.50231   42  613  633.00000 1598.96105   153%  1474  146s
    67    69 1469.71356   48  610  633.00000 1598.96105   153%  1429  151s
    73    75 1435.28557   52  587  633.00000 1598.96105   153%  1408  157s
    75    77 1451.80278   53  583  633.00000 1598.96105   153%  1413  161s
    87    89 1513.53353   65  601  633.00000 1598.96105   153%  1268  165s
    91    93 1421.14002   67  577  633.00000 1598.96105   153%  1304  171s
    99   101 1404.59998   74  567  633.00000 1598.96105   153%  1272  175s
   111   113 1434.55496   84  573  633.00000 1598.96105   153%  1208  180s
   120   122 1383.84290   91  578  633.00000 1598.96105   153%  1198  186s
   126   128 1470.02891   96  582  633.00000 1598.96105   153%  1189  190s
   129   131 1365.15552   97  557  633.00000 1598.96105   153%  1204  195s
H  130   130                     647.0000000 1598.96105   147%  1195  196s
H  130   130                     652.0000000 1598.96105   145%  1195  196s
H  130   130                     666.0000000 1598.96105   140%  1195  196s
H  130   130                     673.0000000 1598.96105   138%  1195  196s
H  130   130                     675.0000000 1598.96105   137%  1195  196s
   134   136 1464.29583  101  575  675.00000 1598.96105   137%  1203  200s
   145   147 1352.03733  110  537  675.00000 1598.96105   137%  1167  207s
   149   151 1446.26153  113  574  675.00000 1598.96105   137%  1163  210s
   155   157 1343.41615  117  536  675.00000 1598.96105   137%  1178  215s
H  156   156                     676.0000000 1598.96105   137%  1170  216s
   161   163 1320.21923  121  537  676.00000 1598.96105   137%  1179  222s
   169   171 1425.52188  128  555  676.00000 1598.96105   137%  1163  225s
   177   179 1304.37623  133  516  676.00000 1598.96105   137%  1165  230s
H  182   182                     681.0000000 1598.96105   135%  1168  234s
H  182   182                     682.0000000 1598.96105   134%  1168  234s
   184   186 1311.87158  137  532  682.00000 1598.96105   134%  1186  235s
   188   190 1405.31495  140  564  682.00000 1598.96105   134%  1179  240s
   197   199 1336.05728  147  544  682.00000 1598.96105   134%  1169  245s
   218   220 1382.43571  167  541  682.00000 1598.96105   134%  1088  250s
   229   231 1373.06587  176  529  682.00000 1598.96105   134%  1067  255s
   255   257 1247.72735  200  505  682.00000 1598.96105   134%   995  261s
   266   268 1255.34468  209  467  682.00000 1598.96105   134%   980  266s
   282   284 1320.87272  224  479  682.00000 1598.96105   134%   946  270s
   286   288 1316.15660  227  468  682.00000 1598.96105   134%   941  275s
   293   295 1308.83429  231  477  682.00000 1598.96105   134%   943  280s
   303   305 1298.11567  239  474  682.00000 1598.96105   134%   932  288s
   304   306 1297.66323  240  472  682.00000 1598.96105   134%   929  332s
   312   314 1290.07591  247  460  682.00000 1598.96105   134%   916  336s
   325   327 1178.37168  258  462  682.00000 1598.96105   134%   899  340s
   340   342 1198.39648  270  445  682.00000 1598.96105   134%   884  345s
   368   370 1152.75503  295  440  682.00000 1598.96105   134%   843  350s
   379   381 1140.89616  302  419  682.00000 1598.96105   134%   841  355s
   390   392 1209.51719  311  421  682.00000 1598.96105   134%   832  365s
   409   411 1190.15645  324  410  682.00000 1598.96105   134%   825  370s
   416   418 1179.94935  330  415  682.00000 1598.96105   134%   819  379s
   420   422 1176.38946  333  416  682.00000 1598.96105   134%   816  380s
   435   437 1094.62043  344  402  682.00000 1598.96105   134%   806  385s
   457   459 1084.25934  362  399  682.00000 1598.96105   134%   788  390s
   480   482 1036.25562  380  378  682.00000 1598.96105   134%   772  395s
   508   510 1003.54434  403  359  682.00000 1598.96105   134%   752  400s
   542   544 1047.57895  432  348  682.00000 1598.96105   134%   721  405s
   585   587  911.35150  466  327  682.00000 1598.96105   134%   693  410s
   591   593  989.68386  470  317  682.00000 1598.96105   134%   691  415s
   657   659  861.81786  525  280  682.00000 1598.96105   134%   647  420s
   733   735  774.40565  586  230  682.00000 1598.96105   134%   602  425s
   846   836 1508.19756    6  632  682.00000 1597.10423   134%   542  431s
   848   837 1124.92252  370  654  682.00000 1597.10423   134%   541  467s
   850   838  711.08871  657  658  682.00000 1597.10423   134%   539  488s
   851   839 1280.70944  257  661  682.00000 1597.10423   134%   539  509s
   856   842 1531.16347    2  658  682.00000 1597.10423   134%   536  510s
   862   848 1597.10423   11  657  682.00000 1597.10423   134%   551  515s
   865   850 1529.60348   12  609  682.00000 1597.10423   134%   556  521s
   867   852 1521.72416   13  630  682.00000 1597.10423   134%   560  526s
   869   853 1504.10193   14  617  682.00000 1597.10423   134%   565  531s
   871   854 1516.89172   15  629  682.00000 1596.98057   134%   571  535s
   873   856 1484.20505   16  604  682.00000 1593.96010   134%   577  541s
   875   857 1526.67618   17  645  682.00000 1590.12993   133%   579  545s
   878   859 1583.71349   19  653  682.00000 1588.07738   133%   582  550s
   881   861 1494.10748   20  614  682.00000 1581.09377   132%   590  557s
   883   862 1449.10934   21  612  682.00000 1580.06758   132%   593  562s
   885   864 1461.40000   22  601  682.00000 1577.84559   131%   596  566s
   889   866 1478.77528   24  602  682.00000 1574.74331   131%   605  572s
   891   868 1453.79078   25  607  682.00000 1572.84911   131%   608  575s
   895   870 1503.26098   27  609  682.00000 1567.10696   130%   617  581s
   899   873 1506.26676   29  618  682.00000 1564.97191   129%   621  587s
   901   874 1495.88420   30  616  682.00000 1563.76663   129%   625  591s
   903   876 1464.03738   31  604  682.00000 1562.32372   129%   627  595s
   906   878 1557.37512   33  627  682.00000 1558.58422   129%   630  600s
   908   879 1553.38769   34  631  682.00000 1557.27514   128%   636  605s
   911   881 1421.21449   35  574  682.00000 1551.50278   127%   641  613s
   913   882 1434.26913   36  602  682.00000 1550.29612   127%   647  618s
   915   884 1484.19799   37  605  682.00000 1546.00050   127%   649  623s
   917   885 1446.76729   38  600  682.00000 1543.87618   126%   652  627s
   919   886 1452.84526   39  604  682.00000 1543.07973   126%   654  630s
   922   888 1536.85680   41  626  682.00000 1539.55256   126%   659  635s
   925   890 1420.17875   42  611  682.00000 1535.66080   125%   664  641s
   927   892 1444.79084   43  588  682.00000 1533.57007   125%   669  645s
   931   894 1420.58992   45  573  682.00000 1531.48324   125%   673  651s
   933   896 1429.50189   46  603  682.00000 1530.12318   124%   676  656s
   935   897 1467.33735   47  611  682.00000 1529.60001   124%   680  660s
   939   900 1456.50402   49  608  682.00000 1529.60001   124%   684  667s
   940   900 1518.74102   50  619  682.00000 1529.60001   124%   684  672s
   941   901 1425.45728   50  596  682.00000 1529.60001   124%   687  675s
   944   903 1514.84353   52  611  682.00000 1529.60001   124%   691  680s
   947   905 1436.07245   53  600  682.00000 1529.60001   124%   695  686s
   949   906 1421.53566   54  588  682.00000 1529.60001   124%   700  690s
   953   909 1430.38787   56  602  682.00000 1529.60001   124%   704  695s
   957   912 1423.62168   58  601  682.00000 1529.60001   124%   710  701s
   961   914 1418.63349   60  607  682.00000 1529.60001   124%   715  708s
   963   916 1429.67738   61  590  682.00000 1529.60001   124%   716  711s
   965   917 1430.78779   62  619  682.00000 1529.60001   124%   720  715s
   967   918 1403.73593   63  606  682.00000 1529.60001   124%   723  720s
   969   920 1415.94689   64  600  682.00000 1529.60001   124%   725  725s
   971   921 1407.36895   65  600  682.00000 1529.60001   124%   730  730s
   974   923 1487.49197   67  617  682.00000 1529.60001   124%   731  735s
   977   925 1409.73846   68  601  682.00000 1529.60001   124%   735  743s
H  979   881                     684.0000000 1529.60001   124%   735  748s
   981   885 1377.13612   70  599  684.00000 1529.60001   124%   742  752s
   983   886 1371.89507   71  592  684.00000 1529.60001   124%   744  757s
   985   887 1392.12403   72  589  684.00000 1529.60001   124%   748  761s
   986   888 1476.86279   73  619  684.00000 1529.60001   124%   748  768s
   987   889 1406.75305   73  584  684.00000 1529.60001   124%   749  770s
   991   891 1374.76082   75  588  684.00000 1529.60001   124%   754  778s
   993   893 1360.06542   76  578  684.00000 1529.60001   124%   758  783s
   995   894 1372.15930   77  597  684.00000 1529.60001   124%   760  786s
   997   895 1384.46942   78  571  684.00000 1529.60001   124%   762  790s
  1001   898 1370.65047   80  591  684.00000 1529.60001   124%   766  796s
  1003   899 1362.42266   81  601  684.00000 1529.60001   124%   770  800s
  1007   902 1355.56280   83  578  684.00000 1529.60001   124%   773  807s
  1009   903 1382.25759   84  591  684.00000 1529.60001   124%   775  810s
  1013   906 1401.65087   86  594  684.00000 1529.60001   124%   781  815s
  1017   909 1375.90136   88  577  684.00000 1529.60001   124%   784  821s
  1019   910 1336.22864   89  582  684.00000 1529.60001   124%   786  825s
  1023   913 1362.72433   91  583  684.00000 1529.60001   124%   792  832s
  1025   914 1367.63302   92  590  684.00000 1529.60001   124%   794  835s
  1028   916 1444.36439   94  597  684.00000 1529.60001   124%   795  840s
  1031   918 1389.57951   95  579  684.00000 1529.60001   124%   801  846s
  1034   920 1438.17222   97  592  684.00000 1529.60001   124%   802  850s
  1038   923 1434.11527   99  591  684.00000 1529.60001   124%   805  855s
H 1041   883                     708.0000000 1529.60001   116%   807  861s
H 1041   845                     709.0000000 1529.60001   116%   807  862s
  1043   848 1320.41045  101  553  709.00000 1529.60001   116%   812  866s
  1046   850 1424.31569  103  598  709.00000 1529.60001   116%   814  870s
  1049   852 1334.98750  104  569  709.00000 1529.60001   116%   819  875s
  1053   855 1344.62419  106  568  709.00000 1529.60001   116%   822  881s
  1055   856 1313.71330  107  549  709.00000 1529.60001   116%   824  885s
  1059   859 1327.71753  109  561  709.00000 1529.60001   116%   829  892s
  1061   860 1328.10515  110  575  709.00000 1529.60001   116%   830  895s
  1064   862 1411.59640  112  581  709.00000 1529.60001   116%   831  900s
H 1067   825                     710.0000000 1529.60001   115%   832  906s
H 1067   791                     711.0000000 1529.60001   115%   832  906s
  1071   796 1334.89570  115  565  711.00000 1529.60001   115%   838  911s
  1074   798 1404.75762  117  583  711.00000 1529.60001   115%   839  917s
  1076   799 1402.57625  118  590  711.00000 1529.60001   115%   840  920s
  1079   801 1303.24060  119  559  711.00000 1529.60001   115%   845  960s
  1083   804 1303.36145  121  569  711.00000 1529.60001   115%   848  965s
  1087   806 1266.65720  123  544  711.00000 1529.60001   115%   851  971s
  1091   809 1334.16287  125  569  711.00000 1529.60001   115%   855  976s
  1095   812 1307.68848  127  559  711.00000 1529.60001   115%   858  980s
  1101   816 1324.36473  130  553  711.00000 1529.60001   115%   863  986s
  1105   818 1247.74403  132  524  711.00000 1529.60001   115%   866  992s
  1107   820 1259.73101  133  562  711.00000 1529.60001   115%   867  995s
  1111   822 1289.59934  135  564  711.00000 1529.60001   115%   872 1001s
  1115   825 1261.51496  137  567  711.00000 1529.60001   115%   875 1007s
  1118   827 1355.55575  139  576  711.00000 1529.60001   115%   876 1010s
  1121   829 1268.16826  140  547  711.00000 1529.60001   115%   881 1015s
  1125   832 1277.87593  142  551  711.00000 1529.60001   115%   883 1020s
  1131   836 1264.83278  145  542  711.00000 1529.60001   115%   886 1025s
  1137   840 1258.37619  148  543  711.00000 1529.60001   115%   891 1030s
  1143   844 1269.82876  151  551  711.00000 1529.60001   115%   895 1035s
  1147   846 1252.07203  153  550  711.00000 1529.60001   115%   899 1040s
  1151   849 1259.69142  155  533  711.00000 1529.60001   115%   901 1045s
  1155   852 1258.73434  157  541  711.00000 1529.60001   115%   903 1050s
  1159   854 1229.25694  159  530  711.00000 1529.60001   115%   905 1055s
  1165   858 1227.68245  162  530  711.00000 1529.60001   115%   909 1061s
  1169   861 1196.43947  164  517  711.00000 1529.60001   115%   911 1066s
  1171   862 1273.79820  165  534  711.00000 1529.60001   115%   911 1072s
  1174   864 1308.19334  167  555  711.00000 1529.60001   115%   911 1075s
  1178   867 1305.09694  169  541  711.00000 1529.60001   115%   913 1080s
  1182   870 1303.06665  171  541  711.00000 1529.60001   115%   917 1085s
  1186   872 1296.26061  173  535  711.00000 1529.60001   115%   920 1090s
  1191   876 1217.90904  175  510  711.00000 1529.60001   115%   924 1095s
  1197   880 1218.71722  178  527  711.00000 1529.60001   115%   927 1100s
  1203   884 1179.15275  181  514  711.00000 1529.60001   115%   932 1106s
  1207   886 1209.77595  183  522  711.00000 1529.60001   115%   933 1110s
  1211   889 1170.62517  185  522  711.00000 1529.60001   115%   935 1115s
  1215   892 1176.53366  187  518  711.00000 1529.60001   115%   937 1120s
  1221   896 1186.56177  190  520  711.00000 1529.60001   115%   939 1126s
  1225   898 1185.47022  192  509  711.00000 1529.60001   115%   940 1131s
  1229   901 1198.37342  194  512  711.00000 1529.60001   115%   941 1135s
  1233   904 1176.31733  196  515  711.00000 1529.60001   115%   943 1140s
  1238   907 1261.02962  199  516  711.00000 1529.60001   115%   944 1145s
  1243   910 1176.33109  201  491  711.00000 1529.60001   115%   947 1151s
  1247   913 1189.06115  203  510  711.00000 1529.60001   115%   948 1155s
  1253   917 1170.33215  206  505  711.00000 1529.60001   115%   950 1161s
  1259   921 1164.07925  209  506  711.00000 1529.60001   115%   952 1165s
  1267   926 1165.62224  213  501  711.00000 1529.60001   115%   955 1170s
  1272   930 1234.97565  216  514  711.00000 1529.60001   115%   956 1175s
  1275   932 1182.41388  217  502  711.00000 1529.60001   115%   957 1189s
  1276   932 1231.68522  218  509  711.00000 1529.60001   115%   956 1190s
  1281   936 1161.15890  220  500  711.00000 1529.60001   115%   959 1195s
  1286   939 1223.56374  223  514  711.00000 1529.60001   115%   960 1200s
  1291   942 1151.50042  225  487  711.00000 1529.60001   115%   962 1205s
  1297   946 1117.47345  228  489  711.00000 1529.60001   115%   964 1211s
  1303   950 1120.02234  231  479  711.00000 1529.60001   115%   965 1215s
  1308   954 1208.93853  234  503  711.00000 1529.60001   115%   966 1220s
  1313   957 1090.09683  236  465  711.00000 1529.60001   115%   968 1225s
  1318   960 1199.63802  239  495  711.00000 1529.60001   115%   969 1230s
  1323   964 1091.33004  241  474  711.00000 1529.60001   115%   971 1235s
  1329   968 1084.91683  244  470  711.00000 1529.60001   115%   972 1241s
  1334   971 1196.49370  247  493  711.00000 1529.60001   115%   972 1245s
  1341   976 1121.87197  250  482  711.00000 1529.60001   115%   975 1250s
  1349   981 1092.46663  254  471  711.00000 1529.60001   115%   976 1255s
  1353   984 1108.34484  256  475  711.00000 1529.60001   115%   977 1270s
  1359   988 1090.71692  259  478  711.00000 1529.60001   115%   978 1275s
  1365   992 1098.16729  262  455  711.00000 1529.60001   115%   978 1280s
  1371   996 1096.65949  265  470  711.00000 1529.60001   115%   979 1286s
  1375   998 1101.31470  267  464  711.00000 1529.60001   115%   980 1290s
  1381  1002 1090.48362  270  463  711.00000 1529.60001   115%   981 1295s
  1387  1006 1083.20019  273  469  711.00000 1529.60001   115%   982 1300s
  1393  1010 1047.93429  276  464  711.00000 1529.60001   115%   983 1305s
  1399  1014 1073.59586  279  448  711.00000 1529.60001   115%   983 1310s
  1405  1018 1058.42692  282  465  711.00000 1529.60001   115%   984 1315s
  1413  1024 1067.06215  286  449  711.00000 1529.60001   115%   985 1320s
  1419  1028 1068.77252  289  441  711.00000 1529.60001   115%   986 1325s
  1425  1032 1064.50910  292  435  711.00000 1529.60001   115%   986 1330s
  1433  1037 1027.08786  296  434  711.00000 1529.60001   115%   987 1335s
  1440  1042 1112.15931  300  461  711.00000 1529.60001   115%   987 1340s
  1447  1046 1011.19934  303  444  711.00000 1529.60001   115%   988 1346s
  1453  1050 1023.56765  306  440  711.00000 1529.60001   115%   988 1350s
  1460  1055 1102.27612  310  452  711.00000 1529.60001   115%   990 1355s
  1467  1060 1036.47935  313  441  711.00000 1529.60001   115%   991 1360s
  1474  1064 1090.89624  317  434  711.00000 1529.60001   115%   991 1365s
  1480  1068 1087.85885  320  435  711.00000 1529.60001   115%   991 1370s
  1487  1073 1022.39445  323  431  711.00000 1529.60001   115%   992 1375s
  1493  1077  988.26828  326  425  711.00000 1529.60001   115%   992 1380s
  1503  1084 1011.14788  331  426  711.00000 1529.60001   115%   992 1385s
  1511  1089  983.45610  335  429  711.00000 1529.60001   115%   993 1391s
  1517  1093 1004.76804  338  415  711.00000 1529.60001   115%   993 1395s
  1525  1098  961.93526  342  426  711.00000 1529.60001   115%   993 1400s
  1531  1102  968.53015  345  423  711.00000 1529.60001   115%   993 1405s
  1539  1108  967.56378  349  404  711.00000 1529.60001   115%   993 1410s
  1547  1113  962.98669  353  417  711.00000 1529.60001   115%   993 1415s
  1557  1120  973.40862  358  410  711.00000 1529.60001   115%   993 1420s
  1565  1125  957.31863  362  399  711.00000 1529.60001   115%   993 1425s
  1573  1130  948.10559  366  411  711.00000 1529.60001   115%   993 1430s
  1581  1136  929.72179  370  401  711.00000 1529.60001   115%   993 1435s
  1590  1142 1010.42947  375  401  711.00000 1529.60001   115%   992 1440s
  1603  1150  932.59754  381  368  711.00000 1529.60001   115%   992 1445s
  1616  1159  983.26709  388  385  711.00000 1529.60001   115%   990 1450s
  1626  1166  977.11889  393  395  711.00000 1529.60001   115%   990 1455s
  1635  1172  888.99752  397  392  711.00000 1529.60001   115%   990 1460s
  1644  1178  964.43156  402  394  711.00000 1529.60001   115%   989 1465s
  1653  1184  904.03059  406  376  711.00000 1529.60001   115%   989 1470s
  1662  1190  951.64842  411  385  711.00000 1529.60001   115%   988 1475s
  1671  1196  868.79258  415  358  711.00000 1529.60001   115%   988 1480s
  1681  1202  831.35501  420  360  711.00000 1529.60001   115%   987 1485s
  1692  1210  924.44277  426  371  711.00000 1529.60001   115%   985 1490s
  1707  1220  846.98446  433  351  711.00000 1529.60001   115%   984 1495s
  1723  1230  788.26483  441  335  711.00000 1529.60001   115%   983 1500s
  1737  1240  780.67479  448  349  711.00000 1529.60001   115%   981 1505s
  1746  1246  883.57933  453  359  711.00000 1529.60001   115%   980 1510s
  1759  1254  804.91309  459  334  711.00000 1529.60001   115%   979 1515s
  1771  1262  812.39587  465  334  711.00000 1529.60001   115%   977 1520s
  1782  1270  851.85695  471  340  711.00000 1529.60001   115%   975 1525s
  1794  1278  842.90068  477  323  711.00000 1529.60001   115%   973 1530s
  1807  1286  800.14121  483  315  711.00000 1529.60001   115%   971 1535s
  1825  1298  749.46327  492  310  711.00000 1529.60001   115%   968 1540s
  1845  1310  751.11109  502  314  711.00000 1529.60001   115%   965 1545s
  1867  1316  716.26393  513  292  711.00000 1529.60001   115%   960 1550s
  1891  1315     cutoff  525       711.00000 1529.60001   115%   953 1555s
  1925  1305 1525.85358   13  618  711.00000 1529.57717   115%   940 1560s
  1929  1308 1402.12466   15  534  711.00000 1529.57717   115%   942 1566s
  1933  1310 1450.35613   17  549  711.00000 1529.57717   115%   943 1571s
  1937  1313 1406.96392   19  540  711.00000 1529.57717   115%   944 1576s
  1941  1316 1426.98762   21  544  711.00000 1529.57717   115%   945 1581s
  1945  1318 1428.11128   23  547  711.00000 1529.57717   115%   946 1586s
  1947  1320 1406.71561   24  536  711.00000 1529.57717   115%   947 1591s
  1951  1322 1374.02111   26  528  711.00000 1529.57717   115%   948 1596s
  1955  1325 1411.54179   28  548  711.00000 1529.57717   115%   949 1601s
  1959  1328 1395.19940   30  530  711.00000 1529.57717   115%   949 1605s
  1965  1332 1394.45621   33  538  711.00000 1529.57717   115%   951 1611s
  1971  1336 1389.05982   36  563  711.00000 1529.57717   115%   952 1616s
  1975  1338 1367.87486   38  545  711.00000 1529.57717   115%   954 1696s
  1979  1341 1365.47169   40  542  711.00000 1529.57717   115%   955 1701s
  1982  1343 1450.17196   42  602  711.00000 1529.57717   115%   955 1705s
  1985  1345 1340.30508   43  529  711.00000 1529.57717   115%   957 1710s
  1990  1348 1436.31722   46  604  711.00000 1529.57717   115%   957 1715s
  1996  1352 1429.64705   49  603  711.00000 1529.57717   115%   959 1720s
  2001  1356 1326.92821   51  528  711.00000 1529.57717   115%   962 1725s
  2007  1360 1385.55566   54  554  711.00000 1529.57717   115%   963 1730s
  2011  1362 1337.81091   56  519  711.00000 1529.57717   115%   964 1735s
  2015  1365 1319.79628   58  507  711.00000 1529.57717   115%   965 1740s
  2019  1368 1286.40928   60  500  711.00000 1529.57717   115%   966 1746s
  2023  1370 1310.10590   62  513  711.00000 1529.57717   115%   967 1751s
  2027  1373 1294.94962   64  522  711.00000 1529.57717   115%   968 1756s
  2031  1376 1305.52662   66  517  711.00000 1529.57717   115%   969 1761s
  2035  1378 1280.74536   68  511  711.00000 1529.57717   115%   970 1766s
  2039  1381 1318.56731   70  532  711.00000 1529.57717   115%   971 1771s
  2043  1384 1288.37554   72  520  711.00000 1529.57717   115%   972 1776s
  2047  1386 1290.48190   74  504  711.00000 1529.57717   115%   973 1781s
  2051  1389 1264.67868   76  510  711.00000 1529.57717   115%   974 1786s
  2055  1392 1249.72017   78  508  711.00000 1529.57717   115%   975 1790s
  2061  1396 1245.11422   81  476  711.00000 1529.57717   115%   976 1795s
  2066  1399 1354.37330   84  577  711.00000 1529.57717   115%   977 1800s

Cutting planes:
  Gomory: 7

Explored 2067 nodes (2029433 simplex iterations) in 1800.01 seconds (1846.56 work units)
Thread count was 1 (of 12 available processors)

Solution count 10: 711 710 709 ... 673

Time limit reached
Best objective 7.110000000000e+02, best bound 1.529000000000e+03, gap 115.0492%
