
Gurobi 12.0.2 (linux64, C++) logging started Thu Jun 19 08:00:22 2025

Set parameter LogFile to value "log/instances/scenario1/fully_correlated_sc1/800/kpfs_3.txt.log"

Gurobi 12.0.2 (linux64, C++) logging started Thu Jun 19 08:01:44 2025

Set parameter LogFile to value "log/instances/scenario1/fully_correlated_sc1/800/kpfs_3.txt.log"

Gurobi 12.0.2 (linux64, C++) logging started Thu Jun 19 08:02:56 2025

Set parameter LogFile to value "log/instances/scenario1/fully_correlated_sc1/800/kpfs_3.txt.log"

Gurobi 12.0.2 (linux64, C++) logging started Fri Jun 20 05:07:27 2025

Set parameter WLSAccessID
Set parameter WLSSecret
Set parameter LicenseID to value 2679381
Set parameter LogFile to value "log/instances/scenario1/fully_correlated_sc1/800/kpfs_3.txt.log"
Academic license 2679381 - for non-commercial use only - registered to be___@poli.ufrj.br
Set parameter TimeLimit to value 1800
Set parameter Threads to value 1
Gurobi Optimizer version 12.0.2 build v12.0.2rc0 (linux64 - "Ubuntu 24.04.1 LTS")

CPU model: 13th Gen Intel(R) Core(TM) i7-1355U, instruction set [SSE2|AVX|AVX2]
Thread count: 6 physical cores, 12 logical processors, using up to 1 threads

Non-default parameters:
TimeLimit  1800
Threads  1

Academic license 2679381 - for non-commercial use only - registered to be___@poli.ufrj.br
Optimize a model with 4002 rows, 4800 columns and 44065 nonzeros
Model fingerprint: 0xb02d3bc5
Variable types: 0 continuous, 4800 integer (800 binary)
Coefficient statistics:
  Matrix range     [1e+00, 3e+01]
  Objective range  [3e+00, 4e+01]
  Bounds range     [1e+00, 2e+01]
  RHS range        [1e+00, 1e+03]
Found heuristic solution: objective 300.0000000
Presolve removed 1 rows and 295 columns
Presolve time: 0.35s
Presolved: 4001 rows, 4505 columns, 43473 nonzeros
Variable types: 0 continuous, 4505 integer (800 binary)

Root simplex log...

Iteration    Objective       Primal Inf.    Dual Inf.      Time
    3578    1.8929356e+03   3.831697e+03   0.000000e+00      5s
    5758    1.7793227e+03   9.949620e+02   0.000000e+00     10s
    8458    1.6690972e+03   1.069795e+03   0.000000e+00     15s
   10358    1.6432271e+03   0.000000e+00   0.000000e+00     18s

Root relaxation: objective 1.643227e+03, 10358 iterations, 18.05 seconds (7.65 work units)

    Nodes    |    Current Node    |     Objective Bounds      |     Work
 Expl Unexpl |  Obj  Depth IntInf | Incumbent    BestBd   Gap | It/Node Time

     0     0 1643.22713    0  623  300.00000 1643.22713   448%     -   18s
H    0     0                     304.0000000 1643.22713   441%     -   18s
H    0     0                     333.0000000 1643.22713   393%     -   19s
H    0     0                     433.0000000 1643.22713   279%     -   19s
H    0     0                     437.0000000 1643.22713   276%     -   19s
H    0     0                     459.0000000 1643.22713   258%     -   19s
H    0     0                     466.0000000 1643.22713   253%     -   20s
H    0     0                     500.0000000 1643.22713   229%     -   20s
H    0     0                     506.0000000 1643.22713   225%     -   22s
H    0     0                     513.0000000 1643.22713   220%     -   22s
H    0     0                     535.0000000 1643.22713   207%     -   23s
H    0     0                     536.0000000 1643.22713   207%     -   28s
H    0     0                     539.0000000 1643.22713   205%     -   29s
H    0     0                     540.0000000 1643.22713   204%     -   29s
H    0     0                     633.0000000 1643.22713   160%     -   31s
H    0     0                     641.0000000 1643.22713   156%     -   31s
H    0     0                     649.0000000 1643.22713   153%     -   31s
     0     0 1642.17674    0  622  649.00000 1642.17674   153%     -   38s
     0     0 1641.97720    0  623  649.00000 1641.97720   153%     -   76s
     0     0 1641.93949    0  628  649.00000 1641.93949   153%     -   76s
     0     0 1641.93134    0  628  649.00000 1641.93134   153%     -   76s
     0     0 1641.58601    0  626  649.00000 1641.58601   153%     -   91s
     0     0 1641.57807    0  626  649.00000 1641.57807   153%     -  120s
H    0     0                     674.0000000 1641.57208   144%     -  125s
     0     2 1641.57208    0  626  674.00000 1641.57208   144%     -  125s
     2     4 1575.95885    1  587  674.00000 1639.68805   143%  1561  130s
     4     6 1586.20489    2  624  674.00000 1633.10916   142%  1576  135s
     6     8 1532.99506    3  588  674.00000 1629.33283   142%  1672  143s
     8    10 1575.43435    4  623  674.00000 1624.32316   141%  1632  148s
    10    12 1617.61617    6  642  674.00000 1624.30577   141%  1429  151s
    11    13 1549.27539    6  608  674.00000 1624.30577   141%  1722  156s
    13    15 1527.01882    7  611  674.00000 1624.30577   141%  1908  164s
    15    17 1499.53583    8  576  674.00000 1624.30577   141%  1895  170s
    17    19 1497.25451    9  582  674.00000 1624.30577   141%  1918  177s
    19    21 1499.57712   10  574  674.00000 1624.30577   141%  2026  182s
    21    23 1493.46664   11  574  674.00000 1624.30577   141%  2011  189s
    22    24 1607.39221   12  640  674.00000 1624.30577   141%  1935  190s
    24    26 1495.50338   13  589  674.00000 1624.30577   141%  1936  195s
H   26    26                     677.0000000 1624.30577   140%  1818  196s
H   26    26                     686.0000000 1624.30577   137%  1818  196s
H   26    26                     688.0000000 1624.30577   136%  1818  196s
    29    31 1506.42176   17  589  688.00000 1624.30577   136%  1851  202s
    32    34 1499.67731   19  605  688.00000 1624.30577   136%  1805  208s
    34    36 1590.48205   21  634  688.00000 1624.30577   136%  1727  210s
    38    40 1509.13786   24  593  688.00000 1624.30577   136%  1649  215s
    41    43 1504.58275   26  593  688.00000 1624.30577   136%  1661  220s
    45    47 1496.60440   29  586  688.00000 1624.30577   136%  1599  225s
    49    51 1491.94523   32  589  688.00000 1624.30577   136%  1545  230s
H   52    52                     690.0000000 1624.30577   135%  1471  232s
H   52    52                     691.0000000 1624.30577   135%  1471  232s
    54    56 1486.55673   36  574  691.00000 1624.30577   135%  1513  236s
    64    66 1564.18988   46  605  691.00000 1624.30577   135%  1318  240s
    75    77 1461.05267   56  565  691.00000 1624.30577   135%  1201  246s
H   78    78                     718.0000000 1624.30577   126%  1165  246s
H   78    78                     719.0000000 1624.30577   126%  1165  246s
    80    82 1467.64977   60  557  719.00000 1624.30577   126%  1178  250s
    83    85 1546.83007   62  590  719.00000 1624.30577   126%  1186  255s
    99   101 1532.59619   78  576  719.00000 1624.30577   126%  1038  260s
   104   106 1529.24065   82  571  719.00000 1624.30577   126%  1044  265s
   126   128 1510.75539  104  555  719.00000 1624.30577   126%   905  270s
   138   140 1502.83755  115  543  719.00000 1624.30577   126%   871  275s
   153   155 1422.41130  129  522  719.00000 1624.30577   126%   828  280s
H  156   156                     726.0000000 1624.30577   124%   815  283s
   162   164 1402.73724  136  530  726.00000 1624.30577   124%   842  286s
   169   171 1481.16635  142  515  726.00000 1624.30577   124%   839  290s
   173   175 1390.78431  145  514  726.00000 1624.30577   124%   850  295s
   182   184 1400.00514  153  517  726.00000 1624.30577   124%   838  301s
   189   191 1458.30192  160  504  726.00000 1624.30577   124%   818  305s
   198   200 1367.43097  167  496  726.00000 1624.30577   124%   824  312s
   203   205 1352.28383  171  480  726.00000 1624.30577   124%   829  316s
   205   207 1349.81800  172  503  726.00000 1624.30577   124%   845  320s
H  208   208                     735.0000000 1624.30577   121%   836  324s
H  208   208                     745.0000000 1624.30577   118%   836  325s
   219   221 1357.12274  184  500  745.00000 1624.30577   118%   843  330s
   225   227 1367.76714  188  496  745.00000 1624.30577   118%   860  337s
   227   229 1358.11691  189  502  745.00000 1624.30577   118%   872  340s
   241   243 1421.90962  202  491  745.00000 1624.30577   118%   838  345s
   251   253 1339.58713  210  459  745.00000 1624.30577   118%   826  350s
   264   266 1339.39389  221  452  745.00000 1624.30577   118%   807  355s
   287   289 1331.21686  242  461  745.00000 1624.30577   118%   770  360s
   297   299 1375.32902  250  455  745.00000 1624.30577   118%   763  365s
   308   310 1301.10710  258  462  745.00000 1624.30577   118%   758  370s
   312   314 1362.16666  261  454  745.00000 1624.30577   118%   757  382s
   318   320 1355.43534  266  449  745.00000 1624.30577   118%   751  385s
   333   335 1267.20733  279  433  745.00000 1624.30577   118%   736  390s
   338   340 1337.47298  282  431  745.00000 1624.30577   118%   736  398s
   342   344 1332.09770  285  437  745.00000 1624.30577   118%   734  400s
   353   355 1222.67632  293  407  745.00000 1624.30577   118%   729  405s
   362   364 1220.94547  299  416  745.00000 1624.30577   118%   729  410s
   376   378 1224.33569  310  417  745.00000 1624.30577   118%   721  415s
   406   408 1265.04611  337  405  745.00000 1624.30577   118%   690  420s
   424   426 1239.67540  351  385  745.00000 1624.30577   118%   680  425s
   452   454 1151.03771  374  385  745.00000 1624.30577   118%   661  430s
   490   492 1122.19209  408  357  745.00000 1624.30577   118%   628  435s
   519   521 1062.20802  432  345  745.00000 1624.30577   118%   611  440s
   542   544 1134.23771  452  328  745.00000 1624.30577   118%   593  461s
   568   570 1112.08975  475  312  745.00000 1624.30577   118%   576  465s
   591   593 1087.36826  494  299  745.00000 1624.30577   118%   564  471s
   640   642 1020.60871  536  276  745.00000 1624.30577   118%   535  475s
   706   708  909.25834  587  247  745.00000 1624.30577   118%   505  480s
   846   836  756.34032  691  155  745.00000 1624.30577   118%   444  485s
   852   835 1339.52343  211  626  745.00000 1608.10973   116%   445  524s
   854   836 1121.95286  465  623  745.00000 1608.10973   116%   444  551s
   855   837 1010.29829  549  622  745.00000 1608.10973   116%   444  579s
   857   838 1137.94911  399  623  745.00000 1608.10973   116%   442  580s
   862   844 1608.10973   15  631  745.00000 1608.10973   116%   454  585s
   864   845 1608.10973   16  631  745.00000 1608.10973   116%   457  590s
   866   846 1608.10973   17  641  745.00000 1608.10973   116%   460  596s
   868   848 1608.10973   18  640  745.00000 1608.10973   116%   462  600s
   869   848 1526.85348   18  586  745.00000 1608.10973   116%   465  605s
   871   850 1504.07380   19  583  745.00000 1608.10973   116%   472  612s
   873   851 1529.13766   20  608  745.00000 1608.10973   116%   478  619s
   874   852 1608.10973   21  641  745.00000 1608.10973   116%   478  621s
   876   853 1608.10973   22  637  745.00000 1608.10973   116%   481  626s
   877   854 1515.62974   22  599  745.00000 1608.10973   116%   484  630s
   879   855 1519.04115   23  588  745.00000 1608.10973   116%   490  637s
   881   856 1548.04327   24  626  745.00000 1603.72152   115%   492  643s
   882   857 1597.29663   25  642  745.00000 1603.72152   115%   493  645s
   884   858 1595.17100   26  655  745.00000 1597.26687   114%   495  651s
   885   859 1504.89420   26  593  745.00000 1595.15514   114%   498  655s
   887   860 1478.16021   27  598  745.00000 1592.57730   114%   505  661s
   889   862 1532.40055   28  593  745.00000 1589.60612   113%   507  665s
   891   863 1488.22917   29  598  745.00000 1589.60612   113%   510  672s
   893   864 1512.84478   30  604  745.00000 1589.60612   113%   512  679s
   894   865 1580.65277   31  622  745.00000 1589.60612   113%   513  680s
   895   866 1510.18432   31  606  745.00000 1589.60612   113%   518  686s
   897   867 1507.69796   32  620  745.00000 1589.60612   113%   520  692s
   899   868 1498.83015   33  589  745.00000 1589.60612   113%   523  699s
   900   869 1572.46677   34  636  745.00000 1589.60612   113%   523  701s
   901   870 1499.02883   34  610  745.00000 1589.60612   113%   528  706s
   903   871 1480.65024   35  599  745.00000 1589.60612   113%   531  713s
   905   872 1494.30861   36  610  745.00000 1589.60612   113%   533  720s
   907   874 1498.29148   37  594  745.00000 1589.60612   113%   535  725s
   909   875 1474.41331   38  588  745.00000 1589.60612   113%   540  731s
   911   876 1469.63369   39  589  745.00000 1589.60612   113%   542  738s
   913   878 1462.57521   40  575  745.00000 1589.60612   113%   545  744s
   914   878 1559.46928   41  620  745.00000 1589.60612   113%   545  745s
   916   880 1555.88624   42  615  745.00000 1589.60612   113%   550  750s
   918   881 1552.82462   43  612  745.00000 1589.60612   113%   552  755s
   920   882 1550.88394   44  608  745.00000 1589.60612   113%   555  761s
   921   883 1450.56241   44  587  745.00000 1589.60612   113%   558  765s
   923   884 1434.31178   45  573  745.00000 1589.60612   113%   563  772s
   925   886 1513.43895   46  615  745.00000 1589.60612   113%   564  776s
   927   887 1467.96698   47  599  745.00000 1589.60612   113%   567  781s
   929   888 1464.40767   48  597  745.00000 1589.60612   113%   569  788s
   931   890 1452.72627   49  583  745.00000 1589.60612   113%   574  794s
   932   890 1539.38163   50  603  745.00000 1589.60612   113%   574  795s
   935   892 1458.50671   51  601  745.00000 1589.60612   113%   578  802s
   937   894 1427.40842   52  568  745.00000 1589.60612   113%   583  806s
   939   895 1419.23425   53  580  745.00000 1589.60612   113%   586  811s
   940   896 1531.01968   54  602  745.00000 1589.60612   113%   586  820s
   942   897 1528.59140   55  604  745.00000 1589.60612   113%   588  825s
   944   898 1526.42154   56  596  745.00000 1589.60612   113%   591  831s
   945   899 1445.75793   56  562  745.00000 1589.60612   113%   595  835s
   947   900 1461.16278   57  597  745.00000 1589.60612   113%   597  840s
   949   902 1415.32324   58  575  745.00000 1589.60612   113%   600  847s
   951   903 1423.44926   59  592  745.00000 1589.60612   113%   602  852s
   953   904 1451.51561   60  582  745.00000 1589.60612   113%   607  857s
   955   906 1411.59603   61  570  745.00000 1589.60612   113%   609  862s
   957   907 1433.78714   62  588  745.00000 1589.60612   113%   611  867s
   959   908 1428.11612   63  599  745.00000 1589.60612   113%   616  873s
   960   909 1507.25454   64  599  745.00000 1589.60612   113%   616  875s
   962   910 1502.54844   65  607  745.00000 1589.60612   113%   618  880s
   965   912 1416.92259   66  581  745.00000 1589.60612   113%   622  886s
   967   914 1428.22678   67  579  745.00000 1589.60612   113%   626  890s
   969   915 1415.29362   68  577  745.00000 1589.60612   113%   628  897s
   971   916 1436.55789   69  592  745.00000 1589.60612   113%   630  902s
   973   918 1414.03533   70  578  745.00000 1589.60612   113%   632  907s
   975   919 1387.85023   71  562  745.00000 1589.60612   113%   637  913s
   977   920 1406.61096   72  572  745.00000 1589.60612   113%   639  919s
   978   921 1484.46531   73  592  745.00000 1589.60612   113%   638  920s
   981   923 1376.64875   74  563  745.00000 1589.60612   113%   643  927s
   983   924 1410.64556   75  581  745.00000 1589.60612   113%   647  933s
   984   925 1477.17452   76  608  745.00000 1589.60612   113%   647  935s
   986   926 1476.03070   77  599  745.00000 1589.60612   113%   648  949s
   987   927 1401.24335   77  579  745.00000 1589.60612   113%   651  953s
   989   928 1402.56836   78  575  745.00000 1589.60612   113%   652  958s
   991   930 1406.16119   79  580  745.00000 1589.60612   113%   656  964s
   992   930 1471.20222   80  592  745.00000 1589.60612   113%   656  966s
   993   931 1387.39295   80  584  745.00000 1589.60612   113%   658  970s
   997   934 1381.22922   82  576  745.00000 1589.60612   113%   663  979s
   998   934 1464.34664   83  601  745.00000 1589.60612   113%   663  980s
  1001   936 1382.14518   84  580  745.00000 1589.60612   113%   666  986s
  1003   938 1389.33775   85  590  745.00000 1589.60612   113%   668  990s
  1005   939 1355.22652   86  566  745.00000 1589.60612   113%   670  996s
  1007   940 1380.52945   87  587  745.00000 1589.60612   113%   673 1001s
  1009   942 1380.43242   88  589  745.00000 1589.60612   113%   675 1007s
  1011   943 1375.41012   89  565  745.00000 1589.60612   113%   677 1011s
  1013   944 1361.25528   90  584  745.00000 1589.60612   113%   681 1016s
  1015   946 1376.27194   91  581  745.00000 1589.60612   113%   683 1021s
  1017   947 1380.90298   92  574  745.00000 1589.60612   113%   684 1026s
  1019   948 1351.82699   93  550  745.00000 1589.60612   113%   686 1031s
  1021   950 1349.54286   94  579  745.00000 1589.60612   113%   688 1035s
  1025   952 1350.53989   96  572  745.00000 1589.60612   113%   692 1042s
  1027   954 1362.63734   97  575  745.00000 1589.60612   113%   696 1047s
  1029   955 1324.64964   98  558  745.00000 1589.60612   113%   698 1051s
  1032   957 1436.93156  100  591  745.00000 1589.60612   113%   700 1055s
  1034   958 1435.15184  101  593  745.00000 1589.60612   113%   701 1060s
  1036   960 1434.17488  102  593  745.00000 1589.60612   113%   705 1066s
  1037   960 1336.78666  102  560  745.00000 1589.60612   113%   707 1070s
  1039   962 1366.17310  103  585  745.00000 1589.60612   113%   708 1075s
  1041   963 1292.85376  104  550  745.00000 1589.60612   113%   711 1081s
  1043   964 1336.94868  105  550  745.00000 1589.60612   113%   715 1085s
  1046   966 1425.53853  107  586  745.00000 1589.60612   113%   716 1091s
  1047   967 1350.27846  107  582  745.00000 1589.60612   113%   718 1095s
  1049   968 1336.74961  108  566  745.00000 1589.60612   113%   720 1101s
  1051   970 1357.64048  109  574  745.00000 1589.60612   113%   721 1106s
  1053   971 1331.21063  110  578  745.00000 1589.60612   113%   725 1112s
  1055   972 1352.57554  111  558  745.00000 1589.60612   113%   726 1116s
  1057   974 1371.26277  112  570  745.00000 1589.60612   113%   727 1120s
  1059   975 1334.02637  113  564  745.00000 1589.60612   113%   730 1126s
  1061   976 1329.98840  114  563  745.00000 1589.60612   113%   734 1130s
  1063   978 1303.12884  115  555  745.00000 1589.60612   113%   736 1135s
  1065   979 1327.93233  116  562  745.00000 1589.60612   113%   737 1141s
  1067   980 1354.35710  117  563  745.00000 1589.60612   113%   738 1146s
  1069   982 1327.17341  118  571  745.00000 1589.60612   113%   742 1150s
  1071   983 1319.68643  119  561  745.00000 1589.60612   113%   744 1155s
  1073   984 1321.45144  120  574  745.00000 1589.60612   113%   745 1161s
  1074   985 1399.77132  121  579  745.00000 1589.60612   113%   745 1170s
  1076   986 1398.01155  122  580  745.00000 1589.60612   113%   746 1175s
  1078   988 1395.84083  123  584  745.00000 1589.60612   113%   748 1180s
  1079   988 1301.96270  123  554  745.00000 1589.60612   113%   752 1185s
  1081   990 1340.06672  124  560  745.00000 1589.60612   113%   753 1190s
  1083   991 1322.00428  125  564  745.00000 1589.60612   113%   754 1195s
  1085   992 1300.40611  126  543  745.00000 1589.60612   113%   756 1200s
  1088   994 1385.61202  128  569  745.00000 1589.60612   113%   757 1205s
  1091   996 1294.35526  129  556  745.00000 1589.60612   113%   762 1211s
  1094   998 1379.52599  131  580  745.00000 1589.60612   113%   763 1215s
  1095   999 1303.55443  131  553  745.00000 1589.60612   113%   765 1221s
  1097  1000 1280.87092  132  537  745.00000 1589.60612   113%   767 1280s
  1099  1002 1310.35441  133  553  745.00000 1589.60612   113%   770 1285s
  1101  1003 1288.15299  134  549  745.00000 1589.60612   113%   771 1290s
  1104  1005 1371.14321  136  580  745.00000 1589.60612   113%   772 1295s
  1107  1007 1308.81421  137  553  745.00000 1589.60612   113%   777 1303s
  1109  1008 1288.34680  138  541  745.00000 1589.60612   113%   778 1307s
  1111  1010 1290.35480  139  547  745.00000 1589.60612   113%   780 1311s
  1113  1011 1240.98177  140  532  745.00000 1589.60612   113%   781 1316s
  1115  1012 1285.00703  141  546  745.00000 1589.60612   113%   784 1321s
  1117  1014 1295.65414  142  537  745.00000 1589.60612   113%   785 1325s
  1119  1015 1262.50463  143  539  745.00000 1589.60612   113%   787 1330s
  1121  1016 1249.67386  144  513  745.00000 1589.60612   113%   788 1335s
  1124  1018 1353.50002  146  561  745.00000 1589.60612   113%   790 1340s
  1126  1020 1351.84805  147  569  745.00000 1589.60612   113%   792 1345s
  1129  1022 1294.68493  148  535  745.00000 1589.60612   113%   795 1351s
  1131  1023 1284.52107  149  548  745.00000 1589.60612   113%   796 1356s
  1133  1024 1252.05808  150  524  745.00000 1589.60612   113%   797 1360s
  1135  1026 1273.46954  151  545  745.00000 1589.60612   113%   800 1365s
  1139  1028 1284.44025  153  539  745.00000 1589.60612   113%   802 1370s
  1143  1031 1246.05472  155  553  745.00000 1589.60612   113%   805 1377s
  1145  1032 1220.86728  156  530  745.00000 1589.60612   113%   809 1383s
  1147  1034 1268.07454  157  543  745.00000 1589.60612   113%   809 1387s
  1149  1035 1253.18631  158  552  745.00000 1589.60612   113%   811 1390s
  1153  1038 1224.04991  160  534  745.00000 1589.60612   113%   813 1398s
  1155  1039 1264.59962  161  521  745.00000 1589.60612   113%   814 1402s
  1157  1040 1220.99125  162  532  745.00000 1589.60612   113%   816 1407s
  1159  1042 1250.73361  163  538  745.00000 1589.60612   113%   819 1412s
  1161  1043 1243.01091  164  533  745.00000 1589.60612   113%   820 1416s
  1163  1044 1244.55559  165  552  745.00000 1589.60612   113%   821 1420s
  1165  1046 1226.99952  166  528  745.00000 1589.60612   113%   824 1425s
  1168  1048 1310.38832  168  554  745.00000 1589.60612   113%   824 1430s
  1170  1049 1309.35597  169  556  745.00000 1589.60612   113%   825 1435s
  1173  1051 1202.57176  170  512  745.00000 1589.60612   113%   829 1448s
  1175  1052 1230.18310  171  542  745.00000 1589.60612   113%   832 1451s
  1178  1054 1301.78161  173  546  745.00000 1589.60612   113%   832 1455s
  1183  1058 1208.93035  175  522  745.00000 1589.60612   113%   836 1462s
  1185  1059 1221.54620  176  524  745.00000 1589.60612   113%   836 1465s
  1188  1061 1292.21972  178  544  745.00000 1589.60612   113%   837 1470s
  1190  1062 1290.97405  179  548  745.00000 1589.60612   113%   840 1475s
  1193  1064 1197.28666  180  507  745.00000 1589.60612   113%   842 1481s
  1195  1066 1180.94657  181  525  745.00000 1589.60612   113%   843 1486s
  1197  1067 1163.25280  182  530  745.00000 1589.60612   113%   844 1491s
  1199  1068 1206.00568  183  520  745.00000 1589.60612   113%   847 1496s
  1201  1070 1201.31697  184  527  745.00000 1589.60612   113%   848 1500s
  1203  1071 1194.04618  185  522  745.00000 1589.60612   113%   849 1505s
  1207  1074 1174.12958  187  519  745.00000 1589.60612   113%   852 1513s
  1209  1075 1200.15136  188  528  745.00000 1589.60612   113%   855 1517s
  1212  1077 1275.67113  190  541  745.00000 1589.60612   113%   855 1520s
  1214  1078 1273.31345  191  541  745.00000 1589.60612   113%   856 1525s
  1217  1080 1176.26702  192  514  745.00000 1589.60612   113%   859 1532s
  1219  1082 1197.97165  193  524  745.00000 1589.60612   113%   862 1536s
  1221  1083 1181.20161  194  518  745.00000 1589.60612   113%   862 1540s
  1224  1085 1265.04243  196  531  745.00000 1589.60612   113%   863 1546s
  1226  1086 1263.42389  197  533  745.00000 1589.60612   113%   864 1550s
  1228  1088 1261.45664  198  536  745.00000 1589.60612   113%   866 1555s
  1231  1090 1173.76724  199  510  745.00000 1589.60612   113%   868 1562s
  1234  1092 1258.62864  201  532  745.00000 1589.60612   113%   868 1565s
  1237  1094 1196.67143  202  514  745.00000 1589.60612   113%   870 1570s
  1241  1096 1155.62476  204  506  745.00000 1589.60612   113%   874 1576s
  1244  1098 1251.86975  206  532  745.00000 1589.60612   113%   874 1580s
  1247  1100 1185.26744  207  532  745.00000 1589.60612   113%   876 1587s
  1249  1102 1166.43960  208  507  745.00000 1589.60612   113%   877 1591s
  1251  1103 1173.53650  209  514  745.00000 1589.60612   113%   878 1610s
  1254  1105 1243.60109  211  534  745.00000 1589.60612   113%   879 1615s
  1256  1106 1243.02025  212  531  745.00000 1589.60612   113%   879 1620s
  1259  1108 1165.83894  213  513  745.00000 1589.60612   113%   881 1627s
  1261  1110 1139.60385  214  494  745.00000 1589.60612   113%   882 1631s
  1265  1112 1106.25173  216  492  745.00000 1589.60612   113%   884 1638s
  1267  1114 1146.66869  217  508  745.00000 1589.60612   113%   884 1641s
  1269  1115 1152.98238  218  516  745.00000 1589.60612   113%   885 1647s
  1271  1116 1146.52465  219  512  745.00000 1589.60612   113%   886 1650s
  1274  1118 1234.88316  221  524  745.00000 1589.60612   113%   886 1655s
  1277  1120 1149.20600  222  480  745.00000 1589.60612   113%   888 1660s
  1280  1122 1231.04003  224  513  745.00000 1589.60612   113%   888 1665s
  1283  1124 1136.85559  225  497  745.00000 1589.60612   113%   890 1671s
  1286  1126 1226.71242  227  507  745.00000 1589.60612   113%   890 1675s
  1289  1128 1111.21241  228  498  745.00000 1589.60612   113%   892 1680s
  1293  1131 1142.86494  230  490  745.00000 1589.60612   113%   893 1687s
  1295  1132 1154.44721  231  509  745.00000 1589.60612   113%   894 1690s
  1299  1135 1149.48608  233  485  745.00000 1589.60612   113%   895 1696s
  1301  1136 1133.20484  234  494  745.00000 1589.60612   113%   896 1700s
  1306  1140 1206.33734  237  501  745.00000 1589.60612   113%   896 1705s
  1309  1142 1139.22073  238  492  745.00000 1589.60612   113%   898 1710s
  1313  1144 1141.52563  240  487  745.00000 1589.60612   113%   900 1715s
  1317  1147 1100.38397  242  479  745.00000 1589.60612   113%   901 1721s
  1320  1149 1197.30344  244  492  745.00000 1589.60612   113%   901 1725s
  1324  1152 1193.91795  246  488  745.00000 1589.60612   113%   902 1730s
  1327  1154 1103.86774  247  482  745.00000 1589.60612   113%   904 1736s
  1330  1156 1190.86297  249  492  745.00000 1589.60612   113%   904 1740s
  1333  1158 1117.17012  250  484  745.00000 1589.60612   113%   905 1745s
  1337  1160 1128.76292  252  483  745.00000 1589.60612   113%   911 1755s
  1341  1163 1101.19709  254  477  745.00000 1589.60612   113%   912 1761s
  1344  1165 1181.47018  256  488  745.00000 1589.60612   113%   912 1765s
  1347  1167 1107.44189  257  483  745.00000 1589.60612   113%   914 1770s
  1351  1170 1128.09475  259  475  745.00000 1589.60612   113%   914 1776s
  1353  1171 1089.35527  260  474  745.00000 1589.60612   113%   915 1800s

Cutting planes:
  Gomory: 5

Explored 1354 nodes (1249117 simplex iterations) in 1800.02 seconds (1084.65 work units)
Thread count was 1 (of 12 available processors)

Solution count 10: 745 735 726 ... 677

Time limit reached
Best objective 7.450000000000e+02, best bound 1.589000000000e+03, gap 113.2886%
